<?xml version="1.0" encoding="UTF-8"?>
<testsuite name="com.hada.pins_backend.test.InsertTestDataSet" tests="1" skipped="0" failures="0" errors="0" timestamp="2021-09-12T09:29:29" hostname="BBangi-MacBookAir.local" time="295.439">
  <properties/>
  <testcase name="insertMeetingPin()" classname="com.hada.pins_backend.test.InsertTestDataSet" time="295.439"/>
  <system-out><![CDATA[18:29:18.491 [Test worker] DEBUG org.springframework.test.context.BootstrapUtils - Instantiating CacheAwareContextLoaderDelegate from class [org.springframework.test.context.cache.DefaultCacheAwareContextLoaderDelegate]
18:29:18.498 [Test worker] DEBUG org.springframework.test.context.BootstrapUtils - Instantiating BootstrapContext using constructor [public org.springframework.test.context.support.DefaultBootstrapContext(java.lang.Class,org.springframework.test.context.CacheAwareContextLoaderDelegate)]
18:29:18.518 [Test worker] DEBUG org.springframework.test.context.BootstrapUtils - Instantiating TestContextBootstrapper for test class [com.hada.pins_backend.test.InsertTestDataSet] from class [org.springframework.boot.test.context.SpringBootTestContextBootstrapper]
18:29:18.526 [Test worker] INFO org.springframework.boot.test.context.SpringBootTestContextBootstrapper - Neither @ContextConfiguration nor @ContextHierarchy found for test class [com.hada.pins_backend.test.InsertTestDataSet], using SpringBootContextLoader
18:29:18.528 [Test worker] DEBUG org.springframework.test.context.support.AbstractContextLoader - Did not detect default resource location for test class [com.hada.pins_backend.test.InsertTestDataSet]: class path resource [com/hada/pins_backend/test/InsertTestDataSet-context.xml] does not exist
18:29:18.528 [Test worker] DEBUG org.springframework.test.context.support.AbstractContextLoader - Did not detect default resource location for test class [com.hada.pins_backend.test.InsertTestDataSet]: class path resource [com/hada/pins_backend/test/InsertTestDataSetContext.groovy] does not exist
18:29:18.529 [Test worker] INFO org.springframework.test.context.support.AbstractContextLoader - Could not detect default resource locations for test class [com.hada.pins_backend.test.InsertTestDataSet]: no resource found for suffixes {-context.xml, Context.groovy}.
18:29:18.529 [Test worker] INFO org.springframework.test.context.support.AnnotationConfigContextLoaderUtils - Could not detect default configuration classes for test class [com.hada.pins_backend.test.InsertTestDataSet]: InsertTestDataSet does not declare any static, non-private, non-final, nested classes annotated with @Configuration.
18:29:18.563 [Test worker] DEBUG org.springframework.test.context.support.ActiveProfilesUtils - Could not find an 'annotation declaring class' for annotation type [org.springframework.test.context.ActiveProfiles] and class [com.hada.pins_backend.test.InsertTestDataSet]
18:29:18.612 [Test worker] DEBUG org.springframework.context.annotation.ClassPathScanningCandidateComponentProvider - Identified candidate component class: file [/Users/bangjinhyuk/Documents/개발/Git/Pins_backend/build/classes/java/main/com/hada/pins_backend/PinsBackendApplication.class]
18:29:18.613 [Test worker] INFO org.springframework.boot.test.context.SpringBootTestContextBootstrapper - Found @SpringBootConfiguration com.hada.pins_backend.PinsBackendApplication for test class com.hada.pins_backend.test.InsertTestDataSet
18:29:18.682 [Test worker] DEBUG org.springframework.boot.test.context.SpringBootTestContextBootstrapper - @TestExecutionListeners is not present for class [com.hada.pins_backend.test.InsertTestDataSet]: using defaults.
18:29:18.683 [Test worker] INFO org.springframework.boot.test.context.SpringBootTestContextBootstrapper - Loaded default TestExecutionListener class names from location [META-INF/spring.factories]: [org.springframework.boot.test.autoconfigure.restdocs.RestDocsTestExecutionListener, org.springframework.boot.test.autoconfigure.web.client.MockRestServiceServerResetTestExecutionListener, org.springframework.boot.test.autoconfigure.web.servlet.MockMvcPrintOnlyOnFailureTestExecutionListener, org.springframework.boot.test.autoconfigure.web.servlet.WebDriverTestExecutionListener, org.springframework.boot.test.autoconfigure.webservices.client.MockWebServiceServerTestExecutionListener, org.springframework.boot.test.mock.mockito.MockitoTestExecutionListener, org.springframework.boot.test.mock.mockito.ResetMocksTestExecutionListener, org.springframework.test.context.web.ServletTestExecutionListener, org.springframework.test.context.support.DirtiesContextBeforeModesTestExecutionListener, org.springframework.test.context.event.ApplicationEventsTestExecutionListener, org.springframework.test.context.support.DependencyInjectionTestExecutionListener, org.springframework.test.context.support.DirtiesContextTestExecutionListener, org.springframework.test.context.transaction.TransactionalTestExecutionListener, org.springframework.test.context.jdbc.SqlScriptsTestExecutionListener, org.springframework.test.context.event.EventPublishingTestExecutionListener]
18:29:18.692 [Test worker] INFO org.springframework.boot.test.context.SpringBootTestContextBootstrapper - Using TestExecutionListeners: [org.springframework.test.context.web.ServletTestExecutionListener@524a3185, org.springframework.test.context.support.DirtiesContextBeforeModesTestExecutionListener@60e7e040, org.springframework.test.context.event.ApplicationEventsTestExecutionListener@5d38997, org.springframework.boot.test.mock.mockito.MockitoTestExecutionListener@4e6e23f5, org.springframework.boot.test.autoconfigure.SpringBootDependencyInjectionTestExecutionListener@4dabf5a4, org.springframework.test.context.support.DirtiesContextTestExecutionListener@1291f9b1, org.springframework.test.context.transaction.TransactionalTestExecutionListener@b174545, org.springframework.test.context.jdbc.SqlScriptsTestExecutionListener@3459ae59, org.springframework.test.context.event.EventPublishingTestExecutionListener@264d6ba3, org.springframework.boot.test.autoconfigure.restdocs.RestDocsTestExecutionListener@3b0c52aa, org.springframework.boot.test.autoconfigure.web.client.MockRestServiceServerResetTestExecutionListener@a0015e3, org.springframework.boot.test.autoconfigure.web.servlet.MockMvcPrintOnlyOnFailureTestExecutionListener@7352499c, org.springframework.boot.test.autoconfigure.web.servlet.WebDriverTestExecutionListener@3e8f3426, org.springframework.boot.test.autoconfigure.webservices.client.MockWebServiceServerTestExecutionListener@67cfa85f, org.springframework.boot.test.mock.mockito.ResetMocksTestExecutionListener@6dea1648]
18:29:18.694 [Test worker] DEBUG org.springframework.test.context.support.AbstractDirtiesContextTestExecutionListener - Before test class: context [DefaultTestContext@4fb433c1 testClass = InsertTestDataSet, testInstance = [null], testMethod = [null], testException = [null], mergedContextConfiguration = [WebMergedContextConfiguration@255680aa testClass = InsertTestDataSet, locations = '{}', classes = '{class com.hada.pins_backend.PinsBackendApplication}', contextInitializerClasses = '[]', activeProfiles = '{}', propertySourceLocations = '{}', propertySourceProperties = '{org.springframework.boot.test.context.SpringBootTestContextBootstrapper=true}', contextCustomizers = set[org.springframework.boot.test.autoconfigure.actuate.metrics.MetricsExportContextCustomizerFactory$DisableMetricExportContextCustomizer@286cb31a, org.springframework.boot.test.autoconfigure.properties.PropertyMappingContextCustomizer@0, org.springframework.boot.test.autoconfigure.web.servlet.WebDriverContextCustomizerFactory$Customizer@606448f3, org.springframework.boot.test.context.filter.ExcludeFilterContextCustomizer@2024c21d, org.springframework.boot.test.json.DuplicateJsonObjectContextCustomizerFactory$DuplicateJsonObjectContextCustomizer@2df5c46f, org.springframework.boot.test.mock.mockito.MockitoContextCustomizer@0, org.springframework.boot.test.web.client.TestRestTemplateContextCustomizer@726e1b79, org.springframework.boot.test.context.SpringBootTestArgs@1, org.springframework.boot.test.context.SpringBootTestWebEnvironment@4164d336], resourceBasePath = 'src/main/webapp', contextLoader = 'org.springframework.boot.test.context.SpringBootContextLoader', parent = [null]], attributes = map['org.springframework.test.context.web.ServletTestExecutionListener.activateListener' -> true]], class annotated with @DirtiesContext [false] with mode [null].
18:29:18.712 [Test worker] DEBUG org.springframework.test.context.support.TestPropertySourceUtils - Adding inlined properties to environment: {spring.jmx.enabled=false, org.springframework.boot.test.context.SpringBootTestContextBootstrapper=true}

  .   ____          _            __ _ _
 /\\ / ___'_ __ _ _(_)_ __  __ _ \ \ \ \
( ( )\___ | '_ | '_| | '_ \/ _` | \ \ \ \
 \\/  ___)| |_)| | | | | || (_| |  ) ) ) )
  '  |____| .__|_| |_|_| |_\__, | / / / /
 =========|_|==============|___/=/_/_/_/
 :: Spring Boot ::                (v2.5.3)

2021-09-12 18:29:18.884  WARN 27393 --- [    Test worker] ory$DuplicateJsonObjectContextCustomizer : 

Found multiple occurrences of org.json.JSONObject on the class path:

	jar:file:/Users/bangjinhyuk/.gradle/caches/modules-2/files-2.1/org.json/json/20210307/528c8df3757e8bcf151817b1d7b9b434f6aa08d5/json-20210307.jar!/org/json/JSONObject.class
	jar:file:/Users/bangjinhyuk/.gradle/caches/modules-2/files-2.1/com.vaadin.external.google/android-json/0.0.20131108.vaadin1/fa26d351fe62a6a17f5cda1287c1c6110dec413f/android-json-0.0.20131108.vaadin1.jar!/org/json/JSONObject.class

You may wish to exclude one of them to ensure predictable runtime behavior

2021-09-12 18:29:18.892  INFO 27393 --- [    Test worker] c.h.pins_backend.test.InsertTestDataSet  : Starting InsertTestDataSet using Java 11.0.11 on BBangi-MacBookAir.local with PID 27393 (started by bangjinhyuk in /Users/bangjinhyuk/Documents/개발/Git/Pins_backend)
2021-09-12 18:29:18.892  INFO 27393 --- [    Test worker] c.h.pins_backend.test.InsertTestDataSet  : The following profiles are active: dev
2021-09-12 18:29:22.430  INFO 27393 --- [    Test worker] .s.d.r.c.RepositoryConfigurationDelegate : Bootstrapping Spring Data JPA repositories in DEFAULT mode.
2021-09-12 18:29:22.494  INFO 27393 --- [    Test worker] .s.d.r.c.RepositoryConfigurationDelegate : Finished Spring Data repository scanning in 59 ms. Found 12 JPA repository interfaces.
2021-09-12 18:29:22.586  WARN 27393 --- [    Test worker] o.m.s.mapper.ClassPathMapperScanner      : No MyBatis mapper was found in '[com.hada.pins_backend]' package. Please check your configuration.
2021-09-12 18:29:22.894  INFO 27393 --- [    Test worker] o.hibernate.jpa.internal.util.LogHelper  : HHH000204: Processing PersistenceUnitInfo [name: default]
2021-09-12 18:29:22.928  INFO 27393 --- [    Test worker] org.hibernate.Version                    : HHH000412: Hibernate ORM core version 5.4.32.Final
2021-09-12 18:29:23.046  INFO 27393 --- [    Test worker] o.hibernate.annotations.common.Version   : HCANN000001: Hibernate Commons Annotations {5.1.2.Final}
2021-09-12 18:29:23.114  INFO 27393 --- [    Test worker] com.zaxxer.hikari.HikariDataSource       : HikariPool-1 - Starting...
2021-09-12 18:29:23.520  INFO 27393 --- [    Test worker] com.zaxxer.hikari.HikariDataSource       : HikariPool-1 - Start completed.
2021-09-12 18:29:23.543  INFO 27393 --- [    Test worker] org.hibernate.dialect.Dialect            : HHH000400: Using dialect: org.hibernate.dialect.MySQL8Dialect
Hibernate: 
    
    alter table community_pin 
       drop 
       foreign key FKd129dj1fabgj87lwbpxmr1w6s
Hibernate: 
    
    alter table community_pin 
       drop 
       foreign key FK8s6p1oi3nyqijqrkccq0q53
Hibernate: 
    
    alter table community_post 
       drop 
       foreign key FKnc23q02rowuucxdcceat14awu
Hibernate: 
    
    alter table community_post 
       drop 
       foreign key FKm5pbosagfniobhwcv6ot7tdcj
Hibernate: 
    
    alter table community_post_comment 
       drop 
       foreign key FK8ka11yxw46wy8eoq28khik30x
Hibernate: 
    
    alter table community_post_comment 
       drop 
       foreign key FKg8wvn8vmt4q4bd503rip4cuhp
Hibernate: 
    
    alter table community_post_like 
       drop 
       foreign key FKhbe2v7or8saetjmpxhunb9goj
Hibernate: 
    
    alter table community_post_like 
       drop 
       foreign key FK1k3gkv5pyhk8o09624rw2jhxv
Hibernate: 
    
    alter table meeting_pin 
       drop 
       foreign key FKkkv6k23hap4ryd95s6t1mmmnh
Hibernate: 
    
    alter table members_and_community_pin 
       drop 
       foreign key FK67mrdpnwppmoi997uqr80x66v
Hibernate: 
    
    alter table members_and_community_pin 
       drop 
       foreign key FKac2o4f3g4kmiuubq31x1ri8ox
Hibernate: 
    
    alter table middle_mgmt_and_community_pin 
       drop 
       foreign key FK2am299hb2ucel1u7uniu91ssi
Hibernate: 
    
    alter table middle_mgmt_and_community_pin 
       drop 
       foreign key FKhs2vpb8qpboopc8dhgrc089es
Hibernate: 
    
    alter table story_pin 
       drop 
       foreign key FKja8c43qvwd1qgxyt500paq5d9
Hibernate: 
    
    alter table story_pin_comment 
       drop 
       foreign key FKs36o5l8gpqci93orvffgqrnnd
Hibernate: 
    
    alter table story_pin_comment 
       drop 
       foreign key FKdiwfqjjbt6wws748wwtd39eyr
Hibernate: 
    
    alter table story_pin_like 
       drop 
       foreign key FK558icdalls0fyu0wxhcbf8s59
Hibernate: 
    
    alter table story_pin_like 
       drop 
       foreign key FK7o4xhhxjkpkkdgftu97pvv3r8
Hibernate: 
    
    alter table user_roles 
       drop 
       foreign key FK55itppkw3i07do3h7qoclqd4k
Hibernate: 
    
    alter table user_and_meeting_pin 
       drop 
       foreign key FKtl96epfffkqn266pd2g3rrwud
Hibernate: 
    
    alter table user_and_meeting_pin 
       drop 
       foreign key FKmgox4hp3yud7mfpg43c4akixu
Hibernate: 
    
    drop table if exists community_pin
Hibernate: 
    
    drop table if exists community_post
Hibernate: 
    
    drop table if exists community_post_comment
Hibernate: 
    
    drop table if exists community_post_like
Hibernate: 
    
    drop table if exists meeting_pin
Hibernate: 
    
    drop table if exists members_and_community_pin
Hibernate: 
    
    drop table if exists middle_mgmt_and_community_pin
Hibernate: 
    
    drop table if exists story_pin
Hibernate: 
    
    drop table if exists story_pin_comment
Hibernate: 
    
    drop table if exists story_pin_like
Hibernate: 
    
    drop table if exists user
Hibernate: 
    
    drop table if exists user_roles
Hibernate: 
    
    drop table if exists user_and_meeting_pin
Hibernate: 
    
    create table community_pin (
       id bigint not null auto_increment,
        created_at datetime(6),
        updated_at datetime(6),
        category varchar(255),
        content varchar(255),
        image varchar(255),
        latitude double precision not null,
        longitude double precision not null,
        max_age integer not null,
        min_age integer not null,
        set_gender varchar(255),
        set_limit integer not null,
        title varchar(255),
        create_user_id bigint,
        user_id bigint,
        primary key (id)
    ) engine=InnoDB
Hibernate: 
    
    create table community_post (
       id bigint not null auto_increment,
        created_at datetime(6),
        updated_at datetime(6),
        image varchar(255) not null,
        latitude double precision not null,
        longitude double precision not null,
        text varchar(255),
        video varchar(255) not null,
        community_pin_id bigint,
        user_id bigint,
        primary key (id)
    ) engine=InnoDB
Hibernate: 
    
    create table community_post_comment (
       id bigint not null auto_increment,
        created_at datetime(6),
        updated_at datetime(6),
        content varchar(255),
        community_post_id bigint,
        user_id bigint,
        primary key (id)
    ) engine=InnoDB
Hibernate: 
    
    create table community_post_like (
       id bigint not null auto_increment,
        created_at datetime(6),
        updated_at datetime(6),
        community_post_id bigint,
        user_id bigint,
        primary key (id)
    ) engine=InnoDB
Hibernate: 
    
    create table meeting_pin (
       id bigint not null auto_increment,
        created_at datetime(6),
        updated_at datetime(6),
        category varchar(255),
        content varchar(255) not null,
        date datetime(6),
        latitude double precision not null,
        longitude double precision not null,
        max_age integer not null,
        min_age integer not null,
        set_gender varchar(255),
        set_limit integer not null,
        title varchar(255),
        user_id bigint,
        primary key (id)
    ) engine=InnoDB
Hibernate: 
    
    create table members_and_community_pin (
       id bigint not null auto_increment,
        created_at datetime(6),
        updated_at datetime(6),
        user_id bigint,
        community_pin_id bigint,
        primary key (id)
    ) engine=InnoDB
Hibernate: 
    
    create table middle_mgmt_and_community_pin (
       id bigint not null auto_increment,
        community_pin_id bigint,
        user_id bigint,
        primary key (id)
    ) engine=InnoDB
Hibernate: 
    
    create table story_pin (
       id bigint not null auto_increment,
        created_at datetime(6),
        updated_at datetime(6),
        category varchar(255),
        content varchar(255) not null,
        image varchar(255),
        latitude double precision not null,
        longitude double precision not null,
        title varchar(255),
        user_id bigint,
        primary key (id)
    ) engine=InnoDB
Hibernate: 
    
    create table story_pin_comment (
       id bigint not null auto_increment,
        created_at datetime(6),
        updated_at datetime(6),
        content varchar(255),
        story_pin_id bigint,
        user_id bigint,
        primary key (id)
    ) engine=InnoDB
Hibernate: 
    
    create table story_pin_like (
       id bigint not null auto_increment,
        created_at datetime(6),
        updated_at datetime(6),
        story_pin_id bigint,
        user_id bigint,
        primary key (id)
    ) engine=InnoDB
Hibernate: 
    
    create table user (
       id bigint not null auto_increment,
        created_at datetime(6),
        updated_at datetime(6),
        age integer not null,
        background_image varchar(255),
        email varchar(255),
        gender varchar(255),
        hobby varchar(255),
        introduce varchar(255),
        job varchar(255),
        name varchar(4),
        nick_name varchar(8),
        phone_num varchar(255),
        profile_image varchar(255),
        res_red_number varchar(255),
        score double precision not null,
        primary key (id)
    ) engine=InnoDB
Hibernate: 
    
    create table user_roles (
       user_id bigint not null,
        roles varchar(255)
    ) engine=InnoDB
Hibernate: 
    
    create table user_and_meeting_pin (
       id bigint not null auto_increment,
        created_at datetime(6),
        updated_at datetime(6),
        meeting_pin_id bigint,
        user_id bigint,
        primary key (id)
    ) engine=InnoDB
Hibernate: 
    
    alter table community_pin 
       add constraint FKd129dj1fabgj87lwbpxmr1w6s 
       foreign key (create_user_id) 
       references user (id)
Hibernate: 
    
    alter table community_pin 
       add constraint FK8s6p1oi3nyqijqrkccq0q53 
       foreign key (user_id) 
       references user (id)
Hibernate: 
    
    alter table community_post 
       add constraint FKnc23q02rowuucxdcceat14awu 
       foreign key (community_pin_id) 
       references community_pin (id)
Hibernate: 
    
    alter table community_post 
       add constraint FKm5pbosagfniobhwcv6ot7tdcj 
       foreign key (user_id) 
       references user (id)
Hibernate: 
    
    alter table community_post_comment 
       add constraint FK8ka11yxw46wy8eoq28khik30x 
       foreign key (community_post_id) 
       references community_post (id)
Hibernate: 
    
    alter table community_post_comment 
       add constraint FKg8wvn8vmt4q4bd503rip4cuhp 
       foreign key (user_id) 
       references user (id)
Hibernate: 
    
    alter table community_post_like 
       add constraint FKhbe2v7or8saetjmpxhunb9goj 
       foreign key (community_post_id) 
       references community_post (id)
Hibernate: 
    
    alter table community_post_like 
       add constraint FK1k3gkv5pyhk8o09624rw2jhxv 
       foreign key (user_id) 
       references user (id)
Hibernate: 
    
    alter table meeting_pin 
       add constraint FKkkv6k23hap4ryd95s6t1mmmnh 
       foreign key (user_id) 
       references user (id)
Hibernate: 
    
    alter table members_and_community_pin 
       add constraint FK67mrdpnwppmoi997uqr80x66v 
       foreign key (user_id) 
       references user (id)
Hibernate: 
    
    alter table members_and_community_pin 
       add constraint FKac2o4f3g4kmiuubq31x1ri8ox 
       foreign key (community_pin_id) 
       references community_pin (id)
Hibernate: 
    
    alter table middle_mgmt_and_community_pin 
       add constraint FK2am299hb2ucel1u7uniu91ssi 
       foreign key (community_pin_id) 
       references community_pin (id)
Hibernate: 
    
    alter table middle_mgmt_and_community_pin 
       add constraint FKhs2vpb8qpboopc8dhgrc089es 
       foreign key (user_id) 
       references user (id)
Hibernate: 
    
    alter table story_pin 
       add constraint FKja8c43qvwd1qgxyt500paq5d9 
       foreign key (user_id) 
       references user (id)
Hibernate: 
    
    alter table story_pin_comment 
       add constraint FKs36o5l8gpqci93orvffgqrnnd 
       foreign key (story_pin_id) 
       references story_pin (id)
Hibernate: 
    
    alter table story_pin_comment 
       add constraint FKdiwfqjjbt6wws748wwtd39eyr 
       foreign key (user_id) 
       references user (id)
Hibernate: 
    
    alter table story_pin_like 
       add constraint FK558icdalls0fyu0wxhcbf8s59 
       foreign key (story_pin_id) 
       references story_pin (id)
Hibernate: 
    
    alter table story_pin_like 
       add constraint FK7o4xhhxjkpkkdgftu97pvv3r8 
       foreign key (user_id) 
       references user (id)
Hibernate: 
    
    alter table user_roles 
       add constraint FK55itppkw3i07do3h7qoclqd4k 
       foreign key (user_id) 
       references user (id)
Hibernate: 
    
    alter table user_and_meeting_pin 
       add constraint FKtl96epfffkqn266pd2g3rrwud 
       foreign key (meeting_pin_id) 
       references meeting_pin (id)
Hibernate: 
    
    alter table user_and_meeting_pin 
       add constraint FKmgox4hp3yud7mfpg43c4akixu 
       foreign key (user_id) 
       references user (id)
2021-09-12 18:29:28.163  INFO 27393 --- [    Test worker] o.h.e.t.j.p.i.JtaPlatformInitiator       : HHH000490: Using JtaPlatform implementation: [org.hibernate.engine.transaction.jta.platform.internal.NoJtaPlatform]
2021-09-12 18:29:28.183  INFO 27393 --- [    Test worker] j.LocalContainerEntityManagerFactoryBean : Initialized JPA EntityManagerFactory for persistence unit 'default'
2021-09-12 18:29:28.489  WARN 27393 --- [    Test worker] JpaBaseConfiguration$JpaWebConfiguration : spring.jpa.open-in-view is enabled by default. Therefore, database queries may be performed during view rendering. Explicitly configure spring.jpa.open-in-view to disable this warning
2021-09-12 18:29:28.969  INFO 27393 --- [    Test worker] o.s.s.web.DefaultSecurityFilterChain     : Will secure any request with [org.springframework.security.web.context.request.async.WebAsyncManagerIntegrationFilter@79be0142, org.springframework.security.web.context.SecurityContextPersistenceFilter@79c67cc9, org.springframework.security.web.header.HeaderWriterFilter@7cce3355, org.springframework.security.web.authentication.logout.LogoutFilter@582922f8, com.hada.pins_backend.filter.JwtAuthenticationFilter@3f38571e, org.springframework.security.web.savedrequest.RequestCacheAwareFilter@7c040ab2, org.springframework.security.web.servletapi.SecurityContextHolderAwareRequestFilter@456b3a9c, org.springframework.security.web.authentication.AnonymousAuthenticationFilter@24199bfd, org.springframework.security.web.session.SessionManagementFilter@26a55a1b, org.springframework.security.web.access.ExceptionTranslationFilter@1c063667, org.springframework.security.web.access.intercept.FilterSecurityInterceptor@2fa6715f]
2021-09-12 18:29:29.493  INFO 27393 --- [    Test worker] c.h.pins_backend.test.InsertTestDataSet  : Started InsertTestDataSet in 10.771 seconds (JVM running for 11.551)
2021-09-12 18:29:29.743  INFO 27393 --- [    Test worker] c.h.p.service.user.UserServiceImpl       : insertUser age =24, gender = Male
Hibernate: 
    select
        user0_.id as id1_10_,
        user0_.created_at as created_2_10_,
        user0_.updated_at as updated_3_10_,
        user0_.age as age4_10_,
        user0_.background_image as backgrou5_10_,
        user0_.email as email6_10_,
        user0_.gender as gender7_10_,
        user0_.hobby as hobby8_10_,
        user0_.introduce as introduc9_10_,
        user0_.job as job10_10_,
        user0_.name as name11_10_,
        user0_.nick_name as nick_na12_10_,
        user0_.phone_num as phone_n13_10_,
        user0_.profile_image as profile14_10_,
        user0_.res_red_number as res_red15_10_,
        user0_.score as score16_10_ 
    from
        user user0_ 
    where
        user0_.phone_num=?
Hibernate: 
    insert 
    into
        user
        (created_at, updated_at, age, background_image, email, gender, hobby, introduce, job, name, nick_name, phone_num, profile_image, res_red_number, score) 
    values
        (?, ?, ?, ?, ?, ?, ?, ?, ?, ?, ?, ?, ?, ?, ?)
Hibernate: 
    insert 
    into
        user_roles
        (user_id, roles) 
    values
        (?, ?)
2021-09-12 18:29:29.936  INFO 27393 --- [    Test worker] c.h.p.service.user.UserServiceImpl       : insertUser age =24, gender = Male
Hibernate: 
    select
        user0_.id as id1_10_,
        user0_.created_at as created_2_10_,
        user0_.updated_at as updated_3_10_,
        user0_.age as age4_10_,
        user0_.background_image as backgrou5_10_,
        user0_.email as email6_10_,
        user0_.gender as gender7_10_,
        user0_.hobby as hobby8_10_,
        user0_.introduce as introduc9_10_,
        user0_.job as job10_10_,
        user0_.name as name11_10_,
        user0_.nick_name as nick_na12_10_,
        user0_.phone_num as phone_n13_10_,
        user0_.profile_image as profile14_10_,
        user0_.res_red_number as res_red15_10_,
        user0_.score as score16_10_ 
    from
        user user0_ 
    where
        user0_.phone_num=?
Hibernate: 
    insert 
    into
        user
        (created_at, updated_at, age, background_image, email, gender, hobby, introduce, job, name, nick_name, phone_num, profile_image, res_red_number, score) 
    values
        (?, ?, ?, ?, ?, ?, ?, ?, ?, ?, ?, ?, ?, ?, ?)
Hibernate: 
    insert 
    into
        user_roles
        (user_id, roles) 
    values
        (?, ?)
2021-09-12 18:29:30.000  INFO 27393 --- [    Test worker] c.h.p.service.user.UserServiceImpl       : insertUser age =24, gender = Male
Hibernate: 
    select
        user0_.id as id1_10_,
        user0_.created_at as created_2_10_,
        user0_.updated_at as updated_3_10_,
        user0_.age as age4_10_,
        user0_.background_image as backgrou5_10_,
        user0_.email as email6_10_,
        user0_.gender as gender7_10_,
        user0_.hobby as hobby8_10_,
        user0_.introduce as introduc9_10_,
        user0_.job as job10_10_,
        user0_.name as name11_10_,
        user0_.nick_name as nick_na12_10_,
        user0_.phone_num as phone_n13_10_,
        user0_.profile_image as profile14_10_,
        user0_.res_red_number as res_red15_10_,
        user0_.score as score16_10_ 
    from
        user user0_ 
    where
        user0_.phone_num=?
Hibernate: 
    insert 
    into
        user
        (created_at, updated_at, age, background_image, email, gender, hobby, introduce, job, name, nick_name, phone_num, profile_image, res_red_number, score) 
    values
        (?, ?, ?, ?, ?, ?, ?, ?, ?, ?, ?, ?, ?, ?, ?)
Hibernate: 
    insert 
    into
        user_roles
        (user_id, roles) 
    values
        (?, ?)
2021-09-12 18:29:30.068  INFO 27393 --- [    Test worker] c.h.p.service.user.UserServiceImpl       : insertUser age =24, gender = Male
Hibernate: 
    select
        user0_.id as id1_10_,
        user0_.created_at as created_2_10_,
        user0_.updated_at as updated_3_10_,
        user0_.age as age4_10_,
        user0_.background_image as backgrou5_10_,
        user0_.email as email6_10_,
        user0_.gender as gender7_10_,
        user0_.hobby as hobby8_10_,
        user0_.introduce as introduc9_10_,
        user0_.job as job10_10_,
        user0_.name as name11_10_,
        user0_.nick_name as nick_na12_10_,
        user0_.phone_num as phone_n13_10_,
        user0_.profile_image as profile14_10_,
        user0_.res_red_number as res_red15_10_,
        user0_.score as score16_10_ 
    from
        user user0_ 
    where
        user0_.phone_num=?
Hibernate: 
    insert 
    into
        user
        (created_at, updated_at, age, background_image, email, gender, hobby, introduce, job, name, nick_name, phone_num, profile_image, res_red_number, score) 
    values
        (?, ?, ?, ?, ?, ?, ?, ?, ?, ?, ?, ?, ?, ?, ?)
Hibernate: 
    insert 
    into
        user_roles
        (user_id, roles) 
    values
        (?, ?)
2021-09-12 18:29:30.129  INFO 27393 --- [    Test worker] c.h.p.service.user.UserServiceImpl       : insertUser age =24, gender = Male
Hibernate: 
    select
        user0_.id as id1_10_,
        user0_.created_at as created_2_10_,
        user0_.updated_at as updated_3_10_,
        user0_.age as age4_10_,
        user0_.background_image as backgrou5_10_,
        user0_.email as email6_10_,
        user0_.gender as gender7_10_,
        user0_.hobby as hobby8_10_,
        user0_.introduce as introduc9_10_,
        user0_.job as job10_10_,
        user0_.name as name11_10_,
        user0_.nick_name as nick_na12_10_,
        user0_.phone_num as phone_n13_10_,
        user0_.profile_image as profile14_10_,
        user0_.res_red_number as res_red15_10_,
        user0_.score as score16_10_ 
    from
        user user0_ 
    where
        user0_.phone_num=?
Hibernate: 
    insert 
    into
        user
        (created_at, updated_at, age, background_image, email, gender, hobby, introduce, job, name, nick_name, phone_num, profile_image, res_red_number, score) 
    values
        (?, ?, ?, ?, ?, ?, ?, ?, ?, ?, ?, ?, ?, ?, ?)
Hibernate: 
    insert 
    into
        user_roles
        (user_id, roles) 
    values
        (?, ?)
Hibernate: 
    select
        user0_.id as id1_10_,
        user0_.created_at as created_2_10_,
        user0_.updated_at as updated_3_10_,
        user0_.age as age4_10_,
        user0_.background_image as backgrou5_10_,
        user0_.email as email6_10_,
        user0_.gender as gender7_10_,
        user0_.hobby as hobby8_10_,
        user0_.introduce as introduc9_10_,
        user0_.job as job10_10_,
        user0_.name as name11_10_,
        user0_.nick_name as nick_na12_10_,
        user0_.phone_num as phone_n13_10_,
        user0_.profile_image as profile14_10_,
        user0_.res_red_number as res_red15_10_,
        user0_.score as score16_10_ 
    from
        user user0_
Hibernate: 
    select
        roles0_.user_id as user_id1_11_0_,
        roles0_.roles as roles2_11_0_ 
    from
        user_roles roles0_ 
    where
        roles0_.user_id=?
Hibernate: 
    select
        roles0_.user_id as user_id1_11_0_,
        roles0_.roles as roles2_11_0_ 
    from
        user_roles roles0_ 
    where
        roles0_.user_id=?
Hibernate: 
    select
        roles0_.user_id as user_id1_11_0_,
        roles0_.roles as roles2_11_0_ 
    from
        user_roles roles0_ 
    where
        roles0_.user_id=?
Hibernate: 
    select
        roles0_.user_id as user_id1_11_0_,
        roles0_.roles as roles2_11_0_ 
    from
        user_roles roles0_ 
    where
        roles0_.user_id=?
Hibernate: 
    select
        roles0_.user_id as user_id1_11_0_,
        roles0_.roles as roles2_11_0_ 
    from
        user_roles roles0_ 
    where
        roles0_.user_id=?
Hibernate: 
    insert 
    into
        meeting_pin
        (created_at, updated_at, category, content, user_id, date, latitude, longitude, max_age, min_age, set_gender, set_limit, title) 
    values
        (?, ?, ?, ?, ?, ?, ?, ?, ?, ?, ?, ?, ?)
Hibernate: 
    select
        user0_.id as id1_10_,
        user0_.created_at as created_2_10_,
        user0_.updated_at as updated_3_10_,
        user0_.age as age4_10_,
        user0_.background_image as backgrou5_10_,
        user0_.email as email6_10_,
        user0_.gender as gender7_10_,
        user0_.hobby as hobby8_10_,
        user0_.introduce as introduc9_10_,
        user0_.job as job10_10_,
        user0_.name as name11_10_,
        user0_.nick_name as nick_na12_10_,
        user0_.phone_num as phone_n13_10_,
        user0_.profile_image as profile14_10_,
        user0_.res_red_number as res_red15_10_,
        user0_.score as score16_10_ 
    from
        user user0_
Hibernate: 
    select
        roles0_.user_id as user_id1_11_0_,
        roles0_.roles as roles2_11_0_ 
    from
        user_roles roles0_ 
    where
        roles0_.user_id=?
Hibernate: 
    select
        roles0_.user_id as user_id1_11_0_,
        roles0_.roles as roles2_11_0_ 
    from
        user_roles roles0_ 
    where
        roles0_.user_id=?
Hibernate: 
    select
        roles0_.user_id as user_id1_11_0_,
        roles0_.roles as roles2_11_0_ 
    from
        user_roles roles0_ 
    where
        roles0_.user_id=?
Hibernate: 
    select
        roles0_.user_id as user_id1_11_0_,
        roles0_.roles as roles2_11_0_ 
    from
        user_roles roles0_ 
    where
        roles0_.user_id=?
Hibernate: 
    select
        roles0_.user_id as user_id1_11_0_,
        roles0_.roles as roles2_11_0_ 
    from
        user_roles roles0_ 
    where
        roles0_.user_id=?
Hibernate: 
    insert 
    into
        meeting_pin
        (created_at, updated_at, category, content, user_id, date, latitude, longitude, max_age, min_age, set_gender, set_limit, title) 
    values
        (?, ?, ?, ?, ?, ?, ?, ?, ?, ?, ?, ?, ?)
Hibernate: 
    select
        user0_.id as id1_10_,
        user0_.created_at as created_2_10_,
        user0_.updated_at as updated_3_10_,
        user0_.age as age4_10_,
        user0_.background_image as backgrou5_10_,
        user0_.email as email6_10_,
        user0_.gender as gender7_10_,
        user0_.hobby as hobby8_10_,
        user0_.introduce as introduc9_10_,
        user0_.job as job10_10_,
        user0_.name as name11_10_,
        user0_.nick_name as nick_na12_10_,
        user0_.phone_num as phone_n13_10_,
        user0_.profile_image as profile14_10_,
        user0_.res_red_number as res_red15_10_,
        user0_.score as score16_10_ 
    from
        user user0_
Hibernate: 
    select
        roles0_.user_id as user_id1_11_0_,
        roles0_.roles as roles2_11_0_ 
    from
        user_roles roles0_ 
    where
        roles0_.user_id=?
Hibernate: 
    select
        roles0_.user_id as user_id1_11_0_,
        roles0_.roles as roles2_11_0_ 
    from
        user_roles roles0_ 
    where
        roles0_.user_id=?
Hibernate: 
    select
        roles0_.user_id as user_id1_11_0_,
        roles0_.roles as roles2_11_0_ 
    from
        user_roles roles0_ 
    where
        roles0_.user_id=?
Hibernate: 
    select
        roles0_.user_id as user_id1_11_0_,
        roles0_.roles as roles2_11_0_ 
    from
        user_roles roles0_ 
    where
        roles0_.user_id=?
Hibernate: 
    select
        roles0_.user_id as user_id1_11_0_,
        roles0_.roles as roles2_11_0_ 
    from
        user_roles roles0_ 
    where
        roles0_.user_id=?
Hibernate: 
    insert 
    into
        meeting_pin
        (created_at, updated_at, category, content, user_id, date, latitude, longitude, max_age, min_age, set_gender, set_limit, title) 
    values
        (?, ?, ?, ?, ?, ?, ?, ?, ?, ?, ?, ?, ?)
Hibernate: 
    select
        user0_.id as id1_10_,
        user0_.created_at as created_2_10_,
        user0_.updated_at as updated_3_10_,
        user0_.age as age4_10_,
        user0_.background_image as backgrou5_10_,
        user0_.email as email6_10_,
        user0_.gender as gender7_10_,
        user0_.hobby as hobby8_10_,
        user0_.introduce as introduc9_10_,
        user0_.job as job10_10_,
        user0_.name as name11_10_,
        user0_.nick_name as nick_na12_10_,
        user0_.phone_num as phone_n13_10_,
        user0_.profile_image as profile14_10_,
        user0_.res_red_number as res_red15_10_,
        user0_.score as score16_10_ 
    from
        user user0_
Hibernate: 
    select
        roles0_.user_id as user_id1_11_0_,
        roles0_.roles as roles2_11_0_ 
    from
        user_roles roles0_ 
    where
        roles0_.user_id=?
Hibernate: 
    select
        roles0_.user_id as user_id1_11_0_,
        roles0_.roles as roles2_11_0_ 
    from
        user_roles roles0_ 
    where
        roles0_.user_id=?
Hibernate: 
    select
        roles0_.user_id as user_id1_11_0_,
        roles0_.roles as roles2_11_0_ 
    from
        user_roles roles0_ 
    where
        roles0_.user_id=?
Hibernate: 
    select
        roles0_.user_id as user_id1_11_0_,
        roles0_.roles as roles2_11_0_ 
    from
        user_roles roles0_ 
    where
        roles0_.user_id=?
Hibernate: 
    select
        roles0_.user_id as user_id1_11_0_,
        roles0_.roles as roles2_11_0_ 
    from
        user_roles roles0_ 
    where
        roles0_.user_id=?
Hibernate: 
    insert 
    into
        meeting_pin
        (created_at, updated_at, category, content, user_id, date, latitude, longitude, max_age, min_age, set_gender, set_limit, title) 
    values
        (?, ?, ?, ?, ?, ?, ?, ?, ?, ?, ?, ?, ?)
Hibernate: 
    select
        user0_.id as id1_10_,
        user0_.created_at as created_2_10_,
        user0_.updated_at as updated_3_10_,
        user0_.age as age4_10_,
        user0_.background_image as backgrou5_10_,
        user0_.email as email6_10_,
        user0_.gender as gender7_10_,
        user0_.hobby as hobby8_10_,
        user0_.introduce as introduc9_10_,
        user0_.job as job10_10_,
        user0_.name as name11_10_,
        user0_.nick_name as nick_na12_10_,
        user0_.phone_num as phone_n13_10_,
        user0_.profile_image as profile14_10_,
        user0_.res_red_number as res_red15_10_,
        user0_.score as score16_10_ 
    from
        user user0_
Hibernate: 
    select
        roles0_.user_id as user_id1_11_0_,
        roles0_.roles as roles2_11_0_ 
    from
        user_roles roles0_ 
    where
        roles0_.user_id=?
Hibernate: 
    select
        roles0_.user_id as user_id1_11_0_,
        roles0_.roles as roles2_11_0_ 
    from
        user_roles roles0_ 
    where
        roles0_.user_id=?
Hibernate: 
    select
        roles0_.user_id as user_id1_11_0_,
        roles0_.roles as roles2_11_0_ 
    from
        user_roles roles0_ 
    where
        roles0_.user_id=?
Hibernate: 
    select
        roles0_.user_id as user_id1_11_0_,
        roles0_.roles as roles2_11_0_ 
    from
        user_roles roles0_ 
    where
        roles0_.user_id=?
Hibernate: 
    select
        roles0_.user_id as user_id1_11_0_,
        roles0_.roles as roles2_11_0_ 
    from
        user_roles roles0_ 
    where
        roles0_.user_id=?
Hibernate: 
    insert 
    into
        meeting_pin
        (created_at, updated_at, category, content, user_id, date, latitude, longitude, max_age, min_age, set_gender, set_limit, title) 
    values
        (?, ?, ?, ?, ?, ?, ?, ?, ?, ?, ?, ?, ?)
Hibernate: 
    select
        user0_.id as id1_10_,
        user0_.created_at as created_2_10_,
        user0_.updated_at as updated_3_10_,
        user0_.age as age4_10_,
        user0_.background_image as backgrou5_10_,
        user0_.email as email6_10_,
        user0_.gender as gender7_10_,
        user0_.hobby as hobby8_10_,
        user0_.introduce as introduc9_10_,
        user0_.job as job10_10_,
        user0_.name as name11_10_,
        user0_.nick_name as nick_na12_10_,
        user0_.phone_num as phone_n13_10_,
        user0_.profile_image as profile14_10_,
        user0_.res_red_number as res_red15_10_,
        user0_.score as score16_10_ 
    from
        user user0_
Hibernate: 
    select
        roles0_.user_id as user_id1_11_0_,
        roles0_.roles as roles2_11_0_ 
    from
        user_roles roles0_ 
    where
        roles0_.user_id=?
Hibernate: 
    select
        roles0_.user_id as user_id1_11_0_,
        roles0_.roles as roles2_11_0_ 
    from
        user_roles roles0_ 
    where
        roles0_.user_id=?
Hibernate: 
    select
        roles0_.user_id as user_id1_11_0_,
        roles0_.roles as roles2_11_0_ 
    from
        user_roles roles0_ 
    where
        roles0_.user_id=?
Hibernate: 
    select
        roles0_.user_id as user_id1_11_0_,
        roles0_.roles as roles2_11_0_ 
    from
        user_roles roles0_ 
    where
        roles0_.user_id=?
Hibernate: 
    select
        roles0_.user_id as user_id1_11_0_,
        roles0_.roles as roles2_11_0_ 
    from
        user_roles roles0_ 
    where
        roles0_.user_id=?
Hibernate: 
    insert 
    into
        meeting_pin
        (created_at, updated_at, category, content, user_id, date, latitude, longitude, max_age, min_age, set_gender, set_limit, title) 
    values
        (?, ?, ?, ?, ?, ?, ?, ?, ?, ?, ?, ?, ?)
Hibernate: 
    select
        user0_.id as id1_10_,
        user0_.created_at as created_2_10_,
        user0_.updated_at as updated_3_10_,
        user0_.age as age4_10_,
        user0_.background_image as backgrou5_10_,
        user0_.email as email6_10_,
        user0_.gender as gender7_10_,
        user0_.hobby as hobby8_10_,
        user0_.introduce as introduc9_10_,
        user0_.job as job10_10_,
        user0_.name as name11_10_,
        user0_.nick_name as nick_na12_10_,
        user0_.phone_num as phone_n13_10_,
        user0_.profile_image as profile14_10_,
        user0_.res_red_number as res_red15_10_,
        user0_.score as score16_10_ 
    from
        user user0_
Hibernate: 
    select
        roles0_.user_id as user_id1_11_0_,
        roles0_.roles as roles2_11_0_ 
    from
        user_roles roles0_ 
    where
        roles0_.user_id=?
Hibernate: 
    select
        roles0_.user_id as user_id1_11_0_,
        roles0_.roles as roles2_11_0_ 
    from
        user_roles roles0_ 
    where
        roles0_.user_id=?
Hibernate: 
    select
        roles0_.user_id as user_id1_11_0_,
        roles0_.roles as roles2_11_0_ 
    from
        user_roles roles0_ 
    where
        roles0_.user_id=?
Hibernate: 
    select
        roles0_.user_id as user_id1_11_0_,
        roles0_.roles as roles2_11_0_ 
    from
        user_roles roles0_ 
    where
        roles0_.user_id=?
Hibernate: 
    select
        roles0_.user_id as user_id1_11_0_,
        roles0_.roles as roles2_11_0_ 
    from
        user_roles roles0_ 
    where
        roles0_.user_id=?
Hibernate: 
    insert 
    into
        meeting_pin
        (created_at, updated_at, category, content, user_id, date, latitude, longitude, max_age, min_age, set_gender, set_limit, title) 
    values
        (?, ?, ?, ?, ?, ?, ?, ?, ?, ?, ?, ?, ?)
Hibernate: 
    select
        user0_.id as id1_10_,
        user0_.created_at as created_2_10_,
        user0_.updated_at as updated_3_10_,
        user0_.age as age4_10_,
        user0_.background_image as backgrou5_10_,
        user0_.email as email6_10_,
        user0_.gender as gender7_10_,
        user0_.hobby as hobby8_10_,
        user0_.introduce as introduc9_10_,
        user0_.job as job10_10_,
        user0_.name as name11_10_,
        user0_.nick_name as nick_na12_10_,
        user0_.phone_num as phone_n13_10_,
        user0_.profile_image as profile14_10_,
        user0_.res_red_number as res_red15_10_,
        user0_.score as score16_10_ 
    from
        user user0_
Hibernate: 
    select
        roles0_.user_id as user_id1_11_0_,
        roles0_.roles as roles2_11_0_ 
    from
        user_roles roles0_ 
    where
        roles0_.user_id=?
Hibernate: 
    select
        roles0_.user_id as user_id1_11_0_,
        roles0_.roles as roles2_11_0_ 
    from
        user_roles roles0_ 
    where
        roles0_.user_id=?
Hibernate: 
    select
        roles0_.user_id as user_id1_11_0_,
        roles0_.roles as roles2_11_0_ 
    from
        user_roles roles0_ 
    where
        roles0_.user_id=?
Hibernate: 
    select
        roles0_.user_id as user_id1_11_0_,
        roles0_.roles as roles2_11_0_ 
    from
        user_roles roles0_ 
    where
        roles0_.user_id=?
Hibernate: 
    select
        roles0_.user_id as user_id1_11_0_,
        roles0_.roles as roles2_11_0_ 
    from
        user_roles roles0_ 
    where
        roles0_.user_id=?
Hibernate: 
    insert 
    into
        meeting_pin
        (created_at, updated_at, category, content, user_id, date, latitude, longitude, max_age, min_age, set_gender, set_limit, title) 
    values
        (?, ?, ?, ?, ?, ?, ?, ?, ?, ?, ?, ?, ?)
Hibernate: 
    select
        user0_.id as id1_10_,
        user0_.created_at as created_2_10_,
        user0_.updated_at as updated_3_10_,
        user0_.age as age4_10_,
        user0_.background_image as backgrou5_10_,
        user0_.email as email6_10_,
        user0_.gender as gender7_10_,
        user0_.hobby as hobby8_10_,
        user0_.introduce as introduc9_10_,
        user0_.job as job10_10_,
        user0_.name as name11_10_,
        user0_.nick_name as nick_na12_10_,
        user0_.phone_num as phone_n13_10_,
        user0_.profile_image as profile14_10_,
        user0_.res_red_number as res_red15_10_,
        user0_.score as score16_10_ 
    from
        user user0_
Hibernate: 
    select
        roles0_.user_id as user_id1_11_0_,
        roles0_.roles as roles2_11_0_ 
    from
        user_roles roles0_ 
    where
        roles0_.user_id=?
Hibernate: 
    select
        roles0_.user_id as user_id1_11_0_,
        roles0_.roles as roles2_11_0_ 
    from
        user_roles roles0_ 
    where
        roles0_.user_id=?
Hibernate: 
    select
        roles0_.user_id as user_id1_11_0_,
        roles0_.roles as roles2_11_0_ 
    from
        user_roles roles0_ 
    where
        roles0_.user_id=?
Hibernate: 
    select
        roles0_.user_id as user_id1_11_0_,
        roles0_.roles as roles2_11_0_ 
    from
        user_roles roles0_ 
    where
        roles0_.user_id=?
Hibernate: 
    select
        roles0_.user_id as user_id1_11_0_,
        roles0_.roles as roles2_11_0_ 
    from
        user_roles roles0_ 
    where
        roles0_.user_id=?
Hibernate: 
    insert 
    into
        meeting_pin
        (created_at, updated_at, category, content, user_id, date, latitude, longitude, max_age, min_age, set_gender, set_limit, title) 
    values
        (?, ?, ?, ?, ?, ?, ?, ?, ?, ?, ?, ?, ?)
Hibernate: 
    select
        user0_.id as id1_10_,
        user0_.created_at as created_2_10_,
        user0_.updated_at as updated_3_10_,
        user0_.age as age4_10_,
        user0_.background_image as backgrou5_10_,
        user0_.email as email6_10_,
        user0_.gender as gender7_10_,
        user0_.hobby as hobby8_10_,
        user0_.introduce as introduc9_10_,
        user0_.job as job10_10_,
        user0_.name as name11_10_,
        user0_.nick_name as nick_na12_10_,
        user0_.phone_num as phone_n13_10_,
        user0_.profile_image as profile14_10_,
        user0_.res_red_number as res_red15_10_,
        user0_.score as score16_10_ 
    from
        user user0_
Hibernate: 
    select
        roles0_.user_id as user_id1_11_0_,
        roles0_.roles as roles2_11_0_ 
    from
        user_roles roles0_ 
    where
        roles0_.user_id=?
Hibernate: 
    select
        roles0_.user_id as user_id1_11_0_,
        roles0_.roles as roles2_11_0_ 
    from
        user_roles roles0_ 
    where
        roles0_.user_id=?
Hibernate: 
    select
        roles0_.user_id as user_id1_11_0_,
        roles0_.roles as roles2_11_0_ 
    from
        user_roles roles0_ 
    where
        roles0_.user_id=?
Hibernate: 
    select
        roles0_.user_id as user_id1_11_0_,
        roles0_.roles as roles2_11_0_ 
    from
        user_roles roles0_ 
    where
        roles0_.user_id=?
Hibernate: 
    select
        roles0_.user_id as user_id1_11_0_,
        roles0_.roles as roles2_11_0_ 
    from
        user_roles roles0_ 
    where
        roles0_.user_id=?
Hibernate: 
    insert 
    into
        meeting_pin
        (created_at, updated_at, category, content, user_id, date, latitude, longitude, max_age, min_age, set_gender, set_limit, title) 
    values
        (?, ?, ?, ?, ?, ?, ?, ?, ?, ?, ?, ?, ?)
Hibernate: 
    select
        user0_.id as id1_10_,
        user0_.created_at as created_2_10_,
        user0_.updated_at as updated_3_10_,
        user0_.age as age4_10_,
        user0_.background_image as backgrou5_10_,
        user0_.email as email6_10_,
        user0_.gender as gender7_10_,
        user0_.hobby as hobby8_10_,
        user0_.introduce as introduc9_10_,
        user0_.job as job10_10_,
        user0_.name as name11_10_,
        user0_.nick_name as nick_na12_10_,
        user0_.phone_num as phone_n13_10_,
        user0_.profile_image as profile14_10_,
        user0_.res_red_number as res_red15_10_,
        user0_.score as score16_10_ 
    from
        user user0_
Hibernate: 
    select
        roles0_.user_id as user_id1_11_0_,
        roles0_.roles as roles2_11_0_ 
    from
        user_roles roles0_ 
    where
        roles0_.user_id=?
Hibernate: 
    select
        roles0_.user_id as user_id1_11_0_,
        roles0_.roles as roles2_11_0_ 
    from
        user_roles roles0_ 
    where
        roles0_.user_id=?
Hibernate: 
    select
        roles0_.user_id as user_id1_11_0_,
        roles0_.roles as roles2_11_0_ 
    from
        user_roles roles0_ 
    where
        roles0_.user_id=?
Hibernate: 
    select
        roles0_.user_id as user_id1_11_0_,
        roles0_.roles as roles2_11_0_ 
    from
        user_roles roles0_ 
    where
        roles0_.user_id=?
Hibernate: 
    select
        roles0_.user_id as user_id1_11_0_,
        roles0_.roles as roles2_11_0_ 
    from
        user_roles roles0_ 
    where
        roles0_.user_id=?
Hibernate: 
    insert 
    into
        meeting_pin
        (created_at, updated_at, category, content, user_id, date, latitude, longitude, max_age, min_age, set_gender, set_limit, title) 
    values
        (?, ?, ?, ?, ?, ?, ?, ?, ?, ?, ?, ?, ?)
Hibernate: 
    select
        user0_.id as id1_10_,
        user0_.created_at as created_2_10_,
        user0_.updated_at as updated_3_10_,
        user0_.age as age4_10_,
        user0_.background_image as backgrou5_10_,
        user0_.email as email6_10_,
        user0_.gender as gender7_10_,
        user0_.hobby as hobby8_10_,
        user0_.introduce as introduc9_10_,
        user0_.job as job10_10_,
        user0_.name as name11_10_,
        user0_.nick_name as nick_na12_10_,
        user0_.phone_num as phone_n13_10_,
        user0_.profile_image as profile14_10_,
        user0_.res_red_number as res_red15_10_,
        user0_.score as score16_10_ 
    from
        user user0_
Hibernate: 
    select
        roles0_.user_id as user_id1_11_0_,
        roles0_.roles as roles2_11_0_ 
    from
        user_roles roles0_ 
    where
        roles0_.user_id=?
Hibernate: 
    select
        roles0_.user_id as user_id1_11_0_,
        roles0_.roles as roles2_11_0_ 
    from
        user_roles roles0_ 
    where
        roles0_.user_id=?
Hibernate: 
    select
        roles0_.user_id as user_id1_11_0_,
        roles0_.roles as roles2_11_0_ 
    from
        user_roles roles0_ 
    where
        roles0_.user_id=?
Hibernate: 
    select
        roles0_.user_id as user_id1_11_0_,
        roles0_.roles as roles2_11_0_ 
    from
        user_roles roles0_ 
    where
        roles0_.user_id=?
Hibernate: 
    select
        roles0_.user_id as user_id1_11_0_,
        roles0_.roles as roles2_11_0_ 
    from
        user_roles roles0_ 
    where
        roles0_.user_id=?
Hibernate: 
    insert 
    into
        meeting_pin
        (created_at, updated_at, category, content, user_id, date, latitude, longitude, max_age, min_age, set_gender, set_limit, title) 
    values
        (?, ?, ?, ?, ?, ?, ?, ?, ?, ?, ?, ?, ?)
Hibernate: 
    select
        user0_.id as id1_10_,
        user0_.created_at as created_2_10_,
        user0_.updated_at as updated_3_10_,
        user0_.age as age4_10_,
        user0_.background_image as backgrou5_10_,
        user0_.email as email6_10_,
        user0_.gender as gender7_10_,
        user0_.hobby as hobby8_10_,
        user0_.introduce as introduc9_10_,
        user0_.job as job10_10_,
        user0_.name as name11_10_,
        user0_.nick_name as nick_na12_10_,
        user0_.phone_num as phone_n13_10_,
        user0_.profile_image as profile14_10_,
        user0_.res_red_number as res_red15_10_,
        user0_.score as score16_10_ 
    from
        user user0_
Hibernate: 
    select
        roles0_.user_id as user_id1_11_0_,
        roles0_.roles as roles2_11_0_ 
    from
        user_roles roles0_ 
    where
        roles0_.user_id=?
Hibernate: 
    select
        roles0_.user_id as user_id1_11_0_,
        roles0_.roles as roles2_11_0_ 
    from
        user_roles roles0_ 
    where
        roles0_.user_id=?
Hibernate: 
    select
        roles0_.user_id as user_id1_11_0_,
        roles0_.roles as roles2_11_0_ 
    from
        user_roles roles0_ 
    where
        roles0_.user_id=?
Hibernate: 
    select
        roles0_.user_id as user_id1_11_0_,
        roles0_.roles as roles2_11_0_ 
    from
        user_roles roles0_ 
    where
        roles0_.user_id=?
Hibernate: 
    select
        roles0_.user_id as user_id1_11_0_,
        roles0_.roles as roles2_11_0_ 
    from
        user_roles roles0_ 
    where
        roles0_.user_id=?
Hibernate: 
    insert 
    into
        meeting_pin
        (created_at, updated_at, category, content, user_id, date, latitude, longitude, max_age, min_age, set_gender, set_limit, title) 
    values
        (?, ?, ?, ?, ?, ?, ?, ?, ?, ?, ?, ?, ?)
Hibernate: 
    select
        user0_.id as id1_10_,
        user0_.created_at as created_2_10_,
        user0_.updated_at as updated_3_10_,
        user0_.age as age4_10_,
        user0_.background_image as backgrou5_10_,
        user0_.email as email6_10_,
        user0_.gender as gender7_10_,
        user0_.hobby as hobby8_10_,
        user0_.introduce as introduc9_10_,
        user0_.job as job10_10_,
        user0_.name as name11_10_,
        user0_.nick_name as nick_na12_10_,
        user0_.phone_num as phone_n13_10_,
        user0_.profile_image as profile14_10_,
        user0_.res_red_number as res_red15_10_,
        user0_.score as score16_10_ 
    from
        user user0_
Hibernate: 
    select
        roles0_.user_id as user_id1_11_0_,
        roles0_.roles as roles2_11_0_ 
    from
        user_roles roles0_ 
    where
        roles0_.user_id=?
Hibernate: 
    select
        roles0_.user_id as user_id1_11_0_,
        roles0_.roles as roles2_11_0_ 
    from
        user_roles roles0_ 
    where
        roles0_.user_id=?
Hibernate: 
    select
        roles0_.user_id as user_id1_11_0_,
        roles0_.roles as roles2_11_0_ 
    from
        user_roles roles0_ 
    where
        roles0_.user_id=?
Hibernate: 
    select
        roles0_.user_id as user_id1_11_0_,
        roles0_.roles as roles2_11_0_ 
    from
        user_roles roles0_ 
    where
        roles0_.user_id=?
Hibernate: 
    select
        roles0_.user_id as user_id1_11_0_,
        roles0_.roles as roles2_11_0_ 
    from
        user_roles roles0_ 
    where
        roles0_.user_id=?
Hibernate: 
    insert 
    into
        meeting_pin
        (created_at, updated_at, category, content, user_id, date, latitude, longitude, max_age, min_age, set_gender, set_limit, title) 
    values
        (?, ?, ?, ?, ?, ?, ?, ?, ?, ?, ?, ?, ?)
Hibernate: 
    select
        user0_.id as id1_10_,
        user0_.created_at as created_2_10_,
        user0_.updated_at as updated_3_10_,
        user0_.age as age4_10_,
        user0_.background_image as backgrou5_10_,
        user0_.email as email6_10_,
        user0_.gender as gender7_10_,
        user0_.hobby as hobby8_10_,
        user0_.introduce as introduc9_10_,
        user0_.job as job10_10_,
        user0_.name as name11_10_,
        user0_.nick_name as nick_na12_10_,
        user0_.phone_num as phone_n13_10_,
        user0_.profile_image as profile14_10_,
        user0_.res_red_number as res_red15_10_,
        user0_.score as score16_10_ 
    from
        user user0_
Hibernate: 
    select
        roles0_.user_id as user_id1_11_0_,
        roles0_.roles as roles2_11_0_ 
    from
        user_roles roles0_ 
    where
        roles0_.user_id=?
Hibernate: 
    select
        roles0_.user_id as user_id1_11_0_,
        roles0_.roles as roles2_11_0_ 
    from
        user_roles roles0_ 
    where
        roles0_.user_id=?
Hibernate: 
    select
        roles0_.user_id as user_id1_11_0_,
        roles0_.roles as roles2_11_0_ 
    from
        user_roles roles0_ 
    where
        roles0_.user_id=?
Hibernate: 
    select
        roles0_.user_id as user_id1_11_0_,
        roles0_.roles as roles2_11_0_ 
    from
        user_roles roles0_ 
    where
        roles0_.user_id=?
Hibernate: 
    select
        roles0_.user_id as user_id1_11_0_,
        roles0_.roles as roles2_11_0_ 
    from
        user_roles roles0_ 
    where
        roles0_.user_id=?
Hibernate: 
    insert 
    into
        meeting_pin
        (created_at, updated_at, category, content, user_id, date, latitude, longitude, max_age, min_age, set_gender, set_limit, title) 
    values
        (?, ?, ?, ?, ?, ?, ?, ?, ?, ?, ?, ?, ?)
Hibernate: 
    select
        user0_.id as id1_10_,
        user0_.created_at as created_2_10_,
        user0_.updated_at as updated_3_10_,
        user0_.age as age4_10_,
        user0_.background_image as backgrou5_10_,
        user0_.email as email6_10_,
        user0_.gender as gender7_10_,
        user0_.hobby as hobby8_10_,
        user0_.introduce as introduc9_10_,
        user0_.job as job10_10_,
        user0_.name as name11_10_,
        user0_.nick_name as nick_na12_10_,
        user0_.phone_num as phone_n13_10_,
        user0_.profile_image as profile14_10_,
        user0_.res_red_number as res_red15_10_,
        user0_.score as score16_10_ 
    from
        user user0_
Hibernate: 
    select
        roles0_.user_id as user_id1_11_0_,
        roles0_.roles as roles2_11_0_ 
    from
        user_roles roles0_ 
    where
        roles0_.user_id=?
Hibernate: 
    select
        roles0_.user_id as user_id1_11_0_,
        roles0_.roles as roles2_11_0_ 
    from
        user_roles roles0_ 
    where
        roles0_.user_id=?
Hibernate: 
    select
        roles0_.user_id as user_id1_11_0_,
        roles0_.roles as roles2_11_0_ 
    from
        user_roles roles0_ 
    where
        roles0_.user_id=?
Hibernate: 
    select
        roles0_.user_id as user_id1_11_0_,
        roles0_.roles as roles2_11_0_ 
    from
        user_roles roles0_ 
    where
        roles0_.user_id=?
Hibernate: 
    select
        roles0_.user_id as user_id1_11_0_,
        roles0_.roles as roles2_11_0_ 
    from
        user_roles roles0_ 
    where
        roles0_.user_id=?
Hibernate: 
    insert 
    into
        meeting_pin
        (created_at, updated_at, category, content, user_id, date, latitude, longitude, max_age, min_age, set_gender, set_limit, title) 
    values
        (?, ?, ?, ?, ?, ?, ?, ?, ?, ?, ?, ?, ?)
Hibernate: 
    select
        user0_.id as id1_10_,
        user0_.created_at as created_2_10_,
        user0_.updated_at as updated_3_10_,
        user0_.age as age4_10_,
        user0_.background_image as backgrou5_10_,
        user0_.email as email6_10_,
        user0_.gender as gender7_10_,
        user0_.hobby as hobby8_10_,
        user0_.introduce as introduc9_10_,
        user0_.job as job10_10_,
        user0_.name as name11_10_,
        user0_.nick_name as nick_na12_10_,
        user0_.phone_num as phone_n13_10_,
        user0_.profile_image as profile14_10_,
        user0_.res_red_number as res_red15_10_,
        user0_.score as score16_10_ 
    from
        user user0_
Hibernate: 
    select
        roles0_.user_id as user_id1_11_0_,
        roles0_.roles as roles2_11_0_ 
    from
        user_roles roles0_ 
    where
        roles0_.user_id=?
Hibernate: 
    select
        roles0_.user_id as user_id1_11_0_,
        roles0_.roles as roles2_11_0_ 
    from
        user_roles roles0_ 
    where
        roles0_.user_id=?
Hibernate: 
    select
        roles0_.user_id as user_id1_11_0_,
        roles0_.roles as roles2_11_0_ 
    from
        user_roles roles0_ 
    where
        roles0_.user_id=?
Hibernate: 
    select
        roles0_.user_id as user_id1_11_0_,
        roles0_.roles as roles2_11_0_ 
    from
        user_roles roles0_ 
    where
        roles0_.user_id=?
Hibernate: 
    select
        roles0_.user_id as user_id1_11_0_,
        roles0_.roles as roles2_11_0_ 
    from
        user_roles roles0_ 
    where
        roles0_.user_id=?
Hibernate: 
    insert 
    into
        meeting_pin
        (created_at, updated_at, category, content, user_id, date, latitude, longitude, max_age, min_age, set_gender, set_limit, title) 
    values
        (?, ?, ?, ?, ?, ?, ?, ?, ?, ?, ?, ?, ?)
Hibernate: 
    select
        user0_.id as id1_10_,
        user0_.created_at as created_2_10_,
        user0_.updated_at as updated_3_10_,
        user0_.age as age4_10_,
        user0_.background_image as backgrou5_10_,
        user0_.email as email6_10_,
        user0_.gender as gender7_10_,
        user0_.hobby as hobby8_10_,
        user0_.introduce as introduc9_10_,
        user0_.job as job10_10_,
        user0_.name as name11_10_,
        user0_.nick_name as nick_na12_10_,
        user0_.phone_num as phone_n13_10_,
        user0_.profile_image as profile14_10_,
        user0_.res_red_number as res_red15_10_,
        user0_.score as score16_10_ 
    from
        user user0_
Hibernate: 
    select
        roles0_.user_id as user_id1_11_0_,
        roles0_.roles as roles2_11_0_ 
    from
        user_roles roles0_ 
    where
        roles0_.user_id=?
Hibernate: 
    select
        roles0_.user_id as user_id1_11_0_,
        roles0_.roles as roles2_11_0_ 
    from
        user_roles roles0_ 
    where
        roles0_.user_id=?
Hibernate: 
    select
        roles0_.user_id as user_id1_11_0_,
        roles0_.roles as roles2_11_0_ 
    from
        user_roles roles0_ 
    where
        roles0_.user_id=?
Hibernate: 
    select
        roles0_.user_id as user_id1_11_0_,
        roles0_.roles as roles2_11_0_ 
    from
        user_roles roles0_ 
    where
        roles0_.user_id=?
Hibernate: 
    select
        roles0_.user_id as user_id1_11_0_,
        roles0_.roles as roles2_11_0_ 
    from
        user_roles roles0_ 
    where
        roles0_.user_id=?
Hibernate: 
    insert 
    into
        meeting_pin
        (created_at, updated_at, category, content, user_id, date, latitude, longitude, max_age, min_age, set_gender, set_limit, title) 
    values
        (?, ?, ?, ?, ?, ?, ?, ?, ?, ?, ?, ?, ?)
Hibernate: 
    select
        user0_.id as id1_10_,
        user0_.created_at as created_2_10_,
        user0_.updated_at as updated_3_10_,
        user0_.age as age4_10_,
        user0_.background_image as backgrou5_10_,
        user0_.email as email6_10_,
        user0_.gender as gender7_10_,
        user0_.hobby as hobby8_10_,
        user0_.introduce as introduc9_10_,
        user0_.job as job10_10_,
        user0_.name as name11_10_,
        user0_.nick_name as nick_na12_10_,
        user0_.phone_num as phone_n13_10_,
        user0_.profile_image as profile14_10_,
        user0_.res_red_number as res_red15_10_,
        user0_.score as score16_10_ 
    from
        user user0_
Hibernate: 
    select
        roles0_.user_id as user_id1_11_0_,
        roles0_.roles as roles2_11_0_ 
    from
        user_roles roles0_ 
    where
        roles0_.user_id=?
Hibernate: 
    select
        roles0_.user_id as user_id1_11_0_,
        roles0_.roles as roles2_11_0_ 
    from
        user_roles roles0_ 
    where
        roles0_.user_id=?
Hibernate: 
    select
        roles0_.user_id as user_id1_11_0_,
        roles0_.roles as roles2_11_0_ 
    from
        user_roles roles0_ 
    where
        roles0_.user_id=?
Hibernate: 
    select
        roles0_.user_id as user_id1_11_0_,
        roles0_.roles as roles2_11_0_ 
    from
        user_roles roles0_ 
    where
        roles0_.user_id=?
Hibernate: 
    select
        roles0_.user_id as user_id1_11_0_,
        roles0_.roles as roles2_11_0_ 
    from
        user_roles roles0_ 
    where
        roles0_.user_id=?
Hibernate: 
    insert 
    into
        meeting_pin
        (created_at, updated_at, category, content, user_id, date, latitude, longitude, max_age, min_age, set_gender, set_limit, title) 
    values
        (?, ?, ?, ?, ?, ?, ?, ?, ?, ?, ?, ?, ?)
Hibernate: 
    select
        user0_.id as id1_10_,
        user0_.created_at as created_2_10_,
        user0_.updated_at as updated_3_10_,
        user0_.age as age4_10_,
        user0_.background_image as backgrou5_10_,
        user0_.email as email6_10_,
        user0_.gender as gender7_10_,
        user0_.hobby as hobby8_10_,
        user0_.introduce as introduc9_10_,
        user0_.job as job10_10_,
        user0_.name as name11_10_,
        user0_.nick_name as nick_na12_10_,
        user0_.phone_num as phone_n13_10_,
        user0_.profile_image as profile14_10_,
        user0_.res_red_number as res_red15_10_,
        user0_.score as score16_10_ 
    from
        user user0_
Hibernate: 
    select
        roles0_.user_id as user_id1_11_0_,
        roles0_.roles as roles2_11_0_ 
    from
        user_roles roles0_ 
    where
        roles0_.user_id=?
Hibernate: 
    select
        roles0_.user_id as user_id1_11_0_,
        roles0_.roles as roles2_11_0_ 
    from
        user_roles roles0_ 
    where
        roles0_.user_id=?
Hibernate: 
    select
        roles0_.user_id as user_id1_11_0_,
        roles0_.roles as roles2_11_0_ 
    from
        user_roles roles0_ 
    where
        roles0_.user_id=?
Hibernate: 
    select
        roles0_.user_id as user_id1_11_0_,
        roles0_.roles as roles2_11_0_ 
    from
        user_roles roles0_ 
    where
        roles0_.user_id=?
Hibernate: 
    select
        roles0_.user_id as user_id1_11_0_,
        roles0_.roles as roles2_11_0_ 
    from
        user_roles roles0_ 
    where
        roles0_.user_id=?
Hibernate: 
    insert 
    into
        meeting_pin
        (created_at, updated_at, category, content, user_id, date, latitude, longitude, max_age, min_age, set_gender, set_limit, title) 
    values
        (?, ?, ?, ?, ?, ?, ?, ?, ?, ?, ?, ?, ?)
Hibernate: 
    select
        user0_.id as id1_10_,
        user0_.created_at as created_2_10_,
        user0_.updated_at as updated_3_10_,
        user0_.age as age4_10_,
        user0_.background_image as backgrou5_10_,
        user0_.email as email6_10_,
        user0_.gender as gender7_10_,
        user0_.hobby as hobby8_10_,
        user0_.introduce as introduc9_10_,
        user0_.job as job10_10_,
        user0_.name as name11_10_,
        user0_.nick_name as nick_na12_10_,
        user0_.phone_num as phone_n13_10_,
        user0_.profile_image as profile14_10_,
        user0_.res_red_number as res_red15_10_,
        user0_.score as score16_10_ 
    from
        user user0_
Hibernate: 
    select
        roles0_.user_id as user_id1_11_0_,
        roles0_.roles as roles2_11_0_ 
    from
        user_roles roles0_ 
    where
        roles0_.user_id=?
Hibernate: 
    select
        roles0_.user_id as user_id1_11_0_,
        roles0_.roles as roles2_11_0_ 
    from
        user_roles roles0_ 
    where
        roles0_.user_id=?
Hibernate: 
    select
        roles0_.user_id as user_id1_11_0_,
        roles0_.roles as roles2_11_0_ 
    from
        user_roles roles0_ 
    where
        roles0_.user_id=?
Hibernate: 
    select
        roles0_.user_id as user_id1_11_0_,
        roles0_.roles as roles2_11_0_ 
    from
        user_roles roles0_ 
    where
        roles0_.user_id=?
Hibernate: 
    select
        roles0_.user_id as user_id1_11_0_,
        roles0_.roles as roles2_11_0_ 
    from
        user_roles roles0_ 
    where
        roles0_.user_id=?
Hibernate: 
    insert 
    into
        meeting_pin
        (created_at, updated_at, category, content, user_id, date, latitude, longitude, max_age, min_age, set_gender, set_limit, title) 
    values
        (?, ?, ?, ?, ?, ?, ?, ?, ?, ?, ?, ?, ?)
Hibernate: 
    select
        user0_.id as id1_10_,
        user0_.created_at as created_2_10_,
        user0_.updated_at as updated_3_10_,
        user0_.age as age4_10_,
        user0_.background_image as backgrou5_10_,
        user0_.email as email6_10_,
        user0_.gender as gender7_10_,
        user0_.hobby as hobby8_10_,
        user0_.introduce as introduc9_10_,
        user0_.job as job10_10_,
        user0_.name as name11_10_,
        user0_.nick_name as nick_na12_10_,
        user0_.phone_num as phone_n13_10_,
        user0_.profile_image as profile14_10_,
        user0_.res_red_number as res_red15_10_,
        user0_.score as score16_10_ 
    from
        user user0_
Hibernate: 
    select
        roles0_.user_id as user_id1_11_0_,
        roles0_.roles as roles2_11_0_ 
    from
        user_roles roles0_ 
    where
        roles0_.user_id=?
Hibernate: 
    select
        roles0_.user_id as user_id1_11_0_,
        roles0_.roles as roles2_11_0_ 
    from
        user_roles roles0_ 
    where
        roles0_.user_id=?
Hibernate: 
    select
        roles0_.user_id as user_id1_11_0_,
        roles0_.roles as roles2_11_0_ 
    from
        user_roles roles0_ 
    where
        roles0_.user_id=?
Hibernate: 
    select
        roles0_.user_id as user_id1_11_0_,
        roles0_.roles as roles2_11_0_ 
    from
        user_roles roles0_ 
    where
        roles0_.user_id=?
Hibernate: 
    select
        roles0_.user_id as user_id1_11_0_,
        roles0_.roles as roles2_11_0_ 
    from
        user_roles roles0_ 
    where
        roles0_.user_id=?
Hibernate: 
    insert 
    into
        meeting_pin
        (created_at, updated_at, category, content, user_id, date, latitude, longitude, max_age, min_age, set_gender, set_limit, title) 
    values
        (?, ?, ?, ?, ?, ?, ?, ?, ?, ?, ?, ?, ?)
Hibernate: 
    select
        user0_.id as id1_10_,
        user0_.created_at as created_2_10_,
        user0_.updated_at as updated_3_10_,
        user0_.age as age4_10_,
        user0_.background_image as backgrou5_10_,
        user0_.email as email6_10_,
        user0_.gender as gender7_10_,
        user0_.hobby as hobby8_10_,
        user0_.introduce as introduc9_10_,
        user0_.job as job10_10_,
        user0_.name as name11_10_,
        user0_.nick_name as nick_na12_10_,
        user0_.phone_num as phone_n13_10_,
        user0_.profile_image as profile14_10_,
        user0_.res_red_number as res_red15_10_,
        user0_.score as score16_10_ 
    from
        user user0_
Hibernate: 
    select
        roles0_.user_id as user_id1_11_0_,
        roles0_.roles as roles2_11_0_ 
    from
        user_roles roles0_ 
    where
        roles0_.user_id=?
Hibernate: 
    select
        roles0_.user_id as user_id1_11_0_,
        roles0_.roles as roles2_11_0_ 
    from
        user_roles roles0_ 
    where
        roles0_.user_id=?
Hibernate: 
    select
        roles0_.user_id as user_id1_11_0_,
        roles0_.roles as roles2_11_0_ 
    from
        user_roles roles0_ 
    where
        roles0_.user_id=?
Hibernate: 
    select
        roles0_.user_id as user_id1_11_0_,
        roles0_.roles as roles2_11_0_ 
    from
        user_roles roles0_ 
    where
        roles0_.user_id=?
Hibernate: 
    select
        roles0_.user_id as user_id1_11_0_,
        roles0_.roles as roles2_11_0_ 
    from
        user_roles roles0_ 
    where
        roles0_.user_id=?
Hibernate: 
    insert 
    into
        meeting_pin
        (created_at, updated_at, category, content, user_id, date, latitude, longitude, max_age, min_age, set_gender, set_limit, title) 
    values
        (?, ?, ?, ?, ?, ?, ?, ?, ?, ?, ?, ?, ?)
Hibernate: 
    select
        user0_.id as id1_10_,
        user0_.created_at as created_2_10_,
        user0_.updated_at as updated_3_10_,
        user0_.age as age4_10_,
        user0_.background_image as backgrou5_10_,
        user0_.email as email6_10_,
        user0_.gender as gender7_10_,
        user0_.hobby as hobby8_10_,
        user0_.introduce as introduc9_10_,
        user0_.job as job10_10_,
        user0_.name as name11_10_,
        user0_.nick_name as nick_na12_10_,
        user0_.phone_num as phone_n13_10_,
        user0_.profile_image as profile14_10_,
        user0_.res_red_number as res_red15_10_,
        user0_.score as score16_10_ 
    from
        user user0_
Hibernate: 
    select
        roles0_.user_id as user_id1_11_0_,
        roles0_.roles as roles2_11_0_ 
    from
        user_roles roles0_ 
    where
        roles0_.user_id=?
Hibernate: 
    select
        roles0_.user_id as user_id1_11_0_,
        roles0_.roles as roles2_11_0_ 
    from
        user_roles roles0_ 
    where
        roles0_.user_id=?
Hibernate: 
    select
        roles0_.user_id as user_id1_11_0_,
        roles0_.roles as roles2_11_0_ 
    from
        user_roles roles0_ 
    where
        roles0_.user_id=?
Hibernate: 
    select
        roles0_.user_id as user_id1_11_0_,
        roles0_.roles as roles2_11_0_ 
    from
        user_roles roles0_ 
    where
        roles0_.user_id=?
Hibernate: 
    select
        roles0_.user_id as user_id1_11_0_,
        roles0_.roles as roles2_11_0_ 
    from
        user_roles roles0_ 
    where
        roles0_.user_id=?
Hibernate: 
    insert 
    into
        meeting_pin
        (created_at, updated_at, category, content, user_id, date, latitude, longitude, max_age, min_age, set_gender, set_limit, title) 
    values
        (?, ?, ?, ?, ?, ?, ?, ?, ?, ?, ?, ?, ?)
Hibernate: 
    select
        user0_.id as id1_10_,
        user0_.created_at as created_2_10_,
        user0_.updated_at as updated_3_10_,
        user0_.age as age4_10_,
        user0_.background_image as backgrou5_10_,
        user0_.email as email6_10_,
        user0_.gender as gender7_10_,
        user0_.hobby as hobby8_10_,
        user0_.introduce as introduc9_10_,
        user0_.job as job10_10_,
        user0_.name as name11_10_,
        user0_.nick_name as nick_na12_10_,
        user0_.phone_num as phone_n13_10_,
        user0_.profile_image as profile14_10_,
        user0_.res_red_number as res_red15_10_,
        user0_.score as score16_10_ 
    from
        user user0_
Hibernate: 
    select
        roles0_.user_id as user_id1_11_0_,
        roles0_.roles as roles2_11_0_ 
    from
        user_roles roles0_ 
    where
        roles0_.user_id=?
Hibernate: 
    select
        roles0_.user_id as user_id1_11_0_,
        roles0_.roles as roles2_11_0_ 
    from
        user_roles roles0_ 
    where
        roles0_.user_id=?
Hibernate: 
    select
        roles0_.user_id as user_id1_11_0_,
        roles0_.roles as roles2_11_0_ 
    from
        user_roles roles0_ 
    where
        roles0_.user_id=?
Hibernate: 
    select
        roles0_.user_id as user_id1_11_0_,
        roles0_.roles as roles2_11_0_ 
    from
        user_roles roles0_ 
    where
        roles0_.user_id=?
Hibernate: 
    select
        roles0_.user_id as user_id1_11_0_,
        roles0_.roles as roles2_11_0_ 
    from
        user_roles roles0_ 
    where
        roles0_.user_id=?
Hibernate: 
    insert 
    into
        meeting_pin
        (created_at, updated_at, category, content, user_id, date, latitude, longitude, max_age, min_age, set_gender, set_limit, title) 
    values
        (?, ?, ?, ?, ?, ?, ?, ?, ?, ?, ?, ?, ?)
Hibernate: 
    select
        user0_.id as id1_10_,
        user0_.created_at as created_2_10_,
        user0_.updated_at as updated_3_10_,
        user0_.age as age4_10_,
        user0_.background_image as backgrou5_10_,
        user0_.email as email6_10_,
        user0_.gender as gender7_10_,
        user0_.hobby as hobby8_10_,
        user0_.introduce as introduc9_10_,
        user0_.job as job10_10_,
        user0_.name as name11_10_,
        user0_.nick_name as nick_na12_10_,
        user0_.phone_num as phone_n13_10_,
        user0_.profile_image as profile14_10_,
        user0_.res_red_number as res_red15_10_,
        user0_.score as score16_10_ 
    from
        user user0_
Hibernate: 
    select
        roles0_.user_id as user_id1_11_0_,
        roles0_.roles as roles2_11_0_ 
    from
        user_roles roles0_ 
    where
        roles0_.user_id=?
Hibernate: 
    select
        roles0_.user_id as user_id1_11_0_,
        roles0_.roles as roles2_11_0_ 
    from
        user_roles roles0_ 
    where
        roles0_.user_id=?
Hibernate: 
    select
        roles0_.user_id as user_id1_11_0_,
        roles0_.roles as roles2_11_0_ 
    from
        user_roles roles0_ 
    where
        roles0_.user_id=?
Hibernate: 
    select
        roles0_.user_id as user_id1_11_0_,
        roles0_.roles as roles2_11_0_ 
    from
        user_roles roles0_ 
    where
        roles0_.user_id=?
Hibernate: 
    select
        roles0_.user_id as user_id1_11_0_,
        roles0_.roles as roles2_11_0_ 
    from
        user_roles roles0_ 
    where
        roles0_.user_id=?
Hibernate: 
    insert 
    into
        meeting_pin
        (created_at, updated_at, category, content, user_id, date, latitude, longitude, max_age, min_age, set_gender, set_limit, title) 
    values
        (?, ?, ?, ?, ?, ?, ?, ?, ?, ?, ?, ?, ?)
Hibernate: 
    select
        user0_.id as id1_10_,
        user0_.created_at as created_2_10_,
        user0_.updated_at as updated_3_10_,
        user0_.age as age4_10_,
        user0_.background_image as backgrou5_10_,
        user0_.email as email6_10_,
        user0_.gender as gender7_10_,
        user0_.hobby as hobby8_10_,
        user0_.introduce as introduc9_10_,
        user0_.job as job10_10_,
        user0_.name as name11_10_,
        user0_.nick_name as nick_na12_10_,
        user0_.phone_num as phone_n13_10_,
        user0_.profile_image as profile14_10_,
        user0_.res_red_number as res_red15_10_,
        user0_.score as score16_10_ 
    from
        user user0_
Hibernate: 
    select
        roles0_.user_id as user_id1_11_0_,
        roles0_.roles as roles2_11_0_ 
    from
        user_roles roles0_ 
    where
        roles0_.user_id=?
Hibernate: 
    select
        roles0_.user_id as user_id1_11_0_,
        roles0_.roles as roles2_11_0_ 
    from
        user_roles roles0_ 
    where
        roles0_.user_id=?
Hibernate: 
    select
        roles0_.user_id as user_id1_11_0_,
        roles0_.roles as roles2_11_0_ 
    from
        user_roles roles0_ 
    where
        roles0_.user_id=?
Hibernate: 
    select
        roles0_.user_id as user_id1_11_0_,
        roles0_.roles as roles2_11_0_ 
    from
        user_roles roles0_ 
    where
        roles0_.user_id=?
Hibernate: 
    select
        roles0_.user_id as user_id1_11_0_,
        roles0_.roles as roles2_11_0_ 
    from
        user_roles roles0_ 
    where
        roles0_.user_id=?
Hibernate: 
    insert 
    into
        meeting_pin
        (created_at, updated_at, category, content, user_id, date, latitude, longitude, max_age, min_age, set_gender, set_limit, title) 
    values
        (?, ?, ?, ?, ?, ?, ?, ?, ?, ?, ?, ?, ?)
Hibernate: 
    select
        user0_.id as id1_10_,
        user0_.created_at as created_2_10_,
        user0_.updated_at as updated_3_10_,
        user0_.age as age4_10_,
        user0_.background_image as backgrou5_10_,
        user0_.email as email6_10_,
        user0_.gender as gender7_10_,
        user0_.hobby as hobby8_10_,
        user0_.introduce as introduc9_10_,
        user0_.job as job10_10_,
        user0_.name as name11_10_,
        user0_.nick_name as nick_na12_10_,
        user0_.phone_num as phone_n13_10_,
        user0_.profile_image as profile14_10_,
        user0_.res_red_number as res_red15_10_,
        user0_.score as score16_10_ 
    from
        user user0_
Hibernate: 
    select
        roles0_.user_id as user_id1_11_0_,
        roles0_.roles as roles2_11_0_ 
    from
        user_roles roles0_ 
    where
        roles0_.user_id=?
Hibernate: 
    select
        roles0_.user_id as user_id1_11_0_,
        roles0_.roles as roles2_11_0_ 
    from
        user_roles roles0_ 
    where
        roles0_.user_id=?
Hibernate: 
    select
        roles0_.user_id as user_id1_11_0_,
        roles0_.roles as roles2_11_0_ 
    from
        user_roles roles0_ 
    where
        roles0_.user_id=?
Hibernate: 
    select
        roles0_.user_id as user_id1_11_0_,
        roles0_.roles as roles2_11_0_ 
    from
        user_roles roles0_ 
    where
        roles0_.user_id=?
Hibernate: 
    select
        roles0_.user_id as user_id1_11_0_,
        roles0_.roles as roles2_11_0_ 
    from
        user_roles roles0_ 
    where
        roles0_.user_id=?
Hibernate: 
    insert 
    into
        meeting_pin
        (created_at, updated_at, category, content, user_id, date, latitude, longitude, max_age, min_age, set_gender, set_limit, title) 
    values
        (?, ?, ?, ?, ?, ?, ?, ?, ?, ?, ?, ?, ?)
Hibernate: 
    select
        user0_.id as id1_10_,
        user0_.created_at as created_2_10_,
        user0_.updated_at as updated_3_10_,
        user0_.age as age4_10_,
        user0_.background_image as backgrou5_10_,
        user0_.email as email6_10_,
        user0_.gender as gender7_10_,
        user0_.hobby as hobby8_10_,
        user0_.introduce as introduc9_10_,
        user0_.job as job10_10_,
        user0_.name as name11_10_,
        user0_.nick_name as nick_na12_10_,
        user0_.phone_num as phone_n13_10_,
        user0_.profile_image as profile14_10_,
        user0_.res_red_number as res_red15_10_,
        user0_.score as score16_10_ 
    from
        user user0_
Hibernate: 
    select
        roles0_.user_id as user_id1_11_0_,
        roles0_.roles as roles2_11_0_ 
    from
        user_roles roles0_ 
    where
        roles0_.user_id=?
Hibernate: 
    select
        roles0_.user_id as user_id1_11_0_,
        roles0_.roles as roles2_11_0_ 
    from
        user_roles roles0_ 
    where
        roles0_.user_id=?
Hibernate: 
    select
        roles0_.user_id as user_id1_11_0_,
        roles0_.roles as roles2_11_0_ 
    from
        user_roles roles0_ 
    where
        roles0_.user_id=?
Hibernate: 
    select
        roles0_.user_id as user_id1_11_0_,
        roles0_.roles as roles2_11_0_ 
    from
        user_roles roles0_ 
    where
        roles0_.user_id=?
Hibernate: 
    select
        roles0_.user_id as user_id1_11_0_,
        roles0_.roles as roles2_11_0_ 
    from
        user_roles roles0_ 
    where
        roles0_.user_id=?
Hibernate: 
    insert 
    into
        meeting_pin
        (created_at, updated_at, category, content, user_id, date, latitude, longitude, max_age, min_age, set_gender, set_limit, title) 
    values
        (?, ?, ?, ?, ?, ?, ?, ?, ?, ?, ?, ?, ?)
Hibernate: 
    select
        user0_.id as id1_10_,
        user0_.created_at as created_2_10_,
        user0_.updated_at as updated_3_10_,
        user0_.age as age4_10_,
        user0_.background_image as backgrou5_10_,
        user0_.email as email6_10_,
        user0_.gender as gender7_10_,
        user0_.hobby as hobby8_10_,
        user0_.introduce as introduc9_10_,
        user0_.job as job10_10_,
        user0_.name as name11_10_,
        user0_.nick_name as nick_na12_10_,
        user0_.phone_num as phone_n13_10_,
        user0_.profile_image as profile14_10_,
        user0_.res_red_number as res_red15_10_,
        user0_.score as score16_10_ 
    from
        user user0_
Hibernate: 
    select
        roles0_.user_id as user_id1_11_0_,
        roles0_.roles as roles2_11_0_ 
    from
        user_roles roles0_ 
    where
        roles0_.user_id=?
Hibernate: 
    select
        roles0_.user_id as user_id1_11_0_,
        roles0_.roles as roles2_11_0_ 
    from
        user_roles roles0_ 
    where
        roles0_.user_id=?
Hibernate: 
    select
        roles0_.user_id as user_id1_11_0_,
        roles0_.roles as roles2_11_0_ 
    from
        user_roles roles0_ 
    where
        roles0_.user_id=?
Hibernate: 
    select
        roles0_.user_id as user_id1_11_0_,
        roles0_.roles as roles2_11_0_ 
    from
        user_roles roles0_ 
    where
        roles0_.user_id=?
Hibernate: 
    select
        roles0_.user_id as user_id1_11_0_,
        roles0_.roles as roles2_11_0_ 
    from
        user_roles roles0_ 
    where
        roles0_.user_id=?
Hibernate: 
    insert 
    into
        meeting_pin
        (created_at, updated_at, category, content, user_id, date, latitude, longitude, max_age, min_age, set_gender, set_limit, title) 
    values
        (?, ?, ?, ?, ?, ?, ?, ?, ?, ?, ?, ?, ?)
Hibernate: 
    select
        user0_.id as id1_10_,
        user0_.created_at as created_2_10_,
        user0_.updated_at as updated_3_10_,
        user0_.age as age4_10_,
        user0_.background_image as backgrou5_10_,
        user0_.email as email6_10_,
        user0_.gender as gender7_10_,
        user0_.hobby as hobby8_10_,
        user0_.introduce as introduc9_10_,
        user0_.job as job10_10_,
        user0_.name as name11_10_,
        user0_.nick_name as nick_na12_10_,
        user0_.phone_num as phone_n13_10_,
        user0_.profile_image as profile14_10_,
        user0_.res_red_number as res_red15_10_,
        user0_.score as score16_10_ 
    from
        user user0_
Hibernate: 
    select
        roles0_.user_id as user_id1_11_0_,
        roles0_.roles as roles2_11_0_ 
    from
        user_roles roles0_ 
    where
        roles0_.user_id=?
Hibernate: 
    select
        roles0_.user_id as user_id1_11_0_,
        roles0_.roles as roles2_11_0_ 
    from
        user_roles roles0_ 
    where
        roles0_.user_id=?
Hibernate: 
    select
        roles0_.user_id as user_id1_11_0_,
        roles0_.roles as roles2_11_0_ 
    from
        user_roles roles0_ 
    where
        roles0_.user_id=?
Hibernate: 
    select
        roles0_.user_id as user_id1_11_0_,
        roles0_.roles as roles2_11_0_ 
    from
        user_roles roles0_ 
    where
        roles0_.user_id=?
Hibernate: 
    select
        roles0_.user_id as user_id1_11_0_,
        roles0_.roles as roles2_11_0_ 
    from
        user_roles roles0_ 
    where
        roles0_.user_id=?
Hibernate: 
    insert 
    into
        meeting_pin
        (created_at, updated_at, category, content, user_id, date, latitude, longitude, max_age, min_age, set_gender, set_limit, title) 
    values
        (?, ?, ?, ?, ?, ?, ?, ?, ?, ?, ?, ?, ?)
Hibernate: 
    select
        user0_.id as id1_10_,
        user0_.created_at as created_2_10_,
        user0_.updated_at as updated_3_10_,
        user0_.age as age4_10_,
        user0_.background_image as backgrou5_10_,
        user0_.email as email6_10_,
        user0_.gender as gender7_10_,
        user0_.hobby as hobby8_10_,
        user0_.introduce as introduc9_10_,
        user0_.job as job10_10_,
        user0_.name as name11_10_,
        user0_.nick_name as nick_na12_10_,
        user0_.phone_num as phone_n13_10_,
        user0_.profile_image as profile14_10_,
        user0_.res_red_number as res_red15_10_,
        user0_.score as score16_10_ 
    from
        user user0_
Hibernate: 
    select
        roles0_.user_id as user_id1_11_0_,
        roles0_.roles as roles2_11_0_ 
    from
        user_roles roles0_ 
    where
        roles0_.user_id=?
Hibernate: 
    select
        roles0_.user_id as user_id1_11_0_,
        roles0_.roles as roles2_11_0_ 
    from
        user_roles roles0_ 
    where
        roles0_.user_id=?
Hibernate: 
    select
        roles0_.user_id as user_id1_11_0_,
        roles0_.roles as roles2_11_0_ 
    from
        user_roles roles0_ 
    where
        roles0_.user_id=?
Hibernate: 
    select
        roles0_.user_id as user_id1_11_0_,
        roles0_.roles as roles2_11_0_ 
    from
        user_roles roles0_ 
    where
        roles0_.user_id=?
Hibernate: 
    select
        roles0_.user_id as user_id1_11_0_,
        roles0_.roles as roles2_11_0_ 
    from
        user_roles roles0_ 
    where
        roles0_.user_id=?
Hibernate: 
    insert 
    into
        meeting_pin
        (created_at, updated_at, category, content, user_id, date, latitude, longitude, max_age, min_age, set_gender, set_limit, title) 
    values
        (?, ?, ?, ?, ?, ?, ?, ?, ?, ?, ?, ?, ?)
Hibernate: 
    select
        user0_.id as id1_10_,
        user0_.created_at as created_2_10_,
        user0_.updated_at as updated_3_10_,
        user0_.age as age4_10_,
        user0_.background_image as backgrou5_10_,
        user0_.email as email6_10_,
        user0_.gender as gender7_10_,
        user0_.hobby as hobby8_10_,
        user0_.introduce as introduc9_10_,
        user0_.job as job10_10_,
        user0_.name as name11_10_,
        user0_.nick_name as nick_na12_10_,
        user0_.phone_num as phone_n13_10_,
        user0_.profile_image as profile14_10_,
        user0_.res_red_number as res_red15_10_,
        user0_.score as score16_10_ 
    from
        user user0_
Hibernate: 
    select
        roles0_.user_id as user_id1_11_0_,
        roles0_.roles as roles2_11_0_ 
    from
        user_roles roles0_ 
    where
        roles0_.user_id=?
Hibernate: 
    select
        roles0_.user_id as user_id1_11_0_,
        roles0_.roles as roles2_11_0_ 
    from
        user_roles roles0_ 
    where
        roles0_.user_id=?
Hibernate: 
    select
        roles0_.user_id as user_id1_11_0_,
        roles0_.roles as roles2_11_0_ 
    from
        user_roles roles0_ 
    where
        roles0_.user_id=?
Hibernate: 
    select
        roles0_.user_id as user_id1_11_0_,
        roles0_.roles as roles2_11_0_ 
    from
        user_roles roles0_ 
    where
        roles0_.user_id=?
Hibernate: 
    select
        roles0_.user_id as user_id1_11_0_,
        roles0_.roles as roles2_11_0_ 
    from
        user_roles roles0_ 
    where
        roles0_.user_id=?
Hibernate: 
    insert 
    into
        meeting_pin
        (created_at, updated_at, category, content, user_id, date, latitude, longitude, max_age, min_age, set_gender, set_limit, title) 
    values
        (?, ?, ?, ?, ?, ?, ?, ?, ?, ?, ?, ?, ?)
Hibernate: 
    select
        user0_.id as id1_10_,
        user0_.created_at as created_2_10_,
        user0_.updated_at as updated_3_10_,
        user0_.age as age4_10_,
        user0_.background_image as backgrou5_10_,
        user0_.email as email6_10_,
        user0_.gender as gender7_10_,
        user0_.hobby as hobby8_10_,
        user0_.introduce as introduc9_10_,
        user0_.job as job10_10_,
        user0_.name as name11_10_,
        user0_.nick_name as nick_na12_10_,
        user0_.phone_num as phone_n13_10_,
        user0_.profile_image as profile14_10_,
        user0_.res_red_number as res_red15_10_,
        user0_.score as score16_10_ 
    from
        user user0_
Hibernate: 
    select
        roles0_.user_id as user_id1_11_0_,
        roles0_.roles as roles2_11_0_ 
    from
        user_roles roles0_ 
    where
        roles0_.user_id=?
Hibernate: 
    select
        roles0_.user_id as user_id1_11_0_,
        roles0_.roles as roles2_11_0_ 
    from
        user_roles roles0_ 
    where
        roles0_.user_id=?
Hibernate: 
    select
        roles0_.user_id as user_id1_11_0_,
        roles0_.roles as roles2_11_0_ 
    from
        user_roles roles0_ 
    where
        roles0_.user_id=?
Hibernate: 
    select
        roles0_.user_id as user_id1_11_0_,
        roles0_.roles as roles2_11_0_ 
    from
        user_roles roles0_ 
    where
        roles0_.user_id=?
Hibernate: 
    select
        roles0_.user_id as user_id1_11_0_,
        roles0_.roles as roles2_11_0_ 
    from
        user_roles roles0_ 
    where
        roles0_.user_id=?
Hibernate: 
    insert 
    into
        meeting_pin
        (created_at, updated_at, category, content, user_id, date, latitude, longitude, max_age, min_age, set_gender, set_limit, title) 
    values
        (?, ?, ?, ?, ?, ?, ?, ?, ?, ?, ?, ?, ?)
Hibernate: 
    select
        user0_.id as id1_10_,
        user0_.created_at as created_2_10_,
        user0_.updated_at as updated_3_10_,
        user0_.age as age4_10_,
        user0_.background_image as backgrou5_10_,
        user0_.email as email6_10_,
        user0_.gender as gender7_10_,
        user0_.hobby as hobby8_10_,
        user0_.introduce as introduc9_10_,
        user0_.job as job10_10_,
        user0_.name as name11_10_,
        user0_.nick_name as nick_na12_10_,
        user0_.phone_num as phone_n13_10_,
        user0_.profile_image as profile14_10_,
        user0_.res_red_number as res_red15_10_,
        user0_.score as score16_10_ 
    from
        user user0_
Hibernate: 
    select
        roles0_.user_id as user_id1_11_0_,
        roles0_.roles as roles2_11_0_ 
    from
        user_roles roles0_ 
    where
        roles0_.user_id=?
Hibernate: 
    select
        roles0_.user_id as user_id1_11_0_,
        roles0_.roles as roles2_11_0_ 
    from
        user_roles roles0_ 
    where
        roles0_.user_id=?
Hibernate: 
    select
        roles0_.user_id as user_id1_11_0_,
        roles0_.roles as roles2_11_0_ 
    from
        user_roles roles0_ 
    where
        roles0_.user_id=?
Hibernate: 
    select
        roles0_.user_id as user_id1_11_0_,
        roles0_.roles as roles2_11_0_ 
    from
        user_roles roles0_ 
    where
        roles0_.user_id=?
Hibernate: 
    select
        roles0_.user_id as user_id1_11_0_,
        roles0_.roles as roles2_11_0_ 
    from
        user_roles roles0_ 
    where
        roles0_.user_id=?
Hibernate: 
    insert 
    into
        meeting_pin
        (created_at, updated_at, category, content, user_id, date, latitude, longitude, max_age, min_age, set_gender, set_limit, title) 
    values
        (?, ?, ?, ?, ?, ?, ?, ?, ?, ?, ?, ?, ?)
Hibernate: 
    select
        user0_.id as id1_10_,
        user0_.created_at as created_2_10_,
        user0_.updated_at as updated_3_10_,
        user0_.age as age4_10_,
        user0_.background_image as backgrou5_10_,
        user0_.email as email6_10_,
        user0_.gender as gender7_10_,
        user0_.hobby as hobby8_10_,
        user0_.introduce as introduc9_10_,
        user0_.job as job10_10_,
        user0_.name as name11_10_,
        user0_.nick_name as nick_na12_10_,
        user0_.phone_num as phone_n13_10_,
        user0_.profile_image as profile14_10_,
        user0_.res_red_number as res_red15_10_,
        user0_.score as score16_10_ 
    from
        user user0_
Hibernate: 
    select
        roles0_.user_id as user_id1_11_0_,
        roles0_.roles as roles2_11_0_ 
    from
        user_roles roles0_ 
    where
        roles0_.user_id=?
Hibernate: 
    select
        roles0_.user_id as user_id1_11_0_,
        roles0_.roles as roles2_11_0_ 
    from
        user_roles roles0_ 
    where
        roles0_.user_id=?
Hibernate: 
    select
        roles0_.user_id as user_id1_11_0_,
        roles0_.roles as roles2_11_0_ 
    from
        user_roles roles0_ 
    where
        roles0_.user_id=?
Hibernate: 
    select
        roles0_.user_id as user_id1_11_0_,
        roles0_.roles as roles2_11_0_ 
    from
        user_roles roles0_ 
    where
        roles0_.user_id=?
Hibernate: 
    select
        roles0_.user_id as user_id1_11_0_,
        roles0_.roles as roles2_11_0_ 
    from
        user_roles roles0_ 
    where
        roles0_.user_id=?
Hibernate: 
    insert 
    into
        meeting_pin
        (created_at, updated_at, category, content, user_id, date, latitude, longitude, max_age, min_age, set_gender, set_limit, title) 
    values
        (?, ?, ?, ?, ?, ?, ?, ?, ?, ?, ?, ?, ?)
Hibernate: 
    select
        user0_.id as id1_10_,
        user0_.created_at as created_2_10_,
        user0_.updated_at as updated_3_10_,
        user0_.age as age4_10_,
        user0_.background_image as backgrou5_10_,
        user0_.email as email6_10_,
        user0_.gender as gender7_10_,
        user0_.hobby as hobby8_10_,
        user0_.introduce as introduc9_10_,
        user0_.job as job10_10_,
        user0_.name as name11_10_,
        user0_.nick_name as nick_na12_10_,
        user0_.phone_num as phone_n13_10_,
        user0_.profile_image as profile14_10_,
        user0_.res_red_number as res_red15_10_,
        user0_.score as score16_10_ 
    from
        user user0_
Hibernate: 
    select
        roles0_.user_id as user_id1_11_0_,
        roles0_.roles as roles2_11_0_ 
    from
        user_roles roles0_ 
    where
        roles0_.user_id=?
Hibernate: 
    select
        roles0_.user_id as user_id1_11_0_,
        roles0_.roles as roles2_11_0_ 
    from
        user_roles roles0_ 
    where
        roles0_.user_id=?
Hibernate: 
    select
        roles0_.user_id as user_id1_11_0_,
        roles0_.roles as roles2_11_0_ 
    from
        user_roles roles0_ 
    where
        roles0_.user_id=?
Hibernate: 
    select
        roles0_.user_id as user_id1_11_0_,
        roles0_.roles as roles2_11_0_ 
    from
        user_roles roles0_ 
    where
        roles0_.user_id=?
Hibernate: 
    select
        roles0_.user_id as user_id1_11_0_,
        roles0_.roles as roles2_11_0_ 
    from
        user_roles roles0_ 
    where
        roles0_.user_id=?
Hibernate: 
    insert 
    into
        meeting_pin
        (created_at, updated_at, category, content, user_id, date, latitude, longitude, max_age, min_age, set_gender, set_limit, title) 
    values
        (?, ?, ?, ?, ?, ?, ?, ?, ?, ?, ?, ?, ?)
Hibernate: 
    select
        user0_.id as id1_10_,
        user0_.created_at as created_2_10_,
        user0_.updated_at as updated_3_10_,
        user0_.age as age4_10_,
        user0_.background_image as backgrou5_10_,
        user0_.email as email6_10_,
        user0_.gender as gender7_10_,
        user0_.hobby as hobby8_10_,
        user0_.introduce as introduc9_10_,
        user0_.job as job10_10_,
        user0_.name as name11_10_,
        user0_.nick_name as nick_na12_10_,
        user0_.phone_num as phone_n13_10_,
        user0_.profile_image as profile14_10_,
        user0_.res_red_number as res_red15_10_,
        user0_.score as score16_10_ 
    from
        user user0_
Hibernate: 
    select
        roles0_.user_id as user_id1_11_0_,
        roles0_.roles as roles2_11_0_ 
    from
        user_roles roles0_ 
    where
        roles0_.user_id=?
Hibernate: 
    select
        roles0_.user_id as user_id1_11_0_,
        roles0_.roles as roles2_11_0_ 
    from
        user_roles roles0_ 
    where
        roles0_.user_id=?
Hibernate: 
    select
        roles0_.user_id as user_id1_11_0_,
        roles0_.roles as roles2_11_0_ 
    from
        user_roles roles0_ 
    where
        roles0_.user_id=?
Hibernate: 
    select
        roles0_.user_id as user_id1_11_0_,
        roles0_.roles as roles2_11_0_ 
    from
        user_roles roles0_ 
    where
        roles0_.user_id=?
Hibernate: 
    select
        roles0_.user_id as user_id1_11_0_,
        roles0_.roles as roles2_11_0_ 
    from
        user_roles roles0_ 
    where
        roles0_.user_id=?
Hibernate: 
    insert 
    into
        meeting_pin
        (created_at, updated_at, category, content, user_id, date, latitude, longitude, max_age, min_age, set_gender, set_limit, title) 
    values
        (?, ?, ?, ?, ?, ?, ?, ?, ?, ?, ?, ?, ?)
Hibernate: 
    select
        user0_.id as id1_10_,
        user0_.created_at as created_2_10_,
        user0_.updated_at as updated_3_10_,
        user0_.age as age4_10_,
        user0_.background_image as backgrou5_10_,
        user0_.email as email6_10_,
        user0_.gender as gender7_10_,
        user0_.hobby as hobby8_10_,
        user0_.introduce as introduc9_10_,
        user0_.job as job10_10_,
        user0_.name as name11_10_,
        user0_.nick_name as nick_na12_10_,
        user0_.phone_num as phone_n13_10_,
        user0_.profile_image as profile14_10_,
        user0_.res_red_number as res_red15_10_,
        user0_.score as score16_10_ 
    from
        user user0_
Hibernate: 
    select
        roles0_.user_id as user_id1_11_0_,
        roles0_.roles as roles2_11_0_ 
    from
        user_roles roles0_ 
    where
        roles0_.user_id=?
Hibernate: 
    select
        roles0_.user_id as user_id1_11_0_,
        roles0_.roles as roles2_11_0_ 
    from
        user_roles roles0_ 
    where
        roles0_.user_id=?
Hibernate: 
    select
        roles0_.user_id as user_id1_11_0_,
        roles0_.roles as roles2_11_0_ 
    from
        user_roles roles0_ 
    where
        roles0_.user_id=?
Hibernate: 
    select
        roles0_.user_id as user_id1_11_0_,
        roles0_.roles as roles2_11_0_ 
    from
        user_roles roles0_ 
    where
        roles0_.user_id=?
Hibernate: 
    select
        roles0_.user_id as user_id1_11_0_,
        roles0_.roles as roles2_11_0_ 
    from
        user_roles roles0_ 
    where
        roles0_.user_id=?
Hibernate: 
    insert 
    into
        meeting_pin
        (created_at, updated_at, category, content, user_id, date, latitude, longitude, max_age, min_age, set_gender, set_limit, title) 
    values
        (?, ?, ?, ?, ?, ?, ?, ?, ?, ?, ?, ?, ?)
Hibernate: 
    select
        user0_.id as id1_10_,
        user0_.created_at as created_2_10_,
        user0_.updated_at as updated_3_10_,
        user0_.age as age4_10_,
        user0_.background_image as backgrou5_10_,
        user0_.email as email6_10_,
        user0_.gender as gender7_10_,
        user0_.hobby as hobby8_10_,
        user0_.introduce as introduc9_10_,
        user0_.job as job10_10_,
        user0_.name as name11_10_,
        user0_.nick_name as nick_na12_10_,
        user0_.phone_num as phone_n13_10_,
        user0_.profile_image as profile14_10_,
        user0_.res_red_number as res_red15_10_,
        user0_.score as score16_10_ 
    from
        user user0_
Hibernate: 
    select
        roles0_.user_id as user_id1_11_0_,
        roles0_.roles as roles2_11_0_ 
    from
        user_roles roles0_ 
    where
        roles0_.user_id=?
Hibernate: 
    select
        roles0_.user_id as user_id1_11_0_,
        roles0_.roles as roles2_11_0_ 
    from
        user_roles roles0_ 
    where
        roles0_.user_id=?
Hibernate: 
    select
        roles0_.user_id as user_id1_11_0_,
        roles0_.roles as roles2_11_0_ 
    from
        user_roles roles0_ 
    where
        roles0_.user_id=?
Hibernate: 
    select
        roles0_.user_id as user_id1_11_0_,
        roles0_.roles as roles2_11_0_ 
    from
        user_roles roles0_ 
    where
        roles0_.user_id=?
Hibernate: 
    select
        roles0_.user_id as user_id1_11_0_,
        roles0_.roles as roles2_11_0_ 
    from
        user_roles roles0_ 
    where
        roles0_.user_id=?
Hibernate: 
    insert 
    into
        meeting_pin
        (created_at, updated_at, category, content, user_id, date, latitude, longitude, max_age, min_age, set_gender, set_limit, title) 
    values
        (?, ?, ?, ?, ?, ?, ?, ?, ?, ?, ?, ?, ?)
Hibernate: 
    select
        user0_.id as id1_10_,
        user0_.created_at as created_2_10_,
        user0_.updated_at as updated_3_10_,
        user0_.age as age4_10_,
        user0_.background_image as backgrou5_10_,
        user0_.email as email6_10_,
        user0_.gender as gender7_10_,
        user0_.hobby as hobby8_10_,
        user0_.introduce as introduc9_10_,
        user0_.job as job10_10_,
        user0_.name as name11_10_,
        user0_.nick_name as nick_na12_10_,
        user0_.phone_num as phone_n13_10_,
        user0_.profile_image as profile14_10_,
        user0_.res_red_number as res_red15_10_,
        user0_.score as score16_10_ 
    from
        user user0_
Hibernate: 
    select
        roles0_.user_id as user_id1_11_0_,
        roles0_.roles as roles2_11_0_ 
    from
        user_roles roles0_ 
    where
        roles0_.user_id=?
Hibernate: 
    select
        roles0_.user_id as user_id1_11_0_,
        roles0_.roles as roles2_11_0_ 
    from
        user_roles roles0_ 
    where
        roles0_.user_id=?
Hibernate: 
    select
        roles0_.user_id as user_id1_11_0_,
        roles0_.roles as roles2_11_0_ 
    from
        user_roles roles0_ 
    where
        roles0_.user_id=?
Hibernate: 
    select
        roles0_.user_id as user_id1_11_0_,
        roles0_.roles as roles2_11_0_ 
    from
        user_roles roles0_ 
    where
        roles0_.user_id=?
Hibernate: 
    select
        roles0_.user_id as user_id1_11_0_,
        roles0_.roles as roles2_11_0_ 
    from
        user_roles roles0_ 
    where
        roles0_.user_id=?
Hibernate: 
    insert 
    into
        meeting_pin
        (created_at, updated_at, category, content, user_id, date, latitude, longitude, max_age, min_age, set_gender, set_limit, title) 
    values
        (?, ?, ?, ?, ?, ?, ?, ?, ?, ?, ?, ?, ?)
Hibernate: 
    select
        user0_.id as id1_10_,
        user0_.created_at as created_2_10_,
        user0_.updated_at as updated_3_10_,
        user0_.age as age4_10_,
        user0_.background_image as backgrou5_10_,
        user0_.email as email6_10_,
        user0_.gender as gender7_10_,
        user0_.hobby as hobby8_10_,
        user0_.introduce as introduc9_10_,
        user0_.job as job10_10_,
        user0_.name as name11_10_,
        user0_.nick_name as nick_na12_10_,
        user0_.phone_num as phone_n13_10_,
        user0_.profile_image as profile14_10_,
        user0_.res_red_number as res_red15_10_,
        user0_.score as score16_10_ 
    from
        user user0_
Hibernate: 
    select
        roles0_.user_id as user_id1_11_0_,
        roles0_.roles as roles2_11_0_ 
    from
        user_roles roles0_ 
    where
        roles0_.user_id=?
Hibernate: 
    select
        roles0_.user_id as user_id1_11_0_,
        roles0_.roles as roles2_11_0_ 
    from
        user_roles roles0_ 
    where
        roles0_.user_id=?
Hibernate: 
    select
        roles0_.user_id as user_id1_11_0_,
        roles0_.roles as roles2_11_0_ 
    from
        user_roles roles0_ 
    where
        roles0_.user_id=?
Hibernate: 
    select
        roles0_.user_id as user_id1_11_0_,
        roles0_.roles as roles2_11_0_ 
    from
        user_roles roles0_ 
    where
        roles0_.user_id=?
Hibernate: 
    select
        roles0_.user_id as user_id1_11_0_,
        roles0_.roles as roles2_11_0_ 
    from
        user_roles roles0_ 
    where
        roles0_.user_id=?
Hibernate: 
    insert 
    into
        meeting_pin
        (created_at, updated_at, category, content, user_id, date, latitude, longitude, max_age, min_age, set_gender, set_limit, title) 
    values
        (?, ?, ?, ?, ?, ?, ?, ?, ?, ?, ?, ?, ?)
Hibernate: 
    select
        user0_.id as id1_10_,
        user0_.created_at as created_2_10_,
        user0_.updated_at as updated_3_10_,
        user0_.age as age4_10_,
        user0_.background_image as backgrou5_10_,
        user0_.email as email6_10_,
        user0_.gender as gender7_10_,
        user0_.hobby as hobby8_10_,
        user0_.introduce as introduc9_10_,
        user0_.job as job10_10_,
        user0_.name as name11_10_,
        user0_.nick_name as nick_na12_10_,
        user0_.phone_num as phone_n13_10_,
        user0_.profile_image as profile14_10_,
        user0_.res_red_number as res_red15_10_,
        user0_.score as score16_10_ 
    from
        user user0_
Hibernate: 
    select
        roles0_.user_id as user_id1_11_0_,
        roles0_.roles as roles2_11_0_ 
    from
        user_roles roles0_ 
    where
        roles0_.user_id=?
Hibernate: 
    select
        roles0_.user_id as user_id1_11_0_,
        roles0_.roles as roles2_11_0_ 
    from
        user_roles roles0_ 
    where
        roles0_.user_id=?
Hibernate: 
    select
        roles0_.user_id as user_id1_11_0_,
        roles0_.roles as roles2_11_0_ 
    from
        user_roles roles0_ 
    where
        roles0_.user_id=?
Hibernate: 
    select
        roles0_.user_id as user_id1_11_0_,
        roles0_.roles as roles2_11_0_ 
    from
        user_roles roles0_ 
    where
        roles0_.user_id=?
Hibernate: 
    select
        roles0_.user_id as user_id1_11_0_,
        roles0_.roles as roles2_11_0_ 
    from
        user_roles roles0_ 
    where
        roles0_.user_id=?
Hibernate: 
    insert 
    into
        meeting_pin
        (created_at, updated_at, category, content, user_id, date, latitude, longitude, max_age, min_age, set_gender, set_limit, title) 
    values
        (?, ?, ?, ?, ?, ?, ?, ?, ?, ?, ?, ?, ?)
Hibernate: 
    select
        user0_.id as id1_10_,
        user0_.created_at as created_2_10_,
        user0_.updated_at as updated_3_10_,
        user0_.age as age4_10_,
        user0_.background_image as backgrou5_10_,
        user0_.email as email6_10_,
        user0_.gender as gender7_10_,
        user0_.hobby as hobby8_10_,
        user0_.introduce as introduc9_10_,
        user0_.job as job10_10_,
        user0_.name as name11_10_,
        user0_.nick_name as nick_na12_10_,
        user0_.phone_num as phone_n13_10_,
        user0_.profile_image as profile14_10_,
        user0_.res_red_number as res_red15_10_,
        user0_.score as score16_10_ 
    from
        user user0_
Hibernate: 
    select
        roles0_.user_id as user_id1_11_0_,
        roles0_.roles as roles2_11_0_ 
    from
        user_roles roles0_ 
    where
        roles0_.user_id=?
Hibernate: 
    select
        roles0_.user_id as user_id1_11_0_,
        roles0_.roles as roles2_11_0_ 
    from
        user_roles roles0_ 
    where
        roles0_.user_id=?
Hibernate: 
    select
        roles0_.user_id as user_id1_11_0_,
        roles0_.roles as roles2_11_0_ 
    from
        user_roles roles0_ 
    where
        roles0_.user_id=?
Hibernate: 
    select
        roles0_.user_id as user_id1_11_0_,
        roles0_.roles as roles2_11_0_ 
    from
        user_roles roles0_ 
    where
        roles0_.user_id=?
Hibernate: 
    select
        roles0_.user_id as user_id1_11_0_,
        roles0_.roles as roles2_11_0_ 
    from
        user_roles roles0_ 
    where
        roles0_.user_id=?
Hibernate: 
    insert 
    into
        meeting_pin
        (created_at, updated_at, category, content, user_id, date, latitude, longitude, max_age, min_age, set_gender, set_limit, title) 
    values
        (?, ?, ?, ?, ?, ?, ?, ?, ?, ?, ?, ?, ?)
Hibernate: 
    select
        user0_.id as id1_10_,
        user0_.created_at as created_2_10_,
        user0_.updated_at as updated_3_10_,
        user0_.age as age4_10_,
        user0_.background_image as backgrou5_10_,
        user0_.email as email6_10_,
        user0_.gender as gender7_10_,
        user0_.hobby as hobby8_10_,
        user0_.introduce as introduc9_10_,
        user0_.job as job10_10_,
        user0_.name as name11_10_,
        user0_.nick_name as nick_na12_10_,
        user0_.phone_num as phone_n13_10_,
        user0_.profile_image as profile14_10_,
        user0_.res_red_number as res_red15_10_,
        user0_.score as score16_10_ 
    from
        user user0_
Hibernate: 
    select
        roles0_.user_id as user_id1_11_0_,
        roles0_.roles as roles2_11_0_ 
    from
        user_roles roles0_ 
    where
        roles0_.user_id=?
Hibernate: 
    select
        roles0_.user_id as user_id1_11_0_,
        roles0_.roles as roles2_11_0_ 
    from
        user_roles roles0_ 
    where
        roles0_.user_id=?
Hibernate: 
    select
        roles0_.user_id as user_id1_11_0_,
        roles0_.roles as roles2_11_0_ 
    from
        user_roles roles0_ 
    where
        roles0_.user_id=?
Hibernate: 
    select
        roles0_.user_id as user_id1_11_0_,
        roles0_.roles as roles2_11_0_ 
    from
        user_roles roles0_ 
    where
        roles0_.user_id=?
Hibernate: 
    select
        roles0_.user_id as user_id1_11_0_,
        roles0_.roles as roles2_11_0_ 
    from
        user_roles roles0_ 
    where
        roles0_.user_id=?
Hibernate: 
    insert 
    into
        meeting_pin
        (created_at, updated_at, category, content, user_id, date, latitude, longitude, max_age, min_age, set_gender, set_limit, title) 
    values
        (?, ?, ?, ?, ?, ?, ?, ?, ?, ?, ?, ?, ?)
Hibernate: 
    select
        user0_.id as id1_10_,
        user0_.created_at as created_2_10_,
        user0_.updated_at as updated_3_10_,
        user0_.age as age4_10_,
        user0_.background_image as backgrou5_10_,
        user0_.email as email6_10_,
        user0_.gender as gender7_10_,
        user0_.hobby as hobby8_10_,
        user0_.introduce as introduc9_10_,
        user0_.job as job10_10_,
        user0_.name as name11_10_,
        user0_.nick_name as nick_na12_10_,
        user0_.phone_num as phone_n13_10_,
        user0_.profile_image as profile14_10_,
        user0_.res_red_number as res_red15_10_,
        user0_.score as score16_10_ 
    from
        user user0_
Hibernate: 
    select
        roles0_.user_id as user_id1_11_0_,
        roles0_.roles as roles2_11_0_ 
    from
        user_roles roles0_ 
    where
        roles0_.user_id=?
Hibernate: 
    select
        roles0_.user_id as user_id1_11_0_,
        roles0_.roles as roles2_11_0_ 
    from
        user_roles roles0_ 
    where
        roles0_.user_id=?
Hibernate: 
    select
        roles0_.user_id as user_id1_11_0_,
        roles0_.roles as roles2_11_0_ 
    from
        user_roles roles0_ 
    where
        roles0_.user_id=?
Hibernate: 
    select
        roles0_.user_id as user_id1_11_0_,
        roles0_.roles as roles2_11_0_ 
    from
        user_roles roles0_ 
    where
        roles0_.user_id=?
Hibernate: 
    select
        roles0_.user_id as user_id1_11_0_,
        roles0_.roles as roles2_11_0_ 
    from
        user_roles roles0_ 
    where
        roles0_.user_id=?
Hibernate: 
    insert 
    into
        meeting_pin
        (created_at, updated_at, category, content, user_id, date, latitude, longitude, max_age, min_age, set_gender, set_limit, title) 
    values
        (?, ?, ?, ?, ?, ?, ?, ?, ?, ?, ?, ?, ?)
Hibernate: 
    select
        user0_.id as id1_10_,
        user0_.created_at as created_2_10_,
        user0_.updated_at as updated_3_10_,
        user0_.age as age4_10_,
        user0_.background_image as backgrou5_10_,
        user0_.email as email6_10_,
        user0_.gender as gender7_10_,
        user0_.hobby as hobby8_10_,
        user0_.introduce as introduc9_10_,
        user0_.job as job10_10_,
        user0_.name as name11_10_,
        user0_.nick_name as nick_na12_10_,
        user0_.phone_num as phone_n13_10_,
        user0_.profile_image as profile14_10_,
        user0_.res_red_number as res_red15_10_,
        user0_.score as score16_10_ 
    from
        user user0_
Hibernate: 
    select
        roles0_.user_id as user_id1_11_0_,
        roles0_.roles as roles2_11_0_ 
    from
        user_roles roles0_ 
    where
        roles0_.user_id=?
Hibernate: 
    select
        roles0_.user_id as user_id1_11_0_,
        roles0_.roles as roles2_11_0_ 
    from
        user_roles roles0_ 
    where
        roles0_.user_id=?
Hibernate: 
    select
        roles0_.user_id as user_id1_11_0_,
        roles0_.roles as roles2_11_0_ 
    from
        user_roles roles0_ 
    where
        roles0_.user_id=?
Hibernate: 
    select
        roles0_.user_id as user_id1_11_0_,
        roles0_.roles as roles2_11_0_ 
    from
        user_roles roles0_ 
    where
        roles0_.user_id=?
Hibernate: 
    select
        roles0_.user_id as user_id1_11_0_,
        roles0_.roles as roles2_11_0_ 
    from
        user_roles roles0_ 
    where
        roles0_.user_id=?
Hibernate: 
    insert 
    into
        meeting_pin
        (created_at, updated_at, category, content, user_id, date, latitude, longitude, max_age, min_age, set_gender, set_limit, title) 
    values
        (?, ?, ?, ?, ?, ?, ?, ?, ?, ?, ?, ?, ?)
Hibernate: 
    select
        user0_.id as id1_10_,
        user0_.created_at as created_2_10_,
        user0_.updated_at as updated_3_10_,
        user0_.age as age4_10_,
        user0_.background_image as backgrou5_10_,
        user0_.email as email6_10_,
        user0_.gender as gender7_10_,
        user0_.hobby as hobby8_10_,
        user0_.introduce as introduc9_10_,
        user0_.job as job10_10_,
        user0_.name as name11_10_,
        user0_.nick_name as nick_na12_10_,
        user0_.phone_num as phone_n13_10_,
        user0_.profile_image as profile14_10_,
        user0_.res_red_number as res_red15_10_,
        user0_.score as score16_10_ 
    from
        user user0_
Hibernate: 
    select
        roles0_.user_id as user_id1_11_0_,
        roles0_.roles as roles2_11_0_ 
    from
        user_roles roles0_ 
    where
        roles0_.user_id=?
Hibernate: 
    select
        roles0_.user_id as user_id1_11_0_,
        roles0_.roles as roles2_11_0_ 
    from
        user_roles roles0_ 
    where
        roles0_.user_id=?
Hibernate: 
    select
        roles0_.user_id as user_id1_11_0_,
        roles0_.roles as roles2_11_0_ 
    from
        user_roles roles0_ 
    where
        roles0_.user_id=?
Hibernate: 
    select
        roles0_.user_id as user_id1_11_0_,
        roles0_.roles as roles2_11_0_ 
    from
        user_roles roles0_ 
    where
        roles0_.user_id=?
Hibernate: 
    select
        roles0_.user_id as user_id1_11_0_,
        roles0_.roles as roles2_11_0_ 
    from
        user_roles roles0_ 
    where
        roles0_.user_id=?
Hibernate: 
    insert 
    into
        meeting_pin
        (created_at, updated_at, category, content, user_id, date, latitude, longitude, max_age, min_age, set_gender, set_limit, title) 
    values
        (?, ?, ?, ?, ?, ?, ?, ?, ?, ?, ?, ?, ?)
Hibernate: 
    select
        user0_.id as id1_10_,
        user0_.created_at as created_2_10_,
        user0_.updated_at as updated_3_10_,
        user0_.age as age4_10_,
        user0_.background_image as backgrou5_10_,
        user0_.email as email6_10_,
        user0_.gender as gender7_10_,
        user0_.hobby as hobby8_10_,
        user0_.introduce as introduc9_10_,
        user0_.job as job10_10_,
        user0_.name as name11_10_,
        user0_.nick_name as nick_na12_10_,
        user0_.phone_num as phone_n13_10_,
        user0_.profile_image as profile14_10_,
        user0_.res_red_number as res_red15_10_,
        user0_.score as score16_10_ 
    from
        user user0_
Hibernate: 
    select
        roles0_.user_id as user_id1_11_0_,
        roles0_.roles as roles2_11_0_ 
    from
        user_roles roles0_ 
    where
        roles0_.user_id=?
Hibernate: 
    select
        roles0_.user_id as user_id1_11_0_,
        roles0_.roles as roles2_11_0_ 
    from
        user_roles roles0_ 
    where
        roles0_.user_id=?
Hibernate: 
    select
        roles0_.user_id as user_id1_11_0_,
        roles0_.roles as roles2_11_0_ 
    from
        user_roles roles0_ 
    where
        roles0_.user_id=?
Hibernate: 
    select
        roles0_.user_id as user_id1_11_0_,
        roles0_.roles as roles2_11_0_ 
    from
        user_roles roles0_ 
    where
        roles0_.user_id=?
Hibernate: 
    select
        roles0_.user_id as user_id1_11_0_,
        roles0_.roles as roles2_11_0_ 
    from
        user_roles roles0_ 
    where
        roles0_.user_id=?
Hibernate: 
    insert 
    into
        meeting_pin
        (created_at, updated_at, category, content, user_id, date, latitude, longitude, max_age, min_age, set_gender, set_limit, title) 
    values
        (?, ?, ?, ?, ?, ?, ?, ?, ?, ?, ?, ?, ?)
Hibernate: 
    select
        user0_.id as id1_10_,
        user0_.created_at as created_2_10_,
        user0_.updated_at as updated_3_10_,
        user0_.age as age4_10_,
        user0_.background_image as backgrou5_10_,
        user0_.email as email6_10_,
        user0_.gender as gender7_10_,
        user0_.hobby as hobby8_10_,
        user0_.introduce as introduc9_10_,
        user0_.job as job10_10_,
        user0_.name as name11_10_,
        user0_.nick_name as nick_na12_10_,
        user0_.phone_num as phone_n13_10_,
        user0_.profile_image as profile14_10_,
        user0_.res_red_number as res_red15_10_,
        user0_.score as score16_10_ 
    from
        user user0_
Hibernate: 
    select
        roles0_.user_id as user_id1_11_0_,
        roles0_.roles as roles2_11_0_ 
    from
        user_roles roles0_ 
    where
        roles0_.user_id=?
Hibernate: 
    select
        roles0_.user_id as user_id1_11_0_,
        roles0_.roles as roles2_11_0_ 
    from
        user_roles roles0_ 
    where
        roles0_.user_id=?
Hibernate: 
    select
        roles0_.user_id as user_id1_11_0_,
        roles0_.roles as roles2_11_0_ 
    from
        user_roles roles0_ 
    where
        roles0_.user_id=?
Hibernate: 
    select
        roles0_.user_id as user_id1_11_0_,
        roles0_.roles as roles2_11_0_ 
    from
        user_roles roles0_ 
    where
        roles0_.user_id=?
Hibernate: 
    select
        roles0_.user_id as user_id1_11_0_,
        roles0_.roles as roles2_11_0_ 
    from
        user_roles roles0_ 
    where
        roles0_.user_id=?
Hibernate: 
    insert 
    into
        meeting_pin
        (created_at, updated_at, category, content, user_id, date, latitude, longitude, max_age, min_age, set_gender, set_limit, title) 
    values
        (?, ?, ?, ?, ?, ?, ?, ?, ?, ?, ?, ?, ?)
Hibernate: 
    select
        user0_.id as id1_10_,
        user0_.created_at as created_2_10_,
        user0_.updated_at as updated_3_10_,
        user0_.age as age4_10_,
        user0_.background_image as backgrou5_10_,
        user0_.email as email6_10_,
        user0_.gender as gender7_10_,
        user0_.hobby as hobby8_10_,
        user0_.introduce as introduc9_10_,
        user0_.job as job10_10_,
        user0_.name as name11_10_,
        user0_.nick_name as nick_na12_10_,
        user0_.phone_num as phone_n13_10_,
        user0_.profile_image as profile14_10_,
        user0_.res_red_number as res_red15_10_,
        user0_.score as score16_10_ 
    from
        user user0_
Hibernate: 
    select
        roles0_.user_id as user_id1_11_0_,
        roles0_.roles as roles2_11_0_ 
    from
        user_roles roles0_ 
    where
        roles0_.user_id=?
Hibernate: 
    select
        roles0_.user_id as user_id1_11_0_,
        roles0_.roles as roles2_11_0_ 
    from
        user_roles roles0_ 
    where
        roles0_.user_id=?
Hibernate: 
    select
        roles0_.user_id as user_id1_11_0_,
        roles0_.roles as roles2_11_0_ 
    from
        user_roles roles0_ 
    where
        roles0_.user_id=?
Hibernate: 
    select
        roles0_.user_id as user_id1_11_0_,
        roles0_.roles as roles2_11_0_ 
    from
        user_roles roles0_ 
    where
        roles0_.user_id=?
Hibernate: 
    select
        roles0_.user_id as user_id1_11_0_,
        roles0_.roles as roles2_11_0_ 
    from
        user_roles roles0_ 
    where
        roles0_.user_id=?
Hibernate: 
    insert 
    into
        meeting_pin
        (created_at, updated_at, category, content, user_id, date, latitude, longitude, max_age, min_age, set_gender, set_limit, title) 
    values
        (?, ?, ?, ?, ?, ?, ?, ?, ?, ?, ?, ?, ?)
Hibernate: 
    select
        user0_.id as id1_10_,
        user0_.created_at as created_2_10_,
        user0_.updated_at as updated_3_10_,
        user0_.age as age4_10_,
        user0_.background_image as backgrou5_10_,
        user0_.email as email6_10_,
        user0_.gender as gender7_10_,
        user0_.hobby as hobby8_10_,
        user0_.introduce as introduc9_10_,
        user0_.job as job10_10_,
        user0_.name as name11_10_,
        user0_.nick_name as nick_na12_10_,
        user0_.phone_num as phone_n13_10_,
        user0_.profile_image as profile14_10_,
        user0_.res_red_number as res_red15_10_,
        user0_.score as score16_10_ 
    from
        user user0_
Hibernate: 
    select
        roles0_.user_id as user_id1_11_0_,
        roles0_.roles as roles2_11_0_ 
    from
        user_roles roles0_ 
    where
        roles0_.user_id=?
Hibernate: 
    select
        roles0_.user_id as user_id1_11_0_,
        roles0_.roles as roles2_11_0_ 
    from
        user_roles roles0_ 
    where
        roles0_.user_id=?
Hibernate: 
    select
        roles0_.user_id as user_id1_11_0_,
        roles0_.roles as roles2_11_0_ 
    from
        user_roles roles0_ 
    where
        roles0_.user_id=?
Hibernate: 
    select
        roles0_.user_id as user_id1_11_0_,
        roles0_.roles as roles2_11_0_ 
    from
        user_roles roles0_ 
    where
        roles0_.user_id=?
Hibernate: 
    select
        roles0_.user_id as user_id1_11_0_,
        roles0_.roles as roles2_11_0_ 
    from
        user_roles roles0_ 
    where
        roles0_.user_id=?
Hibernate: 
    insert 
    into
        meeting_pin
        (created_at, updated_at, category, content, user_id, date, latitude, longitude, max_age, min_age, set_gender, set_limit, title) 
    values
        (?, ?, ?, ?, ?, ?, ?, ?, ?, ?, ?, ?, ?)
Hibernate: 
    select
        user0_.id as id1_10_,
        user0_.created_at as created_2_10_,
        user0_.updated_at as updated_3_10_,
        user0_.age as age4_10_,
        user0_.background_image as backgrou5_10_,
        user0_.email as email6_10_,
        user0_.gender as gender7_10_,
        user0_.hobby as hobby8_10_,
        user0_.introduce as introduc9_10_,
        user0_.job as job10_10_,
        user0_.name as name11_10_,
        user0_.nick_name as nick_na12_10_,
        user0_.phone_num as phone_n13_10_,
        user0_.profile_image as profile14_10_,
        user0_.res_red_number as res_red15_10_,
        user0_.score as score16_10_ 
    from
        user user0_
Hibernate: 
    select
        roles0_.user_id as user_id1_11_0_,
        roles0_.roles as roles2_11_0_ 
    from
        user_roles roles0_ 
    where
        roles0_.user_id=?
Hibernate: 
    select
        roles0_.user_id as user_id1_11_0_,
        roles0_.roles as roles2_11_0_ 
    from
        user_roles roles0_ 
    where
        roles0_.user_id=?
Hibernate: 
    select
        roles0_.user_id as user_id1_11_0_,
        roles0_.roles as roles2_11_0_ 
    from
        user_roles roles0_ 
    where
        roles0_.user_id=?
Hibernate: 
    select
        roles0_.user_id as user_id1_11_0_,
        roles0_.roles as roles2_11_0_ 
    from
        user_roles roles0_ 
    where
        roles0_.user_id=?
Hibernate: 
    select
        roles0_.user_id as user_id1_11_0_,
        roles0_.roles as roles2_11_0_ 
    from
        user_roles roles0_ 
    where
        roles0_.user_id=?
Hibernate: 
    insert 
    into
        meeting_pin
        (created_at, updated_at, category, content, user_id, date, latitude, longitude, max_age, min_age, set_gender, set_limit, title) 
    values
        (?, ?, ?, ?, ?, ?, ?, ?, ?, ?, ?, ?, ?)
Hibernate: 
    select
        user0_.id as id1_10_,
        user0_.created_at as created_2_10_,
        user0_.updated_at as updated_3_10_,
        user0_.age as age4_10_,
        user0_.background_image as backgrou5_10_,
        user0_.email as email6_10_,
        user0_.gender as gender7_10_,
        user0_.hobby as hobby8_10_,
        user0_.introduce as introduc9_10_,
        user0_.job as job10_10_,
        user0_.name as name11_10_,
        user0_.nick_name as nick_na12_10_,
        user0_.phone_num as phone_n13_10_,
        user0_.profile_image as profile14_10_,
        user0_.res_red_number as res_red15_10_,
        user0_.score as score16_10_ 
    from
        user user0_
Hibernate: 
    select
        roles0_.user_id as user_id1_11_0_,
        roles0_.roles as roles2_11_0_ 
    from
        user_roles roles0_ 
    where
        roles0_.user_id=?
Hibernate: 
    select
        roles0_.user_id as user_id1_11_0_,
        roles0_.roles as roles2_11_0_ 
    from
        user_roles roles0_ 
    where
        roles0_.user_id=?
Hibernate: 
    select
        roles0_.user_id as user_id1_11_0_,
        roles0_.roles as roles2_11_0_ 
    from
        user_roles roles0_ 
    where
        roles0_.user_id=?
Hibernate: 
    select
        roles0_.user_id as user_id1_11_0_,
        roles0_.roles as roles2_11_0_ 
    from
        user_roles roles0_ 
    where
        roles0_.user_id=?
Hibernate: 
    select
        roles0_.user_id as user_id1_11_0_,
        roles0_.roles as roles2_11_0_ 
    from
        user_roles roles0_ 
    where
        roles0_.user_id=?
Hibernate: 
    insert 
    into
        meeting_pin
        (created_at, updated_at, category, content, user_id, date, latitude, longitude, max_age, min_age, set_gender, set_limit, title) 
    values
        (?, ?, ?, ?, ?, ?, ?, ?, ?, ?, ?, ?, ?)
Hibernate: 
    select
        user0_.id as id1_10_,
        user0_.created_at as created_2_10_,
        user0_.updated_at as updated_3_10_,
        user0_.age as age4_10_,
        user0_.background_image as backgrou5_10_,
        user0_.email as email6_10_,
        user0_.gender as gender7_10_,
        user0_.hobby as hobby8_10_,
        user0_.introduce as introduc9_10_,
        user0_.job as job10_10_,
        user0_.name as name11_10_,
        user0_.nick_name as nick_na12_10_,
        user0_.phone_num as phone_n13_10_,
        user0_.profile_image as profile14_10_,
        user0_.res_red_number as res_red15_10_,
        user0_.score as score16_10_ 
    from
        user user0_
Hibernate: 
    select
        roles0_.user_id as user_id1_11_0_,
        roles0_.roles as roles2_11_0_ 
    from
        user_roles roles0_ 
    where
        roles0_.user_id=?
Hibernate: 
    select
        roles0_.user_id as user_id1_11_0_,
        roles0_.roles as roles2_11_0_ 
    from
        user_roles roles0_ 
    where
        roles0_.user_id=?
Hibernate: 
    select
        roles0_.user_id as user_id1_11_0_,
        roles0_.roles as roles2_11_0_ 
    from
        user_roles roles0_ 
    where
        roles0_.user_id=?
Hibernate: 
    select
        roles0_.user_id as user_id1_11_0_,
        roles0_.roles as roles2_11_0_ 
    from
        user_roles roles0_ 
    where
        roles0_.user_id=?
Hibernate: 
    select
        roles0_.user_id as user_id1_11_0_,
        roles0_.roles as roles2_11_0_ 
    from
        user_roles roles0_ 
    where
        roles0_.user_id=?
Hibernate: 
    insert 
    into
        meeting_pin
        (created_at, updated_at, category, content, user_id, date, latitude, longitude, max_age, min_age, set_gender, set_limit, title) 
    values
        (?, ?, ?, ?, ?, ?, ?, ?, ?, ?, ?, ?, ?)
Hibernate: 
    select
        user0_.id as id1_10_,
        user0_.created_at as created_2_10_,
        user0_.updated_at as updated_3_10_,
        user0_.age as age4_10_,
        user0_.background_image as backgrou5_10_,
        user0_.email as email6_10_,
        user0_.gender as gender7_10_,
        user0_.hobby as hobby8_10_,
        user0_.introduce as introduc9_10_,
        user0_.job as job10_10_,
        user0_.name as name11_10_,
        user0_.nick_name as nick_na12_10_,
        user0_.phone_num as phone_n13_10_,
        user0_.profile_image as profile14_10_,
        user0_.res_red_number as res_red15_10_,
        user0_.score as score16_10_ 
    from
        user user0_
Hibernate: 
    select
        roles0_.user_id as user_id1_11_0_,
        roles0_.roles as roles2_11_0_ 
    from
        user_roles roles0_ 
    where
        roles0_.user_id=?
Hibernate: 
    select
        roles0_.user_id as user_id1_11_0_,
        roles0_.roles as roles2_11_0_ 
    from
        user_roles roles0_ 
    where
        roles0_.user_id=?
Hibernate: 
    select
        roles0_.user_id as user_id1_11_0_,
        roles0_.roles as roles2_11_0_ 
    from
        user_roles roles0_ 
    where
        roles0_.user_id=?
Hibernate: 
    select
        roles0_.user_id as user_id1_11_0_,
        roles0_.roles as roles2_11_0_ 
    from
        user_roles roles0_ 
    where
        roles0_.user_id=?
Hibernate: 
    select
        roles0_.user_id as user_id1_11_0_,
        roles0_.roles as roles2_11_0_ 
    from
        user_roles roles0_ 
    where
        roles0_.user_id=?
Hibernate: 
    insert 
    into
        meeting_pin
        (created_at, updated_at, category, content, user_id, date, latitude, longitude, max_age, min_age, set_gender, set_limit, title) 
    values
        (?, ?, ?, ?, ?, ?, ?, ?, ?, ?, ?, ?, ?)
Hibernate: 
    select
        user0_.id as id1_10_,
        user0_.created_at as created_2_10_,
        user0_.updated_at as updated_3_10_,
        user0_.age as age4_10_,
        user0_.background_image as backgrou5_10_,
        user0_.email as email6_10_,
        user0_.gender as gender7_10_,
        user0_.hobby as hobby8_10_,
        user0_.introduce as introduc9_10_,
        user0_.job as job10_10_,
        user0_.name as name11_10_,
        user0_.nick_name as nick_na12_10_,
        user0_.phone_num as phone_n13_10_,
        user0_.profile_image as profile14_10_,
        user0_.res_red_number as res_red15_10_,
        user0_.score as score16_10_ 
    from
        user user0_
Hibernate: 
    select
        roles0_.user_id as user_id1_11_0_,
        roles0_.roles as roles2_11_0_ 
    from
        user_roles roles0_ 
    where
        roles0_.user_id=?
Hibernate: 
    select
        roles0_.user_id as user_id1_11_0_,
        roles0_.roles as roles2_11_0_ 
    from
        user_roles roles0_ 
    where
        roles0_.user_id=?
Hibernate: 
    select
        roles0_.user_id as user_id1_11_0_,
        roles0_.roles as roles2_11_0_ 
    from
        user_roles roles0_ 
    where
        roles0_.user_id=?
Hibernate: 
    select
        roles0_.user_id as user_id1_11_0_,
        roles0_.roles as roles2_11_0_ 
    from
        user_roles roles0_ 
    where
        roles0_.user_id=?
Hibernate: 
    select
        roles0_.user_id as user_id1_11_0_,
        roles0_.roles as roles2_11_0_ 
    from
        user_roles roles0_ 
    where
        roles0_.user_id=?
Hibernate: 
    insert 
    into
        meeting_pin
        (created_at, updated_at, category, content, user_id, date, latitude, longitude, max_age, min_age, set_gender, set_limit, title) 
    values
        (?, ?, ?, ?, ?, ?, ?, ?, ?, ?, ?, ?, ?)
Hibernate: 
    select
        user0_.id as id1_10_,
        user0_.created_at as created_2_10_,
        user0_.updated_at as updated_3_10_,
        user0_.age as age4_10_,
        user0_.background_image as backgrou5_10_,
        user0_.email as email6_10_,
        user0_.gender as gender7_10_,
        user0_.hobby as hobby8_10_,
        user0_.introduce as introduc9_10_,
        user0_.job as job10_10_,
        user0_.name as name11_10_,
        user0_.nick_name as nick_na12_10_,
        user0_.phone_num as phone_n13_10_,
        user0_.profile_image as profile14_10_,
        user0_.res_red_number as res_red15_10_,
        user0_.score as score16_10_ 
    from
        user user0_
Hibernate: 
    select
        roles0_.user_id as user_id1_11_0_,
        roles0_.roles as roles2_11_0_ 
    from
        user_roles roles0_ 
    where
        roles0_.user_id=?
Hibernate: 
    select
        roles0_.user_id as user_id1_11_0_,
        roles0_.roles as roles2_11_0_ 
    from
        user_roles roles0_ 
    where
        roles0_.user_id=?
Hibernate: 
    select
        roles0_.user_id as user_id1_11_0_,
        roles0_.roles as roles2_11_0_ 
    from
        user_roles roles0_ 
    where
        roles0_.user_id=?
Hibernate: 
    select
        roles0_.user_id as user_id1_11_0_,
        roles0_.roles as roles2_11_0_ 
    from
        user_roles roles0_ 
    where
        roles0_.user_id=?
Hibernate: 
    select
        roles0_.user_id as user_id1_11_0_,
        roles0_.roles as roles2_11_0_ 
    from
        user_roles roles0_ 
    where
        roles0_.user_id=?
Hibernate: 
    insert 
    into
        meeting_pin
        (created_at, updated_at, category, content, user_id, date, latitude, longitude, max_age, min_age, set_gender, set_limit, title) 
    values
        (?, ?, ?, ?, ?, ?, ?, ?, ?, ?, ?, ?, ?)
Hibernate: 
    select
        user0_.id as id1_10_,
        user0_.created_at as created_2_10_,
        user0_.updated_at as updated_3_10_,
        user0_.age as age4_10_,
        user0_.background_image as backgrou5_10_,
        user0_.email as email6_10_,
        user0_.gender as gender7_10_,
        user0_.hobby as hobby8_10_,
        user0_.introduce as introduc9_10_,
        user0_.job as job10_10_,
        user0_.name as name11_10_,
        user0_.nick_name as nick_na12_10_,
        user0_.phone_num as phone_n13_10_,
        user0_.profile_image as profile14_10_,
        user0_.res_red_number as res_red15_10_,
        user0_.score as score16_10_ 
    from
        user user0_
Hibernate: 
    select
        roles0_.user_id as user_id1_11_0_,
        roles0_.roles as roles2_11_0_ 
    from
        user_roles roles0_ 
    where
        roles0_.user_id=?
Hibernate: 
    select
        roles0_.user_id as user_id1_11_0_,
        roles0_.roles as roles2_11_0_ 
    from
        user_roles roles0_ 
    where
        roles0_.user_id=?
Hibernate: 
    select
        roles0_.user_id as user_id1_11_0_,
        roles0_.roles as roles2_11_0_ 
    from
        user_roles roles0_ 
    where
        roles0_.user_id=?
Hibernate: 
    select
        roles0_.user_id as user_id1_11_0_,
        roles0_.roles as roles2_11_0_ 
    from
        user_roles roles0_ 
    where
        roles0_.user_id=?
Hibernate: 
    select
        roles0_.user_id as user_id1_11_0_,
        roles0_.roles as roles2_11_0_ 
    from
        user_roles roles0_ 
    where
        roles0_.user_id=?
Hibernate: 
    insert 
    into
        meeting_pin
        (created_at, updated_at, category, content, user_id, date, latitude, longitude, max_age, min_age, set_gender, set_limit, title) 
    values
        (?, ?, ?, ?, ?, ?, ?, ?, ?, ?, ?, ?, ?)
Hibernate: 
    select
        user0_.id as id1_10_,
        user0_.created_at as created_2_10_,
        user0_.updated_at as updated_3_10_,
        user0_.age as age4_10_,
        user0_.background_image as backgrou5_10_,
        user0_.email as email6_10_,
        user0_.gender as gender7_10_,
        user0_.hobby as hobby8_10_,
        user0_.introduce as introduc9_10_,
        user0_.job as job10_10_,
        user0_.name as name11_10_,
        user0_.nick_name as nick_na12_10_,
        user0_.phone_num as phone_n13_10_,
        user0_.profile_image as profile14_10_,
        user0_.res_red_number as res_red15_10_,
        user0_.score as score16_10_ 
    from
        user user0_
Hibernate: 
    select
        roles0_.user_id as user_id1_11_0_,
        roles0_.roles as roles2_11_0_ 
    from
        user_roles roles0_ 
    where
        roles0_.user_id=?
Hibernate: 
    select
        roles0_.user_id as user_id1_11_0_,
        roles0_.roles as roles2_11_0_ 
    from
        user_roles roles0_ 
    where
        roles0_.user_id=?
Hibernate: 
    select
        roles0_.user_id as user_id1_11_0_,
        roles0_.roles as roles2_11_0_ 
    from
        user_roles roles0_ 
    where
        roles0_.user_id=?
Hibernate: 
    select
        roles0_.user_id as user_id1_11_0_,
        roles0_.roles as roles2_11_0_ 
    from
        user_roles roles0_ 
    where
        roles0_.user_id=?
Hibernate: 
    select
        roles0_.user_id as user_id1_11_0_,
        roles0_.roles as roles2_11_0_ 
    from
        user_roles roles0_ 
    where
        roles0_.user_id=?
Hibernate: 
    insert 
    into
        meeting_pin
        (created_at, updated_at, category, content, user_id, date, latitude, longitude, max_age, min_age, set_gender, set_limit, title) 
    values
        (?, ?, ?, ?, ?, ?, ?, ?, ?, ?, ?, ?, ?)
Hibernate: 
    select
        user0_.id as id1_10_,
        user0_.created_at as created_2_10_,
        user0_.updated_at as updated_3_10_,
        user0_.age as age4_10_,
        user0_.background_image as backgrou5_10_,
        user0_.email as email6_10_,
        user0_.gender as gender7_10_,
        user0_.hobby as hobby8_10_,
        user0_.introduce as introduc9_10_,
        user0_.job as job10_10_,
        user0_.name as name11_10_,
        user0_.nick_name as nick_na12_10_,
        user0_.phone_num as phone_n13_10_,
        user0_.profile_image as profile14_10_,
        user0_.res_red_number as res_red15_10_,
        user0_.score as score16_10_ 
    from
        user user0_
Hibernate: 
    select
        roles0_.user_id as user_id1_11_0_,
        roles0_.roles as roles2_11_0_ 
    from
        user_roles roles0_ 
    where
        roles0_.user_id=?
Hibernate: 
    select
        roles0_.user_id as user_id1_11_0_,
        roles0_.roles as roles2_11_0_ 
    from
        user_roles roles0_ 
    where
        roles0_.user_id=?
Hibernate: 
    select
        roles0_.user_id as user_id1_11_0_,
        roles0_.roles as roles2_11_0_ 
    from
        user_roles roles0_ 
    where
        roles0_.user_id=?
Hibernate: 
    select
        roles0_.user_id as user_id1_11_0_,
        roles0_.roles as roles2_11_0_ 
    from
        user_roles roles0_ 
    where
        roles0_.user_id=?
Hibernate: 
    select
        roles0_.user_id as user_id1_11_0_,
        roles0_.roles as roles2_11_0_ 
    from
        user_roles roles0_ 
    where
        roles0_.user_id=?
Hibernate: 
    insert 
    into
        meeting_pin
        (created_at, updated_at, category, content, user_id, date, latitude, longitude, max_age, min_age, set_gender, set_limit, title) 
    values
        (?, ?, ?, ?, ?, ?, ?, ?, ?, ?, ?, ?, ?)
Hibernate: 
    select
        user0_.id as id1_10_,
        user0_.created_at as created_2_10_,
        user0_.updated_at as updated_3_10_,
        user0_.age as age4_10_,
        user0_.background_image as backgrou5_10_,
        user0_.email as email6_10_,
        user0_.gender as gender7_10_,
        user0_.hobby as hobby8_10_,
        user0_.introduce as introduc9_10_,
        user0_.job as job10_10_,
        user0_.name as name11_10_,
        user0_.nick_name as nick_na12_10_,
        user0_.phone_num as phone_n13_10_,
        user0_.profile_image as profile14_10_,
        user0_.res_red_number as res_red15_10_,
        user0_.score as score16_10_ 
    from
        user user0_
Hibernate: 
    select
        roles0_.user_id as user_id1_11_0_,
        roles0_.roles as roles2_11_0_ 
    from
        user_roles roles0_ 
    where
        roles0_.user_id=?
Hibernate: 
    select
        roles0_.user_id as user_id1_11_0_,
        roles0_.roles as roles2_11_0_ 
    from
        user_roles roles0_ 
    where
        roles0_.user_id=?
Hibernate: 
    select
        roles0_.user_id as user_id1_11_0_,
        roles0_.roles as roles2_11_0_ 
    from
        user_roles roles0_ 
    where
        roles0_.user_id=?
Hibernate: 
    select
        roles0_.user_id as user_id1_11_0_,
        roles0_.roles as roles2_11_0_ 
    from
        user_roles roles0_ 
    where
        roles0_.user_id=?
Hibernate: 
    select
        roles0_.user_id as user_id1_11_0_,
        roles0_.roles as roles2_11_0_ 
    from
        user_roles roles0_ 
    where
        roles0_.user_id=?
Hibernate: 
    insert 
    into
        meeting_pin
        (created_at, updated_at, category, content, user_id, date, latitude, longitude, max_age, min_age, set_gender, set_limit, title) 
    values
        (?, ?, ?, ?, ?, ?, ?, ?, ?, ?, ?, ?, ?)
Hibernate: 
    select
        user0_.id as id1_10_,
        user0_.created_at as created_2_10_,
        user0_.updated_at as updated_3_10_,
        user0_.age as age4_10_,
        user0_.background_image as backgrou5_10_,
        user0_.email as email6_10_,
        user0_.gender as gender7_10_,
        user0_.hobby as hobby8_10_,
        user0_.introduce as introduc9_10_,
        user0_.job as job10_10_,
        user0_.name as name11_10_,
        user0_.nick_name as nick_na12_10_,
        user0_.phone_num as phone_n13_10_,
        user0_.profile_image as profile14_10_,
        user0_.res_red_number as res_red15_10_,
        user0_.score as score16_10_ 
    from
        user user0_
Hibernate: 
    select
        roles0_.user_id as user_id1_11_0_,
        roles0_.roles as roles2_11_0_ 
    from
        user_roles roles0_ 
    where
        roles0_.user_id=?
Hibernate: 
    select
        roles0_.user_id as user_id1_11_0_,
        roles0_.roles as roles2_11_0_ 
    from
        user_roles roles0_ 
    where
        roles0_.user_id=?
Hibernate: 
    select
        roles0_.user_id as user_id1_11_0_,
        roles0_.roles as roles2_11_0_ 
    from
        user_roles roles0_ 
    where
        roles0_.user_id=?
Hibernate: 
    select
        roles0_.user_id as user_id1_11_0_,
        roles0_.roles as roles2_11_0_ 
    from
        user_roles roles0_ 
    where
        roles0_.user_id=?
Hibernate: 
    select
        roles0_.user_id as user_id1_11_0_,
        roles0_.roles as roles2_11_0_ 
    from
        user_roles roles0_ 
    where
        roles0_.user_id=?
Hibernate: 
    insert 
    into
        meeting_pin
        (created_at, updated_at, category, content, user_id, date, latitude, longitude, max_age, min_age, set_gender, set_limit, title) 
    values
        (?, ?, ?, ?, ?, ?, ?, ?, ?, ?, ?, ?, ?)
Hibernate: 
    select
        user0_.id as id1_10_,
        user0_.created_at as created_2_10_,
        user0_.updated_at as updated_3_10_,
        user0_.age as age4_10_,
        user0_.background_image as backgrou5_10_,
        user0_.email as email6_10_,
        user0_.gender as gender7_10_,
        user0_.hobby as hobby8_10_,
        user0_.introduce as introduc9_10_,
        user0_.job as job10_10_,
        user0_.name as name11_10_,
        user0_.nick_name as nick_na12_10_,
        user0_.phone_num as phone_n13_10_,
        user0_.profile_image as profile14_10_,
        user0_.res_red_number as res_red15_10_,
        user0_.score as score16_10_ 
    from
        user user0_
Hibernate: 
    select
        roles0_.user_id as user_id1_11_0_,
        roles0_.roles as roles2_11_0_ 
    from
        user_roles roles0_ 
    where
        roles0_.user_id=?
Hibernate: 
    select
        roles0_.user_id as user_id1_11_0_,
        roles0_.roles as roles2_11_0_ 
    from
        user_roles roles0_ 
    where
        roles0_.user_id=?
Hibernate: 
    select
        roles0_.user_id as user_id1_11_0_,
        roles0_.roles as roles2_11_0_ 
    from
        user_roles roles0_ 
    where
        roles0_.user_id=?
Hibernate: 
    select
        roles0_.user_id as user_id1_11_0_,
        roles0_.roles as roles2_11_0_ 
    from
        user_roles roles0_ 
    where
        roles0_.user_id=?
Hibernate: 
    select
        roles0_.user_id as user_id1_11_0_,
        roles0_.roles as roles2_11_0_ 
    from
        user_roles roles0_ 
    where
        roles0_.user_id=?
Hibernate: 
    insert 
    into
        meeting_pin
        (created_at, updated_at, category, content, user_id, date, latitude, longitude, max_age, min_age, set_gender, set_limit, title) 
    values
        (?, ?, ?, ?, ?, ?, ?, ?, ?, ?, ?, ?, ?)
Hibernate: 
    select
        user0_.id as id1_10_,
        user0_.created_at as created_2_10_,
        user0_.updated_at as updated_3_10_,
        user0_.age as age4_10_,
        user0_.background_image as backgrou5_10_,
        user0_.email as email6_10_,
        user0_.gender as gender7_10_,
        user0_.hobby as hobby8_10_,
        user0_.introduce as introduc9_10_,
        user0_.job as job10_10_,
        user0_.name as name11_10_,
        user0_.nick_name as nick_na12_10_,
        user0_.phone_num as phone_n13_10_,
        user0_.profile_image as profile14_10_,
        user0_.res_red_number as res_red15_10_,
        user0_.score as score16_10_ 
    from
        user user0_
Hibernate: 
    select
        roles0_.user_id as user_id1_11_0_,
        roles0_.roles as roles2_11_0_ 
    from
        user_roles roles0_ 
    where
        roles0_.user_id=?
Hibernate: 
    select
        roles0_.user_id as user_id1_11_0_,
        roles0_.roles as roles2_11_0_ 
    from
        user_roles roles0_ 
    where
        roles0_.user_id=?
Hibernate: 
    select
        roles0_.user_id as user_id1_11_0_,
        roles0_.roles as roles2_11_0_ 
    from
        user_roles roles0_ 
    where
        roles0_.user_id=?
Hibernate: 
    select
        roles0_.user_id as user_id1_11_0_,
        roles0_.roles as roles2_11_0_ 
    from
        user_roles roles0_ 
    where
        roles0_.user_id=?
Hibernate: 
    select
        roles0_.user_id as user_id1_11_0_,
        roles0_.roles as roles2_11_0_ 
    from
        user_roles roles0_ 
    where
        roles0_.user_id=?
Hibernate: 
    insert 
    into
        meeting_pin
        (created_at, updated_at, category, content, user_id, date, latitude, longitude, max_age, min_age, set_gender, set_limit, title) 
    values
        (?, ?, ?, ?, ?, ?, ?, ?, ?, ?, ?, ?, ?)
Hibernate: 
    select
        user0_.id as id1_10_,
        user0_.created_at as created_2_10_,
        user0_.updated_at as updated_3_10_,
        user0_.age as age4_10_,
        user0_.background_image as backgrou5_10_,
        user0_.email as email6_10_,
        user0_.gender as gender7_10_,
        user0_.hobby as hobby8_10_,
        user0_.introduce as introduc9_10_,
        user0_.job as job10_10_,
        user0_.name as name11_10_,
        user0_.nick_name as nick_na12_10_,
        user0_.phone_num as phone_n13_10_,
        user0_.profile_image as profile14_10_,
        user0_.res_red_number as res_red15_10_,
        user0_.score as score16_10_ 
    from
        user user0_
Hibernate: 
    select
        roles0_.user_id as user_id1_11_0_,
        roles0_.roles as roles2_11_0_ 
    from
        user_roles roles0_ 
    where
        roles0_.user_id=?
Hibernate: 
    select
        roles0_.user_id as user_id1_11_0_,
        roles0_.roles as roles2_11_0_ 
    from
        user_roles roles0_ 
    where
        roles0_.user_id=?
Hibernate: 
    select
        roles0_.user_id as user_id1_11_0_,
        roles0_.roles as roles2_11_0_ 
    from
        user_roles roles0_ 
    where
        roles0_.user_id=?
Hibernate: 
    select
        roles0_.user_id as user_id1_11_0_,
        roles0_.roles as roles2_11_0_ 
    from
        user_roles roles0_ 
    where
        roles0_.user_id=?
Hibernate: 
    select
        roles0_.user_id as user_id1_11_0_,
        roles0_.roles as roles2_11_0_ 
    from
        user_roles roles0_ 
    where
        roles0_.user_id=?
Hibernate: 
    insert 
    into
        meeting_pin
        (created_at, updated_at, category, content, user_id, date, latitude, longitude, max_age, min_age, set_gender, set_limit, title) 
    values
        (?, ?, ?, ?, ?, ?, ?, ?, ?, ?, ?, ?, ?)
Hibernate: 
    select
        user0_.id as id1_10_,
        user0_.created_at as created_2_10_,
        user0_.updated_at as updated_3_10_,
        user0_.age as age4_10_,
        user0_.background_image as backgrou5_10_,
        user0_.email as email6_10_,
        user0_.gender as gender7_10_,
        user0_.hobby as hobby8_10_,
        user0_.introduce as introduc9_10_,
        user0_.job as job10_10_,
        user0_.name as name11_10_,
        user0_.nick_name as nick_na12_10_,
        user0_.phone_num as phone_n13_10_,
        user0_.profile_image as profile14_10_,
        user0_.res_red_number as res_red15_10_,
        user0_.score as score16_10_ 
    from
        user user0_
Hibernate: 
    select
        roles0_.user_id as user_id1_11_0_,
        roles0_.roles as roles2_11_0_ 
    from
        user_roles roles0_ 
    where
        roles0_.user_id=?
Hibernate: 
    select
        roles0_.user_id as user_id1_11_0_,
        roles0_.roles as roles2_11_0_ 
    from
        user_roles roles0_ 
    where
        roles0_.user_id=?
Hibernate: 
    select
        roles0_.user_id as user_id1_11_0_,
        roles0_.roles as roles2_11_0_ 
    from
        user_roles roles0_ 
    where
        roles0_.user_id=?
Hibernate: 
    select
        roles0_.user_id as user_id1_11_0_,
        roles0_.roles as roles2_11_0_ 
    from
        user_roles roles0_ 
    where
        roles0_.user_id=?
Hibernate: 
    select
        roles0_.user_id as user_id1_11_0_,
        roles0_.roles as roles2_11_0_ 
    from
        user_roles roles0_ 
    where
        roles0_.user_id=?
Hibernate: 
    insert 
    into
        meeting_pin
        (created_at, updated_at, category, content, user_id, date, latitude, longitude, max_age, min_age, set_gender, set_limit, title) 
    values
        (?, ?, ?, ?, ?, ?, ?, ?, ?, ?, ?, ?, ?)
Hibernate: 
    select
        user0_.id as id1_10_,
        user0_.created_at as created_2_10_,
        user0_.updated_at as updated_3_10_,
        user0_.age as age4_10_,
        user0_.background_image as backgrou5_10_,
        user0_.email as email6_10_,
        user0_.gender as gender7_10_,
        user0_.hobby as hobby8_10_,
        user0_.introduce as introduc9_10_,
        user0_.job as job10_10_,
        user0_.name as name11_10_,
        user0_.nick_name as nick_na12_10_,
        user0_.phone_num as phone_n13_10_,
        user0_.profile_image as profile14_10_,
        user0_.res_red_number as res_red15_10_,
        user0_.score as score16_10_ 
    from
        user user0_
Hibernate: 
    select
        roles0_.user_id as user_id1_11_0_,
        roles0_.roles as roles2_11_0_ 
    from
        user_roles roles0_ 
    where
        roles0_.user_id=?
Hibernate: 
    select
        roles0_.user_id as user_id1_11_0_,
        roles0_.roles as roles2_11_0_ 
    from
        user_roles roles0_ 
    where
        roles0_.user_id=?
Hibernate: 
    select
        roles0_.user_id as user_id1_11_0_,
        roles0_.roles as roles2_11_0_ 
    from
        user_roles roles0_ 
    where
        roles0_.user_id=?
Hibernate: 
    select
        roles0_.user_id as user_id1_11_0_,
        roles0_.roles as roles2_11_0_ 
    from
        user_roles roles0_ 
    where
        roles0_.user_id=?
Hibernate: 
    select
        roles0_.user_id as user_id1_11_0_,
        roles0_.roles as roles2_11_0_ 
    from
        user_roles roles0_ 
    where
        roles0_.user_id=?
Hibernate: 
    insert 
    into
        meeting_pin
        (created_at, updated_at, category, content, user_id, date, latitude, longitude, max_age, min_age, set_gender, set_limit, title) 
    values
        (?, ?, ?, ?, ?, ?, ?, ?, ?, ?, ?, ?, ?)
Hibernate: 
    select
        user0_.id as id1_10_,
        user0_.created_at as created_2_10_,
        user0_.updated_at as updated_3_10_,
        user0_.age as age4_10_,
        user0_.background_image as backgrou5_10_,
        user0_.email as email6_10_,
        user0_.gender as gender7_10_,
        user0_.hobby as hobby8_10_,
        user0_.introduce as introduc9_10_,
        user0_.job as job10_10_,
        user0_.name as name11_10_,
        user0_.nick_name as nick_na12_10_,
        user0_.phone_num as phone_n13_10_,
        user0_.profile_image as profile14_10_,
        user0_.res_red_number as res_red15_10_,
        user0_.score as score16_10_ 
    from
        user user0_
Hibernate: 
    select
        roles0_.user_id as user_id1_11_0_,
        roles0_.roles as roles2_11_0_ 
    from
        user_roles roles0_ 
    where
        roles0_.user_id=?
Hibernate: 
    select
        roles0_.user_id as user_id1_11_0_,
        roles0_.roles as roles2_11_0_ 
    from
        user_roles roles0_ 
    where
        roles0_.user_id=?
Hibernate: 
    select
        roles0_.user_id as user_id1_11_0_,
        roles0_.roles as roles2_11_0_ 
    from
        user_roles roles0_ 
    where
        roles0_.user_id=?
Hibernate: 
    select
        roles0_.user_id as user_id1_11_0_,
        roles0_.roles as roles2_11_0_ 
    from
        user_roles roles0_ 
    where
        roles0_.user_id=?
Hibernate: 
    select
        roles0_.user_id as user_id1_11_0_,
        roles0_.roles as roles2_11_0_ 
    from
        user_roles roles0_ 
    where
        roles0_.user_id=?
Hibernate: 
    insert 
    into
        meeting_pin
        (created_at, updated_at, category, content, user_id, date, latitude, longitude, max_age, min_age, set_gender, set_limit, title) 
    values
        (?, ?, ?, ?, ?, ?, ?, ?, ?, ?, ?, ?, ?)
Hibernate: 
    select
        user0_.id as id1_10_,
        user0_.created_at as created_2_10_,
        user0_.updated_at as updated_3_10_,
        user0_.age as age4_10_,
        user0_.background_image as backgrou5_10_,
        user0_.email as email6_10_,
        user0_.gender as gender7_10_,
        user0_.hobby as hobby8_10_,
        user0_.introduce as introduc9_10_,
        user0_.job as job10_10_,
        user0_.name as name11_10_,
        user0_.nick_name as nick_na12_10_,
        user0_.phone_num as phone_n13_10_,
        user0_.profile_image as profile14_10_,
        user0_.res_red_number as res_red15_10_,
        user0_.score as score16_10_ 
    from
        user user0_
Hibernate: 
    select
        roles0_.user_id as user_id1_11_0_,
        roles0_.roles as roles2_11_0_ 
    from
        user_roles roles0_ 
    where
        roles0_.user_id=?
Hibernate: 
    select
        roles0_.user_id as user_id1_11_0_,
        roles0_.roles as roles2_11_0_ 
    from
        user_roles roles0_ 
    where
        roles0_.user_id=?
Hibernate: 
    select
        roles0_.user_id as user_id1_11_0_,
        roles0_.roles as roles2_11_0_ 
    from
        user_roles roles0_ 
    where
        roles0_.user_id=?
Hibernate: 
    select
        roles0_.user_id as user_id1_11_0_,
        roles0_.roles as roles2_11_0_ 
    from
        user_roles roles0_ 
    where
        roles0_.user_id=?
Hibernate: 
    select
        roles0_.user_id as user_id1_11_0_,
        roles0_.roles as roles2_11_0_ 
    from
        user_roles roles0_ 
    where
        roles0_.user_id=?
Hibernate: 
    insert 
    into
        meeting_pin
        (created_at, updated_at, category, content, user_id, date, latitude, longitude, max_age, min_age, set_gender, set_limit, title) 
    values
        (?, ?, ?, ?, ?, ?, ?, ?, ?, ?, ?, ?, ?)
Hibernate: 
    select
        user0_.id as id1_10_,
        user0_.created_at as created_2_10_,
        user0_.updated_at as updated_3_10_,
        user0_.age as age4_10_,
        user0_.background_image as backgrou5_10_,
        user0_.email as email6_10_,
        user0_.gender as gender7_10_,
        user0_.hobby as hobby8_10_,
        user0_.introduce as introduc9_10_,
        user0_.job as job10_10_,
        user0_.name as name11_10_,
        user0_.nick_name as nick_na12_10_,
        user0_.phone_num as phone_n13_10_,
        user0_.profile_image as profile14_10_,
        user0_.res_red_number as res_red15_10_,
        user0_.score as score16_10_ 
    from
        user user0_
Hibernate: 
    select
        roles0_.user_id as user_id1_11_0_,
        roles0_.roles as roles2_11_0_ 
    from
        user_roles roles0_ 
    where
        roles0_.user_id=?
Hibernate: 
    select
        roles0_.user_id as user_id1_11_0_,
        roles0_.roles as roles2_11_0_ 
    from
        user_roles roles0_ 
    where
        roles0_.user_id=?
Hibernate: 
    select
        roles0_.user_id as user_id1_11_0_,
        roles0_.roles as roles2_11_0_ 
    from
        user_roles roles0_ 
    where
        roles0_.user_id=?
Hibernate: 
    select
        roles0_.user_id as user_id1_11_0_,
        roles0_.roles as roles2_11_0_ 
    from
        user_roles roles0_ 
    where
        roles0_.user_id=?
Hibernate: 
    select
        roles0_.user_id as user_id1_11_0_,
        roles0_.roles as roles2_11_0_ 
    from
        user_roles roles0_ 
    where
        roles0_.user_id=?
Hibernate: 
    insert 
    into
        meeting_pin
        (created_at, updated_at, category, content, user_id, date, latitude, longitude, max_age, min_age, set_gender, set_limit, title) 
    values
        (?, ?, ?, ?, ?, ?, ?, ?, ?, ?, ?, ?, ?)
Hibernate: 
    select
        user0_.id as id1_10_,
        user0_.created_at as created_2_10_,
        user0_.updated_at as updated_3_10_,
        user0_.age as age4_10_,
        user0_.background_image as backgrou5_10_,
        user0_.email as email6_10_,
        user0_.gender as gender7_10_,
        user0_.hobby as hobby8_10_,
        user0_.introduce as introduc9_10_,
        user0_.job as job10_10_,
        user0_.name as name11_10_,
        user0_.nick_name as nick_na12_10_,
        user0_.phone_num as phone_n13_10_,
        user0_.profile_image as profile14_10_,
        user0_.res_red_number as res_red15_10_,
        user0_.score as score16_10_ 
    from
        user user0_
Hibernate: 
    select
        roles0_.user_id as user_id1_11_0_,
        roles0_.roles as roles2_11_0_ 
    from
        user_roles roles0_ 
    where
        roles0_.user_id=?
Hibernate: 
    select
        roles0_.user_id as user_id1_11_0_,
        roles0_.roles as roles2_11_0_ 
    from
        user_roles roles0_ 
    where
        roles0_.user_id=?
Hibernate: 
    select
        roles0_.user_id as user_id1_11_0_,
        roles0_.roles as roles2_11_0_ 
    from
        user_roles roles0_ 
    where
        roles0_.user_id=?
Hibernate: 
    select
        roles0_.user_id as user_id1_11_0_,
        roles0_.roles as roles2_11_0_ 
    from
        user_roles roles0_ 
    where
        roles0_.user_id=?
Hibernate: 
    select
        roles0_.user_id as user_id1_11_0_,
        roles0_.roles as roles2_11_0_ 
    from
        user_roles roles0_ 
    where
        roles0_.user_id=?
Hibernate: 
    insert 
    into
        meeting_pin
        (created_at, updated_at, category, content, user_id, date, latitude, longitude, max_age, min_age, set_gender, set_limit, title) 
    values
        (?, ?, ?, ?, ?, ?, ?, ?, ?, ?, ?, ?, ?)
Hibernate: 
    select
        user0_.id as id1_10_,
        user0_.created_at as created_2_10_,
        user0_.updated_at as updated_3_10_,
        user0_.age as age4_10_,
        user0_.background_image as backgrou5_10_,
        user0_.email as email6_10_,
        user0_.gender as gender7_10_,
        user0_.hobby as hobby8_10_,
        user0_.introduce as introduc9_10_,
        user0_.job as job10_10_,
        user0_.name as name11_10_,
        user0_.nick_name as nick_na12_10_,
        user0_.phone_num as phone_n13_10_,
        user0_.profile_image as profile14_10_,
        user0_.res_red_number as res_red15_10_,
        user0_.score as score16_10_ 
    from
        user user0_
Hibernate: 
    select
        roles0_.user_id as user_id1_11_0_,
        roles0_.roles as roles2_11_0_ 
    from
        user_roles roles0_ 
    where
        roles0_.user_id=?
Hibernate: 
    select
        roles0_.user_id as user_id1_11_0_,
        roles0_.roles as roles2_11_0_ 
    from
        user_roles roles0_ 
    where
        roles0_.user_id=?
Hibernate: 
    select
        roles0_.user_id as user_id1_11_0_,
        roles0_.roles as roles2_11_0_ 
    from
        user_roles roles0_ 
    where
        roles0_.user_id=?
Hibernate: 
    select
        roles0_.user_id as user_id1_11_0_,
        roles0_.roles as roles2_11_0_ 
    from
        user_roles roles0_ 
    where
        roles0_.user_id=?
Hibernate: 
    select
        roles0_.user_id as user_id1_11_0_,
        roles0_.roles as roles2_11_0_ 
    from
        user_roles roles0_ 
    where
        roles0_.user_id=?
Hibernate: 
    insert 
    into
        meeting_pin
        (created_at, updated_at, category, content, user_id, date, latitude, longitude, max_age, min_age, set_gender, set_limit, title) 
    values
        (?, ?, ?, ?, ?, ?, ?, ?, ?, ?, ?, ?, ?)
Hibernate: 
    select
        user0_.id as id1_10_,
        user0_.created_at as created_2_10_,
        user0_.updated_at as updated_3_10_,
        user0_.age as age4_10_,
        user0_.background_image as backgrou5_10_,
        user0_.email as email6_10_,
        user0_.gender as gender7_10_,
        user0_.hobby as hobby8_10_,
        user0_.introduce as introduc9_10_,
        user0_.job as job10_10_,
        user0_.name as name11_10_,
        user0_.nick_name as nick_na12_10_,
        user0_.phone_num as phone_n13_10_,
        user0_.profile_image as profile14_10_,
        user0_.res_red_number as res_red15_10_,
        user0_.score as score16_10_ 
    from
        user user0_
Hibernate: 
    select
        roles0_.user_id as user_id1_11_0_,
        roles0_.roles as roles2_11_0_ 
    from
        user_roles roles0_ 
    where
        roles0_.user_id=?
Hibernate: 
    select
        roles0_.user_id as user_id1_11_0_,
        roles0_.roles as roles2_11_0_ 
    from
        user_roles roles0_ 
    where
        roles0_.user_id=?
Hibernate: 
    select
        roles0_.user_id as user_id1_11_0_,
        roles0_.roles as roles2_11_0_ 
    from
        user_roles roles0_ 
    where
        roles0_.user_id=?
Hibernate: 
    select
        roles0_.user_id as user_id1_11_0_,
        roles0_.roles as roles2_11_0_ 
    from
        user_roles roles0_ 
    where
        roles0_.user_id=?
Hibernate: 
    select
        roles0_.user_id as user_id1_11_0_,
        roles0_.roles as roles2_11_0_ 
    from
        user_roles roles0_ 
    where
        roles0_.user_id=?
Hibernate: 
    insert 
    into
        meeting_pin
        (created_at, updated_at, category, content, user_id, date, latitude, longitude, max_age, min_age, set_gender, set_limit, title) 
    values
        (?, ?, ?, ?, ?, ?, ?, ?, ?, ?, ?, ?, ?)
Hibernate: 
    select
        user0_.id as id1_10_,
        user0_.created_at as created_2_10_,
        user0_.updated_at as updated_3_10_,
        user0_.age as age4_10_,
        user0_.background_image as backgrou5_10_,
        user0_.email as email6_10_,
        user0_.gender as gender7_10_,
        user0_.hobby as hobby8_10_,
        user0_.introduce as introduc9_10_,
        user0_.job as job10_10_,
        user0_.name as name11_10_,
        user0_.nick_name as nick_na12_10_,
        user0_.phone_num as phone_n13_10_,
        user0_.profile_image as profile14_10_,
        user0_.res_red_number as res_red15_10_,
        user0_.score as score16_10_ 
    from
        user user0_
Hibernate: 
    select
        roles0_.user_id as user_id1_11_0_,
        roles0_.roles as roles2_11_0_ 
    from
        user_roles roles0_ 
    where
        roles0_.user_id=?
Hibernate: 
    select
        roles0_.user_id as user_id1_11_0_,
        roles0_.roles as roles2_11_0_ 
    from
        user_roles roles0_ 
    where
        roles0_.user_id=?
Hibernate: 
    select
        roles0_.user_id as user_id1_11_0_,
        roles0_.roles as roles2_11_0_ 
    from
        user_roles roles0_ 
    where
        roles0_.user_id=?
Hibernate: 
    select
        roles0_.user_id as user_id1_11_0_,
        roles0_.roles as roles2_11_0_ 
    from
        user_roles roles0_ 
    where
        roles0_.user_id=?
Hibernate: 
    select
        roles0_.user_id as user_id1_11_0_,
        roles0_.roles as roles2_11_0_ 
    from
        user_roles roles0_ 
    where
        roles0_.user_id=?
Hibernate: 
    insert 
    into
        meeting_pin
        (created_at, updated_at, category, content, user_id, date, latitude, longitude, max_age, min_age, set_gender, set_limit, title) 
    values
        (?, ?, ?, ?, ?, ?, ?, ?, ?, ?, ?, ?, ?)
Hibernate: 
    select
        user0_.id as id1_10_,
        user0_.created_at as created_2_10_,
        user0_.updated_at as updated_3_10_,
        user0_.age as age4_10_,
        user0_.background_image as backgrou5_10_,
        user0_.email as email6_10_,
        user0_.gender as gender7_10_,
        user0_.hobby as hobby8_10_,
        user0_.introduce as introduc9_10_,
        user0_.job as job10_10_,
        user0_.name as name11_10_,
        user0_.nick_name as nick_na12_10_,
        user0_.phone_num as phone_n13_10_,
        user0_.profile_image as profile14_10_,
        user0_.res_red_number as res_red15_10_,
        user0_.score as score16_10_ 
    from
        user user0_
Hibernate: 
    select
        roles0_.user_id as user_id1_11_0_,
        roles0_.roles as roles2_11_0_ 
    from
        user_roles roles0_ 
    where
        roles0_.user_id=?
Hibernate: 
    select
        roles0_.user_id as user_id1_11_0_,
        roles0_.roles as roles2_11_0_ 
    from
        user_roles roles0_ 
    where
        roles0_.user_id=?
Hibernate: 
    select
        roles0_.user_id as user_id1_11_0_,
        roles0_.roles as roles2_11_0_ 
    from
        user_roles roles0_ 
    where
        roles0_.user_id=?
Hibernate: 
    select
        roles0_.user_id as user_id1_11_0_,
        roles0_.roles as roles2_11_0_ 
    from
        user_roles roles0_ 
    where
        roles0_.user_id=?
Hibernate: 
    select
        roles0_.user_id as user_id1_11_0_,
        roles0_.roles as roles2_11_0_ 
    from
        user_roles roles0_ 
    where
        roles0_.user_id=?
Hibernate: 
    insert 
    into
        meeting_pin
        (created_at, updated_at, category, content, user_id, date, latitude, longitude, max_age, min_age, set_gender, set_limit, title) 
    values
        (?, ?, ?, ?, ?, ?, ?, ?, ?, ?, ?, ?, ?)
Hibernate: 
    select
        user0_.id as id1_10_,
        user0_.created_at as created_2_10_,
        user0_.updated_at as updated_3_10_,
        user0_.age as age4_10_,
        user0_.background_image as backgrou5_10_,
        user0_.email as email6_10_,
        user0_.gender as gender7_10_,
        user0_.hobby as hobby8_10_,
        user0_.introduce as introduc9_10_,
        user0_.job as job10_10_,
        user0_.name as name11_10_,
        user0_.nick_name as nick_na12_10_,
        user0_.phone_num as phone_n13_10_,
        user0_.profile_image as profile14_10_,
        user0_.res_red_number as res_red15_10_,
        user0_.score as score16_10_ 
    from
        user user0_
Hibernate: 
    select
        roles0_.user_id as user_id1_11_0_,
        roles0_.roles as roles2_11_0_ 
    from
        user_roles roles0_ 
    where
        roles0_.user_id=?
Hibernate: 
    select
        roles0_.user_id as user_id1_11_0_,
        roles0_.roles as roles2_11_0_ 
    from
        user_roles roles0_ 
    where
        roles0_.user_id=?
Hibernate: 
    select
        roles0_.user_id as user_id1_11_0_,
        roles0_.roles as roles2_11_0_ 
    from
        user_roles roles0_ 
    where
        roles0_.user_id=?
Hibernate: 
    select
        roles0_.user_id as user_id1_11_0_,
        roles0_.roles as roles2_11_0_ 
    from
        user_roles roles0_ 
    where
        roles0_.user_id=?
Hibernate: 
    select
        roles0_.user_id as user_id1_11_0_,
        roles0_.roles as roles2_11_0_ 
    from
        user_roles roles0_ 
    where
        roles0_.user_id=?
Hibernate: 
    insert 
    into
        meeting_pin
        (created_at, updated_at, category, content, user_id, date, latitude, longitude, max_age, min_age, set_gender, set_limit, title) 
    values
        (?, ?, ?, ?, ?, ?, ?, ?, ?, ?, ?, ?, ?)
Hibernate: 
    select
        user0_.id as id1_10_,
        user0_.created_at as created_2_10_,
        user0_.updated_at as updated_3_10_,
        user0_.age as age4_10_,
        user0_.background_image as backgrou5_10_,
        user0_.email as email6_10_,
        user0_.gender as gender7_10_,
        user0_.hobby as hobby8_10_,
        user0_.introduce as introduc9_10_,
        user0_.job as job10_10_,
        user0_.name as name11_10_,
        user0_.nick_name as nick_na12_10_,
        user0_.phone_num as phone_n13_10_,
        user0_.profile_image as profile14_10_,
        user0_.res_red_number as res_red15_10_,
        user0_.score as score16_10_ 
    from
        user user0_
Hibernate: 
    select
        roles0_.user_id as user_id1_11_0_,
        roles0_.roles as roles2_11_0_ 
    from
        user_roles roles0_ 
    where
        roles0_.user_id=?
Hibernate: 
    select
        roles0_.user_id as user_id1_11_0_,
        roles0_.roles as roles2_11_0_ 
    from
        user_roles roles0_ 
    where
        roles0_.user_id=?
Hibernate: 
    select
        roles0_.user_id as user_id1_11_0_,
        roles0_.roles as roles2_11_0_ 
    from
        user_roles roles0_ 
    where
        roles0_.user_id=?
Hibernate: 
    select
        roles0_.user_id as user_id1_11_0_,
        roles0_.roles as roles2_11_0_ 
    from
        user_roles roles0_ 
    where
        roles0_.user_id=?
Hibernate: 
    select
        roles0_.user_id as user_id1_11_0_,
        roles0_.roles as roles2_11_0_ 
    from
        user_roles roles0_ 
    where
        roles0_.user_id=?
Hibernate: 
    insert 
    into
        meeting_pin
        (created_at, updated_at, category, content, user_id, date, latitude, longitude, max_age, min_age, set_gender, set_limit, title) 
    values
        (?, ?, ?, ?, ?, ?, ?, ?, ?, ?, ?, ?, ?)
Hibernate: 
    select
        user0_.id as id1_10_,
        user0_.created_at as created_2_10_,
        user0_.updated_at as updated_3_10_,
        user0_.age as age4_10_,
        user0_.background_image as backgrou5_10_,
        user0_.email as email6_10_,
        user0_.gender as gender7_10_,
        user0_.hobby as hobby8_10_,
        user0_.introduce as introduc9_10_,
        user0_.job as job10_10_,
        user0_.name as name11_10_,
        user0_.nick_name as nick_na12_10_,
        user0_.phone_num as phone_n13_10_,
        user0_.profile_image as profile14_10_,
        user0_.res_red_number as res_red15_10_,
        user0_.score as score16_10_ 
    from
        user user0_
Hibernate: 
    select
        roles0_.user_id as user_id1_11_0_,
        roles0_.roles as roles2_11_0_ 
    from
        user_roles roles0_ 
    where
        roles0_.user_id=?
Hibernate: 
    select
        roles0_.user_id as user_id1_11_0_,
        roles0_.roles as roles2_11_0_ 
    from
        user_roles roles0_ 
    where
        roles0_.user_id=?
Hibernate: 
    select
        roles0_.user_id as user_id1_11_0_,
        roles0_.roles as roles2_11_0_ 
    from
        user_roles roles0_ 
    where
        roles0_.user_id=?
Hibernate: 
    select
        roles0_.user_id as user_id1_11_0_,
        roles0_.roles as roles2_11_0_ 
    from
        user_roles roles0_ 
    where
        roles0_.user_id=?
Hibernate: 
    select
        roles0_.user_id as user_id1_11_0_,
        roles0_.roles as roles2_11_0_ 
    from
        user_roles roles0_ 
    where
        roles0_.user_id=?
Hibernate: 
    insert 
    into
        meeting_pin
        (created_at, updated_at, category, content, user_id, date, latitude, longitude, max_age, min_age, set_gender, set_limit, title) 
    values
        (?, ?, ?, ?, ?, ?, ?, ?, ?, ?, ?, ?, ?)
Hibernate: 
    select
        user0_.id as id1_10_,
        user0_.created_at as created_2_10_,
        user0_.updated_at as updated_3_10_,
        user0_.age as age4_10_,
        user0_.background_image as backgrou5_10_,
        user0_.email as email6_10_,
        user0_.gender as gender7_10_,
        user0_.hobby as hobby8_10_,
        user0_.introduce as introduc9_10_,
        user0_.job as job10_10_,
        user0_.name as name11_10_,
        user0_.nick_name as nick_na12_10_,
        user0_.phone_num as phone_n13_10_,
        user0_.profile_image as profile14_10_,
        user0_.res_red_number as res_red15_10_,
        user0_.score as score16_10_ 
    from
        user user0_
Hibernate: 
    select
        roles0_.user_id as user_id1_11_0_,
        roles0_.roles as roles2_11_0_ 
    from
        user_roles roles0_ 
    where
        roles0_.user_id=?
Hibernate: 
    select
        roles0_.user_id as user_id1_11_0_,
        roles0_.roles as roles2_11_0_ 
    from
        user_roles roles0_ 
    where
        roles0_.user_id=?
Hibernate: 
    select
        roles0_.user_id as user_id1_11_0_,
        roles0_.roles as roles2_11_0_ 
    from
        user_roles roles0_ 
    where
        roles0_.user_id=?
Hibernate: 
    select
        roles0_.user_id as user_id1_11_0_,
        roles0_.roles as roles2_11_0_ 
    from
        user_roles roles0_ 
    where
        roles0_.user_id=?
Hibernate: 
    select
        roles0_.user_id as user_id1_11_0_,
        roles0_.roles as roles2_11_0_ 
    from
        user_roles roles0_ 
    where
        roles0_.user_id=?
Hibernate: 
    insert 
    into
        meeting_pin
        (created_at, updated_at, category, content, user_id, date, latitude, longitude, max_age, min_age, set_gender, set_limit, title) 
    values
        (?, ?, ?, ?, ?, ?, ?, ?, ?, ?, ?, ?, ?)
Hibernate: 
    select
        user0_.id as id1_10_,
        user0_.created_at as created_2_10_,
        user0_.updated_at as updated_3_10_,
        user0_.age as age4_10_,
        user0_.background_image as backgrou5_10_,
        user0_.email as email6_10_,
        user0_.gender as gender7_10_,
        user0_.hobby as hobby8_10_,
        user0_.introduce as introduc9_10_,
        user0_.job as job10_10_,
        user0_.name as name11_10_,
        user0_.nick_name as nick_na12_10_,
        user0_.phone_num as phone_n13_10_,
        user0_.profile_image as profile14_10_,
        user0_.res_red_number as res_red15_10_,
        user0_.score as score16_10_ 
    from
        user user0_
Hibernate: 
    select
        roles0_.user_id as user_id1_11_0_,
        roles0_.roles as roles2_11_0_ 
    from
        user_roles roles0_ 
    where
        roles0_.user_id=?
Hibernate: 
    select
        roles0_.user_id as user_id1_11_0_,
        roles0_.roles as roles2_11_0_ 
    from
        user_roles roles0_ 
    where
        roles0_.user_id=?
Hibernate: 
    select
        roles0_.user_id as user_id1_11_0_,
        roles0_.roles as roles2_11_0_ 
    from
        user_roles roles0_ 
    where
        roles0_.user_id=?
Hibernate: 
    select
        roles0_.user_id as user_id1_11_0_,
        roles0_.roles as roles2_11_0_ 
    from
        user_roles roles0_ 
    where
        roles0_.user_id=?
Hibernate: 
    select
        roles0_.user_id as user_id1_11_0_,
        roles0_.roles as roles2_11_0_ 
    from
        user_roles roles0_ 
    where
        roles0_.user_id=?
Hibernate: 
    insert 
    into
        meeting_pin
        (created_at, updated_at, category, content, user_id, date, latitude, longitude, max_age, min_age, set_gender, set_limit, title) 
    values
        (?, ?, ?, ?, ?, ?, ?, ?, ?, ?, ?, ?, ?)
Hibernate: 
    select
        user0_.id as id1_10_,
        user0_.created_at as created_2_10_,
        user0_.updated_at as updated_3_10_,
        user0_.age as age4_10_,
        user0_.background_image as backgrou5_10_,
        user0_.email as email6_10_,
        user0_.gender as gender7_10_,
        user0_.hobby as hobby8_10_,
        user0_.introduce as introduc9_10_,
        user0_.job as job10_10_,
        user0_.name as name11_10_,
        user0_.nick_name as nick_na12_10_,
        user0_.phone_num as phone_n13_10_,
        user0_.profile_image as profile14_10_,
        user0_.res_red_number as res_red15_10_,
        user0_.score as score16_10_ 
    from
        user user0_
Hibernate: 
    select
        roles0_.user_id as user_id1_11_0_,
        roles0_.roles as roles2_11_0_ 
    from
        user_roles roles0_ 
    where
        roles0_.user_id=?
Hibernate: 
    select
        roles0_.user_id as user_id1_11_0_,
        roles0_.roles as roles2_11_0_ 
    from
        user_roles roles0_ 
    where
        roles0_.user_id=?
Hibernate: 
    select
        roles0_.user_id as user_id1_11_0_,
        roles0_.roles as roles2_11_0_ 
    from
        user_roles roles0_ 
    where
        roles0_.user_id=?
Hibernate: 
    select
        roles0_.user_id as user_id1_11_0_,
        roles0_.roles as roles2_11_0_ 
    from
        user_roles roles0_ 
    where
        roles0_.user_id=?
Hibernate: 
    select
        roles0_.user_id as user_id1_11_0_,
        roles0_.roles as roles2_11_0_ 
    from
        user_roles roles0_ 
    where
        roles0_.user_id=?
Hibernate: 
    insert 
    into
        meeting_pin
        (created_at, updated_at, category, content, user_id, date, latitude, longitude, max_age, min_age, set_gender, set_limit, title) 
    values
        (?, ?, ?, ?, ?, ?, ?, ?, ?, ?, ?, ?, ?)
Hibernate: 
    select
        user0_.id as id1_10_,
        user0_.created_at as created_2_10_,
        user0_.updated_at as updated_3_10_,
        user0_.age as age4_10_,
        user0_.background_image as backgrou5_10_,
        user0_.email as email6_10_,
        user0_.gender as gender7_10_,
        user0_.hobby as hobby8_10_,
        user0_.introduce as introduc9_10_,
        user0_.job as job10_10_,
        user0_.name as name11_10_,
        user0_.nick_name as nick_na12_10_,
        user0_.phone_num as phone_n13_10_,
        user0_.profile_image as profile14_10_,
        user0_.res_red_number as res_red15_10_,
        user0_.score as score16_10_ 
    from
        user user0_
Hibernate: 
    select
        roles0_.user_id as user_id1_11_0_,
        roles0_.roles as roles2_11_0_ 
    from
        user_roles roles0_ 
    where
        roles0_.user_id=?
Hibernate: 
    select
        roles0_.user_id as user_id1_11_0_,
        roles0_.roles as roles2_11_0_ 
    from
        user_roles roles0_ 
    where
        roles0_.user_id=?
Hibernate: 
    select
        roles0_.user_id as user_id1_11_0_,
        roles0_.roles as roles2_11_0_ 
    from
        user_roles roles0_ 
    where
        roles0_.user_id=?
Hibernate: 
    select
        roles0_.user_id as user_id1_11_0_,
        roles0_.roles as roles2_11_0_ 
    from
        user_roles roles0_ 
    where
        roles0_.user_id=?
Hibernate: 
    select
        roles0_.user_id as user_id1_11_0_,
        roles0_.roles as roles2_11_0_ 
    from
        user_roles roles0_ 
    where
        roles0_.user_id=?
Hibernate: 
    insert 
    into
        meeting_pin
        (created_at, updated_at, category, content, user_id, date, latitude, longitude, max_age, min_age, set_gender, set_limit, title) 
    values
        (?, ?, ?, ?, ?, ?, ?, ?, ?, ?, ?, ?, ?)
Hibernate: 
    select
        user0_.id as id1_10_,
        user0_.created_at as created_2_10_,
        user0_.updated_at as updated_3_10_,
        user0_.age as age4_10_,
        user0_.background_image as backgrou5_10_,
        user0_.email as email6_10_,
        user0_.gender as gender7_10_,
        user0_.hobby as hobby8_10_,
        user0_.introduce as introduc9_10_,
        user0_.job as job10_10_,
        user0_.name as name11_10_,
        user0_.nick_name as nick_na12_10_,
        user0_.phone_num as phone_n13_10_,
        user0_.profile_image as profile14_10_,
        user0_.res_red_number as res_red15_10_,
        user0_.score as score16_10_ 
    from
        user user0_
Hibernate: 
    select
        roles0_.user_id as user_id1_11_0_,
        roles0_.roles as roles2_11_0_ 
    from
        user_roles roles0_ 
    where
        roles0_.user_id=?
Hibernate: 
    select
        roles0_.user_id as user_id1_11_0_,
        roles0_.roles as roles2_11_0_ 
    from
        user_roles roles0_ 
    where
        roles0_.user_id=?
Hibernate: 
    select
        roles0_.user_id as user_id1_11_0_,
        roles0_.roles as roles2_11_0_ 
    from
        user_roles roles0_ 
    where
        roles0_.user_id=?
Hibernate: 
    select
        roles0_.user_id as user_id1_11_0_,
        roles0_.roles as roles2_11_0_ 
    from
        user_roles roles0_ 
    where
        roles0_.user_id=?
Hibernate: 
    select
        roles0_.user_id as user_id1_11_0_,
        roles0_.roles as roles2_11_0_ 
    from
        user_roles roles0_ 
    where
        roles0_.user_id=?
Hibernate: 
    insert 
    into
        meeting_pin
        (created_at, updated_at, category, content, user_id, date, latitude, longitude, max_age, min_age, set_gender, set_limit, title) 
    values
        (?, ?, ?, ?, ?, ?, ?, ?, ?, ?, ?, ?, ?)
Hibernate: 
    select
        user0_.id as id1_10_,
        user0_.created_at as created_2_10_,
        user0_.updated_at as updated_3_10_,
        user0_.age as age4_10_,
        user0_.background_image as backgrou5_10_,
        user0_.email as email6_10_,
        user0_.gender as gender7_10_,
        user0_.hobby as hobby8_10_,
        user0_.introduce as introduc9_10_,
        user0_.job as job10_10_,
        user0_.name as name11_10_,
        user0_.nick_name as nick_na12_10_,
        user0_.phone_num as phone_n13_10_,
        user0_.profile_image as profile14_10_,
        user0_.res_red_number as res_red15_10_,
        user0_.score as score16_10_ 
    from
        user user0_
Hibernate: 
    select
        roles0_.user_id as user_id1_11_0_,
        roles0_.roles as roles2_11_0_ 
    from
        user_roles roles0_ 
    where
        roles0_.user_id=?
Hibernate: 
    select
        roles0_.user_id as user_id1_11_0_,
        roles0_.roles as roles2_11_0_ 
    from
        user_roles roles0_ 
    where
        roles0_.user_id=?
Hibernate: 
    select
        roles0_.user_id as user_id1_11_0_,
        roles0_.roles as roles2_11_0_ 
    from
        user_roles roles0_ 
    where
        roles0_.user_id=?
Hibernate: 
    select
        roles0_.user_id as user_id1_11_0_,
        roles0_.roles as roles2_11_0_ 
    from
        user_roles roles0_ 
    where
        roles0_.user_id=?
Hibernate: 
    select
        roles0_.user_id as user_id1_11_0_,
        roles0_.roles as roles2_11_0_ 
    from
        user_roles roles0_ 
    where
        roles0_.user_id=?
Hibernate: 
    insert 
    into
        meeting_pin
        (created_at, updated_at, category, content, user_id, date, latitude, longitude, max_age, min_age, set_gender, set_limit, title) 
    values
        (?, ?, ?, ?, ?, ?, ?, ?, ?, ?, ?, ?, ?)
Hibernate: 
    select
        user0_.id as id1_10_,
        user0_.created_at as created_2_10_,
        user0_.updated_at as updated_3_10_,
        user0_.age as age4_10_,
        user0_.background_image as backgrou5_10_,
        user0_.email as email6_10_,
        user0_.gender as gender7_10_,
        user0_.hobby as hobby8_10_,
        user0_.introduce as introduc9_10_,
        user0_.job as job10_10_,
        user0_.name as name11_10_,
        user0_.nick_name as nick_na12_10_,
        user0_.phone_num as phone_n13_10_,
        user0_.profile_image as profile14_10_,
        user0_.res_red_number as res_red15_10_,
        user0_.score as score16_10_ 
    from
        user user0_
Hibernate: 
    select
        roles0_.user_id as user_id1_11_0_,
        roles0_.roles as roles2_11_0_ 
    from
        user_roles roles0_ 
    where
        roles0_.user_id=?
Hibernate: 
    select
        roles0_.user_id as user_id1_11_0_,
        roles0_.roles as roles2_11_0_ 
    from
        user_roles roles0_ 
    where
        roles0_.user_id=?
Hibernate: 
    select
        roles0_.user_id as user_id1_11_0_,
        roles0_.roles as roles2_11_0_ 
    from
        user_roles roles0_ 
    where
        roles0_.user_id=?
Hibernate: 
    select
        roles0_.user_id as user_id1_11_0_,
        roles0_.roles as roles2_11_0_ 
    from
        user_roles roles0_ 
    where
        roles0_.user_id=?
Hibernate: 
    select
        roles0_.user_id as user_id1_11_0_,
        roles0_.roles as roles2_11_0_ 
    from
        user_roles roles0_ 
    where
        roles0_.user_id=?
Hibernate: 
    insert 
    into
        meeting_pin
        (created_at, updated_at, category, content, user_id, date, latitude, longitude, max_age, min_age, set_gender, set_limit, title) 
    values
        (?, ?, ?, ?, ?, ?, ?, ?, ?, ?, ?, ?, ?)
Hibernate: 
    select
        user0_.id as id1_10_,
        user0_.created_at as created_2_10_,
        user0_.updated_at as updated_3_10_,
        user0_.age as age4_10_,
        user0_.background_image as backgrou5_10_,
        user0_.email as email6_10_,
        user0_.gender as gender7_10_,
        user0_.hobby as hobby8_10_,
        user0_.introduce as introduc9_10_,
        user0_.job as job10_10_,
        user0_.name as name11_10_,
        user0_.nick_name as nick_na12_10_,
        user0_.phone_num as phone_n13_10_,
        user0_.profile_image as profile14_10_,
        user0_.res_red_number as res_red15_10_,
        user0_.score as score16_10_ 
    from
        user user0_
Hibernate: 
    select
        roles0_.user_id as user_id1_11_0_,
        roles0_.roles as roles2_11_0_ 
    from
        user_roles roles0_ 
    where
        roles0_.user_id=?
Hibernate: 
    select
        roles0_.user_id as user_id1_11_0_,
        roles0_.roles as roles2_11_0_ 
    from
        user_roles roles0_ 
    where
        roles0_.user_id=?
Hibernate: 
    select
        roles0_.user_id as user_id1_11_0_,
        roles0_.roles as roles2_11_0_ 
    from
        user_roles roles0_ 
    where
        roles0_.user_id=?
Hibernate: 
    select
        roles0_.user_id as user_id1_11_0_,
        roles0_.roles as roles2_11_0_ 
    from
        user_roles roles0_ 
    where
        roles0_.user_id=?
Hibernate: 
    select
        roles0_.user_id as user_id1_11_0_,
        roles0_.roles as roles2_11_0_ 
    from
        user_roles roles0_ 
    where
        roles0_.user_id=?
Hibernate: 
    insert 
    into
        meeting_pin
        (created_at, updated_at, category, content, user_id, date, latitude, longitude, max_age, min_age, set_gender, set_limit, title) 
    values
        (?, ?, ?, ?, ?, ?, ?, ?, ?, ?, ?, ?, ?)
Hibernate: 
    select
        user0_.id as id1_10_,
        user0_.created_at as created_2_10_,
        user0_.updated_at as updated_3_10_,
        user0_.age as age4_10_,
        user0_.background_image as backgrou5_10_,
        user0_.email as email6_10_,
        user0_.gender as gender7_10_,
        user0_.hobby as hobby8_10_,
        user0_.introduce as introduc9_10_,
        user0_.job as job10_10_,
        user0_.name as name11_10_,
        user0_.nick_name as nick_na12_10_,
        user0_.phone_num as phone_n13_10_,
        user0_.profile_image as profile14_10_,
        user0_.res_red_number as res_red15_10_,
        user0_.score as score16_10_ 
    from
        user user0_
Hibernate: 
    select
        roles0_.user_id as user_id1_11_0_,
        roles0_.roles as roles2_11_0_ 
    from
        user_roles roles0_ 
    where
        roles0_.user_id=?
Hibernate: 
    select
        roles0_.user_id as user_id1_11_0_,
        roles0_.roles as roles2_11_0_ 
    from
        user_roles roles0_ 
    where
        roles0_.user_id=?
Hibernate: 
    select
        roles0_.user_id as user_id1_11_0_,
        roles0_.roles as roles2_11_0_ 
    from
        user_roles roles0_ 
    where
        roles0_.user_id=?
Hibernate: 
    select
        roles0_.user_id as user_id1_11_0_,
        roles0_.roles as roles2_11_0_ 
    from
        user_roles roles0_ 
    where
        roles0_.user_id=?
Hibernate: 
    select
        roles0_.user_id as user_id1_11_0_,
        roles0_.roles as roles2_11_0_ 
    from
        user_roles roles0_ 
    where
        roles0_.user_id=?
Hibernate: 
    insert 
    into
        meeting_pin
        (created_at, updated_at, category, content, user_id, date, latitude, longitude, max_age, min_age, set_gender, set_limit, title) 
    values
        (?, ?, ?, ?, ?, ?, ?, ?, ?, ?, ?, ?, ?)
Hibernate: 
    select
        user0_.id as id1_10_,
        user0_.created_at as created_2_10_,
        user0_.updated_at as updated_3_10_,
        user0_.age as age4_10_,
        user0_.background_image as backgrou5_10_,
        user0_.email as email6_10_,
        user0_.gender as gender7_10_,
        user0_.hobby as hobby8_10_,
        user0_.introduce as introduc9_10_,
        user0_.job as job10_10_,
        user0_.name as name11_10_,
        user0_.nick_name as nick_na12_10_,
        user0_.phone_num as phone_n13_10_,
        user0_.profile_image as profile14_10_,
        user0_.res_red_number as res_red15_10_,
        user0_.score as score16_10_ 
    from
        user user0_
Hibernate: 
    select
        roles0_.user_id as user_id1_11_0_,
        roles0_.roles as roles2_11_0_ 
    from
        user_roles roles0_ 
    where
        roles0_.user_id=?
Hibernate: 
    select
        roles0_.user_id as user_id1_11_0_,
        roles0_.roles as roles2_11_0_ 
    from
        user_roles roles0_ 
    where
        roles0_.user_id=?
Hibernate: 
    select
        roles0_.user_id as user_id1_11_0_,
        roles0_.roles as roles2_11_0_ 
    from
        user_roles roles0_ 
    where
        roles0_.user_id=?
Hibernate: 
    select
        roles0_.user_id as user_id1_11_0_,
        roles0_.roles as roles2_11_0_ 
    from
        user_roles roles0_ 
    where
        roles0_.user_id=?
Hibernate: 
    select
        roles0_.user_id as user_id1_11_0_,
        roles0_.roles as roles2_11_0_ 
    from
        user_roles roles0_ 
    where
        roles0_.user_id=?
Hibernate: 
    insert 
    into
        meeting_pin
        (created_at, updated_at, category, content, user_id, date, latitude, longitude, max_age, min_age, set_gender, set_limit, title) 
    values
        (?, ?, ?, ?, ?, ?, ?, ?, ?, ?, ?, ?, ?)
Hibernate: 
    select
        user0_.id as id1_10_,
        user0_.created_at as created_2_10_,
        user0_.updated_at as updated_3_10_,
        user0_.age as age4_10_,
        user0_.background_image as backgrou5_10_,
        user0_.email as email6_10_,
        user0_.gender as gender7_10_,
        user0_.hobby as hobby8_10_,
        user0_.introduce as introduc9_10_,
        user0_.job as job10_10_,
        user0_.name as name11_10_,
        user0_.nick_name as nick_na12_10_,
        user0_.phone_num as phone_n13_10_,
        user0_.profile_image as profile14_10_,
        user0_.res_red_number as res_red15_10_,
        user0_.score as score16_10_ 
    from
        user user0_
Hibernate: 
    select
        roles0_.user_id as user_id1_11_0_,
        roles0_.roles as roles2_11_0_ 
    from
        user_roles roles0_ 
    where
        roles0_.user_id=?
Hibernate: 
    select
        roles0_.user_id as user_id1_11_0_,
        roles0_.roles as roles2_11_0_ 
    from
        user_roles roles0_ 
    where
        roles0_.user_id=?
Hibernate: 
    select
        roles0_.user_id as user_id1_11_0_,
        roles0_.roles as roles2_11_0_ 
    from
        user_roles roles0_ 
    where
        roles0_.user_id=?
Hibernate: 
    select
        roles0_.user_id as user_id1_11_0_,
        roles0_.roles as roles2_11_0_ 
    from
        user_roles roles0_ 
    where
        roles0_.user_id=?
Hibernate: 
    select
        roles0_.user_id as user_id1_11_0_,
        roles0_.roles as roles2_11_0_ 
    from
        user_roles roles0_ 
    where
        roles0_.user_id=?
Hibernate: 
    insert 
    into
        meeting_pin
        (created_at, updated_at, category, content, user_id, date, latitude, longitude, max_age, min_age, set_gender, set_limit, title) 
    values
        (?, ?, ?, ?, ?, ?, ?, ?, ?, ?, ?, ?, ?)
Hibernate: 
    select
        user0_.id as id1_10_,
        user0_.created_at as created_2_10_,
        user0_.updated_at as updated_3_10_,
        user0_.age as age4_10_,
        user0_.background_image as backgrou5_10_,
        user0_.email as email6_10_,
        user0_.gender as gender7_10_,
        user0_.hobby as hobby8_10_,
        user0_.introduce as introduc9_10_,
        user0_.job as job10_10_,
        user0_.name as name11_10_,
        user0_.nick_name as nick_na12_10_,
        user0_.phone_num as phone_n13_10_,
        user0_.profile_image as profile14_10_,
        user0_.res_red_number as res_red15_10_,
        user0_.score as score16_10_ 
    from
        user user0_
Hibernate: 
    select
        roles0_.user_id as user_id1_11_0_,
        roles0_.roles as roles2_11_0_ 
    from
        user_roles roles0_ 
    where
        roles0_.user_id=?
Hibernate: 
    select
        roles0_.user_id as user_id1_11_0_,
        roles0_.roles as roles2_11_0_ 
    from
        user_roles roles0_ 
    where
        roles0_.user_id=?
Hibernate: 
    select
        roles0_.user_id as user_id1_11_0_,
        roles0_.roles as roles2_11_0_ 
    from
        user_roles roles0_ 
    where
        roles0_.user_id=?
Hibernate: 
    select
        roles0_.user_id as user_id1_11_0_,
        roles0_.roles as roles2_11_0_ 
    from
        user_roles roles0_ 
    where
        roles0_.user_id=?
Hibernate: 
    select
        roles0_.user_id as user_id1_11_0_,
        roles0_.roles as roles2_11_0_ 
    from
        user_roles roles0_ 
    where
        roles0_.user_id=?
Hibernate: 
    insert 
    into
        meeting_pin
        (created_at, updated_at, category, content, user_id, date, latitude, longitude, max_age, min_age, set_gender, set_limit, title) 
    values
        (?, ?, ?, ?, ?, ?, ?, ?, ?, ?, ?, ?, ?)
Hibernate: 
    select
        user0_.id as id1_10_,
        user0_.created_at as created_2_10_,
        user0_.updated_at as updated_3_10_,
        user0_.age as age4_10_,
        user0_.background_image as backgrou5_10_,
        user0_.email as email6_10_,
        user0_.gender as gender7_10_,
        user0_.hobby as hobby8_10_,
        user0_.introduce as introduc9_10_,
        user0_.job as job10_10_,
        user0_.name as name11_10_,
        user0_.nick_name as nick_na12_10_,
        user0_.phone_num as phone_n13_10_,
        user0_.profile_image as profile14_10_,
        user0_.res_red_number as res_red15_10_,
        user0_.score as score16_10_ 
    from
        user user0_
Hibernate: 
    select
        roles0_.user_id as user_id1_11_0_,
        roles0_.roles as roles2_11_0_ 
    from
        user_roles roles0_ 
    where
        roles0_.user_id=?
Hibernate: 
    select
        roles0_.user_id as user_id1_11_0_,
        roles0_.roles as roles2_11_0_ 
    from
        user_roles roles0_ 
    where
        roles0_.user_id=?
Hibernate: 
    select
        roles0_.user_id as user_id1_11_0_,
        roles0_.roles as roles2_11_0_ 
    from
        user_roles roles0_ 
    where
        roles0_.user_id=?
Hibernate: 
    select
        roles0_.user_id as user_id1_11_0_,
        roles0_.roles as roles2_11_0_ 
    from
        user_roles roles0_ 
    where
        roles0_.user_id=?
Hibernate: 
    select
        roles0_.user_id as user_id1_11_0_,
        roles0_.roles as roles2_11_0_ 
    from
        user_roles roles0_ 
    where
        roles0_.user_id=?
Hibernate: 
    insert 
    into
        meeting_pin
        (created_at, updated_at, category, content, user_id, date, latitude, longitude, max_age, min_age, set_gender, set_limit, title) 
    values
        (?, ?, ?, ?, ?, ?, ?, ?, ?, ?, ?, ?, ?)
Hibernate: 
    select
        user0_.id as id1_10_,
        user0_.created_at as created_2_10_,
        user0_.updated_at as updated_3_10_,
        user0_.age as age4_10_,
        user0_.background_image as backgrou5_10_,
        user0_.email as email6_10_,
        user0_.gender as gender7_10_,
        user0_.hobby as hobby8_10_,
        user0_.introduce as introduc9_10_,
        user0_.job as job10_10_,
        user0_.name as name11_10_,
        user0_.nick_name as nick_na12_10_,
        user0_.phone_num as phone_n13_10_,
        user0_.profile_image as profile14_10_,
        user0_.res_red_number as res_red15_10_,
        user0_.score as score16_10_ 
    from
        user user0_
Hibernate: 
    select
        roles0_.user_id as user_id1_11_0_,
        roles0_.roles as roles2_11_0_ 
    from
        user_roles roles0_ 
    where
        roles0_.user_id=?
Hibernate: 
    select
        roles0_.user_id as user_id1_11_0_,
        roles0_.roles as roles2_11_0_ 
    from
        user_roles roles0_ 
    where
        roles0_.user_id=?
Hibernate: 
    select
        roles0_.user_id as user_id1_11_0_,
        roles0_.roles as roles2_11_0_ 
    from
        user_roles roles0_ 
    where
        roles0_.user_id=?
Hibernate: 
    select
        roles0_.user_id as user_id1_11_0_,
        roles0_.roles as roles2_11_0_ 
    from
        user_roles roles0_ 
    where
        roles0_.user_id=?
Hibernate: 
    select
        roles0_.user_id as user_id1_11_0_,
        roles0_.roles as roles2_11_0_ 
    from
        user_roles roles0_ 
    where
        roles0_.user_id=?
Hibernate: 
    insert 
    into
        meeting_pin
        (created_at, updated_at, category, content, user_id, date, latitude, longitude, max_age, min_age, set_gender, set_limit, title) 
    values
        (?, ?, ?, ?, ?, ?, ?, ?, ?, ?, ?, ?, ?)
Hibernate: 
    select
        user0_.id as id1_10_,
        user0_.created_at as created_2_10_,
        user0_.updated_at as updated_3_10_,
        user0_.age as age4_10_,
        user0_.background_image as backgrou5_10_,
        user0_.email as email6_10_,
        user0_.gender as gender7_10_,
        user0_.hobby as hobby8_10_,
        user0_.introduce as introduc9_10_,
        user0_.job as job10_10_,
        user0_.name as name11_10_,
        user0_.nick_name as nick_na12_10_,
        user0_.phone_num as phone_n13_10_,
        user0_.profile_image as profile14_10_,
        user0_.res_red_number as res_red15_10_,
        user0_.score as score16_10_ 
    from
        user user0_
Hibernate: 
    select
        roles0_.user_id as user_id1_11_0_,
        roles0_.roles as roles2_11_0_ 
    from
        user_roles roles0_ 
    where
        roles0_.user_id=?
Hibernate: 
    select
        roles0_.user_id as user_id1_11_0_,
        roles0_.roles as roles2_11_0_ 
    from
        user_roles roles0_ 
    where
        roles0_.user_id=?
Hibernate: 
    select
        roles0_.user_id as user_id1_11_0_,
        roles0_.roles as roles2_11_0_ 
    from
        user_roles roles0_ 
    where
        roles0_.user_id=?
Hibernate: 
    select
        roles0_.user_id as user_id1_11_0_,
        roles0_.roles as roles2_11_0_ 
    from
        user_roles roles0_ 
    where
        roles0_.user_id=?
Hibernate: 
    select
        roles0_.user_id as user_id1_11_0_,
        roles0_.roles as roles2_11_0_ 
    from
        user_roles roles0_ 
    where
        roles0_.user_id=?
Hibernate: 
    insert 
    into
        meeting_pin
        (created_at, updated_at, category, content, user_id, date, latitude, longitude, max_age, min_age, set_gender, set_limit, title) 
    values
        (?, ?, ?, ?, ?, ?, ?, ?, ?, ?, ?, ?, ?)
Hibernate: 
    select
        user0_.id as id1_10_,
        user0_.created_at as created_2_10_,
        user0_.updated_at as updated_3_10_,
        user0_.age as age4_10_,
        user0_.background_image as backgrou5_10_,
        user0_.email as email6_10_,
        user0_.gender as gender7_10_,
        user0_.hobby as hobby8_10_,
        user0_.introduce as introduc9_10_,
        user0_.job as job10_10_,
        user0_.name as name11_10_,
        user0_.nick_name as nick_na12_10_,
        user0_.phone_num as phone_n13_10_,
        user0_.profile_image as profile14_10_,
        user0_.res_red_number as res_red15_10_,
        user0_.score as score16_10_ 
    from
        user user0_
Hibernate: 
    select
        roles0_.user_id as user_id1_11_0_,
        roles0_.roles as roles2_11_0_ 
    from
        user_roles roles0_ 
    where
        roles0_.user_id=?
Hibernate: 
    select
        roles0_.user_id as user_id1_11_0_,
        roles0_.roles as roles2_11_0_ 
    from
        user_roles roles0_ 
    where
        roles0_.user_id=?
Hibernate: 
    select
        roles0_.user_id as user_id1_11_0_,
        roles0_.roles as roles2_11_0_ 
    from
        user_roles roles0_ 
    where
        roles0_.user_id=?
Hibernate: 
    select
        roles0_.user_id as user_id1_11_0_,
        roles0_.roles as roles2_11_0_ 
    from
        user_roles roles0_ 
    where
        roles0_.user_id=?
Hibernate: 
    select
        roles0_.user_id as user_id1_11_0_,
        roles0_.roles as roles2_11_0_ 
    from
        user_roles roles0_ 
    where
        roles0_.user_id=?
Hibernate: 
    insert 
    into
        meeting_pin
        (created_at, updated_at, category, content, user_id, date, latitude, longitude, max_age, min_age, set_gender, set_limit, title) 
    values
        (?, ?, ?, ?, ?, ?, ?, ?, ?, ?, ?, ?, ?)
Hibernate: 
    select
        user0_.id as id1_10_,
        user0_.created_at as created_2_10_,
        user0_.updated_at as updated_3_10_,
        user0_.age as age4_10_,
        user0_.background_image as backgrou5_10_,
        user0_.email as email6_10_,
        user0_.gender as gender7_10_,
        user0_.hobby as hobby8_10_,
        user0_.introduce as introduc9_10_,
        user0_.job as job10_10_,
        user0_.name as name11_10_,
        user0_.nick_name as nick_na12_10_,
        user0_.phone_num as phone_n13_10_,
        user0_.profile_image as profile14_10_,
        user0_.res_red_number as res_red15_10_,
        user0_.score as score16_10_ 
    from
        user user0_
Hibernate: 
    select
        roles0_.user_id as user_id1_11_0_,
        roles0_.roles as roles2_11_0_ 
    from
        user_roles roles0_ 
    where
        roles0_.user_id=?
Hibernate: 
    select
        roles0_.user_id as user_id1_11_0_,
        roles0_.roles as roles2_11_0_ 
    from
        user_roles roles0_ 
    where
        roles0_.user_id=?
Hibernate: 
    select
        roles0_.user_id as user_id1_11_0_,
        roles0_.roles as roles2_11_0_ 
    from
        user_roles roles0_ 
    where
        roles0_.user_id=?
Hibernate: 
    select
        roles0_.user_id as user_id1_11_0_,
        roles0_.roles as roles2_11_0_ 
    from
        user_roles roles0_ 
    where
        roles0_.user_id=?
Hibernate: 
    select
        roles0_.user_id as user_id1_11_0_,
        roles0_.roles as roles2_11_0_ 
    from
        user_roles roles0_ 
    where
        roles0_.user_id=?
Hibernate: 
    insert 
    into
        meeting_pin
        (created_at, updated_at, category, content, user_id, date, latitude, longitude, max_age, min_age, set_gender, set_limit, title) 
    values
        (?, ?, ?, ?, ?, ?, ?, ?, ?, ?, ?, ?, ?)
Hibernate: 
    select
        user0_.id as id1_10_,
        user0_.created_at as created_2_10_,
        user0_.updated_at as updated_3_10_,
        user0_.age as age4_10_,
        user0_.background_image as backgrou5_10_,
        user0_.email as email6_10_,
        user0_.gender as gender7_10_,
        user0_.hobby as hobby8_10_,
        user0_.introduce as introduc9_10_,
        user0_.job as job10_10_,
        user0_.name as name11_10_,
        user0_.nick_name as nick_na12_10_,
        user0_.phone_num as phone_n13_10_,
        user0_.profile_image as profile14_10_,
        user0_.res_red_number as res_red15_10_,
        user0_.score as score16_10_ 
    from
        user user0_
Hibernate: 
    select
        roles0_.user_id as user_id1_11_0_,
        roles0_.roles as roles2_11_0_ 
    from
        user_roles roles0_ 
    where
        roles0_.user_id=?
Hibernate: 
    select
        roles0_.user_id as user_id1_11_0_,
        roles0_.roles as roles2_11_0_ 
    from
        user_roles roles0_ 
    where
        roles0_.user_id=?
Hibernate: 
    select
        roles0_.user_id as user_id1_11_0_,
        roles0_.roles as roles2_11_0_ 
    from
        user_roles roles0_ 
    where
        roles0_.user_id=?
Hibernate: 
    select
        roles0_.user_id as user_id1_11_0_,
        roles0_.roles as roles2_11_0_ 
    from
        user_roles roles0_ 
    where
        roles0_.user_id=?
Hibernate: 
    select
        roles0_.user_id as user_id1_11_0_,
        roles0_.roles as roles2_11_0_ 
    from
        user_roles roles0_ 
    where
        roles0_.user_id=?
Hibernate: 
    insert 
    into
        meeting_pin
        (created_at, updated_at, category, content, user_id, date, latitude, longitude, max_age, min_age, set_gender, set_limit, title) 
    values
        (?, ?, ?, ?, ?, ?, ?, ?, ?, ?, ?, ?, ?)
Hibernate: 
    select
        user0_.id as id1_10_,
        user0_.created_at as created_2_10_,
        user0_.updated_at as updated_3_10_,
        user0_.age as age4_10_,
        user0_.background_image as backgrou5_10_,
        user0_.email as email6_10_,
        user0_.gender as gender7_10_,
        user0_.hobby as hobby8_10_,
        user0_.introduce as introduc9_10_,
        user0_.job as job10_10_,
        user0_.name as name11_10_,
        user0_.nick_name as nick_na12_10_,
        user0_.phone_num as phone_n13_10_,
        user0_.profile_image as profile14_10_,
        user0_.res_red_number as res_red15_10_,
        user0_.score as score16_10_ 
    from
        user user0_
Hibernate: 
    select
        roles0_.user_id as user_id1_11_0_,
        roles0_.roles as roles2_11_0_ 
    from
        user_roles roles0_ 
    where
        roles0_.user_id=?
Hibernate: 
    select
        roles0_.user_id as user_id1_11_0_,
        roles0_.roles as roles2_11_0_ 
    from
        user_roles roles0_ 
    where
        roles0_.user_id=?
Hibernate: 
    select
        roles0_.user_id as user_id1_11_0_,
        roles0_.roles as roles2_11_0_ 
    from
        user_roles roles0_ 
    where
        roles0_.user_id=?
Hibernate: 
    select
        roles0_.user_id as user_id1_11_0_,
        roles0_.roles as roles2_11_0_ 
    from
        user_roles roles0_ 
    where
        roles0_.user_id=?
Hibernate: 
    select
        roles0_.user_id as user_id1_11_0_,
        roles0_.roles as roles2_11_0_ 
    from
        user_roles roles0_ 
    where
        roles0_.user_id=?
Hibernate: 
    insert 
    into
        meeting_pin
        (created_at, updated_at, category, content, user_id, date, latitude, longitude, max_age, min_age, set_gender, set_limit, title) 
    values
        (?, ?, ?, ?, ?, ?, ?, ?, ?, ?, ?, ?, ?)
Hibernate: 
    select
        user0_.id as id1_10_,
        user0_.created_at as created_2_10_,
        user0_.updated_at as updated_3_10_,
        user0_.age as age4_10_,
        user0_.background_image as backgrou5_10_,
        user0_.email as email6_10_,
        user0_.gender as gender7_10_,
        user0_.hobby as hobby8_10_,
        user0_.introduce as introduc9_10_,
        user0_.job as job10_10_,
        user0_.name as name11_10_,
        user0_.nick_name as nick_na12_10_,
        user0_.phone_num as phone_n13_10_,
        user0_.profile_image as profile14_10_,
        user0_.res_red_number as res_red15_10_,
        user0_.score as score16_10_ 
    from
        user user0_
Hibernate: 
    select
        roles0_.user_id as user_id1_11_0_,
        roles0_.roles as roles2_11_0_ 
    from
        user_roles roles0_ 
    where
        roles0_.user_id=?
Hibernate: 
    select
        roles0_.user_id as user_id1_11_0_,
        roles0_.roles as roles2_11_0_ 
    from
        user_roles roles0_ 
    where
        roles0_.user_id=?
Hibernate: 
    select
        roles0_.user_id as user_id1_11_0_,
        roles0_.roles as roles2_11_0_ 
    from
        user_roles roles0_ 
    where
        roles0_.user_id=?
Hibernate: 
    select
        roles0_.user_id as user_id1_11_0_,
        roles0_.roles as roles2_11_0_ 
    from
        user_roles roles0_ 
    where
        roles0_.user_id=?
Hibernate: 
    select
        roles0_.user_id as user_id1_11_0_,
        roles0_.roles as roles2_11_0_ 
    from
        user_roles roles0_ 
    where
        roles0_.user_id=?
Hibernate: 
    insert 
    into
        meeting_pin
        (created_at, updated_at, category, content, user_id, date, latitude, longitude, max_age, min_age, set_gender, set_limit, title) 
    values
        (?, ?, ?, ?, ?, ?, ?, ?, ?, ?, ?, ?, ?)
Hibernate: 
    select
        user0_.id as id1_10_,
        user0_.created_at as created_2_10_,
        user0_.updated_at as updated_3_10_,
        user0_.age as age4_10_,
        user0_.background_image as backgrou5_10_,
        user0_.email as email6_10_,
        user0_.gender as gender7_10_,
        user0_.hobby as hobby8_10_,
        user0_.introduce as introduc9_10_,
        user0_.job as job10_10_,
        user0_.name as name11_10_,
        user0_.nick_name as nick_na12_10_,
        user0_.phone_num as phone_n13_10_,
        user0_.profile_image as profile14_10_,
        user0_.res_red_number as res_red15_10_,
        user0_.score as score16_10_ 
    from
        user user0_
Hibernate: 
    select
        roles0_.user_id as user_id1_11_0_,
        roles0_.roles as roles2_11_0_ 
    from
        user_roles roles0_ 
    where
        roles0_.user_id=?
Hibernate: 
    select
        roles0_.user_id as user_id1_11_0_,
        roles0_.roles as roles2_11_0_ 
    from
        user_roles roles0_ 
    where
        roles0_.user_id=?
Hibernate: 
    select
        roles0_.user_id as user_id1_11_0_,
        roles0_.roles as roles2_11_0_ 
    from
        user_roles roles0_ 
    where
        roles0_.user_id=?
Hibernate: 
    select
        roles0_.user_id as user_id1_11_0_,
        roles0_.roles as roles2_11_0_ 
    from
        user_roles roles0_ 
    where
        roles0_.user_id=?
Hibernate: 
    select
        roles0_.user_id as user_id1_11_0_,
        roles0_.roles as roles2_11_0_ 
    from
        user_roles roles0_ 
    where
        roles0_.user_id=?
Hibernate: 
    insert 
    into
        meeting_pin
        (created_at, updated_at, category, content, user_id, date, latitude, longitude, max_age, min_age, set_gender, set_limit, title) 
    values
        (?, ?, ?, ?, ?, ?, ?, ?, ?, ?, ?, ?, ?)
Hibernate: 
    select
        user0_.id as id1_10_,
        user0_.created_at as created_2_10_,
        user0_.updated_at as updated_3_10_,
        user0_.age as age4_10_,
        user0_.background_image as backgrou5_10_,
        user0_.email as email6_10_,
        user0_.gender as gender7_10_,
        user0_.hobby as hobby8_10_,
        user0_.introduce as introduc9_10_,
        user0_.job as job10_10_,
        user0_.name as name11_10_,
        user0_.nick_name as nick_na12_10_,
        user0_.phone_num as phone_n13_10_,
        user0_.profile_image as profile14_10_,
        user0_.res_red_number as res_red15_10_,
        user0_.score as score16_10_ 
    from
        user user0_
Hibernate: 
    select
        roles0_.user_id as user_id1_11_0_,
        roles0_.roles as roles2_11_0_ 
    from
        user_roles roles0_ 
    where
        roles0_.user_id=?
Hibernate: 
    select
        roles0_.user_id as user_id1_11_0_,
        roles0_.roles as roles2_11_0_ 
    from
        user_roles roles0_ 
    where
        roles0_.user_id=?
Hibernate: 
    select
        roles0_.user_id as user_id1_11_0_,
        roles0_.roles as roles2_11_0_ 
    from
        user_roles roles0_ 
    where
        roles0_.user_id=?
Hibernate: 
    select
        roles0_.user_id as user_id1_11_0_,
        roles0_.roles as roles2_11_0_ 
    from
        user_roles roles0_ 
    where
        roles0_.user_id=?
Hibernate: 
    select
        roles0_.user_id as user_id1_11_0_,
        roles0_.roles as roles2_11_0_ 
    from
        user_roles roles0_ 
    where
        roles0_.user_id=?
Hibernate: 
    insert 
    into
        meeting_pin
        (created_at, updated_at, category, content, user_id, date, latitude, longitude, max_age, min_age, set_gender, set_limit, title) 
    values
        (?, ?, ?, ?, ?, ?, ?, ?, ?, ?, ?, ?, ?)
Hibernate: 
    select
        user0_.id as id1_10_,
        user0_.created_at as created_2_10_,
        user0_.updated_at as updated_3_10_,
        user0_.age as age4_10_,
        user0_.background_image as backgrou5_10_,
        user0_.email as email6_10_,
        user0_.gender as gender7_10_,
        user0_.hobby as hobby8_10_,
        user0_.introduce as introduc9_10_,
        user0_.job as job10_10_,
        user0_.name as name11_10_,
        user0_.nick_name as nick_na12_10_,
        user0_.phone_num as phone_n13_10_,
        user0_.profile_image as profile14_10_,
        user0_.res_red_number as res_red15_10_,
        user0_.score as score16_10_ 
    from
        user user0_
Hibernate: 
    select
        roles0_.user_id as user_id1_11_0_,
        roles0_.roles as roles2_11_0_ 
    from
        user_roles roles0_ 
    where
        roles0_.user_id=?
Hibernate: 
    select
        roles0_.user_id as user_id1_11_0_,
        roles0_.roles as roles2_11_0_ 
    from
        user_roles roles0_ 
    where
        roles0_.user_id=?
Hibernate: 
    select
        roles0_.user_id as user_id1_11_0_,
        roles0_.roles as roles2_11_0_ 
    from
        user_roles roles0_ 
    where
        roles0_.user_id=?
Hibernate: 
    select
        roles0_.user_id as user_id1_11_0_,
        roles0_.roles as roles2_11_0_ 
    from
        user_roles roles0_ 
    where
        roles0_.user_id=?
Hibernate: 
    select
        roles0_.user_id as user_id1_11_0_,
        roles0_.roles as roles2_11_0_ 
    from
        user_roles roles0_ 
    where
        roles0_.user_id=?
Hibernate: 
    insert 
    into
        meeting_pin
        (created_at, updated_at, category, content, user_id, date, latitude, longitude, max_age, min_age, set_gender, set_limit, title) 
    values
        (?, ?, ?, ?, ?, ?, ?, ?, ?, ?, ?, ?, ?)
Hibernate: 
    select
        user0_.id as id1_10_,
        user0_.created_at as created_2_10_,
        user0_.updated_at as updated_3_10_,
        user0_.age as age4_10_,
        user0_.background_image as backgrou5_10_,
        user0_.email as email6_10_,
        user0_.gender as gender7_10_,
        user0_.hobby as hobby8_10_,
        user0_.introduce as introduc9_10_,
        user0_.job as job10_10_,
        user0_.name as name11_10_,
        user0_.nick_name as nick_na12_10_,
        user0_.phone_num as phone_n13_10_,
        user0_.profile_image as profile14_10_,
        user0_.res_red_number as res_red15_10_,
        user0_.score as score16_10_ 
    from
        user user0_
Hibernate: 
    select
        roles0_.user_id as user_id1_11_0_,
        roles0_.roles as roles2_11_0_ 
    from
        user_roles roles0_ 
    where
        roles0_.user_id=?
Hibernate: 
    select
        roles0_.user_id as user_id1_11_0_,
        roles0_.roles as roles2_11_0_ 
    from
        user_roles roles0_ 
    where
        roles0_.user_id=?
Hibernate: 
    select
        roles0_.user_id as user_id1_11_0_,
        roles0_.roles as roles2_11_0_ 
    from
        user_roles roles0_ 
    where
        roles0_.user_id=?
Hibernate: 
    select
        roles0_.user_id as user_id1_11_0_,
        roles0_.roles as roles2_11_0_ 
    from
        user_roles roles0_ 
    where
        roles0_.user_id=?
Hibernate: 
    select
        roles0_.user_id as user_id1_11_0_,
        roles0_.roles as roles2_11_0_ 
    from
        user_roles roles0_ 
    where
        roles0_.user_id=?
Hibernate: 
    insert 
    into
        meeting_pin
        (created_at, updated_at, category, content, user_id, date, latitude, longitude, max_age, min_age, set_gender, set_limit, title) 
    values
        (?, ?, ?, ?, ?, ?, ?, ?, ?, ?, ?, ?, ?)
Hibernate: 
    select
        user0_.id as id1_10_,
        user0_.created_at as created_2_10_,
        user0_.updated_at as updated_3_10_,
        user0_.age as age4_10_,
        user0_.background_image as backgrou5_10_,
        user0_.email as email6_10_,
        user0_.gender as gender7_10_,
        user0_.hobby as hobby8_10_,
        user0_.introduce as introduc9_10_,
        user0_.job as job10_10_,
        user0_.name as name11_10_,
        user0_.nick_name as nick_na12_10_,
        user0_.phone_num as phone_n13_10_,
        user0_.profile_image as profile14_10_,
        user0_.res_red_number as res_red15_10_,
        user0_.score as score16_10_ 
    from
        user user0_
Hibernate: 
    select
        roles0_.user_id as user_id1_11_0_,
        roles0_.roles as roles2_11_0_ 
    from
        user_roles roles0_ 
    where
        roles0_.user_id=?
Hibernate: 
    select
        roles0_.user_id as user_id1_11_0_,
        roles0_.roles as roles2_11_0_ 
    from
        user_roles roles0_ 
    where
        roles0_.user_id=?
Hibernate: 
    select
        roles0_.user_id as user_id1_11_0_,
        roles0_.roles as roles2_11_0_ 
    from
        user_roles roles0_ 
    where
        roles0_.user_id=?
Hibernate: 
    select
        roles0_.user_id as user_id1_11_0_,
        roles0_.roles as roles2_11_0_ 
    from
        user_roles roles0_ 
    where
        roles0_.user_id=?
Hibernate: 
    select
        roles0_.user_id as user_id1_11_0_,
        roles0_.roles as roles2_11_0_ 
    from
        user_roles roles0_ 
    where
        roles0_.user_id=?
Hibernate: 
    insert 
    into
        meeting_pin
        (created_at, updated_at, category, content, user_id, date, latitude, longitude, max_age, min_age, set_gender, set_limit, title) 
    values
        (?, ?, ?, ?, ?, ?, ?, ?, ?, ?, ?, ?, ?)
Hibernate: 
    select
        user0_.id as id1_10_,
        user0_.created_at as created_2_10_,
        user0_.updated_at as updated_3_10_,
        user0_.age as age4_10_,
        user0_.background_image as backgrou5_10_,
        user0_.email as email6_10_,
        user0_.gender as gender7_10_,
        user0_.hobby as hobby8_10_,
        user0_.introduce as introduc9_10_,
        user0_.job as job10_10_,
        user0_.name as name11_10_,
        user0_.nick_name as nick_na12_10_,
        user0_.phone_num as phone_n13_10_,
        user0_.profile_image as profile14_10_,
        user0_.res_red_number as res_red15_10_,
        user0_.score as score16_10_ 
    from
        user user0_
Hibernate: 
    select
        roles0_.user_id as user_id1_11_0_,
        roles0_.roles as roles2_11_0_ 
    from
        user_roles roles0_ 
    where
        roles0_.user_id=?
Hibernate: 
    select
        roles0_.user_id as user_id1_11_0_,
        roles0_.roles as roles2_11_0_ 
    from
        user_roles roles0_ 
    where
        roles0_.user_id=?
Hibernate: 
    select
        roles0_.user_id as user_id1_11_0_,
        roles0_.roles as roles2_11_0_ 
    from
        user_roles roles0_ 
    where
        roles0_.user_id=?
Hibernate: 
    select
        roles0_.user_id as user_id1_11_0_,
        roles0_.roles as roles2_11_0_ 
    from
        user_roles roles0_ 
    where
        roles0_.user_id=?
Hibernate: 
    select
        roles0_.user_id as user_id1_11_0_,
        roles0_.roles as roles2_11_0_ 
    from
        user_roles roles0_ 
    where
        roles0_.user_id=?
Hibernate: 
    insert 
    into
        meeting_pin
        (created_at, updated_at, category, content, user_id, date, latitude, longitude, max_age, min_age, set_gender, set_limit, title) 
    values
        (?, ?, ?, ?, ?, ?, ?, ?, ?, ?, ?, ?, ?)
Hibernate: 
    select
        user0_.id as id1_10_,
        user0_.created_at as created_2_10_,
        user0_.updated_at as updated_3_10_,
        user0_.age as age4_10_,
        user0_.background_image as backgrou5_10_,
        user0_.email as email6_10_,
        user0_.gender as gender7_10_,
        user0_.hobby as hobby8_10_,
        user0_.introduce as introduc9_10_,
        user0_.job as job10_10_,
        user0_.name as name11_10_,
        user0_.nick_name as nick_na12_10_,
        user0_.phone_num as phone_n13_10_,
        user0_.profile_image as profile14_10_,
        user0_.res_red_number as res_red15_10_,
        user0_.score as score16_10_ 
    from
        user user0_
Hibernate: 
    select
        roles0_.user_id as user_id1_11_0_,
        roles0_.roles as roles2_11_0_ 
    from
        user_roles roles0_ 
    where
        roles0_.user_id=?
Hibernate: 
    select
        roles0_.user_id as user_id1_11_0_,
        roles0_.roles as roles2_11_0_ 
    from
        user_roles roles0_ 
    where
        roles0_.user_id=?
Hibernate: 
    select
        roles0_.user_id as user_id1_11_0_,
        roles0_.roles as roles2_11_0_ 
    from
        user_roles roles0_ 
    where
        roles0_.user_id=?
Hibernate: 
    select
        roles0_.user_id as user_id1_11_0_,
        roles0_.roles as roles2_11_0_ 
    from
        user_roles roles0_ 
    where
        roles0_.user_id=?
Hibernate: 
    select
        roles0_.user_id as user_id1_11_0_,
        roles0_.roles as roles2_11_0_ 
    from
        user_roles roles0_ 
    where
        roles0_.user_id=?
Hibernate: 
    insert 
    into
        meeting_pin
        (created_at, updated_at, category, content, user_id, date, latitude, longitude, max_age, min_age, set_gender, set_limit, title) 
    values
        (?, ?, ?, ?, ?, ?, ?, ?, ?, ?, ?, ?, ?)
Hibernate: 
    select
        user0_.id as id1_10_,
        user0_.created_at as created_2_10_,
        user0_.updated_at as updated_3_10_,
        user0_.age as age4_10_,
        user0_.background_image as backgrou5_10_,
        user0_.email as email6_10_,
        user0_.gender as gender7_10_,
        user0_.hobby as hobby8_10_,
        user0_.introduce as introduc9_10_,
        user0_.job as job10_10_,
        user0_.name as name11_10_,
        user0_.nick_name as nick_na12_10_,
        user0_.phone_num as phone_n13_10_,
        user0_.profile_image as profile14_10_,
        user0_.res_red_number as res_red15_10_,
        user0_.score as score16_10_ 
    from
        user user0_
Hibernate: 
    select
        roles0_.user_id as user_id1_11_0_,
        roles0_.roles as roles2_11_0_ 
    from
        user_roles roles0_ 
    where
        roles0_.user_id=?
Hibernate: 
    select
        roles0_.user_id as user_id1_11_0_,
        roles0_.roles as roles2_11_0_ 
    from
        user_roles roles0_ 
    where
        roles0_.user_id=?
Hibernate: 
    select
        roles0_.user_id as user_id1_11_0_,
        roles0_.roles as roles2_11_0_ 
    from
        user_roles roles0_ 
    where
        roles0_.user_id=?
Hibernate: 
    select
        roles0_.user_id as user_id1_11_0_,
        roles0_.roles as roles2_11_0_ 
    from
        user_roles roles0_ 
    where
        roles0_.user_id=?
Hibernate: 
    select
        roles0_.user_id as user_id1_11_0_,
        roles0_.roles as roles2_11_0_ 
    from
        user_roles roles0_ 
    where
        roles0_.user_id=?
Hibernate: 
    insert 
    into
        meeting_pin
        (created_at, updated_at, category, content, user_id, date, latitude, longitude, max_age, min_age, set_gender, set_limit, title) 
    values
        (?, ?, ?, ?, ?, ?, ?, ?, ?, ?, ?, ?, ?)
Hibernate: 
    select
        user0_.id as id1_10_,
        user0_.created_at as created_2_10_,
        user0_.updated_at as updated_3_10_,
        user0_.age as age4_10_,
        user0_.background_image as backgrou5_10_,
        user0_.email as email6_10_,
        user0_.gender as gender7_10_,
        user0_.hobby as hobby8_10_,
        user0_.introduce as introduc9_10_,
        user0_.job as job10_10_,
        user0_.name as name11_10_,
        user0_.nick_name as nick_na12_10_,
        user0_.phone_num as phone_n13_10_,
        user0_.profile_image as profile14_10_,
        user0_.res_red_number as res_red15_10_,
        user0_.score as score16_10_ 
    from
        user user0_
Hibernate: 
    select
        roles0_.user_id as user_id1_11_0_,
        roles0_.roles as roles2_11_0_ 
    from
        user_roles roles0_ 
    where
        roles0_.user_id=?
Hibernate: 
    select
        roles0_.user_id as user_id1_11_0_,
        roles0_.roles as roles2_11_0_ 
    from
        user_roles roles0_ 
    where
        roles0_.user_id=?
Hibernate: 
    select
        roles0_.user_id as user_id1_11_0_,
        roles0_.roles as roles2_11_0_ 
    from
        user_roles roles0_ 
    where
        roles0_.user_id=?
Hibernate: 
    select
        roles0_.user_id as user_id1_11_0_,
        roles0_.roles as roles2_11_0_ 
    from
        user_roles roles0_ 
    where
        roles0_.user_id=?
Hibernate: 
    select
        roles0_.user_id as user_id1_11_0_,
        roles0_.roles as roles2_11_0_ 
    from
        user_roles roles0_ 
    where
        roles0_.user_id=?
Hibernate: 
    insert 
    into
        meeting_pin
        (created_at, updated_at, category, content, user_id, date, latitude, longitude, max_age, min_age, set_gender, set_limit, title) 
    values
        (?, ?, ?, ?, ?, ?, ?, ?, ?, ?, ?, ?, ?)
Hibernate: 
    select
        user0_.id as id1_10_,
        user0_.created_at as created_2_10_,
        user0_.updated_at as updated_3_10_,
        user0_.age as age4_10_,
        user0_.background_image as backgrou5_10_,
        user0_.email as email6_10_,
        user0_.gender as gender7_10_,
        user0_.hobby as hobby8_10_,
        user0_.introduce as introduc9_10_,
        user0_.job as job10_10_,
        user0_.name as name11_10_,
        user0_.nick_name as nick_na12_10_,
        user0_.phone_num as phone_n13_10_,
        user0_.profile_image as profile14_10_,
        user0_.res_red_number as res_red15_10_,
        user0_.score as score16_10_ 
    from
        user user0_
Hibernate: 
    select
        roles0_.user_id as user_id1_11_0_,
        roles0_.roles as roles2_11_0_ 
    from
        user_roles roles0_ 
    where
        roles0_.user_id=?
Hibernate: 
    select
        roles0_.user_id as user_id1_11_0_,
        roles0_.roles as roles2_11_0_ 
    from
        user_roles roles0_ 
    where
        roles0_.user_id=?
Hibernate: 
    select
        roles0_.user_id as user_id1_11_0_,
        roles0_.roles as roles2_11_0_ 
    from
        user_roles roles0_ 
    where
        roles0_.user_id=?
Hibernate: 
    select
        roles0_.user_id as user_id1_11_0_,
        roles0_.roles as roles2_11_0_ 
    from
        user_roles roles0_ 
    where
        roles0_.user_id=?
Hibernate: 
    select
        roles0_.user_id as user_id1_11_0_,
        roles0_.roles as roles2_11_0_ 
    from
        user_roles roles0_ 
    where
        roles0_.user_id=?
Hibernate: 
    insert 
    into
        meeting_pin
        (created_at, updated_at, category, content, user_id, date, latitude, longitude, max_age, min_age, set_gender, set_limit, title) 
    values
        (?, ?, ?, ?, ?, ?, ?, ?, ?, ?, ?, ?, ?)
Hibernate: 
    select
        user0_.id as id1_10_,
        user0_.created_at as created_2_10_,
        user0_.updated_at as updated_3_10_,
        user0_.age as age4_10_,
        user0_.background_image as backgrou5_10_,
        user0_.email as email6_10_,
        user0_.gender as gender7_10_,
        user0_.hobby as hobby8_10_,
        user0_.introduce as introduc9_10_,
        user0_.job as job10_10_,
        user0_.name as name11_10_,
        user0_.nick_name as nick_na12_10_,
        user0_.phone_num as phone_n13_10_,
        user0_.profile_image as profile14_10_,
        user0_.res_red_number as res_red15_10_,
        user0_.score as score16_10_ 
    from
        user user0_
Hibernate: 
    select
        roles0_.user_id as user_id1_11_0_,
        roles0_.roles as roles2_11_0_ 
    from
        user_roles roles0_ 
    where
        roles0_.user_id=?
Hibernate: 
    select
        roles0_.user_id as user_id1_11_0_,
        roles0_.roles as roles2_11_0_ 
    from
        user_roles roles0_ 
    where
        roles0_.user_id=?
Hibernate: 
    select
        roles0_.user_id as user_id1_11_0_,
        roles0_.roles as roles2_11_0_ 
    from
        user_roles roles0_ 
    where
        roles0_.user_id=?
Hibernate: 
    select
        roles0_.user_id as user_id1_11_0_,
        roles0_.roles as roles2_11_0_ 
    from
        user_roles roles0_ 
    where
        roles0_.user_id=?
Hibernate: 
    select
        roles0_.user_id as user_id1_11_0_,
        roles0_.roles as roles2_11_0_ 
    from
        user_roles roles0_ 
    where
        roles0_.user_id=?
Hibernate: 
    insert 
    into
        meeting_pin
        (created_at, updated_at, category, content, user_id, date, latitude, longitude, max_age, min_age, set_gender, set_limit, title) 
    values
        (?, ?, ?, ?, ?, ?, ?, ?, ?, ?, ?, ?, ?)
Hibernate: 
    select
        user0_.id as id1_10_,
        user0_.created_at as created_2_10_,
        user0_.updated_at as updated_3_10_,
        user0_.age as age4_10_,
        user0_.background_image as backgrou5_10_,
        user0_.email as email6_10_,
        user0_.gender as gender7_10_,
        user0_.hobby as hobby8_10_,
        user0_.introduce as introduc9_10_,
        user0_.job as job10_10_,
        user0_.name as name11_10_,
        user0_.nick_name as nick_na12_10_,
        user0_.phone_num as phone_n13_10_,
        user0_.profile_image as profile14_10_,
        user0_.res_red_number as res_red15_10_,
        user0_.score as score16_10_ 
    from
        user user0_
Hibernate: 
    select
        roles0_.user_id as user_id1_11_0_,
        roles0_.roles as roles2_11_0_ 
    from
        user_roles roles0_ 
    where
        roles0_.user_id=?
Hibernate: 
    select
        roles0_.user_id as user_id1_11_0_,
        roles0_.roles as roles2_11_0_ 
    from
        user_roles roles0_ 
    where
        roles0_.user_id=?
Hibernate: 
    select
        roles0_.user_id as user_id1_11_0_,
        roles0_.roles as roles2_11_0_ 
    from
        user_roles roles0_ 
    where
        roles0_.user_id=?
Hibernate: 
    select
        roles0_.user_id as user_id1_11_0_,
        roles0_.roles as roles2_11_0_ 
    from
        user_roles roles0_ 
    where
        roles0_.user_id=?
Hibernate: 
    select
        roles0_.user_id as user_id1_11_0_,
        roles0_.roles as roles2_11_0_ 
    from
        user_roles roles0_ 
    where
        roles0_.user_id=?
Hibernate: 
    insert 
    into
        meeting_pin
        (created_at, updated_at, category, content, user_id, date, latitude, longitude, max_age, min_age, set_gender, set_limit, title) 
    values
        (?, ?, ?, ?, ?, ?, ?, ?, ?, ?, ?, ?, ?)
Hibernate: 
    select
        user0_.id as id1_10_,
        user0_.created_at as created_2_10_,
        user0_.updated_at as updated_3_10_,
        user0_.age as age4_10_,
        user0_.background_image as backgrou5_10_,
        user0_.email as email6_10_,
        user0_.gender as gender7_10_,
        user0_.hobby as hobby8_10_,
        user0_.introduce as introduc9_10_,
        user0_.job as job10_10_,
        user0_.name as name11_10_,
        user0_.nick_name as nick_na12_10_,
        user0_.phone_num as phone_n13_10_,
        user0_.profile_image as profile14_10_,
        user0_.res_red_number as res_red15_10_,
        user0_.score as score16_10_ 
    from
        user user0_
Hibernate: 
    select
        roles0_.user_id as user_id1_11_0_,
        roles0_.roles as roles2_11_0_ 
    from
        user_roles roles0_ 
    where
        roles0_.user_id=?
Hibernate: 
    select
        roles0_.user_id as user_id1_11_0_,
        roles0_.roles as roles2_11_0_ 
    from
        user_roles roles0_ 
    where
        roles0_.user_id=?
Hibernate: 
    select
        roles0_.user_id as user_id1_11_0_,
        roles0_.roles as roles2_11_0_ 
    from
        user_roles roles0_ 
    where
        roles0_.user_id=?
Hibernate: 
    select
        roles0_.user_id as user_id1_11_0_,
        roles0_.roles as roles2_11_0_ 
    from
        user_roles roles0_ 
    where
        roles0_.user_id=?
Hibernate: 
    select
        roles0_.user_id as user_id1_11_0_,
        roles0_.roles as roles2_11_0_ 
    from
        user_roles roles0_ 
    where
        roles0_.user_id=?
Hibernate: 
    insert 
    into
        meeting_pin
        (created_at, updated_at, category, content, user_id, date, latitude, longitude, max_age, min_age, set_gender, set_limit, title) 
    values
        (?, ?, ?, ?, ?, ?, ?, ?, ?, ?, ?, ?, ?)
Hibernate: 
    select
        user0_.id as id1_10_,
        user0_.created_at as created_2_10_,
        user0_.updated_at as updated_3_10_,
        user0_.age as age4_10_,
        user0_.background_image as backgrou5_10_,
        user0_.email as email6_10_,
        user0_.gender as gender7_10_,
        user0_.hobby as hobby8_10_,
        user0_.introduce as introduc9_10_,
        user0_.job as job10_10_,
        user0_.name as name11_10_,
        user0_.nick_name as nick_na12_10_,
        user0_.phone_num as phone_n13_10_,
        user0_.profile_image as profile14_10_,
        user0_.res_red_number as res_red15_10_,
        user0_.score as score16_10_ 
    from
        user user0_
Hibernate: 
    select
        roles0_.user_id as user_id1_11_0_,
        roles0_.roles as roles2_11_0_ 
    from
        user_roles roles0_ 
    where
        roles0_.user_id=?
Hibernate: 
    select
        roles0_.user_id as user_id1_11_0_,
        roles0_.roles as roles2_11_0_ 
    from
        user_roles roles0_ 
    where
        roles0_.user_id=?
Hibernate: 
    select
        roles0_.user_id as user_id1_11_0_,
        roles0_.roles as roles2_11_0_ 
    from
        user_roles roles0_ 
    where
        roles0_.user_id=?
Hibernate: 
    select
        roles0_.user_id as user_id1_11_0_,
        roles0_.roles as roles2_11_0_ 
    from
        user_roles roles0_ 
    where
        roles0_.user_id=?
Hibernate: 
    select
        roles0_.user_id as user_id1_11_0_,
        roles0_.roles as roles2_11_0_ 
    from
        user_roles roles0_ 
    where
        roles0_.user_id=?
Hibernate: 
    insert 
    into
        meeting_pin
        (created_at, updated_at, category, content, user_id, date, latitude, longitude, max_age, min_age, set_gender, set_limit, title) 
    values
        (?, ?, ?, ?, ?, ?, ?, ?, ?, ?, ?, ?, ?)
Hibernate: 
    select
        user0_.id as id1_10_,
        user0_.created_at as created_2_10_,
        user0_.updated_at as updated_3_10_,
        user0_.age as age4_10_,
        user0_.background_image as backgrou5_10_,
        user0_.email as email6_10_,
        user0_.gender as gender7_10_,
        user0_.hobby as hobby8_10_,
        user0_.introduce as introduc9_10_,
        user0_.job as job10_10_,
        user0_.name as name11_10_,
        user0_.nick_name as nick_na12_10_,
        user0_.phone_num as phone_n13_10_,
        user0_.profile_image as profile14_10_,
        user0_.res_red_number as res_red15_10_,
        user0_.score as score16_10_ 
    from
        user user0_
Hibernate: 
    select
        roles0_.user_id as user_id1_11_0_,
        roles0_.roles as roles2_11_0_ 
    from
        user_roles roles0_ 
    where
        roles0_.user_id=?
Hibernate: 
    select
        roles0_.user_id as user_id1_11_0_,
        roles0_.roles as roles2_11_0_ 
    from
        user_roles roles0_ 
    where
        roles0_.user_id=?
Hibernate: 
    select
        roles0_.user_id as user_id1_11_0_,
        roles0_.roles as roles2_11_0_ 
    from
        user_roles roles0_ 
    where
        roles0_.user_id=?
Hibernate: 
    select
        roles0_.user_id as user_id1_11_0_,
        roles0_.roles as roles2_11_0_ 
    from
        user_roles roles0_ 
    where
        roles0_.user_id=?
Hibernate: 
    select
        roles0_.user_id as user_id1_11_0_,
        roles0_.roles as roles2_11_0_ 
    from
        user_roles roles0_ 
    where
        roles0_.user_id=?
Hibernate: 
    insert 
    into
        meeting_pin
        (created_at, updated_at, category, content, user_id, date, latitude, longitude, max_age, min_age, set_gender, set_limit, title) 
    values
        (?, ?, ?, ?, ?, ?, ?, ?, ?, ?, ?, ?, ?)
Hibernate: 
    select
        user0_.id as id1_10_,
        user0_.created_at as created_2_10_,
        user0_.updated_at as updated_3_10_,
        user0_.age as age4_10_,
        user0_.background_image as backgrou5_10_,
        user0_.email as email6_10_,
        user0_.gender as gender7_10_,
        user0_.hobby as hobby8_10_,
        user0_.introduce as introduc9_10_,
        user0_.job as job10_10_,
        user0_.name as name11_10_,
        user0_.nick_name as nick_na12_10_,
        user0_.phone_num as phone_n13_10_,
        user0_.profile_image as profile14_10_,
        user0_.res_red_number as res_red15_10_,
        user0_.score as score16_10_ 
    from
        user user0_
Hibernate: 
    select
        roles0_.user_id as user_id1_11_0_,
        roles0_.roles as roles2_11_0_ 
    from
        user_roles roles0_ 
    where
        roles0_.user_id=?
Hibernate: 
    select
        roles0_.user_id as user_id1_11_0_,
        roles0_.roles as roles2_11_0_ 
    from
        user_roles roles0_ 
    where
        roles0_.user_id=?
Hibernate: 
    select
        roles0_.user_id as user_id1_11_0_,
        roles0_.roles as roles2_11_0_ 
    from
        user_roles roles0_ 
    where
        roles0_.user_id=?
Hibernate: 
    select
        roles0_.user_id as user_id1_11_0_,
        roles0_.roles as roles2_11_0_ 
    from
        user_roles roles0_ 
    where
        roles0_.user_id=?
Hibernate: 
    select
        roles0_.user_id as user_id1_11_0_,
        roles0_.roles as roles2_11_0_ 
    from
        user_roles roles0_ 
    where
        roles0_.user_id=?
Hibernate: 
    insert 
    into
        meeting_pin
        (created_at, updated_at, category, content, user_id, date, latitude, longitude, max_age, min_age, set_gender, set_limit, title) 
    values
        (?, ?, ?, ?, ?, ?, ?, ?, ?, ?, ?, ?, ?)
Hibernate: 
    select
        user0_.id as id1_10_,
        user0_.created_at as created_2_10_,
        user0_.updated_at as updated_3_10_,
        user0_.age as age4_10_,
        user0_.background_image as backgrou5_10_,
        user0_.email as email6_10_,
        user0_.gender as gender7_10_,
        user0_.hobby as hobby8_10_,
        user0_.introduce as introduc9_10_,
        user0_.job as job10_10_,
        user0_.name as name11_10_,
        user0_.nick_name as nick_na12_10_,
        user0_.phone_num as phone_n13_10_,
        user0_.profile_image as profile14_10_,
        user0_.res_red_number as res_red15_10_,
        user0_.score as score16_10_ 
    from
        user user0_
Hibernate: 
    select
        roles0_.user_id as user_id1_11_0_,
        roles0_.roles as roles2_11_0_ 
    from
        user_roles roles0_ 
    where
        roles0_.user_id=?
Hibernate: 
    select
        roles0_.user_id as user_id1_11_0_,
        roles0_.roles as roles2_11_0_ 
    from
        user_roles roles0_ 
    where
        roles0_.user_id=?
Hibernate: 
    select
        roles0_.user_id as user_id1_11_0_,
        roles0_.roles as roles2_11_0_ 
    from
        user_roles roles0_ 
    where
        roles0_.user_id=?
Hibernate: 
    select
        roles0_.user_id as user_id1_11_0_,
        roles0_.roles as roles2_11_0_ 
    from
        user_roles roles0_ 
    where
        roles0_.user_id=?
Hibernate: 
    select
        roles0_.user_id as user_id1_11_0_,
        roles0_.roles as roles2_11_0_ 
    from
        user_roles roles0_ 
    where
        roles0_.user_id=?
Hibernate: 
    insert 
    into
        meeting_pin
        (created_at, updated_at, category, content, user_id, date, latitude, longitude, max_age, min_age, set_gender, set_limit, title) 
    values
        (?, ?, ?, ?, ?, ?, ?, ?, ?, ?, ?, ?, ?)
Hibernate: 
    select
        user0_.id as id1_10_,
        user0_.created_at as created_2_10_,
        user0_.updated_at as updated_3_10_,
        user0_.age as age4_10_,
        user0_.background_image as backgrou5_10_,
        user0_.email as email6_10_,
        user0_.gender as gender7_10_,
        user0_.hobby as hobby8_10_,
        user0_.introduce as introduc9_10_,
        user0_.job as job10_10_,
        user0_.name as name11_10_,
        user0_.nick_name as nick_na12_10_,
        user0_.phone_num as phone_n13_10_,
        user0_.profile_image as profile14_10_,
        user0_.res_red_number as res_red15_10_,
        user0_.score as score16_10_ 
    from
        user user0_
Hibernate: 
    select
        roles0_.user_id as user_id1_11_0_,
        roles0_.roles as roles2_11_0_ 
    from
        user_roles roles0_ 
    where
        roles0_.user_id=?
Hibernate: 
    select
        roles0_.user_id as user_id1_11_0_,
        roles0_.roles as roles2_11_0_ 
    from
        user_roles roles0_ 
    where
        roles0_.user_id=?
Hibernate: 
    select
        roles0_.user_id as user_id1_11_0_,
        roles0_.roles as roles2_11_0_ 
    from
        user_roles roles0_ 
    where
        roles0_.user_id=?
Hibernate: 
    select
        roles0_.user_id as user_id1_11_0_,
        roles0_.roles as roles2_11_0_ 
    from
        user_roles roles0_ 
    where
        roles0_.user_id=?
Hibernate: 
    select
        roles0_.user_id as user_id1_11_0_,
        roles0_.roles as roles2_11_0_ 
    from
        user_roles roles0_ 
    where
        roles0_.user_id=?
Hibernate: 
    insert 
    into
        meeting_pin
        (created_at, updated_at, category, content, user_id, date, latitude, longitude, max_age, min_age, set_gender, set_limit, title) 
    values
        (?, ?, ?, ?, ?, ?, ?, ?, ?, ?, ?, ?, ?)
Hibernate: 
    select
        user0_.id as id1_10_,
        user0_.created_at as created_2_10_,
        user0_.updated_at as updated_3_10_,
        user0_.age as age4_10_,
        user0_.background_image as backgrou5_10_,
        user0_.email as email6_10_,
        user0_.gender as gender7_10_,
        user0_.hobby as hobby8_10_,
        user0_.introduce as introduc9_10_,
        user0_.job as job10_10_,
        user0_.name as name11_10_,
        user0_.nick_name as nick_na12_10_,
        user0_.phone_num as phone_n13_10_,
        user0_.profile_image as profile14_10_,
        user0_.res_red_number as res_red15_10_,
        user0_.score as score16_10_ 
    from
        user user0_
Hibernate: 
    select
        roles0_.user_id as user_id1_11_0_,
        roles0_.roles as roles2_11_0_ 
    from
        user_roles roles0_ 
    where
        roles0_.user_id=?
Hibernate: 
    select
        roles0_.user_id as user_id1_11_0_,
        roles0_.roles as roles2_11_0_ 
    from
        user_roles roles0_ 
    where
        roles0_.user_id=?
Hibernate: 
    select
        roles0_.user_id as user_id1_11_0_,
        roles0_.roles as roles2_11_0_ 
    from
        user_roles roles0_ 
    where
        roles0_.user_id=?
Hibernate: 
    select
        roles0_.user_id as user_id1_11_0_,
        roles0_.roles as roles2_11_0_ 
    from
        user_roles roles0_ 
    where
        roles0_.user_id=?
Hibernate: 
    select
        roles0_.user_id as user_id1_11_0_,
        roles0_.roles as roles2_11_0_ 
    from
        user_roles roles0_ 
    where
        roles0_.user_id=?
Hibernate: 
    insert 
    into
        meeting_pin
        (created_at, updated_at, category, content, user_id, date, latitude, longitude, max_age, min_age, set_gender, set_limit, title) 
    values
        (?, ?, ?, ?, ?, ?, ?, ?, ?, ?, ?, ?, ?)
Hibernate: 
    select
        user0_.id as id1_10_,
        user0_.created_at as created_2_10_,
        user0_.updated_at as updated_3_10_,
        user0_.age as age4_10_,
        user0_.background_image as backgrou5_10_,
        user0_.email as email6_10_,
        user0_.gender as gender7_10_,
        user0_.hobby as hobby8_10_,
        user0_.introduce as introduc9_10_,
        user0_.job as job10_10_,
        user0_.name as name11_10_,
        user0_.nick_name as nick_na12_10_,
        user0_.phone_num as phone_n13_10_,
        user0_.profile_image as profile14_10_,
        user0_.res_red_number as res_red15_10_,
        user0_.score as score16_10_ 
    from
        user user0_
Hibernate: 
    select
        roles0_.user_id as user_id1_11_0_,
        roles0_.roles as roles2_11_0_ 
    from
        user_roles roles0_ 
    where
        roles0_.user_id=?
Hibernate: 
    select
        roles0_.user_id as user_id1_11_0_,
        roles0_.roles as roles2_11_0_ 
    from
        user_roles roles0_ 
    where
        roles0_.user_id=?
Hibernate: 
    select
        roles0_.user_id as user_id1_11_0_,
        roles0_.roles as roles2_11_0_ 
    from
        user_roles roles0_ 
    where
        roles0_.user_id=?
Hibernate: 
    select
        roles0_.user_id as user_id1_11_0_,
        roles0_.roles as roles2_11_0_ 
    from
        user_roles roles0_ 
    where
        roles0_.user_id=?
Hibernate: 
    select
        roles0_.user_id as user_id1_11_0_,
        roles0_.roles as roles2_11_0_ 
    from
        user_roles roles0_ 
    where
        roles0_.user_id=?
Hibernate: 
    insert 
    into
        meeting_pin
        (created_at, updated_at, category, content, user_id, date, latitude, longitude, max_age, min_age, set_gender, set_limit, title) 
    values
        (?, ?, ?, ?, ?, ?, ?, ?, ?, ?, ?, ?, ?)
Hibernate: 
    select
        user0_.id as id1_10_,
        user0_.created_at as created_2_10_,
        user0_.updated_at as updated_3_10_,
        user0_.age as age4_10_,
        user0_.background_image as backgrou5_10_,
        user0_.email as email6_10_,
        user0_.gender as gender7_10_,
        user0_.hobby as hobby8_10_,
        user0_.introduce as introduc9_10_,
        user0_.job as job10_10_,
        user0_.name as name11_10_,
        user0_.nick_name as nick_na12_10_,
        user0_.phone_num as phone_n13_10_,
        user0_.profile_image as profile14_10_,
        user0_.res_red_number as res_red15_10_,
        user0_.score as score16_10_ 
    from
        user user0_
Hibernate: 
    select
        roles0_.user_id as user_id1_11_0_,
        roles0_.roles as roles2_11_0_ 
    from
        user_roles roles0_ 
    where
        roles0_.user_id=?
Hibernate: 
    select
        roles0_.user_id as user_id1_11_0_,
        roles0_.roles as roles2_11_0_ 
    from
        user_roles roles0_ 
    where
        roles0_.user_id=?
Hibernate: 
    select
        roles0_.user_id as user_id1_11_0_,
        roles0_.roles as roles2_11_0_ 
    from
        user_roles roles0_ 
    where
        roles0_.user_id=?
Hibernate: 
    select
        roles0_.user_id as user_id1_11_0_,
        roles0_.roles as roles2_11_0_ 
    from
        user_roles roles0_ 
    where
        roles0_.user_id=?
Hibernate: 
    select
        roles0_.user_id as user_id1_11_0_,
        roles0_.roles as roles2_11_0_ 
    from
        user_roles roles0_ 
    where
        roles0_.user_id=?
Hibernate: 
    insert 
    into
        meeting_pin
        (created_at, updated_at, category, content, user_id, date, latitude, longitude, max_age, min_age, set_gender, set_limit, title) 
    values
        (?, ?, ?, ?, ?, ?, ?, ?, ?, ?, ?, ?, ?)
Hibernate: 
    select
        user0_.id as id1_10_,
        user0_.created_at as created_2_10_,
        user0_.updated_at as updated_3_10_,
        user0_.age as age4_10_,
        user0_.background_image as backgrou5_10_,
        user0_.email as email6_10_,
        user0_.gender as gender7_10_,
        user0_.hobby as hobby8_10_,
        user0_.introduce as introduc9_10_,
        user0_.job as job10_10_,
        user0_.name as name11_10_,
        user0_.nick_name as nick_na12_10_,
        user0_.phone_num as phone_n13_10_,
        user0_.profile_image as profile14_10_,
        user0_.res_red_number as res_red15_10_,
        user0_.score as score16_10_ 
    from
        user user0_
Hibernate: 
    select
        roles0_.user_id as user_id1_11_0_,
        roles0_.roles as roles2_11_0_ 
    from
        user_roles roles0_ 
    where
        roles0_.user_id=?
Hibernate: 
    select
        roles0_.user_id as user_id1_11_0_,
        roles0_.roles as roles2_11_0_ 
    from
        user_roles roles0_ 
    where
        roles0_.user_id=?
Hibernate: 
    select
        roles0_.user_id as user_id1_11_0_,
        roles0_.roles as roles2_11_0_ 
    from
        user_roles roles0_ 
    where
        roles0_.user_id=?
Hibernate: 
    select
        roles0_.user_id as user_id1_11_0_,
        roles0_.roles as roles2_11_0_ 
    from
        user_roles roles0_ 
    where
        roles0_.user_id=?
Hibernate: 
    select
        roles0_.user_id as user_id1_11_0_,
        roles0_.roles as roles2_11_0_ 
    from
        user_roles roles0_ 
    where
        roles0_.user_id=?
Hibernate: 
    insert 
    into
        meeting_pin
        (created_at, updated_at, category, content, user_id, date, latitude, longitude, max_age, min_age, set_gender, set_limit, title) 
    values
        (?, ?, ?, ?, ?, ?, ?, ?, ?, ?, ?, ?, ?)
Hibernate: 
    select
        user0_.id as id1_10_,
        user0_.created_at as created_2_10_,
        user0_.updated_at as updated_3_10_,
        user0_.age as age4_10_,
        user0_.background_image as backgrou5_10_,
        user0_.email as email6_10_,
        user0_.gender as gender7_10_,
        user0_.hobby as hobby8_10_,
        user0_.introduce as introduc9_10_,
        user0_.job as job10_10_,
        user0_.name as name11_10_,
        user0_.nick_name as nick_na12_10_,
        user0_.phone_num as phone_n13_10_,
        user0_.profile_image as profile14_10_,
        user0_.res_red_number as res_red15_10_,
        user0_.score as score16_10_ 
    from
        user user0_
Hibernate: 
    select
        roles0_.user_id as user_id1_11_0_,
        roles0_.roles as roles2_11_0_ 
    from
        user_roles roles0_ 
    where
        roles0_.user_id=?
Hibernate: 
    select
        roles0_.user_id as user_id1_11_0_,
        roles0_.roles as roles2_11_0_ 
    from
        user_roles roles0_ 
    where
        roles0_.user_id=?
Hibernate: 
    select
        roles0_.user_id as user_id1_11_0_,
        roles0_.roles as roles2_11_0_ 
    from
        user_roles roles0_ 
    where
        roles0_.user_id=?
Hibernate: 
    select
        roles0_.user_id as user_id1_11_0_,
        roles0_.roles as roles2_11_0_ 
    from
        user_roles roles0_ 
    where
        roles0_.user_id=?
Hibernate: 
    select
        roles0_.user_id as user_id1_11_0_,
        roles0_.roles as roles2_11_0_ 
    from
        user_roles roles0_ 
    where
        roles0_.user_id=?
Hibernate: 
    insert 
    into
        meeting_pin
        (created_at, updated_at, category, content, user_id, date, latitude, longitude, max_age, min_age, set_gender, set_limit, title) 
    values
        (?, ?, ?, ?, ?, ?, ?, ?, ?, ?, ?, ?, ?)
Hibernate: 
    select
        user0_.id as id1_10_,
        user0_.created_at as created_2_10_,
        user0_.updated_at as updated_3_10_,
        user0_.age as age4_10_,
        user0_.background_image as backgrou5_10_,
        user0_.email as email6_10_,
        user0_.gender as gender7_10_,
        user0_.hobby as hobby8_10_,
        user0_.introduce as introduc9_10_,
        user0_.job as job10_10_,
        user0_.name as name11_10_,
        user0_.nick_name as nick_na12_10_,
        user0_.phone_num as phone_n13_10_,
        user0_.profile_image as profile14_10_,
        user0_.res_red_number as res_red15_10_,
        user0_.score as score16_10_ 
    from
        user user0_
Hibernate: 
    select
        roles0_.user_id as user_id1_11_0_,
        roles0_.roles as roles2_11_0_ 
    from
        user_roles roles0_ 
    where
        roles0_.user_id=?
Hibernate: 
    select
        roles0_.user_id as user_id1_11_0_,
        roles0_.roles as roles2_11_0_ 
    from
        user_roles roles0_ 
    where
        roles0_.user_id=?
Hibernate: 
    select
        roles0_.user_id as user_id1_11_0_,
        roles0_.roles as roles2_11_0_ 
    from
        user_roles roles0_ 
    where
        roles0_.user_id=?
Hibernate: 
    select
        roles0_.user_id as user_id1_11_0_,
        roles0_.roles as roles2_11_0_ 
    from
        user_roles roles0_ 
    where
        roles0_.user_id=?
Hibernate: 
    select
        roles0_.user_id as user_id1_11_0_,
        roles0_.roles as roles2_11_0_ 
    from
        user_roles roles0_ 
    where
        roles0_.user_id=?
Hibernate: 
    insert 
    into
        meeting_pin
        (created_at, updated_at, category, content, user_id, date, latitude, longitude, max_age, min_age, set_gender, set_limit, title) 
    values
        (?, ?, ?, ?, ?, ?, ?, ?, ?, ?, ?, ?, ?)
Hibernate: 
    select
        user0_.id as id1_10_,
        user0_.created_at as created_2_10_,
        user0_.updated_at as updated_3_10_,
        user0_.age as age4_10_,
        user0_.background_image as backgrou5_10_,
        user0_.email as email6_10_,
        user0_.gender as gender7_10_,
        user0_.hobby as hobby8_10_,
        user0_.introduce as introduc9_10_,
        user0_.job as job10_10_,
        user0_.name as name11_10_,
        user0_.nick_name as nick_na12_10_,
        user0_.phone_num as phone_n13_10_,
        user0_.profile_image as profile14_10_,
        user0_.res_red_number as res_red15_10_,
        user0_.score as score16_10_ 
    from
        user user0_
Hibernate: 
    select
        roles0_.user_id as user_id1_11_0_,
        roles0_.roles as roles2_11_0_ 
    from
        user_roles roles0_ 
    where
        roles0_.user_id=?
Hibernate: 
    select
        roles0_.user_id as user_id1_11_0_,
        roles0_.roles as roles2_11_0_ 
    from
        user_roles roles0_ 
    where
        roles0_.user_id=?
Hibernate: 
    select
        roles0_.user_id as user_id1_11_0_,
        roles0_.roles as roles2_11_0_ 
    from
        user_roles roles0_ 
    where
        roles0_.user_id=?
Hibernate: 
    select
        roles0_.user_id as user_id1_11_0_,
        roles0_.roles as roles2_11_0_ 
    from
        user_roles roles0_ 
    where
        roles0_.user_id=?
Hibernate: 
    select
        roles0_.user_id as user_id1_11_0_,
        roles0_.roles as roles2_11_0_ 
    from
        user_roles roles0_ 
    where
        roles0_.user_id=?
Hibernate: 
    insert 
    into
        meeting_pin
        (created_at, updated_at, category, content, user_id, date, latitude, longitude, max_age, min_age, set_gender, set_limit, title) 
    values
        (?, ?, ?, ?, ?, ?, ?, ?, ?, ?, ?, ?, ?)
Hibernate: 
    select
        user0_.id as id1_10_,
        user0_.created_at as created_2_10_,
        user0_.updated_at as updated_3_10_,
        user0_.age as age4_10_,
        user0_.background_image as backgrou5_10_,
        user0_.email as email6_10_,
        user0_.gender as gender7_10_,
        user0_.hobby as hobby8_10_,
        user0_.introduce as introduc9_10_,
        user0_.job as job10_10_,
        user0_.name as name11_10_,
        user0_.nick_name as nick_na12_10_,
        user0_.phone_num as phone_n13_10_,
        user0_.profile_image as profile14_10_,
        user0_.res_red_number as res_red15_10_,
        user0_.score as score16_10_ 
    from
        user user0_
Hibernate: 
    select
        roles0_.user_id as user_id1_11_0_,
        roles0_.roles as roles2_11_0_ 
    from
        user_roles roles0_ 
    where
        roles0_.user_id=?
Hibernate: 
    select
        roles0_.user_id as user_id1_11_0_,
        roles0_.roles as roles2_11_0_ 
    from
        user_roles roles0_ 
    where
        roles0_.user_id=?
Hibernate: 
    select
        roles0_.user_id as user_id1_11_0_,
        roles0_.roles as roles2_11_0_ 
    from
        user_roles roles0_ 
    where
        roles0_.user_id=?
Hibernate: 
    select
        roles0_.user_id as user_id1_11_0_,
        roles0_.roles as roles2_11_0_ 
    from
        user_roles roles0_ 
    where
        roles0_.user_id=?
Hibernate: 
    select
        roles0_.user_id as user_id1_11_0_,
        roles0_.roles as roles2_11_0_ 
    from
        user_roles roles0_ 
    where
        roles0_.user_id=?
Hibernate: 
    insert 
    into
        meeting_pin
        (created_at, updated_at, category, content, user_id, date, latitude, longitude, max_age, min_age, set_gender, set_limit, title) 
    values
        (?, ?, ?, ?, ?, ?, ?, ?, ?, ?, ?, ?, ?)
Hibernate: 
    select
        user0_.id as id1_10_,
        user0_.created_at as created_2_10_,
        user0_.updated_at as updated_3_10_,
        user0_.age as age4_10_,
        user0_.background_image as backgrou5_10_,
        user0_.email as email6_10_,
        user0_.gender as gender7_10_,
        user0_.hobby as hobby8_10_,
        user0_.introduce as introduc9_10_,
        user0_.job as job10_10_,
        user0_.name as name11_10_,
        user0_.nick_name as nick_na12_10_,
        user0_.phone_num as phone_n13_10_,
        user0_.profile_image as profile14_10_,
        user0_.res_red_number as res_red15_10_,
        user0_.score as score16_10_ 
    from
        user user0_
Hibernate: 
    select
        roles0_.user_id as user_id1_11_0_,
        roles0_.roles as roles2_11_0_ 
    from
        user_roles roles0_ 
    where
        roles0_.user_id=?
Hibernate: 
    select
        roles0_.user_id as user_id1_11_0_,
        roles0_.roles as roles2_11_0_ 
    from
        user_roles roles0_ 
    where
        roles0_.user_id=?
Hibernate: 
    select
        roles0_.user_id as user_id1_11_0_,
        roles0_.roles as roles2_11_0_ 
    from
        user_roles roles0_ 
    where
        roles0_.user_id=?
Hibernate: 
    select
        roles0_.user_id as user_id1_11_0_,
        roles0_.roles as roles2_11_0_ 
    from
        user_roles roles0_ 
    where
        roles0_.user_id=?
Hibernate: 
    select
        roles0_.user_id as user_id1_11_0_,
        roles0_.roles as roles2_11_0_ 
    from
        user_roles roles0_ 
    where
        roles0_.user_id=?
Hibernate: 
    insert 
    into
        meeting_pin
        (created_at, updated_at, category, content, user_id, date, latitude, longitude, max_age, min_age, set_gender, set_limit, title) 
    values
        (?, ?, ?, ?, ?, ?, ?, ?, ?, ?, ?, ?, ?)
Hibernate: 
    select
        user0_.id as id1_10_,
        user0_.created_at as created_2_10_,
        user0_.updated_at as updated_3_10_,
        user0_.age as age4_10_,
        user0_.background_image as backgrou5_10_,
        user0_.email as email6_10_,
        user0_.gender as gender7_10_,
        user0_.hobby as hobby8_10_,
        user0_.introduce as introduc9_10_,
        user0_.job as job10_10_,
        user0_.name as name11_10_,
        user0_.nick_name as nick_na12_10_,
        user0_.phone_num as phone_n13_10_,
        user0_.profile_image as profile14_10_,
        user0_.res_red_number as res_red15_10_,
        user0_.score as score16_10_ 
    from
        user user0_
Hibernate: 
    select
        roles0_.user_id as user_id1_11_0_,
        roles0_.roles as roles2_11_0_ 
    from
        user_roles roles0_ 
    where
        roles0_.user_id=?
Hibernate: 
    select
        roles0_.user_id as user_id1_11_0_,
        roles0_.roles as roles2_11_0_ 
    from
        user_roles roles0_ 
    where
        roles0_.user_id=?
Hibernate: 
    select
        roles0_.user_id as user_id1_11_0_,
        roles0_.roles as roles2_11_0_ 
    from
        user_roles roles0_ 
    where
        roles0_.user_id=?
Hibernate: 
    select
        roles0_.user_id as user_id1_11_0_,
        roles0_.roles as roles2_11_0_ 
    from
        user_roles roles0_ 
    where
        roles0_.user_id=?
Hibernate: 
    select
        roles0_.user_id as user_id1_11_0_,
        roles0_.roles as roles2_11_0_ 
    from
        user_roles roles0_ 
    where
        roles0_.user_id=?
Hibernate: 
    insert 
    into
        meeting_pin
        (created_at, updated_at, category, content, user_id, date, latitude, longitude, max_age, min_age, set_gender, set_limit, title) 
    values
        (?, ?, ?, ?, ?, ?, ?, ?, ?, ?, ?, ?, ?)
Hibernate: 
    select
        user0_.id as id1_10_,
        user0_.created_at as created_2_10_,
        user0_.updated_at as updated_3_10_,
        user0_.age as age4_10_,
        user0_.background_image as backgrou5_10_,
        user0_.email as email6_10_,
        user0_.gender as gender7_10_,
        user0_.hobby as hobby8_10_,
        user0_.introduce as introduc9_10_,
        user0_.job as job10_10_,
        user0_.name as name11_10_,
        user0_.nick_name as nick_na12_10_,
        user0_.phone_num as phone_n13_10_,
        user0_.profile_image as profile14_10_,
        user0_.res_red_number as res_red15_10_,
        user0_.score as score16_10_ 
    from
        user user0_
Hibernate: 
    select
        roles0_.user_id as user_id1_11_0_,
        roles0_.roles as roles2_11_0_ 
    from
        user_roles roles0_ 
    where
        roles0_.user_id=?
Hibernate: 
    select
        roles0_.user_id as user_id1_11_0_,
        roles0_.roles as roles2_11_0_ 
    from
        user_roles roles0_ 
    where
        roles0_.user_id=?
Hibernate: 
    select
        roles0_.user_id as user_id1_11_0_,
        roles0_.roles as roles2_11_0_ 
    from
        user_roles roles0_ 
    where
        roles0_.user_id=?
Hibernate: 
    select
        roles0_.user_id as user_id1_11_0_,
        roles0_.roles as roles2_11_0_ 
    from
        user_roles roles0_ 
    where
        roles0_.user_id=?
Hibernate: 
    select
        roles0_.user_id as user_id1_11_0_,
        roles0_.roles as roles2_11_0_ 
    from
        user_roles roles0_ 
    where
        roles0_.user_id=?
Hibernate: 
    insert 
    into
        meeting_pin
        (created_at, updated_at, category, content, user_id, date, latitude, longitude, max_age, min_age, set_gender, set_limit, title) 
    values
        (?, ?, ?, ?, ?, ?, ?, ?, ?, ?, ?, ?, ?)
Hibernate: 
    select
        user0_.id as id1_10_,
        user0_.created_at as created_2_10_,
        user0_.updated_at as updated_3_10_,
        user0_.age as age4_10_,
        user0_.background_image as backgrou5_10_,
        user0_.email as email6_10_,
        user0_.gender as gender7_10_,
        user0_.hobby as hobby8_10_,
        user0_.introduce as introduc9_10_,
        user0_.job as job10_10_,
        user0_.name as name11_10_,
        user0_.nick_name as nick_na12_10_,
        user0_.phone_num as phone_n13_10_,
        user0_.profile_image as profile14_10_,
        user0_.res_red_number as res_red15_10_,
        user0_.score as score16_10_ 
    from
        user user0_
Hibernate: 
    select
        roles0_.user_id as user_id1_11_0_,
        roles0_.roles as roles2_11_0_ 
    from
        user_roles roles0_ 
    where
        roles0_.user_id=?
Hibernate: 
    select
        roles0_.user_id as user_id1_11_0_,
        roles0_.roles as roles2_11_0_ 
    from
        user_roles roles0_ 
    where
        roles0_.user_id=?
Hibernate: 
    select
        roles0_.user_id as user_id1_11_0_,
        roles0_.roles as roles2_11_0_ 
    from
        user_roles roles0_ 
    where
        roles0_.user_id=?
Hibernate: 
    select
        roles0_.user_id as user_id1_11_0_,
        roles0_.roles as roles2_11_0_ 
    from
        user_roles roles0_ 
    where
        roles0_.user_id=?
Hibernate: 
    select
        roles0_.user_id as user_id1_11_0_,
        roles0_.roles as roles2_11_0_ 
    from
        user_roles roles0_ 
    where
        roles0_.user_id=?
Hibernate: 
    insert 
    into
        meeting_pin
        (created_at, updated_at, category, content, user_id, date, latitude, longitude, max_age, min_age, set_gender, set_limit, title) 
    values
        (?, ?, ?, ?, ?, ?, ?, ?, ?, ?, ?, ?, ?)
Hibernate: 
    select
        user0_.id as id1_10_,
        user0_.created_at as created_2_10_,
        user0_.updated_at as updated_3_10_,
        user0_.age as age4_10_,
        user0_.background_image as backgrou5_10_,
        user0_.email as email6_10_,
        user0_.gender as gender7_10_,
        user0_.hobby as hobby8_10_,
        user0_.introduce as introduc9_10_,
        user0_.job as job10_10_,
        user0_.name as name11_10_,
        user0_.nick_name as nick_na12_10_,
        user0_.phone_num as phone_n13_10_,
        user0_.profile_image as profile14_10_,
        user0_.res_red_number as res_red15_10_,
        user0_.score as score16_10_ 
    from
        user user0_
Hibernate: 
    select
        roles0_.user_id as user_id1_11_0_,
        roles0_.roles as roles2_11_0_ 
    from
        user_roles roles0_ 
    where
        roles0_.user_id=?
Hibernate: 
    select
        roles0_.user_id as user_id1_11_0_,
        roles0_.roles as roles2_11_0_ 
    from
        user_roles roles0_ 
    where
        roles0_.user_id=?
Hibernate: 
    select
        roles0_.user_id as user_id1_11_0_,
        roles0_.roles as roles2_11_0_ 
    from
        user_roles roles0_ 
    where
        roles0_.user_id=?
Hibernate: 
    select
        roles0_.user_id as user_id1_11_0_,
        roles0_.roles as roles2_11_0_ 
    from
        user_roles roles0_ 
    where
        roles0_.user_id=?
Hibernate: 
    select
        roles0_.user_id as user_id1_11_0_,
        roles0_.roles as roles2_11_0_ 
    from
        user_roles roles0_ 
    where
        roles0_.user_id=?
Hibernate: 
    insert 
    into
        meeting_pin
        (created_at, updated_at, category, content, user_id, date, latitude, longitude, max_age, min_age, set_gender, set_limit, title) 
    values
        (?, ?, ?, ?, ?, ?, ?, ?, ?, ?, ?, ?, ?)
Hibernate: 
    select
        user0_.id as id1_10_,
        user0_.created_at as created_2_10_,
        user0_.updated_at as updated_3_10_,
        user0_.age as age4_10_,
        user0_.background_image as backgrou5_10_,
        user0_.email as email6_10_,
        user0_.gender as gender7_10_,
        user0_.hobby as hobby8_10_,
        user0_.introduce as introduc9_10_,
        user0_.job as job10_10_,
        user0_.name as name11_10_,
        user0_.nick_name as nick_na12_10_,
        user0_.phone_num as phone_n13_10_,
        user0_.profile_image as profile14_10_,
        user0_.res_red_number as res_red15_10_,
        user0_.score as score16_10_ 
    from
        user user0_
Hibernate: 
    select
        roles0_.user_id as user_id1_11_0_,
        roles0_.roles as roles2_11_0_ 
    from
        user_roles roles0_ 
    where
        roles0_.user_id=?
Hibernate: 
    select
        roles0_.user_id as user_id1_11_0_,
        roles0_.roles as roles2_11_0_ 
    from
        user_roles roles0_ 
    where
        roles0_.user_id=?
Hibernate: 
    select
        roles0_.user_id as user_id1_11_0_,
        roles0_.roles as roles2_11_0_ 
    from
        user_roles roles0_ 
    where
        roles0_.user_id=?
Hibernate: 
    select
        roles0_.user_id as user_id1_11_0_,
        roles0_.roles as roles2_11_0_ 
    from
        user_roles roles0_ 
    where
        roles0_.user_id=?
Hibernate: 
    select
        roles0_.user_id as user_id1_11_0_,
        roles0_.roles as roles2_11_0_ 
    from
        user_roles roles0_ 
    where
        roles0_.user_id=?
Hibernate: 
    insert 
    into
        meeting_pin
        (created_at, updated_at, category, content, user_id, date, latitude, longitude, max_age, min_age, set_gender, set_limit, title) 
    values
        (?, ?, ?, ?, ?, ?, ?, ?, ?, ?, ?, ?, ?)
Hibernate: 
    select
        user0_.id as id1_10_,
        user0_.created_at as created_2_10_,
        user0_.updated_at as updated_3_10_,
        user0_.age as age4_10_,
        user0_.background_image as backgrou5_10_,
        user0_.email as email6_10_,
        user0_.gender as gender7_10_,
        user0_.hobby as hobby8_10_,
        user0_.introduce as introduc9_10_,
        user0_.job as job10_10_,
        user0_.name as name11_10_,
        user0_.nick_name as nick_na12_10_,
        user0_.phone_num as phone_n13_10_,
        user0_.profile_image as profile14_10_,
        user0_.res_red_number as res_red15_10_,
        user0_.score as score16_10_ 
    from
        user user0_
Hibernate: 
    select
        roles0_.user_id as user_id1_11_0_,
        roles0_.roles as roles2_11_0_ 
    from
        user_roles roles0_ 
    where
        roles0_.user_id=?
Hibernate: 
    select
        roles0_.user_id as user_id1_11_0_,
        roles0_.roles as roles2_11_0_ 
    from
        user_roles roles0_ 
    where
        roles0_.user_id=?
Hibernate: 
    select
        roles0_.user_id as user_id1_11_0_,
        roles0_.roles as roles2_11_0_ 
    from
        user_roles roles0_ 
    where
        roles0_.user_id=?
Hibernate: 
    select
        roles0_.user_id as user_id1_11_0_,
        roles0_.roles as roles2_11_0_ 
    from
        user_roles roles0_ 
    where
        roles0_.user_id=?
Hibernate: 
    select
        roles0_.user_id as user_id1_11_0_,
        roles0_.roles as roles2_11_0_ 
    from
        user_roles roles0_ 
    where
        roles0_.user_id=?
Hibernate: 
    insert 
    into
        meeting_pin
        (created_at, updated_at, category, content, user_id, date, latitude, longitude, max_age, min_age, set_gender, set_limit, title) 
    values
        (?, ?, ?, ?, ?, ?, ?, ?, ?, ?, ?, ?, ?)
Hibernate: 
    select
        user0_.id as id1_10_,
        user0_.created_at as created_2_10_,
        user0_.updated_at as updated_3_10_,
        user0_.age as age4_10_,
        user0_.background_image as backgrou5_10_,
        user0_.email as email6_10_,
        user0_.gender as gender7_10_,
        user0_.hobby as hobby8_10_,
        user0_.introduce as introduc9_10_,
        user0_.job as job10_10_,
        user0_.name as name11_10_,
        user0_.nick_name as nick_na12_10_,
        user0_.phone_num as phone_n13_10_,
        user0_.profile_image as profile14_10_,
        user0_.res_red_number as res_red15_10_,
        user0_.score as score16_10_ 
    from
        user user0_
Hibernate: 
    select
        roles0_.user_id as user_id1_11_0_,
        roles0_.roles as roles2_11_0_ 
    from
        user_roles roles0_ 
    where
        roles0_.user_id=?
Hibernate: 
    select
        roles0_.user_id as user_id1_11_0_,
        roles0_.roles as roles2_11_0_ 
    from
        user_roles roles0_ 
    where
        roles0_.user_id=?
Hibernate: 
    select
        roles0_.user_id as user_id1_11_0_,
        roles0_.roles as roles2_11_0_ 
    from
        user_roles roles0_ 
    where
        roles0_.user_id=?
Hibernate: 
    select
        roles0_.user_id as user_id1_11_0_,
        roles0_.roles as roles2_11_0_ 
    from
        user_roles roles0_ 
    where
        roles0_.user_id=?
Hibernate: 
    select
        roles0_.user_id as user_id1_11_0_,
        roles0_.roles as roles2_11_0_ 
    from
        user_roles roles0_ 
    where
        roles0_.user_id=?
Hibernate: 
    insert 
    into
        meeting_pin
        (created_at, updated_at, category, content, user_id, date, latitude, longitude, max_age, min_age, set_gender, set_limit, title) 
    values
        (?, ?, ?, ?, ?, ?, ?, ?, ?, ?, ?, ?, ?)
Hibernate: 
    select
        user0_.id as id1_10_,
        user0_.created_at as created_2_10_,
        user0_.updated_at as updated_3_10_,
        user0_.age as age4_10_,
        user0_.background_image as backgrou5_10_,
        user0_.email as email6_10_,
        user0_.gender as gender7_10_,
        user0_.hobby as hobby8_10_,
        user0_.introduce as introduc9_10_,
        user0_.job as job10_10_,
        user0_.name as name11_10_,
        user0_.nick_name as nick_na12_10_,
        user0_.phone_num as phone_n13_10_,
        user0_.profile_image as profile14_10_,
        user0_.res_red_number as res_red15_10_,
        user0_.score as score16_10_ 
    from
        user user0_
Hibernate: 
    select
        roles0_.user_id as user_id1_11_0_,
        roles0_.roles as roles2_11_0_ 
    from
        user_roles roles0_ 
    where
        roles0_.user_id=?
Hibernate: 
    select
        roles0_.user_id as user_id1_11_0_,
        roles0_.roles as roles2_11_0_ 
    from
        user_roles roles0_ 
    where
        roles0_.user_id=?
Hibernate: 
    select
        roles0_.user_id as user_id1_11_0_,
        roles0_.roles as roles2_11_0_ 
    from
        user_roles roles0_ 
    where
        roles0_.user_id=?
Hibernate: 
    select
        roles0_.user_id as user_id1_11_0_,
        roles0_.roles as roles2_11_0_ 
    from
        user_roles roles0_ 
    where
        roles0_.user_id=?
Hibernate: 
    select
        roles0_.user_id as user_id1_11_0_,
        roles0_.roles as roles2_11_0_ 
    from
        user_roles roles0_ 
    where
        roles0_.user_id=?
Hibernate: 
    insert 
    into
        meeting_pin
        (created_at, updated_at, category, content, user_id, date, latitude, longitude, max_age, min_age, set_gender, set_limit, title) 
    values
        (?, ?, ?, ?, ?, ?, ?, ?, ?, ?, ?, ?, ?)
Hibernate: 
    select
        user0_.id as id1_10_,
        user0_.created_at as created_2_10_,
        user0_.updated_at as updated_3_10_,
        user0_.age as age4_10_,
        user0_.background_image as backgrou5_10_,
        user0_.email as email6_10_,
        user0_.gender as gender7_10_,
        user0_.hobby as hobby8_10_,
        user0_.introduce as introduc9_10_,
        user0_.job as job10_10_,
        user0_.name as name11_10_,
        user0_.nick_name as nick_na12_10_,
        user0_.phone_num as phone_n13_10_,
        user0_.profile_image as profile14_10_,
        user0_.res_red_number as res_red15_10_,
        user0_.score as score16_10_ 
    from
        user user0_
Hibernate: 
    select
        roles0_.user_id as user_id1_11_0_,
        roles0_.roles as roles2_11_0_ 
    from
        user_roles roles0_ 
    where
        roles0_.user_id=?
Hibernate: 
    select
        roles0_.user_id as user_id1_11_0_,
        roles0_.roles as roles2_11_0_ 
    from
        user_roles roles0_ 
    where
        roles0_.user_id=?
Hibernate: 
    select
        roles0_.user_id as user_id1_11_0_,
        roles0_.roles as roles2_11_0_ 
    from
        user_roles roles0_ 
    where
        roles0_.user_id=?
Hibernate: 
    select
        roles0_.user_id as user_id1_11_0_,
        roles0_.roles as roles2_11_0_ 
    from
        user_roles roles0_ 
    where
        roles0_.user_id=?
Hibernate: 
    select
        roles0_.user_id as user_id1_11_0_,
        roles0_.roles as roles2_11_0_ 
    from
        user_roles roles0_ 
    where
        roles0_.user_id=?
Hibernate: 
    insert 
    into
        meeting_pin
        (created_at, updated_at, category, content, user_id, date, latitude, longitude, max_age, min_age, set_gender, set_limit, title) 
    values
        (?, ?, ?, ?, ?, ?, ?, ?, ?, ?, ?, ?, ?)
Hibernate: 
    select
        user0_.id as id1_10_,
        user0_.created_at as created_2_10_,
        user0_.updated_at as updated_3_10_,
        user0_.age as age4_10_,
        user0_.background_image as backgrou5_10_,
        user0_.email as email6_10_,
        user0_.gender as gender7_10_,
        user0_.hobby as hobby8_10_,
        user0_.introduce as introduc9_10_,
        user0_.job as job10_10_,
        user0_.name as name11_10_,
        user0_.nick_name as nick_na12_10_,
        user0_.phone_num as phone_n13_10_,
        user0_.profile_image as profile14_10_,
        user0_.res_red_number as res_red15_10_,
        user0_.score as score16_10_ 
    from
        user user0_
Hibernate: 
    select
        roles0_.user_id as user_id1_11_0_,
        roles0_.roles as roles2_11_0_ 
    from
        user_roles roles0_ 
    where
        roles0_.user_id=?
Hibernate: 
    select
        roles0_.user_id as user_id1_11_0_,
        roles0_.roles as roles2_11_0_ 
    from
        user_roles roles0_ 
    where
        roles0_.user_id=?
Hibernate: 
    select
        roles0_.user_id as user_id1_11_0_,
        roles0_.roles as roles2_11_0_ 
    from
        user_roles roles0_ 
    where
        roles0_.user_id=?
Hibernate: 
    select
        roles0_.user_id as user_id1_11_0_,
        roles0_.roles as roles2_11_0_ 
    from
        user_roles roles0_ 
    where
        roles0_.user_id=?
Hibernate: 
    select
        roles0_.user_id as user_id1_11_0_,
        roles0_.roles as roles2_11_0_ 
    from
        user_roles roles0_ 
    where
        roles0_.user_id=?
Hibernate: 
    insert 
    into
        meeting_pin
        (created_at, updated_at, category, content, user_id, date, latitude, longitude, max_age, min_age, set_gender, set_limit, title) 
    values
        (?, ?, ?, ?, ?, ?, ?, ?, ?, ?, ?, ?, ?)
Hibernate: 
    select
        user0_.id as id1_10_,
        user0_.created_at as created_2_10_,
        user0_.updated_at as updated_3_10_,
        user0_.age as age4_10_,
        user0_.background_image as backgrou5_10_,
        user0_.email as email6_10_,
        user0_.gender as gender7_10_,
        user0_.hobby as hobby8_10_,
        user0_.introduce as introduc9_10_,
        user0_.job as job10_10_,
        user0_.name as name11_10_,
        user0_.nick_name as nick_na12_10_,
        user0_.phone_num as phone_n13_10_,
        user0_.profile_image as profile14_10_,
        user0_.res_red_number as res_red15_10_,
        user0_.score as score16_10_ 
    from
        user user0_
Hibernate: 
    select
        roles0_.user_id as user_id1_11_0_,
        roles0_.roles as roles2_11_0_ 
    from
        user_roles roles0_ 
    where
        roles0_.user_id=?
Hibernate: 
    select
        roles0_.user_id as user_id1_11_0_,
        roles0_.roles as roles2_11_0_ 
    from
        user_roles roles0_ 
    where
        roles0_.user_id=?
Hibernate: 
    select
        roles0_.user_id as user_id1_11_0_,
        roles0_.roles as roles2_11_0_ 
    from
        user_roles roles0_ 
    where
        roles0_.user_id=?
Hibernate: 
    select
        roles0_.user_id as user_id1_11_0_,
        roles0_.roles as roles2_11_0_ 
    from
        user_roles roles0_ 
    where
        roles0_.user_id=?
Hibernate: 
    select
        roles0_.user_id as user_id1_11_0_,
        roles0_.roles as roles2_11_0_ 
    from
        user_roles roles0_ 
    where
        roles0_.user_id=?
Hibernate: 
    insert 
    into
        meeting_pin
        (created_at, updated_at, category, content, user_id, date, latitude, longitude, max_age, min_age, set_gender, set_limit, title) 
    values
        (?, ?, ?, ?, ?, ?, ?, ?, ?, ?, ?, ?, ?)
Hibernate: 
    select
        user0_.id as id1_10_,
        user0_.created_at as created_2_10_,
        user0_.updated_at as updated_3_10_,
        user0_.age as age4_10_,
        user0_.background_image as backgrou5_10_,
        user0_.email as email6_10_,
        user0_.gender as gender7_10_,
        user0_.hobby as hobby8_10_,
        user0_.introduce as introduc9_10_,
        user0_.job as job10_10_,
        user0_.name as name11_10_,
        user0_.nick_name as nick_na12_10_,
        user0_.phone_num as phone_n13_10_,
        user0_.profile_image as profile14_10_,
        user0_.res_red_number as res_red15_10_,
        user0_.score as score16_10_ 
    from
        user user0_
Hibernate: 
    select
        roles0_.user_id as user_id1_11_0_,
        roles0_.roles as roles2_11_0_ 
    from
        user_roles roles0_ 
    where
        roles0_.user_id=?
Hibernate: 
    select
        roles0_.user_id as user_id1_11_0_,
        roles0_.roles as roles2_11_0_ 
    from
        user_roles roles0_ 
    where
        roles0_.user_id=?
Hibernate: 
    select
        roles0_.user_id as user_id1_11_0_,
        roles0_.roles as roles2_11_0_ 
    from
        user_roles roles0_ 
    where
        roles0_.user_id=?
Hibernate: 
    select
        roles0_.user_id as user_id1_11_0_,
        roles0_.roles as roles2_11_0_ 
    from
        user_roles roles0_ 
    where
        roles0_.user_id=?
Hibernate: 
    select
        roles0_.user_id as user_id1_11_0_,
        roles0_.roles as roles2_11_0_ 
    from
        user_roles roles0_ 
    where
        roles0_.user_id=?
Hibernate: 
    insert 
    into
        meeting_pin
        (created_at, updated_at, category, content, user_id, date, latitude, longitude, max_age, min_age, set_gender, set_limit, title) 
    values
        (?, ?, ?, ?, ?, ?, ?, ?, ?, ?, ?, ?, ?)
Hibernate: 
    select
        user0_.id as id1_10_,
        user0_.created_at as created_2_10_,
        user0_.updated_at as updated_3_10_,
        user0_.age as age4_10_,
        user0_.background_image as backgrou5_10_,
        user0_.email as email6_10_,
        user0_.gender as gender7_10_,
        user0_.hobby as hobby8_10_,
        user0_.introduce as introduc9_10_,
        user0_.job as job10_10_,
        user0_.name as name11_10_,
        user0_.nick_name as nick_na12_10_,
        user0_.phone_num as phone_n13_10_,
        user0_.profile_image as profile14_10_,
        user0_.res_red_number as res_red15_10_,
        user0_.score as score16_10_ 
    from
        user user0_
Hibernate: 
    select
        roles0_.user_id as user_id1_11_0_,
        roles0_.roles as roles2_11_0_ 
    from
        user_roles roles0_ 
    where
        roles0_.user_id=?
Hibernate: 
    select
        roles0_.user_id as user_id1_11_0_,
        roles0_.roles as roles2_11_0_ 
    from
        user_roles roles0_ 
    where
        roles0_.user_id=?
Hibernate: 
    select
        roles0_.user_id as user_id1_11_0_,
        roles0_.roles as roles2_11_0_ 
    from
        user_roles roles0_ 
    where
        roles0_.user_id=?
Hibernate: 
    select
        roles0_.user_id as user_id1_11_0_,
        roles0_.roles as roles2_11_0_ 
    from
        user_roles roles0_ 
    where
        roles0_.user_id=?
Hibernate: 
    select
        roles0_.user_id as user_id1_11_0_,
        roles0_.roles as roles2_11_0_ 
    from
        user_roles roles0_ 
    where
        roles0_.user_id=?
Hibernate: 
    insert 
    into
        meeting_pin
        (created_at, updated_at, category, content, user_id, date, latitude, longitude, max_age, min_age, set_gender, set_limit, title) 
    values
        (?, ?, ?, ?, ?, ?, ?, ?, ?, ?, ?, ?, ?)
Hibernate: 
    select
        user0_.id as id1_10_,
        user0_.created_at as created_2_10_,
        user0_.updated_at as updated_3_10_,
        user0_.age as age4_10_,
        user0_.background_image as backgrou5_10_,
        user0_.email as email6_10_,
        user0_.gender as gender7_10_,
        user0_.hobby as hobby8_10_,
        user0_.introduce as introduc9_10_,
        user0_.job as job10_10_,
        user0_.name as name11_10_,
        user0_.nick_name as nick_na12_10_,
        user0_.phone_num as phone_n13_10_,
        user0_.profile_image as profile14_10_,
        user0_.res_red_number as res_red15_10_,
        user0_.score as score16_10_ 
    from
        user user0_
Hibernate: 
    select
        roles0_.user_id as user_id1_11_0_,
        roles0_.roles as roles2_11_0_ 
    from
        user_roles roles0_ 
    where
        roles0_.user_id=?
Hibernate: 
    select
        roles0_.user_id as user_id1_11_0_,
        roles0_.roles as roles2_11_0_ 
    from
        user_roles roles0_ 
    where
        roles0_.user_id=?
Hibernate: 
    select
        roles0_.user_id as user_id1_11_0_,
        roles0_.roles as roles2_11_0_ 
    from
        user_roles roles0_ 
    where
        roles0_.user_id=?
Hibernate: 
    select
        roles0_.user_id as user_id1_11_0_,
        roles0_.roles as roles2_11_0_ 
    from
        user_roles roles0_ 
    where
        roles0_.user_id=?
Hibernate: 
    select
        roles0_.user_id as user_id1_11_0_,
        roles0_.roles as roles2_11_0_ 
    from
        user_roles roles0_ 
    where
        roles0_.user_id=?
Hibernate: 
    insert 
    into
        meeting_pin
        (created_at, updated_at, category, content, user_id, date, latitude, longitude, max_age, min_age, set_gender, set_limit, title) 
    values
        (?, ?, ?, ?, ?, ?, ?, ?, ?, ?, ?, ?, ?)
Hibernate: 
    select
        user0_.id as id1_10_,
        user0_.created_at as created_2_10_,
        user0_.updated_at as updated_3_10_,
        user0_.age as age4_10_,
        user0_.background_image as backgrou5_10_,
        user0_.email as email6_10_,
        user0_.gender as gender7_10_,
        user0_.hobby as hobby8_10_,
        user0_.introduce as introduc9_10_,
        user0_.job as job10_10_,
        user0_.name as name11_10_,
        user0_.nick_name as nick_na12_10_,
        user0_.phone_num as phone_n13_10_,
        user0_.profile_image as profile14_10_,
        user0_.res_red_number as res_red15_10_,
        user0_.score as score16_10_ 
    from
        user user0_
Hibernate: 
    select
        roles0_.user_id as user_id1_11_0_,
        roles0_.roles as roles2_11_0_ 
    from
        user_roles roles0_ 
    where
        roles0_.user_id=?
Hibernate: 
    select
        roles0_.user_id as user_id1_11_0_,
        roles0_.roles as roles2_11_0_ 
    from
        user_roles roles0_ 
    where
        roles0_.user_id=?
Hibernate: 
    select
        roles0_.user_id as user_id1_11_0_,
        roles0_.roles as roles2_11_0_ 
    from
        user_roles roles0_ 
    where
        roles0_.user_id=?
Hibernate: 
    select
        roles0_.user_id as user_id1_11_0_,
        roles0_.roles as roles2_11_0_ 
    from
        user_roles roles0_ 
    where
        roles0_.user_id=?
Hibernate: 
    select
        roles0_.user_id as user_id1_11_0_,
        roles0_.roles as roles2_11_0_ 
    from
        user_roles roles0_ 
    where
        roles0_.user_id=?
Hibernate: 
    insert 
    into
        meeting_pin
        (created_at, updated_at, category, content, user_id, date, latitude, longitude, max_age, min_age, set_gender, set_limit, title) 
    values
        (?, ?, ?, ?, ?, ?, ?, ?, ?, ?, ?, ?, ?)
Hibernate: 
    select
        user0_.id as id1_10_,
        user0_.created_at as created_2_10_,
        user0_.updated_at as updated_3_10_,
        user0_.age as age4_10_,
        user0_.background_image as backgrou5_10_,
        user0_.email as email6_10_,
        user0_.gender as gender7_10_,
        user0_.hobby as hobby8_10_,
        user0_.introduce as introduc9_10_,
        user0_.job as job10_10_,
        user0_.name as name11_10_,
        user0_.nick_name as nick_na12_10_,
        user0_.phone_num as phone_n13_10_,
        user0_.profile_image as profile14_10_,
        user0_.res_red_number as res_red15_10_,
        user0_.score as score16_10_ 
    from
        user user0_
Hibernate: 
    select
        roles0_.user_id as user_id1_11_0_,
        roles0_.roles as roles2_11_0_ 
    from
        user_roles roles0_ 
    where
        roles0_.user_id=?
Hibernate: 
    select
        roles0_.user_id as user_id1_11_0_,
        roles0_.roles as roles2_11_0_ 
    from
        user_roles roles0_ 
    where
        roles0_.user_id=?
Hibernate: 
    select
        roles0_.user_id as user_id1_11_0_,
        roles0_.roles as roles2_11_0_ 
    from
        user_roles roles0_ 
    where
        roles0_.user_id=?
Hibernate: 
    select
        roles0_.user_id as user_id1_11_0_,
        roles0_.roles as roles2_11_0_ 
    from
        user_roles roles0_ 
    where
        roles0_.user_id=?
Hibernate: 
    select
        roles0_.user_id as user_id1_11_0_,
        roles0_.roles as roles2_11_0_ 
    from
        user_roles roles0_ 
    where
        roles0_.user_id=?
Hibernate: 
    insert 
    into
        meeting_pin
        (created_at, updated_at, category, content, user_id, date, latitude, longitude, max_age, min_age, set_gender, set_limit, title) 
    values
        (?, ?, ?, ?, ?, ?, ?, ?, ?, ?, ?, ?, ?)
Hibernate: 
    select
        user0_.id as id1_10_,
        user0_.created_at as created_2_10_,
        user0_.updated_at as updated_3_10_,
        user0_.age as age4_10_,
        user0_.background_image as backgrou5_10_,
        user0_.email as email6_10_,
        user0_.gender as gender7_10_,
        user0_.hobby as hobby8_10_,
        user0_.introduce as introduc9_10_,
        user0_.job as job10_10_,
        user0_.name as name11_10_,
        user0_.nick_name as nick_na12_10_,
        user0_.phone_num as phone_n13_10_,
        user0_.profile_image as profile14_10_,
        user0_.res_red_number as res_red15_10_,
        user0_.score as score16_10_ 
    from
        user user0_
Hibernate: 
    select
        roles0_.user_id as user_id1_11_0_,
        roles0_.roles as roles2_11_0_ 
    from
        user_roles roles0_ 
    where
        roles0_.user_id=?
Hibernate: 
    select
        roles0_.user_id as user_id1_11_0_,
        roles0_.roles as roles2_11_0_ 
    from
        user_roles roles0_ 
    where
        roles0_.user_id=?
Hibernate: 
    select
        roles0_.user_id as user_id1_11_0_,
        roles0_.roles as roles2_11_0_ 
    from
        user_roles roles0_ 
    where
        roles0_.user_id=?
Hibernate: 
    select
        roles0_.user_id as user_id1_11_0_,
        roles0_.roles as roles2_11_0_ 
    from
        user_roles roles0_ 
    where
        roles0_.user_id=?
Hibernate: 
    select
        roles0_.user_id as user_id1_11_0_,
        roles0_.roles as roles2_11_0_ 
    from
        user_roles roles0_ 
    where
        roles0_.user_id=?
Hibernate: 
    insert 
    into
        meeting_pin
        (created_at, updated_at, category, content, user_id, date, latitude, longitude, max_age, min_age, set_gender, set_limit, title) 
    values
        (?, ?, ?, ?, ?, ?, ?, ?, ?, ?, ?, ?, ?)
Hibernate: 
    select
        user0_.id as id1_10_,
        user0_.created_at as created_2_10_,
        user0_.updated_at as updated_3_10_,
        user0_.age as age4_10_,
        user0_.background_image as backgrou5_10_,
        user0_.email as email6_10_,
        user0_.gender as gender7_10_,
        user0_.hobby as hobby8_10_,
        user0_.introduce as introduc9_10_,
        user0_.job as job10_10_,
        user0_.name as name11_10_,
        user0_.nick_name as nick_na12_10_,
        user0_.phone_num as phone_n13_10_,
        user0_.profile_image as profile14_10_,
        user0_.res_red_number as res_red15_10_,
        user0_.score as score16_10_ 
    from
        user user0_
Hibernate: 
    select
        roles0_.user_id as user_id1_11_0_,
        roles0_.roles as roles2_11_0_ 
    from
        user_roles roles0_ 
    where
        roles0_.user_id=?
Hibernate: 
    select
        roles0_.user_id as user_id1_11_0_,
        roles0_.roles as roles2_11_0_ 
    from
        user_roles roles0_ 
    where
        roles0_.user_id=?
Hibernate: 
    select
        roles0_.user_id as user_id1_11_0_,
        roles0_.roles as roles2_11_0_ 
    from
        user_roles roles0_ 
    where
        roles0_.user_id=?
Hibernate: 
    select
        roles0_.user_id as user_id1_11_0_,
        roles0_.roles as roles2_11_0_ 
    from
        user_roles roles0_ 
    where
        roles0_.user_id=?
Hibernate: 
    select
        roles0_.user_id as user_id1_11_0_,
        roles0_.roles as roles2_11_0_ 
    from
        user_roles roles0_ 
    where
        roles0_.user_id=?
Hibernate: 
    insert 
    into
        meeting_pin
        (created_at, updated_at, category, content, user_id, date, latitude, longitude, max_age, min_age, set_gender, set_limit, title) 
    values
        (?, ?, ?, ?, ?, ?, ?, ?, ?, ?, ?, ?, ?)
Hibernate: 
    select
        user0_.id as id1_10_,
        user0_.created_at as created_2_10_,
        user0_.updated_at as updated_3_10_,
        user0_.age as age4_10_,
        user0_.background_image as backgrou5_10_,
        user0_.email as email6_10_,
        user0_.gender as gender7_10_,
        user0_.hobby as hobby8_10_,
        user0_.introduce as introduc9_10_,
        user0_.job as job10_10_,
        user0_.name as name11_10_,
        user0_.nick_name as nick_na12_10_,
        user0_.phone_num as phone_n13_10_,
        user0_.profile_image as profile14_10_,
        user0_.res_red_number as res_red15_10_,
        user0_.score as score16_10_ 
    from
        user user0_
Hibernate: 
    select
        roles0_.user_id as user_id1_11_0_,
        roles0_.roles as roles2_11_0_ 
    from
        user_roles roles0_ 
    where
        roles0_.user_id=?
Hibernate: 
    select
        roles0_.user_id as user_id1_11_0_,
        roles0_.roles as roles2_11_0_ 
    from
        user_roles roles0_ 
    where
        roles0_.user_id=?
Hibernate: 
    select
        roles0_.user_id as user_id1_11_0_,
        roles0_.roles as roles2_11_0_ 
    from
        user_roles roles0_ 
    where
        roles0_.user_id=?
Hibernate: 
    select
        roles0_.user_id as user_id1_11_0_,
        roles0_.roles as roles2_11_0_ 
    from
        user_roles roles0_ 
    where
        roles0_.user_id=?
Hibernate: 
    select
        roles0_.user_id as user_id1_11_0_,
        roles0_.roles as roles2_11_0_ 
    from
        user_roles roles0_ 
    where
        roles0_.user_id=?
Hibernate: 
    insert 
    into
        meeting_pin
        (created_at, updated_at, category, content, user_id, date, latitude, longitude, max_age, min_age, set_gender, set_limit, title) 
    values
        (?, ?, ?, ?, ?, ?, ?, ?, ?, ?, ?, ?, ?)
Hibernate: 
    select
        user0_.id as id1_10_,
        user0_.created_at as created_2_10_,
        user0_.updated_at as updated_3_10_,
        user0_.age as age4_10_,
        user0_.background_image as backgrou5_10_,
        user0_.email as email6_10_,
        user0_.gender as gender7_10_,
        user0_.hobby as hobby8_10_,
        user0_.introduce as introduc9_10_,
        user0_.job as job10_10_,
        user0_.name as name11_10_,
        user0_.nick_name as nick_na12_10_,
        user0_.phone_num as phone_n13_10_,
        user0_.profile_image as profile14_10_,
        user0_.res_red_number as res_red15_10_,
        user0_.score as score16_10_ 
    from
        user user0_
Hibernate: 
    select
        roles0_.user_id as user_id1_11_0_,
        roles0_.roles as roles2_11_0_ 
    from
        user_roles roles0_ 
    where
        roles0_.user_id=?
Hibernate: 
    select
        roles0_.user_id as user_id1_11_0_,
        roles0_.roles as roles2_11_0_ 
    from
        user_roles roles0_ 
    where
        roles0_.user_id=?
Hibernate: 
    select
        roles0_.user_id as user_id1_11_0_,
        roles0_.roles as roles2_11_0_ 
    from
        user_roles roles0_ 
    where
        roles0_.user_id=?
Hibernate: 
    select
        roles0_.user_id as user_id1_11_0_,
        roles0_.roles as roles2_11_0_ 
    from
        user_roles roles0_ 
    where
        roles0_.user_id=?
Hibernate: 
    select
        roles0_.user_id as user_id1_11_0_,
        roles0_.roles as roles2_11_0_ 
    from
        user_roles roles0_ 
    where
        roles0_.user_id=?
Hibernate: 
    insert 
    into
        meeting_pin
        (created_at, updated_at, category, content, user_id, date, latitude, longitude, max_age, min_age, set_gender, set_limit, title) 
    values
        (?, ?, ?, ?, ?, ?, ?, ?, ?, ?, ?, ?, ?)
Hibernate: 
    select
        user0_.id as id1_10_,
        user0_.created_at as created_2_10_,
        user0_.updated_at as updated_3_10_,
        user0_.age as age4_10_,
        user0_.background_image as backgrou5_10_,
        user0_.email as email6_10_,
        user0_.gender as gender7_10_,
        user0_.hobby as hobby8_10_,
        user0_.introduce as introduc9_10_,
        user0_.job as job10_10_,
        user0_.name as name11_10_,
        user0_.nick_name as nick_na12_10_,
        user0_.phone_num as phone_n13_10_,
        user0_.profile_image as profile14_10_,
        user0_.res_red_number as res_red15_10_,
        user0_.score as score16_10_ 
    from
        user user0_
Hibernate: 
    select
        roles0_.user_id as user_id1_11_0_,
        roles0_.roles as roles2_11_0_ 
    from
        user_roles roles0_ 
    where
        roles0_.user_id=?
Hibernate: 
    select
        roles0_.user_id as user_id1_11_0_,
        roles0_.roles as roles2_11_0_ 
    from
        user_roles roles0_ 
    where
        roles0_.user_id=?
Hibernate: 
    select
        roles0_.user_id as user_id1_11_0_,
        roles0_.roles as roles2_11_0_ 
    from
        user_roles roles0_ 
    where
        roles0_.user_id=?
Hibernate: 
    select
        roles0_.user_id as user_id1_11_0_,
        roles0_.roles as roles2_11_0_ 
    from
        user_roles roles0_ 
    where
        roles0_.user_id=?
Hibernate: 
    select
        roles0_.user_id as user_id1_11_0_,
        roles0_.roles as roles2_11_0_ 
    from
        user_roles roles0_ 
    where
        roles0_.user_id=?
Hibernate: 
    insert 
    into
        meeting_pin
        (created_at, updated_at, category, content, user_id, date, latitude, longitude, max_age, min_age, set_gender, set_limit, title) 
    values
        (?, ?, ?, ?, ?, ?, ?, ?, ?, ?, ?, ?, ?)
Hibernate: 
    select
        user0_.id as id1_10_,
        user0_.created_at as created_2_10_,
        user0_.updated_at as updated_3_10_,
        user0_.age as age4_10_,
        user0_.background_image as backgrou5_10_,
        user0_.email as email6_10_,
        user0_.gender as gender7_10_,
        user0_.hobby as hobby8_10_,
        user0_.introduce as introduc9_10_,
        user0_.job as job10_10_,
        user0_.name as name11_10_,
        user0_.nick_name as nick_na12_10_,
        user0_.phone_num as phone_n13_10_,
        user0_.profile_image as profile14_10_,
        user0_.res_red_number as res_red15_10_,
        user0_.score as score16_10_ 
    from
        user user0_
Hibernate: 
    select
        roles0_.user_id as user_id1_11_0_,
        roles0_.roles as roles2_11_0_ 
    from
        user_roles roles0_ 
    where
        roles0_.user_id=?
Hibernate: 
    select
        roles0_.user_id as user_id1_11_0_,
        roles0_.roles as roles2_11_0_ 
    from
        user_roles roles0_ 
    where
        roles0_.user_id=?
Hibernate: 
    select
        roles0_.user_id as user_id1_11_0_,
        roles0_.roles as roles2_11_0_ 
    from
        user_roles roles0_ 
    where
        roles0_.user_id=?
Hibernate: 
    select
        roles0_.user_id as user_id1_11_0_,
        roles0_.roles as roles2_11_0_ 
    from
        user_roles roles0_ 
    where
        roles0_.user_id=?
Hibernate: 
    select
        roles0_.user_id as user_id1_11_0_,
        roles0_.roles as roles2_11_0_ 
    from
        user_roles roles0_ 
    where
        roles0_.user_id=?
Hibernate: 
    insert 
    into
        meeting_pin
        (created_at, updated_at, category, content, user_id, date, latitude, longitude, max_age, min_age, set_gender, set_limit, title) 
    values
        (?, ?, ?, ?, ?, ?, ?, ?, ?, ?, ?, ?, ?)
Hibernate: 
    select
        user0_.id as id1_10_,
        user0_.created_at as created_2_10_,
        user0_.updated_at as updated_3_10_,
        user0_.age as age4_10_,
        user0_.background_image as backgrou5_10_,
        user0_.email as email6_10_,
        user0_.gender as gender7_10_,
        user0_.hobby as hobby8_10_,
        user0_.introduce as introduc9_10_,
        user0_.job as job10_10_,
        user0_.name as name11_10_,
        user0_.nick_name as nick_na12_10_,
        user0_.phone_num as phone_n13_10_,
        user0_.profile_image as profile14_10_,
        user0_.res_red_number as res_red15_10_,
        user0_.score as score16_10_ 
    from
        user user0_
Hibernate: 
    select
        roles0_.user_id as user_id1_11_0_,
        roles0_.roles as roles2_11_0_ 
    from
        user_roles roles0_ 
    where
        roles0_.user_id=?
Hibernate: 
    select
        roles0_.user_id as user_id1_11_0_,
        roles0_.roles as roles2_11_0_ 
    from
        user_roles roles0_ 
    where
        roles0_.user_id=?
Hibernate: 
    select
        roles0_.user_id as user_id1_11_0_,
        roles0_.roles as roles2_11_0_ 
    from
        user_roles roles0_ 
    where
        roles0_.user_id=?
Hibernate: 
    select
        roles0_.user_id as user_id1_11_0_,
        roles0_.roles as roles2_11_0_ 
    from
        user_roles roles0_ 
    where
        roles0_.user_id=?
Hibernate: 
    select
        roles0_.user_id as user_id1_11_0_,
        roles0_.roles as roles2_11_0_ 
    from
        user_roles roles0_ 
    where
        roles0_.user_id=?
Hibernate: 
    insert 
    into
        meeting_pin
        (created_at, updated_at, category, content, user_id, date, latitude, longitude, max_age, min_age, set_gender, set_limit, title) 
    values
        (?, ?, ?, ?, ?, ?, ?, ?, ?, ?, ?, ?, ?)
Hibernate: 
    select
        user0_.id as id1_10_,
        user0_.created_at as created_2_10_,
        user0_.updated_at as updated_3_10_,
        user0_.age as age4_10_,
        user0_.background_image as backgrou5_10_,
        user0_.email as email6_10_,
        user0_.gender as gender7_10_,
        user0_.hobby as hobby8_10_,
        user0_.introduce as introduc9_10_,
        user0_.job as job10_10_,
        user0_.name as name11_10_,
        user0_.nick_name as nick_na12_10_,
        user0_.phone_num as phone_n13_10_,
        user0_.profile_image as profile14_10_,
        user0_.res_red_number as res_red15_10_,
        user0_.score as score16_10_ 
    from
        user user0_
Hibernate: 
    select
        roles0_.user_id as user_id1_11_0_,
        roles0_.roles as roles2_11_0_ 
    from
        user_roles roles0_ 
    where
        roles0_.user_id=?
Hibernate: 
    select
        roles0_.user_id as user_id1_11_0_,
        roles0_.roles as roles2_11_0_ 
    from
        user_roles roles0_ 
    where
        roles0_.user_id=?
Hibernate: 
    select
        roles0_.user_id as user_id1_11_0_,
        roles0_.roles as roles2_11_0_ 
    from
        user_roles roles0_ 
    where
        roles0_.user_id=?
Hibernate: 
    select
        roles0_.user_id as user_id1_11_0_,
        roles0_.roles as roles2_11_0_ 
    from
        user_roles roles0_ 
    where
        roles0_.user_id=?
Hibernate: 
    select
        roles0_.user_id as user_id1_11_0_,
        roles0_.roles as roles2_11_0_ 
    from
        user_roles roles0_ 
    where
        roles0_.user_id=?
Hibernate: 
    insert 
    into
        meeting_pin
        (created_at, updated_at, category, content, user_id, date, latitude, longitude, max_age, min_age, set_gender, set_limit, title) 
    values
        (?, ?, ?, ?, ?, ?, ?, ?, ?, ?, ?, ?, ?)
Hibernate: 
    select
        user0_.id as id1_10_,
        user0_.created_at as created_2_10_,
        user0_.updated_at as updated_3_10_,
        user0_.age as age4_10_,
        user0_.background_image as backgrou5_10_,
        user0_.email as email6_10_,
        user0_.gender as gender7_10_,
        user0_.hobby as hobby8_10_,
        user0_.introduce as introduc9_10_,
        user0_.job as job10_10_,
        user0_.name as name11_10_,
        user0_.nick_name as nick_na12_10_,
        user0_.phone_num as phone_n13_10_,
        user0_.profile_image as profile14_10_,
        user0_.res_red_number as res_red15_10_,
        user0_.score as score16_10_ 
    from
        user user0_
Hibernate: 
    select
        roles0_.user_id as user_id1_11_0_,
        roles0_.roles as roles2_11_0_ 
    from
        user_roles roles0_ 
    where
        roles0_.user_id=?
Hibernate: 
    select
        roles0_.user_id as user_id1_11_0_,
        roles0_.roles as roles2_11_0_ 
    from
        user_roles roles0_ 
    where
        roles0_.user_id=?
Hibernate: 
    select
        roles0_.user_id as user_id1_11_0_,
        roles0_.roles as roles2_11_0_ 
    from
        user_roles roles0_ 
    where
        roles0_.user_id=?
Hibernate: 
    select
        roles0_.user_id as user_id1_11_0_,
        roles0_.roles as roles2_11_0_ 
    from
        user_roles roles0_ 
    where
        roles0_.user_id=?
Hibernate: 
    select
        roles0_.user_id as user_id1_11_0_,
        roles0_.roles as roles2_11_0_ 
    from
        user_roles roles0_ 
    where
        roles0_.user_id=?
Hibernate: 
    insert 
    into
        meeting_pin
        (created_at, updated_at, category, content, user_id, date, latitude, longitude, max_age, min_age, set_gender, set_limit, title) 
    values
        (?, ?, ?, ?, ?, ?, ?, ?, ?, ?, ?, ?, ?)
Hibernate: 
    select
        user0_.id as id1_10_,
        user0_.created_at as created_2_10_,
        user0_.updated_at as updated_3_10_,
        user0_.age as age4_10_,
        user0_.background_image as backgrou5_10_,
        user0_.email as email6_10_,
        user0_.gender as gender7_10_,
        user0_.hobby as hobby8_10_,
        user0_.introduce as introduc9_10_,
        user0_.job as job10_10_,
        user0_.name as name11_10_,
        user0_.nick_name as nick_na12_10_,
        user0_.phone_num as phone_n13_10_,
        user0_.profile_image as profile14_10_,
        user0_.res_red_number as res_red15_10_,
        user0_.score as score16_10_ 
    from
        user user0_
Hibernate: 
    select
        roles0_.user_id as user_id1_11_0_,
        roles0_.roles as roles2_11_0_ 
    from
        user_roles roles0_ 
    where
        roles0_.user_id=?
Hibernate: 
    select
        roles0_.user_id as user_id1_11_0_,
        roles0_.roles as roles2_11_0_ 
    from
        user_roles roles0_ 
    where
        roles0_.user_id=?
Hibernate: 
    select
        roles0_.user_id as user_id1_11_0_,
        roles0_.roles as roles2_11_0_ 
    from
        user_roles roles0_ 
    where
        roles0_.user_id=?
Hibernate: 
    select
        roles0_.user_id as user_id1_11_0_,
        roles0_.roles as roles2_11_0_ 
    from
        user_roles roles0_ 
    where
        roles0_.user_id=?
Hibernate: 
    select
        roles0_.user_id as user_id1_11_0_,
        roles0_.roles as roles2_11_0_ 
    from
        user_roles roles0_ 
    where
        roles0_.user_id=?
Hibernate: 
    insert 
    into
        meeting_pin
        (created_at, updated_at, category, content, user_id, date, latitude, longitude, max_age, min_age, set_gender, set_limit, title) 
    values
        (?, ?, ?, ?, ?, ?, ?, ?, ?, ?, ?, ?, ?)
Hibernate: 
    select
        user0_.id as id1_10_,
        user0_.created_at as created_2_10_,
        user0_.updated_at as updated_3_10_,
        user0_.age as age4_10_,
        user0_.background_image as backgrou5_10_,
        user0_.email as email6_10_,
        user0_.gender as gender7_10_,
        user0_.hobby as hobby8_10_,
        user0_.introduce as introduc9_10_,
        user0_.job as job10_10_,
        user0_.name as name11_10_,
        user0_.nick_name as nick_na12_10_,
        user0_.phone_num as phone_n13_10_,
        user0_.profile_image as profile14_10_,
        user0_.res_red_number as res_red15_10_,
        user0_.score as score16_10_ 
    from
        user user0_
Hibernate: 
    select
        roles0_.user_id as user_id1_11_0_,
        roles0_.roles as roles2_11_0_ 
    from
        user_roles roles0_ 
    where
        roles0_.user_id=?
Hibernate: 
    select
        roles0_.user_id as user_id1_11_0_,
        roles0_.roles as roles2_11_0_ 
    from
        user_roles roles0_ 
    where
        roles0_.user_id=?
Hibernate: 
    select
        roles0_.user_id as user_id1_11_0_,
        roles0_.roles as roles2_11_0_ 
    from
        user_roles roles0_ 
    where
        roles0_.user_id=?
Hibernate: 
    select
        roles0_.user_id as user_id1_11_0_,
        roles0_.roles as roles2_11_0_ 
    from
        user_roles roles0_ 
    where
        roles0_.user_id=?
Hibernate: 
    select
        roles0_.user_id as user_id1_11_0_,
        roles0_.roles as roles2_11_0_ 
    from
        user_roles roles0_ 
    where
        roles0_.user_id=?
Hibernate: 
    insert 
    into
        meeting_pin
        (created_at, updated_at, category, content, user_id, date, latitude, longitude, max_age, min_age, set_gender, set_limit, title) 
    values
        (?, ?, ?, ?, ?, ?, ?, ?, ?, ?, ?, ?, ?)
Hibernate: 
    select
        user0_.id as id1_10_,
        user0_.created_at as created_2_10_,
        user0_.updated_at as updated_3_10_,
        user0_.age as age4_10_,
        user0_.background_image as backgrou5_10_,
        user0_.email as email6_10_,
        user0_.gender as gender7_10_,
        user0_.hobby as hobby8_10_,
        user0_.introduce as introduc9_10_,
        user0_.job as job10_10_,
        user0_.name as name11_10_,
        user0_.nick_name as nick_na12_10_,
        user0_.phone_num as phone_n13_10_,
        user0_.profile_image as profile14_10_,
        user0_.res_red_number as res_red15_10_,
        user0_.score as score16_10_ 
    from
        user user0_
Hibernate: 
    select
        roles0_.user_id as user_id1_11_0_,
        roles0_.roles as roles2_11_0_ 
    from
        user_roles roles0_ 
    where
        roles0_.user_id=?
Hibernate: 
    select
        roles0_.user_id as user_id1_11_0_,
        roles0_.roles as roles2_11_0_ 
    from
        user_roles roles0_ 
    where
        roles0_.user_id=?
Hibernate: 
    select
        roles0_.user_id as user_id1_11_0_,
        roles0_.roles as roles2_11_0_ 
    from
        user_roles roles0_ 
    where
        roles0_.user_id=?
Hibernate: 
    select
        roles0_.user_id as user_id1_11_0_,
        roles0_.roles as roles2_11_0_ 
    from
        user_roles roles0_ 
    where
        roles0_.user_id=?
Hibernate: 
    select
        roles0_.user_id as user_id1_11_0_,
        roles0_.roles as roles2_11_0_ 
    from
        user_roles roles0_ 
    where
        roles0_.user_id=?
Hibernate: 
    insert 
    into
        meeting_pin
        (created_at, updated_at, category, content, user_id, date, latitude, longitude, max_age, min_age, set_gender, set_limit, title) 
    values
        (?, ?, ?, ?, ?, ?, ?, ?, ?, ?, ?, ?, ?)
Hibernate: 
    select
        user0_.id as id1_10_,
        user0_.created_at as created_2_10_,
        user0_.updated_at as updated_3_10_,
        user0_.age as age4_10_,
        user0_.background_image as backgrou5_10_,
        user0_.email as email6_10_,
        user0_.gender as gender7_10_,
        user0_.hobby as hobby8_10_,
        user0_.introduce as introduc9_10_,
        user0_.job as job10_10_,
        user0_.name as name11_10_,
        user0_.nick_name as nick_na12_10_,
        user0_.phone_num as phone_n13_10_,
        user0_.profile_image as profile14_10_,
        user0_.res_red_number as res_red15_10_,
        user0_.score as score16_10_ 
    from
        user user0_
Hibernate: 
    select
        roles0_.user_id as user_id1_11_0_,
        roles0_.roles as roles2_11_0_ 
    from
        user_roles roles0_ 
    where
        roles0_.user_id=?
Hibernate: 
    select
        roles0_.user_id as user_id1_11_0_,
        roles0_.roles as roles2_11_0_ 
    from
        user_roles roles0_ 
    where
        roles0_.user_id=?
Hibernate: 
    select
        roles0_.user_id as user_id1_11_0_,
        roles0_.roles as roles2_11_0_ 
    from
        user_roles roles0_ 
    where
        roles0_.user_id=?
Hibernate: 
    select
        roles0_.user_id as user_id1_11_0_,
        roles0_.roles as roles2_11_0_ 
    from
        user_roles roles0_ 
    where
        roles0_.user_id=?
Hibernate: 
    select
        roles0_.user_id as user_id1_11_0_,
        roles0_.roles as roles2_11_0_ 
    from
        user_roles roles0_ 
    where
        roles0_.user_id=?
Hibernate: 
    insert 
    into
        meeting_pin
        (created_at, updated_at, category, content, user_id, date, latitude, longitude, max_age, min_age, set_gender, set_limit, title) 
    values
        (?, ?, ?, ?, ?, ?, ?, ?, ?, ?, ?, ?, ?)
Hibernate: 
    select
        user0_.id as id1_10_,
        user0_.created_at as created_2_10_,
        user0_.updated_at as updated_3_10_,
        user0_.age as age4_10_,
        user0_.background_image as backgrou5_10_,
        user0_.email as email6_10_,
        user0_.gender as gender7_10_,
        user0_.hobby as hobby8_10_,
        user0_.introduce as introduc9_10_,
        user0_.job as job10_10_,
        user0_.name as name11_10_,
        user0_.nick_name as nick_na12_10_,
        user0_.phone_num as phone_n13_10_,
        user0_.profile_image as profile14_10_,
        user0_.res_red_number as res_red15_10_,
        user0_.score as score16_10_ 
    from
        user user0_
Hibernate: 
    select
        roles0_.user_id as user_id1_11_0_,
        roles0_.roles as roles2_11_0_ 
    from
        user_roles roles0_ 
    where
        roles0_.user_id=?
Hibernate: 
    select
        roles0_.user_id as user_id1_11_0_,
        roles0_.roles as roles2_11_0_ 
    from
        user_roles roles0_ 
    where
        roles0_.user_id=?
Hibernate: 
    select
        roles0_.user_id as user_id1_11_0_,
        roles0_.roles as roles2_11_0_ 
    from
        user_roles roles0_ 
    where
        roles0_.user_id=?
Hibernate: 
    select
        roles0_.user_id as user_id1_11_0_,
        roles0_.roles as roles2_11_0_ 
    from
        user_roles roles0_ 
    where
        roles0_.user_id=?
Hibernate: 
    select
        roles0_.user_id as user_id1_11_0_,
        roles0_.roles as roles2_11_0_ 
    from
        user_roles roles0_ 
    where
        roles0_.user_id=?
Hibernate: 
    insert 
    into
        meeting_pin
        (created_at, updated_at, category, content, user_id, date, latitude, longitude, max_age, min_age, set_gender, set_limit, title) 
    values
        (?, ?, ?, ?, ?, ?, ?, ?, ?, ?, ?, ?, ?)
Hibernate: 
    select
        user0_.id as id1_10_,
        user0_.created_at as created_2_10_,
        user0_.updated_at as updated_3_10_,
        user0_.age as age4_10_,
        user0_.background_image as backgrou5_10_,
        user0_.email as email6_10_,
        user0_.gender as gender7_10_,
        user0_.hobby as hobby8_10_,
        user0_.introduce as introduc9_10_,
        user0_.job as job10_10_,
        user0_.name as name11_10_,
        user0_.nick_name as nick_na12_10_,
        user0_.phone_num as phone_n13_10_,
        user0_.profile_image as profile14_10_,
        user0_.res_red_number as res_red15_10_,
        user0_.score as score16_10_ 
    from
        user user0_
Hibernate: 
    select
        roles0_.user_id as user_id1_11_0_,
        roles0_.roles as roles2_11_0_ 
    from
        user_roles roles0_ 
    where
        roles0_.user_id=?
Hibernate: 
    select
        roles0_.user_id as user_id1_11_0_,
        roles0_.roles as roles2_11_0_ 
    from
        user_roles roles0_ 
    where
        roles0_.user_id=?
Hibernate: 
    select
        roles0_.user_id as user_id1_11_0_,
        roles0_.roles as roles2_11_0_ 
    from
        user_roles roles0_ 
    where
        roles0_.user_id=?
Hibernate: 
    select
        roles0_.user_id as user_id1_11_0_,
        roles0_.roles as roles2_11_0_ 
    from
        user_roles roles0_ 
    where
        roles0_.user_id=?
Hibernate: 
    select
        roles0_.user_id as user_id1_11_0_,
        roles0_.roles as roles2_11_0_ 
    from
        user_roles roles0_ 
    where
        roles0_.user_id=?
Hibernate: 
    insert 
    into
        meeting_pin
        (created_at, updated_at, category, content, user_id, date, latitude, longitude, max_age, min_age, set_gender, set_limit, title) 
    values
        (?, ?, ?, ?, ?, ?, ?, ?, ?, ?, ?, ?, ?)
Hibernate: 
    select
        user0_.id as id1_10_,
        user0_.created_at as created_2_10_,
        user0_.updated_at as updated_3_10_,
        user0_.age as age4_10_,
        user0_.background_image as backgrou5_10_,
        user0_.email as email6_10_,
        user0_.gender as gender7_10_,
        user0_.hobby as hobby8_10_,
        user0_.introduce as introduc9_10_,
        user0_.job as job10_10_,
        user0_.name as name11_10_,
        user0_.nick_name as nick_na12_10_,
        user0_.phone_num as phone_n13_10_,
        user0_.profile_image as profile14_10_,
        user0_.res_red_number as res_red15_10_,
        user0_.score as score16_10_ 
    from
        user user0_
Hibernate: 
    select
        roles0_.user_id as user_id1_11_0_,
        roles0_.roles as roles2_11_0_ 
    from
        user_roles roles0_ 
    where
        roles0_.user_id=?
Hibernate: 
    select
        roles0_.user_id as user_id1_11_0_,
        roles0_.roles as roles2_11_0_ 
    from
        user_roles roles0_ 
    where
        roles0_.user_id=?
Hibernate: 
    select
        roles0_.user_id as user_id1_11_0_,
        roles0_.roles as roles2_11_0_ 
    from
        user_roles roles0_ 
    where
        roles0_.user_id=?
Hibernate: 
    select
        roles0_.user_id as user_id1_11_0_,
        roles0_.roles as roles2_11_0_ 
    from
        user_roles roles0_ 
    where
        roles0_.user_id=?
Hibernate: 
    select
        roles0_.user_id as user_id1_11_0_,
        roles0_.roles as roles2_11_0_ 
    from
        user_roles roles0_ 
    where
        roles0_.user_id=?
Hibernate: 
    insert 
    into
        meeting_pin
        (created_at, updated_at, category, content, user_id, date, latitude, longitude, max_age, min_age, set_gender, set_limit, title) 
    values
        (?, ?, ?, ?, ?, ?, ?, ?, ?, ?, ?, ?, ?)
Hibernate: 
    select
        user0_.id as id1_10_,
        user0_.created_at as created_2_10_,
        user0_.updated_at as updated_3_10_,
        user0_.age as age4_10_,
        user0_.background_image as backgrou5_10_,
        user0_.email as email6_10_,
        user0_.gender as gender7_10_,
        user0_.hobby as hobby8_10_,
        user0_.introduce as introduc9_10_,
        user0_.job as job10_10_,
        user0_.name as name11_10_,
        user0_.nick_name as nick_na12_10_,
        user0_.phone_num as phone_n13_10_,
        user0_.profile_image as profile14_10_,
        user0_.res_red_number as res_red15_10_,
        user0_.score as score16_10_ 
    from
        user user0_
Hibernate: 
    select
        roles0_.user_id as user_id1_11_0_,
        roles0_.roles as roles2_11_0_ 
    from
        user_roles roles0_ 
    where
        roles0_.user_id=?
Hibernate: 
    select
        roles0_.user_id as user_id1_11_0_,
        roles0_.roles as roles2_11_0_ 
    from
        user_roles roles0_ 
    where
        roles0_.user_id=?
Hibernate: 
    select
        roles0_.user_id as user_id1_11_0_,
        roles0_.roles as roles2_11_0_ 
    from
        user_roles roles0_ 
    where
        roles0_.user_id=?
Hibernate: 
    select
        roles0_.user_id as user_id1_11_0_,
        roles0_.roles as roles2_11_0_ 
    from
        user_roles roles0_ 
    where
        roles0_.user_id=?
Hibernate: 
    select
        roles0_.user_id as user_id1_11_0_,
        roles0_.roles as roles2_11_0_ 
    from
        user_roles roles0_ 
    where
        roles0_.user_id=?
Hibernate: 
    insert 
    into
        meeting_pin
        (created_at, updated_at, category, content, user_id, date, latitude, longitude, max_age, min_age, set_gender, set_limit, title) 
    values
        (?, ?, ?, ?, ?, ?, ?, ?, ?, ?, ?, ?, ?)
Hibernate: 
    select
        user0_.id as id1_10_,
        user0_.created_at as created_2_10_,
        user0_.updated_at as updated_3_10_,
        user0_.age as age4_10_,
        user0_.background_image as backgrou5_10_,
        user0_.email as email6_10_,
        user0_.gender as gender7_10_,
        user0_.hobby as hobby8_10_,
        user0_.introduce as introduc9_10_,
        user0_.job as job10_10_,
        user0_.name as name11_10_,
        user0_.nick_name as nick_na12_10_,
        user0_.phone_num as phone_n13_10_,
        user0_.profile_image as profile14_10_,
        user0_.res_red_number as res_red15_10_,
        user0_.score as score16_10_ 
    from
        user user0_
Hibernate: 
    select
        roles0_.user_id as user_id1_11_0_,
        roles0_.roles as roles2_11_0_ 
    from
        user_roles roles0_ 
    where
        roles0_.user_id=?
Hibernate: 
    select
        roles0_.user_id as user_id1_11_0_,
        roles0_.roles as roles2_11_0_ 
    from
        user_roles roles0_ 
    where
        roles0_.user_id=?
Hibernate: 
    select
        roles0_.user_id as user_id1_11_0_,
        roles0_.roles as roles2_11_0_ 
    from
        user_roles roles0_ 
    where
        roles0_.user_id=?
Hibernate: 
    select
        roles0_.user_id as user_id1_11_0_,
        roles0_.roles as roles2_11_0_ 
    from
        user_roles roles0_ 
    where
        roles0_.user_id=?
Hibernate: 
    select
        roles0_.user_id as user_id1_11_0_,
        roles0_.roles as roles2_11_0_ 
    from
        user_roles roles0_ 
    where
        roles0_.user_id=?
Hibernate: 
    insert 
    into
        meeting_pin
        (created_at, updated_at, category, content, user_id, date, latitude, longitude, max_age, min_age, set_gender, set_limit, title) 
    values
        (?, ?, ?, ?, ?, ?, ?, ?, ?, ?, ?, ?, ?)
Hibernate: 
    select
        user0_.id as id1_10_,
        user0_.created_at as created_2_10_,
        user0_.updated_at as updated_3_10_,
        user0_.age as age4_10_,
        user0_.background_image as backgrou5_10_,
        user0_.email as email6_10_,
        user0_.gender as gender7_10_,
        user0_.hobby as hobby8_10_,
        user0_.introduce as introduc9_10_,
        user0_.job as job10_10_,
        user0_.name as name11_10_,
        user0_.nick_name as nick_na12_10_,
        user0_.phone_num as phone_n13_10_,
        user0_.profile_image as profile14_10_,
        user0_.res_red_number as res_red15_10_,
        user0_.score as score16_10_ 
    from
        user user0_
Hibernate: 
    select
        roles0_.user_id as user_id1_11_0_,
        roles0_.roles as roles2_11_0_ 
    from
        user_roles roles0_ 
    where
        roles0_.user_id=?
Hibernate: 
    select
        roles0_.user_id as user_id1_11_0_,
        roles0_.roles as roles2_11_0_ 
    from
        user_roles roles0_ 
    where
        roles0_.user_id=?
Hibernate: 
    select
        roles0_.user_id as user_id1_11_0_,
        roles0_.roles as roles2_11_0_ 
    from
        user_roles roles0_ 
    where
        roles0_.user_id=?
Hibernate: 
    select
        roles0_.user_id as user_id1_11_0_,
        roles0_.roles as roles2_11_0_ 
    from
        user_roles roles0_ 
    where
        roles0_.user_id=?
Hibernate: 
    select
        roles0_.user_id as user_id1_11_0_,
        roles0_.roles as roles2_11_0_ 
    from
        user_roles roles0_ 
    where
        roles0_.user_id=?
Hibernate: 
    insert 
    into
        meeting_pin
        (created_at, updated_at, category, content, user_id, date, latitude, longitude, max_age, min_age, set_gender, set_limit, title) 
    values
        (?, ?, ?, ?, ?, ?, ?, ?, ?, ?, ?, ?, ?)
Hibernate: 
    select
        user0_.id as id1_10_,
        user0_.created_at as created_2_10_,
        user0_.updated_at as updated_3_10_,
        user0_.age as age4_10_,
        user0_.background_image as backgrou5_10_,
        user0_.email as email6_10_,
        user0_.gender as gender7_10_,
        user0_.hobby as hobby8_10_,
        user0_.introduce as introduc9_10_,
        user0_.job as job10_10_,
        user0_.name as name11_10_,
        user0_.nick_name as nick_na12_10_,
        user0_.phone_num as phone_n13_10_,
        user0_.profile_image as profile14_10_,
        user0_.res_red_number as res_red15_10_,
        user0_.score as score16_10_ 
    from
        user user0_
Hibernate: 
    select
        roles0_.user_id as user_id1_11_0_,
        roles0_.roles as roles2_11_0_ 
    from
        user_roles roles0_ 
    where
        roles0_.user_id=?
Hibernate: 
    select
        roles0_.user_id as user_id1_11_0_,
        roles0_.roles as roles2_11_0_ 
    from
        user_roles roles0_ 
    where
        roles0_.user_id=?
Hibernate: 
    select
        roles0_.user_id as user_id1_11_0_,
        roles0_.roles as roles2_11_0_ 
    from
        user_roles roles0_ 
    where
        roles0_.user_id=?
Hibernate: 
    select
        roles0_.user_id as user_id1_11_0_,
        roles0_.roles as roles2_11_0_ 
    from
        user_roles roles0_ 
    where
        roles0_.user_id=?
Hibernate: 
    select
        roles0_.user_id as user_id1_11_0_,
        roles0_.roles as roles2_11_0_ 
    from
        user_roles roles0_ 
    where
        roles0_.user_id=?
Hibernate: 
    insert 
    into
        meeting_pin
        (created_at, updated_at, category, content, user_id, date, latitude, longitude, max_age, min_age, set_gender, set_limit, title) 
    values
        (?, ?, ?, ?, ?, ?, ?, ?, ?, ?, ?, ?, ?)
Hibernate: 
    select
        user0_.id as id1_10_,
        user0_.created_at as created_2_10_,
        user0_.updated_at as updated_3_10_,
        user0_.age as age4_10_,
        user0_.background_image as backgrou5_10_,
        user0_.email as email6_10_,
        user0_.gender as gender7_10_,
        user0_.hobby as hobby8_10_,
        user0_.introduce as introduc9_10_,
        user0_.job as job10_10_,
        user0_.name as name11_10_,
        user0_.nick_name as nick_na12_10_,
        user0_.phone_num as phone_n13_10_,
        user0_.profile_image as profile14_10_,
        user0_.res_red_number as res_red15_10_,
        user0_.score as score16_10_ 
    from
        user user0_
Hibernate: 
    select
        roles0_.user_id as user_id1_11_0_,
        roles0_.roles as roles2_11_0_ 
    from
        user_roles roles0_ 
    where
        roles0_.user_id=?
Hibernate: 
    select
        roles0_.user_id as user_id1_11_0_,
        roles0_.roles as roles2_11_0_ 
    from
        user_roles roles0_ 
    where
        roles0_.user_id=?
Hibernate: 
    select
        roles0_.user_id as user_id1_11_0_,
        roles0_.roles as roles2_11_0_ 
    from
        user_roles roles0_ 
    where
        roles0_.user_id=?
Hibernate: 
    select
        roles0_.user_id as user_id1_11_0_,
        roles0_.roles as roles2_11_0_ 
    from
        user_roles roles0_ 
    where
        roles0_.user_id=?
Hibernate: 
    select
        roles0_.user_id as user_id1_11_0_,
        roles0_.roles as roles2_11_0_ 
    from
        user_roles roles0_ 
    where
        roles0_.user_id=?
Hibernate: 
    insert 
    into
        meeting_pin
        (created_at, updated_at, category, content, user_id, date, latitude, longitude, max_age, min_age, set_gender, set_limit, title) 
    values
        (?, ?, ?, ?, ?, ?, ?, ?, ?, ?, ?, ?, ?)
Hibernate: 
    select
        user0_.id as id1_10_,
        user0_.created_at as created_2_10_,
        user0_.updated_at as updated_3_10_,
        user0_.age as age4_10_,
        user0_.background_image as backgrou5_10_,
        user0_.email as email6_10_,
        user0_.gender as gender7_10_,
        user0_.hobby as hobby8_10_,
        user0_.introduce as introduc9_10_,
        user0_.job as job10_10_,
        user0_.name as name11_10_,
        user0_.nick_name as nick_na12_10_,
        user0_.phone_num as phone_n13_10_,
        user0_.profile_image as profile14_10_,
        user0_.res_red_number as res_red15_10_,
        user0_.score as score16_10_ 
    from
        user user0_
Hibernate: 
    select
        roles0_.user_id as user_id1_11_0_,
        roles0_.roles as roles2_11_0_ 
    from
        user_roles roles0_ 
    where
        roles0_.user_id=?
Hibernate: 
    select
        roles0_.user_id as user_id1_11_0_,
        roles0_.roles as roles2_11_0_ 
    from
        user_roles roles0_ 
    where
        roles0_.user_id=?
Hibernate: 
    select
        roles0_.user_id as user_id1_11_0_,
        roles0_.roles as roles2_11_0_ 
    from
        user_roles roles0_ 
    where
        roles0_.user_id=?
Hibernate: 
    select
        roles0_.user_id as user_id1_11_0_,
        roles0_.roles as roles2_11_0_ 
    from
        user_roles roles0_ 
    where
        roles0_.user_id=?
Hibernate: 
    select
        roles0_.user_id as user_id1_11_0_,
        roles0_.roles as roles2_11_0_ 
    from
        user_roles roles0_ 
    where
        roles0_.user_id=?
Hibernate: 
    insert 
    into
        meeting_pin
        (created_at, updated_at, category, content, user_id, date, latitude, longitude, max_age, min_age, set_gender, set_limit, title) 
    values
        (?, ?, ?, ?, ?, ?, ?, ?, ?, ?, ?, ?, ?)
Hibernate: 
    select
        user0_.id as id1_10_,
        user0_.created_at as created_2_10_,
        user0_.updated_at as updated_3_10_,
        user0_.age as age4_10_,
        user0_.background_image as backgrou5_10_,
        user0_.email as email6_10_,
        user0_.gender as gender7_10_,
        user0_.hobby as hobby8_10_,
        user0_.introduce as introduc9_10_,
        user0_.job as job10_10_,
        user0_.name as name11_10_,
        user0_.nick_name as nick_na12_10_,
        user0_.phone_num as phone_n13_10_,
        user0_.profile_image as profile14_10_,
        user0_.res_red_number as res_red15_10_,
        user0_.score as score16_10_ 
    from
        user user0_
Hibernate: 
    select
        roles0_.user_id as user_id1_11_0_,
        roles0_.roles as roles2_11_0_ 
    from
        user_roles roles0_ 
    where
        roles0_.user_id=?
Hibernate: 
    select
        roles0_.user_id as user_id1_11_0_,
        roles0_.roles as roles2_11_0_ 
    from
        user_roles roles0_ 
    where
        roles0_.user_id=?
Hibernate: 
    select
        roles0_.user_id as user_id1_11_0_,
        roles0_.roles as roles2_11_0_ 
    from
        user_roles roles0_ 
    where
        roles0_.user_id=?
Hibernate: 
    select
        roles0_.user_id as user_id1_11_0_,
        roles0_.roles as roles2_11_0_ 
    from
        user_roles roles0_ 
    where
        roles0_.user_id=?
Hibernate: 
    select
        roles0_.user_id as user_id1_11_0_,
        roles0_.roles as roles2_11_0_ 
    from
        user_roles roles0_ 
    where
        roles0_.user_id=?
Hibernate: 
    insert 
    into
        meeting_pin
        (created_at, updated_at, category, content, user_id, date, latitude, longitude, max_age, min_age, set_gender, set_limit, title) 
    values
        (?, ?, ?, ?, ?, ?, ?, ?, ?, ?, ?, ?, ?)
Hibernate: 
    select
        user0_.id as id1_10_,
        user0_.created_at as created_2_10_,
        user0_.updated_at as updated_3_10_,
        user0_.age as age4_10_,
        user0_.background_image as backgrou5_10_,
        user0_.email as email6_10_,
        user0_.gender as gender7_10_,
        user0_.hobby as hobby8_10_,
        user0_.introduce as introduc9_10_,
        user0_.job as job10_10_,
        user0_.name as name11_10_,
        user0_.nick_name as nick_na12_10_,
        user0_.phone_num as phone_n13_10_,
        user0_.profile_image as profile14_10_,
        user0_.res_red_number as res_red15_10_,
        user0_.score as score16_10_ 
    from
        user user0_
Hibernate: 
    select
        roles0_.user_id as user_id1_11_0_,
        roles0_.roles as roles2_11_0_ 
    from
        user_roles roles0_ 
    where
        roles0_.user_id=?
Hibernate: 
    select
        roles0_.user_id as user_id1_11_0_,
        roles0_.roles as roles2_11_0_ 
    from
        user_roles roles0_ 
    where
        roles0_.user_id=?
Hibernate: 
    select
        roles0_.user_id as user_id1_11_0_,
        roles0_.roles as roles2_11_0_ 
    from
        user_roles roles0_ 
    where
        roles0_.user_id=?
Hibernate: 
    select
        roles0_.user_id as user_id1_11_0_,
        roles0_.roles as roles2_11_0_ 
    from
        user_roles roles0_ 
    where
        roles0_.user_id=?
Hibernate: 
    select
        roles0_.user_id as user_id1_11_0_,
        roles0_.roles as roles2_11_0_ 
    from
        user_roles roles0_ 
    where
        roles0_.user_id=?
Hibernate: 
    insert 
    into
        meeting_pin
        (created_at, updated_at, category, content, user_id, date, latitude, longitude, max_age, min_age, set_gender, set_limit, title) 
    values
        (?, ?, ?, ?, ?, ?, ?, ?, ?, ?, ?, ?, ?)
Hibernate: 
    select
        user0_.id as id1_10_,
        user0_.created_at as created_2_10_,
        user0_.updated_at as updated_3_10_,
        user0_.age as age4_10_,
        user0_.background_image as backgrou5_10_,
        user0_.email as email6_10_,
        user0_.gender as gender7_10_,
        user0_.hobby as hobby8_10_,
        user0_.introduce as introduc9_10_,
        user0_.job as job10_10_,
        user0_.name as name11_10_,
        user0_.nick_name as nick_na12_10_,
        user0_.phone_num as phone_n13_10_,
        user0_.profile_image as profile14_10_,
        user0_.res_red_number as res_red15_10_,
        user0_.score as score16_10_ 
    from
        user user0_
Hibernate: 
    select
        roles0_.user_id as user_id1_11_0_,
        roles0_.roles as roles2_11_0_ 
    from
        user_roles roles0_ 
    where
        roles0_.user_id=?
Hibernate: 
    select
        roles0_.user_id as user_id1_11_0_,
        roles0_.roles as roles2_11_0_ 
    from
        user_roles roles0_ 
    where
        roles0_.user_id=?
Hibernate: 
    select
        roles0_.user_id as user_id1_11_0_,
        roles0_.roles as roles2_11_0_ 
    from
        user_roles roles0_ 
    where
        roles0_.user_id=?
Hibernate: 
    select
        roles0_.user_id as user_id1_11_0_,
        roles0_.roles as roles2_11_0_ 
    from
        user_roles roles0_ 
    where
        roles0_.user_id=?
Hibernate: 
    select
        roles0_.user_id as user_id1_11_0_,
        roles0_.roles as roles2_11_0_ 
    from
        user_roles roles0_ 
    where
        roles0_.user_id=?
Hibernate: 
    insert 
    into
        meeting_pin
        (created_at, updated_at, category, content, user_id, date, latitude, longitude, max_age, min_age, set_gender, set_limit, title) 
    values
        (?, ?, ?, ?, ?, ?, ?, ?, ?, ?, ?, ?, ?)
Hibernate: 
    select
        user0_.id as id1_10_,
        user0_.created_at as created_2_10_,
        user0_.updated_at as updated_3_10_,
        user0_.age as age4_10_,
        user0_.background_image as backgrou5_10_,
        user0_.email as email6_10_,
        user0_.gender as gender7_10_,
        user0_.hobby as hobby8_10_,
        user0_.introduce as introduc9_10_,
        user0_.job as job10_10_,
        user0_.name as name11_10_,
        user0_.nick_name as nick_na12_10_,
        user0_.phone_num as phone_n13_10_,
        user0_.profile_image as profile14_10_,
        user0_.res_red_number as res_red15_10_,
        user0_.score as score16_10_ 
    from
        user user0_
Hibernate: 
    select
        roles0_.user_id as user_id1_11_0_,
        roles0_.roles as roles2_11_0_ 
    from
        user_roles roles0_ 
    where
        roles0_.user_id=?
Hibernate: 
    select
        roles0_.user_id as user_id1_11_0_,
        roles0_.roles as roles2_11_0_ 
    from
        user_roles roles0_ 
    where
        roles0_.user_id=?
Hibernate: 
    select
        roles0_.user_id as user_id1_11_0_,
        roles0_.roles as roles2_11_0_ 
    from
        user_roles roles0_ 
    where
        roles0_.user_id=?
Hibernate: 
    select
        roles0_.user_id as user_id1_11_0_,
        roles0_.roles as roles2_11_0_ 
    from
        user_roles roles0_ 
    where
        roles0_.user_id=?
Hibernate: 
    select
        roles0_.user_id as user_id1_11_0_,
        roles0_.roles as roles2_11_0_ 
    from
        user_roles roles0_ 
    where
        roles0_.user_id=?
Hibernate: 
    insert 
    into
        meeting_pin
        (created_at, updated_at, category, content, user_id, date, latitude, longitude, max_age, min_age, set_gender, set_limit, title) 
    values
        (?, ?, ?, ?, ?, ?, ?, ?, ?, ?, ?, ?, ?)
Hibernate: 
    select
        user0_.id as id1_10_,
        user0_.created_at as created_2_10_,
        user0_.updated_at as updated_3_10_,
        user0_.age as age4_10_,
        user0_.background_image as backgrou5_10_,
        user0_.email as email6_10_,
        user0_.gender as gender7_10_,
        user0_.hobby as hobby8_10_,
        user0_.introduce as introduc9_10_,
        user0_.job as job10_10_,
        user0_.name as name11_10_,
        user0_.nick_name as nick_na12_10_,
        user0_.phone_num as phone_n13_10_,
        user0_.profile_image as profile14_10_,
        user0_.res_red_number as res_red15_10_,
        user0_.score as score16_10_ 
    from
        user user0_
Hibernate: 
    select
        roles0_.user_id as user_id1_11_0_,
        roles0_.roles as roles2_11_0_ 
    from
        user_roles roles0_ 
    where
        roles0_.user_id=?
Hibernate: 
    select
        roles0_.user_id as user_id1_11_0_,
        roles0_.roles as roles2_11_0_ 
    from
        user_roles roles0_ 
    where
        roles0_.user_id=?
Hibernate: 
    select
        roles0_.user_id as user_id1_11_0_,
        roles0_.roles as roles2_11_0_ 
    from
        user_roles roles0_ 
    where
        roles0_.user_id=?
Hibernate: 
    select
        roles0_.user_id as user_id1_11_0_,
        roles0_.roles as roles2_11_0_ 
    from
        user_roles roles0_ 
    where
        roles0_.user_id=?
Hibernate: 
    select
        roles0_.user_id as user_id1_11_0_,
        roles0_.roles as roles2_11_0_ 
    from
        user_roles roles0_ 
    where
        roles0_.user_id=?
Hibernate: 
    insert 
    into
        meeting_pin
        (created_at, updated_at, category, content, user_id, date, latitude, longitude, max_age, min_age, set_gender, set_limit, title) 
    values
        (?, ?, ?, ?, ?, ?, ?, ?, ?, ?, ?, ?, ?)
Hibernate: 
    select
        user0_.id as id1_10_,
        user0_.created_at as created_2_10_,
        user0_.updated_at as updated_3_10_,
        user0_.age as age4_10_,
        user0_.background_image as backgrou5_10_,
        user0_.email as email6_10_,
        user0_.gender as gender7_10_,
        user0_.hobby as hobby8_10_,
        user0_.introduce as introduc9_10_,
        user0_.job as job10_10_,
        user0_.name as name11_10_,
        user0_.nick_name as nick_na12_10_,
        user0_.phone_num as phone_n13_10_,
        user0_.profile_image as profile14_10_,
        user0_.res_red_number as res_red15_10_,
        user0_.score as score16_10_ 
    from
        user user0_
Hibernate: 
    select
        roles0_.user_id as user_id1_11_0_,
        roles0_.roles as roles2_11_0_ 
    from
        user_roles roles0_ 
    where
        roles0_.user_id=?
Hibernate: 
    select
        roles0_.user_id as user_id1_11_0_,
        roles0_.roles as roles2_11_0_ 
    from
        user_roles roles0_ 
    where
        roles0_.user_id=?
Hibernate: 
    select
        roles0_.user_id as user_id1_11_0_,
        roles0_.roles as roles2_11_0_ 
    from
        user_roles roles0_ 
    where
        roles0_.user_id=?
Hibernate: 
    select
        roles0_.user_id as user_id1_11_0_,
        roles0_.roles as roles2_11_0_ 
    from
        user_roles roles0_ 
    where
        roles0_.user_id=?
Hibernate: 
    select
        roles0_.user_id as user_id1_11_0_,
        roles0_.roles as roles2_11_0_ 
    from
        user_roles roles0_ 
    where
        roles0_.user_id=?
Hibernate: 
    insert 
    into
        meeting_pin
        (created_at, updated_at, category, content, user_id, date, latitude, longitude, max_age, min_age, set_gender, set_limit, title) 
    values
        (?, ?, ?, ?, ?, ?, ?, ?, ?, ?, ?, ?, ?)
Hibernate: 
    select
        user0_.id as id1_10_,
        user0_.created_at as created_2_10_,
        user0_.updated_at as updated_3_10_,
        user0_.age as age4_10_,
        user0_.background_image as backgrou5_10_,
        user0_.email as email6_10_,
        user0_.gender as gender7_10_,
        user0_.hobby as hobby8_10_,
        user0_.introduce as introduc9_10_,
        user0_.job as job10_10_,
        user0_.name as name11_10_,
        user0_.nick_name as nick_na12_10_,
        user0_.phone_num as phone_n13_10_,
        user0_.profile_image as profile14_10_,
        user0_.res_red_number as res_red15_10_,
        user0_.score as score16_10_ 
    from
        user user0_
Hibernate: 
    select
        roles0_.user_id as user_id1_11_0_,
        roles0_.roles as roles2_11_0_ 
    from
        user_roles roles0_ 
    where
        roles0_.user_id=?
Hibernate: 
    select
        roles0_.user_id as user_id1_11_0_,
        roles0_.roles as roles2_11_0_ 
    from
        user_roles roles0_ 
    where
        roles0_.user_id=?
Hibernate: 
    select
        roles0_.user_id as user_id1_11_0_,
        roles0_.roles as roles2_11_0_ 
    from
        user_roles roles0_ 
    where
        roles0_.user_id=?
Hibernate: 
    select
        roles0_.user_id as user_id1_11_0_,
        roles0_.roles as roles2_11_0_ 
    from
        user_roles roles0_ 
    where
        roles0_.user_id=?
Hibernate: 
    select
        roles0_.user_id as user_id1_11_0_,
        roles0_.roles as roles2_11_0_ 
    from
        user_roles roles0_ 
    where
        roles0_.user_id=?
Hibernate: 
    insert 
    into
        meeting_pin
        (created_at, updated_at, category, content, user_id, date, latitude, longitude, max_age, min_age, set_gender, set_limit, title) 
    values
        (?, ?, ?, ?, ?, ?, ?, ?, ?, ?, ?, ?, ?)
Hibernate: 
    select
        user0_.id as id1_10_,
        user0_.created_at as created_2_10_,
        user0_.updated_at as updated_3_10_,
        user0_.age as age4_10_,
        user0_.background_image as backgrou5_10_,
        user0_.email as email6_10_,
        user0_.gender as gender7_10_,
        user0_.hobby as hobby8_10_,
        user0_.introduce as introduc9_10_,
        user0_.job as job10_10_,
        user0_.name as name11_10_,
        user0_.nick_name as nick_na12_10_,
        user0_.phone_num as phone_n13_10_,
        user0_.profile_image as profile14_10_,
        user0_.res_red_number as res_red15_10_,
        user0_.score as score16_10_ 
    from
        user user0_
Hibernate: 
    select
        roles0_.user_id as user_id1_11_0_,
        roles0_.roles as roles2_11_0_ 
    from
        user_roles roles0_ 
    where
        roles0_.user_id=?
Hibernate: 
    select
        roles0_.user_id as user_id1_11_0_,
        roles0_.roles as roles2_11_0_ 
    from
        user_roles roles0_ 
    where
        roles0_.user_id=?
Hibernate: 
    select
        roles0_.user_id as user_id1_11_0_,
        roles0_.roles as roles2_11_0_ 
    from
        user_roles roles0_ 
    where
        roles0_.user_id=?
Hibernate: 
    select
        roles0_.user_id as user_id1_11_0_,
        roles0_.roles as roles2_11_0_ 
    from
        user_roles roles0_ 
    where
        roles0_.user_id=?
Hibernate: 
    select
        roles0_.user_id as user_id1_11_0_,
        roles0_.roles as roles2_11_0_ 
    from
        user_roles roles0_ 
    where
        roles0_.user_id=?
Hibernate: 
    insert 
    into
        meeting_pin
        (created_at, updated_at, category, content, user_id, date, latitude, longitude, max_age, min_age, set_gender, set_limit, title) 
    values
        (?, ?, ?, ?, ?, ?, ?, ?, ?, ?, ?, ?, ?)
Hibernate: 
    select
        user0_.id as id1_10_,
        user0_.created_at as created_2_10_,
        user0_.updated_at as updated_3_10_,
        user0_.age as age4_10_,
        user0_.background_image as backgrou5_10_,
        user0_.email as email6_10_,
        user0_.gender as gender7_10_,
        user0_.hobby as hobby8_10_,
        user0_.introduce as introduc9_10_,
        user0_.job as job10_10_,
        user0_.name as name11_10_,
        user0_.nick_name as nick_na12_10_,
        user0_.phone_num as phone_n13_10_,
        user0_.profile_image as profile14_10_,
        user0_.res_red_number as res_red15_10_,
        user0_.score as score16_10_ 
    from
        user user0_
Hibernate: 
    select
        roles0_.user_id as user_id1_11_0_,
        roles0_.roles as roles2_11_0_ 
    from
        user_roles roles0_ 
    where
        roles0_.user_id=?
Hibernate: 
    select
        roles0_.user_id as user_id1_11_0_,
        roles0_.roles as roles2_11_0_ 
    from
        user_roles roles0_ 
    where
        roles0_.user_id=?
Hibernate: 
    select
        roles0_.user_id as user_id1_11_0_,
        roles0_.roles as roles2_11_0_ 
    from
        user_roles roles0_ 
    where
        roles0_.user_id=?
Hibernate: 
    select
        roles0_.user_id as user_id1_11_0_,
        roles0_.roles as roles2_11_0_ 
    from
        user_roles roles0_ 
    where
        roles0_.user_id=?
Hibernate: 
    select
        roles0_.user_id as user_id1_11_0_,
        roles0_.roles as roles2_11_0_ 
    from
        user_roles roles0_ 
    where
        roles0_.user_id=?
Hibernate: 
    insert 
    into
        meeting_pin
        (created_at, updated_at, category, content, user_id, date, latitude, longitude, max_age, min_age, set_gender, set_limit, title) 
    values
        (?, ?, ?, ?, ?, ?, ?, ?, ?, ?, ?, ?, ?)
Hibernate: 
    select
        user0_.id as id1_10_,
        user0_.created_at as created_2_10_,
        user0_.updated_at as updated_3_10_,
        user0_.age as age4_10_,
        user0_.background_image as backgrou5_10_,
        user0_.email as email6_10_,
        user0_.gender as gender7_10_,
        user0_.hobby as hobby8_10_,
        user0_.introduce as introduc9_10_,
        user0_.job as job10_10_,
        user0_.name as name11_10_,
        user0_.nick_name as nick_na12_10_,
        user0_.phone_num as phone_n13_10_,
        user0_.profile_image as profile14_10_,
        user0_.res_red_number as res_red15_10_,
        user0_.score as score16_10_ 
    from
        user user0_
Hibernate: 
    select
        roles0_.user_id as user_id1_11_0_,
        roles0_.roles as roles2_11_0_ 
    from
        user_roles roles0_ 
    where
        roles0_.user_id=?
Hibernate: 
    select
        roles0_.user_id as user_id1_11_0_,
        roles0_.roles as roles2_11_0_ 
    from
        user_roles roles0_ 
    where
        roles0_.user_id=?
Hibernate: 
    select
        roles0_.user_id as user_id1_11_0_,
        roles0_.roles as roles2_11_0_ 
    from
        user_roles roles0_ 
    where
        roles0_.user_id=?
Hibernate: 
    select
        roles0_.user_id as user_id1_11_0_,
        roles0_.roles as roles2_11_0_ 
    from
        user_roles roles0_ 
    where
        roles0_.user_id=?
Hibernate: 
    select
        roles0_.user_id as user_id1_11_0_,
        roles0_.roles as roles2_11_0_ 
    from
        user_roles roles0_ 
    where
        roles0_.user_id=?
Hibernate: 
    insert 
    into
        meeting_pin
        (created_at, updated_at, category, content, user_id, date, latitude, longitude, max_age, min_age, set_gender, set_limit, title) 
    values
        (?, ?, ?, ?, ?, ?, ?, ?, ?, ?, ?, ?, ?)
Hibernate: 
    select
        user0_.id as id1_10_,
        user0_.created_at as created_2_10_,
        user0_.updated_at as updated_3_10_,
        user0_.age as age4_10_,
        user0_.background_image as backgrou5_10_,
        user0_.email as email6_10_,
        user0_.gender as gender7_10_,
        user0_.hobby as hobby8_10_,
        user0_.introduce as introduc9_10_,
        user0_.job as job10_10_,
        user0_.name as name11_10_,
        user0_.nick_name as nick_na12_10_,
        user0_.phone_num as phone_n13_10_,
        user0_.profile_image as profile14_10_,
        user0_.res_red_number as res_red15_10_,
        user0_.score as score16_10_ 
    from
        user user0_
Hibernate: 
    select
        roles0_.user_id as user_id1_11_0_,
        roles0_.roles as roles2_11_0_ 
    from
        user_roles roles0_ 
    where
        roles0_.user_id=?
Hibernate: 
    select
        roles0_.user_id as user_id1_11_0_,
        roles0_.roles as roles2_11_0_ 
    from
        user_roles roles0_ 
    where
        roles0_.user_id=?
Hibernate: 
    select
        roles0_.user_id as user_id1_11_0_,
        roles0_.roles as roles2_11_0_ 
    from
        user_roles roles0_ 
    where
        roles0_.user_id=?
Hibernate: 
    select
        roles0_.user_id as user_id1_11_0_,
        roles0_.roles as roles2_11_0_ 
    from
        user_roles roles0_ 
    where
        roles0_.user_id=?
Hibernate: 
    select
        roles0_.user_id as user_id1_11_0_,
        roles0_.roles as roles2_11_0_ 
    from
        user_roles roles0_ 
    where
        roles0_.user_id=?
Hibernate: 
    insert 
    into
        meeting_pin
        (created_at, updated_at, category, content, user_id, date, latitude, longitude, max_age, min_age, set_gender, set_limit, title) 
    values
        (?, ?, ?, ?, ?, ?, ?, ?, ?, ?, ?, ?, ?)
Hibernate: 
    select
        user0_.id as id1_10_,
        user0_.created_at as created_2_10_,
        user0_.updated_at as updated_3_10_,
        user0_.age as age4_10_,
        user0_.background_image as backgrou5_10_,
        user0_.email as email6_10_,
        user0_.gender as gender7_10_,
        user0_.hobby as hobby8_10_,
        user0_.introduce as introduc9_10_,
        user0_.job as job10_10_,
        user0_.name as name11_10_,
        user0_.nick_name as nick_na12_10_,
        user0_.phone_num as phone_n13_10_,
        user0_.profile_image as profile14_10_,
        user0_.res_red_number as res_red15_10_,
        user0_.score as score16_10_ 
    from
        user user0_
Hibernate: 
    select
        roles0_.user_id as user_id1_11_0_,
        roles0_.roles as roles2_11_0_ 
    from
        user_roles roles0_ 
    where
        roles0_.user_id=?
Hibernate: 
    select
        roles0_.user_id as user_id1_11_0_,
        roles0_.roles as roles2_11_0_ 
    from
        user_roles roles0_ 
    where
        roles0_.user_id=?
Hibernate: 
    select
        roles0_.user_id as user_id1_11_0_,
        roles0_.roles as roles2_11_0_ 
    from
        user_roles roles0_ 
    where
        roles0_.user_id=?
Hibernate: 
    select
        roles0_.user_id as user_id1_11_0_,
        roles0_.roles as roles2_11_0_ 
    from
        user_roles roles0_ 
    where
        roles0_.user_id=?
Hibernate: 
    select
        roles0_.user_id as user_id1_11_0_,
        roles0_.roles as roles2_11_0_ 
    from
        user_roles roles0_ 
    where
        roles0_.user_id=?
Hibernate: 
    insert 
    into
        meeting_pin
        (created_at, updated_at, category, content, user_id, date, latitude, longitude, max_age, min_age, set_gender, set_limit, title) 
    values
        (?, ?, ?, ?, ?, ?, ?, ?, ?, ?, ?, ?, ?)
Hibernate: 
    select
        user0_.id as id1_10_,
        user0_.created_at as created_2_10_,
        user0_.updated_at as updated_3_10_,
        user0_.age as age4_10_,
        user0_.background_image as backgrou5_10_,
        user0_.email as email6_10_,
        user0_.gender as gender7_10_,
        user0_.hobby as hobby8_10_,
        user0_.introduce as introduc9_10_,
        user0_.job as job10_10_,
        user0_.name as name11_10_,
        user0_.nick_name as nick_na12_10_,
        user0_.phone_num as phone_n13_10_,
        user0_.profile_image as profile14_10_,
        user0_.res_red_number as res_red15_10_,
        user0_.score as score16_10_ 
    from
        user user0_
Hibernate: 
    select
        roles0_.user_id as user_id1_11_0_,
        roles0_.roles as roles2_11_0_ 
    from
        user_roles roles0_ 
    where
        roles0_.user_id=?
Hibernate: 
    select
        roles0_.user_id as user_id1_11_0_,
        roles0_.roles as roles2_11_0_ 
    from
        user_roles roles0_ 
    where
        roles0_.user_id=?
Hibernate: 
    select
        roles0_.user_id as user_id1_11_0_,
        roles0_.roles as roles2_11_0_ 
    from
        user_roles roles0_ 
    where
        roles0_.user_id=?
Hibernate: 
    select
        roles0_.user_id as user_id1_11_0_,
        roles0_.roles as roles2_11_0_ 
    from
        user_roles roles0_ 
    where
        roles0_.user_id=?
Hibernate: 
    select
        roles0_.user_id as user_id1_11_0_,
        roles0_.roles as roles2_11_0_ 
    from
        user_roles roles0_ 
    where
        roles0_.user_id=?
Hibernate: 
    insert 
    into
        meeting_pin
        (created_at, updated_at, category, content, user_id, date, latitude, longitude, max_age, min_age, set_gender, set_limit, title) 
    values
        (?, ?, ?, ?, ?, ?, ?, ?, ?, ?, ?, ?, ?)
Hibernate: 
    select
        user0_.id as id1_10_,
        user0_.created_at as created_2_10_,
        user0_.updated_at as updated_3_10_,
        user0_.age as age4_10_,
        user0_.background_image as backgrou5_10_,
        user0_.email as email6_10_,
        user0_.gender as gender7_10_,
        user0_.hobby as hobby8_10_,
        user0_.introduce as introduc9_10_,
        user0_.job as job10_10_,
        user0_.name as name11_10_,
        user0_.nick_name as nick_na12_10_,
        user0_.phone_num as phone_n13_10_,
        user0_.profile_image as profile14_10_,
        user0_.res_red_number as res_red15_10_,
        user0_.score as score16_10_ 
    from
        user user0_
Hibernate: 
    select
        roles0_.user_id as user_id1_11_0_,
        roles0_.roles as roles2_11_0_ 
    from
        user_roles roles0_ 
    where
        roles0_.user_id=?
Hibernate: 
    select
        roles0_.user_id as user_id1_11_0_,
        roles0_.roles as roles2_11_0_ 
    from
        user_roles roles0_ 
    where
        roles0_.user_id=?
Hibernate: 
    select
        roles0_.user_id as user_id1_11_0_,
        roles0_.roles as roles2_11_0_ 
    from
        user_roles roles0_ 
    where
        roles0_.user_id=?
Hibernate: 
    select
        roles0_.user_id as user_id1_11_0_,
        roles0_.roles as roles2_11_0_ 
    from
        user_roles roles0_ 
    where
        roles0_.user_id=?
Hibernate: 
    select
        roles0_.user_id as user_id1_11_0_,
        roles0_.roles as roles2_11_0_ 
    from
        user_roles roles0_ 
    where
        roles0_.user_id=?
Hibernate: 
    insert 
    into
        meeting_pin
        (created_at, updated_at, category, content, user_id, date, latitude, longitude, max_age, min_age, set_gender, set_limit, title) 
    values
        (?, ?, ?, ?, ?, ?, ?, ?, ?, ?, ?, ?, ?)
Hibernate: 
    select
        user0_.id as id1_10_,
        user0_.created_at as created_2_10_,
        user0_.updated_at as updated_3_10_,
        user0_.age as age4_10_,
        user0_.background_image as backgrou5_10_,
        user0_.email as email6_10_,
        user0_.gender as gender7_10_,
        user0_.hobby as hobby8_10_,
        user0_.introduce as introduc9_10_,
        user0_.job as job10_10_,
        user0_.name as name11_10_,
        user0_.nick_name as nick_na12_10_,
        user0_.phone_num as phone_n13_10_,
        user0_.profile_image as profile14_10_,
        user0_.res_red_number as res_red15_10_,
        user0_.score as score16_10_ 
    from
        user user0_
Hibernate: 
    select
        roles0_.user_id as user_id1_11_0_,
        roles0_.roles as roles2_11_0_ 
    from
        user_roles roles0_ 
    where
        roles0_.user_id=?
Hibernate: 
    select
        roles0_.user_id as user_id1_11_0_,
        roles0_.roles as roles2_11_0_ 
    from
        user_roles roles0_ 
    where
        roles0_.user_id=?
Hibernate: 
    select
        roles0_.user_id as user_id1_11_0_,
        roles0_.roles as roles2_11_0_ 
    from
        user_roles roles0_ 
    where
        roles0_.user_id=?
Hibernate: 
    select
        roles0_.user_id as user_id1_11_0_,
        roles0_.roles as roles2_11_0_ 
    from
        user_roles roles0_ 
    where
        roles0_.user_id=?
Hibernate: 
    select
        roles0_.user_id as user_id1_11_0_,
        roles0_.roles as roles2_11_0_ 
    from
        user_roles roles0_ 
    where
        roles0_.user_id=?
Hibernate: 
    insert 
    into
        meeting_pin
        (created_at, updated_at, category, content, user_id, date, latitude, longitude, max_age, min_age, set_gender, set_limit, title) 
    values
        (?, ?, ?, ?, ?, ?, ?, ?, ?, ?, ?, ?, ?)
Hibernate: 
    select
        user0_.id as id1_10_,
        user0_.created_at as created_2_10_,
        user0_.updated_at as updated_3_10_,
        user0_.age as age4_10_,
        user0_.background_image as backgrou5_10_,
        user0_.email as email6_10_,
        user0_.gender as gender7_10_,
        user0_.hobby as hobby8_10_,
        user0_.introduce as introduc9_10_,
        user0_.job as job10_10_,
        user0_.name as name11_10_,
        user0_.nick_name as nick_na12_10_,
        user0_.phone_num as phone_n13_10_,
        user0_.profile_image as profile14_10_,
        user0_.res_red_number as res_red15_10_,
        user0_.score as score16_10_ 
    from
        user user0_
Hibernate: 
    select
        roles0_.user_id as user_id1_11_0_,
        roles0_.roles as roles2_11_0_ 
    from
        user_roles roles0_ 
    where
        roles0_.user_id=?
Hibernate: 
    select
        roles0_.user_id as user_id1_11_0_,
        roles0_.roles as roles2_11_0_ 
    from
        user_roles roles0_ 
    where
        roles0_.user_id=?
Hibernate: 
    select
        roles0_.user_id as user_id1_11_0_,
        roles0_.roles as roles2_11_0_ 
    from
        user_roles roles0_ 
    where
        roles0_.user_id=?
Hibernate: 
    select
        roles0_.user_id as user_id1_11_0_,
        roles0_.roles as roles2_11_0_ 
    from
        user_roles roles0_ 
    where
        roles0_.user_id=?
Hibernate: 
    select
        roles0_.user_id as user_id1_11_0_,
        roles0_.roles as roles2_11_0_ 
    from
        user_roles roles0_ 
    where
        roles0_.user_id=?
Hibernate: 
    insert 
    into
        meeting_pin
        (created_at, updated_at, category, content, user_id, date, latitude, longitude, max_age, min_age, set_gender, set_limit, title) 
    values
        (?, ?, ?, ?, ?, ?, ?, ?, ?, ?, ?, ?, ?)
Hibernate: 
    select
        user0_.id as id1_10_,
        user0_.created_at as created_2_10_,
        user0_.updated_at as updated_3_10_,
        user0_.age as age4_10_,
        user0_.background_image as backgrou5_10_,
        user0_.email as email6_10_,
        user0_.gender as gender7_10_,
        user0_.hobby as hobby8_10_,
        user0_.introduce as introduc9_10_,
        user0_.job as job10_10_,
        user0_.name as name11_10_,
        user0_.nick_name as nick_na12_10_,
        user0_.phone_num as phone_n13_10_,
        user0_.profile_image as profile14_10_,
        user0_.res_red_number as res_red15_10_,
        user0_.score as score16_10_ 
    from
        user user0_
Hibernate: 
    select
        roles0_.user_id as user_id1_11_0_,
        roles0_.roles as roles2_11_0_ 
    from
        user_roles roles0_ 
    where
        roles0_.user_id=?
Hibernate: 
    select
        roles0_.user_id as user_id1_11_0_,
        roles0_.roles as roles2_11_0_ 
    from
        user_roles roles0_ 
    where
        roles0_.user_id=?
Hibernate: 
    select
        roles0_.user_id as user_id1_11_0_,
        roles0_.roles as roles2_11_0_ 
    from
        user_roles roles0_ 
    where
        roles0_.user_id=?
Hibernate: 
    select
        roles0_.user_id as user_id1_11_0_,
        roles0_.roles as roles2_11_0_ 
    from
        user_roles roles0_ 
    where
        roles0_.user_id=?
Hibernate: 
    select
        roles0_.user_id as user_id1_11_0_,
        roles0_.roles as roles2_11_0_ 
    from
        user_roles roles0_ 
    where
        roles0_.user_id=?
Hibernate: 
    insert 
    into
        meeting_pin
        (created_at, updated_at, category, content, user_id, date, latitude, longitude, max_age, min_age, set_gender, set_limit, title) 
    values
        (?, ?, ?, ?, ?, ?, ?, ?, ?, ?, ?, ?, ?)
Hibernate: 
    select
        user0_.id as id1_10_,
        user0_.created_at as created_2_10_,
        user0_.updated_at as updated_3_10_,
        user0_.age as age4_10_,
        user0_.background_image as backgrou5_10_,
        user0_.email as email6_10_,
        user0_.gender as gender7_10_,
        user0_.hobby as hobby8_10_,
        user0_.introduce as introduc9_10_,
        user0_.job as job10_10_,
        user0_.name as name11_10_,
        user0_.nick_name as nick_na12_10_,
        user0_.phone_num as phone_n13_10_,
        user0_.profile_image as profile14_10_,
        user0_.res_red_number as res_red15_10_,
        user0_.score as score16_10_ 
    from
        user user0_
Hibernate: 
    select
        roles0_.user_id as user_id1_11_0_,
        roles0_.roles as roles2_11_0_ 
    from
        user_roles roles0_ 
    where
        roles0_.user_id=?
Hibernate: 
    select
        roles0_.user_id as user_id1_11_0_,
        roles0_.roles as roles2_11_0_ 
    from
        user_roles roles0_ 
    where
        roles0_.user_id=?
Hibernate: 
    select
        roles0_.user_id as user_id1_11_0_,
        roles0_.roles as roles2_11_0_ 
    from
        user_roles roles0_ 
    where
        roles0_.user_id=?
Hibernate: 
    select
        roles0_.user_id as user_id1_11_0_,
        roles0_.roles as roles2_11_0_ 
    from
        user_roles roles0_ 
    where
        roles0_.user_id=?
Hibernate: 
    select
        roles0_.user_id as user_id1_11_0_,
        roles0_.roles as roles2_11_0_ 
    from
        user_roles roles0_ 
    where
        roles0_.user_id=?
Hibernate: 
    insert 
    into
        meeting_pin
        (created_at, updated_at, category, content, user_id, date, latitude, longitude, max_age, min_age, set_gender, set_limit, title) 
    values
        (?, ?, ?, ?, ?, ?, ?, ?, ?, ?, ?, ?, ?)
Hibernate: 
    select
        user0_.id as id1_10_,
        user0_.created_at as created_2_10_,
        user0_.updated_at as updated_3_10_,
        user0_.age as age4_10_,
        user0_.background_image as backgrou5_10_,
        user0_.email as email6_10_,
        user0_.gender as gender7_10_,
        user0_.hobby as hobby8_10_,
        user0_.introduce as introduc9_10_,
        user0_.job as job10_10_,
        user0_.name as name11_10_,
        user0_.nick_name as nick_na12_10_,
        user0_.phone_num as phone_n13_10_,
        user0_.profile_image as profile14_10_,
        user0_.res_red_number as res_red15_10_,
        user0_.score as score16_10_ 
    from
        user user0_
Hibernate: 
    select
        roles0_.user_id as user_id1_11_0_,
        roles0_.roles as roles2_11_0_ 
    from
        user_roles roles0_ 
    where
        roles0_.user_id=?
Hibernate: 
    select
        roles0_.user_id as user_id1_11_0_,
        roles0_.roles as roles2_11_0_ 
    from
        user_roles roles0_ 
    where
        roles0_.user_id=?
Hibernate: 
    select
        roles0_.user_id as user_id1_11_0_,
        roles0_.roles as roles2_11_0_ 
    from
        user_roles roles0_ 
    where
        roles0_.user_id=?
Hibernate: 
    select
        roles0_.user_id as user_id1_11_0_,
        roles0_.roles as roles2_11_0_ 
    from
        user_roles roles0_ 
    where
        roles0_.user_id=?
Hibernate: 
    select
        roles0_.user_id as user_id1_11_0_,
        roles0_.roles as roles2_11_0_ 
    from
        user_roles roles0_ 
    where
        roles0_.user_id=?
Hibernate: 
    insert 
    into
        meeting_pin
        (created_at, updated_at, category, content, user_id, date, latitude, longitude, max_age, min_age, set_gender, set_limit, title) 
    values
        (?, ?, ?, ?, ?, ?, ?, ?, ?, ?, ?, ?, ?)
Hibernate: 
    select
        user0_.id as id1_10_,
        user0_.created_at as created_2_10_,
        user0_.updated_at as updated_3_10_,
        user0_.age as age4_10_,
        user0_.background_image as backgrou5_10_,
        user0_.email as email6_10_,
        user0_.gender as gender7_10_,
        user0_.hobby as hobby8_10_,
        user0_.introduce as introduc9_10_,
        user0_.job as job10_10_,
        user0_.name as name11_10_,
        user0_.nick_name as nick_na12_10_,
        user0_.phone_num as phone_n13_10_,
        user0_.profile_image as profile14_10_,
        user0_.res_red_number as res_red15_10_,
        user0_.score as score16_10_ 
    from
        user user0_
Hibernate: 
    select
        roles0_.user_id as user_id1_11_0_,
        roles0_.roles as roles2_11_0_ 
    from
        user_roles roles0_ 
    where
        roles0_.user_id=?
Hibernate: 
    select
        roles0_.user_id as user_id1_11_0_,
        roles0_.roles as roles2_11_0_ 
    from
        user_roles roles0_ 
    where
        roles0_.user_id=?
Hibernate: 
    select
        roles0_.user_id as user_id1_11_0_,
        roles0_.roles as roles2_11_0_ 
    from
        user_roles roles0_ 
    where
        roles0_.user_id=?
Hibernate: 
    select
        roles0_.user_id as user_id1_11_0_,
        roles0_.roles as roles2_11_0_ 
    from
        user_roles roles0_ 
    where
        roles0_.user_id=?
Hibernate: 
    select
        roles0_.user_id as user_id1_11_0_,
        roles0_.roles as roles2_11_0_ 
    from
        user_roles roles0_ 
    where
        roles0_.user_id=?
Hibernate: 
    insert 
    into
        meeting_pin
        (created_at, updated_at, category, content, user_id, date, latitude, longitude, max_age, min_age, set_gender, set_limit, title) 
    values
        (?, ?, ?, ?, ?, ?, ?, ?, ?, ?, ?, ?, ?)
Hibernate: 
    select
        user0_.id as id1_10_,
        user0_.created_at as created_2_10_,
        user0_.updated_at as updated_3_10_,
        user0_.age as age4_10_,
        user0_.background_image as backgrou5_10_,
        user0_.email as email6_10_,
        user0_.gender as gender7_10_,
        user0_.hobby as hobby8_10_,
        user0_.introduce as introduc9_10_,
        user0_.job as job10_10_,
        user0_.name as name11_10_,
        user0_.nick_name as nick_na12_10_,
        user0_.phone_num as phone_n13_10_,
        user0_.profile_image as profile14_10_,
        user0_.res_red_number as res_red15_10_,
        user0_.score as score16_10_ 
    from
        user user0_
Hibernate: 
    select
        roles0_.user_id as user_id1_11_0_,
        roles0_.roles as roles2_11_0_ 
    from
        user_roles roles0_ 
    where
        roles0_.user_id=?
Hibernate: 
    select
        roles0_.user_id as user_id1_11_0_,
        roles0_.roles as roles2_11_0_ 
    from
        user_roles roles0_ 
    where
        roles0_.user_id=?
Hibernate: 
    select
        roles0_.user_id as user_id1_11_0_,
        roles0_.roles as roles2_11_0_ 
    from
        user_roles roles0_ 
    where
        roles0_.user_id=?
Hibernate: 
    select
        roles0_.user_id as user_id1_11_0_,
        roles0_.roles as roles2_11_0_ 
    from
        user_roles roles0_ 
    where
        roles0_.user_id=?
Hibernate: 
    select
        roles0_.user_id as user_id1_11_0_,
        roles0_.roles as roles2_11_0_ 
    from
        user_roles roles0_ 
    where
        roles0_.user_id=?
Hibernate: 
    insert 
    into
        meeting_pin
        (created_at, updated_at, category, content, user_id, date, latitude, longitude, max_age, min_age, set_gender, set_limit, title) 
    values
        (?, ?, ?, ?, ?, ?, ?, ?, ?, ?, ?, ?, ?)
Hibernate: 
    select
        user0_.id as id1_10_,
        user0_.created_at as created_2_10_,
        user0_.updated_at as updated_3_10_,
        user0_.age as age4_10_,
        user0_.background_image as backgrou5_10_,
        user0_.email as email6_10_,
        user0_.gender as gender7_10_,
        user0_.hobby as hobby8_10_,
        user0_.introduce as introduc9_10_,
        user0_.job as job10_10_,
        user0_.name as name11_10_,
        user0_.nick_name as nick_na12_10_,
        user0_.phone_num as phone_n13_10_,
        user0_.profile_image as profile14_10_,
        user0_.res_red_number as res_red15_10_,
        user0_.score as score16_10_ 
    from
        user user0_
Hibernate: 
    select
        roles0_.user_id as user_id1_11_0_,
        roles0_.roles as roles2_11_0_ 
    from
        user_roles roles0_ 
    where
        roles0_.user_id=?
Hibernate: 
    select
        roles0_.user_id as user_id1_11_0_,
        roles0_.roles as roles2_11_0_ 
    from
        user_roles roles0_ 
    where
        roles0_.user_id=?
Hibernate: 
    select
        roles0_.user_id as user_id1_11_0_,
        roles0_.roles as roles2_11_0_ 
    from
        user_roles roles0_ 
    where
        roles0_.user_id=?
Hibernate: 
    select
        roles0_.user_id as user_id1_11_0_,
        roles0_.roles as roles2_11_0_ 
    from
        user_roles roles0_ 
    where
        roles0_.user_id=?
Hibernate: 
    select
        roles0_.user_id as user_id1_11_0_,
        roles0_.roles as roles2_11_0_ 
    from
        user_roles roles0_ 
    where
        roles0_.user_id=?
Hibernate: 
    insert 
    into
        meeting_pin
        (created_at, updated_at, category, content, user_id, date, latitude, longitude, max_age, min_age, set_gender, set_limit, title) 
    values
        (?, ?, ?, ?, ?, ?, ?, ?, ?, ?, ?, ?, ?)
Hibernate: 
    select
        user0_.id as id1_10_,
        user0_.created_at as created_2_10_,
        user0_.updated_at as updated_3_10_,
        user0_.age as age4_10_,
        user0_.background_image as backgrou5_10_,
        user0_.email as email6_10_,
        user0_.gender as gender7_10_,
        user0_.hobby as hobby8_10_,
        user0_.introduce as introduc9_10_,
        user0_.job as job10_10_,
        user0_.name as name11_10_,
        user0_.nick_name as nick_na12_10_,
        user0_.phone_num as phone_n13_10_,
        user0_.profile_image as profile14_10_,
        user0_.res_red_number as res_red15_10_,
        user0_.score as score16_10_ 
    from
        user user0_
Hibernate: 
    select
        roles0_.user_id as user_id1_11_0_,
        roles0_.roles as roles2_11_0_ 
    from
        user_roles roles0_ 
    where
        roles0_.user_id=?
Hibernate: 
    select
        roles0_.user_id as user_id1_11_0_,
        roles0_.roles as roles2_11_0_ 
    from
        user_roles roles0_ 
    where
        roles0_.user_id=?
Hibernate: 
    select
        roles0_.user_id as user_id1_11_0_,
        roles0_.roles as roles2_11_0_ 
    from
        user_roles roles0_ 
    where
        roles0_.user_id=?
Hibernate: 
    select
        roles0_.user_id as user_id1_11_0_,
        roles0_.roles as roles2_11_0_ 
    from
        user_roles roles0_ 
    where
        roles0_.user_id=?
Hibernate: 
    select
        roles0_.user_id as user_id1_11_0_,
        roles0_.roles as roles2_11_0_ 
    from
        user_roles roles0_ 
    where
        roles0_.user_id=?
Hibernate: 
    insert 
    into
        meeting_pin
        (created_at, updated_at, category, content, user_id, date, latitude, longitude, max_age, min_age, set_gender, set_limit, title) 
    values
        (?, ?, ?, ?, ?, ?, ?, ?, ?, ?, ?, ?, ?)
Hibernate: 
    select
        user0_.id as id1_10_,
        user0_.created_at as created_2_10_,
        user0_.updated_at as updated_3_10_,
        user0_.age as age4_10_,
        user0_.background_image as backgrou5_10_,
        user0_.email as email6_10_,
        user0_.gender as gender7_10_,
        user0_.hobby as hobby8_10_,
        user0_.introduce as introduc9_10_,
        user0_.job as job10_10_,
        user0_.name as name11_10_,
        user0_.nick_name as nick_na12_10_,
        user0_.phone_num as phone_n13_10_,
        user0_.profile_image as profile14_10_,
        user0_.res_red_number as res_red15_10_,
        user0_.score as score16_10_ 
    from
        user user0_
Hibernate: 
    select
        roles0_.user_id as user_id1_11_0_,
        roles0_.roles as roles2_11_0_ 
    from
        user_roles roles0_ 
    where
        roles0_.user_id=?
Hibernate: 
    select
        roles0_.user_id as user_id1_11_0_,
        roles0_.roles as roles2_11_0_ 
    from
        user_roles roles0_ 
    where
        roles0_.user_id=?
Hibernate: 
    select
        roles0_.user_id as user_id1_11_0_,
        roles0_.roles as roles2_11_0_ 
    from
        user_roles roles0_ 
    where
        roles0_.user_id=?
Hibernate: 
    select
        roles0_.user_id as user_id1_11_0_,
        roles0_.roles as roles2_11_0_ 
    from
        user_roles roles0_ 
    where
        roles0_.user_id=?
Hibernate: 
    select
        roles0_.user_id as user_id1_11_0_,
        roles0_.roles as roles2_11_0_ 
    from
        user_roles roles0_ 
    where
        roles0_.user_id=?
Hibernate: 
    insert 
    into
        meeting_pin
        (created_at, updated_at, category, content, user_id, date, latitude, longitude, max_age, min_age, set_gender, set_limit, title) 
    values
        (?, ?, ?, ?, ?, ?, ?, ?, ?, ?, ?, ?, ?)
Hibernate: 
    select
        user0_.id as id1_10_,
        user0_.created_at as created_2_10_,
        user0_.updated_at as updated_3_10_,
        user0_.age as age4_10_,
        user0_.background_image as backgrou5_10_,
        user0_.email as email6_10_,
        user0_.gender as gender7_10_,
        user0_.hobby as hobby8_10_,
        user0_.introduce as introduc9_10_,
        user0_.job as job10_10_,
        user0_.name as name11_10_,
        user0_.nick_name as nick_na12_10_,
        user0_.phone_num as phone_n13_10_,
        user0_.profile_image as profile14_10_,
        user0_.res_red_number as res_red15_10_,
        user0_.score as score16_10_ 
    from
        user user0_
Hibernate: 
    select
        roles0_.user_id as user_id1_11_0_,
        roles0_.roles as roles2_11_0_ 
    from
        user_roles roles0_ 
    where
        roles0_.user_id=?
Hibernate: 
    select
        roles0_.user_id as user_id1_11_0_,
        roles0_.roles as roles2_11_0_ 
    from
        user_roles roles0_ 
    where
        roles0_.user_id=?
Hibernate: 
    select
        roles0_.user_id as user_id1_11_0_,
        roles0_.roles as roles2_11_0_ 
    from
        user_roles roles0_ 
    where
        roles0_.user_id=?
Hibernate: 
    select
        roles0_.user_id as user_id1_11_0_,
        roles0_.roles as roles2_11_0_ 
    from
        user_roles roles0_ 
    where
        roles0_.user_id=?
Hibernate: 
    select
        roles0_.user_id as user_id1_11_0_,
        roles0_.roles as roles2_11_0_ 
    from
        user_roles roles0_ 
    where
        roles0_.user_id=?
Hibernate: 
    insert 
    into
        meeting_pin
        (created_at, updated_at, category, content, user_id, date, latitude, longitude, max_age, min_age, set_gender, set_limit, title) 
    values
        (?, ?, ?, ?, ?, ?, ?, ?, ?, ?, ?, ?, ?)
Hibernate: 
    select
        user0_.id as id1_10_,
        user0_.created_at as created_2_10_,
        user0_.updated_at as updated_3_10_,
        user0_.age as age4_10_,
        user0_.background_image as backgrou5_10_,
        user0_.email as email6_10_,
        user0_.gender as gender7_10_,
        user0_.hobby as hobby8_10_,
        user0_.introduce as introduc9_10_,
        user0_.job as job10_10_,
        user0_.name as name11_10_,
        user0_.nick_name as nick_na12_10_,
        user0_.phone_num as phone_n13_10_,
        user0_.profile_image as profile14_10_,
        user0_.res_red_number as res_red15_10_,
        user0_.score as score16_10_ 
    from
        user user0_
Hibernate: 
    select
        roles0_.user_id as user_id1_11_0_,
        roles0_.roles as roles2_11_0_ 
    from
        user_roles roles0_ 
    where
        roles0_.user_id=?
Hibernate: 
    select
        roles0_.user_id as user_id1_11_0_,
        roles0_.roles as roles2_11_0_ 
    from
        user_roles roles0_ 
    where
        roles0_.user_id=?
Hibernate: 
    select
        roles0_.user_id as user_id1_11_0_,
        roles0_.roles as roles2_11_0_ 
    from
        user_roles roles0_ 
    where
        roles0_.user_id=?
Hibernate: 
    select
        roles0_.user_id as user_id1_11_0_,
        roles0_.roles as roles2_11_0_ 
    from
        user_roles roles0_ 
    where
        roles0_.user_id=?
Hibernate: 
    select
        roles0_.user_id as user_id1_11_0_,
        roles0_.roles as roles2_11_0_ 
    from
        user_roles roles0_ 
    where
        roles0_.user_id=?
Hibernate: 
    insert 
    into
        meeting_pin
        (created_at, updated_at, category, content, user_id, date, latitude, longitude, max_age, min_age, set_gender, set_limit, title) 
    values
        (?, ?, ?, ?, ?, ?, ?, ?, ?, ?, ?, ?, ?)
Hibernate: 
    select
        user0_.id as id1_10_,
        user0_.created_at as created_2_10_,
        user0_.updated_at as updated_3_10_,
        user0_.age as age4_10_,
        user0_.background_image as backgrou5_10_,
        user0_.email as email6_10_,
        user0_.gender as gender7_10_,
        user0_.hobby as hobby8_10_,
        user0_.introduce as introduc9_10_,
        user0_.job as job10_10_,
        user0_.name as name11_10_,
        user0_.nick_name as nick_na12_10_,
        user0_.phone_num as phone_n13_10_,
        user0_.profile_image as profile14_10_,
        user0_.res_red_number as res_red15_10_,
        user0_.score as score16_10_ 
    from
        user user0_
Hibernate: 
    select
        roles0_.user_id as user_id1_11_0_,
        roles0_.roles as roles2_11_0_ 
    from
        user_roles roles0_ 
    where
        roles0_.user_id=?
Hibernate: 
    select
        roles0_.user_id as user_id1_11_0_,
        roles0_.roles as roles2_11_0_ 
    from
        user_roles roles0_ 
    where
        roles0_.user_id=?
Hibernate: 
    select
        roles0_.user_id as user_id1_11_0_,
        roles0_.roles as roles2_11_0_ 
    from
        user_roles roles0_ 
    where
        roles0_.user_id=?
Hibernate: 
    select
        roles0_.user_id as user_id1_11_0_,
        roles0_.roles as roles2_11_0_ 
    from
        user_roles roles0_ 
    where
        roles0_.user_id=?
Hibernate: 
    select
        roles0_.user_id as user_id1_11_0_,
        roles0_.roles as roles2_11_0_ 
    from
        user_roles roles0_ 
    where
        roles0_.user_id=?
Hibernate: 
    insert 
    into
        meeting_pin
        (created_at, updated_at, category, content, user_id, date, latitude, longitude, max_age, min_age, set_gender, set_limit, title) 
    values
        (?, ?, ?, ?, ?, ?, ?, ?, ?, ?, ?, ?, ?)
Hibernate: 
    select
        user0_.id as id1_10_,
        user0_.created_at as created_2_10_,
        user0_.updated_at as updated_3_10_,
        user0_.age as age4_10_,
        user0_.background_image as backgrou5_10_,
        user0_.email as email6_10_,
        user0_.gender as gender7_10_,
        user0_.hobby as hobby8_10_,
        user0_.introduce as introduc9_10_,
        user0_.job as job10_10_,
        user0_.name as name11_10_,
        user0_.nick_name as nick_na12_10_,
        user0_.phone_num as phone_n13_10_,
        user0_.profile_image as profile14_10_,
        user0_.res_red_number as res_red15_10_,
        user0_.score as score16_10_ 
    from
        user user0_
Hibernate: 
    select
        roles0_.user_id as user_id1_11_0_,
        roles0_.roles as roles2_11_0_ 
    from
        user_roles roles0_ 
    where
        roles0_.user_id=?
Hibernate: 
    select
        roles0_.user_id as user_id1_11_0_,
        roles0_.roles as roles2_11_0_ 
    from
        user_roles roles0_ 
    where
        roles0_.user_id=?
Hibernate: 
    select
        roles0_.user_id as user_id1_11_0_,
        roles0_.roles as roles2_11_0_ 
    from
        user_roles roles0_ 
    where
        roles0_.user_id=?
Hibernate: 
    select
        roles0_.user_id as user_id1_11_0_,
        roles0_.roles as roles2_11_0_ 
    from
        user_roles roles0_ 
    where
        roles0_.user_id=?
Hibernate: 
    select
        roles0_.user_id as user_id1_11_0_,
        roles0_.roles as roles2_11_0_ 
    from
        user_roles roles0_ 
    where
        roles0_.user_id=?
Hibernate: 
    insert 
    into
        meeting_pin
        (created_at, updated_at, category, content, user_id, date, latitude, longitude, max_age, min_age, set_gender, set_limit, title) 
    values
        (?, ?, ?, ?, ?, ?, ?, ?, ?, ?, ?, ?, ?)
Hibernate: 
    select
        user0_.id as id1_10_,
        user0_.created_at as created_2_10_,
        user0_.updated_at as updated_3_10_,
        user0_.age as age4_10_,
        user0_.background_image as backgrou5_10_,
        user0_.email as email6_10_,
        user0_.gender as gender7_10_,
        user0_.hobby as hobby8_10_,
        user0_.introduce as introduc9_10_,
        user0_.job as job10_10_,
        user0_.name as name11_10_,
        user0_.nick_name as nick_na12_10_,
        user0_.phone_num as phone_n13_10_,
        user0_.profile_image as profile14_10_,
        user0_.res_red_number as res_red15_10_,
        user0_.score as score16_10_ 
    from
        user user0_
Hibernate: 
    select
        roles0_.user_id as user_id1_11_0_,
        roles0_.roles as roles2_11_0_ 
    from
        user_roles roles0_ 
    where
        roles0_.user_id=?
Hibernate: 
    select
        roles0_.user_id as user_id1_11_0_,
        roles0_.roles as roles2_11_0_ 
    from
        user_roles roles0_ 
    where
        roles0_.user_id=?
Hibernate: 
    select
        roles0_.user_id as user_id1_11_0_,
        roles0_.roles as roles2_11_0_ 
    from
        user_roles roles0_ 
    where
        roles0_.user_id=?
Hibernate: 
    select
        roles0_.user_id as user_id1_11_0_,
        roles0_.roles as roles2_11_0_ 
    from
        user_roles roles0_ 
    where
        roles0_.user_id=?
Hibernate: 
    select
        roles0_.user_id as user_id1_11_0_,
        roles0_.roles as roles2_11_0_ 
    from
        user_roles roles0_ 
    where
        roles0_.user_id=?
Hibernate: 
    insert 
    into
        meeting_pin
        (created_at, updated_at, category, content, user_id, date, latitude, longitude, max_age, min_age, set_gender, set_limit, title) 
    values
        (?, ?, ?, ?, ?, ?, ?, ?, ?, ?, ?, ?, ?)
Hibernate: 
    select
        user0_.id as id1_10_,
        user0_.created_at as created_2_10_,
        user0_.updated_at as updated_3_10_,
        user0_.age as age4_10_,
        user0_.background_image as backgrou5_10_,
        user0_.email as email6_10_,
        user0_.gender as gender7_10_,
        user0_.hobby as hobby8_10_,
        user0_.introduce as introduc9_10_,
        user0_.job as job10_10_,
        user0_.name as name11_10_,
        user0_.nick_name as nick_na12_10_,
        user0_.phone_num as phone_n13_10_,
        user0_.profile_image as profile14_10_,
        user0_.res_red_number as res_red15_10_,
        user0_.score as score16_10_ 
    from
        user user0_
Hibernate: 
    select
        roles0_.user_id as user_id1_11_0_,
        roles0_.roles as roles2_11_0_ 
    from
        user_roles roles0_ 
    where
        roles0_.user_id=?
Hibernate: 
    select
        roles0_.user_id as user_id1_11_0_,
        roles0_.roles as roles2_11_0_ 
    from
        user_roles roles0_ 
    where
        roles0_.user_id=?
Hibernate: 
    select
        roles0_.user_id as user_id1_11_0_,
        roles0_.roles as roles2_11_0_ 
    from
        user_roles roles0_ 
    where
        roles0_.user_id=?
Hibernate: 
    select
        roles0_.user_id as user_id1_11_0_,
        roles0_.roles as roles2_11_0_ 
    from
        user_roles roles0_ 
    where
        roles0_.user_id=?
Hibernate: 
    select
        roles0_.user_id as user_id1_11_0_,
        roles0_.roles as roles2_11_0_ 
    from
        user_roles roles0_ 
    where
        roles0_.user_id=?
Hibernate: 
    insert 
    into
        meeting_pin
        (created_at, updated_at, category, content, user_id, date, latitude, longitude, max_age, min_age, set_gender, set_limit, title) 
    values
        (?, ?, ?, ?, ?, ?, ?, ?, ?, ?, ?, ?, ?)
Hibernate: 
    select
        user0_.id as id1_10_,
        user0_.created_at as created_2_10_,
        user0_.updated_at as updated_3_10_,
        user0_.age as age4_10_,
        user0_.background_image as backgrou5_10_,
        user0_.email as email6_10_,
        user0_.gender as gender7_10_,
        user0_.hobby as hobby8_10_,
        user0_.introduce as introduc9_10_,
        user0_.job as job10_10_,
        user0_.name as name11_10_,
        user0_.nick_name as nick_na12_10_,
        user0_.phone_num as phone_n13_10_,
        user0_.profile_image as profile14_10_,
        user0_.res_red_number as res_red15_10_,
        user0_.score as score16_10_ 
    from
        user user0_
Hibernate: 
    select
        roles0_.user_id as user_id1_11_0_,
        roles0_.roles as roles2_11_0_ 
    from
        user_roles roles0_ 
    where
        roles0_.user_id=?
Hibernate: 
    select
        roles0_.user_id as user_id1_11_0_,
        roles0_.roles as roles2_11_0_ 
    from
        user_roles roles0_ 
    where
        roles0_.user_id=?
Hibernate: 
    select
        roles0_.user_id as user_id1_11_0_,
        roles0_.roles as roles2_11_0_ 
    from
        user_roles roles0_ 
    where
        roles0_.user_id=?
Hibernate: 
    select
        roles0_.user_id as user_id1_11_0_,
        roles0_.roles as roles2_11_0_ 
    from
        user_roles roles0_ 
    where
        roles0_.user_id=?
Hibernate: 
    select
        roles0_.user_id as user_id1_11_0_,
        roles0_.roles as roles2_11_0_ 
    from
        user_roles roles0_ 
    where
        roles0_.user_id=?
Hibernate: 
    insert 
    into
        meeting_pin
        (created_at, updated_at, category, content, user_id, date, latitude, longitude, max_age, min_age, set_gender, set_limit, title) 
    values
        (?, ?, ?, ?, ?, ?, ?, ?, ?, ?, ?, ?, ?)
Hibernate: 
    select
        user0_.id as id1_10_,
        user0_.created_at as created_2_10_,
        user0_.updated_at as updated_3_10_,
        user0_.age as age4_10_,
        user0_.background_image as backgrou5_10_,
        user0_.email as email6_10_,
        user0_.gender as gender7_10_,
        user0_.hobby as hobby8_10_,
        user0_.introduce as introduc9_10_,
        user0_.job as job10_10_,
        user0_.name as name11_10_,
        user0_.nick_name as nick_na12_10_,
        user0_.phone_num as phone_n13_10_,
        user0_.profile_image as profile14_10_,
        user0_.res_red_number as res_red15_10_,
        user0_.score as score16_10_ 
    from
        user user0_
Hibernate: 
    select
        roles0_.user_id as user_id1_11_0_,
        roles0_.roles as roles2_11_0_ 
    from
        user_roles roles0_ 
    where
        roles0_.user_id=?
Hibernate: 
    select
        roles0_.user_id as user_id1_11_0_,
        roles0_.roles as roles2_11_0_ 
    from
        user_roles roles0_ 
    where
        roles0_.user_id=?
Hibernate: 
    select
        roles0_.user_id as user_id1_11_0_,
        roles0_.roles as roles2_11_0_ 
    from
        user_roles roles0_ 
    where
        roles0_.user_id=?
Hibernate: 
    select
        roles0_.user_id as user_id1_11_0_,
        roles0_.roles as roles2_11_0_ 
    from
        user_roles roles0_ 
    where
        roles0_.user_id=?
Hibernate: 
    select
        roles0_.user_id as user_id1_11_0_,
        roles0_.roles as roles2_11_0_ 
    from
        user_roles roles0_ 
    where
        roles0_.user_id=?
Hibernate: 
    insert 
    into
        meeting_pin
        (created_at, updated_at, category, content, user_id, date, latitude, longitude, max_age, min_age, set_gender, set_limit, title) 
    values
        (?, ?, ?, ?, ?, ?, ?, ?, ?, ?, ?, ?, ?)
Hibernate: 
    select
        user0_.id as id1_10_,
        user0_.created_at as created_2_10_,
        user0_.updated_at as updated_3_10_,
        user0_.age as age4_10_,
        user0_.background_image as backgrou5_10_,
        user0_.email as email6_10_,
        user0_.gender as gender7_10_,
        user0_.hobby as hobby8_10_,
        user0_.introduce as introduc9_10_,
        user0_.job as job10_10_,
        user0_.name as name11_10_,
        user0_.nick_name as nick_na12_10_,
        user0_.phone_num as phone_n13_10_,
        user0_.profile_image as profile14_10_,
        user0_.res_red_number as res_red15_10_,
        user0_.score as score16_10_ 
    from
        user user0_
Hibernate: 
    select
        roles0_.user_id as user_id1_11_0_,
        roles0_.roles as roles2_11_0_ 
    from
        user_roles roles0_ 
    where
        roles0_.user_id=?
Hibernate: 
    select
        roles0_.user_id as user_id1_11_0_,
        roles0_.roles as roles2_11_0_ 
    from
        user_roles roles0_ 
    where
        roles0_.user_id=?
Hibernate: 
    select
        roles0_.user_id as user_id1_11_0_,
        roles0_.roles as roles2_11_0_ 
    from
        user_roles roles0_ 
    where
        roles0_.user_id=?
Hibernate: 
    select
        roles0_.user_id as user_id1_11_0_,
        roles0_.roles as roles2_11_0_ 
    from
        user_roles roles0_ 
    where
        roles0_.user_id=?
Hibernate: 
    select
        roles0_.user_id as user_id1_11_0_,
        roles0_.roles as roles2_11_0_ 
    from
        user_roles roles0_ 
    where
        roles0_.user_id=?
Hibernate: 
    insert 
    into
        meeting_pin
        (created_at, updated_at, category, content, user_id, date, latitude, longitude, max_age, min_age, set_gender, set_limit, title) 
    values
        (?, ?, ?, ?, ?, ?, ?, ?, ?, ?, ?, ?, ?)
Hibernate: 
    select
        user0_.id as id1_10_,
        user0_.created_at as created_2_10_,
        user0_.updated_at as updated_3_10_,
        user0_.age as age4_10_,
        user0_.background_image as backgrou5_10_,
        user0_.email as email6_10_,
        user0_.gender as gender7_10_,
        user0_.hobby as hobby8_10_,
        user0_.introduce as introduc9_10_,
        user0_.job as job10_10_,
        user0_.name as name11_10_,
        user0_.nick_name as nick_na12_10_,
        user0_.phone_num as phone_n13_10_,
        user0_.profile_image as profile14_10_,
        user0_.res_red_number as res_red15_10_,
        user0_.score as score16_10_ 
    from
        user user0_
Hibernate: 
    select
        roles0_.user_id as user_id1_11_0_,
        roles0_.roles as roles2_11_0_ 
    from
        user_roles roles0_ 
    where
        roles0_.user_id=?
Hibernate: 
    select
        roles0_.user_id as user_id1_11_0_,
        roles0_.roles as roles2_11_0_ 
    from
        user_roles roles0_ 
    where
        roles0_.user_id=?
Hibernate: 
    select
        roles0_.user_id as user_id1_11_0_,
        roles0_.roles as roles2_11_0_ 
    from
        user_roles roles0_ 
    where
        roles0_.user_id=?
Hibernate: 
    select
        roles0_.user_id as user_id1_11_0_,
        roles0_.roles as roles2_11_0_ 
    from
        user_roles roles0_ 
    where
        roles0_.user_id=?
Hibernate: 
    select
        roles0_.user_id as user_id1_11_0_,
        roles0_.roles as roles2_11_0_ 
    from
        user_roles roles0_ 
    where
        roles0_.user_id=?
Hibernate: 
    insert 
    into
        meeting_pin
        (created_at, updated_at, category, content, user_id, date, latitude, longitude, max_age, min_age, set_gender, set_limit, title) 
    values
        (?, ?, ?, ?, ?, ?, ?, ?, ?, ?, ?, ?, ?)
Hibernate: 
    select
        user0_.id as id1_10_,
        user0_.created_at as created_2_10_,
        user0_.updated_at as updated_3_10_,
        user0_.age as age4_10_,
        user0_.background_image as backgrou5_10_,
        user0_.email as email6_10_,
        user0_.gender as gender7_10_,
        user0_.hobby as hobby8_10_,
        user0_.introduce as introduc9_10_,
        user0_.job as job10_10_,
        user0_.name as name11_10_,
        user0_.nick_name as nick_na12_10_,
        user0_.phone_num as phone_n13_10_,
        user0_.profile_image as profile14_10_,
        user0_.res_red_number as res_red15_10_,
        user0_.score as score16_10_ 
    from
        user user0_
Hibernate: 
    select
        roles0_.user_id as user_id1_11_0_,
        roles0_.roles as roles2_11_0_ 
    from
        user_roles roles0_ 
    where
        roles0_.user_id=?
Hibernate: 
    select
        roles0_.user_id as user_id1_11_0_,
        roles0_.roles as roles2_11_0_ 
    from
        user_roles roles0_ 
    where
        roles0_.user_id=?
Hibernate: 
    select
        roles0_.user_id as user_id1_11_0_,
        roles0_.roles as roles2_11_0_ 
    from
        user_roles roles0_ 
    where
        roles0_.user_id=?
Hibernate: 
    select
        roles0_.user_id as user_id1_11_0_,
        roles0_.roles as roles2_11_0_ 
    from
        user_roles roles0_ 
    where
        roles0_.user_id=?
Hibernate: 
    select
        roles0_.user_id as user_id1_11_0_,
        roles0_.roles as roles2_11_0_ 
    from
        user_roles roles0_ 
    where
        roles0_.user_id=?
Hibernate: 
    insert 
    into
        meeting_pin
        (created_at, updated_at, category, content, user_id, date, latitude, longitude, max_age, min_age, set_gender, set_limit, title) 
    values
        (?, ?, ?, ?, ?, ?, ?, ?, ?, ?, ?, ?, ?)
Hibernate: 
    select
        user0_.id as id1_10_,
        user0_.created_at as created_2_10_,
        user0_.updated_at as updated_3_10_,
        user0_.age as age4_10_,
        user0_.background_image as backgrou5_10_,
        user0_.email as email6_10_,
        user0_.gender as gender7_10_,
        user0_.hobby as hobby8_10_,
        user0_.introduce as introduc9_10_,
        user0_.job as job10_10_,
        user0_.name as name11_10_,
        user0_.nick_name as nick_na12_10_,
        user0_.phone_num as phone_n13_10_,
        user0_.profile_image as profile14_10_,
        user0_.res_red_number as res_red15_10_,
        user0_.score as score16_10_ 
    from
        user user0_
Hibernate: 
    select
        roles0_.user_id as user_id1_11_0_,
        roles0_.roles as roles2_11_0_ 
    from
        user_roles roles0_ 
    where
        roles0_.user_id=?
Hibernate: 
    select
        roles0_.user_id as user_id1_11_0_,
        roles0_.roles as roles2_11_0_ 
    from
        user_roles roles0_ 
    where
        roles0_.user_id=?
Hibernate: 
    select
        roles0_.user_id as user_id1_11_0_,
        roles0_.roles as roles2_11_0_ 
    from
        user_roles roles0_ 
    where
        roles0_.user_id=?
Hibernate: 
    select
        roles0_.user_id as user_id1_11_0_,
        roles0_.roles as roles2_11_0_ 
    from
        user_roles roles0_ 
    where
        roles0_.user_id=?
Hibernate: 
    select
        roles0_.user_id as user_id1_11_0_,
        roles0_.roles as roles2_11_0_ 
    from
        user_roles roles0_ 
    where
        roles0_.user_id=?
Hibernate: 
    insert 
    into
        meeting_pin
        (created_at, updated_at, category, content, user_id, date, latitude, longitude, max_age, min_age, set_gender, set_limit, title) 
    values
        (?, ?, ?, ?, ?, ?, ?, ?, ?, ?, ?, ?, ?)
Hibernate: 
    select
        user0_.id as id1_10_,
        user0_.created_at as created_2_10_,
        user0_.updated_at as updated_3_10_,
        user0_.age as age4_10_,
        user0_.background_image as backgrou5_10_,
        user0_.email as email6_10_,
        user0_.gender as gender7_10_,
        user0_.hobby as hobby8_10_,
        user0_.introduce as introduc9_10_,
        user0_.job as job10_10_,
        user0_.name as name11_10_,
        user0_.nick_name as nick_na12_10_,
        user0_.phone_num as phone_n13_10_,
        user0_.profile_image as profile14_10_,
        user0_.res_red_number as res_red15_10_,
        user0_.score as score16_10_ 
    from
        user user0_
Hibernate: 
    select
        roles0_.user_id as user_id1_11_0_,
        roles0_.roles as roles2_11_0_ 
    from
        user_roles roles0_ 
    where
        roles0_.user_id=?
Hibernate: 
    select
        roles0_.user_id as user_id1_11_0_,
        roles0_.roles as roles2_11_0_ 
    from
        user_roles roles0_ 
    where
        roles0_.user_id=?
Hibernate: 
    select
        roles0_.user_id as user_id1_11_0_,
        roles0_.roles as roles2_11_0_ 
    from
        user_roles roles0_ 
    where
        roles0_.user_id=?
Hibernate: 
    select
        roles0_.user_id as user_id1_11_0_,
        roles0_.roles as roles2_11_0_ 
    from
        user_roles roles0_ 
    where
        roles0_.user_id=?
Hibernate: 
    select
        roles0_.user_id as user_id1_11_0_,
        roles0_.roles as roles2_11_0_ 
    from
        user_roles roles0_ 
    where
        roles0_.user_id=?
Hibernate: 
    insert 
    into
        meeting_pin
        (created_at, updated_at, category, content, user_id, date, latitude, longitude, max_age, min_age, set_gender, set_limit, title) 
    values
        (?, ?, ?, ?, ?, ?, ?, ?, ?, ?, ?, ?, ?)
Hibernate: 
    select
        user0_.id as id1_10_,
        user0_.created_at as created_2_10_,
        user0_.updated_at as updated_3_10_,
        user0_.age as age4_10_,
        user0_.background_image as backgrou5_10_,
        user0_.email as email6_10_,
        user0_.gender as gender7_10_,
        user0_.hobby as hobby8_10_,
        user0_.introduce as introduc9_10_,
        user0_.job as job10_10_,
        user0_.name as name11_10_,
        user0_.nick_name as nick_na12_10_,
        user0_.phone_num as phone_n13_10_,
        user0_.profile_image as profile14_10_,
        user0_.res_red_number as res_red15_10_,
        user0_.score as score16_10_ 
    from
        user user0_
Hibernate: 
    select
        roles0_.user_id as user_id1_11_0_,
        roles0_.roles as roles2_11_0_ 
    from
        user_roles roles0_ 
    where
        roles0_.user_id=?
Hibernate: 
    select
        roles0_.user_id as user_id1_11_0_,
        roles0_.roles as roles2_11_0_ 
    from
        user_roles roles0_ 
    where
        roles0_.user_id=?
Hibernate: 
    select
        roles0_.user_id as user_id1_11_0_,
        roles0_.roles as roles2_11_0_ 
    from
        user_roles roles0_ 
    where
        roles0_.user_id=?
Hibernate: 
    select
        roles0_.user_id as user_id1_11_0_,
        roles0_.roles as roles2_11_0_ 
    from
        user_roles roles0_ 
    where
        roles0_.user_id=?
Hibernate: 
    select
        roles0_.user_id as user_id1_11_0_,
        roles0_.roles as roles2_11_0_ 
    from
        user_roles roles0_ 
    where
        roles0_.user_id=?
Hibernate: 
    insert 
    into
        meeting_pin
        (created_at, updated_at, category, content, user_id, date, latitude, longitude, max_age, min_age, set_gender, set_limit, title) 
    values
        (?, ?, ?, ?, ?, ?, ?, ?, ?, ?, ?, ?, ?)
Hibernate: 
    select
        user0_.id as id1_10_,
        user0_.created_at as created_2_10_,
        user0_.updated_at as updated_3_10_,
        user0_.age as age4_10_,
        user0_.background_image as backgrou5_10_,
        user0_.email as email6_10_,
        user0_.gender as gender7_10_,
        user0_.hobby as hobby8_10_,
        user0_.introduce as introduc9_10_,
        user0_.job as job10_10_,
        user0_.name as name11_10_,
        user0_.nick_name as nick_na12_10_,
        user0_.phone_num as phone_n13_10_,
        user0_.profile_image as profile14_10_,
        user0_.res_red_number as res_red15_10_,
        user0_.score as score16_10_ 
    from
        user user0_
Hibernate: 
    select
        roles0_.user_id as user_id1_11_0_,
        roles0_.roles as roles2_11_0_ 
    from
        user_roles roles0_ 
    where
        roles0_.user_id=?
Hibernate: 
    select
        roles0_.user_id as user_id1_11_0_,
        roles0_.roles as roles2_11_0_ 
    from
        user_roles roles0_ 
    where
        roles0_.user_id=?
Hibernate: 
    select
        roles0_.user_id as user_id1_11_0_,
        roles0_.roles as roles2_11_0_ 
    from
        user_roles roles0_ 
    where
        roles0_.user_id=?
Hibernate: 
    select
        roles0_.user_id as user_id1_11_0_,
        roles0_.roles as roles2_11_0_ 
    from
        user_roles roles0_ 
    where
        roles0_.user_id=?
Hibernate: 
    select
        roles0_.user_id as user_id1_11_0_,
        roles0_.roles as roles2_11_0_ 
    from
        user_roles roles0_ 
    where
        roles0_.user_id=?
Hibernate: 
    insert 
    into
        meeting_pin
        (created_at, updated_at, category, content, user_id, date, latitude, longitude, max_age, min_age, set_gender, set_limit, title) 
    values
        (?, ?, ?, ?, ?, ?, ?, ?, ?, ?, ?, ?, ?)
Hibernate: 
    select
        user0_.id as id1_10_,
        user0_.created_at as created_2_10_,
        user0_.updated_at as updated_3_10_,
        user0_.age as age4_10_,
        user0_.background_image as backgrou5_10_,
        user0_.email as email6_10_,
        user0_.gender as gender7_10_,
        user0_.hobby as hobby8_10_,
        user0_.introduce as introduc9_10_,
        user0_.job as job10_10_,
        user0_.name as name11_10_,
        user0_.nick_name as nick_na12_10_,
        user0_.phone_num as phone_n13_10_,
        user0_.profile_image as profile14_10_,
        user0_.res_red_number as res_red15_10_,
        user0_.score as score16_10_ 
    from
        user user0_
Hibernate: 
    select
        roles0_.user_id as user_id1_11_0_,
        roles0_.roles as roles2_11_0_ 
    from
        user_roles roles0_ 
    where
        roles0_.user_id=?
Hibernate: 
    select
        roles0_.user_id as user_id1_11_0_,
        roles0_.roles as roles2_11_0_ 
    from
        user_roles roles0_ 
    where
        roles0_.user_id=?
Hibernate: 
    select
        roles0_.user_id as user_id1_11_0_,
        roles0_.roles as roles2_11_0_ 
    from
        user_roles roles0_ 
    where
        roles0_.user_id=?
Hibernate: 
    select
        roles0_.user_id as user_id1_11_0_,
        roles0_.roles as roles2_11_0_ 
    from
        user_roles roles0_ 
    where
        roles0_.user_id=?
Hibernate: 
    select
        roles0_.user_id as user_id1_11_0_,
        roles0_.roles as roles2_11_0_ 
    from
        user_roles roles0_ 
    where
        roles0_.user_id=?
Hibernate: 
    insert 
    into
        meeting_pin
        (created_at, updated_at, category, content, user_id, date, latitude, longitude, max_age, min_age, set_gender, set_limit, title) 
    values
        (?, ?, ?, ?, ?, ?, ?, ?, ?, ?, ?, ?, ?)
Hibernate: 
    select
        user0_.id as id1_10_,
        user0_.created_at as created_2_10_,
        user0_.updated_at as updated_3_10_,
        user0_.age as age4_10_,
        user0_.background_image as backgrou5_10_,
        user0_.email as email6_10_,
        user0_.gender as gender7_10_,
        user0_.hobby as hobby8_10_,
        user0_.introduce as introduc9_10_,
        user0_.job as job10_10_,
        user0_.name as name11_10_,
        user0_.nick_name as nick_na12_10_,
        user0_.phone_num as phone_n13_10_,
        user0_.profile_image as profile14_10_,
        user0_.res_red_number as res_red15_10_,
        user0_.score as score16_10_ 
    from
        user user0_
Hibernate: 
    select
        roles0_.user_id as user_id1_11_0_,
        roles0_.roles as roles2_11_0_ 
    from
        user_roles roles0_ 
    where
        roles0_.user_id=?
Hibernate: 
    select
        roles0_.user_id as user_id1_11_0_,
        roles0_.roles as roles2_11_0_ 
    from
        user_roles roles0_ 
    where
        roles0_.user_id=?
Hibernate: 
    select
        roles0_.user_id as user_id1_11_0_,
        roles0_.roles as roles2_11_0_ 
    from
        user_roles roles0_ 
    where
        roles0_.user_id=?
Hibernate: 
    select
        roles0_.user_id as user_id1_11_0_,
        roles0_.roles as roles2_11_0_ 
    from
        user_roles roles0_ 
    where
        roles0_.user_id=?
Hibernate: 
    select
        roles0_.user_id as user_id1_11_0_,
        roles0_.roles as roles2_11_0_ 
    from
        user_roles roles0_ 
    where
        roles0_.user_id=?
Hibernate: 
    insert 
    into
        meeting_pin
        (created_at, updated_at, category, content, user_id, date, latitude, longitude, max_age, min_age, set_gender, set_limit, title) 
    values
        (?, ?, ?, ?, ?, ?, ?, ?, ?, ?, ?, ?, ?)
Hibernate: 
    select
        user0_.id as id1_10_,
        user0_.created_at as created_2_10_,
        user0_.updated_at as updated_3_10_,
        user0_.age as age4_10_,
        user0_.background_image as backgrou5_10_,
        user0_.email as email6_10_,
        user0_.gender as gender7_10_,
        user0_.hobby as hobby8_10_,
        user0_.introduce as introduc9_10_,
        user0_.job as job10_10_,
        user0_.name as name11_10_,
        user0_.nick_name as nick_na12_10_,
        user0_.phone_num as phone_n13_10_,
        user0_.profile_image as profile14_10_,
        user0_.res_red_number as res_red15_10_,
        user0_.score as score16_10_ 
    from
        user user0_
Hibernate: 
    select
        roles0_.user_id as user_id1_11_0_,
        roles0_.roles as roles2_11_0_ 
    from
        user_roles roles0_ 
    where
        roles0_.user_id=?
Hibernate: 
    select
        roles0_.user_id as user_id1_11_0_,
        roles0_.roles as roles2_11_0_ 
    from
        user_roles roles0_ 
    where
        roles0_.user_id=?
Hibernate: 
    select
        roles0_.user_id as user_id1_11_0_,
        roles0_.roles as roles2_11_0_ 
    from
        user_roles roles0_ 
    where
        roles0_.user_id=?
Hibernate: 
    select
        roles0_.user_id as user_id1_11_0_,
        roles0_.roles as roles2_11_0_ 
    from
        user_roles roles0_ 
    where
        roles0_.user_id=?
Hibernate: 
    select
        roles0_.user_id as user_id1_11_0_,
        roles0_.roles as roles2_11_0_ 
    from
        user_roles roles0_ 
    where
        roles0_.user_id=?
Hibernate: 
    insert 
    into
        meeting_pin
        (created_at, updated_at, category, content, user_id, date, latitude, longitude, max_age, min_age, set_gender, set_limit, title) 
    values
        (?, ?, ?, ?, ?, ?, ?, ?, ?, ?, ?, ?, ?)
Hibernate: 
    select
        user0_.id as id1_10_,
        user0_.created_at as created_2_10_,
        user0_.updated_at as updated_3_10_,
        user0_.age as age4_10_,
        user0_.background_image as backgrou5_10_,
        user0_.email as email6_10_,
        user0_.gender as gender7_10_,
        user0_.hobby as hobby8_10_,
        user0_.introduce as introduc9_10_,
        user0_.job as job10_10_,
        user0_.name as name11_10_,
        user0_.nick_name as nick_na12_10_,
        user0_.phone_num as phone_n13_10_,
        user0_.profile_image as profile14_10_,
        user0_.res_red_number as res_red15_10_,
        user0_.score as score16_10_ 
    from
        user user0_
Hibernate: 
    select
        roles0_.user_id as user_id1_11_0_,
        roles0_.roles as roles2_11_0_ 
    from
        user_roles roles0_ 
    where
        roles0_.user_id=?
Hibernate: 
    select
        roles0_.user_id as user_id1_11_0_,
        roles0_.roles as roles2_11_0_ 
    from
        user_roles roles0_ 
    where
        roles0_.user_id=?
Hibernate: 
    select
        roles0_.user_id as user_id1_11_0_,
        roles0_.roles as roles2_11_0_ 
    from
        user_roles roles0_ 
    where
        roles0_.user_id=?
Hibernate: 
    select
        roles0_.user_id as user_id1_11_0_,
        roles0_.roles as roles2_11_0_ 
    from
        user_roles roles0_ 
    where
        roles0_.user_id=?
Hibernate: 
    select
        roles0_.user_id as user_id1_11_0_,
        roles0_.roles as roles2_11_0_ 
    from
        user_roles roles0_ 
    where
        roles0_.user_id=?
Hibernate: 
    insert 
    into
        meeting_pin
        (created_at, updated_at, category, content, user_id, date, latitude, longitude, max_age, min_age, set_gender, set_limit, title) 
    values
        (?, ?, ?, ?, ?, ?, ?, ?, ?, ?, ?, ?, ?)
Hibernate: 
    select
        user0_.id as id1_10_,
        user0_.created_at as created_2_10_,
        user0_.updated_at as updated_3_10_,
        user0_.age as age4_10_,
        user0_.background_image as backgrou5_10_,
        user0_.email as email6_10_,
        user0_.gender as gender7_10_,
        user0_.hobby as hobby8_10_,
        user0_.introduce as introduc9_10_,
        user0_.job as job10_10_,
        user0_.name as name11_10_,
        user0_.nick_name as nick_na12_10_,
        user0_.phone_num as phone_n13_10_,
        user0_.profile_image as profile14_10_,
        user0_.res_red_number as res_red15_10_,
        user0_.score as score16_10_ 
    from
        user user0_
Hibernate: 
    select
        roles0_.user_id as user_id1_11_0_,
        roles0_.roles as roles2_11_0_ 
    from
        user_roles roles0_ 
    where
        roles0_.user_id=?
Hibernate: 
    select
        roles0_.user_id as user_id1_11_0_,
        roles0_.roles as roles2_11_0_ 
    from
        user_roles roles0_ 
    where
        roles0_.user_id=?
Hibernate: 
    select
        roles0_.user_id as user_id1_11_0_,
        roles0_.roles as roles2_11_0_ 
    from
        user_roles roles0_ 
    where
        roles0_.user_id=?
Hibernate: 
    select
        roles0_.user_id as user_id1_11_0_,
        roles0_.roles as roles2_11_0_ 
    from
        user_roles roles0_ 
    where
        roles0_.user_id=?
Hibernate: 
    select
        roles0_.user_id as user_id1_11_0_,
        roles0_.roles as roles2_11_0_ 
    from
        user_roles roles0_ 
    where
        roles0_.user_id=?
Hibernate: 
    insert 
    into
        meeting_pin
        (created_at, updated_at, category, content, user_id, date, latitude, longitude, max_age, min_age, set_gender, set_limit, title) 
    values
        (?, ?, ?, ?, ?, ?, ?, ?, ?, ?, ?, ?, ?)
Hibernate: 
    select
        user0_.id as id1_10_,
        user0_.created_at as created_2_10_,
        user0_.updated_at as updated_3_10_,
        user0_.age as age4_10_,
        user0_.background_image as backgrou5_10_,
        user0_.email as email6_10_,
        user0_.gender as gender7_10_,
        user0_.hobby as hobby8_10_,
        user0_.introduce as introduc9_10_,
        user0_.job as job10_10_,
        user0_.name as name11_10_,
        user0_.nick_name as nick_na12_10_,
        user0_.phone_num as phone_n13_10_,
        user0_.profile_image as profile14_10_,
        user0_.res_red_number as res_red15_10_,
        user0_.score as score16_10_ 
    from
        user user0_
Hibernate: 
    select
        roles0_.user_id as user_id1_11_0_,
        roles0_.roles as roles2_11_0_ 
    from
        user_roles roles0_ 
    where
        roles0_.user_id=?
Hibernate: 
    select
        roles0_.user_id as user_id1_11_0_,
        roles0_.roles as roles2_11_0_ 
    from
        user_roles roles0_ 
    where
        roles0_.user_id=?
Hibernate: 
    select
        roles0_.user_id as user_id1_11_0_,
        roles0_.roles as roles2_11_0_ 
    from
        user_roles roles0_ 
    where
        roles0_.user_id=?
Hibernate: 
    select
        roles0_.user_id as user_id1_11_0_,
        roles0_.roles as roles2_11_0_ 
    from
        user_roles roles0_ 
    where
        roles0_.user_id=?
Hibernate: 
    select
        roles0_.user_id as user_id1_11_0_,
        roles0_.roles as roles2_11_0_ 
    from
        user_roles roles0_ 
    where
        roles0_.user_id=?
Hibernate: 
    insert 
    into
        meeting_pin
        (created_at, updated_at, category, content, user_id, date, latitude, longitude, max_age, min_age, set_gender, set_limit, title) 
    values
        (?, ?, ?, ?, ?, ?, ?, ?, ?, ?, ?, ?, ?)
Hibernate: 
    select
        user0_.id as id1_10_,
        user0_.created_at as created_2_10_,
        user0_.updated_at as updated_3_10_,
        user0_.age as age4_10_,
        user0_.background_image as backgrou5_10_,
        user0_.email as email6_10_,
        user0_.gender as gender7_10_,
        user0_.hobby as hobby8_10_,
        user0_.introduce as introduc9_10_,
        user0_.job as job10_10_,
        user0_.name as name11_10_,
        user0_.nick_name as nick_na12_10_,
        user0_.phone_num as phone_n13_10_,
        user0_.profile_image as profile14_10_,
        user0_.res_red_number as res_red15_10_,
        user0_.score as score16_10_ 
    from
        user user0_
Hibernate: 
    select
        roles0_.user_id as user_id1_11_0_,
        roles0_.roles as roles2_11_0_ 
    from
        user_roles roles0_ 
    where
        roles0_.user_id=?
Hibernate: 
    select
        roles0_.user_id as user_id1_11_0_,
        roles0_.roles as roles2_11_0_ 
    from
        user_roles roles0_ 
    where
        roles0_.user_id=?
Hibernate: 
    select
        roles0_.user_id as user_id1_11_0_,
        roles0_.roles as roles2_11_0_ 
    from
        user_roles roles0_ 
    where
        roles0_.user_id=?
Hibernate: 
    select
        roles0_.user_id as user_id1_11_0_,
        roles0_.roles as roles2_11_0_ 
    from
        user_roles roles0_ 
    where
        roles0_.user_id=?
Hibernate: 
    select
        roles0_.user_id as user_id1_11_0_,
        roles0_.roles as roles2_11_0_ 
    from
        user_roles roles0_ 
    where
        roles0_.user_id=?
Hibernate: 
    insert 
    into
        meeting_pin
        (created_at, updated_at, category, content, user_id, date, latitude, longitude, max_age, min_age, set_gender, set_limit, title) 
    values
        (?, ?, ?, ?, ?, ?, ?, ?, ?, ?, ?, ?, ?)
Hibernate: 
    select
        user0_.id as id1_10_,
        user0_.created_at as created_2_10_,
        user0_.updated_at as updated_3_10_,
        user0_.age as age4_10_,
        user0_.background_image as backgrou5_10_,
        user0_.email as email6_10_,
        user0_.gender as gender7_10_,
        user0_.hobby as hobby8_10_,
        user0_.introduce as introduc9_10_,
        user0_.job as job10_10_,
        user0_.name as name11_10_,
        user0_.nick_name as nick_na12_10_,
        user0_.phone_num as phone_n13_10_,
        user0_.profile_image as profile14_10_,
        user0_.res_red_number as res_red15_10_,
        user0_.score as score16_10_ 
    from
        user user0_
Hibernate: 
    select
        roles0_.user_id as user_id1_11_0_,
        roles0_.roles as roles2_11_0_ 
    from
        user_roles roles0_ 
    where
        roles0_.user_id=?
Hibernate: 
    select
        roles0_.user_id as user_id1_11_0_,
        roles0_.roles as roles2_11_0_ 
    from
        user_roles roles0_ 
    where
        roles0_.user_id=?
Hibernate: 
    select
        roles0_.user_id as user_id1_11_0_,
        roles0_.roles as roles2_11_0_ 
    from
        user_roles roles0_ 
    where
        roles0_.user_id=?
Hibernate: 
    select
        roles0_.user_id as user_id1_11_0_,
        roles0_.roles as roles2_11_0_ 
    from
        user_roles roles0_ 
    where
        roles0_.user_id=?
Hibernate: 
    select
        roles0_.user_id as user_id1_11_0_,
        roles0_.roles as roles2_11_0_ 
    from
        user_roles roles0_ 
    where
        roles0_.user_id=?
Hibernate: 
    insert 
    into
        meeting_pin
        (created_at, updated_at, category, content, user_id, date, latitude, longitude, max_age, min_age, set_gender, set_limit, title) 
    values
        (?, ?, ?, ?, ?, ?, ?, ?, ?, ?, ?, ?, ?)
Hibernate: 
    select
        user0_.id as id1_10_,
        user0_.created_at as created_2_10_,
        user0_.updated_at as updated_3_10_,
        user0_.age as age4_10_,
        user0_.background_image as backgrou5_10_,
        user0_.email as email6_10_,
        user0_.gender as gender7_10_,
        user0_.hobby as hobby8_10_,
        user0_.introduce as introduc9_10_,
        user0_.job as job10_10_,
        user0_.name as name11_10_,
        user0_.nick_name as nick_na12_10_,
        user0_.phone_num as phone_n13_10_,
        user0_.profile_image as profile14_10_,
        user0_.res_red_number as res_red15_10_,
        user0_.score as score16_10_ 
    from
        user user0_
Hibernate: 
    select
        roles0_.user_id as user_id1_11_0_,
        roles0_.roles as roles2_11_0_ 
    from
        user_roles roles0_ 
    where
        roles0_.user_id=?
Hibernate: 
    select
        roles0_.user_id as user_id1_11_0_,
        roles0_.roles as roles2_11_0_ 
    from
        user_roles roles0_ 
    where
        roles0_.user_id=?
Hibernate: 
    select
        roles0_.user_id as user_id1_11_0_,
        roles0_.roles as roles2_11_0_ 
    from
        user_roles roles0_ 
    where
        roles0_.user_id=?
Hibernate: 
    select
        roles0_.user_id as user_id1_11_0_,
        roles0_.roles as roles2_11_0_ 
    from
        user_roles roles0_ 
    where
        roles0_.user_id=?
Hibernate: 
    select
        roles0_.user_id as user_id1_11_0_,
        roles0_.roles as roles2_11_0_ 
    from
        user_roles roles0_ 
    where
        roles0_.user_id=?
Hibernate: 
    insert 
    into
        meeting_pin
        (created_at, updated_at, category, content, user_id, date, latitude, longitude, max_age, min_age, set_gender, set_limit, title) 
    values
        (?, ?, ?, ?, ?, ?, ?, ?, ?, ?, ?, ?, ?)
Hibernate: 
    select
        user0_.id as id1_10_,
        user0_.created_at as created_2_10_,
        user0_.updated_at as updated_3_10_,
        user0_.age as age4_10_,
        user0_.background_image as backgrou5_10_,
        user0_.email as email6_10_,
        user0_.gender as gender7_10_,
        user0_.hobby as hobby8_10_,
        user0_.introduce as introduc9_10_,
        user0_.job as job10_10_,
        user0_.name as name11_10_,
        user0_.nick_name as nick_na12_10_,
        user0_.phone_num as phone_n13_10_,
        user0_.profile_image as profile14_10_,
        user0_.res_red_number as res_red15_10_,
        user0_.score as score16_10_ 
    from
        user user0_
Hibernate: 
    select
        roles0_.user_id as user_id1_11_0_,
        roles0_.roles as roles2_11_0_ 
    from
        user_roles roles0_ 
    where
        roles0_.user_id=?
Hibernate: 
    select
        roles0_.user_id as user_id1_11_0_,
        roles0_.roles as roles2_11_0_ 
    from
        user_roles roles0_ 
    where
        roles0_.user_id=?
Hibernate: 
    select
        roles0_.user_id as user_id1_11_0_,
        roles0_.roles as roles2_11_0_ 
    from
        user_roles roles0_ 
    where
        roles0_.user_id=?
Hibernate: 
    select
        roles0_.user_id as user_id1_11_0_,
        roles0_.roles as roles2_11_0_ 
    from
        user_roles roles0_ 
    where
        roles0_.user_id=?
Hibernate: 
    select
        roles0_.user_id as user_id1_11_0_,
        roles0_.roles as roles2_11_0_ 
    from
        user_roles roles0_ 
    where
        roles0_.user_id=?
Hibernate: 
    insert 
    into
        meeting_pin
        (created_at, updated_at, category, content, user_id, date, latitude, longitude, max_age, min_age, set_gender, set_limit, title) 
    values
        (?, ?, ?, ?, ?, ?, ?, ?, ?, ?, ?, ?, ?)
Hibernate: 
    select
        user0_.id as id1_10_,
        user0_.created_at as created_2_10_,
        user0_.updated_at as updated_3_10_,
        user0_.age as age4_10_,
        user0_.background_image as backgrou5_10_,
        user0_.email as email6_10_,
        user0_.gender as gender7_10_,
        user0_.hobby as hobby8_10_,
        user0_.introduce as introduc9_10_,
        user0_.job as job10_10_,
        user0_.name as name11_10_,
        user0_.nick_name as nick_na12_10_,
        user0_.phone_num as phone_n13_10_,
        user0_.profile_image as profile14_10_,
        user0_.res_red_number as res_red15_10_,
        user0_.score as score16_10_ 
    from
        user user0_
Hibernate: 
    select
        roles0_.user_id as user_id1_11_0_,
        roles0_.roles as roles2_11_0_ 
    from
        user_roles roles0_ 
    where
        roles0_.user_id=?
Hibernate: 
    select
        roles0_.user_id as user_id1_11_0_,
        roles0_.roles as roles2_11_0_ 
    from
        user_roles roles0_ 
    where
        roles0_.user_id=?
Hibernate: 
    select
        roles0_.user_id as user_id1_11_0_,
        roles0_.roles as roles2_11_0_ 
    from
        user_roles roles0_ 
    where
        roles0_.user_id=?
Hibernate: 
    select
        roles0_.user_id as user_id1_11_0_,
        roles0_.roles as roles2_11_0_ 
    from
        user_roles roles0_ 
    where
        roles0_.user_id=?
Hibernate: 
    select
        roles0_.user_id as user_id1_11_0_,
        roles0_.roles as roles2_11_0_ 
    from
        user_roles roles0_ 
    where
        roles0_.user_id=?
Hibernate: 
    insert 
    into
        meeting_pin
        (created_at, updated_at, category, content, user_id, date, latitude, longitude, max_age, min_age, set_gender, set_limit, title) 
    values
        (?, ?, ?, ?, ?, ?, ?, ?, ?, ?, ?, ?, ?)
Hibernate: 
    select
        user0_.id as id1_10_,
        user0_.created_at as created_2_10_,
        user0_.updated_at as updated_3_10_,
        user0_.age as age4_10_,
        user0_.background_image as backgrou5_10_,
        user0_.email as email6_10_,
        user0_.gender as gender7_10_,
        user0_.hobby as hobby8_10_,
        user0_.introduce as introduc9_10_,
        user0_.job as job10_10_,
        user0_.name as name11_10_,
        user0_.nick_name as nick_na12_10_,
        user0_.phone_num as phone_n13_10_,
        user0_.profile_image as profile14_10_,
        user0_.res_red_number as res_red15_10_,
        user0_.score as score16_10_ 
    from
        user user0_
Hibernate: 
    select
        roles0_.user_id as user_id1_11_0_,
        roles0_.roles as roles2_11_0_ 
    from
        user_roles roles0_ 
    where
        roles0_.user_id=?
Hibernate: 
    select
        roles0_.user_id as user_id1_11_0_,
        roles0_.roles as roles2_11_0_ 
    from
        user_roles roles0_ 
    where
        roles0_.user_id=?
Hibernate: 
    select
        roles0_.user_id as user_id1_11_0_,
        roles0_.roles as roles2_11_0_ 
    from
        user_roles roles0_ 
    where
        roles0_.user_id=?
Hibernate: 
    select
        roles0_.user_id as user_id1_11_0_,
        roles0_.roles as roles2_11_0_ 
    from
        user_roles roles0_ 
    where
        roles0_.user_id=?
Hibernate: 
    select
        roles0_.user_id as user_id1_11_0_,
        roles0_.roles as roles2_11_0_ 
    from
        user_roles roles0_ 
    where
        roles0_.user_id=?
Hibernate: 
    insert 
    into
        meeting_pin
        (created_at, updated_at, category, content, user_id, date, latitude, longitude, max_age, min_age, set_gender, set_limit, title) 
    values
        (?, ?, ?, ?, ?, ?, ?, ?, ?, ?, ?, ?, ?)
Hibernate: 
    select
        user0_.id as id1_10_,
        user0_.created_at as created_2_10_,
        user0_.updated_at as updated_3_10_,
        user0_.age as age4_10_,
        user0_.background_image as backgrou5_10_,
        user0_.email as email6_10_,
        user0_.gender as gender7_10_,
        user0_.hobby as hobby8_10_,
        user0_.introduce as introduc9_10_,
        user0_.job as job10_10_,
        user0_.name as name11_10_,
        user0_.nick_name as nick_na12_10_,
        user0_.phone_num as phone_n13_10_,
        user0_.profile_image as profile14_10_,
        user0_.res_red_number as res_red15_10_,
        user0_.score as score16_10_ 
    from
        user user0_
Hibernate: 
    select
        roles0_.user_id as user_id1_11_0_,
        roles0_.roles as roles2_11_0_ 
    from
        user_roles roles0_ 
    where
        roles0_.user_id=?
Hibernate: 
    select
        roles0_.user_id as user_id1_11_0_,
        roles0_.roles as roles2_11_0_ 
    from
        user_roles roles0_ 
    where
        roles0_.user_id=?
Hibernate: 
    select
        roles0_.user_id as user_id1_11_0_,
        roles0_.roles as roles2_11_0_ 
    from
        user_roles roles0_ 
    where
        roles0_.user_id=?
Hibernate: 
    select
        roles0_.user_id as user_id1_11_0_,
        roles0_.roles as roles2_11_0_ 
    from
        user_roles roles0_ 
    where
        roles0_.user_id=?
Hibernate: 
    select
        roles0_.user_id as user_id1_11_0_,
        roles0_.roles as roles2_11_0_ 
    from
        user_roles roles0_ 
    where
        roles0_.user_id=?
Hibernate: 
    insert 
    into
        meeting_pin
        (created_at, updated_at, category, content, user_id, date, latitude, longitude, max_age, min_age, set_gender, set_limit, title) 
    values
        (?, ?, ?, ?, ?, ?, ?, ?, ?, ?, ?, ?, ?)
Hibernate: 
    select
        user0_.id as id1_10_,
        user0_.created_at as created_2_10_,
        user0_.updated_at as updated_3_10_,
        user0_.age as age4_10_,
        user0_.background_image as backgrou5_10_,
        user0_.email as email6_10_,
        user0_.gender as gender7_10_,
        user0_.hobby as hobby8_10_,
        user0_.introduce as introduc9_10_,
        user0_.job as job10_10_,
        user0_.name as name11_10_,
        user0_.nick_name as nick_na12_10_,
        user0_.phone_num as phone_n13_10_,
        user0_.profile_image as profile14_10_,
        user0_.res_red_number as res_red15_10_,
        user0_.score as score16_10_ 
    from
        user user0_
Hibernate: 
    select
        roles0_.user_id as user_id1_11_0_,
        roles0_.roles as roles2_11_0_ 
    from
        user_roles roles0_ 
    where
        roles0_.user_id=?
Hibernate: 
    select
        roles0_.user_id as user_id1_11_0_,
        roles0_.roles as roles2_11_0_ 
    from
        user_roles roles0_ 
    where
        roles0_.user_id=?
Hibernate: 
    select
        roles0_.user_id as user_id1_11_0_,
        roles0_.roles as roles2_11_0_ 
    from
        user_roles roles0_ 
    where
        roles0_.user_id=?
Hibernate: 
    select
        roles0_.user_id as user_id1_11_0_,
        roles0_.roles as roles2_11_0_ 
    from
        user_roles roles0_ 
    where
        roles0_.user_id=?
Hibernate: 
    select
        roles0_.user_id as user_id1_11_0_,
        roles0_.roles as roles2_11_0_ 
    from
        user_roles roles0_ 
    where
        roles0_.user_id=?
Hibernate: 
    insert 
    into
        meeting_pin
        (created_at, updated_at, category, content, user_id, date, latitude, longitude, max_age, min_age, set_gender, set_limit, title) 
    values
        (?, ?, ?, ?, ?, ?, ?, ?, ?, ?, ?, ?, ?)
Hibernate: 
    select
        user0_.id as id1_10_,
        user0_.created_at as created_2_10_,
        user0_.updated_at as updated_3_10_,
        user0_.age as age4_10_,
        user0_.background_image as backgrou5_10_,
        user0_.email as email6_10_,
        user0_.gender as gender7_10_,
        user0_.hobby as hobby8_10_,
        user0_.introduce as introduc9_10_,
        user0_.job as job10_10_,
        user0_.name as name11_10_,
        user0_.nick_name as nick_na12_10_,
        user0_.phone_num as phone_n13_10_,
        user0_.profile_image as profile14_10_,
        user0_.res_red_number as res_red15_10_,
        user0_.score as score16_10_ 
    from
        user user0_
Hibernate: 
    select
        roles0_.user_id as user_id1_11_0_,
        roles0_.roles as roles2_11_0_ 
    from
        user_roles roles0_ 
    where
        roles0_.user_id=?
Hibernate: 
    select
        roles0_.user_id as user_id1_11_0_,
        roles0_.roles as roles2_11_0_ 
    from
        user_roles roles0_ 
    where
        roles0_.user_id=?
Hibernate: 
    select
        roles0_.user_id as user_id1_11_0_,
        roles0_.roles as roles2_11_0_ 
    from
        user_roles roles0_ 
    where
        roles0_.user_id=?
Hibernate: 
    select
        roles0_.user_id as user_id1_11_0_,
        roles0_.roles as roles2_11_0_ 
    from
        user_roles roles0_ 
    where
        roles0_.user_id=?
Hibernate: 
    select
        roles0_.user_id as user_id1_11_0_,
        roles0_.roles as roles2_11_0_ 
    from
        user_roles roles0_ 
    where
        roles0_.user_id=?
Hibernate: 
    insert 
    into
        meeting_pin
        (created_at, updated_at, category, content, user_id, date, latitude, longitude, max_age, min_age, set_gender, set_limit, title) 
    values
        (?, ?, ?, ?, ?, ?, ?, ?, ?, ?, ?, ?, ?)
Hibernate: 
    select
        user0_.id as id1_10_,
        user0_.created_at as created_2_10_,
        user0_.updated_at as updated_3_10_,
        user0_.age as age4_10_,
        user0_.background_image as backgrou5_10_,
        user0_.email as email6_10_,
        user0_.gender as gender7_10_,
        user0_.hobby as hobby8_10_,
        user0_.introduce as introduc9_10_,
        user0_.job as job10_10_,
        user0_.name as name11_10_,
        user0_.nick_name as nick_na12_10_,
        user0_.phone_num as phone_n13_10_,
        user0_.profile_image as profile14_10_,
        user0_.res_red_number as res_red15_10_,
        user0_.score as score16_10_ 
    from
        user user0_
Hibernate: 
    select
        roles0_.user_id as user_id1_11_0_,
        roles0_.roles as roles2_11_0_ 
    from
        user_roles roles0_ 
    where
        roles0_.user_id=?
Hibernate: 
    select
        roles0_.user_id as user_id1_11_0_,
        roles0_.roles as roles2_11_0_ 
    from
        user_roles roles0_ 
    where
        roles0_.user_id=?
Hibernate: 
    select
        roles0_.user_id as user_id1_11_0_,
        roles0_.roles as roles2_11_0_ 
    from
        user_roles roles0_ 
    where
        roles0_.user_id=?
Hibernate: 
    select
        roles0_.user_id as user_id1_11_0_,
        roles0_.roles as roles2_11_0_ 
    from
        user_roles roles0_ 
    where
        roles0_.user_id=?
Hibernate: 
    select
        roles0_.user_id as user_id1_11_0_,
        roles0_.roles as roles2_11_0_ 
    from
        user_roles roles0_ 
    where
        roles0_.user_id=?
Hibernate: 
    insert 
    into
        meeting_pin
        (created_at, updated_at, category, content, user_id, date, latitude, longitude, max_age, min_age, set_gender, set_limit, title) 
    values
        (?, ?, ?, ?, ?, ?, ?, ?, ?, ?, ?, ?, ?)
Hibernate: 
    select
        user0_.id as id1_10_,
        user0_.created_at as created_2_10_,
        user0_.updated_at as updated_3_10_,
        user0_.age as age4_10_,
        user0_.background_image as backgrou5_10_,
        user0_.email as email6_10_,
        user0_.gender as gender7_10_,
        user0_.hobby as hobby8_10_,
        user0_.introduce as introduc9_10_,
        user0_.job as job10_10_,
        user0_.name as name11_10_,
        user0_.nick_name as nick_na12_10_,
        user0_.phone_num as phone_n13_10_,
        user0_.profile_image as profile14_10_,
        user0_.res_red_number as res_red15_10_,
        user0_.score as score16_10_ 
    from
        user user0_
Hibernate: 
    select
        roles0_.user_id as user_id1_11_0_,
        roles0_.roles as roles2_11_0_ 
    from
        user_roles roles0_ 
    where
        roles0_.user_id=?
Hibernate: 
    select
        roles0_.user_id as user_id1_11_0_,
        roles0_.roles as roles2_11_0_ 
    from
        user_roles roles0_ 
    where
        roles0_.user_id=?
Hibernate: 
    select
        roles0_.user_id as user_id1_11_0_,
        roles0_.roles as roles2_11_0_ 
    from
        user_roles roles0_ 
    where
        roles0_.user_id=?
Hibernate: 
    select
        roles0_.user_id as user_id1_11_0_,
        roles0_.roles as roles2_11_0_ 
    from
        user_roles roles0_ 
    where
        roles0_.user_id=?
Hibernate: 
    select
        roles0_.user_id as user_id1_11_0_,
        roles0_.roles as roles2_11_0_ 
    from
        user_roles roles0_ 
    where
        roles0_.user_id=?
Hibernate: 
    insert 
    into
        meeting_pin
        (created_at, updated_at, category, content, user_id, date, latitude, longitude, max_age, min_age, set_gender, set_limit, title) 
    values
        (?, ?, ?, ?, ?, ?, ?, ?, ?, ?, ?, ?, ?)
Hibernate: 
    select
        user0_.id as id1_10_,
        user0_.created_at as created_2_10_,
        user0_.updated_at as updated_3_10_,
        user0_.age as age4_10_,
        user0_.background_image as backgrou5_10_,
        user0_.email as email6_10_,
        user0_.gender as gender7_10_,
        user0_.hobby as hobby8_10_,
        user0_.introduce as introduc9_10_,
        user0_.job as job10_10_,
        user0_.name as name11_10_,
        user0_.nick_name as nick_na12_10_,
        user0_.phone_num as phone_n13_10_,
        user0_.profile_image as profile14_10_,
        user0_.res_red_number as res_red15_10_,
        user0_.score as score16_10_ 
    from
        user user0_
Hibernate: 
    select
        roles0_.user_id as user_id1_11_0_,
        roles0_.roles as roles2_11_0_ 
    from
        user_roles roles0_ 
    where
        roles0_.user_id=?
Hibernate: 
    select
        roles0_.user_id as user_id1_11_0_,
        roles0_.roles as roles2_11_0_ 
    from
        user_roles roles0_ 
    where
        roles0_.user_id=?
Hibernate: 
    select
        roles0_.user_id as user_id1_11_0_,
        roles0_.roles as roles2_11_0_ 
    from
        user_roles roles0_ 
    where
        roles0_.user_id=?
Hibernate: 
    select
        roles0_.user_id as user_id1_11_0_,
        roles0_.roles as roles2_11_0_ 
    from
        user_roles roles0_ 
    where
        roles0_.user_id=?
Hibernate: 
    select
        roles0_.user_id as user_id1_11_0_,
        roles0_.roles as roles2_11_0_ 
    from
        user_roles roles0_ 
    where
        roles0_.user_id=?
Hibernate: 
    insert 
    into
        meeting_pin
        (created_at, updated_at, category, content, user_id, date, latitude, longitude, max_age, min_age, set_gender, set_limit, title) 
    values
        (?, ?, ?, ?, ?, ?, ?, ?, ?, ?, ?, ?, ?)
Hibernate: 
    select
        user0_.id as id1_10_,
        user0_.created_at as created_2_10_,
        user0_.updated_at as updated_3_10_,
        user0_.age as age4_10_,
        user0_.background_image as backgrou5_10_,
        user0_.email as email6_10_,
        user0_.gender as gender7_10_,
        user0_.hobby as hobby8_10_,
        user0_.introduce as introduc9_10_,
        user0_.job as job10_10_,
        user0_.name as name11_10_,
        user0_.nick_name as nick_na12_10_,
        user0_.phone_num as phone_n13_10_,
        user0_.profile_image as profile14_10_,
        user0_.res_red_number as res_red15_10_,
        user0_.score as score16_10_ 
    from
        user user0_
Hibernate: 
    select
        roles0_.user_id as user_id1_11_0_,
        roles0_.roles as roles2_11_0_ 
    from
        user_roles roles0_ 
    where
        roles0_.user_id=?
Hibernate: 
    select
        roles0_.user_id as user_id1_11_0_,
        roles0_.roles as roles2_11_0_ 
    from
        user_roles roles0_ 
    where
        roles0_.user_id=?
Hibernate: 
    select
        roles0_.user_id as user_id1_11_0_,
        roles0_.roles as roles2_11_0_ 
    from
        user_roles roles0_ 
    where
        roles0_.user_id=?
Hibernate: 
    select
        roles0_.user_id as user_id1_11_0_,
        roles0_.roles as roles2_11_0_ 
    from
        user_roles roles0_ 
    where
        roles0_.user_id=?
Hibernate: 
    select
        roles0_.user_id as user_id1_11_0_,
        roles0_.roles as roles2_11_0_ 
    from
        user_roles roles0_ 
    where
        roles0_.user_id=?
Hibernate: 
    insert 
    into
        meeting_pin
        (created_at, updated_at, category, content, user_id, date, latitude, longitude, max_age, min_age, set_gender, set_limit, title) 
    values
        (?, ?, ?, ?, ?, ?, ?, ?, ?, ?, ?, ?, ?)
Hibernate: 
    select
        user0_.id as id1_10_,
        user0_.created_at as created_2_10_,
        user0_.updated_at as updated_3_10_,
        user0_.age as age4_10_,
        user0_.background_image as backgrou5_10_,
        user0_.email as email6_10_,
        user0_.gender as gender7_10_,
        user0_.hobby as hobby8_10_,
        user0_.introduce as introduc9_10_,
        user0_.job as job10_10_,
        user0_.name as name11_10_,
        user0_.nick_name as nick_na12_10_,
        user0_.phone_num as phone_n13_10_,
        user0_.profile_image as profile14_10_,
        user0_.res_red_number as res_red15_10_,
        user0_.score as score16_10_ 
    from
        user user0_
Hibernate: 
    select
        roles0_.user_id as user_id1_11_0_,
        roles0_.roles as roles2_11_0_ 
    from
        user_roles roles0_ 
    where
        roles0_.user_id=?
Hibernate: 
    select
        roles0_.user_id as user_id1_11_0_,
        roles0_.roles as roles2_11_0_ 
    from
        user_roles roles0_ 
    where
        roles0_.user_id=?
Hibernate: 
    select
        roles0_.user_id as user_id1_11_0_,
        roles0_.roles as roles2_11_0_ 
    from
        user_roles roles0_ 
    where
        roles0_.user_id=?
Hibernate: 
    select
        roles0_.user_id as user_id1_11_0_,
        roles0_.roles as roles2_11_0_ 
    from
        user_roles roles0_ 
    where
        roles0_.user_id=?
Hibernate: 
    select
        roles0_.user_id as user_id1_11_0_,
        roles0_.roles as roles2_11_0_ 
    from
        user_roles roles0_ 
    where
        roles0_.user_id=?
Hibernate: 
    insert 
    into
        meeting_pin
        (created_at, updated_at, category, content, user_id, date, latitude, longitude, max_age, min_age, set_gender, set_limit, title) 
    values
        (?, ?, ?, ?, ?, ?, ?, ?, ?, ?, ?, ?, ?)
Hibernate: 
    select
        user0_.id as id1_10_,
        user0_.created_at as created_2_10_,
        user0_.updated_at as updated_3_10_,
        user0_.age as age4_10_,
        user0_.background_image as backgrou5_10_,
        user0_.email as email6_10_,
        user0_.gender as gender7_10_,
        user0_.hobby as hobby8_10_,
        user0_.introduce as introduc9_10_,
        user0_.job as job10_10_,
        user0_.name as name11_10_,
        user0_.nick_name as nick_na12_10_,
        user0_.phone_num as phone_n13_10_,
        user0_.profile_image as profile14_10_,
        user0_.res_red_number as res_red15_10_,
        user0_.score as score16_10_ 
    from
        user user0_
Hibernate: 
    select
        roles0_.user_id as user_id1_11_0_,
        roles0_.roles as roles2_11_0_ 
    from
        user_roles roles0_ 
    where
        roles0_.user_id=?
Hibernate: 
    select
        roles0_.user_id as user_id1_11_0_,
        roles0_.roles as roles2_11_0_ 
    from
        user_roles roles0_ 
    where
        roles0_.user_id=?
Hibernate: 
    select
        roles0_.user_id as user_id1_11_0_,
        roles0_.roles as roles2_11_0_ 
    from
        user_roles roles0_ 
    where
        roles0_.user_id=?
Hibernate: 
    select
        roles0_.user_id as user_id1_11_0_,
        roles0_.roles as roles2_11_0_ 
    from
        user_roles roles0_ 
    where
        roles0_.user_id=?
Hibernate: 
    select
        roles0_.user_id as user_id1_11_0_,
        roles0_.roles as roles2_11_0_ 
    from
        user_roles roles0_ 
    where
        roles0_.user_id=?
Hibernate: 
    insert 
    into
        meeting_pin
        (created_at, updated_at, category, content, user_id, date, latitude, longitude, max_age, min_age, set_gender, set_limit, title) 
    values
        (?, ?, ?, ?, ?, ?, ?, ?, ?, ?, ?, ?, ?)
Hibernate: 
    select
        user0_.id as id1_10_,
        user0_.created_at as created_2_10_,
        user0_.updated_at as updated_3_10_,
        user0_.age as age4_10_,
        user0_.background_image as backgrou5_10_,
        user0_.email as email6_10_,
        user0_.gender as gender7_10_,
        user0_.hobby as hobby8_10_,
        user0_.introduce as introduc9_10_,
        user0_.job as job10_10_,
        user0_.name as name11_10_,
        user0_.nick_name as nick_na12_10_,
        user0_.phone_num as phone_n13_10_,
        user0_.profile_image as profile14_10_,
        user0_.res_red_number as res_red15_10_,
        user0_.score as score16_10_ 
    from
        user user0_
Hibernate: 
    select
        roles0_.user_id as user_id1_11_0_,
        roles0_.roles as roles2_11_0_ 
    from
        user_roles roles0_ 
    where
        roles0_.user_id=?
Hibernate: 
    select
        roles0_.user_id as user_id1_11_0_,
        roles0_.roles as roles2_11_0_ 
    from
        user_roles roles0_ 
    where
        roles0_.user_id=?
Hibernate: 
    select
        roles0_.user_id as user_id1_11_0_,
        roles0_.roles as roles2_11_0_ 
    from
        user_roles roles0_ 
    where
        roles0_.user_id=?
Hibernate: 
    select
        roles0_.user_id as user_id1_11_0_,
        roles0_.roles as roles2_11_0_ 
    from
        user_roles roles0_ 
    where
        roles0_.user_id=?
Hibernate: 
    select
        roles0_.user_id as user_id1_11_0_,
        roles0_.roles as roles2_11_0_ 
    from
        user_roles roles0_ 
    where
        roles0_.user_id=?
Hibernate: 
    insert 
    into
        meeting_pin
        (created_at, updated_at, category, content, user_id, date, latitude, longitude, max_age, min_age, set_gender, set_limit, title) 
    values
        (?, ?, ?, ?, ?, ?, ?, ?, ?, ?, ?, ?, ?)
Hibernate: 
    select
        user0_.id as id1_10_,
        user0_.created_at as created_2_10_,
        user0_.updated_at as updated_3_10_,
        user0_.age as age4_10_,
        user0_.background_image as backgrou5_10_,
        user0_.email as email6_10_,
        user0_.gender as gender7_10_,
        user0_.hobby as hobby8_10_,
        user0_.introduce as introduc9_10_,
        user0_.job as job10_10_,
        user0_.name as name11_10_,
        user0_.nick_name as nick_na12_10_,
        user0_.phone_num as phone_n13_10_,
        user0_.profile_image as profile14_10_,
        user0_.res_red_number as res_red15_10_,
        user0_.score as score16_10_ 
    from
        user user0_
Hibernate: 
    select
        roles0_.user_id as user_id1_11_0_,
        roles0_.roles as roles2_11_0_ 
    from
        user_roles roles0_ 
    where
        roles0_.user_id=?
Hibernate: 
    select
        roles0_.user_id as user_id1_11_0_,
        roles0_.roles as roles2_11_0_ 
    from
        user_roles roles0_ 
    where
        roles0_.user_id=?
Hibernate: 
    select
        roles0_.user_id as user_id1_11_0_,
        roles0_.roles as roles2_11_0_ 
    from
        user_roles roles0_ 
    where
        roles0_.user_id=?
Hibernate: 
    select
        roles0_.user_id as user_id1_11_0_,
        roles0_.roles as roles2_11_0_ 
    from
        user_roles roles0_ 
    where
        roles0_.user_id=?
Hibernate: 
    select
        roles0_.user_id as user_id1_11_0_,
        roles0_.roles as roles2_11_0_ 
    from
        user_roles roles0_ 
    where
        roles0_.user_id=?
Hibernate: 
    insert 
    into
        meeting_pin
        (created_at, updated_at, category, content, user_id, date, latitude, longitude, max_age, min_age, set_gender, set_limit, title) 
    values
        (?, ?, ?, ?, ?, ?, ?, ?, ?, ?, ?, ?, ?)
Hibernate: 
    select
        user0_.id as id1_10_,
        user0_.created_at as created_2_10_,
        user0_.updated_at as updated_3_10_,
        user0_.age as age4_10_,
        user0_.background_image as backgrou5_10_,
        user0_.email as email6_10_,
        user0_.gender as gender7_10_,
        user0_.hobby as hobby8_10_,
        user0_.introduce as introduc9_10_,
        user0_.job as job10_10_,
        user0_.name as name11_10_,
        user0_.nick_name as nick_na12_10_,
        user0_.phone_num as phone_n13_10_,
        user0_.profile_image as profile14_10_,
        user0_.res_red_number as res_red15_10_,
        user0_.score as score16_10_ 
    from
        user user0_
Hibernate: 
    select
        roles0_.user_id as user_id1_11_0_,
        roles0_.roles as roles2_11_0_ 
    from
        user_roles roles0_ 
    where
        roles0_.user_id=?
Hibernate: 
    select
        roles0_.user_id as user_id1_11_0_,
        roles0_.roles as roles2_11_0_ 
    from
        user_roles roles0_ 
    where
        roles0_.user_id=?
Hibernate: 
    select
        roles0_.user_id as user_id1_11_0_,
        roles0_.roles as roles2_11_0_ 
    from
        user_roles roles0_ 
    where
        roles0_.user_id=?
Hibernate: 
    select
        roles0_.user_id as user_id1_11_0_,
        roles0_.roles as roles2_11_0_ 
    from
        user_roles roles0_ 
    where
        roles0_.user_id=?
Hibernate: 
    select
        roles0_.user_id as user_id1_11_0_,
        roles0_.roles as roles2_11_0_ 
    from
        user_roles roles0_ 
    where
        roles0_.user_id=?
Hibernate: 
    insert 
    into
        meeting_pin
        (created_at, updated_at, category, content, user_id, date, latitude, longitude, max_age, min_age, set_gender, set_limit, title) 
    values
        (?, ?, ?, ?, ?, ?, ?, ?, ?, ?, ?, ?, ?)
Hibernate: 
    select
        user0_.id as id1_10_,
        user0_.created_at as created_2_10_,
        user0_.updated_at as updated_3_10_,
        user0_.age as age4_10_,
        user0_.background_image as backgrou5_10_,
        user0_.email as email6_10_,
        user0_.gender as gender7_10_,
        user0_.hobby as hobby8_10_,
        user0_.introduce as introduc9_10_,
        user0_.job as job10_10_,
        user0_.name as name11_10_,
        user0_.nick_name as nick_na12_10_,
        user0_.phone_num as phone_n13_10_,
        user0_.profile_image as profile14_10_,
        user0_.res_red_number as res_red15_10_,
        user0_.score as score16_10_ 
    from
        user user0_
Hibernate: 
    select
        roles0_.user_id as user_id1_11_0_,
        roles0_.roles as roles2_11_0_ 
    from
        user_roles roles0_ 
    where
        roles0_.user_id=?
Hibernate: 
    select
        roles0_.user_id as user_id1_11_0_,
        roles0_.roles as roles2_11_0_ 
    from
        user_roles roles0_ 
    where
        roles0_.user_id=?
Hibernate: 
    select
        roles0_.user_id as user_id1_11_0_,
        roles0_.roles as roles2_11_0_ 
    from
        user_roles roles0_ 
    where
        roles0_.user_id=?
Hibernate: 
    select
        roles0_.user_id as user_id1_11_0_,
        roles0_.roles as roles2_11_0_ 
    from
        user_roles roles0_ 
    where
        roles0_.user_id=?
Hibernate: 
    select
        roles0_.user_id as user_id1_11_0_,
        roles0_.roles as roles2_11_0_ 
    from
        user_roles roles0_ 
    where
        roles0_.user_id=?
Hibernate: 
    insert 
    into
        meeting_pin
        (created_at, updated_at, category, content, user_id, date, latitude, longitude, max_age, min_age, set_gender, set_limit, title) 
    values
        (?, ?, ?, ?, ?, ?, ?, ?, ?, ?, ?, ?, ?)
Hibernate: 
    select
        user0_.id as id1_10_,
        user0_.created_at as created_2_10_,
        user0_.updated_at as updated_3_10_,
        user0_.age as age4_10_,
        user0_.background_image as backgrou5_10_,
        user0_.email as email6_10_,
        user0_.gender as gender7_10_,
        user0_.hobby as hobby8_10_,
        user0_.introduce as introduc9_10_,
        user0_.job as job10_10_,
        user0_.name as name11_10_,
        user0_.nick_name as nick_na12_10_,
        user0_.phone_num as phone_n13_10_,
        user0_.profile_image as profile14_10_,
        user0_.res_red_number as res_red15_10_,
        user0_.score as score16_10_ 
    from
        user user0_
Hibernate: 
    select
        roles0_.user_id as user_id1_11_0_,
        roles0_.roles as roles2_11_0_ 
    from
        user_roles roles0_ 
    where
        roles0_.user_id=?
Hibernate: 
    select
        roles0_.user_id as user_id1_11_0_,
        roles0_.roles as roles2_11_0_ 
    from
        user_roles roles0_ 
    where
        roles0_.user_id=?
Hibernate: 
    select
        roles0_.user_id as user_id1_11_0_,
        roles0_.roles as roles2_11_0_ 
    from
        user_roles roles0_ 
    where
        roles0_.user_id=?
Hibernate: 
    select
        roles0_.user_id as user_id1_11_0_,
        roles0_.roles as roles2_11_0_ 
    from
        user_roles roles0_ 
    where
        roles0_.user_id=?
Hibernate: 
    select
        roles0_.user_id as user_id1_11_0_,
        roles0_.roles as roles2_11_0_ 
    from
        user_roles roles0_ 
    where
        roles0_.user_id=?
Hibernate: 
    insert 
    into
        meeting_pin
        (created_at, updated_at, category, content, user_id, date, latitude, longitude, max_age, min_age, set_gender, set_limit, title) 
    values
        (?, ?, ?, ?, ?, ?, ?, ?, ?, ?, ?, ?, ?)
Hibernate: 
    select
        user0_.id as id1_10_,
        user0_.created_at as created_2_10_,
        user0_.updated_at as updated_3_10_,
        user0_.age as age4_10_,
        user0_.background_image as backgrou5_10_,
        user0_.email as email6_10_,
        user0_.gender as gender7_10_,
        user0_.hobby as hobby8_10_,
        user0_.introduce as introduc9_10_,
        user0_.job as job10_10_,
        user0_.name as name11_10_,
        user0_.nick_name as nick_na12_10_,
        user0_.phone_num as phone_n13_10_,
        user0_.profile_image as profile14_10_,
        user0_.res_red_number as res_red15_10_,
        user0_.score as score16_10_ 
    from
        user user0_
Hibernate: 
    select
        roles0_.user_id as user_id1_11_0_,
        roles0_.roles as roles2_11_0_ 
    from
        user_roles roles0_ 
    where
        roles0_.user_id=?
Hibernate: 
    select
        roles0_.user_id as user_id1_11_0_,
        roles0_.roles as roles2_11_0_ 
    from
        user_roles roles0_ 
    where
        roles0_.user_id=?
Hibernate: 
    select
        roles0_.user_id as user_id1_11_0_,
        roles0_.roles as roles2_11_0_ 
    from
        user_roles roles0_ 
    where
        roles0_.user_id=?
Hibernate: 
    select
        roles0_.user_id as user_id1_11_0_,
        roles0_.roles as roles2_11_0_ 
    from
        user_roles roles0_ 
    where
        roles0_.user_id=?
Hibernate: 
    select
        roles0_.user_id as user_id1_11_0_,
        roles0_.roles as roles2_11_0_ 
    from
        user_roles roles0_ 
    where
        roles0_.user_id=?
Hibernate: 
    insert 
    into
        meeting_pin
        (created_at, updated_at, category, content, user_id, date, latitude, longitude, max_age, min_age, set_gender, set_limit, title) 
    values
        (?, ?, ?, ?, ?, ?, ?, ?, ?, ?, ?, ?, ?)
Hibernate: 
    select
        user0_.id as id1_10_,
        user0_.created_at as created_2_10_,
        user0_.updated_at as updated_3_10_,
        user0_.age as age4_10_,
        user0_.background_image as backgrou5_10_,
        user0_.email as email6_10_,
        user0_.gender as gender7_10_,
        user0_.hobby as hobby8_10_,
        user0_.introduce as introduc9_10_,
        user0_.job as job10_10_,
        user0_.name as name11_10_,
        user0_.nick_name as nick_na12_10_,
        user0_.phone_num as phone_n13_10_,
        user0_.profile_image as profile14_10_,
        user0_.res_red_number as res_red15_10_,
        user0_.score as score16_10_ 
    from
        user user0_
Hibernate: 
    select
        roles0_.user_id as user_id1_11_0_,
        roles0_.roles as roles2_11_0_ 
    from
        user_roles roles0_ 
    where
        roles0_.user_id=?
Hibernate: 
    select
        roles0_.user_id as user_id1_11_0_,
        roles0_.roles as roles2_11_0_ 
    from
        user_roles roles0_ 
    where
        roles0_.user_id=?
Hibernate: 
    select
        roles0_.user_id as user_id1_11_0_,
        roles0_.roles as roles2_11_0_ 
    from
        user_roles roles0_ 
    where
        roles0_.user_id=?
Hibernate: 
    select
        roles0_.user_id as user_id1_11_0_,
        roles0_.roles as roles2_11_0_ 
    from
        user_roles roles0_ 
    where
        roles0_.user_id=?
Hibernate: 
    select
        roles0_.user_id as user_id1_11_0_,
        roles0_.roles as roles2_11_0_ 
    from
        user_roles roles0_ 
    where
        roles0_.user_id=?
Hibernate: 
    insert 
    into
        meeting_pin
        (created_at, updated_at, category, content, user_id, date, latitude, longitude, max_age, min_age, set_gender, set_limit, title) 
    values
        (?, ?, ?, ?, ?, ?, ?, ?, ?, ?, ?, ?, ?)
Hibernate: 
    select
        user0_.id as id1_10_,
        user0_.created_at as created_2_10_,
        user0_.updated_at as updated_3_10_,
        user0_.age as age4_10_,
        user0_.background_image as backgrou5_10_,
        user0_.email as email6_10_,
        user0_.gender as gender7_10_,
        user0_.hobby as hobby8_10_,
        user0_.introduce as introduc9_10_,
        user0_.job as job10_10_,
        user0_.name as name11_10_,
        user0_.nick_name as nick_na12_10_,
        user0_.phone_num as phone_n13_10_,
        user0_.profile_image as profile14_10_,
        user0_.res_red_number as res_red15_10_,
        user0_.score as score16_10_ 
    from
        user user0_
Hibernate: 
    select
        roles0_.user_id as user_id1_11_0_,
        roles0_.roles as roles2_11_0_ 
    from
        user_roles roles0_ 
    where
        roles0_.user_id=?
Hibernate: 
    select
        roles0_.user_id as user_id1_11_0_,
        roles0_.roles as roles2_11_0_ 
    from
        user_roles roles0_ 
    where
        roles0_.user_id=?
Hibernate: 
    select
        roles0_.user_id as user_id1_11_0_,
        roles0_.roles as roles2_11_0_ 
    from
        user_roles roles0_ 
    where
        roles0_.user_id=?
Hibernate: 
    select
        roles0_.user_id as user_id1_11_0_,
        roles0_.roles as roles2_11_0_ 
    from
        user_roles roles0_ 
    where
        roles0_.user_id=?
Hibernate: 
    select
        roles0_.user_id as user_id1_11_0_,
        roles0_.roles as roles2_11_0_ 
    from
        user_roles roles0_ 
    where
        roles0_.user_id=?
Hibernate: 
    insert 
    into
        meeting_pin
        (created_at, updated_at, category, content, user_id, date, latitude, longitude, max_age, min_age, set_gender, set_limit, title) 
    values
        (?, ?, ?, ?, ?, ?, ?, ?, ?, ?, ?, ?, ?)
Hibernate: 
    select
        user0_.id as id1_10_,
        user0_.created_at as created_2_10_,
        user0_.updated_at as updated_3_10_,
        user0_.age as age4_10_,
        user0_.background_image as backgrou5_10_,
        user0_.email as email6_10_,
        user0_.gender as gender7_10_,
        user0_.hobby as hobby8_10_,
        user0_.introduce as introduc9_10_,
        user0_.job as job10_10_,
        user0_.name as name11_10_,
        user0_.nick_name as nick_na12_10_,
        user0_.phone_num as phone_n13_10_,
        user0_.profile_image as profile14_10_,
        user0_.res_red_number as res_red15_10_,
        user0_.score as score16_10_ 
    from
        user user0_
Hibernate: 
    select
        roles0_.user_id as user_id1_11_0_,
        roles0_.roles as roles2_11_0_ 
    from
        user_roles roles0_ 
    where
        roles0_.user_id=?
Hibernate: 
    select
        roles0_.user_id as user_id1_11_0_,
        roles0_.roles as roles2_11_0_ 
    from
        user_roles roles0_ 
    where
        roles0_.user_id=?
Hibernate: 
    select
        roles0_.user_id as user_id1_11_0_,
        roles0_.roles as roles2_11_0_ 
    from
        user_roles roles0_ 
    where
        roles0_.user_id=?
Hibernate: 
    select
        roles0_.user_id as user_id1_11_0_,
        roles0_.roles as roles2_11_0_ 
    from
        user_roles roles0_ 
    where
        roles0_.user_id=?
Hibernate: 
    select
        roles0_.user_id as user_id1_11_0_,
        roles0_.roles as roles2_11_0_ 
    from
        user_roles roles0_ 
    where
        roles0_.user_id=?
Hibernate: 
    insert 
    into
        meeting_pin
        (created_at, updated_at, category, content, user_id, date, latitude, longitude, max_age, min_age, set_gender, set_limit, title) 
    values
        (?, ?, ?, ?, ?, ?, ?, ?, ?, ?, ?, ?, ?)
Hibernate: 
    select
        user0_.id as id1_10_,
        user0_.created_at as created_2_10_,
        user0_.updated_at as updated_3_10_,
        user0_.age as age4_10_,
        user0_.background_image as backgrou5_10_,
        user0_.email as email6_10_,
        user0_.gender as gender7_10_,
        user0_.hobby as hobby8_10_,
        user0_.introduce as introduc9_10_,
        user0_.job as job10_10_,
        user0_.name as name11_10_,
        user0_.nick_name as nick_na12_10_,
        user0_.phone_num as phone_n13_10_,
        user0_.profile_image as profile14_10_,
        user0_.res_red_number as res_red15_10_,
        user0_.score as score16_10_ 
    from
        user user0_
Hibernate: 
    select
        roles0_.user_id as user_id1_11_0_,
        roles0_.roles as roles2_11_0_ 
    from
        user_roles roles0_ 
    where
        roles0_.user_id=?
Hibernate: 
    select
        roles0_.user_id as user_id1_11_0_,
        roles0_.roles as roles2_11_0_ 
    from
        user_roles roles0_ 
    where
        roles0_.user_id=?
Hibernate: 
    select
        roles0_.user_id as user_id1_11_0_,
        roles0_.roles as roles2_11_0_ 
    from
        user_roles roles0_ 
    where
        roles0_.user_id=?
Hibernate: 
    select
        roles0_.user_id as user_id1_11_0_,
        roles0_.roles as roles2_11_0_ 
    from
        user_roles roles0_ 
    where
        roles0_.user_id=?
Hibernate: 
    select
        roles0_.user_id as user_id1_11_0_,
        roles0_.roles as roles2_11_0_ 
    from
        user_roles roles0_ 
    where
        roles0_.user_id=?
Hibernate: 
    insert 
    into
        meeting_pin
        (created_at, updated_at, category, content, user_id, date, latitude, longitude, max_age, min_age, set_gender, set_limit, title) 
    values
        (?, ?, ?, ?, ?, ?, ?, ?, ?, ?, ?, ?, ?)
Hibernate: 
    select
        user0_.id as id1_10_,
        user0_.created_at as created_2_10_,
        user0_.updated_at as updated_3_10_,
        user0_.age as age4_10_,
        user0_.background_image as backgrou5_10_,
        user0_.email as email6_10_,
        user0_.gender as gender7_10_,
        user0_.hobby as hobby8_10_,
        user0_.introduce as introduc9_10_,
        user0_.job as job10_10_,
        user0_.name as name11_10_,
        user0_.nick_name as nick_na12_10_,
        user0_.phone_num as phone_n13_10_,
        user0_.profile_image as profile14_10_,
        user0_.res_red_number as res_red15_10_,
        user0_.score as score16_10_ 
    from
        user user0_
Hibernate: 
    select
        roles0_.user_id as user_id1_11_0_,
        roles0_.roles as roles2_11_0_ 
    from
        user_roles roles0_ 
    where
        roles0_.user_id=?
Hibernate: 
    select
        roles0_.user_id as user_id1_11_0_,
        roles0_.roles as roles2_11_0_ 
    from
        user_roles roles0_ 
    where
        roles0_.user_id=?
Hibernate: 
    select
        roles0_.user_id as user_id1_11_0_,
        roles0_.roles as roles2_11_0_ 
    from
        user_roles roles0_ 
    where
        roles0_.user_id=?
Hibernate: 
    select
        roles0_.user_id as user_id1_11_0_,
        roles0_.roles as roles2_11_0_ 
    from
        user_roles roles0_ 
    where
        roles0_.user_id=?
Hibernate: 
    select
        roles0_.user_id as user_id1_11_0_,
        roles0_.roles as roles2_11_0_ 
    from
        user_roles roles0_ 
    where
        roles0_.user_id=?
Hibernate: 
    insert 
    into
        meeting_pin
        (created_at, updated_at, category, content, user_id, date, latitude, longitude, max_age, min_age, set_gender, set_limit, title) 
    values
        (?, ?, ?, ?, ?, ?, ?, ?, ?, ?, ?, ?, ?)
Hibernate: 
    select
        user0_.id as id1_10_,
        user0_.created_at as created_2_10_,
        user0_.updated_at as updated_3_10_,
        user0_.age as age4_10_,
        user0_.background_image as backgrou5_10_,
        user0_.email as email6_10_,
        user0_.gender as gender7_10_,
        user0_.hobby as hobby8_10_,
        user0_.introduce as introduc9_10_,
        user0_.job as job10_10_,
        user0_.name as name11_10_,
        user0_.nick_name as nick_na12_10_,
        user0_.phone_num as phone_n13_10_,
        user0_.profile_image as profile14_10_,
        user0_.res_red_number as res_red15_10_,
        user0_.score as score16_10_ 
    from
        user user0_
Hibernate: 
    select
        roles0_.user_id as user_id1_11_0_,
        roles0_.roles as roles2_11_0_ 
    from
        user_roles roles0_ 
    where
        roles0_.user_id=?
Hibernate: 
    select
        roles0_.user_id as user_id1_11_0_,
        roles0_.roles as roles2_11_0_ 
    from
        user_roles roles0_ 
    where
        roles0_.user_id=?
Hibernate: 
    select
        roles0_.user_id as user_id1_11_0_,
        roles0_.roles as roles2_11_0_ 
    from
        user_roles roles0_ 
    where
        roles0_.user_id=?
Hibernate: 
    select
        roles0_.user_id as user_id1_11_0_,
        roles0_.roles as roles2_11_0_ 
    from
        user_roles roles0_ 
    where
        roles0_.user_id=?
Hibernate: 
    select
        roles0_.user_id as user_id1_11_0_,
        roles0_.roles as roles2_11_0_ 
    from
        user_roles roles0_ 
    where
        roles0_.user_id=?
Hibernate: 
    insert 
    into
        meeting_pin
        (created_at, updated_at, category, content, user_id, date, latitude, longitude, max_age, min_age, set_gender, set_limit, title) 
    values
        (?, ?, ?, ?, ?, ?, ?, ?, ?, ?, ?, ?, ?)
Hibernate: 
    select
        user0_.id as id1_10_,
        user0_.created_at as created_2_10_,
        user0_.updated_at as updated_3_10_,
        user0_.age as age4_10_,
        user0_.background_image as backgrou5_10_,
        user0_.email as email6_10_,
        user0_.gender as gender7_10_,
        user0_.hobby as hobby8_10_,
        user0_.introduce as introduc9_10_,
        user0_.job as job10_10_,
        user0_.name as name11_10_,
        user0_.nick_name as nick_na12_10_,
        user0_.phone_num as phone_n13_10_,
        user0_.profile_image as profile14_10_,
        user0_.res_red_number as res_red15_10_,
        user0_.score as score16_10_ 
    from
        user user0_
Hibernate: 
    select
        roles0_.user_id as user_id1_11_0_,
        roles0_.roles as roles2_11_0_ 
    from
        user_roles roles0_ 
    where
        roles0_.user_id=?
Hibernate: 
    select
        roles0_.user_id as user_id1_11_0_,
        roles0_.roles as roles2_11_0_ 
    from
        user_roles roles0_ 
    where
        roles0_.user_id=?
Hibernate: 
    select
        roles0_.user_id as user_id1_11_0_,
        roles0_.roles as roles2_11_0_ 
    from
        user_roles roles0_ 
    where
        roles0_.user_id=?
Hibernate: 
    select
        roles0_.user_id as user_id1_11_0_,
        roles0_.roles as roles2_11_0_ 
    from
        user_roles roles0_ 
    where
        roles0_.user_id=?
Hibernate: 
    select
        roles0_.user_id as user_id1_11_0_,
        roles0_.roles as roles2_11_0_ 
    from
        user_roles roles0_ 
    where
        roles0_.user_id=?
Hibernate: 
    insert 
    into
        meeting_pin
        (created_at, updated_at, category, content, user_id, date, latitude, longitude, max_age, min_age, set_gender, set_limit, title) 
    values
        (?, ?, ?, ?, ?, ?, ?, ?, ?, ?, ?, ?, ?)
Hibernate: 
    select
        user0_.id as id1_10_,
        user0_.created_at as created_2_10_,
        user0_.updated_at as updated_3_10_,
        user0_.age as age4_10_,
        user0_.background_image as backgrou5_10_,
        user0_.email as email6_10_,
        user0_.gender as gender7_10_,
        user0_.hobby as hobby8_10_,
        user0_.introduce as introduc9_10_,
        user0_.job as job10_10_,
        user0_.name as name11_10_,
        user0_.nick_name as nick_na12_10_,
        user0_.phone_num as phone_n13_10_,
        user0_.profile_image as profile14_10_,
        user0_.res_red_number as res_red15_10_,
        user0_.score as score16_10_ 
    from
        user user0_
Hibernate: 
    select
        roles0_.user_id as user_id1_11_0_,
        roles0_.roles as roles2_11_0_ 
    from
        user_roles roles0_ 
    where
        roles0_.user_id=?
Hibernate: 
    select
        roles0_.user_id as user_id1_11_0_,
        roles0_.roles as roles2_11_0_ 
    from
        user_roles roles0_ 
    where
        roles0_.user_id=?
Hibernate: 
    select
        roles0_.user_id as user_id1_11_0_,
        roles0_.roles as roles2_11_0_ 
    from
        user_roles roles0_ 
    where
        roles0_.user_id=?
Hibernate: 
    select
        roles0_.user_id as user_id1_11_0_,
        roles0_.roles as roles2_11_0_ 
    from
        user_roles roles0_ 
    where
        roles0_.user_id=?
Hibernate: 
    select
        roles0_.user_id as user_id1_11_0_,
        roles0_.roles as roles2_11_0_ 
    from
        user_roles roles0_ 
    where
        roles0_.user_id=?
Hibernate: 
    insert 
    into
        meeting_pin
        (created_at, updated_at, category, content, user_id, date, latitude, longitude, max_age, min_age, set_gender, set_limit, title) 
    values
        (?, ?, ?, ?, ?, ?, ?, ?, ?, ?, ?, ?, ?)
Hibernate: 
    select
        user0_.id as id1_10_,
        user0_.created_at as created_2_10_,
        user0_.updated_at as updated_3_10_,
        user0_.age as age4_10_,
        user0_.background_image as backgrou5_10_,
        user0_.email as email6_10_,
        user0_.gender as gender7_10_,
        user0_.hobby as hobby8_10_,
        user0_.introduce as introduc9_10_,
        user0_.job as job10_10_,
        user0_.name as name11_10_,
        user0_.nick_name as nick_na12_10_,
        user0_.phone_num as phone_n13_10_,
        user0_.profile_image as profile14_10_,
        user0_.res_red_number as res_red15_10_,
        user0_.score as score16_10_ 
    from
        user user0_
Hibernate: 
    select
        roles0_.user_id as user_id1_11_0_,
        roles0_.roles as roles2_11_0_ 
    from
        user_roles roles0_ 
    where
        roles0_.user_id=?
Hibernate: 
    select
        roles0_.user_id as user_id1_11_0_,
        roles0_.roles as roles2_11_0_ 
    from
        user_roles roles0_ 
    where
        roles0_.user_id=?
Hibernate: 
    select
        roles0_.user_id as user_id1_11_0_,
        roles0_.roles as roles2_11_0_ 
    from
        user_roles roles0_ 
    where
        roles0_.user_id=?
Hibernate: 
    select
        roles0_.user_id as user_id1_11_0_,
        roles0_.roles as roles2_11_0_ 
    from
        user_roles roles0_ 
    where
        roles0_.user_id=?
Hibernate: 
    select
        roles0_.user_id as user_id1_11_0_,
        roles0_.roles as roles2_11_0_ 
    from
        user_roles roles0_ 
    where
        roles0_.user_id=?
Hibernate: 
    insert 
    into
        meeting_pin
        (created_at, updated_at, category, content, user_id, date, latitude, longitude, max_age, min_age, set_gender, set_limit, title) 
    values
        (?, ?, ?, ?, ?, ?, ?, ?, ?, ?, ?, ?, ?)
Hibernate: 
    select
        user0_.id as id1_10_,
        user0_.created_at as created_2_10_,
        user0_.updated_at as updated_3_10_,
        user0_.age as age4_10_,
        user0_.background_image as backgrou5_10_,
        user0_.email as email6_10_,
        user0_.gender as gender7_10_,
        user0_.hobby as hobby8_10_,
        user0_.introduce as introduc9_10_,
        user0_.job as job10_10_,
        user0_.name as name11_10_,
        user0_.nick_name as nick_na12_10_,
        user0_.phone_num as phone_n13_10_,
        user0_.profile_image as profile14_10_,
        user0_.res_red_number as res_red15_10_,
        user0_.score as score16_10_ 
    from
        user user0_
Hibernate: 
    select
        roles0_.user_id as user_id1_11_0_,
        roles0_.roles as roles2_11_0_ 
    from
        user_roles roles0_ 
    where
        roles0_.user_id=?
Hibernate: 
    select
        roles0_.user_id as user_id1_11_0_,
        roles0_.roles as roles2_11_0_ 
    from
        user_roles roles0_ 
    where
        roles0_.user_id=?
Hibernate: 
    select
        roles0_.user_id as user_id1_11_0_,
        roles0_.roles as roles2_11_0_ 
    from
        user_roles roles0_ 
    where
        roles0_.user_id=?
Hibernate: 
    select
        roles0_.user_id as user_id1_11_0_,
        roles0_.roles as roles2_11_0_ 
    from
        user_roles roles0_ 
    where
        roles0_.user_id=?
Hibernate: 
    select
        roles0_.user_id as user_id1_11_0_,
        roles0_.roles as roles2_11_0_ 
    from
        user_roles roles0_ 
    where
        roles0_.user_id=?
Hibernate: 
    insert 
    into
        meeting_pin
        (created_at, updated_at, category, content, user_id, date, latitude, longitude, max_age, min_age, set_gender, set_limit, title) 
    values
        (?, ?, ?, ?, ?, ?, ?, ?, ?, ?, ?, ?, ?)
Hibernate: 
    select
        user0_.id as id1_10_,
        user0_.created_at as created_2_10_,
        user0_.updated_at as updated_3_10_,
        user0_.age as age4_10_,
        user0_.background_image as backgrou5_10_,
        user0_.email as email6_10_,
        user0_.gender as gender7_10_,
        user0_.hobby as hobby8_10_,
        user0_.introduce as introduc9_10_,
        user0_.job as job10_10_,
        user0_.name as name11_10_,
        user0_.nick_name as nick_na12_10_,
        user0_.phone_num as phone_n13_10_,
        user0_.profile_image as profile14_10_,
        user0_.res_red_number as res_red15_10_,
        user0_.score as score16_10_ 
    from
        user user0_
Hibernate: 
    select
        roles0_.user_id as user_id1_11_0_,
        roles0_.roles as roles2_11_0_ 
    from
        user_roles roles0_ 
    where
        roles0_.user_id=?
Hibernate: 
    select
        roles0_.user_id as user_id1_11_0_,
        roles0_.roles as roles2_11_0_ 
    from
        user_roles roles0_ 
    where
        roles0_.user_id=?
Hibernate: 
    select
        roles0_.user_id as user_id1_11_0_,
        roles0_.roles as roles2_11_0_ 
    from
        user_roles roles0_ 
    where
        roles0_.user_id=?
Hibernate: 
    select
        roles0_.user_id as user_id1_11_0_,
        roles0_.roles as roles2_11_0_ 
    from
        user_roles roles0_ 
    where
        roles0_.user_id=?
Hibernate: 
    select
        roles0_.user_id as user_id1_11_0_,
        roles0_.roles as roles2_11_0_ 
    from
        user_roles roles0_ 
    where
        roles0_.user_id=?
Hibernate: 
    insert 
    into
        meeting_pin
        (created_at, updated_at, category, content, user_id, date, latitude, longitude, max_age, min_age, set_gender, set_limit, title) 
    values
        (?, ?, ?, ?, ?, ?, ?, ?, ?, ?, ?, ?, ?)
Hibernate: 
    select
        user0_.id as id1_10_,
        user0_.created_at as created_2_10_,
        user0_.updated_at as updated_3_10_,
        user0_.age as age4_10_,
        user0_.background_image as backgrou5_10_,
        user0_.email as email6_10_,
        user0_.gender as gender7_10_,
        user0_.hobby as hobby8_10_,
        user0_.introduce as introduc9_10_,
        user0_.job as job10_10_,
        user0_.name as name11_10_,
        user0_.nick_name as nick_na12_10_,
        user0_.phone_num as phone_n13_10_,
        user0_.profile_image as profile14_10_,
        user0_.res_red_number as res_red15_10_,
        user0_.score as score16_10_ 
    from
        user user0_
Hibernate: 
    select
        roles0_.user_id as user_id1_11_0_,
        roles0_.roles as roles2_11_0_ 
    from
        user_roles roles0_ 
    where
        roles0_.user_id=?
Hibernate: 
    select
        roles0_.user_id as user_id1_11_0_,
        roles0_.roles as roles2_11_0_ 
    from
        user_roles roles0_ 
    where
        roles0_.user_id=?
Hibernate: 
    select
        roles0_.user_id as user_id1_11_0_,
        roles0_.roles as roles2_11_0_ 
    from
        user_roles roles0_ 
    where
        roles0_.user_id=?
Hibernate: 
    select
        roles0_.user_id as user_id1_11_0_,
        roles0_.roles as roles2_11_0_ 
    from
        user_roles roles0_ 
    where
        roles0_.user_id=?
Hibernate: 
    select
        roles0_.user_id as user_id1_11_0_,
        roles0_.roles as roles2_11_0_ 
    from
        user_roles roles0_ 
    where
        roles0_.user_id=?
Hibernate: 
    insert 
    into
        meeting_pin
        (created_at, updated_at, category, content, user_id, date, latitude, longitude, max_age, min_age, set_gender, set_limit, title) 
    values
        (?, ?, ?, ?, ?, ?, ?, ?, ?, ?, ?, ?, ?)
Hibernate: 
    select
        user0_.id as id1_10_,
        user0_.created_at as created_2_10_,
        user0_.updated_at as updated_3_10_,
        user0_.age as age4_10_,
        user0_.background_image as backgrou5_10_,
        user0_.email as email6_10_,
        user0_.gender as gender7_10_,
        user0_.hobby as hobby8_10_,
        user0_.introduce as introduc9_10_,
        user0_.job as job10_10_,
        user0_.name as name11_10_,
        user0_.nick_name as nick_na12_10_,
        user0_.phone_num as phone_n13_10_,
        user0_.profile_image as profile14_10_,
        user0_.res_red_number as res_red15_10_,
        user0_.score as score16_10_ 
    from
        user user0_
Hibernate: 
    select
        roles0_.user_id as user_id1_11_0_,
        roles0_.roles as roles2_11_0_ 
    from
        user_roles roles0_ 
    where
        roles0_.user_id=?
Hibernate: 
    select
        roles0_.user_id as user_id1_11_0_,
        roles0_.roles as roles2_11_0_ 
    from
        user_roles roles0_ 
    where
        roles0_.user_id=?
Hibernate: 
    select
        roles0_.user_id as user_id1_11_0_,
        roles0_.roles as roles2_11_0_ 
    from
        user_roles roles0_ 
    where
        roles0_.user_id=?
Hibernate: 
    select
        roles0_.user_id as user_id1_11_0_,
        roles0_.roles as roles2_11_0_ 
    from
        user_roles roles0_ 
    where
        roles0_.user_id=?
Hibernate: 
    select
        roles0_.user_id as user_id1_11_0_,
        roles0_.roles as roles2_11_0_ 
    from
        user_roles roles0_ 
    where
        roles0_.user_id=?
Hibernate: 
    insert 
    into
        meeting_pin
        (created_at, updated_at, category, content, user_id, date, latitude, longitude, max_age, min_age, set_gender, set_limit, title) 
    values
        (?, ?, ?, ?, ?, ?, ?, ?, ?, ?, ?, ?, ?)
Hibernate: 
    select
        user0_.id as id1_10_,
        user0_.created_at as created_2_10_,
        user0_.updated_at as updated_3_10_,
        user0_.age as age4_10_,
        user0_.background_image as backgrou5_10_,
        user0_.email as email6_10_,
        user0_.gender as gender7_10_,
        user0_.hobby as hobby8_10_,
        user0_.introduce as introduc9_10_,
        user0_.job as job10_10_,
        user0_.name as name11_10_,
        user0_.nick_name as nick_na12_10_,
        user0_.phone_num as phone_n13_10_,
        user0_.profile_image as profile14_10_,
        user0_.res_red_number as res_red15_10_,
        user0_.score as score16_10_ 
    from
        user user0_
Hibernate: 
    select
        roles0_.user_id as user_id1_11_0_,
        roles0_.roles as roles2_11_0_ 
    from
        user_roles roles0_ 
    where
        roles0_.user_id=?
Hibernate: 
    select
        roles0_.user_id as user_id1_11_0_,
        roles0_.roles as roles2_11_0_ 
    from
        user_roles roles0_ 
    where
        roles0_.user_id=?
Hibernate: 
    select
        roles0_.user_id as user_id1_11_0_,
        roles0_.roles as roles2_11_0_ 
    from
        user_roles roles0_ 
    where
        roles0_.user_id=?
Hibernate: 
    select
        roles0_.user_id as user_id1_11_0_,
        roles0_.roles as roles2_11_0_ 
    from
        user_roles roles0_ 
    where
        roles0_.user_id=?
Hibernate: 
    select
        roles0_.user_id as user_id1_11_0_,
        roles0_.roles as roles2_11_0_ 
    from
        user_roles roles0_ 
    where
        roles0_.user_id=?
Hibernate: 
    insert 
    into
        meeting_pin
        (created_at, updated_at, category, content, user_id, date, latitude, longitude, max_age, min_age, set_gender, set_limit, title) 
    values
        (?, ?, ?, ?, ?, ?, ?, ?, ?, ?, ?, ?, ?)
Hibernate: 
    select
        user0_.id as id1_10_,
        user0_.created_at as created_2_10_,
        user0_.updated_at as updated_3_10_,
        user0_.age as age4_10_,
        user0_.background_image as backgrou5_10_,
        user0_.email as email6_10_,
        user0_.gender as gender7_10_,
        user0_.hobby as hobby8_10_,
        user0_.introduce as introduc9_10_,
        user0_.job as job10_10_,
        user0_.name as name11_10_,
        user0_.nick_name as nick_na12_10_,
        user0_.phone_num as phone_n13_10_,
        user0_.profile_image as profile14_10_,
        user0_.res_red_number as res_red15_10_,
        user0_.score as score16_10_ 
    from
        user user0_
Hibernate: 
    select
        roles0_.user_id as user_id1_11_0_,
        roles0_.roles as roles2_11_0_ 
    from
        user_roles roles0_ 
    where
        roles0_.user_id=?
Hibernate: 
    select
        roles0_.user_id as user_id1_11_0_,
        roles0_.roles as roles2_11_0_ 
    from
        user_roles roles0_ 
    where
        roles0_.user_id=?
Hibernate: 
    select
        roles0_.user_id as user_id1_11_0_,
        roles0_.roles as roles2_11_0_ 
    from
        user_roles roles0_ 
    where
        roles0_.user_id=?
Hibernate: 
    select
        roles0_.user_id as user_id1_11_0_,
        roles0_.roles as roles2_11_0_ 
    from
        user_roles roles0_ 
    where
        roles0_.user_id=?
Hibernate: 
    select
        roles0_.user_id as user_id1_11_0_,
        roles0_.roles as roles2_11_0_ 
    from
        user_roles roles0_ 
    where
        roles0_.user_id=?
Hibernate: 
    insert 
    into
        meeting_pin
        (created_at, updated_at, category, content, user_id, date, latitude, longitude, max_age, min_age, set_gender, set_limit, title) 
    values
        (?, ?, ?, ?, ?, ?, ?, ?, ?, ?, ?, ?, ?)
Hibernate: 
    select
        user0_.id as id1_10_,
        user0_.created_at as created_2_10_,
        user0_.updated_at as updated_3_10_,
        user0_.age as age4_10_,
        user0_.background_image as backgrou5_10_,
        user0_.email as email6_10_,
        user0_.gender as gender7_10_,
        user0_.hobby as hobby8_10_,
        user0_.introduce as introduc9_10_,
        user0_.job as job10_10_,
        user0_.name as name11_10_,
        user0_.nick_name as nick_na12_10_,
        user0_.phone_num as phone_n13_10_,
        user0_.profile_image as profile14_10_,
        user0_.res_red_number as res_red15_10_,
        user0_.score as score16_10_ 
    from
        user user0_
Hibernate: 
    select
        roles0_.user_id as user_id1_11_0_,
        roles0_.roles as roles2_11_0_ 
    from
        user_roles roles0_ 
    where
        roles0_.user_id=?
Hibernate: 
    select
        roles0_.user_id as user_id1_11_0_,
        roles0_.roles as roles2_11_0_ 
    from
        user_roles roles0_ 
    where
        roles0_.user_id=?
Hibernate: 
    select
        roles0_.user_id as user_id1_11_0_,
        roles0_.roles as roles2_11_0_ 
    from
        user_roles roles0_ 
    where
        roles0_.user_id=?
Hibernate: 
    select
        roles0_.user_id as user_id1_11_0_,
        roles0_.roles as roles2_11_0_ 
    from
        user_roles roles0_ 
    where
        roles0_.user_id=?
Hibernate: 
    select
        roles0_.user_id as user_id1_11_0_,
        roles0_.roles as roles2_11_0_ 
    from
        user_roles roles0_ 
    where
        roles0_.user_id=?
Hibernate: 
    insert 
    into
        meeting_pin
        (created_at, updated_at, category, content, user_id, date, latitude, longitude, max_age, min_age, set_gender, set_limit, title) 
    values
        (?, ?, ?, ?, ?, ?, ?, ?, ?, ?, ?, ?, ?)
Hibernate: 
    select
        user0_.id as id1_10_,
        user0_.created_at as created_2_10_,
        user0_.updated_at as updated_3_10_,
        user0_.age as age4_10_,
        user0_.background_image as backgrou5_10_,
        user0_.email as email6_10_,
        user0_.gender as gender7_10_,
        user0_.hobby as hobby8_10_,
        user0_.introduce as introduc9_10_,
        user0_.job as job10_10_,
        user0_.name as name11_10_,
        user0_.nick_name as nick_na12_10_,
        user0_.phone_num as phone_n13_10_,
        user0_.profile_image as profile14_10_,
        user0_.res_red_number as res_red15_10_,
        user0_.score as score16_10_ 
    from
        user user0_
Hibernate: 
    select
        roles0_.user_id as user_id1_11_0_,
        roles0_.roles as roles2_11_0_ 
    from
        user_roles roles0_ 
    where
        roles0_.user_id=?
Hibernate: 
    select
        roles0_.user_id as user_id1_11_0_,
        roles0_.roles as roles2_11_0_ 
    from
        user_roles roles0_ 
    where
        roles0_.user_id=?
Hibernate: 
    select
        roles0_.user_id as user_id1_11_0_,
        roles0_.roles as roles2_11_0_ 
    from
        user_roles roles0_ 
    where
        roles0_.user_id=?
Hibernate: 
    select
        roles0_.user_id as user_id1_11_0_,
        roles0_.roles as roles2_11_0_ 
    from
        user_roles roles0_ 
    where
        roles0_.user_id=?
Hibernate: 
    select
        roles0_.user_id as user_id1_11_0_,
        roles0_.roles as roles2_11_0_ 
    from
        user_roles roles0_ 
    where
        roles0_.user_id=?
Hibernate: 
    insert 
    into
        meeting_pin
        (created_at, updated_at, category, content, user_id, date, latitude, longitude, max_age, min_age, set_gender, set_limit, title) 
    values
        (?, ?, ?, ?, ?, ?, ?, ?, ?, ?, ?, ?, ?)
Hibernate: 
    select
        user0_.id as id1_10_,
        user0_.created_at as created_2_10_,
        user0_.updated_at as updated_3_10_,
        user0_.age as age4_10_,
        user0_.background_image as backgrou5_10_,
        user0_.email as email6_10_,
        user0_.gender as gender7_10_,
        user0_.hobby as hobby8_10_,
        user0_.introduce as introduc9_10_,
        user0_.job as job10_10_,
        user0_.name as name11_10_,
        user0_.nick_name as nick_na12_10_,
        user0_.phone_num as phone_n13_10_,
        user0_.profile_image as profile14_10_,
        user0_.res_red_number as res_red15_10_,
        user0_.score as score16_10_ 
    from
        user user0_
Hibernate: 
    select
        roles0_.user_id as user_id1_11_0_,
        roles0_.roles as roles2_11_0_ 
    from
        user_roles roles0_ 
    where
        roles0_.user_id=?
Hibernate: 
    select
        roles0_.user_id as user_id1_11_0_,
        roles0_.roles as roles2_11_0_ 
    from
        user_roles roles0_ 
    where
        roles0_.user_id=?
Hibernate: 
    select
        roles0_.user_id as user_id1_11_0_,
        roles0_.roles as roles2_11_0_ 
    from
        user_roles roles0_ 
    where
        roles0_.user_id=?
Hibernate: 
    select
        roles0_.user_id as user_id1_11_0_,
        roles0_.roles as roles2_11_0_ 
    from
        user_roles roles0_ 
    where
        roles0_.user_id=?
Hibernate: 
    select
        roles0_.user_id as user_id1_11_0_,
        roles0_.roles as roles2_11_0_ 
    from
        user_roles roles0_ 
    where
        roles0_.user_id=?
Hibernate: 
    insert 
    into
        meeting_pin
        (created_at, updated_at, category, content, user_id, date, latitude, longitude, max_age, min_age, set_gender, set_limit, title) 
    values
        (?, ?, ?, ?, ?, ?, ?, ?, ?, ?, ?, ?, ?)
Hibernate: 
    select
        user0_.id as id1_10_,
        user0_.created_at as created_2_10_,
        user0_.updated_at as updated_3_10_,
        user0_.age as age4_10_,
        user0_.background_image as backgrou5_10_,
        user0_.email as email6_10_,
        user0_.gender as gender7_10_,
        user0_.hobby as hobby8_10_,
        user0_.introduce as introduc9_10_,
        user0_.job as job10_10_,
        user0_.name as name11_10_,
        user0_.nick_name as nick_na12_10_,
        user0_.phone_num as phone_n13_10_,
        user0_.profile_image as profile14_10_,
        user0_.res_red_number as res_red15_10_,
        user0_.score as score16_10_ 
    from
        user user0_
Hibernate: 
    select
        roles0_.user_id as user_id1_11_0_,
        roles0_.roles as roles2_11_0_ 
    from
        user_roles roles0_ 
    where
        roles0_.user_id=?
Hibernate: 
    select
        roles0_.user_id as user_id1_11_0_,
        roles0_.roles as roles2_11_0_ 
    from
        user_roles roles0_ 
    where
        roles0_.user_id=?
Hibernate: 
    select
        roles0_.user_id as user_id1_11_0_,
        roles0_.roles as roles2_11_0_ 
    from
        user_roles roles0_ 
    where
        roles0_.user_id=?
Hibernate: 
    select
        roles0_.user_id as user_id1_11_0_,
        roles0_.roles as roles2_11_0_ 
    from
        user_roles roles0_ 
    where
        roles0_.user_id=?
Hibernate: 
    select
        roles0_.user_id as user_id1_11_0_,
        roles0_.roles as roles2_11_0_ 
    from
        user_roles roles0_ 
    where
        roles0_.user_id=?
Hibernate: 
    insert 
    into
        meeting_pin
        (created_at, updated_at, category, content, user_id, date, latitude, longitude, max_age, min_age, set_gender, set_limit, title) 
    values
        (?, ?, ?, ?, ?, ?, ?, ?, ?, ?, ?, ?, ?)
Hibernate: 
    select
        user0_.id as id1_10_,
        user0_.created_at as created_2_10_,
        user0_.updated_at as updated_3_10_,
        user0_.age as age4_10_,
        user0_.background_image as backgrou5_10_,
        user0_.email as email6_10_,
        user0_.gender as gender7_10_,
        user0_.hobby as hobby8_10_,
        user0_.introduce as introduc9_10_,
        user0_.job as job10_10_,
        user0_.name as name11_10_,
        user0_.nick_name as nick_na12_10_,
        user0_.phone_num as phone_n13_10_,
        user0_.profile_image as profile14_10_,
        user0_.res_red_number as res_red15_10_,
        user0_.score as score16_10_ 
    from
        user user0_
Hibernate: 
    select
        roles0_.user_id as user_id1_11_0_,
        roles0_.roles as roles2_11_0_ 
    from
        user_roles roles0_ 
    where
        roles0_.user_id=?
Hibernate: 
    select
        roles0_.user_id as user_id1_11_0_,
        roles0_.roles as roles2_11_0_ 
    from
        user_roles roles0_ 
    where
        roles0_.user_id=?
Hibernate: 
    select
        roles0_.user_id as user_id1_11_0_,
        roles0_.roles as roles2_11_0_ 
    from
        user_roles roles0_ 
    where
        roles0_.user_id=?
Hibernate: 
    select
        roles0_.user_id as user_id1_11_0_,
        roles0_.roles as roles2_11_0_ 
    from
        user_roles roles0_ 
    where
        roles0_.user_id=?
Hibernate: 
    select
        roles0_.user_id as user_id1_11_0_,
        roles0_.roles as roles2_11_0_ 
    from
        user_roles roles0_ 
    where
        roles0_.user_id=?
Hibernate: 
    insert 
    into
        meeting_pin
        (created_at, updated_at, category, content, user_id, date, latitude, longitude, max_age, min_age, set_gender, set_limit, title) 
    values
        (?, ?, ?, ?, ?, ?, ?, ?, ?, ?, ?, ?, ?)
Hibernate: 
    select
        user0_.id as id1_10_,
        user0_.created_at as created_2_10_,
        user0_.updated_at as updated_3_10_,
        user0_.age as age4_10_,
        user0_.background_image as backgrou5_10_,
        user0_.email as email6_10_,
        user0_.gender as gender7_10_,
        user0_.hobby as hobby8_10_,
        user0_.introduce as introduc9_10_,
        user0_.job as job10_10_,
        user0_.name as name11_10_,
        user0_.nick_name as nick_na12_10_,
        user0_.phone_num as phone_n13_10_,
        user0_.profile_image as profile14_10_,
        user0_.res_red_number as res_red15_10_,
        user0_.score as score16_10_ 
    from
        user user0_
Hibernate: 
    select
        roles0_.user_id as user_id1_11_0_,
        roles0_.roles as roles2_11_0_ 
    from
        user_roles roles0_ 
    where
        roles0_.user_id=?
Hibernate: 
    select
        roles0_.user_id as user_id1_11_0_,
        roles0_.roles as roles2_11_0_ 
    from
        user_roles roles0_ 
    where
        roles0_.user_id=?
Hibernate: 
    select
        roles0_.user_id as user_id1_11_0_,
        roles0_.roles as roles2_11_0_ 
    from
        user_roles roles0_ 
    where
        roles0_.user_id=?
Hibernate: 
    select
        roles0_.user_id as user_id1_11_0_,
        roles0_.roles as roles2_11_0_ 
    from
        user_roles roles0_ 
    where
        roles0_.user_id=?
Hibernate: 
    select
        roles0_.user_id as user_id1_11_0_,
        roles0_.roles as roles2_11_0_ 
    from
        user_roles roles0_ 
    where
        roles0_.user_id=?
Hibernate: 
    insert 
    into
        meeting_pin
        (created_at, updated_at, category, content, user_id, date, latitude, longitude, max_age, min_age, set_gender, set_limit, title) 
    values
        (?, ?, ?, ?, ?, ?, ?, ?, ?, ?, ?, ?, ?)
Hibernate: 
    select
        user0_.id as id1_10_,
        user0_.created_at as created_2_10_,
        user0_.updated_at as updated_3_10_,
        user0_.age as age4_10_,
        user0_.background_image as backgrou5_10_,
        user0_.email as email6_10_,
        user0_.gender as gender7_10_,
        user0_.hobby as hobby8_10_,
        user0_.introduce as introduc9_10_,
        user0_.job as job10_10_,
        user0_.name as name11_10_,
        user0_.nick_name as nick_na12_10_,
        user0_.phone_num as phone_n13_10_,
        user0_.profile_image as profile14_10_,
        user0_.res_red_number as res_red15_10_,
        user0_.score as score16_10_ 
    from
        user user0_
Hibernate: 
    select
        roles0_.user_id as user_id1_11_0_,
        roles0_.roles as roles2_11_0_ 
    from
        user_roles roles0_ 
    where
        roles0_.user_id=?
Hibernate: 
    select
        roles0_.user_id as user_id1_11_0_,
        roles0_.roles as roles2_11_0_ 
    from
        user_roles roles0_ 
    where
        roles0_.user_id=?
Hibernate: 
    select
        roles0_.user_id as user_id1_11_0_,
        roles0_.roles as roles2_11_0_ 
    from
        user_roles roles0_ 
    where
        roles0_.user_id=?
Hibernate: 
    select
        roles0_.user_id as user_id1_11_0_,
        roles0_.roles as roles2_11_0_ 
    from
        user_roles roles0_ 
    where
        roles0_.user_id=?
Hibernate: 
    select
        roles0_.user_id as user_id1_11_0_,
        roles0_.roles as roles2_11_0_ 
    from
        user_roles roles0_ 
    where
        roles0_.user_id=?
Hibernate: 
    insert 
    into
        meeting_pin
        (created_at, updated_at, category, content, user_id, date, latitude, longitude, max_age, min_age, set_gender, set_limit, title) 
    values
        (?, ?, ?, ?, ?, ?, ?, ?, ?, ?, ?, ?, ?)
Hibernate: 
    select
        user0_.id as id1_10_,
        user0_.created_at as created_2_10_,
        user0_.updated_at as updated_3_10_,
        user0_.age as age4_10_,
        user0_.background_image as backgrou5_10_,
        user0_.email as email6_10_,
        user0_.gender as gender7_10_,
        user0_.hobby as hobby8_10_,
        user0_.introduce as introduc9_10_,
        user0_.job as job10_10_,
        user0_.name as name11_10_,
        user0_.nick_name as nick_na12_10_,
        user0_.phone_num as phone_n13_10_,
        user0_.profile_image as profile14_10_,
        user0_.res_red_number as res_red15_10_,
        user0_.score as score16_10_ 
    from
        user user0_
Hibernate: 
    select
        roles0_.user_id as user_id1_11_0_,
        roles0_.roles as roles2_11_0_ 
    from
        user_roles roles0_ 
    where
        roles0_.user_id=?
Hibernate: 
    select
        roles0_.user_id as user_id1_11_0_,
        roles0_.roles as roles2_11_0_ 
    from
        user_roles roles0_ 
    where
        roles0_.user_id=?
Hibernate: 
    select
        roles0_.user_id as user_id1_11_0_,
        roles0_.roles as roles2_11_0_ 
    from
        user_roles roles0_ 
    where
        roles0_.user_id=?
Hibernate: 
    select
        roles0_.user_id as user_id1_11_0_,
        roles0_.roles as roles2_11_0_ 
    from
        user_roles roles0_ 
    where
        roles0_.user_id=?
Hibernate: 
    select
        roles0_.user_id as user_id1_11_0_,
        roles0_.roles as roles2_11_0_ 
    from
        user_roles roles0_ 
    where
        roles0_.user_id=?
Hibernate: 
    insert 
    into
        meeting_pin
        (created_at, updated_at, category, content, user_id, date, latitude, longitude, max_age, min_age, set_gender, set_limit, title) 
    values
        (?, ?, ?, ?, ?, ?, ?, ?, ?, ?, ?, ?, ?)
Hibernate: 
    select
        user0_.id as id1_10_,
        user0_.created_at as created_2_10_,
        user0_.updated_at as updated_3_10_,
        user0_.age as age4_10_,
        user0_.background_image as backgrou5_10_,
        user0_.email as email6_10_,
        user0_.gender as gender7_10_,
        user0_.hobby as hobby8_10_,
        user0_.introduce as introduc9_10_,
        user0_.job as job10_10_,
        user0_.name as name11_10_,
        user0_.nick_name as nick_na12_10_,
        user0_.phone_num as phone_n13_10_,
        user0_.profile_image as profile14_10_,
        user0_.res_red_number as res_red15_10_,
        user0_.score as score16_10_ 
    from
        user user0_
Hibernate: 
    select
        roles0_.user_id as user_id1_11_0_,
        roles0_.roles as roles2_11_0_ 
    from
        user_roles roles0_ 
    where
        roles0_.user_id=?
Hibernate: 
    select
        roles0_.user_id as user_id1_11_0_,
        roles0_.roles as roles2_11_0_ 
    from
        user_roles roles0_ 
    where
        roles0_.user_id=?
Hibernate: 
    select
        roles0_.user_id as user_id1_11_0_,
        roles0_.roles as roles2_11_0_ 
    from
        user_roles roles0_ 
    where
        roles0_.user_id=?
Hibernate: 
    select
        roles0_.user_id as user_id1_11_0_,
        roles0_.roles as roles2_11_0_ 
    from
        user_roles roles0_ 
    where
        roles0_.user_id=?
Hibernate: 
    select
        roles0_.user_id as user_id1_11_0_,
        roles0_.roles as roles2_11_0_ 
    from
        user_roles roles0_ 
    where
        roles0_.user_id=?
Hibernate: 
    insert 
    into
        meeting_pin
        (created_at, updated_at, category, content, user_id, date, latitude, longitude, max_age, min_age, set_gender, set_limit, title) 
    values
        (?, ?, ?, ?, ?, ?, ?, ?, ?, ?, ?, ?, ?)
Hibernate: 
    select
        user0_.id as id1_10_,
        user0_.created_at as created_2_10_,
        user0_.updated_at as updated_3_10_,
        user0_.age as age4_10_,
        user0_.background_image as backgrou5_10_,
        user0_.email as email6_10_,
        user0_.gender as gender7_10_,
        user0_.hobby as hobby8_10_,
        user0_.introduce as introduc9_10_,
        user0_.job as job10_10_,
        user0_.name as name11_10_,
        user0_.nick_name as nick_na12_10_,
        user0_.phone_num as phone_n13_10_,
        user0_.profile_image as profile14_10_,
        user0_.res_red_number as res_red15_10_,
        user0_.score as score16_10_ 
    from
        user user0_
Hibernate: 
    select
        roles0_.user_id as user_id1_11_0_,
        roles0_.roles as roles2_11_0_ 
    from
        user_roles roles0_ 
    where
        roles0_.user_id=?
Hibernate: 
    select
        roles0_.user_id as user_id1_11_0_,
        roles0_.roles as roles2_11_0_ 
    from
        user_roles roles0_ 
    where
        roles0_.user_id=?
Hibernate: 
    select
        roles0_.user_id as user_id1_11_0_,
        roles0_.roles as roles2_11_0_ 
    from
        user_roles roles0_ 
    where
        roles0_.user_id=?
Hibernate: 
    select
        roles0_.user_id as user_id1_11_0_,
        roles0_.roles as roles2_11_0_ 
    from
        user_roles roles0_ 
    where
        roles0_.user_id=?
Hibernate: 
    select
        roles0_.user_id as user_id1_11_0_,
        roles0_.roles as roles2_11_0_ 
    from
        user_roles roles0_ 
    where
        roles0_.user_id=?
Hibernate: 
    insert 
    into
        meeting_pin
        (created_at, updated_at, category, content, user_id, date, latitude, longitude, max_age, min_age, set_gender, set_limit, title) 
    values
        (?, ?, ?, ?, ?, ?, ?, ?, ?, ?, ?, ?, ?)
Hibernate: 
    select
        user0_.id as id1_10_,
        user0_.created_at as created_2_10_,
        user0_.updated_at as updated_3_10_,
        user0_.age as age4_10_,
        user0_.background_image as backgrou5_10_,
        user0_.email as email6_10_,
        user0_.gender as gender7_10_,
        user0_.hobby as hobby8_10_,
        user0_.introduce as introduc9_10_,
        user0_.job as job10_10_,
        user0_.name as name11_10_,
        user0_.nick_name as nick_na12_10_,
        user0_.phone_num as phone_n13_10_,
        user0_.profile_image as profile14_10_,
        user0_.res_red_number as res_red15_10_,
        user0_.score as score16_10_ 
    from
        user user0_
Hibernate: 
    select
        roles0_.user_id as user_id1_11_0_,
        roles0_.roles as roles2_11_0_ 
    from
        user_roles roles0_ 
    where
        roles0_.user_id=?
Hibernate: 
    select
        roles0_.user_id as user_id1_11_0_,
        roles0_.roles as roles2_11_0_ 
    from
        user_roles roles0_ 
    where
        roles0_.user_id=?
Hibernate: 
    select
        roles0_.user_id as user_id1_11_0_,
        roles0_.roles as roles2_11_0_ 
    from
        user_roles roles0_ 
    where
        roles0_.user_id=?
Hibernate: 
    select
        roles0_.user_id as user_id1_11_0_,
        roles0_.roles as roles2_11_0_ 
    from
        user_roles roles0_ 
    where
        roles0_.user_id=?
Hibernate: 
    select
        roles0_.user_id as user_id1_11_0_,
        roles0_.roles as roles2_11_0_ 
    from
        user_roles roles0_ 
    where
        roles0_.user_id=?
Hibernate: 
    insert 
    into
        meeting_pin
        (created_at, updated_at, category, content, user_id, date, latitude, longitude, max_age, min_age, set_gender, set_limit, title) 
    values
        (?, ?, ?, ?, ?, ?, ?, ?, ?, ?, ?, ?, ?)
Hibernate: 
    select
        user0_.id as id1_10_,
        user0_.created_at as created_2_10_,
        user0_.updated_at as updated_3_10_,
        user0_.age as age4_10_,
        user0_.background_image as backgrou5_10_,
        user0_.email as email6_10_,
        user0_.gender as gender7_10_,
        user0_.hobby as hobby8_10_,
        user0_.introduce as introduc9_10_,
        user0_.job as job10_10_,
        user0_.name as name11_10_,
        user0_.nick_name as nick_na12_10_,
        user0_.phone_num as phone_n13_10_,
        user0_.profile_image as profile14_10_,
        user0_.res_red_number as res_red15_10_,
        user0_.score as score16_10_ 
    from
        user user0_
Hibernate: 
    select
        roles0_.user_id as user_id1_11_0_,
        roles0_.roles as roles2_11_0_ 
    from
        user_roles roles0_ 
    where
        roles0_.user_id=?
Hibernate: 
    select
        roles0_.user_id as user_id1_11_0_,
        roles0_.roles as roles2_11_0_ 
    from
        user_roles roles0_ 
    where
        roles0_.user_id=?
Hibernate: 
    select
        roles0_.user_id as user_id1_11_0_,
        roles0_.roles as roles2_11_0_ 
    from
        user_roles roles0_ 
    where
        roles0_.user_id=?
Hibernate: 
    select
        roles0_.user_id as user_id1_11_0_,
        roles0_.roles as roles2_11_0_ 
    from
        user_roles roles0_ 
    where
        roles0_.user_id=?
Hibernate: 
    select
        roles0_.user_id as user_id1_11_0_,
        roles0_.roles as roles2_11_0_ 
    from
        user_roles roles0_ 
    where
        roles0_.user_id=?
Hibernate: 
    insert 
    into
        meeting_pin
        (created_at, updated_at, category, content, user_id, date, latitude, longitude, max_age, min_age, set_gender, set_limit, title) 
    values
        (?, ?, ?, ?, ?, ?, ?, ?, ?, ?, ?, ?, ?)
Hibernate: 
    select
        user0_.id as id1_10_,
        user0_.created_at as created_2_10_,
        user0_.updated_at as updated_3_10_,
        user0_.age as age4_10_,
        user0_.background_image as backgrou5_10_,
        user0_.email as email6_10_,
        user0_.gender as gender7_10_,
        user0_.hobby as hobby8_10_,
        user0_.introduce as introduc9_10_,
        user0_.job as job10_10_,
        user0_.name as name11_10_,
        user0_.nick_name as nick_na12_10_,
        user0_.phone_num as phone_n13_10_,
        user0_.profile_image as profile14_10_,
        user0_.res_red_number as res_red15_10_,
        user0_.score as score16_10_ 
    from
        user user0_
Hibernate: 
    select
        roles0_.user_id as user_id1_11_0_,
        roles0_.roles as roles2_11_0_ 
    from
        user_roles roles0_ 
    where
        roles0_.user_id=?
Hibernate: 
    select
        roles0_.user_id as user_id1_11_0_,
        roles0_.roles as roles2_11_0_ 
    from
        user_roles roles0_ 
    where
        roles0_.user_id=?
Hibernate: 
    select
        roles0_.user_id as user_id1_11_0_,
        roles0_.roles as roles2_11_0_ 
    from
        user_roles roles0_ 
    where
        roles0_.user_id=?
Hibernate: 
    select
        roles0_.user_id as user_id1_11_0_,
        roles0_.roles as roles2_11_0_ 
    from
        user_roles roles0_ 
    where
        roles0_.user_id=?
Hibernate: 
    select
        roles0_.user_id as user_id1_11_0_,
        roles0_.roles as roles2_11_0_ 
    from
        user_roles roles0_ 
    where
        roles0_.user_id=?
Hibernate: 
    insert 
    into
        meeting_pin
        (created_at, updated_at, category, content, user_id, date, latitude, longitude, max_age, min_age, set_gender, set_limit, title) 
    values
        (?, ?, ?, ?, ?, ?, ?, ?, ?, ?, ?, ?, ?)
Hibernate: 
    select
        user0_.id as id1_10_,
        user0_.created_at as created_2_10_,
        user0_.updated_at as updated_3_10_,
        user0_.age as age4_10_,
        user0_.background_image as backgrou5_10_,
        user0_.email as email6_10_,
        user0_.gender as gender7_10_,
        user0_.hobby as hobby8_10_,
        user0_.introduce as introduc9_10_,
        user0_.job as job10_10_,
        user0_.name as name11_10_,
        user0_.nick_name as nick_na12_10_,
        user0_.phone_num as phone_n13_10_,
        user0_.profile_image as profile14_10_,
        user0_.res_red_number as res_red15_10_,
        user0_.score as score16_10_ 
    from
        user user0_
Hibernate: 
    select
        roles0_.user_id as user_id1_11_0_,
        roles0_.roles as roles2_11_0_ 
    from
        user_roles roles0_ 
    where
        roles0_.user_id=?
Hibernate: 
    select
        roles0_.user_id as user_id1_11_0_,
        roles0_.roles as roles2_11_0_ 
    from
        user_roles roles0_ 
    where
        roles0_.user_id=?
Hibernate: 
    select
        roles0_.user_id as user_id1_11_0_,
        roles0_.roles as roles2_11_0_ 
    from
        user_roles roles0_ 
    where
        roles0_.user_id=?
Hibernate: 
    select
        roles0_.user_id as user_id1_11_0_,
        roles0_.roles as roles2_11_0_ 
    from
        user_roles roles0_ 
    where
        roles0_.user_id=?
Hibernate: 
    select
        roles0_.user_id as user_id1_11_0_,
        roles0_.roles as roles2_11_0_ 
    from
        user_roles roles0_ 
    where
        roles0_.user_id=?
Hibernate: 
    insert 
    into
        meeting_pin
        (created_at, updated_at, category, content, user_id, date, latitude, longitude, max_age, min_age, set_gender, set_limit, title) 
    values
        (?, ?, ?, ?, ?, ?, ?, ?, ?, ?, ?, ?, ?)
Hibernate: 
    select
        user0_.id as id1_10_,
        user0_.created_at as created_2_10_,
        user0_.updated_at as updated_3_10_,
        user0_.age as age4_10_,
        user0_.background_image as backgrou5_10_,
        user0_.email as email6_10_,
        user0_.gender as gender7_10_,
        user0_.hobby as hobby8_10_,
        user0_.introduce as introduc9_10_,
        user0_.job as job10_10_,
        user0_.name as name11_10_,
        user0_.nick_name as nick_na12_10_,
        user0_.phone_num as phone_n13_10_,
        user0_.profile_image as profile14_10_,
        user0_.res_red_number as res_red15_10_,
        user0_.score as score16_10_ 
    from
        user user0_
Hibernate: 
    select
        roles0_.user_id as user_id1_11_0_,
        roles0_.roles as roles2_11_0_ 
    from
        user_roles roles0_ 
    where
        roles0_.user_id=?
Hibernate: 
    select
        roles0_.user_id as user_id1_11_0_,
        roles0_.roles as roles2_11_0_ 
    from
        user_roles roles0_ 
    where
        roles0_.user_id=?
Hibernate: 
    select
        roles0_.user_id as user_id1_11_0_,
        roles0_.roles as roles2_11_0_ 
    from
        user_roles roles0_ 
    where
        roles0_.user_id=?
Hibernate: 
    select
        roles0_.user_id as user_id1_11_0_,
        roles0_.roles as roles2_11_0_ 
    from
        user_roles roles0_ 
    where
        roles0_.user_id=?
Hibernate: 
    select
        roles0_.user_id as user_id1_11_0_,
        roles0_.roles as roles2_11_0_ 
    from
        user_roles roles0_ 
    where
        roles0_.user_id=?
Hibernate: 
    insert 
    into
        meeting_pin
        (created_at, updated_at, category, content, user_id, date, latitude, longitude, max_age, min_age, set_gender, set_limit, title) 
    values
        (?, ?, ?, ?, ?, ?, ?, ?, ?, ?, ?, ?, ?)
Hibernate: 
    select
        user0_.id as id1_10_,
        user0_.created_at as created_2_10_,
        user0_.updated_at as updated_3_10_,
        user0_.age as age4_10_,
        user0_.background_image as backgrou5_10_,
        user0_.email as email6_10_,
        user0_.gender as gender7_10_,
        user0_.hobby as hobby8_10_,
        user0_.introduce as introduc9_10_,
        user0_.job as job10_10_,
        user0_.name as name11_10_,
        user0_.nick_name as nick_na12_10_,
        user0_.phone_num as phone_n13_10_,
        user0_.profile_image as profile14_10_,
        user0_.res_red_number as res_red15_10_,
        user0_.score as score16_10_ 
    from
        user user0_
Hibernate: 
    select
        roles0_.user_id as user_id1_11_0_,
        roles0_.roles as roles2_11_0_ 
    from
        user_roles roles0_ 
    where
        roles0_.user_id=?
Hibernate: 
    select
        roles0_.user_id as user_id1_11_0_,
        roles0_.roles as roles2_11_0_ 
    from
        user_roles roles0_ 
    where
        roles0_.user_id=?
Hibernate: 
    select
        roles0_.user_id as user_id1_11_0_,
        roles0_.roles as roles2_11_0_ 
    from
        user_roles roles0_ 
    where
        roles0_.user_id=?
Hibernate: 
    select
        roles0_.user_id as user_id1_11_0_,
        roles0_.roles as roles2_11_0_ 
    from
        user_roles roles0_ 
    where
        roles0_.user_id=?
Hibernate: 
    select
        roles0_.user_id as user_id1_11_0_,
        roles0_.roles as roles2_11_0_ 
    from
        user_roles roles0_ 
    where
        roles0_.user_id=?
Hibernate: 
    insert 
    into
        meeting_pin
        (created_at, updated_at, category, content, user_id, date, latitude, longitude, max_age, min_age, set_gender, set_limit, title) 
    values
        (?, ?, ?, ?, ?, ?, ?, ?, ?, ?, ?, ?, ?)
Hibernate: 
    select
        user0_.id as id1_10_,
        user0_.created_at as created_2_10_,
        user0_.updated_at as updated_3_10_,
        user0_.age as age4_10_,
        user0_.background_image as backgrou5_10_,
        user0_.email as email6_10_,
        user0_.gender as gender7_10_,
        user0_.hobby as hobby8_10_,
        user0_.introduce as introduc9_10_,
        user0_.job as job10_10_,
        user0_.name as name11_10_,
        user0_.nick_name as nick_na12_10_,
        user0_.phone_num as phone_n13_10_,
        user0_.profile_image as profile14_10_,
        user0_.res_red_number as res_red15_10_,
        user0_.score as score16_10_ 
    from
        user user0_
Hibernate: 
    select
        roles0_.user_id as user_id1_11_0_,
        roles0_.roles as roles2_11_0_ 
    from
        user_roles roles0_ 
    where
        roles0_.user_id=?
Hibernate: 
    select
        roles0_.user_id as user_id1_11_0_,
        roles0_.roles as roles2_11_0_ 
    from
        user_roles roles0_ 
    where
        roles0_.user_id=?
Hibernate: 
    select
        roles0_.user_id as user_id1_11_0_,
        roles0_.roles as roles2_11_0_ 
    from
        user_roles roles0_ 
    where
        roles0_.user_id=?
Hibernate: 
    select
        roles0_.user_id as user_id1_11_0_,
        roles0_.roles as roles2_11_0_ 
    from
        user_roles roles0_ 
    where
        roles0_.user_id=?
Hibernate: 
    select
        roles0_.user_id as user_id1_11_0_,
        roles0_.roles as roles2_11_0_ 
    from
        user_roles roles0_ 
    where
        roles0_.user_id=?
Hibernate: 
    insert 
    into
        meeting_pin
        (created_at, updated_at, category, content, user_id, date, latitude, longitude, max_age, min_age, set_gender, set_limit, title) 
    values
        (?, ?, ?, ?, ?, ?, ?, ?, ?, ?, ?, ?, ?)
Hibernate: 
    select
        user0_.id as id1_10_,
        user0_.created_at as created_2_10_,
        user0_.updated_at as updated_3_10_,
        user0_.age as age4_10_,
        user0_.background_image as backgrou5_10_,
        user0_.email as email6_10_,
        user0_.gender as gender7_10_,
        user0_.hobby as hobby8_10_,
        user0_.introduce as introduc9_10_,
        user0_.job as job10_10_,
        user0_.name as name11_10_,
        user0_.nick_name as nick_na12_10_,
        user0_.phone_num as phone_n13_10_,
        user0_.profile_image as profile14_10_,
        user0_.res_red_number as res_red15_10_,
        user0_.score as score16_10_ 
    from
        user user0_
Hibernate: 
    select
        roles0_.user_id as user_id1_11_0_,
        roles0_.roles as roles2_11_0_ 
    from
        user_roles roles0_ 
    where
        roles0_.user_id=?
Hibernate: 
    select
        roles0_.user_id as user_id1_11_0_,
        roles0_.roles as roles2_11_0_ 
    from
        user_roles roles0_ 
    where
        roles0_.user_id=?
Hibernate: 
    select
        roles0_.user_id as user_id1_11_0_,
        roles0_.roles as roles2_11_0_ 
    from
        user_roles roles0_ 
    where
        roles0_.user_id=?
Hibernate: 
    select
        roles0_.user_id as user_id1_11_0_,
        roles0_.roles as roles2_11_0_ 
    from
        user_roles roles0_ 
    where
        roles0_.user_id=?
Hibernate: 
    select
        roles0_.user_id as user_id1_11_0_,
        roles0_.roles as roles2_11_0_ 
    from
        user_roles roles0_ 
    where
        roles0_.user_id=?
Hibernate: 
    insert 
    into
        meeting_pin
        (created_at, updated_at, category, content, user_id, date, latitude, longitude, max_age, min_age, set_gender, set_limit, title) 
    values
        (?, ?, ?, ?, ?, ?, ?, ?, ?, ?, ?, ?, ?)
Hibernate: 
    select
        user0_.id as id1_10_,
        user0_.created_at as created_2_10_,
        user0_.updated_at as updated_3_10_,
        user0_.age as age4_10_,
        user0_.background_image as backgrou5_10_,
        user0_.email as email6_10_,
        user0_.gender as gender7_10_,
        user0_.hobby as hobby8_10_,
        user0_.introduce as introduc9_10_,
        user0_.job as job10_10_,
        user0_.name as name11_10_,
        user0_.nick_name as nick_na12_10_,
        user0_.phone_num as phone_n13_10_,
        user0_.profile_image as profile14_10_,
        user0_.res_red_number as res_red15_10_,
        user0_.score as score16_10_ 
    from
        user user0_
Hibernate: 
    select
        roles0_.user_id as user_id1_11_0_,
        roles0_.roles as roles2_11_0_ 
    from
        user_roles roles0_ 
    where
        roles0_.user_id=?
Hibernate: 
    select
        roles0_.user_id as user_id1_11_0_,
        roles0_.roles as roles2_11_0_ 
    from
        user_roles roles0_ 
    where
        roles0_.user_id=?
Hibernate: 
    select
        roles0_.user_id as user_id1_11_0_,
        roles0_.roles as roles2_11_0_ 
    from
        user_roles roles0_ 
    where
        roles0_.user_id=?
Hibernate: 
    select
        roles0_.user_id as user_id1_11_0_,
        roles0_.roles as roles2_11_0_ 
    from
        user_roles roles0_ 
    where
        roles0_.user_id=?
Hibernate: 
    select
        roles0_.user_id as user_id1_11_0_,
        roles0_.roles as roles2_11_0_ 
    from
        user_roles roles0_ 
    where
        roles0_.user_id=?
Hibernate: 
    insert 
    into
        meeting_pin
        (created_at, updated_at, category, content, user_id, date, latitude, longitude, max_age, min_age, set_gender, set_limit, title) 
    values
        (?, ?, ?, ?, ?, ?, ?, ?, ?, ?, ?, ?, ?)
Hibernate: 
    select
        user0_.id as id1_10_,
        user0_.created_at as created_2_10_,
        user0_.updated_at as updated_3_10_,
        user0_.age as age4_10_,
        user0_.background_image as backgrou5_10_,
        user0_.email as email6_10_,
        user0_.gender as gender7_10_,
        user0_.hobby as hobby8_10_,
        user0_.introduce as introduc9_10_,
        user0_.job as job10_10_,
        user0_.name as name11_10_,
        user0_.nick_name as nick_na12_10_,
        user0_.phone_num as phone_n13_10_,
        user0_.profile_image as profile14_10_,
        user0_.res_red_number as res_red15_10_,
        user0_.score as score16_10_ 
    from
        user user0_
Hibernate: 
    select
        roles0_.user_id as user_id1_11_0_,
        roles0_.roles as roles2_11_0_ 
    from
        user_roles roles0_ 
    where
        roles0_.user_id=?
Hibernate: 
    select
        roles0_.user_id as user_id1_11_0_,
        roles0_.roles as roles2_11_0_ 
    from
        user_roles roles0_ 
    where
        roles0_.user_id=?
Hibernate: 
    select
        roles0_.user_id as user_id1_11_0_,
        roles0_.roles as roles2_11_0_ 
    from
        user_roles roles0_ 
    where
        roles0_.user_id=?
Hibernate: 
    select
        roles0_.user_id as user_id1_11_0_,
        roles0_.roles as roles2_11_0_ 
    from
        user_roles roles0_ 
    where
        roles0_.user_id=?
Hibernate: 
    select
        roles0_.user_id as user_id1_11_0_,
        roles0_.roles as roles2_11_0_ 
    from
        user_roles roles0_ 
    where
        roles0_.user_id=?
Hibernate: 
    insert 
    into
        meeting_pin
        (created_at, updated_at, category, content, user_id, date, latitude, longitude, max_age, min_age, set_gender, set_limit, title) 
    values
        (?, ?, ?, ?, ?, ?, ?, ?, ?, ?, ?, ?, ?)
Hibernate: 
    select
        user0_.id as id1_10_,
        user0_.created_at as created_2_10_,
        user0_.updated_at as updated_3_10_,
        user0_.age as age4_10_,
        user0_.background_image as backgrou5_10_,
        user0_.email as email6_10_,
        user0_.gender as gender7_10_,
        user0_.hobby as hobby8_10_,
        user0_.introduce as introduc9_10_,
        user0_.job as job10_10_,
        user0_.name as name11_10_,
        user0_.nick_name as nick_na12_10_,
        user0_.phone_num as phone_n13_10_,
        user0_.profile_image as profile14_10_,
        user0_.res_red_number as res_red15_10_,
        user0_.score as score16_10_ 
    from
        user user0_
Hibernate: 
    select
        roles0_.user_id as user_id1_11_0_,
        roles0_.roles as roles2_11_0_ 
    from
        user_roles roles0_ 
    where
        roles0_.user_id=?
Hibernate: 
    select
        roles0_.user_id as user_id1_11_0_,
        roles0_.roles as roles2_11_0_ 
    from
        user_roles roles0_ 
    where
        roles0_.user_id=?
Hibernate: 
    select
        roles0_.user_id as user_id1_11_0_,
        roles0_.roles as roles2_11_0_ 
    from
        user_roles roles0_ 
    where
        roles0_.user_id=?
Hibernate: 
    select
        roles0_.user_id as user_id1_11_0_,
        roles0_.roles as roles2_11_0_ 
    from
        user_roles roles0_ 
    where
        roles0_.user_id=?
Hibernate: 
    select
        roles0_.user_id as user_id1_11_0_,
        roles0_.roles as roles2_11_0_ 
    from
        user_roles roles0_ 
    where
        roles0_.user_id=?
Hibernate: 
    insert 
    into
        meeting_pin
        (created_at, updated_at, category, content, user_id, date, latitude, longitude, max_age, min_age, set_gender, set_limit, title) 
    values
        (?, ?, ?, ?, ?, ?, ?, ?, ?, ?, ?, ?, ?)
Hibernate: 
    select
        user0_.id as id1_10_,
        user0_.created_at as created_2_10_,
        user0_.updated_at as updated_3_10_,
        user0_.age as age4_10_,
        user0_.background_image as backgrou5_10_,
        user0_.email as email6_10_,
        user0_.gender as gender7_10_,
        user0_.hobby as hobby8_10_,
        user0_.introduce as introduc9_10_,
        user0_.job as job10_10_,
        user0_.name as name11_10_,
        user0_.nick_name as nick_na12_10_,
        user0_.phone_num as phone_n13_10_,
        user0_.profile_image as profile14_10_,
        user0_.res_red_number as res_red15_10_,
        user0_.score as score16_10_ 
    from
        user user0_
Hibernate: 
    select
        roles0_.user_id as user_id1_11_0_,
        roles0_.roles as roles2_11_0_ 
    from
        user_roles roles0_ 
    where
        roles0_.user_id=?
Hibernate: 
    select
        roles0_.user_id as user_id1_11_0_,
        roles0_.roles as roles2_11_0_ 
    from
        user_roles roles0_ 
    where
        roles0_.user_id=?
Hibernate: 
    select
        roles0_.user_id as user_id1_11_0_,
        roles0_.roles as roles2_11_0_ 
    from
        user_roles roles0_ 
    where
        roles0_.user_id=?
Hibernate: 
    select
        roles0_.user_id as user_id1_11_0_,
        roles0_.roles as roles2_11_0_ 
    from
        user_roles roles0_ 
    where
        roles0_.user_id=?
Hibernate: 
    select
        roles0_.user_id as user_id1_11_0_,
        roles0_.roles as roles2_11_0_ 
    from
        user_roles roles0_ 
    where
        roles0_.user_id=?
Hibernate: 
    insert 
    into
        meeting_pin
        (created_at, updated_at, category, content, user_id, date, latitude, longitude, max_age, min_age, set_gender, set_limit, title) 
    values
        (?, ?, ?, ?, ?, ?, ?, ?, ?, ?, ?, ?, ?)
Hibernate: 
    select
        user0_.id as id1_10_,
        user0_.created_at as created_2_10_,
        user0_.updated_at as updated_3_10_,
        user0_.age as age4_10_,
        user0_.background_image as backgrou5_10_,
        user0_.email as email6_10_,
        user0_.gender as gender7_10_,
        user0_.hobby as hobby8_10_,
        user0_.introduce as introduc9_10_,
        user0_.job as job10_10_,
        user0_.name as name11_10_,
        user0_.nick_name as nick_na12_10_,
        user0_.phone_num as phone_n13_10_,
        user0_.profile_image as profile14_10_,
        user0_.res_red_number as res_red15_10_,
        user0_.score as score16_10_ 
    from
        user user0_
Hibernate: 
    select
        roles0_.user_id as user_id1_11_0_,
        roles0_.roles as roles2_11_0_ 
    from
        user_roles roles0_ 
    where
        roles0_.user_id=?
Hibernate: 
    select
        roles0_.user_id as user_id1_11_0_,
        roles0_.roles as roles2_11_0_ 
    from
        user_roles roles0_ 
    where
        roles0_.user_id=?
Hibernate: 
    select
        roles0_.user_id as user_id1_11_0_,
        roles0_.roles as roles2_11_0_ 
    from
        user_roles roles0_ 
    where
        roles0_.user_id=?
Hibernate: 
    select
        roles0_.user_id as user_id1_11_0_,
        roles0_.roles as roles2_11_0_ 
    from
        user_roles roles0_ 
    where
        roles0_.user_id=?
Hibernate: 
    select
        roles0_.user_id as user_id1_11_0_,
        roles0_.roles as roles2_11_0_ 
    from
        user_roles roles0_ 
    where
        roles0_.user_id=?
Hibernate: 
    insert 
    into
        meeting_pin
        (created_at, updated_at, category, content, user_id, date, latitude, longitude, max_age, min_age, set_gender, set_limit, title) 
    values
        (?, ?, ?, ?, ?, ?, ?, ?, ?, ?, ?, ?, ?)
Hibernate: 
    select
        user0_.id as id1_10_,
        user0_.created_at as created_2_10_,
        user0_.updated_at as updated_3_10_,
        user0_.age as age4_10_,
        user0_.background_image as backgrou5_10_,
        user0_.email as email6_10_,
        user0_.gender as gender7_10_,
        user0_.hobby as hobby8_10_,
        user0_.introduce as introduc9_10_,
        user0_.job as job10_10_,
        user0_.name as name11_10_,
        user0_.nick_name as nick_na12_10_,
        user0_.phone_num as phone_n13_10_,
        user0_.profile_image as profile14_10_,
        user0_.res_red_number as res_red15_10_,
        user0_.score as score16_10_ 
    from
        user user0_
Hibernate: 
    select
        roles0_.user_id as user_id1_11_0_,
        roles0_.roles as roles2_11_0_ 
    from
        user_roles roles0_ 
    where
        roles0_.user_id=?
Hibernate: 
    select
        roles0_.user_id as user_id1_11_0_,
        roles0_.roles as roles2_11_0_ 
    from
        user_roles roles0_ 
    where
        roles0_.user_id=?
Hibernate: 
    select
        roles0_.user_id as user_id1_11_0_,
        roles0_.roles as roles2_11_0_ 
    from
        user_roles roles0_ 
    where
        roles0_.user_id=?
Hibernate: 
    select
        roles0_.user_id as user_id1_11_0_,
        roles0_.roles as roles2_11_0_ 
    from
        user_roles roles0_ 
    where
        roles0_.user_id=?
Hibernate: 
    select
        roles0_.user_id as user_id1_11_0_,
        roles0_.roles as roles2_11_0_ 
    from
        user_roles roles0_ 
    where
        roles0_.user_id=?
Hibernate: 
    insert 
    into
        meeting_pin
        (created_at, updated_at, category, content, user_id, date, latitude, longitude, max_age, min_age, set_gender, set_limit, title) 
    values
        (?, ?, ?, ?, ?, ?, ?, ?, ?, ?, ?, ?, ?)
Hibernate: 
    select
        user0_.id as id1_10_,
        user0_.created_at as created_2_10_,
        user0_.updated_at as updated_3_10_,
        user0_.age as age4_10_,
        user0_.background_image as backgrou5_10_,
        user0_.email as email6_10_,
        user0_.gender as gender7_10_,
        user0_.hobby as hobby8_10_,
        user0_.introduce as introduc9_10_,
        user0_.job as job10_10_,
        user0_.name as name11_10_,
        user0_.nick_name as nick_na12_10_,
        user0_.phone_num as phone_n13_10_,
        user0_.profile_image as profile14_10_,
        user0_.res_red_number as res_red15_10_,
        user0_.score as score16_10_ 
    from
        user user0_
Hibernate: 
    select
        roles0_.user_id as user_id1_11_0_,
        roles0_.roles as roles2_11_0_ 
    from
        user_roles roles0_ 
    where
        roles0_.user_id=?
Hibernate: 
    select
        roles0_.user_id as user_id1_11_0_,
        roles0_.roles as roles2_11_0_ 
    from
        user_roles roles0_ 
    where
        roles0_.user_id=?
Hibernate: 
    select
        roles0_.user_id as user_id1_11_0_,
        roles0_.roles as roles2_11_0_ 
    from
        user_roles roles0_ 
    where
        roles0_.user_id=?
Hibernate: 
    select
        roles0_.user_id as user_id1_11_0_,
        roles0_.roles as roles2_11_0_ 
    from
        user_roles roles0_ 
    where
        roles0_.user_id=?
Hibernate: 
    select
        roles0_.user_id as user_id1_11_0_,
        roles0_.roles as roles2_11_0_ 
    from
        user_roles roles0_ 
    where
        roles0_.user_id=?
Hibernate: 
    insert 
    into
        meeting_pin
        (created_at, updated_at, category, content, user_id, date, latitude, longitude, max_age, min_age, set_gender, set_limit, title) 
    values
        (?, ?, ?, ?, ?, ?, ?, ?, ?, ?, ?, ?, ?)
Hibernate: 
    select
        user0_.id as id1_10_,
        user0_.created_at as created_2_10_,
        user0_.updated_at as updated_3_10_,
        user0_.age as age4_10_,
        user0_.background_image as backgrou5_10_,
        user0_.email as email6_10_,
        user0_.gender as gender7_10_,
        user0_.hobby as hobby8_10_,
        user0_.introduce as introduc9_10_,
        user0_.job as job10_10_,
        user0_.name as name11_10_,
        user0_.nick_name as nick_na12_10_,
        user0_.phone_num as phone_n13_10_,
        user0_.profile_image as profile14_10_,
        user0_.res_red_number as res_red15_10_,
        user0_.score as score16_10_ 
    from
        user user0_
Hibernate: 
    select
        roles0_.user_id as user_id1_11_0_,
        roles0_.roles as roles2_11_0_ 
    from
        user_roles roles0_ 
    where
        roles0_.user_id=?
Hibernate: 
    select
        roles0_.user_id as user_id1_11_0_,
        roles0_.roles as roles2_11_0_ 
    from
        user_roles roles0_ 
    where
        roles0_.user_id=?
Hibernate: 
    select
        roles0_.user_id as user_id1_11_0_,
        roles0_.roles as roles2_11_0_ 
    from
        user_roles roles0_ 
    where
        roles0_.user_id=?
Hibernate: 
    select
        roles0_.user_id as user_id1_11_0_,
        roles0_.roles as roles2_11_0_ 
    from
        user_roles roles0_ 
    where
        roles0_.user_id=?
Hibernate: 
    select
        roles0_.user_id as user_id1_11_0_,
        roles0_.roles as roles2_11_0_ 
    from
        user_roles roles0_ 
    where
        roles0_.user_id=?
Hibernate: 
    insert 
    into
        meeting_pin
        (created_at, updated_at, category, content, user_id, date, latitude, longitude, max_age, min_age, set_gender, set_limit, title) 
    values
        (?, ?, ?, ?, ?, ?, ?, ?, ?, ?, ?, ?, ?)
Hibernate: 
    select
        user0_.id as id1_10_,
        user0_.created_at as created_2_10_,
        user0_.updated_at as updated_3_10_,
        user0_.age as age4_10_,
        user0_.background_image as backgrou5_10_,
        user0_.email as email6_10_,
        user0_.gender as gender7_10_,
        user0_.hobby as hobby8_10_,
        user0_.introduce as introduc9_10_,
        user0_.job as job10_10_,
        user0_.name as name11_10_,
        user0_.nick_name as nick_na12_10_,
        user0_.phone_num as phone_n13_10_,
        user0_.profile_image as profile14_10_,
        user0_.res_red_number as res_red15_10_,
        user0_.score as score16_10_ 
    from
        user user0_
Hibernate: 
    select
        roles0_.user_id as user_id1_11_0_,
        roles0_.roles as roles2_11_0_ 
    from
        user_roles roles0_ 
    where
        roles0_.user_id=?
Hibernate: 
    select
        roles0_.user_id as user_id1_11_0_,
        roles0_.roles as roles2_11_0_ 
    from
        user_roles roles0_ 
    where
        roles0_.user_id=?
Hibernate: 
    select
        roles0_.user_id as user_id1_11_0_,
        roles0_.roles as roles2_11_0_ 
    from
        user_roles roles0_ 
    where
        roles0_.user_id=?
Hibernate: 
    select
        roles0_.user_id as user_id1_11_0_,
        roles0_.roles as roles2_11_0_ 
    from
        user_roles roles0_ 
    where
        roles0_.user_id=?
Hibernate: 
    select
        roles0_.user_id as user_id1_11_0_,
        roles0_.roles as roles2_11_0_ 
    from
        user_roles roles0_ 
    where
        roles0_.user_id=?
Hibernate: 
    insert 
    into
        meeting_pin
        (created_at, updated_at, category, content, user_id, date, latitude, longitude, max_age, min_age, set_gender, set_limit, title) 
    values
        (?, ?, ?, ?, ?, ?, ?, ?, ?, ?, ?, ?, ?)
Hibernate: 
    select
        user0_.id as id1_10_,
        user0_.created_at as created_2_10_,
        user0_.updated_at as updated_3_10_,
        user0_.age as age4_10_,
        user0_.background_image as backgrou5_10_,
        user0_.email as email6_10_,
        user0_.gender as gender7_10_,
        user0_.hobby as hobby8_10_,
        user0_.introduce as introduc9_10_,
        user0_.job as job10_10_,
        user0_.name as name11_10_,
        user0_.nick_name as nick_na12_10_,
        user0_.phone_num as phone_n13_10_,
        user0_.profile_image as profile14_10_,
        user0_.res_red_number as res_red15_10_,
        user0_.score as score16_10_ 
    from
        user user0_
Hibernate: 
    select
        roles0_.user_id as user_id1_11_0_,
        roles0_.roles as roles2_11_0_ 
    from
        user_roles roles0_ 
    where
        roles0_.user_id=?
Hibernate: 
    select
        roles0_.user_id as user_id1_11_0_,
        roles0_.roles as roles2_11_0_ 
    from
        user_roles roles0_ 
    where
        roles0_.user_id=?
Hibernate: 
    select
        roles0_.user_id as user_id1_11_0_,
        roles0_.roles as roles2_11_0_ 
    from
        user_roles roles0_ 
    where
        roles0_.user_id=?
Hibernate: 
    select
        roles0_.user_id as user_id1_11_0_,
        roles0_.roles as roles2_11_0_ 
    from
        user_roles roles0_ 
    where
        roles0_.user_id=?
Hibernate: 
    select
        roles0_.user_id as user_id1_11_0_,
        roles0_.roles as roles2_11_0_ 
    from
        user_roles roles0_ 
    where
        roles0_.user_id=?
Hibernate: 
    insert 
    into
        meeting_pin
        (created_at, updated_at, category, content, user_id, date, latitude, longitude, max_age, min_age, set_gender, set_limit, title) 
    values
        (?, ?, ?, ?, ?, ?, ?, ?, ?, ?, ?, ?, ?)
Hibernate: 
    select
        user0_.id as id1_10_,
        user0_.created_at as created_2_10_,
        user0_.updated_at as updated_3_10_,
        user0_.age as age4_10_,
        user0_.background_image as backgrou5_10_,
        user0_.email as email6_10_,
        user0_.gender as gender7_10_,
        user0_.hobby as hobby8_10_,
        user0_.introduce as introduc9_10_,
        user0_.job as job10_10_,
        user0_.name as name11_10_,
        user0_.nick_name as nick_na12_10_,
        user0_.phone_num as phone_n13_10_,
        user0_.profile_image as profile14_10_,
        user0_.res_red_number as res_red15_10_,
        user0_.score as score16_10_ 
    from
        user user0_
Hibernate: 
    select
        roles0_.user_id as user_id1_11_0_,
        roles0_.roles as roles2_11_0_ 
    from
        user_roles roles0_ 
    where
        roles0_.user_id=?
Hibernate: 
    select
        roles0_.user_id as user_id1_11_0_,
        roles0_.roles as roles2_11_0_ 
    from
        user_roles roles0_ 
    where
        roles0_.user_id=?
Hibernate: 
    select
        roles0_.user_id as user_id1_11_0_,
        roles0_.roles as roles2_11_0_ 
    from
        user_roles roles0_ 
    where
        roles0_.user_id=?
Hibernate: 
    select
        roles0_.user_id as user_id1_11_0_,
        roles0_.roles as roles2_11_0_ 
    from
        user_roles roles0_ 
    where
        roles0_.user_id=?
Hibernate: 
    select
        roles0_.user_id as user_id1_11_0_,
        roles0_.roles as roles2_11_0_ 
    from
        user_roles roles0_ 
    where
        roles0_.user_id=?
Hibernate: 
    insert 
    into
        meeting_pin
        (created_at, updated_at, category, content, user_id, date, latitude, longitude, max_age, min_age, set_gender, set_limit, title) 
    values
        (?, ?, ?, ?, ?, ?, ?, ?, ?, ?, ?, ?, ?)
Hibernate: 
    select
        user0_.id as id1_10_,
        user0_.created_at as created_2_10_,
        user0_.updated_at as updated_3_10_,
        user0_.age as age4_10_,
        user0_.background_image as backgrou5_10_,
        user0_.email as email6_10_,
        user0_.gender as gender7_10_,
        user0_.hobby as hobby8_10_,
        user0_.introduce as introduc9_10_,
        user0_.job as job10_10_,
        user0_.name as name11_10_,
        user0_.nick_name as nick_na12_10_,
        user0_.phone_num as phone_n13_10_,
        user0_.profile_image as profile14_10_,
        user0_.res_red_number as res_red15_10_,
        user0_.score as score16_10_ 
    from
        user user0_
Hibernate: 
    select
        roles0_.user_id as user_id1_11_0_,
        roles0_.roles as roles2_11_0_ 
    from
        user_roles roles0_ 
    where
        roles0_.user_id=?
Hibernate: 
    select
        roles0_.user_id as user_id1_11_0_,
        roles0_.roles as roles2_11_0_ 
    from
        user_roles roles0_ 
    where
        roles0_.user_id=?
Hibernate: 
    select
        roles0_.user_id as user_id1_11_0_,
        roles0_.roles as roles2_11_0_ 
    from
        user_roles roles0_ 
    where
        roles0_.user_id=?
Hibernate: 
    select
        roles0_.user_id as user_id1_11_0_,
        roles0_.roles as roles2_11_0_ 
    from
        user_roles roles0_ 
    where
        roles0_.user_id=?
Hibernate: 
    select
        roles0_.user_id as user_id1_11_0_,
        roles0_.roles as roles2_11_0_ 
    from
        user_roles roles0_ 
    where
        roles0_.user_id=?
Hibernate: 
    insert 
    into
        meeting_pin
        (created_at, updated_at, category, content, user_id, date, latitude, longitude, max_age, min_age, set_gender, set_limit, title) 
    values
        (?, ?, ?, ?, ?, ?, ?, ?, ?, ?, ?, ?, ?)
Hibernate: 
    select
        user0_.id as id1_10_,
        user0_.created_at as created_2_10_,
        user0_.updated_at as updated_3_10_,
        user0_.age as age4_10_,
        user0_.background_image as backgrou5_10_,
        user0_.email as email6_10_,
        user0_.gender as gender7_10_,
        user0_.hobby as hobby8_10_,
        user0_.introduce as introduc9_10_,
        user0_.job as job10_10_,
        user0_.name as name11_10_,
        user0_.nick_name as nick_na12_10_,
        user0_.phone_num as phone_n13_10_,
        user0_.profile_image as profile14_10_,
        user0_.res_red_number as res_red15_10_,
        user0_.score as score16_10_ 
    from
        user user0_
Hibernate: 
    select
        roles0_.user_id as user_id1_11_0_,
        roles0_.roles as roles2_11_0_ 
    from
        user_roles roles0_ 
    where
        roles0_.user_id=?
Hibernate: 
    select
        roles0_.user_id as user_id1_11_0_,
        roles0_.roles as roles2_11_0_ 
    from
        user_roles roles0_ 
    where
        roles0_.user_id=?
Hibernate: 
    select
        roles0_.user_id as user_id1_11_0_,
        roles0_.roles as roles2_11_0_ 
    from
        user_roles roles0_ 
    where
        roles0_.user_id=?
Hibernate: 
    select
        roles0_.user_id as user_id1_11_0_,
        roles0_.roles as roles2_11_0_ 
    from
        user_roles roles0_ 
    where
        roles0_.user_id=?
Hibernate: 
    select
        roles0_.user_id as user_id1_11_0_,
        roles0_.roles as roles2_11_0_ 
    from
        user_roles roles0_ 
    where
        roles0_.user_id=?
Hibernate: 
    insert 
    into
        meeting_pin
        (created_at, updated_at, category, content, user_id, date, latitude, longitude, max_age, min_age, set_gender, set_limit, title) 
    values
        (?, ?, ?, ?, ?, ?, ?, ?, ?, ?, ?, ?, ?)
Hibernate: 
    select
        user0_.id as id1_10_,
        user0_.created_at as created_2_10_,
        user0_.updated_at as updated_3_10_,
        user0_.age as age4_10_,
        user0_.background_image as backgrou5_10_,
        user0_.email as email6_10_,
        user0_.gender as gender7_10_,
        user0_.hobby as hobby8_10_,
        user0_.introduce as introduc9_10_,
        user0_.job as job10_10_,
        user0_.name as name11_10_,
        user0_.nick_name as nick_na12_10_,
        user0_.phone_num as phone_n13_10_,
        user0_.profile_image as profile14_10_,
        user0_.res_red_number as res_red15_10_,
        user0_.score as score16_10_ 
    from
        user user0_
Hibernate: 
    select
        roles0_.user_id as user_id1_11_0_,
        roles0_.roles as roles2_11_0_ 
    from
        user_roles roles0_ 
    where
        roles0_.user_id=?
Hibernate: 
    select
        roles0_.user_id as user_id1_11_0_,
        roles0_.roles as roles2_11_0_ 
    from
        user_roles roles0_ 
    where
        roles0_.user_id=?
Hibernate: 
    select
        roles0_.user_id as user_id1_11_0_,
        roles0_.roles as roles2_11_0_ 
    from
        user_roles roles0_ 
    where
        roles0_.user_id=?
Hibernate: 
    select
        roles0_.user_id as user_id1_11_0_,
        roles0_.roles as roles2_11_0_ 
    from
        user_roles roles0_ 
    where
        roles0_.user_id=?
Hibernate: 
    select
        roles0_.user_id as user_id1_11_0_,
        roles0_.roles as roles2_11_0_ 
    from
        user_roles roles0_ 
    where
        roles0_.user_id=?
Hibernate: 
    insert 
    into
        meeting_pin
        (created_at, updated_at, category, content, user_id, date, latitude, longitude, max_age, min_age, set_gender, set_limit, title) 
    values
        (?, ?, ?, ?, ?, ?, ?, ?, ?, ?, ?, ?, ?)
Hibernate: 
    select
        user0_.id as id1_10_,
        user0_.created_at as created_2_10_,
        user0_.updated_at as updated_3_10_,
        user0_.age as age4_10_,
        user0_.background_image as backgrou5_10_,
        user0_.email as email6_10_,
        user0_.gender as gender7_10_,
        user0_.hobby as hobby8_10_,
        user0_.introduce as introduc9_10_,
        user0_.job as job10_10_,
        user0_.name as name11_10_,
        user0_.nick_name as nick_na12_10_,
        user0_.phone_num as phone_n13_10_,
        user0_.profile_image as profile14_10_,
        user0_.res_red_number as res_red15_10_,
        user0_.score as score16_10_ 
    from
        user user0_
Hibernate: 
    select
        roles0_.user_id as user_id1_11_0_,
        roles0_.roles as roles2_11_0_ 
    from
        user_roles roles0_ 
    where
        roles0_.user_id=?
Hibernate: 
    select
        roles0_.user_id as user_id1_11_0_,
        roles0_.roles as roles2_11_0_ 
    from
        user_roles roles0_ 
    where
        roles0_.user_id=?
Hibernate: 
    select
        roles0_.user_id as user_id1_11_0_,
        roles0_.roles as roles2_11_0_ 
    from
        user_roles roles0_ 
    where
        roles0_.user_id=?
Hibernate: 
    select
        roles0_.user_id as user_id1_11_0_,
        roles0_.roles as roles2_11_0_ 
    from
        user_roles roles0_ 
    where
        roles0_.user_id=?
Hibernate: 
    select
        roles0_.user_id as user_id1_11_0_,
        roles0_.roles as roles2_11_0_ 
    from
        user_roles roles0_ 
    where
        roles0_.user_id=?
Hibernate: 
    insert 
    into
        meeting_pin
        (created_at, updated_at, category, content, user_id, date, latitude, longitude, max_age, min_age, set_gender, set_limit, title) 
    values
        (?, ?, ?, ?, ?, ?, ?, ?, ?, ?, ?, ?, ?)
Hibernate: 
    select
        user0_.id as id1_10_,
        user0_.created_at as created_2_10_,
        user0_.updated_at as updated_3_10_,
        user0_.age as age4_10_,
        user0_.background_image as backgrou5_10_,
        user0_.email as email6_10_,
        user0_.gender as gender7_10_,
        user0_.hobby as hobby8_10_,
        user0_.introduce as introduc9_10_,
        user0_.job as job10_10_,
        user0_.name as name11_10_,
        user0_.nick_name as nick_na12_10_,
        user0_.phone_num as phone_n13_10_,
        user0_.profile_image as profile14_10_,
        user0_.res_red_number as res_red15_10_,
        user0_.score as score16_10_ 
    from
        user user0_
Hibernate: 
    select
        roles0_.user_id as user_id1_11_0_,
        roles0_.roles as roles2_11_0_ 
    from
        user_roles roles0_ 
    where
        roles0_.user_id=?
Hibernate: 
    select
        roles0_.user_id as user_id1_11_0_,
        roles0_.roles as roles2_11_0_ 
    from
        user_roles roles0_ 
    where
        roles0_.user_id=?
Hibernate: 
    select
        roles0_.user_id as user_id1_11_0_,
        roles0_.roles as roles2_11_0_ 
    from
        user_roles roles0_ 
    where
        roles0_.user_id=?
Hibernate: 
    select
        roles0_.user_id as user_id1_11_0_,
        roles0_.roles as roles2_11_0_ 
    from
        user_roles roles0_ 
    where
        roles0_.user_id=?
Hibernate: 
    select
        roles0_.user_id as user_id1_11_0_,
        roles0_.roles as roles2_11_0_ 
    from
        user_roles roles0_ 
    where
        roles0_.user_id=?
Hibernate: 
    insert 
    into
        meeting_pin
        (created_at, updated_at, category, content, user_id, date, latitude, longitude, max_age, min_age, set_gender, set_limit, title) 
    values
        (?, ?, ?, ?, ?, ?, ?, ?, ?, ?, ?, ?, ?)
Hibernate: 
    select
        user0_.id as id1_10_,
        user0_.created_at as created_2_10_,
        user0_.updated_at as updated_3_10_,
        user0_.age as age4_10_,
        user0_.background_image as backgrou5_10_,
        user0_.email as email6_10_,
        user0_.gender as gender7_10_,
        user0_.hobby as hobby8_10_,
        user0_.introduce as introduc9_10_,
        user0_.job as job10_10_,
        user0_.name as name11_10_,
        user0_.nick_name as nick_na12_10_,
        user0_.phone_num as phone_n13_10_,
        user0_.profile_image as profile14_10_,
        user0_.res_red_number as res_red15_10_,
        user0_.score as score16_10_ 
    from
        user user0_
Hibernate: 
    select
        roles0_.user_id as user_id1_11_0_,
        roles0_.roles as roles2_11_0_ 
    from
        user_roles roles0_ 
    where
        roles0_.user_id=?
Hibernate: 
    select
        roles0_.user_id as user_id1_11_0_,
        roles0_.roles as roles2_11_0_ 
    from
        user_roles roles0_ 
    where
        roles0_.user_id=?
Hibernate: 
    select
        roles0_.user_id as user_id1_11_0_,
        roles0_.roles as roles2_11_0_ 
    from
        user_roles roles0_ 
    where
        roles0_.user_id=?
Hibernate: 
    select
        roles0_.user_id as user_id1_11_0_,
        roles0_.roles as roles2_11_0_ 
    from
        user_roles roles0_ 
    where
        roles0_.user_id=?
Hibernate: 
    select
        roles0_.user_id as user_id1_11_0_,
        roles0_.roles as roles2_11_0_ 
    from
        user_roles roles0_ 
    where
        roles0_.user_id=?
Hibernate: 
    insert 
    into
        meeting_pin
        (created_at, updated_at, category, content, user_id, date, latitude, longitude, max_age, min_age, set_gender, set_limit, title) 
    values
        (?, ?, ?, ?, ?, ?, ?, ?, ?, ?, ?, ?, ?)
Hibernate: 
    select
        user0_.id as id1_10_,
        user0_.created_at as created_2_10_,
        user0_.updated_at as updated_3_10_,
        user0_.age as age4_10_,
        user0_.background_image as backgrou5_10_,
        user0_.email as email6_10_,
        user0_.gender as gender7_10_,
        user0_.hobby as hobby8_10_,
        user0_.introduce as introduc9_10_,
        user0_.job as job10_10_,
        user0_.name as name11_10_,
        user0_.nick_name as nick_na12_10_,
        user0_.phone_num as phone_n13_10_,
        user0_.profile_image as profile14_10_,
        user0_.res_red_number as res_red15_10_,
        user0_.score as score16_10_ 
    from
        user user0_
Hibernate: 
    select
        roles0_.user_id as user_id1_11_0_,
        roles0_.roles as roles2_11_0_ 
    from
        user_roles roles0_ 
    where
        roles0_.user_id=?
Hibernate: 
    select
        roles0_.user_id as user_id1_11_0_,
        roles0_.roles as roles2_11_0_ 
    from
        user_roles roles0_ 
    where
        roles0_.user_id=?
Hibernate: 
    select
        roles0_.user_id as user_id1_11_0_,
        roles0_.roles as roles2_11_0_ 
    from
        user_roles roles0_ 
    where
        roles0_.user_id=?
Hibernate: 
    select
        roles0_.user_id as user_id1_11_0_,
        roles0_.roles as roles2_11_0_ 
    from
        user_roles roles0_ 
    where
        roles0_.user_id=?
Hibernate: 
    select
        roles0_.user_id as user_id1_11_0_,
        roles0_.roles as roles2_11_0_ 
    from
        user_roles roles0_ 
    where
        roles0_.user_id=?
Hibernate: 
    insert 
    into
        meeting_pin
        (created_at, updated_at, category, content, user_id, date, latitude, longitude, max_age, min_age, set_gender, set_limit, title) 
    values
        (?, ?, ?, ?, ?, ?, ?, ?, ?, ?, ?, ?, ?)
Hibernate: 
    select
        user0_.id as id1_10_,
        user0_.created_at as created_2_10_,
        user0_.updated_at as updated_3_10_,
        user0_.age as age4_10_,
        user0_.background_image as backgrou5_10_,
        user0_.email as email6_10_,
        user0_.gender as gender7_10_,
        user0_.hobby as hobby8_10_,
        user0_.introduce as introduc9_10_,
        user0_.job as job10_10_,
        user0_.name as name11_10_,
        user0_.nick_name as nick_na12_10_,
        user0_.phone_num as phone_n13_10_,
        user0_.profile_image as profile14_10_,
        user0_.res_red_number as res_red15_10_,
        user0_.score as score16_10_ 
    from
        user user0_
Hibernate: 
    select
        roles0_.user_id as user_id1_11_0_,
        roles0_.roles as roles2_11_0_ 
    from
        user_roles roles0_ 
    where
        roles0_.user_id=?
Hibernate: 
    select
        roles0_.user_id as user_id1_11_0_,
        roles0_.roles as roles2_11_0_ 
    from
        user_roles roles0_ 
    where
        roles0_.user_id=?
Hibernate: 
    select
        roles0_.user_id as user_id1_11_0_,
        roles0_.roles as roles2_11_0_ 
    from
        user_roles roles0_ 
    where
        roles0_.user_id=?
Hibernate: 
    select
        roles0_.user_id as user_id1_11_0_,
        roles0_.roles as roles2_11_0_ 
    from
        user_roles roles0_ 
    where
        roles0_.user_id=?
Hibernate: 
    select
        roles0_.user_id as user_id1_11_0_,
        roles0_.roles as roles2_11_0_ 
    from
        user_roles roles0_ 
    where
        roles0_.user_id=?
Hibernate: 
    insert 
    into
        meeting_pin
        (created_at, updated_at, category, content, user_id, date, latitude, longitude, max_age, min_age, set_gender, set_limit, title) 
    values
        (?, ?, ?, ?, ?, ?, ?, ?, ?, ?, ?, ?, ?)
Hibernate: 
    select
        user0_.id as id1_10_,
        user0_.created_at as created_2_10_,
        user0_.updated_at as updated_3_10_,
        user0_.age as age4_10_,
        user0_.background_image as backgrou5_10_,
        user0_.email as email6_10_,
        user0_.gender as gender7_10_,
        user0_.hobby as hobby8_10_,
        user0_.introduce as introduc9_10_,
        user0_.job as job10_10_,
        user0_.name as name11_10_,
        user0_.nick_name as nick_na12_10_,
        user0_.phone_num as phone_n13_10_,
        user0_.profile_image as profile14_10_,
        user0_.res_red_number as res_red15_10_,
        user0_.score as score16_10_ 
    from
        user user0_
Hibernate: 
    select
        roles0_.user_id as user_id1_11_0_,
        roles0_.roles as roles2_11_0_ 
    from
        user_roles roles0_ 
    where
        roles0_.user_id=?
Hibernate: 
    select
        roles0_.user_id as user_id1_11_0_,
        roles0_.roles as roles2_11_0_ 
    from
        user_roles roles0_ 
    where
        roles0_.user_id=?
Hibernate: 
    select
        roles0_.user_id as user_id1_11_0_,
        roles0_.roles as roles2_11_0_ 
    from
        user_roles roles0_ 
    where
        roles0_.user_id=?
Hibernate: 
    select
        roles0_.user_id as user_id1_11_0_,
        roles0_.roles as roles2_11_0_ 
    from
        user_roles roles0_ 
    where
        roles0_.user_id=?
Hibernate: 
    select
        roles0_.user_id as user_id1_11_0_,
        roles0_.roles as roles2_11_0_ 
    from
        user_roles roles0_ 
    where
        roles0_.user_id=?
Hibernate: 
    insert 
    into
        meeting_pin
        (created_at, updated_at, category, content, user_id, date, latitude, longitude, max_age, min_age, set_gender, set_limit, title) 
    values
        (?, ?, ?, ?, ?, ?, ?, ?, ?, ?, ?, ?, ?)
Hibernate: 
    select
        user0_.id as id1_10_,
        user0_.created_at as created_2_10_,
        user0_.updated_at as updated_3_10_,
        user0_.age as age4_10_,
        user0_.background_image as backgrou5_10_,
        user0_.email as email6_10_,
        user0_.gender as gender7_10_,
        user0_.hobby as hobby8_10_,
        user0_.introduce as introduc9_10_,
        user0_.job as job10_10_,
        user0_.name as name11_10_,
        user0_.nick_name as nick_na12_10_,
        user0_.phone_num as phone_n13_10_,
        user0_.profile_image as profile14_10_,
        user0_.res_red_number as res_red15_10_,
        user0_.score as score16_10_ 
    from
        user user0_
Hibernate: 
    select
        roles0_.user_id as user_id1_11_0_,
        roles0_.roles as roles2_11_0_ 
    from
        user_roles roles0_ 
    where
        roles0_.user_id=?
Hibernate: 
    select
        roles0_.user_id as user_id1_11_0_,
        roles0_.roles as roles2_11_0_ 
    from
        user_roles roles0_ 
    where
        roles0_.user_id=?
Hibernate: 
    select
        roles0_.user_id as user_id1_11_0_,
        roles0_.roles as roles2_11_0_ 
    from
        user_roles roles0_ 
    where
        roles0_.user_id=?
Hibernate: 
    select
        roles0_.user_id as user_id1_11_0_,
        roles0_.roles as roles2_11_0_ 
    from
        user_roles roles0_ 
    where
        roles0_.user_id=?
Hibernate: 
    select
        roles0_.user_id as user_id1_11_0_,
        roles0_.roles as roles2_11_0_ 
    from
        user_roles roles0_ 
    where
        roles0_.user_id=?
Hibernate: 
    insert 
    into
        meeting_pin
        (created_at, updated_at, category, content, user_id, date, latitude, longitude, max_age, min_age, set_gender, set_limit, title) 
    values
        (?, ?, ?, ?, ?, ?, ?, ?, ?, ?, ?, ?, ?)
Hibernate: 
    select
        user0_.id as id1_10_,
        user0_.created_at as created_2_10_,
        user0_.updated_at as updated_3_10_,
        user0_.age as age4_10_,
        user0_.background_image as backgrou5_10_,
        user0_.email as email6_10_,
        user0_.gender as gender7_10_,
        user0_.hobby as hobby8_10_,
        user0_.introduce as introduc9_10_,
        user0_.job as job10_10_,
        user0_.name as name11_10_,
        user0_.nick_name as nick_na12_10_,
        user0_.phone_num as phone_n13_10_,
        user0_.profile_image as profile14_10_,
        user0_.res_red_number as res_red15_10_,
        user0_.score as score16_10_ 
    from
        user user0_
Hibernate: 
    select
        roles0_.user_id as user_id1_11_0_,
        roles0_.roles as roles2_11_0_ 
    from
        user_roles roles0_ 
    where
        roles0_.user_id=?
Hibernate: 
    select
        roles0_.user_id as user_id1_11_0_,
        roles0_.roles as roles2_11_0_ 
    from
        user_roles roles0_ 
    where
        roles0_.user_id=?
Hibernate: 
    select
        roles0_.user_id as user_id1_11_0_,
        roles0_.roles as roles2_11_0_ 
    from
        user_roles roles0_ 
    where
        roles0_.user_id=?
Hibernate: 
    select
        roles0_.user_id as user_id1_11_0_,
        roles0_.roles as roles2_11_0_ 
    from
        user_roles roles0_ 
    where
        roles0_.user_id=?
Hibernate: 
    select
        roles0_.user_id as user_id1_11_0_,
        roles0_.roles as roles2_11_0_ 
    from
        user_roles roles0_ 
    where
        roles0_.user_id=?
Hibernate: 
    insert 
    into
        meeting_pin
        (created_at, updated_at, category, content, user_id, date, latitude, longitude, max_age, min_age, set_gender, set_limit, title) 
    values
        (?, ?, ?, ?, ?, ?, ?, ?, ?, ?, ?, ?, ?)
Hibernate: 
    select
        user0_.id as id1_10_,
        user0_.created_at as created_2_10_,
        user0_.updated_at as updated_3_10_,
        user0_.age as age4_10_,
        user0_.background_image as backgrou5_10_,
        user0_.email as email6_10_,
        user0_.gender as gender7_10_,
        user0_.hobby as hobby8_10_,
        user0_.introduce as introduc9_10_,
        user0_.job as job10_10_,
        user0_.name as name11_10_,
        user0_.nick_name as nick_na12_10_,
        user0_.phone_num as phone_n13_10_,
        user0_.profile_image as profile14_10_,
        user0_.res_red_number as res_red15_10_,
        user0_.score as score16_10_ 
    from
        user user0_
Hibernate: 
    select
        roles0_.user_id as user_id1_11_0_,
        roles0_.roles as roles2_11_0_ 
    from
        user_roles roles0_ 
    where
        roles0_.user_id=?
Hibernate: 
    select
        roles0_.user_id as user_id1_11_0_,
        roles0_.roles as roles2_11_0_ 
    from
        user_roles roles0_ 
    where
        roles0_.user_id=?
Hibernate: 
    select
        roles0_.user_id as user_id1_11_0_,
        roles0_.roles as roles2_11_0_ 
    from
        user_roles roles0_ 
    where
        roles0_.user_id=?
Hibernate: 
    select
        roles0_.user_id as user_id1_11_0_,
        roles0_.roles as roles2_11_0_ 
    from
        user_roles roles0_ 
    where
        roles0_.user_id=?
Hibernate: 
    select
        roles0_.user_id as user_id1_11_0_,
        roles0_.roles as roles2_11_0_ 
    from
        user_roles roles0_ 
    where
        roles0_.user_id=?
Hibernate: 
    insert 
    into
        meeting_pin
        (created_at, updated_at, category, content, user_id, date, latitude, longitude, max_age, min_age, set_gender, set_limit, title) 
    values
        (?, ?, ?, ?, ?, ?, ?, ?, ?, ?, ?, ?, ?)
Hibernate: 
    select
        user0_.id as id1_10_,
        user0_.created_at as created_2_10_,
        user0_.updated_at as updated_3_10_,
        user0_.age as age4_10_,
        user0_.background_image as backgrou5_10_,
        user0_.email as email6_10_,
        user0_.gender as gender7_10_,
        user0_.hobby as hobby8_10_,
        user0_.introduce as introduc9_10_,
        user0_.job as job10_10_,
        user0_.name as name11_10_,
        user0_.nick_name as nick_na12_10_,
        user0_.phone_num as phone_n13_10_,
        user0_.profile_image as profile14_10_,
        user0_.res_red_number as res_red15_10_,
        user0_.score as score16_10_ 
    from
        user user0_
Hibernate: 
    select
        roles0_.user_id as user_id1_11_0_,
        roles0_.roles as roles2_11_0_ 
    from
        user_roles roles0_ 
    where
        roles0_.user_id=?
Hibernate: 
    select
        roles0_.user_id as user_id1_11_0_,
        roles0_.roles as roles2_11_0_ 
    from
        user_roles roles0_ 
    where
        roles0_.user_id=?
Hibernate: 
    select
        roles0_.user_id as user_id1_11_0_,
        roles0_.roles as roles2_11_0_ 
    from
        user_roles roles0_ 
    where
        roles0_.user_id=?
Hibernate: 
    select
        roles0_.user_id as user_id1_11_0_,
        roles0_.roles as roles2_11_0_ 
    from
        user_roles roles0_ 
    where
        roles0_.user_id=?
Hibernate: 
    select
        roles0_.user_id as user_id1_11_0_,
        roles0_.roles as roles2_11_0_ 
    from
        user_roles roles0_ 
    where
        roles0_.user_id=?
Hibernate: 
    insert 
    into
        meeting_pin
        (created_at, updated_at, category, content, user_id, date, latitude, longitude, max_age, min_age, set_gender, set_limit, title) 
    values
        (?, ?, ?, ?, ?, ?, ?, ?, ?, ?, ?, ?, ?)
Hibernate: 
    select
        user0_.id as id1_10_,
        user0_.created_at as created_2_10_,
        user0_.updated_at as updated_3_10_,
        user0_.age as age4_10_,
        user0_.background_image as backgrou5_10_,
        user0_.email as email6_10_,
        user0_.gender as gender7_10_,
        user0_.hobby as hobby8_10_,
        user0_.introduce as introduc9_10_,
        user0_.job as job10_10_,
        user0_.name as name11_10_,
        user0_.nick_name as nick_na12_10_,
        user0_.phone_num as phone_n13_10_,
        user0_.profile_image as profile14_10_,
        user0_.res_red_number as res_red15_10_,
        user0_.score as score16_10_ 
    from
        user user0_
Hibernate: 
    select
        roles0_.user_id as user_id1_11_0_,
        roles0_.roles as roles2_11_0_ 
    from
        user_roles roles0_ 
    where
        roles0_.user_id=?
Hibernate: 
    select
        roles0_.user_id as user_id1_11_0_,
        roles0_.roles as roles2_11_0_ 
    from
        user_roles roles0_ 
    where
        roles0_.user_id=?
Hibernate: 
    select
        roles0_.user_id as user_id1_11_0_,
        roles0_.roles as roles2_11_0_ 
    from
        user_roles roles0_ 
    where
        roles0_.user_id=?
Hibernate: 
    select
        roles0_.user_id as user_id1_11_0_,
        roles0_.roles as roles2_11_0_ 
    from
        user_roles roles0_ 
    where
        roles0_.user_id=?
Hibernate: 
    select
        roles0_.user_id as user_id1_11_0_,
        roles0_.roles as roles2_11_0_ 
    from
        user_roles roles0_ 
    where
        roles0_.user_id=?
Hibernate: 
    insert 
    into
        meeting_pin
        (created_at, updated_at, category, content, user_id, date, latitude, longitude, max_age, min_age, set_gender, set_limit, title) 
    values
        (?, ?, ?, ?, ?, ?, ?, ?, ?, ?, ?, ?, ?)
Hibernate: 
    select
        user0_.id as id1_10_,
        user0_.created_at as created_2_10_,
        user0_.updated_at as updated_3_10_,
        user0_.age as age4_10_,
        user0_.background_image as backgrou5_10_,
        user0_.email as email6_10_,
        user0_.gender as gender7_10_,
        user0_.hobby as hobby8_10_,
        user0_.introduce as introduc9_10_,
        user0_.job as job10_10_,
        user0_.name as name11_10_,
        user0_.nick_name as nick_na12_10_,
        user0_.phone_num as phone_n13_10_,
        user0_.profile_image as profile14_10_,
        user0_.res_red_number as res_red15_10_,
        user0_.score as score16_10_ 
    from
        user user0_
Hibernate: 
    select
        roles0_.user_id as user_id1_11_0_,
        roles0_.roles as roles2_11_0_ 
    from
        user_roles roles0_ 
    where
        roles0_.user_id=?
Hibernate: 
    select
        roles0_.user_id as user_id1_11_0_,
        roles0_.roles as roles2_11_0_ 
    from
        user_roles roles0_ 
    where
        roles0_.user_id=?
Hibernate: 
    select
        roles0_.user_id as user_id1_11_0_,
        roles0_.roles as roles2_11_0_ 
    from
        user_roles roles0_ 
    where
        roles0_.user_id=?
Hibernate: 
    select
        roles0_.user_id as user_id1_11_0_,
        roles0_.roles as roles2_11_0_ 
    from
        user_roles roles0_ 
    where
        roles0_.user_id=?
Hibernate: 
    select
        roles0_.user_id as user_id1_11_0_,
        roles0_.roles as roles2_11_0_ 
    from
        user_roles roles0_ 
    where
        roles0_.user_id=?
Hibernate: 
    insert 
    into
        meeting_pin
        (created_at, updated_at, category, content, user_id, date, latitude, longitude, max_age, min_age, set_gender, set_limit, title) 
    values
        (?, ?, ?, ?, ?, ?, ?, ?, ?, ?, ?, ?, ?)
Hibernate: 
    select
        user0_.id as id1_10_,
        user0_.created_at as created_2_10_,
        user0_.updated_at as updated_3_10_,
        user0_.age as age4_10_,
        user0_.background_image as backgrou5_10_,
        user0_.email as email6_10_,
        user0_.gender as gender7_10_,
        user0_.hobby as hobby8_10_,
        user0_.introduce as introduc9_10_,
        user0_.job as job10_10_,
        user0_.name as name11_10_,
        user0_.nick_name as nick_na12_10_,
        user0_.phone_num as phone_n13_10_,
        user0_.profile_image as profile14_10_,
        user0_.res_red_number as res_red15_10_,
        user0_.score as score16_10_ 
    from
        user user0_
Hibernate: 
    select
        roles0_.user_id as user_id1_11_0_,
        roles0_.roles as roles2_11_0_ 
    from
        user_roles roles0_ 
    where
        roles0_.user_id=?
Hibernate: 
    select
        roles0_.user_id as user_id1_11_0_,
        roles0_.roles as roles2_11_0_ 
    from
        user_roles roles0_ 
    where
        roles0_.user_id=?
Hibernate: 
    select
        roles0_.user_id as user_id1_11_0_,
        roles0_.roles as roles2_11_0_ 
    from
        user_roles roles0_ 
    where
        roles0_.user_id=?
Hibernate: 
    select
        roles0_.user_id as user_id1_11_0_,
        roles0_.roles as roles2_11_0_ 
    from
        user_roles roles0_ 
    where
        roles0_.user_id=?
Hibernate: 
    select
        roles0_.user_id as user_id1_11_0_,
        roles0_.roles as roles2_11_0_ 
    from
        user_roles roles0_ 
    where
        roles0_.user_id=?
Hibernate: 
    insert 
    into
        meeting_pin
        (created_at, updated_at, category, content, user_id, date, latitude, longitude, max_age, min_age, set_gender, set_limit, title) 
    values
        (?, ?, ?, ?, ?, ?, ?, ?, ?, ?, ?, ?, ?)
Hibernate: 
    select
        user0_.id as id1_10_,
        user0_.created_at as created_2_10_,
        user0_.updated_at as updated_3_10_,
        user0_.age as age4_10_,
        user0_.background_image as backgrou5_10_,
        user0_.email as email6_10_,
        user0_.gender as gender7_10_,
        user0_.hobby as hobby8_10_,
        user0_.introduce as introduc9_10_,
        user0_.job as job10_10_,
        user0_.name as name11_10_,
        user0_.nick_name as nick_na12_10_,
        user0_.phone_num as phone_n13_10_,
        user0_.profile_image as profile14_10_,
        user0_.res_red_number as res_red15_10_,
        user0_.score as score16_10_ 
    from
        user user0_
Hibernate: 
    select
        roles0_.user_id as user_id1_11_0_,
        roles0_.roles as roles2_11_0_ 
    from
        user_roles roles0_ 
    where
        roles0_.user_id=?
Hibernate: 
    select
        roles0_.user_id as user_id1_11_0_,
        roles0_.roles as roles2_11_0_ 
    from
        user_roles roles0_ 
    where
        roles0_.user_id=?
Hibernate: 
    select
        roles0_.user_id as user_id1_11_0_,
        roles0_.roles as roles2_11_0_ 
    from
        user_roles roles0_ 
    where
        roles0_.user_id=?
Hibernate: 
    select
        roles0_.user_id as user_id1_11_0_,
        roles0_.roles as roles2_11_0_ 
    from
        user_roles roles0_ 
    where
        roles0_.user_id=?
Hibernate: 
    select
        roles0_.user_id as user_id1_11_0_,
        roles0_.roles as roles2_11_0_ 
    from
        user_roles roles0_ 
    where
        roles0_.user_id=?
Hibernate: 
    insert 
    into
        meeting_pin
        (created_at, updated_at, category, content, user_id, date, latitude, longitude, max_age, min_age, set_gender, set_limit, title) 
    values
        (?, ?, ?, ?, ?, ?, ?, ?, ?, ?, ?, ?, ?)
Hibernate: 
    select
        user0_.id as id1_10_,
        user0_.created_at as created_2_10_,
        user0_.updated_at as updated_3_10_,
        user0_.age as age4_10_,
        user0_.background_image as backgrou5_10_,
        user0_.email as email6_10_,
        user0_.gender as gender7_10_,
        user0_.hobby as hobby8_10_,
        user0_.introduce as introduc9_10_,
        user0_.job as job10_10_,
        user0_.name as name11_10_,
        user0_.nick_name as nick_na12_10_,
        user0_.phone_num as phone_n13_10_,
        user0_.profile_image as profile14_10_,
        user0_.res_red_number as res_red15_10_,
        user0_.score as score16_10_ 
    from
        user user0_
Hibernate: 
    select
        roles0_.user_id as user_id1_11_0_,
        roles0_.roles as roles2_11_0_ 
    from
        user_roles roles0_ 
    where
        roles0_.user_id=?
Hibernate: 
    select
        roles0_.user_id as user_id1_11_0_,
        roles0_.roles as roles2_11_0_ 
    from
        user_roles roles0_ 
    where
        roles0_.user_id=?
Hibernate: 
    select
        roles0_.user_id as user_id1_11_0_,
        roles0_.roles as roles2_11_0_ 
    from
        user_roles roles0_ 
    where
        roles0_.user_id=?
Hibernate: 
    select
        roles0_.user_id as user_id1_11_0_,
        roles0_.roles as roles2_11_0_ 
    from
        user_roles roles0_ 
    where
        roles0_.user_id=?
Hibernate: 
    select
        roles0_.user_id as user_id1_11_0_,
        roles0_.roles as roles2_11_0_ 
    from
        user_roles roles0_ 
    where
        roles0_.user_id=?
Hibernate: 
    insert 
    into
        meeting_pin
        (created_at, updated_at, category, content, user_id, date, latitude, longitude, max_age, min_age, set_gender, set_limit, title) 
    values
        (?, ?, ?, ?, ?, ?, ?, ?, ?, ?, ?, ?, ?)
Hibernate: 
    select
        user0_.id as id1_10_,
        user0_.created_at as created_2_10_,
        user0_.updated_at as updated_3_10_,
        user0_.age as age4_10_,
        user0_.background_image as backgrou5_10_,
        user0_.email as email6_10_,
        user0_.gender as gender7_10_,
        user0_.hobby as hobby8_10_,
        user0_.introduce as introduc9_10_,
        user0_.job as job10_10_,
        user0_.name as name11_10_,
        user0_.nick_name as nick_na12_10_,
        user0_.phone_num as phone_n13_10_,
        user0_.profile_image as profile14_10_,
        user0_.res_red_number as res_red15_10_,
        user0_.score as score16_10_ 
    from
        user user0_
Hibernate: 
    select
        roles0_.user_id as user_id1_11_0_,
        roles0_.roles as roles2_11_0_ 
    from
        user_roles roles0_ 
    where
        roles0_.user_id=?
Hibernate: 
    select
        roles0_.user_id as user_id1_11_0_,
        roles0_.roles as roles2_11_0_ 
    from
        user_roles roles0_ 
    where
        roles0_.user_id=?
Hibernate: 
    select
        roles0_.user_id as user_id1_11_0_,
        roles0_.roles as roles2_11_0_ 
    from
        user_roles roles0_ 
    where
        roles0_.user_id=?
Hibernate: 
    select
        roles0_.user_id as user_id1_11_0_,
        roles0_.roles as roles2_11_0_ 
    from
        user_roles roles0_ 
    where
        roles0_.user_id=?
Hibernate: 
    select
        roles0_.user_id as user_id1_11_0_,
        roles0_.roles as roles2_11_0_ 
    from
        user_roles roles0_ 
    where
        roles0_.user_id=?
Hibernate: 
    insert 
    into
        meeting_pin
        (created_at, updated_at, category, content, user_id, date, latitude, longitude, max_age, min_age, set_gender, set_limit, title) 
    values
        (?, ?, ?, ?, ?, ?, ?, ?, ?, ?, ?, ?, ?)
Hibernate: 
    select
        user0_.id as id1_10_,
        user0_.created_at as created_2_10_,
        user0_.updated_at as updated_3_10_,
        user0_.age as age4_10_,
        user0_.background_image as backgrou5_10_,
        user0_.email as email6_10_,
        user0_.gender as gender7_10_,
        user0_.hobby as hobby8_10_,
        user0_.introduce as introduc9_10_,
        user0_.job as job10_10_,
        user0_.name as name11_10_,
        user0_.nick_name as nick_na12_10_,
        user0_.phone_num as phone_n13_10_,
        user0_.profile_image as profile14_10_,
        user0_.res_red_number as res_red15_10_,
        user0_.score as score16_10_ 
    from
        user user0_
Hibernate: 
    select
        roles0_.user_id as user_id1_11_0_,
        roles0_.roles as roles2_11_0_ 
    from
        user_roles roles0_ 
    where
        roles0_.user_id=?
Hibernate: 
    select
        roles0_.user_id as user_id1_11_0_,
        roles0_.roles as roles2_11_0_ 
    from
        user_roles roles0_ 
    where
        roles0_.user_id=?
Hibernate: 
    select
        roles0_.user_id as user_id1_11_0_,
        roles0_.roles as roles2_11_0_ 
    from
        user_roles roles0_ 
    where
        roles0_.user_id=?
Hibernate: 
    select
        roles0_.user_id as user_id1_11_0_,
        roles0_.roles as roles2_11_0_ 
    from
        user_roles roles0_ 
    where
        roles0_.user_id=?
Hibernate: 
    select
        roles0_.user_id as user_id1_11_0_,
        roles0_.roles as roles2_11_0_ 
    from
        user_roles roles0_ 
    where
        roles0_.user_id=?
Hibernate: 
    insert 
    into
        meeting_pin
        (created_at, updated_at, category, content, user_id, date, latitude, longitude, max_age, min_age, set_gender, set_limit, title) 
    values
        (?, ?, ?, ?, ?, ?, ?, ?, ?, ?, ?, ?, ?)
Hibernate: 
    select
        user0_.id as id1_10_,
        user0_.created_at as created_2_10_,
        user0_.updated_at as updated_3_10_,
        user0_.age as age4_10_,
        user0_.background_image as backgrou5_10_,
        user0_.email as email6_10_,
        user0_.gender as gender7_10_,
        user0_.hobby as hobby8_10_,
        user0_.introduce as introduc9_10_,
        user0_.job as job10_10_,
        user0_.name as name11_10_,
        user0_.nick_name as nick_na12_10_,
        user0_.phone_num as phone_n13_10_,
        user0_.profile_image as profile14_10_,
        user0_.res_red_number as res_red15_10_,
        user0_.score as score16_10_ 
    from
        user user0_
Hibernate: 
    select
        roles0_.user_id as user_id1_11_0_,
        roles0_.roles as roles2_11_0_ 
    from
        user_roles roles0_ 
    where
        roles0_.user_id=?
Hibernate: 
    select
        roles0_.user_id as user_id1_11_0_,
        roles0_.roles as roles2_11_0_ 
    from
        user_roles roles0_ 
    where
        roles0_.user_id=?
Hibernate: 
    select
        roles0_.user_id as user_id1_11_0_,
        roles0_.roles as roles2_11_0_ 
    from
        user_roles roles0_ 
    where
        roles0_.user_id=?
Hibernate: 
    select
        roles0_.user_id as user_id1_11_0_,
        roles0_.roles as roles2_11_0_ 
    from
        user_roles roles0_ 
    where
        roles0_.user_id=?
Hibernate: 
    select
        roles0_.user_id as user_id1_11_0_,
        roles0_.roles as roles2_11_0_ 
    from
        user_roles roles0_ 
    where
        roles0_.user_id=?
Hibernate: 
    insert 
    into
        meeting_pin
        (created_at, updated_at, category, content, user_id, date, latitude, longitude, max_age, min_age, set_gender, set_limit, title) 
    values
        (?, ?, ?, ?, ?, ?, ?, ?, ?, ?, ?, ?, ?)
Hibernate: 
    select
        user0_.id as id1_10_,
        user0_.created_at as created_2_10_,
        user0_.updated_at as updated_3_10_,
        user0_.age as age4_10_,
        user0_.background_image as backgrou5_10_,
        user0_.email as email6_10_,
        user0_.gender as gender7_10_,
        user0_.hobby as hobby8_10_,
        user0_.introduce as introduc9_10_,
        user0_.job as job10_10_,
        user0_.name as name11_10_,
        user0_.nick_name as nick_na12_10_,
        user0_.phone_num as phone_n13_10_,
        user0_.profile_image as profile14_10_,
        user0_.res_red_number as res_red15_10_,
        user0_.score as score16_10_ 
    from
        user user0_
Hibernate: 
    select
        roles0_.user_id as user_id1_11_0_,
        roles0_.roles as roles2_11_0_ 
    from
        user_roles roles0_ 
    where
        roles0_.user_id=?
Hibernate: 
    select
        roles0_.user_id as user_id1_11_0_,
        roles0_.roles as roles2_11_0_ 
    from
        user_roles roles0_ 
    where
        roles0_.user_id=?
Hibernate: 
    select
        roles0_.user_id as user_id1_11_0_,
        roles0_.roles as roles2_11_0_ 
    from
        user_roles roles0_ 
    where
        roles0_.user_id=?
Hibernate: 
    select
        roles0_.user_id as user_id1_11_0_,
        roles0_.roles as roles2_11_0_ 
    from
        user_roles roles0_ 
    where
        roles0_.user_id=?
Hibernate: 
    select
        roles0_.user_id as user_id1_11_0_,
        roles0_.roles as roles2_11_0_ 
    from
        user_roles roles0_ 
    where
        roles0_.user_id=?
Hibernate: 
    insert 
    into
        meeting_pin
        (created_at, updated_at, category, content, user_id, date, latitude, longitude, max_age, min_age, set_gender, set_limit, title) 
    values
        (?, ?, ?, ?, ?, ?, ?, ?, ?, ?, ?, ?, ?)
Hibernate: 
    select
        user0_.id as id1_10_,
        user0_.created_at as created_2_10_,
        user0_.updated_at as updated_3_10_,
        user0_.age as age4_10_,
        user0_.background_image as backgrou5_10_,
        user0_.email as email6_10_,
        user0_.gender as gender7_10_,
        user0_.hobby as hobby8_10_,
        user0_.introduce as introduc9_10_,
        user0_.job as job10_10_,
        user0_.name as name11_10_,
        user0_.nick_name as nick_na12_10_,
        user0_.phone_num as phone_n13_10_,
        user0_.profile_image as profile14_10_,
        user0_.res_red_number as res_red15_10_,
        user0_.score as score16_10_ 
    from
        user user0_
Hibernate: 
    select
        roles0_.user_id as user_id1_11_0_,
        roles0_.roles as roles2_11_0_ 
    from
        user_roles roles0_ 
    where
        roles0_.user_id=?
Hibernate: 
    select
        roles0_.user_id as user_id1_11_0_,
        roles0_.roles as roles2_11_0_ 
    from
        user_roles roles0_ 
    where
        roles0_.user_id=?
Hibernate: 
    select
        roles0_.user_id as user_id1_11_0_,
        roles0_.roles as roles2_11_0_ 
    from
        user_roles roles0_ 
    where
        roles0_.user_id=?
Hibernate: 
    select
        roles0_.user_id as user_id1_11_0_,
        roles0_.roles as roles2_11_0_ 
    from
        user_roles roles0_ 
    where
        roles0_.user_id=?
Hibernate: 
    select
        roles0_.user_id as user_id1_11_0_,
        roles0_.roles as roles2_11_0_ 
    from
        user_roles roles0_ 
    where
        roles0_.user_id=?
Hibernate: 
    insert 
    into
        meeting_pin
        (created_at, updated_at, category, content, user_id, date, latitude, longitude, max_age, min_age, set_gender, set_limit, title) 
    values
        (?, ?, ?, ?, ?, ?, ?, ?, ?, ?, ?, ?, ?)
Hibernate: 
    select
        user0_.id as id1_10_,
        user0_.created_at as created_2_10_,
        user0_.updated_at as updated_3_10_,
        user0_.age as age4_10_,
        user0_.background_image as backgrou5_10_,
        user0_.email as email6_10_,
        user0_.gender as gender7_10_,
        user0_.hobby as hobby8_10_,
        user0_.introduce as introduc9_10_,
        user0_.job as job10_10_,
        user0_.name as name11_10_,
        user0_.nick_name as nick_na12_10_,
        user0_.phone_num as phone_n13_10_,
        user0_.profile_image as profile14_10_,
        user0_.res_red_number as res_red15_10_,
        user0_.score as score16_10_ 
    from
        user user0_
Hibernate: 
    select
        roles0_.user_id as user_id1_11_0_,
        roles0_.roles as roles2_11_0_ 
    from
        user_roles roles0_ 
    where
        roles0_.user_id=?
Hibernate: 
    select
        roles0_.user_id as user_id1_11_0_,
        roles0_.roles as roles2_11_0_ 
    from
        user_roles roles0_ 
    where
        roles0_.user_id=?
Hibernate: 
    select
        roles0_.user_id as user_id1_11_0_,
        roles0_.roles as roles2_11_0_ 
    from
        user_roles roles0_ 
    where
        roles0_.user_id=?
Hibernate: 
    select
        roles0_.user_id as user_id1_11_0_,
        roles0_.roles as roles2_11_0_ 
    from
        user_roles roles0_ 
    where
        roles0_.user_id=?
Hibernate: 
    select
        roles0_.user_id as user_id1_11_0_,
        roles0_.roles as roles2_11_0_ 
    from
        user_roles roles0_ 
    where
        roles0_.user_id=?
Hibernate: 
    insert 
    into
        meeting_pin
        (created_at, updated_at, category, content, user_id, date, latitude, longitude, max_age, min_age, set_gender, set_limit, title) 
    values
        (?, ?, ?, ?, ?, ?, ?, ?, ?, ?, ?, ?, ?)
Hibernate: 
    select
        user0_.id as id1_10_,
        user0_.created_at as created_2_10_,
        user0_.updated_at as updated_3_10_,
        user0_.age as age4_10_,
        user0_.background_image as backgrou5_10_,
        user0_.email as email6_10_,
        user0_.gender as gender7_10_,
        user0_.hobby as hobby8_10_,
        user0_.introduce as introduc9_10_,
        user0_.job as job10_10_,
        user0_.name as name11_10_,
        user0_.nick_name as nick_na12_10_,
        user0_.phone_num as phone_n13_10_,
        user0_.profile_image as profile14_10_,
        user0_.res_red_number as res_red15_10_,
        user0_.score as score16_10_ 
    from
        user user0_
Hibernate: 
    select
        roles0_.user_id as user_id1_11_0_,
        roles0_.roles as roles2_11_0_ 
    from
        user_roles roles0_ 
    where
        roles0_.user_id=?
Hibernate: 
    select
        roles0_.user_id as user_id1_11_0_,
        roles0_.roles as roles2_11_0_ 
    from
        user_roles roles0_ 
    where
        roles0_.user_id=?
Hibernate: 
    select
        roles0_.user_id as user_id1_11_0_,
        roles0_.roles as roles2_11_0_ 
    from
        user_roles roles0_ 
    where
        roles0_.user_id=?
Hibernate: 
    select
        roles0_.user_id as user_id1_11_0_,
        roles0_.roles as roles2_11_0_ 
    from
        user_roles roles0_ 
    where
        roles0_.user_id=?
Hibernate: 
    select
        roles0_.user_id as user_id1_11_0_,
        roles0_.roles as roles2_11_0_ 
    from
        user_roles roles0_ 
    where
        roles0_.user_id=?
Hibernate: 
    insert 
    into
        meeting_pin
        (created_at, updated_at, category, content, user_id, date, latitude, longitude, max_age, min_age, set_gender, set_limit, title) 
    values
        (?, ?, ?, ?, ?, ?, ?, ?, ?, ?, ?, ?, ?)
Hibernate: 
    select
        user0_.id as id1_10_,
        user0_.created_at as created_2_10_,
        user0_.updated_at as updated_3_10_,
        user0_.age as age4_10_,
        user0_.background_image as backgrou5_10_,
        user0_.email as email6_10_,
        user0_.gender as gender7_10_,
        user0_.hobby as hobby8_10_,
        user0_.introduce as introduc9_10_,
        user0_.job as job10_10_,
        user0_.name as name11_10_,
        user0_.nick_name as nick_na12_10_,
        user0_.phone_num as phone_n13_10_,
        user0_.profile_image as profile14_10_,
        user0_.res_red_number as res_red15_10_,
        user0_.score as score16_10_ 
    from
        user user0_
Hibernate: 
    select
        roles0_.user_id as user_id1_11_0_,
        roles0_.roles as roles2_11_0_ 
    from
        user_roles roles0_ 
    where
        roles0_.user_id=?
Hibernate: 
    select
        roles0_.user_id as user_id1_11_0_,
        roles0_.roles as roles2_11_0_ 
    from
        user_roles roles0_ 
    where
        roles0_.user_id=?
Hibernate: 
    select
        roles0_.user_id as user_id1_11_0_,
        roles0_.roles as roles2_11_0_ 
    from
        user_roles roles0_ 
    where
        roles0_.user_id=?
Hibernate: 
    select
        roles0_.user_id as user_id1_11_0_,
        roles0_.roles as roles2_11_0_ 
    from
        user_roles roles0_ 
    where
        roles0_.user_id=?
Hibernate: 
    select
        roles0_.user_id as user_id1_11_0_,
        roles0_.roles as roles2_11_0_ 
    from
        user_roles roles0_ 
    where
        roles0_.user_id=?
Hibernate: 
    insert 
    into
        meeting_pin
        (created_at, updated_at, category, content, user_id, date, latitude, longitude, max_age, min_age, set_gender, set_limit, title) 
    values
        (?, ?, ?, ?, ?, ?, ?, ?, ?, ?, ?, ?, ?)
Hibernate: 
    select
        user0_.id as id1_10_,
        user0_.created_at as created_2_10_,
        user0_.updated_at as updated_3_10_,
        user0_.age as age4_10_,
        user0_.background_image as backgrou5_10_,
        user0_.email as email6_10_,
        user0_.gender as gender7_10_,
        user0_.hobby as hobby8_10_,
        user0_.introduce as introduc9_10_,
        user0_.job as job10_10_,
        user0_.name as name11_10_,
        user0_.nick_name as nick_na12_10_,
        user0_.phone_num as phone_n13_10_,
        user0_.profile_image as profile14_10_,
        user0_.res_red_number as res_red15_10_,
        user0_.score as score16_10_ 
    from
        user user0_
Hibernate: 
    select
        roles0_.user_id as user_id1_11_0_,
        roles0_.roles as roles2_11_0_ 
    from
        user_roles roles0_ 
    where
        roles0_.user_id=?
Hibernate: 
    select
        roles0_.user_id as user_id1_11_0_,
        roles0_.roles as roles2_11_0_ 
    from
        user_roles roles0_ 
    where
        roles0_.user_id=?
Hibernate: 
    select
        roles0_.user_id as user_id1_11_0_,
        roles0_.roles as roles2_11_0_ 
    from
        user_roles roles0_ 
    where
        roles0_.user_id=?
Hibernate: 
    select
        roles0_.user_id as user_id1_11_0_,
        roles0_.roles as roles2_11_0_ 
    from
        user_roles roles0_ 
    where
        roles0_.user_id=?
Hibernate: 
    select
        roles0_.user_id as user_id1_11_0_,
        roles0_.roles as roles2_11_0_ 
    from
        user_roles roles0_ 
    where
        roles0_.user_id=?
Hibernate: 
    insert 
    into
        meeting_pin
        (created_at, updated_at, category, content, user_id, date, latitude, longitude, max_age, min_age, set_gender, set_limit, title) 
    values
        (?, ?, ?, ?, ?, ?, ?, ?, ?, ?, ?, ?, ?)
Hibernate: 
    select
        user0_.id as id1_10_,
        user0_.created_at as created_2_10_,
        user0_.updated_at as updated_3_10_,
        user0_.age as age4_10_,
        user0_.background_image as backgrou5_10_,
        user0_.email as email6_10_,
        user0_.gender as gender7_10_,
        user0_.hobby as hobby8_10_,
        user0_.introduce as introduc9_10_,
        user0_.job as job10_10_,
        user0_.name as name11_10_,
        user0_.nick_name as nick_na12_10_,
        user0_.phone_num as phone_n13_10_,
        user0_.profile_image as profile14_10_,
        user0_.res_red_number as res_red15_10_,
        user0_.score as score16_10_ 
    from
        user user0_
Hibernate: 
    select
        roles0_.user_id as user_id1_11_0_,
        roles0_.roles as roles2_11_0_ 
    from
        user_roles roles0_ 
    where
        roles0_.user_id=?
Hibernate: 
    select
        roles0_.user_id as user_id1_11_0_,
        roles0_.roles as roles2_11_0_ 
    from
        user_roles roles0_ 
    where
        roles0_.user_id=?
Hibernate: 
    select
        roles0_.user_id as user_id1_11_0_,
        roles0_.roles as roles2_11_0_ 
    from
        user_roles roles0_ 
    where
        roles0_.user_id=?
Hibernate: 
    select
        roles0_.user_id as user_id1_11_0_,
        roles0_.roles as roles2_11_0_ 
    from
        user_roles roles0_ 
    where
        roles0_.user_id=?
Hibernate: 
    select
        roles0_.user_id as user_id1_11_0_,
        roles0_.roles as roles2_11_0_ 
    from
        user_roles roles0_ 
    where
        roles0_.user_id=?
Hibernate: 
    insert 
    into
        meeting_pin
        (created_at, updated_at, category, content, user_id, date, latitude, longitude, max_age, min_age, set_gender, set_limit, title) 
    values
        (?, ?, ?, ?, ?, ?, ?, ?, ?, ?, ?, ?, ?)
Hibernate: 
    select
        user0_.id as id1_10_,
        user0_.created_at as created_2_10_,
        user0_.updated_at as updated_3_10_,
        user0_.age as age4_10_,
        user0_.background_image as backgrou5_10_,
        user0_.email as email6_10_,
        user0_.gender as gender7_10_,
        user0_.hobby as hobby8_10_,
        user0_.introduce as introduc9_10_,
        user0_.job as job10_10_,
        user0_.name as name11_10_,
        user0_.nick_name as nick_na12_10_,
        user0_.phone_num as phone_n13_10_,
        user0_.profile_image as profile14_10_,
        user0_.res_red_number as res_red15_10_,
        user0_.score as score16_10_ 
    from
        user user0_
Hibernate: 
    select
        roles0_.user_id as user_id1_11_0_,
        roles0_.roles as roles2_11_0_ 
    from
        user_roles roles0_ 
    where
        roles0_.user_id=?
Hibernate: 
    select
        roles0_.user_id as user_id1_11_0_,
        roles0_.roles as roles2_11_0_ 
    from
        user_roles roles0_ 
    where
        roles0_.user_id=?
Hibernate: 
    select
        roles0_.user_id as user_id1_11_0_,
        roles0_.roles as roles2_11_0_ 
    from
        user_roles roles0_ 
    where
        roles0_.user_id=?
Hibernate: 
    select
        roles0_.user_id as user_id1_11_0_,
        roles0_.roles as roles2_11_0_ 
    from
        user_roles roles0_ 
    where
        roles0_.user_id=?
Hibernate: 
    select
        roles0_.user_id as user_id1_11_0_,
        roles0_.roles as roles2_11_0_ 
    from
        user_roles roles0_ 
    where
        roles0_.user_id=?
Hibernate: 
    insert 
    into
        meeting_pin
        (created_at, updated_at, category, content, user_id, date, latitude, longitude, max_age, min_age, set_gender, set_limit, title) 
    values
        (?, ?, ?, ?, ?, ?, ?, ?, ?, ?, ?, ?, ?)
Hibernate: 
    select
        user0_.id as id1_10_,
        user0_.created_at as created_2_10_,
        user0_.updated_at as updated_3_10_,
        user0_.age as age4_10_,
        user0_.background_image as backgrou5_10_,
        user0_.email as email6_10_,
        user0_.gender as gender7_10_,
        user0_.hobby as hobby8_10_,
        user0_.introduce as introduc9_10_,
        user0_.job as job10_10_,
        user0_.name as name11_10_,
        user0_.nick_name as nick_na12_10_,
        user0_.phone_num as phone_n13_10_,
        user0_.profile_image as profile14_10_,
        user0_.res_red_number as res_red15_10_,
        user0_.score as score16_10_ 
    from
        user user0_
Hibernate: 
    select
        roles0_.user_id as user_id1_11_0_,
        roles0_.roles as roles2_11_0_ 
    from
        user_roles roles0_ 
    where
        roles0_.user_id=?
Hibernate: 
    select
        roles0_.user_id as user_id1_11_0_,
        roles0_.roles as roles2_11_0_ 
    from
        user_roles roles0_ 
    where
        roles0_.user_id=?
Hibernate: 
    select
        roles0_.user_id as user_id1_11_0_,
        roles0_.roles as roles2_11_0_ 
    from
        user_roles roles0_ 
    where
        roles0_.user_id=?
Hibernate: 
    select
        roles0_.user_id as user_id1_11_0_,
        roles0_.roles as roles2_11_0_ 
    from
        user_roles roles0_ 
    where
        roles0_.user_id=?
Hibernate: 
    select
        roles0_.user_id as user_id1_11_0_,
        roles0_.roles as roles2_11_0_ 
    from
        user_roles roles0_ 
    where
        roles0_.user_id=?
Hibernate: 
    insert 
    into
        meeting_pin
        (created_at, updated_at, category, content, user_id, date, latitude, longitude, max_age, min_age, set_gender, set_limit, title) 
    values
        (?, ?, ?, ?, ?, ?, ?, ?, ?, ?, ?, ?, ?)
Hibernate: 
    select
        user0_.id as id1_10_,
        user0_.created_at as created_2_10_,
        user0_.updated_at as updated_3_10_,
        user0_.age as age4_10_,
        user0_.background_image as backgrou5_10_,
        user0_.email as email6_10_,
        user0_.gender as gender7_10_,
        user0_.hobby as hobby8_10_,
        user0_.introduce as introduc9_10_,
        user0_.job as job10_10_,
        user0_.name as name11_10_,
        user0_.nick_name as nick_na12_10_,
        user0_.phone_num as phone_n13_10_,
        user0_.profile_image as profile14_10_,
        user0_.res_red_number as res_red15_10_,
        user0_.score as score16_10_ 
    from
        user user0_
Hibernate: 
    select
        roles0_.user_id as user_id1_11_0_,
        roles0_.roles as roles2_11_0_ 
    from
        user_roles roles0_ 
    where
        roles0_.user_id=?
Hibernate: 
    select
        roles0_.user_id as user_id1_11_0_,
        roles0_.roles as roles2_11_0_ 
    from
        user_roles roles0_ 
    where
        roles0_.user_id=?
Hibernate: 
    select
        roles0_.user_id as user_id1_11_0_,
        roles0_.roles as roles2_11_0_ 
    from
        user_roles roles0_ 
    where
        roles0_.user_id=?
Hibernate: 
    select
        roles0_.user_id as user_id1_11_0_,
        roles0_.roles as roles2_11_0_ 
    from
        user_roles roles0_ 
    where
        roles0_.user_id=?
Hibernate: 
    select
        roles0_.user_id as user_id1_11_0_,
        roles0_.roles as roles2_11_0_ 
    from
        user_roles roles0_ 
    where
        roles0_.user_id=?
Hibernate: 
    insert 
    into
        meeting_pin
        (created_at, updated_at, category, content, user_id, date, latitude, longitude, max_age, min_age, set_gender, set_limit, title) 
    values
        (?, ?, ?, ?, ?, ?, ?, ?, ?, ?, ?, ?, ?)
Hibernate: 
    select
        user0_.id as id1_10_,
        user0_.created_at as created_2_10_,
        user0_.updated_at as updated_3_10_,
        user0_.age as age4_10_,
        user0_.background_image as backgrou5_10_,
        user0_.email as email6_10_,
        user0_.gender as gender7_10_,
        user0_.hobby as hobby8_10_,
        user0_.introduce as introduc9_10_,
        user0_.job as job10_10_,
        user0_.name as name11_10_,
        user0_.nick_name as nick_na12_10_,
        user0_.phone_num as phone_n13_10_,
        user0_.profile_image as profile14_10_,
        user0_.res_red_number as res_red15_10_,
        user0_.score as score16_10_ 
    from
        user user0_
Hibernate: 
    select
        roles0_.user_id as user_id1_11_0_,
        roles0_.roles as roles2_11_0_ 
    from
        user_roles roles0_ 
    where
        roles0_.user_id=?
Hibernate: 
    select
        roles0_.user_id as user_id1_11_0_,
        roles0_.roles as roles2_11_0_ 
    from
        user_roles roles0_ 
    where
        roles0_.user_id=?
Hibernate: 
    select
        roles0_.user_id as user_id1_11_0_,
        roles0_.roles as roles2_11_0_ 
    from
        user_roles roles0_ 
    where
        roles0_.user_id=?
Hibernate: 
    select
        roles0_.user_id as user_id1_11_0_,
        roles0_.roles as roles2_11_0_ 
    from
        user_roles roles0_ 
    where
        roles0_.user_id=?
Hibernate: 
    select
        roles0_.user_id as user_id1_11_0_,
        roles0_.roles as roles2_11_0_ 
    from
        user_roles roles0_ 
    where
        roles0_.user_id=?
Hibernate: 
    insert 
    into
        meeting_pin
        (created_at, updated_at, category, content, user_id, date, latitude, longitude, max_age, min_age, set_gender, set_limit, title) 
    values
        (?, ?, ?, ?, ?, ?, ?, ?, ?, ?, ?, ?, ?)
Hibernate: 
    select
        user0_.id as id1_10_,
        user0_.created_at as created_2_10_,
        user0_.updated_at as updated_3_10_,
        user0_.age as age4_10_,
        user0_.background_image as backgrou5_10_,
        user0_.email as email6_10_,
        user0_.gender as gender7_10_,
        user0_.hobby as hobby8_10_,
        user0_.introduce as introduc9_10_,
        user0_.job as job10_10_,
        user0_.name as name11_10_,
        user0_.nick_name as nick_na12_10_,
        user0_.phone_num as phone_n13_10_,
        user0_.profile_image as profile14_10_,
        user0_.res_red_number as res_red15_10_,
        user0_.score as score16_10_ 
    from
        user user0_
Hibernate: 
    select
        roles0_.user_id as user_id1_11_0_,
        roles0_.roles as roles2_11_0_ 
    from
        user_roles roles0_ 
    where
        roles0_.user_id=?
Hibernate: 
    select
        roles0_.user_id as user_id1_11_0_,
        roles0_.roles as roles2_11_0_ 
    from
        user_roles roles0_ 
    where
        roles0_.user_id=?
Hibernate: 
    select
        roles0_.user_id as user_id1_11_0_,
        roles0_.roles as roles2_11_0_ 
    from
        user_roles roles0_ 
    where
        roles0_.user_id=?
Hibernate: 
    select
        roles0_.user_id as user_id1_11_0_,
        roles0_.roles as roles2_11_0_ 
    from
        user_roles roles0_ 
    where
        roles0_.user_id=?
Hibernate: 
    select
        roles0_.user_id as user_id1_11_0_,
        roles0_.roles as roles2_11_0_ 
    from
        user_roles roles0_ 
    where
        roles0_.user_id=?
Hibernate: 
    insert 
    into
        meeting_pin
        (created_at, updated_at, category, content, user_id, date, latitude, longitude, max_age, min_age, set_gender, set_limit, title) 
    values
        (?, ?, ?, ?, ?, ?, ?, ?, ?, ?, ?, ?, ?)
Hibernate: 
    select
        user0_.id as id1_10_,
        user0_.created_at as created_2_10_,
        user0_.updated_at as updated_3_10_,
        user0_.age as age4_10_,
        user0_.background_image as backgrou5_10_,
        user0_.email as email6_10_,
        user0_.gender as gender7_10_,
        user0_.hobby as hobby8_10_,
        user0_.introduce as introduc9_10_,
        user0_.job as job10_10_,
        user0_.name as name11_10_,
        user0_.nick_name as nick_na12_10_,
        user0_.phone_num as phone_n13_10_,
        user0_.profile_image as profile14_10_,
        user0_.res_red_number as res_red15_10_,
        user0_.score as score16_10_ 
    from
        user user0_
Hibernate: 
    select
        roles0_.user_id as user_id1_11_0_,
        roles0_.roles as roles2_11_0_ 
    from
        user_roles roles0_ 
    where
        roles0_.user_id=?
Hibernate: 
    select
        roles0_.user_id as user_id1_11_0_,
        roles0_.roles as roles2_11_0_ 
    from
        user_roles roles0_ 
    where
        roles0_.user_id=?
Hibernate: 
    select
        roles0_.user_id as user_id1_11_0_,
        roles0_.roles as roles2_11_0_ 
    from
        user_roles roles0_ 
    where
        roles0_.user_id=?
Hibernate: 
    select
        roles0_.user_id as user_id1_11_0_,
        roles0_.roles as roles2_11_0_ 
    from
        user_roles roles0_ 
    where
        roles0_.user_id=?
Hibernate: 
    select
        roles0_.user_id as user_id1_11_0_,
        roles0_.roles as roles2_11_0_ 
    from
        user_roles roles0_ 
    where
        roles0_.user_id=?
Hibernate: 
    insert 
    into
        meeting_pin
        (created_at, updated_at, category, content, user_id, date, latitude, longitude, max_age, min_age, set_gender, set_limit, title) 
    values
        (?, ?, ?, ?, ?, ?, ?, ?, ?, ?, ?, ?, ?)
Hibernate: 
    select
        user0_.id as id1_10_,
        user0_.created_at as created_2_10_,
        user0_.updated_at as updated_3_10_,
        user0_.age as age4_10_,
        user0_.background_image as backgrou5_10_,
        user0_.email as email6_10_,
        user0_.gender as gender7_10_,
        user0_.hobby as hobby8_10_,
        user0_.introduce as introduc9_10_,
        user0_.job as job10_10_,
        user0_.name as name11_10_,
        user0_.nick_name as nick_na12_10_,
        user0_.phone_num as phone_n13_10_,
        user0_.profile_image as profile14_10_,
        user0_.res_red_number as res_red15_10_,
        user0_.score as score16_10_ 
    from
        user user0_
Hibernate: 
    select
        roles0_.user_id as user_id1_11_0_,
        roles0_.roles as roles2_11_0_ 
    from
        user_roles roles0_ 
    where
        roles0_.user_id=?
Hibernate: 
    select
        roles0_.user_id as user_id1_11_0_,
        roles0_.roles as roles2_11_0_ 
    from
        user_roles roles0_ 
    where
        roles0_.user_id=?
Hibernate: 
    select
        roles0_.user_id as user_id1_11_0_,
        roles0_.roles as roles2_11_0_ 
    from
        user_roles roles0_ 
    where
        roles0_.user_id=?
Hibernate: 
    select
        roles0_.user_id as user_id1_11_0_,
        roles0_.roles as roles2_11_0_ 
    from
        user_roles roles0_ 
    where
        roles0_.user_id=?
Hibernate: 
    select
        roles0_.user_id as user_id1_11_0_,
        roles0_.roles as roles2_11_0_ 
    from
        user_roles roles0_ 
    where
        roles0_.user_id=?
Hibernate: 
    insert 
    into
        meeting_pin
        (created_at, updated_at, category, content, user_id, date, latitude, longitude, max_age, min_age, set_gender, set_limit, title) 
    values
        (?, ?, ?, ?, ?, ?, ?, ?, ?, ?, ?, ?, ?)
Hibernate: 
    select
        user0_.id as id1_10_,
        user0_.created_at as created_2_10_,
        user0_.updated_at as updated_3_10_,
        user0_.age as age4_10_,
        user0_.background_image as backgrou5_10_,
        user0_.email as email6_10_,
        user0_.gender as gender7_10_,
        user0_.hobby as hobby8_10_,
        user0_.introduce as introduc9_10_,
        user0_.job as job10_10_,
        user0_.name as name11_10_,
        user0_.nick_name as nick_na12_10_,
        user0_.phone_num as phone_n13_10_,
        user0_.profile_image as profile14_10_,
        user0_.res_red_number as res_red15_10_,
        user0_.score as score16_10_ 
    from
        user user0_
Hibernate: 
    select
        roles0_.user_id as user_id1_11_0_,
        roles0_.roles as roles2_11_0_ 
    from
        user_roles roles0_ 
    where
        roles0_.user_id=?
Hibernate: 
    select
        roles0_.user_id as user_id1_11_0_,
        roles0_.roles as roles2_11_0_ 
    from
        user_roles roles0_ 
    where
        roles0_.user_id=?
Hibernate: 
    select
        roles0_.user_id as user_id1_11_0_,
        roles0_.roles as roles2_11_0_ 
    from
        user_roles roles0_ 
    where
        roles0_.user_id=?
Hibernate: 
    select
        roles0_.user_id as user_id1_11_0_,
        roles0_.roles as roles2_11_0_ 
    from
        user_roles roles0_ 
    where
        roles0_.user_id=?
Hibernate: 
    select
        roles0_.user_id as user_id1_11_0_,
        roles0_.roles as roles2_11_0_ 
    from
        user_roles roles0_ 
    where
        roles0_.user_id=?
Hibernate: 
    insert 
    into
        meeting_pin
        (created_at, updated_at, category, content, user_id, date, latitude, longitude, max_age, min_age, set_gender, set_limit, title) 
    values
        (?, ?, ?, ?, ?, ?, ?, ?, ?, ?, ?, ?, ?)
Hibernate: 
    select
        user0_.id as id1_10_,
        user0_.created_at as created_2_10_,
        user0_.updated_at as updated_3_10_,
        user0_.age as age4_10_,
        user0_.background_image as backgrou5_10_,
        user0_.email as email6_10_,
        user0_.gender as gender7_10_,
        user0_.hobby as hobby8_10_,
        user0_.introduce as introduc9_10_,
        user0_.job as job10_10_,
        user0_.name as name11_10_,
        user0_.nick_name as nick_na12_10_,
        user0_.phone_num as phone_n13_10_,
        user0_.profile_image as profile14_10_,
        user0_.res_red_number as res_red15_10_,
        user0_.score as score16_10_ 
    from
        user user0_
Hibernate: 
    select
        roles0_.user_id as user_id1_11_0_,
        roles0_.roles as roles2_11_0_ 
    from
        user_roles roles0_ 
    where
        roles0_.user_id=?
Hibernate: 
    select
        roles0_.user_id as user_id1_11_0_,
        roles0_.roles as roles2_11_0_ 
    from
        user_roles roles0_ 
    where
        roles0_.user_id=?
Hibernate: 
    select
        roles0_.user_id as user_id1_11_0_,
        roles0_.roles as roles2_11_0_ 
    from
        user_roles roles0_ 
    where
        roles0_.user_id=?
Hibernate: 
    select
        roles0_.user_id as user_id1_11_0_,
        roles0_.roles as roles2_11_0_ 
    from
        user_roles roles0_ 
    where
        roles0_.user_id=?
Hibernate: 
    select
        roles0_.user_id as user_id1_11_0_,
        roles0_.roles as roles2_11_0_ 
    from
        user_roles roles0_ 
    where
        roles0_.user_id=?
Hibernate: 
    insert 
    into
        meeting_pin
        (created_at, updated_at, category, content, user_id, date, latitude, longitude, max_age, min_age, set_gender, set_limit, title) 
    values
        (?, ?, ?, ?, ?, ?, ?, ?, ?, ?, ?, ?, ?)
Hibernate: 
    select
        user0_.id as id1_10_,
        user0_.created_at as created_2_10_,
        user0_.updated_at as updated_3_10_,
        user0_.age as age4_10_,
        user0_.background_image as backgrou5_10_,
        user0_.email as email6_10_,
        user0_.gender as gender7_10_,
        user0_.hobby as hobby8_10_,
        user0_.introduce as introduc9_10_,
        user0_.job as job10_10_,
        user0_.name as name11_10_,
        user0_.nick_name as nick_na12_10_,
        user0_.phone_num as phone_n13_10_,
        user0_.profile_image as profile14_10_,
        user0_.res_red_number as res_red15_10_,
        user0_.score as score16_10_ 
    from
        user user0_
Hibernate: 
    select
        roles0_.user_id as user_id1_11_0_,
        roles0_.roles as roles2_11_0_ 
    from
        user_roles roles0_ 
    where
        roles0_.user_id=?
Hibernate: 
    select
        roles0_.user_id as user_id1_11_0_,
        roles0_.roles as roles2_11_0_ 
    from
        user_roles roles0_ 
    where
        roles0_.user_id=?
Hibernate: 
    select
        roles0_.user_id as user_id1_11_0_,
        roles0_.roles as roles2_11_0_ 
    from
        user_roles roles0_ 
    where
        roles0_.user_id=?
Hibernate: 
    select
        roles0_.user_id as user_id1_11_0_,
        roles0_.roles as roles2_11_0_ 
    from
        user_roles roles0_ 
    where
        roles0_.user_id=?
Hibernate: 
    select
        roles0_.user_id as user_id1_11_0_,
        roles0_.roles as roles2_11_0_ 
    from
        user_roles roles0_ 
    where
        roles0_.user_id=?
Hibernate: 
    insert 
    into
        meeting_pin
        (created_at, updated_at, category, content, user_id, date, latitude, longitude, max_age, min_age, set_gender, set_limit, title) 
    values
        (?, ?, ?, ?, ?, ?, ?, ?, ?, ?, ?, ?, ?)
Hibernate: 
    select
        user0_.id as id1_10_,
        user0_.created_at as created_2_10_,
        user0_.updated_at as updated_3_10_,
        user0_.age as age4_10_,
        user0_.background_image as backgrou5_10_,
        user0_.email as email6_10_,
        user0_.gender as gender7_10_,
        user0_.hobby as hobby8_10_,
        user0_.introduce as introduc9_10_,
        user0_.job as job10_10_,
        user0_.name as name11_10_,
        user0_.nick_name as nick_na12_10_,
        user0_.phone_num as phone_n13_10_,
        user0_.profile_image as profile14_10_,
        user0_.res_red_number as res_red15_10_,
        user0_.score as score16_10_ 
    from
        user user0_
Hibernate: 
    select
        roles0_.user_id as user_id1_11_0_,
        roles0_.roles as roles2_11_0_ 
    from
        user_roles roles0_ 
    where
        roles0_.user_id=?
Hibernate: 
    select
        roles0_.user_id as user_id1_11_0_,
        roles0_.roles as roles2_11_0_ 
    from
        user_roles roles0_ 
    where
        roles0_.user_id=?
Hibernate: 
    select
        roles0_.user_id as user_id1_11_0_,
        roles0_.roles as roles2_11_0_ 
    from
        user_roles roles0_ 
    where
        roles0_.user_id=?
Hibernate: 
    select
        roles0_.user_id as user_id1_11_0_,
        roles0_.roles as roles2_11_0_ 
    from
        user_roles roles0_ 
    where
        roles0_.user_id=?
Hibernate: 
    select
        roles0_.user_id as user_id1_11_0_,
        roles0_.roles as roles2_11_0_ 
    from
        user_roles roles0_ 
    where
        roles0_.user_id=?
Hibernate: 
    insert 
    into
        meeting_pin
        (created_at, updated_at, category, content, user_id, date, latitude, longitude, max_age, min_age, set_gender, set_limit, title) 
    values
        (?, ?, ?, ?, ?, ?, ?, ?, ?, ?, ?, ?, ?)
Hibernate: 
    select
        user0_.id as id1_10_,
        user0_.created_at as created_2_10_,
        user0_.updated_at as updated_3_10_,
        user0_.age as age4_10_,
        user0_.background_image as backgrou5_10_,
        user0_.email as email6_10_,
        user0_.gender as gender7_10_,
        user0_.hobby as hobby8_10_,
        user0_.introduce as introduc9_10_,
        user0_.job as job10_10_,
        user0_.name as name11_10_,
        user0_.nick_name as nick_na12_10_,
        user0_.phone_num as phone_n13_10_,
        user0_.profile_image as profile14_10_,
        user0_.res_red_number as res_red15_10_,
        user0_.score as score16_10_ 
    from
        user user0_
Hibernate: 
    select
        roles0_.user_id as user_id1_11_0_,
        roles0_.roles as roles2_11_0_ 
    from
        user_roles roles0_ 
    where
        roles0_.user_id=?
Hibernate: 
    select
        roles0_.user_id as user_id1_11_0_,
        roles0_.roles as roles2_11_0_ 
    from
        user_roles roles0_ 
    where
        roles0_.user_id=?
Hibernate: 
    select
        roles0_.user_id as user_id1_11_0_,
        roles0_.roles as roles2_11_0_ 
    from
        user_roles roles0_ 
    where
        roles0_.user_id=?
Hibernate: 
    select
        roles0_.user_id as user_id1_11_0_,
        roles0_.roles as roles2_11_0_ 
    from
        user_roles roles0_ 
    where
        roles0_.user_id=?
Hibernate: 
    select
        roles0_.user_id as user_id1_11_0_,
        roles0_.roles as roles2_11_0_ 
    from
        user_roles roles0_ 
    where
        roles0_.user_id=?
Hibernate: 
    insert 
    into
        meeting_pin
        (created_at, updated_at, category, content, user_id, date, latitude, longitude, max_age, min_age, set_gender, set_limit, title) 
    values
        (?, ?, ?, ?, ?, ?, ?, ?, ?, ?, ?, ?, ?)
Hibernate: 
    select
        user0_.id as id1_10_,
        user0_.created_at as created_2_10_,
        user0_.updated_at as updated_3_10_,
        user0_.age as age4_10_,
        user0_.background_image as backgrou5_10_,
        user0_.email as email6_10_,
        user0_.gender as gender7_10_,
        user0_.hobby as hobby8_10_,
        user0_.introduce as introduc9_10_,
        user0_.job as job10_10_,
        user0_.name as name11_10_,
        user0_.nick_name as nick_na12_10_,
        user0_.phone_num as phone_n13_10_,
        user0_.profile_image as profile14_10_,
        user0_.res_red_number as res_red15_10_,
        user0_.score as score16_10_ 
    from
        user user0_
Hibernate: 
    select
        roles0_.user_id as user_id1_11_0_,
        roles0_.roles as roles2_11_0_ 
    from
        user_roles roles0_ 
    where
        roles0_.user_id=?
Hibernate: 
    select
        roles0_.user_id as user_id1_11_0_,
        roles0_.roles as roles2_11_0_ 
    from
        user_roles roles0_ 
    where
        roles0_.user_id=?
Hibernate: 
    select
        roles0_.user_id as user_id1_11_0_,
        roles0_.roles as roles2_11_0_ 
    from
        user_roles roles0_ 
    where
        roles0_.user_id=?
Hibernate: 
    select
        roles0_.user_id as user_id1_11_0_,
        roles0_.roles as roles2_11_0_ 
    from
        user_roles roles0_ 
    where
        roles0_.user_id=?
Hibernate: 
    select
        roles0_.user_id as user_id1_11_0_,
        roles0_.roles as roles2_11_0_ 
    from
        user_roles roles0_ 
    where
        roles0_.user_id=?
Hibernate: 
    insert 
    into
        meeting_pin
        (created_at, updated_at, category, content, user_id, date, latitude, longitude, max_age, min_age, set_gender, set_limit, title) 
    values
        (?, ?, ?, ?, ?, ?, ?, ?, ?, ?, ?, ?, ?)
Hibernate: 
    select
        user0_.id as id1_10_,
        user0_.created_at as created_2_10_,
        user0_.updated_at as updated_3_10_,
        user0_.age as age4_10_,
        user0_.background_image as backgrou5_10_,
        user0_.email as email6_10_,
        user0_.gender as gender7_10_,
        user0_.hobby as hobby8_10_,
        user0_.introduce as introduc9_10_,
        user0_.job as job10_10_,
        user0_.name as name11_10_,
        user0_.nick_name as nick_na12_10_,
        user0_.phone_num as phone_n13_10_,
        user0_.profile_image as profile14_10_,
        user0_.res_red_number as res_red15_10_,
        user0_.score as score16_10_ 
    from
        user user0_
Hibernate: 
    select
        roles0_.user_id as user_id1_11_0_,
        roles0_.roles as roles2_11_0_ 
    from
        user_roles roles0_ 
    where
        roles0_.user_id=?
Hibernate: 
    select
        roles0_.user_id as user_id1_11_0_,
        roles0_.roles as roles2_11_0_ 
    from
        user_roles roles0_ 
    where
        roles0_.user_id=?
Hibernate: 
    select
        roles0_.user_id as user_id1_11_0_,
        roles0_.roles as roles2_11_0_ 
    from
        user_roles roles0_ 
    where
        roles0_.user_id=?
Hibernate: 
    select
        roles0_.user_id as user_id1_11_0_,
        roles0_.roles as roles2_11_0_ 
    from
        user_roles roles0_ 
    where
        roles0_.user_id=?
Hibernate: 
    select
        roles0_.user_id as user_id1_11_0_,
        roles0_.roles as roles2_11_0_ 
    from
        user_roles roles0_ 
    where
        roles0_.user_id=?
Hibernate: 
    insert 
    into
        meeting_pin
        (created_at, updated_at, category, content, user_id, date, latitude, longitude, max_age, min_age, set_gender, set_limit, title) 
    values
        (?, ?, ?, ?, ?, ?, ?, ?, ?, ?, ?, ?, ?)
Hibernate: 
    select
        user0_.id as id1_10_,
        user0_.created_at as created_2_10_,
        user0_.updated_at as updated_3_10_,
        user0_.age as age4_10_,
        user0_.background_image as backgrou5_10_,
        user0_.email as email6_10_,
        user0_.gender as gender7_10_,
        user0_.hobby as hobby8_10_,
        user0_.introduce as introduc9_10_,
        user0_.job as job10_10_,
        user0_.name as name11_10_,
        user0_.nick_name as nick_na12_10_,
        user0_.phone_num as phone_n13_10_,
        user0_.profile_image as profile14_10_,
        user0_.res_red_number as res_red15_10_,
        user0_.score as score16_10_ 
    from
        user user0_
Hibernate: 
    select
        roles0_.user_id as user_id1_11_0_,
        roles0_.roles as roles2_11_0_ 
    from
        user_roles roles0_ 
    where
        roles0_.user_id=?
Hibernate: 
    select
        roles0_.user_id as user_id1_11_0_,
        roles0_.roles as roles2_11_0_ 
    from
        user_roles roles0_ 
    where
        roles0_.user_id=?
Hibernate: 
    select
        roles0_.user_id as user_id1_11_0_,
        roles0_.roles as roles2_11_0_ 
    from
        user_roles roles0_ 
    where
        roles0_.user_id=?
Hibernate: 
    select
        roles0_.user_id as user_id1_11_0_,
        roles0_.roles as roles2_11_0_ 
    from
        user_roles roles0_ 
    where
        roles0_.user_id=?
Hibernate: 
    select
        roles0_.user_id as user_id1_11_0_,
        roles0_.roles as roles2_11_0_ 
    from
        user_roles roles0_ 
    where
        roles0_.user_id=?
Hibernate: 
    insert 
    into
        meeting_pin
        (created_at, updated_at, category, content, user_id, date, latitude, longitude, max_age, min_age, set_gender, set_limit, title) 
    values
        (?, ?, ?, ?, ?, ?, ?, ?, ?, ?, ?, ?, ?)
Hibernate: 
    select
        user0_.id as id1_10_,
        user0_.created_at as created_2_10_,
        user0_.updated_at as updated_3_10_,
        user0_.age as age4_10_,
        user0_.background_image as backgrou5_10_,
        user0_.email as email6_10_,
        user0_.gender as gender7_10_,
        user0_.hobby as hobby8_10_,
        user0_.introduce as introduc9_10_,
        user0_.job as job10_10_,
        user0_.name as name11_10_,
        user0_.nick_name as nick_na12_10_,
        user0_.phone_num as phone_n13_10_,
        user0_.profile_image as profile14_10_,
        user0_.res_red_number as res_red15_10_,
        user0_.score as score16_10_ 
    from
        user user0_
Hibernate: 
    select
        roles0_.user_id as user_id1_11_0_,
        roles0_.roles as roles2_11_0_ 
    from
        user_roles roles0_ 
    where
        roles0_.user_id=?
Hibernate: 
    select
        roles0_.user_id as user_id1_11_0_,
        roles0_.roles as roles2_11_0_ 
    from
        user_roles roles0_ 
    where
        roles0_.user_id=?
Hibernate: 
    select
        roles0_.user_id as user_id1_11_0_,
        roles0_.roles as roles2_11_0_ 
    from
        user_roles roles0_ 
    where
        roles0_.user_id=?
Hibernate: 
    select
        roles0_.user_id as user_id1_11_0_,
        roles0_.roles as roles2_11_0_ 
    from
        user_roles roles0_ 
    where
        roles0_.user_id=?
Hibernate: 
    select
        roles0_.user_id as user_id1_11_0_,
        roles0_.roles as roles2_11_0_ 
    from
        user_roles roles0_ 
    where
        roles0_.user_id=?
Hibernate: 
    insert 
    into
        meeting_pin
        (created_at, updated_at, category, content, user_id, date, latitude, longitude, max_age, min_age, set_gender, set_limit, title) 
    values
        (?, ?, ?, ?, ?, ?, ?, ?, ?, ?, ?, ?, ?)
Hibernate: 
    select
        user0_.id as id1_10_,
        user0_.created_at as created_2_10_,
        user0_.updated_at as updated_3_10_,
        user0_.age as age4_10_,
        user0_.background_image as backgrou5_10_,
        user0_.email as email6_10_,
        user0_.gender as gender7_10_,
        user0_.hobby as hobby8_10_,
        user0_.introduce as introduc9_10_,
        user0_.job as job10_10_,
        user0_.name as name11_10_,
        user0_.nick_name as nick_na12_10_,
        user0_.phone_num as phone_n13_10_,
        user0_.profile_image as profile14_10_,
        user0_.res_red_number as res_red15_10_,
        user0_.score as score16_10_ 
    from
        user user0_
Hibernate: 
    select
        roles0_.user_id as user_id1_11_0_,
        roles0_.roles as roles2_11_0_ 
    from
        user_roles roles0_ 
    where
        roles0_.user_id=?
Hibernate: 
    select
        roles0_.user_id as user_id1_11_0_,
        roles0_.roles as roles2_11_0_ 
    from
        user_roles roles0_ 
    where
        roles0_.user_id=?
Hibernate: 
    select
        roles0_.user_id as user_id1_11_0_,
        roles0_.roles as roles2_11_0_ 
    from
        user_roles roles0_ 
    where
        roles0_.user_id=?
Hibernate: 
    select
        roles0_.user_id as user_id1_11_0_,
        roles0_.roles as roles2_11_0_ 
    from
        user_roles roles0_ 
    where
        roles0_.user_id=?
Hibernate: 
    select
        roles0_.user_id as user_id1_11_0_,
        roles0_.roles as roles2_11_0_ 
    from
        user_roles roles0_ 
    where
        roles0_.user_id=?
Hibernate: 
    insert 
    into
        meeting_pin
        (created_at, updated_at, category, content, user_id, date, latitude, longitude, max_age, min_age, set_gender, set_limit, title) 
    values
        (?, ?, ?, ?, ?, ?, ?, ?, ?, ?, ?, ?, ?)
Hibernate: 
    select
        user0_.id as id1_10_,
        user0_.created_at as created_2_10_,
        user0_.updated_at as updated_3_10_,
        user0_.age as age4_10_,
        user0_.background_image as backgrou5_10_,
        user0_.email as email6_10_,
        user0_.gender as gender7_10_,
        user0_.hobby as hobby8_10_,
        user0_.introduce as introduc9_10_,
        user0_.job as job10_10_,
        user0_.name as name11_10_,
        user0_.nick_name as nick_na12_10_,
        user0_.phone_num as phone_n13_10_,
        user0_.profile_image as profile14_10_,
        user0_.res_red_number as res_red15_10_,
        user0_.score as score16_10_ 
    from
        user user0_
Hibernate: 
    select
        roles0_.user_id as user_id1_11_0_,
        roles0_.roles as roles2_11_0_ 
    from
        user_roles roles0_ 
    where
        roles0_.user_id=?
Hibernate: 
    select
        roles0_.user_id as user_id1_11_0_,
        roles0_.roles as roles2_11_0_ 
    from
        user_roles roles0_ 
    where
        roles0_.user_id=?
Hibernate: 
    select
        roles0_.user_id as user_id1_11_0_,
        roles0_.roles as roles2_11_0_ 
    from
        user_roles roles0_ 
    where
        roles0_.user_id=?
Hibernate: 
    select
        roles0_.user_id as user_id1_11_0_,
        roles0_.roles as roles2_11_0_ 
    from
        user_roles roles0_ 
    where
        roles0_.user_id=?
Hibernate: 
    select
        roles0_.user_id as user_id1_11_0_,
        roles0_.roles as roles2_11_0_ 
    from
        user_roles roles0_ 
    where
        roles0_.user_id=?
Hibernate: 
    insert 
    into
        meeting_pin
        (created_at, updated_at, category, content, user_id, date, latitude, longitude, max_age, min_age, set_gender, set_limit, title) 
    values
        (?, ?, ?, ?, ?, ?, ?, ?, ?, ?, ?, ?, ?)
Hibernate: 
    select
        user0_.id as id1_10_,
        user0_.created_at as created_2_10_,
        user0_.updated_at as updated_3_10_,
        user0_.age as age4_10_,
        user0_.background_image as backgrou5_10_,
        user0_.email as email6_10_,
        user0_.gender as gender7_10_,
        user0_.hobby as hobby8_10_,
        user0_.introduce as introduc9_10_,
        user0_.job as job10_10_,
        user0_.name as name11_10_,
        user0_.nick_name as nick_na12_10_,
        user0_.phone_num as phone_n13_10_,
        user0_.profile_image as profile14_10_,
        user0_.res_red_number as res_red15_10_,
        user0_.score as score16_10_ 
    from
        user user0_
Hibernate: 
    select
        roles0_.user_id as user_id1_11_0_,
        roles0_.roles as roles2_11_0_ 
    from
        user_roles roles0_ 
    where
        roles0_.user_id=?
Hibernate: 
    select
        roles0_.user_id as user_id1_11_0_,
        roles0_.roles as roles2_11_0_ 
    from
        user_roles roles0_ 
    where
        roles0_.user_id=?
Hibernate: 
    select
        roles0_.user_id as user_id1_11_0_,
        roles0_.roles as roles2_11_0_ 
    from
        user_roles roles0_ 
    where
        roles0_.user_id=?
Hibernate: 
    select
        roles0_.user_id as user_id1_11_0_,
        roles0_.roles as roles2_11_0_ 
    from
        user_roles roles0_ 
    where
        roles0_.user_id=?
Hibernate: 
    select
        roles0_.user_id as user_id1_11_0_,
        roles0_.roles as roles2_11_0_ 
    from
        user_roles roles0_ 
    where
        roles0_.user_id=?
Hibernate: 
    insert 
    into
        meeting_pin
        (created_at, updated_at, category, content, user_id, date, latitude, longitude, max_age, min_age, set_gender, set_limit, title) 
    values
        (?, ?, ?, ?, ?, ?, ?, ?, ?, ?, ?, ?, ?)
Hibernate: 
    select
        user0_.id as id1_10_,
        user0_.created_at as created_2_10_,
        user0_.updated_at as updated_3_10_,
        user0_.age as age4_10_,
        user0_.background_image as backgrou5_10_,
        user0_.email as email6_10_,
        user0_.gender as gender7_10_,
        user0_.hobby as hobby8_10_,
        user0_.introduce as introduc9_10_,
        user0_.job as job10_10_,
        user0_.name as name11_10_,
        user0_.nick_name as nick_na12_10_,
        user0_.phone_num as phone_n13_10_,
        user0_.profile_image as profile14_10_,
        user0_.res_red_number as res_red15_10_,
        user0_.score as score16_10_ 
    from
        user user0_
Hibernate: 
    select
        roles0_.user_id as user_id1_11_0_,
        roles0_.roles as roles2_11_0_ 
    from
        user_roles roles0_ 
    where
        roles0_.user_id=?
Hibernate: 
    select
        roles0_.user_id as user_id1_11_0_,
        roles0_.roles as roles2_11_0_ 
    from
        user_roles roles0_ 
    where
        roles0_.user_id=?
Hibernate: 
    select
        roles0_.user_id as user_id1_11_0_,
        roles0_.roles as roles2_11_0_ 
    from
        user_roles roles0_ 
    where
        roles0_.user_id=?
Hibernate: 
    select
        roles0_.user_id as user_id1_11_0_,
        roles0_.roles as roles2_11_0_ 
    from
        user_roles roles0_ 
    where
        roles0_.user_id=?
Hibernate: 
    select
        roles0_.user_id as user_id1_11_0_,
        roles0_.roles as roles2_11_0_ 
    from
        user_roles roles0_ 
    where
        roles0_.user_id=?
Hibernate: 
    insert 
    into
        meeting_pin
        (created_at, updated_at, category, content, user_id, date, latitude, longitude, max_age, min_age, set_gender, set_limit, title) 
    values
        (?, ?, ?, ?, ?, ?, ?, ?, ?, ?, ?, ?, ?)
Hibernate: 
    select
        user0_.id as id1_10_,
        user0_.created_at as created_2_10_,
        user0_.updated_at as updated_3_10_,
        user0_.age as age4_10_,
        user0_.background_image as backgrou5_10_,
        user0_.email as email6_10_,
        user0_.gender as gender7_10_,
        user0_.hobby as hobby8_10_,
        user0_.introduce as introduc9_10_,
        user0_.job as job10_10_,
        user0_.name as name11_10_,
        user0_.nick_name as nick_na12_10_,
        user0_.phone_num as phone_n13_10_,
        user0_.profile_image as profile14_10_,
        user0_.res_red_number as res_red15_10_,
        user0_.score as score16_10_ 
    from
        user user0_
Hibernate: 
    select
        roles0_.user_id as user_id1_11_0_,
        roles0_.roles as roles2_11_0_ 
    from
        user_roles roles0_ 
    where
        roles0_.user_id=?
Hibernate: 
    select
        roles0_.user_id as user_id1_11_0_,
        roles0_.roles as roles2_11_0_ 
    from
        user_roles roles0_ 
    where
        roles0_.user_id=?
Hibernate: 
    select
        roles0_.user_id as user_id1_11_0_,
        roles0_.roles as roles2_11_0_ 
    from
        user_roles roles0_ 
    where
        roles0_.user_id=?
Hibernate: 
    select
        roles0_.user_id as user_id1_11_0_,
        roles0_.roles as roles2_11_0_ 
    from
        user_roles roles0_ 
    where
        roles0_.user_id=?
Hibernate: 
    select
        roles0_.user_id as user_id1_11_0_,
        roles0_.roles as roles2_11_0_ 
    from
        user_roles roles0_ 
    where
        roles0_.user_id=?
Hibernate: 
    insert 
    into
        meeting_pin
        (created_at, updated_at, category, content, user_id, date, latitude, longitude, max_age, min_age, set_gender, set_limit, title) 
    values
        (?, ?, ?, ?, ?, ?, ?, ?, ?, ?, ?, ?, ?)
Hibernate: 
    select
        user0_.id as id1_10_,
        user0_.created_at as created_2_10_,
        user0_.updated_at as updated_3_10_,
        user0_.age as age4_10_,
        user0_.background_image as backgrou5_10_,
        user0_.email as email6_10_,
        user0_.gender as gender7_10_,
        user0_.hobby as hobby8_10_,
        user0_.introduce as introduc9_10_,
        user0_.job as job10_10_,
        user0_.name as name11_10_,
        user0_.nick_name as nick_na12_10_,
        user0_.phone_num as phone_n13_10_,
        user0_.profile_image as profile14_10_,
        user0_.res_red_number as res_red15_10_,
        user0_.score as score16_10_ 
    from
        user user0_
Hibernate: 
    select
        roles0_.user_id as user_id1_11_0_,
        roles0_.roles as roles2_11_0_ 
    from
        user_roles roles0_ 
    where
        roles0_.user_id=?
Hibernate: 
    select
        roles0_.user_id as user_id1_11_0_,
        roles0_.roles as roles2_11_0_ 
    from
        user_roles roles0_ 
    where
        roles0_.user_id=?
Hibernate: 
    select
        roles0_.user_id as user_id1_11_0_,
        roles0_.roles as roles2_11_0_ 
    from
        user_roles roles0_ 
    where
        roles0_.user_id=?
Hibernate: 
    select
        roles0_.user_id as user_id1_11_0_,
        roles0_.roles as roles2_11_0_ 
    from
        user_roles roles0_ 
    where
        roles0_.user_id=?
Hibernate: 
    select
        roles0_.user_id as user_id1_11_0_,
        roles0_.roles as roles2_11_0_ 
    from
        user_roles roles0_ 
    where
        roles0_.user_id=?
Hibernate: 
    insert 
    into
        meeting_pin
        (created_at, updated_at, category, content, user_id, date, latitude, longitude, max_age, min_age, set_gender, set_limit, title) 
    values
        (?, ?, ?, ?, ?, ?, ?, ?, ?, ?, ?, ?, ?)
Hibernate: 
    select
        user0_.id as id1_10_,
        user0_.created_at as created_2_10_,
        user0_.updated_at as updated_3_10_,
        user0_.age as age4_10_,
        user0_.background_image as backgrou5_10_,
        user0_.email as email6_10_,
        user0_.gender as gender7_10_,
        user0_.hobby as hobby8_10_,
        user0_.introduce as introduc9_10_,
        user0_.job as job10_10_,
        user0_.name as name11_10_,
        user0_.nick_name as nick_na12_10_,
        user0_.phone_num as phone_n13_10_,
        user0_.profile_image as profile14_10_,
        user0_.res_red_number as res_red15_10_,
        user0_.score as score16_10_ 
    from
        user user0_
Hibernate: 
    select
        roles0_.user_id as user_id1_11_0_,
        roles0_.roles as roles2_11_0_ 
    from
        user_roles roles0_ 
    where
        roles0_.user_id=?
Hibernate: 
    select
        roles0_.user_id as user_id1_11_0_,
        roles0_.roles as roles2_11_0_ 
    from
        user_roles roles0_ 
    where
        roles0_.user_id=?
Hibernate: 
    select
        roles0_.user_id as user_id1_11_0_,
        roles0_.roles as roles2_11_0_ 
    from
        user_roles roles0_ 
    where
        roles0_.user_id=?
Hibernate: 
    select
        roles0_.user_id as user_id1_11_0_,
        roles0_.roles as roles2_11_0_ 
    from
        user_roles roles0_ 
    where
        roles0_.user_id=?
Hibernate: 
    select
        roles0_.user_id as user_id1_11_0_,
        roles0_.roles as roles2_11_0_ 
    from
        user_roles roles0_ 
    where
        roles0_.user_id=?
Hibernate: 
    insert 
    into
        meeting_pin
        (created_at, updated_at, category, content, user_id, date, latitude, longitude, max_age, min_age, set_gender, set_limit, title) 
    values
        (?, ?, ?, ?, ?, ?, ?, ?, ?, ?, ?, ?, ?)
Hibernate: 
    select
        user0_.id as id1_10_,
        user0_.created_at as created_2_10_,
        user0_.updated_at as updated_3_10_,
        user0_.age as age4_10_,
        user0_.background_image as backgrou5_10_,
        user0_.email as email6_10_,
        user0_.gender as gender7_10_,
        user0_.hobby as hobby8_10_,
        user0_.introduce as introduc9_10_,
        user0_.job as job10_10_,
        user0_.name as name11_10_,
        user0_.nick_name as nick_na12_10_,
        user0_.phone_num as phone_n13_10_,
        user0_.profile_image as profile14_10_,
        user0_.res_red_number as res_red15_10_,
        user0_.score as score16_10_ 
    from
        user user0_
Hibernate: 
    select
        roles0_.user_id as user_id1_11_0_,
        roles0_.roles as roles2_11_0_ 
    from
        user_roles roles0_ 
    where
        roles0_.user_id=?
Hibernate: 
    select
        roles0_.user_id as user_id1_11_0_,
        roles0_.roles as roles2_11_0_ 
    from
        user_roles roles0_ 
    where
        roles0_.user_id=?
Hibernate: 
    select
        roles0_.user_id as user_id1_11_0_,
        roles0_.roles as roles2_11_0_ 
    from
        user_roles roles0_ 
    where
        roles0_.user_id=?
Hibernate: 
    select
        roles0_.user_id as user_id1_11_0_,
        roles0_.roles as roles2_11_0_ 
    from
        user_roles roles0_ 
    where
        roles0_.user_id=?
Hibernate: 
    select
        roles0_.user_id as user_id1_11_0_,
        roles0_.roles as roles2_11_0_ 
    from
        user_roles roles0_ 
    where
        roles0_.user_id=?
Hibernate: 
    insert 
    into
        meeting_pin
        (created_at, updated_at, category, content, user_id, date, latitude, longitude, max_age, min_age, set_gender, set_limit, title) 
    values
        (?, ?, ?, ?, ?, ?, ?, ?, ?, ?, ?, ?, ?)
Hibernate: 
    select
        user0_.id as id1_10_,
        user0_.created_at as created_2_10_,
        user0_.updated_at as updated_3_10_,
        user0_.age as age4_10_,
        user0_.background_image as backgrou5_10_,
        user0_.email as email6_10_,
        user0_.gender as gender7_10_,
        user0_.hobby as hobby8_10_,
        user0_.introduce as introduc9_10_,
        user0_.job as job10_10_,
        user0_.name as name11_10_,
        user0_.nick_name as nick_na12_10_,
        user0_.phone_num as phone_n13_10_,
        user0_.profile_image as profile14_10_,
        user0_.res_red_number as res_red15_10_,
        user0_.score as score16_10_ 
    from
        user user0_
Hibernate: 
    select
        roles0_.user_id as user_id1_11_0_,
        roles0_.roles as roles2_11_0_ 
    from
        user_roles roles0_ 
    where
        roles0_.user_id=?
Hibernate: 
    select
        roles0_.user_id as user_id1_11_0_,
        roles0_.roles as roles2_11_0_ 
    from
        user_roles roles0_ 
    where
        roles0_.user_id=?
Hibernate: 
    select
        roles0_.user_id as user_id1_11_0_,
        roles0_.roles as roles2_11_0_ 
    from
        user_roles roles0_ 
    where
        roles0_.user_id=?
Hibernate: 
    select
        roles0_.user_id as user_id1_11_0_,
        roles0_.roles as roles2_11_0_ 
    from
        user_roles roles0_ 
    where
        roles0_.user_id=?
Hibernate: 
    select
        roles0_.user_id as user_id1_11_0_,
        roles0_.roles as roles2_11_0_ 
    from
        user_roles roles0_ 
    where
        roles0_.user_id=?
Hibernate: 
    insert 
    into
        meeting_pin
        (created_at, updated_at, category, content, user_id, date, latitude, longitude, max_age, min_age, set_gender, set_limit, title) 
    values
        (?, ?, ?, ?, ?, ?, ?, ?, ?, ?, ?, ?, ?)
Hibernate: 
    select
        user0_.id as id1_10_,
        user0_.created_at as created_2_10_,
        user0_.updated_at as updated_3_10_,
        user0_.age as age4_10_,
        user0_.background_image as backgrou5_10_,
        user0_.email as email6_10_,
        user0_.gender as gender7_10_,
        user0_.hobby as hobby8_10_,
        user0_.introduce as introduc9_10_,
        user0_.job as job10_10_,
        user0_.name as name11_10_,
        user0_.nick_name as nick_na12_10_,
        user0_.phone_num as phone_n13_10_,
        user0_.profile_image as profile14_10_,
        user0_.res_red_number as res_red15_10_,
        user0_.score as score16_10_ 
    from
        user user0_
Hibernate: 
    select
        roles0_.user_id as user_id1_11_0_,
        roles0_.roles as roles2_11_0_ 
    from
        user_roles roles0_ 
    where
        roles0_.user_id=?
Hibernate: 
    select
        roles0_.user_id as user_id1_11_0_,
        roles0_.roles as roles2_11_0_ 
    from
        user_roles roles0_ 
    where
        roles0_.user_id=?
Hibernate: 
    select
        roles0_.user_id as user_id1_11_0_,
        roles0_.roles as roles2_11_0_ 
    from
        user_roles roles0_ 
    where
        roles0_.user_id=?
Hibernate: 
    select
        roles0_.user_id as user_id1_11_0_,
        roles0_.roles as roles2_11_0_ 
    from
        user_roles roles0_ 
    where
        roles0_.user_id=?
Hibernate: 
    select
        roles0_.user_id as user_id1_11_0_,
        roles0_.roles as roles2_11_0_ 
    from
        user_roles roles0_ 
    where
        roles0_.user_id=?
Hibernate: 
    insert 
    into
        meeting_pin
        (created_at, updated_at, category, content, user_id, date, latitude, longitude, max_age, min_age, set_gender, set_limit, title) 
    values
        (?, ?, ?, ?, ?, ?, ?, ?, ?, ?, ?, ?, ?)
Hibernate: 
    select
        user0_.id as id1_10_,
        user0_.created_at as created_2_10_,
        user0_.updated_at as updated_3_10_,
        user0_.age as age4_10_,
        user0_.background_image as backgrou5_10_,
        user0_.email as email6_10_,
        user0_.gender as gender7_10_,
        user0_.hobby as hobby8_10_,
        user0_.introduce as introduc9_10_,
        user0_.job as job10_10_,
        user0_.name as name11_10_,
        user0_.nick_name as nick_na12_10_,
        user0_.phone_num as phone_n13_10_,
        user0_.profile_image as profile14_10_,
        user0_.res_red_number as res_red15_10_,
        user0_.score as score16_10_ 
    from
        user user0_
Hibernate: 
    select
        roles0_.user_id as user_id1_11_0_,
        roles0_.roles as roles2_11_0_ 
    from
        user_roles roles0_ 
    where
        roles0_.user_id=?
Hibernate: 
    select
        roles0_.user_id as user_id1_11_0_,
        roles0_.roles as roles2_11_0_ 
    from
        user_roles roles0_ 
    where
        roles0_.user_id=?
Hibernate: 
    select
        roles0_.user_id as user_id1_11_0_,
        roles0_.roles as roles2_11_0_ 
    from
        user_roles roles0_ 
    where
        roles0_.user_id=?
Hibernate: 
    select
        roles0_.user_id as user_id1_11_0_,
        roles0_.roles as roles2_11_0_ 
    from
        user_roles roles0_ 
    where
        roles0_.user_id=?
Hibernate: 
    select
        roles0_.user_id as user_id1_11_0_,
        roles0_.roles as roles2_11_0_ 
    from
        user_roles roles0_ 
    where
        roles0_.user_id=?
Hibernate: 
    insert 
    into
        meeting_pin
        (created_at, updated_at, category, content, user_id, date, latitude, longitude, max_age, min_age, set_gender, set_limit, title) 
    values
        (?, ?, ?, ?, ?, ?, ?, ?, ?, ?, ?, ?, ?)
Hibernate: 
    select
        user0_.id as id1_10_,
        user0_.created_at as created_2_10_,
        user0_.updated_at as updated_3_10_,
        user0_.age as age4_10_,
        user0_.background_image as backgrou5_10_,
        user0_.email as email6_10_,
        user0_.gender as gender7_10_,
        user0_.hobby as hobby8_10_,
        user0_.introduce as introduc9_10_,
        user0_.job as job10_10_,
        user0_.name as name11_10_,
        user0_.nick_name as nick_na12_10_,
        user0_.phone_num as phone_n13_10_,
        user0_.profile_image as profile14_10_,
        user0_.res_red_number as res_red15_10_,
        user0_.score as score16_10_ 
    from
        user user0_
Hibernate: 
    select
        roles0_.user_id as user_id1_11_0_,
        roles0_.roles as roles2_11_0_ 
    from
        user_roles roles0_ 
    where
        roles0_.user_id=?
Hibernate: 
    select
        roles0_.user_id as user_id1_11_0_,
        roles0_.roles as roles2_11_0_ 
    from
        user_roles roles0_ 
    where
        roles0_.user_id=?
Hibernate: 
    select
        roles0_.user_id as user_id1_11_0_,
        roles0_.roles as roles2_11_0_ 
    from
        user_roles roles0_ 
    where
        roles0_.user_id=?
Hibernate: 
    select
        roles0_.user_id as user_id1_11_0_,
        roles0_.roles as roles2_11_0_ 
    from
        user_roles roles0_ 
    where
        roles0_.user_id=?
Hibernate: 
    select
        roles0_.user_id as user_id1_11_0_,
        roles0_.roles as roles2_11_0_ 
    from
        user_roles roles0_ 
    where
        roles0_.user_id=?
Hibernate: 
    insert 
    into
        meeting_pin
        (created_at, updated_at, category, content, user_id, date, latitude, longitude, max_age, min_age, set_gender, set_limit, title) 
    values
        (?, ?, ?, ?, ?, ?, ?, ?, ?, ?, ?, ?, ?)
Hibernate: 
    select
        user0_.id as id1_10_,
        user0_.created_at as created_2_10_,
        user0_.updated_at as updated_3_10_,
        user0_.age as age4_10_,
        user0_.background_image as backgrou5_10_,
        user0_.email as email6_10_,
        user0_.gender as gender7_10_,
        user0_.hobby as hobby8_10_,
        user0_.introduce as introduc9_10_,
        user0_.job as job10_10_,
        user0_.name as name11_10_,
        user0_.nick_name as nick_na12_10_,
        user0_.phone_num as phone_n13_10_,
        user0_.profile_image as profile14_10_,
        user0_.res_red_number as res_red15_10_,
        user0_.score as score16_10_ 
    from
        user user0_
Hibernate: 
    select
        roles0_.user_id as user_id1_11_0_,
        roles0_.roles as roles2_11_0_ 
    from
        user_roles roles0_ 
    where
        roles0_.user_id=?
Hibernate: 
    select
        roles0_.user_id as user_id1_11_0_,
        roles0_.roles as roles2_11_0_ 
    from
        user_roles roles0_ 
    where
        roles0_.user_id=?
Hibernate: 
    select
        roles0_.user_id as user_id1_11_0_,
        roles0_.roles as roles2_11_0_ 
    from
        user_roles roles0_ 
    where
        roles0_.user_id=?
Hibernate: 
    select
        roles0_.user_id as user_id1_11_0_,
        roles0_.roles as roles2_11_0_ 
    from
        user_roles roles0_ 
    where
        roles0_.user_id=?
Hibernate: 
    select
        roles0_.user_id as user_id1_11_0_,
        roles0_.roles as roles2_11_0_ 
    from
        user_roles roles0_ 
    where
        roles0_.user_id=?
Hibernate: 
    insert 
    into
        meeting_pin
        (created_at, updated_at, category, content, user_id, date, latitude, longitude, max_age, min_age, set_gender, set_limit, title) 
    values
        (?, ?, ?, ?, ?, ?, ?, ?, ?, ?, ?, ?, ?)
Hibernate: 
    select
        user0_.id as id1_10_,
        user0_.created_at as created_2_10_,
        user0_.updated_at as updated_3_10_,
        user0_.age as age4_10_,
        user0_.background_image as backgrou5_10_,
        user0_.email as email6_10_,
        user0_.gender as gender7_10_,
        user0_.hobby as hobby8_10_,
        user0_.introduce as introduc9_10_,
        user0_.job as job10_10_,
        user0_.name as name11_10_,
        user0_.nick_name as nick_na12_10_,
        user0_.phone_num as phone_n13_10_,
        user0_.profile_image as profile14_10_,
        user0_.res_red_number as res_red15_10_,
        user0_.score as score16_10_ 
    from
        user user0_
Hibernate: 
    select
        roles0_.user_id as user_id1_11_0_,
        roles0_.roles as roles2_11_0_ 
    from
        user_roles roles0_ 
    where
        roles0_.user_id=?
Hibernate: 
    select
        roles0_.user_id as user_id1_11_0_,
        roles0_.roles as roles2_11_0_ 
    from
        user_roles roles0_ 
    where
        roles0_.user_id=?
Hibernate: 
    select
        roles0_.user_id as user_id1_11_0_,
        roles0_.roles as roles2_11_0_ 
    from
        user_roles roles0_ 
    where
        roles0_.user_id=?
Hibernate: 
    select
        roles0_.user_id as user_id1_11_0_,
        roles0_.roles as roles2_11_0_ 
    from
        user_roles roles0_ 
    where
        roles0_.user_id=?
Hibernate: 
    select
        roles0_.user_id as user_id1_11_0_,
        roles0_.roles as roles2_11_0_ 
    from
        user_roles roles0_ 
    where
        roles0_.user_id=?
Hibernate: 
    insert 
    into
        meeting_pin
        (created_at, updated_at, category, content, user_id, date, latitude, longitude, max_age, min_age, set_gender, set_limit, title) 
    values
        (?, ?, ?, ?, ?, ?, ?, ?, ?, ?, ?, ?, ?)
Hibernate: 
    select
        user0_.id as id1_10_,
        user0_.created_at as created_2_10_,
        user0_.updated_at as updated_3_10_,
        user0_.age as age4_10_,
        user0_.background_image as backgrou5_10_,
        user0_.email as email6_10_,
        user0_.gender as gender7_10_,
        user0_.hobby as hobby8_10_,
        user0_.introduce as introduc9_10_,
        user0_.job as job10_10_,
        user0_.name as name11_10_,
        user0_.nick_name as nick_na12_10_,
        user0_.phone_num as phone_n13_10_,
        user0_.profile_image as profile14_10_,
        user0_.res_red_number as res_red15_10_,
        user0_.score as score16_10_ 
    from
        user user0_
Hibernate: 
    select
        roles0_.user_id as user_id1_11_0_,
        roles0_.roles as roles2_11_0_ 
    from
        user_roles roles0_ 
    where
        roles0_.user_id=?
Hibernate: 
    select
        roles0_.user_id as user_id1_11_0_,
        roles0_.roles as roles2_11_0_ 
    from
        user_roles roles0_ 
    where
        roles0_.user_id=?
Hibernate: 
    select
        roles0_.user_id as user_id1_11_0_,
        roles0_.roles as roles2_11_0_ 
    from
        user_roles roles0_ 
    where
        roles0_.user_id=?
Hibernate: 
    select
        roles0_.user_id as user_id1_11_0_,
        roles0_.roles as roles2_11_0_ 
    from
        user_roles roles0_ 
    where
        roles0_.user_id=?
Hibernate: 
    select
        roles0_.user_id as user_id1_11_0_,
        roles0_.roles as roles2_11_0_ 
    from
        user_roles roles0_ 
    where
        roles0_.user_id=?
Hibernate: 
    insert 
    into
        meeting_pin
        (created_at, updated_at, category, content, user_id, date, latitude, longitude, max_age, min_age, set_gender, set_limit, title) 
    values
        (?, ?, ?, ?, ?, ?, ?, ?, ?, ?, ?, ?, ?)
Hibernate: 
    select
        user0_.id as id1_10_,
        user0_.created_at as created_2_10_,
        user0_.updated_at as updated_3_10_,
        user0_.age as age4_10_,
        user0_.background_image as backgrou5_10_,
        user0_.email as email6_10_,
        user0_.gender as gender7_10_,
        user0_.hobby as hobby8_10_,
        user0_.introduce as introduc9_10_,
        user0_.job as job10_10_,
        user0_.name as name11_10_,
        user0_.nick_name as nick_na12_10_,
        user0_.phone_num as phone_n13_10_,
        user0_.profile_image as profile14_10_,
        user0_.res_red_number as res_red15_10_,
        user0_.score as score16_10_ 
    from
        user user0_
Hibernate: 
    select
        roles0_.user_id as user_id1_11_0_,
        roles0_.roles as roles2_11_0_ 
    from
        user_roles roles0_ 
    where
        roles0_.user_id=?
Hibernate: 
    select
        roles0_.user_id as user_id1_11_0_,
        roles0_.roles as roles2_11_0_ 
    from
        user_roles roles0_ 
    where
        roles0_.user_id=?
Hibernate: 
    select
        roles0_.user_id as user_id1_11_0_,
        roles0_.roles as roles2_11_0_ 
    from
        user_roles roles0_ 
    where
        roles0_.user_id=?
Hibernate: 
    select
        roles0_.user_id as user_id1_11_0_,
        roles0_.roles as roles2_11_0_ 
    from
        user_roles roles0_ 
    where
        roles0_.user_id=?
Hibernate: 
    select
        roles0_.user_id as user_id1_11_0_,
        roles0_.roles as roles2_11_0_ 
    from
        user_roles roles0_ 
    where
        roles0_.user_id=?
Hibernate: 
    insert 
    into
        meeting_pin
        (created_at, updated_at, category, content, user_id, date, latitude, longitude, max_age, min_age, set_gender, set_limit, title) 
    values
        (?, ?, ?, ?, ?, ?, ?, ?, ?, ?, ?, ?, ?)
Hibernate: 
    select
        user0_.id as id1_10_,
        user0_.created_at as created_2_10_,
        user0_.updated_at as updated_3_10_,
        user0_.age as age4_10_,
        user0_.background_image as backgrou5_10_,
        user0_.email as email6_10_,
        user0_.gender as gender7_10_,
        user0_.hobby as hobby8_10_,
        user0_.introduce as introduc9_10_,
        user0_.job as job10_10_,
        user0_.name as name11_10_,
        user0_.nick_name as nick_na12_10_,
        user0_.phone_num as phone_n13_10_,
        user0_.profile_image as profile14_10_,
        user0_.res_red_number as res_red15_10_,
        user0_.score as score16_10_ 
    from
        user user0_
Hibernate: 
    select
        roles0_.user_id as user_id1_11_0_,
        roles0_.roles as roles2_11_0_ 
    from
        user_roles roles0_ 
    where
        roles0_.user_id=?
Hibernate: 
    select
        roles0_.user_id as user_id1_11_0_,
        roles0_.roles as roles2_11_0_ 
    from
        user_roles roles0_ 
    where
        roles0_.user_id=?
Hibernate: 
    select
        roles0_.user_id as user_id1_11_0_,
        roles0_.roles as roles2_11_0_ 
    from
        user_roles roles0_ 
    where
        roles0_.user_id=?
Hibernate: 
    select
        roles0_.user_id as user_id1_11_0_,
        roles0_.roles as roles2_11_0_ 
    from
        user_roles roles0_ 
    where
        roles0_.user_id=?
Hibernate: 
    select
        roles0_.user_id as user_id1_11_0_,
        roles0_.roles as roles2_11_0_ 
    from
        user_roles roles0_ 
    where
        roles0_.user_id=?
Hibernate: 
    insert 
    into
        meeting_pin
        (created_at, updated_at, category, content, user_id, date, latitude, longitude, max_age, min_age, set_gender, set_limit, title) 
    values
        (?, ?, ?, ?, ?, ?, ?, ?, ?, ?, ?, ?, ?)
Hibernate: 
    select
        user0_.id as id1_10_,
        user0_.created_at as created_2_10_,
        user0_.updated_at as updated_3_10_,
        user0_.age as age4_10_,
        user0_.background_image as backgrou5_10_,
        user0_.email as email6_10_,
        user0_.gender as gender7_10_,
        user0_.hobby as hobby8_10_,
        user0_.introduce as introduc9_10_,
        user0_.job as job10_10_,
        user0_.name as name11_10_,
        user0_.nick_name as nick_na12_10_,
        user0_.phone_num as phone_n13_10_,
        user0_.profile_image as profile14_10_,
        user0_.res_red_number as res_red15_10_,
        user0_.score as score16_10_ 
    from
        user user0_
Hibernate: 
    select
        roles0_.user_id as user_id1_11_0_,
        roles0_.roles as roles2_11_0_ 
    from
        user_roles roles0_ 
    where
        roles0_.user_id=?
Hibernate: 
    select
        roles0_.user_id as user_id1_11_0_,
        roles0_.roles as roles2_11_0_ 
    from
        user_roles roles0_ 
    where
        roles0_.user_id=?
Hibernate: 
    select
        roles0_.user_id as user_id1_11_0_,
        roles0_.roles as roles2_11_0_ 
    from
        user_roles roles0_ 
    where
        roles0_.user_id=?
Hibernate: 
    select
        roles0_.user_id as user_id1_11_0_,
        roles0_.roles as roles2_11_0_ 
    from
        user_roles roles0_ 
    where
        roles0_.user_id=?
Hibernate: 
    select
        roles0_.user_id as user_id1_11_0_,
        roles0_.roles as roles2_11_0_ 
    from
        user_roles roles0_ 
    where
        roles0_.user_id=?
Hibernate: 
    insert 
    into
        meeting_pin
        (created_at, updated_at, category, content, user_id, date, latitude, longitude, max_age, min_age, set_gender, set_limit, title) 
    values
        (?, ?, ?, ?, ?, ?, ?, ?, ?, ?, ?, ?, ?)
Hibernate: 
    select
        user0_.id as id1_10_,
        user0_.created_at as created_2_10_,
        user0_.updated_at as updated_3_10_,
        user0_.age as age4_10_,
        user0_.background_image as backgrou5_10_,
        user0_.email as email6_10_,
        user0_.gender as gender7_10_,
        user0_.hobby as hobby8_10_,
        user0_.introduce as introduc9_10_,
        user0_.job as job10_10_,
        user0_.name as name11_10_,
        user0_.nick_name as nick_na12_10_,
        user0_.phone_num as phone_n13_10_,
        user0_.profile_image as profile14_10_,
        user0_.res_red_number as res_red15_10_,
        user0_.score as score16_10_ 
    from
        user user0_
Hibernate: 
    select
        roles0_.user_id as user_id1_11_0_,
        roles0_.roles as roles2_11_0_ 
    from
        user_roles roles0_ 
    where
        roles0_.user_id=?
Hibernate: 
    select
        roles0_.user_id as user_id1_11_0_,
        roles0_.roles as roles2_11_0_ 
    from
        user_roles roles0_ 
    where
        roles0_.user_id=?
Hibernate: 
    select
        roles0_.user_id as user_id1_11_0_,
        roles0_.roles as roles2_11_0_ 
    from
        user_roles roles0_ 
    where
        roles0_.user_id=?
Hibernate: 
    select
        roles0_.user_id as user_id1_11_0_,
        roles0_.roles as roles2_11_0_ 
    from
        user_roles roles0_ 
    where
        roles0_.user_id=?
Hibernate: 
    select
        roles0_.user_id as user_id1_11_0_,
        roles0_.roles as roles2_11_0_ 
    from
        user_roles roles0_ 
    where
        roles0_.user_id=?
Hibernate: 
    insert 
    into
        meeting_pin
        (created_at, updated_at, category, content, user_id, date, latitude, longitude, max_age, min_age, set_gender, set_limit, title) 
    values
        (?, ?, ?, ?, ?, ?, ?, ?, ?, ?, ?, ?, ?)
Hibernate: 
    select
        user0_.id as id1_10_,
        user0_.created_at as created_2_10_,
        user0_.updated_at as updated_3_10_,
        user0_.age as age4_10_,
        user0_.background_image as backgrou5_10_,
        user0_.email as email6_10_,
        user0_.gender as gender7_10_,
        user0_.hobby as hobby8_10_,
        user0_.introduce as introduc9_10_,
        user0_.job as job10_10_,
        user0_.name as name11_10_,
        user0_.nick_name as nick_na12_10_,
        user0_.phone_num as phone_n13_10_,
        user0_.profile_image as profile14_10_,
        user0_.res_red_number as res_red15_10_,
        user0_.score as score16_10_ 
    from
        user user0_
Hibernate: 
    select
        roles0_.user_id as user_id1_11_0_,
        roles0_.roles as roles2_11_0_ 
    from
        user_roles roles0_ 
    where
        roles0_.user_id=?
Hibernate: 
    select
        roles0_.user_id as user_id1_11_0_,
        roles0_.roles as roles2_11_0_ 
    from
        user_roles roles0_ 
    where
        roles0_.user_id=?
Hibernate: 
    select
        roles0_.user_id as user_id1_11_0_,
        roles0_.roles as roles2_11_0_ 
    from
        user_roles roles0_ 
    where
        roles0_.user_id=?
Hibernate: 
    select
        roles0_.user_id as user_id1_11_0_,
        roles0_.roles as roles2_11_0_ 
    from
        user_roles roles0_ 
    where
        roles0_.user_id=?
Hibernate: 
    select
        roles0_.user_id as user_id1_11_0_,
        roles0_.roles as roles2_11_0_ 
    from
        user_roles roles0_ 
    where
        roles0_.user_id=?
Hibernate: 
    insert 
    into
        meeting_pin
        (created_at, updated_at, category, content, user_id, date, latitude, longitude, max_age, min_age, set_gender, set_limit, title) 
    values
        (?, ?, ?, ?, ?, ?, ?, ?, ?, ?, ?, ?, ?)
Hibernate: 
    select
        user0_.id as id1_10_,
        user0_.created_at as created_2_10_,
        user0_.updated_at as updated_3_10_,
        user0_.age as age4_10_,
        user0_.background_image as backgrou5_10_,
        user0_.email as email6_10_,
        user0_.gender as gender7_10_,
        user0_.hobby as hobby8_10_,
        user0_.introduce as introduc9_10_,
        user0_.job as job10_10_,
        user0_.name as name11_10_,
        user0_.nick_name as nick_na12_10_,
        user0_.phone_num as phone_n13_10_,
        user0_.profile_image as profile14_10_,
        user0_.res_red_number as res_red15_10_,
        user0_.score as score16_10_ 
    from
        user user0_
Hibernate: 
    select
        roles0_.user_id as user_id1_11_0_,
        roles0_.roles as roles2_11_0_ 
    from
        user_roles roles0_ 
    where
        roles0_.user_id=?
Hibernate: 
    select
        roles0_.user_id as user_id1_11_0_,
        roles0_.roles as roles2_11_0_ 
    from
        user_roles roles0_ 
    where
        roles0_.user_id=?
Hibernate: 
    select
        roles0_.user_id as user_id1_11_0_,
        roles0_.roles as roles2_11_0_ 
    from
        user_roles roles0_ 
    where
        roles0_.user_id=?
Hibernate: 
    select
        roles0_.user_id as user_id1_11_0_,
        roles0_.roles as roles2_11_0_ 
    from
        user_roles roles0_ 
    where
        roles0_.user_id=?
Hibernate: 
    select
        roles0_.user_id as user_id1_11_0_,
        roles0_.roles as roles2_11_0_ 
    from
        user_roles roles0_ 
    where
        roles0_.user_id=?
Hibernate: 
    insert 
    into
        meeting_pin
        (created_at, updated_at, category, content, user_id, date, latitude, longitude, max_age, min_age, set_gender, set_limit, title) 
    values
        (?, ?, ?, ?, ?, ?, ?, ?, ?, ?, ?, ?, ?)
Hibernate: 
    select
        user0_.id as id1_10_,
        user0_.created_at as created_2_10_,
        user0_.updated_at as updated_3_10_,
        user0_.age as age4_10_,
        user0_.background_image as backgrou5_10_,
        user0_.email as email6_10_,
        user0_.gender as gender7_10_,
        user0_.hobby as hobby8_10_,
        user0_.introduce as introduc9_10_,
        user0_.job as job10_10_,
        user0_.name as name11_10_,
        user0_.nick_name as nick_na12_10_,
        user0_.phone_num as phone_n13_10_,
        user0_.profile_image as profile14_10_,
        user0_.res_red_number as res_red15_10_,
        user0_.score as score16_10_ 
    from
        user user0_
Hibernate: 
    select
        roles0_.user_id as user_id1_11_0_,
        roles0_.roles as roles2_11_0_ 
    from
        user_roles roles0_ 
    where
        roles0_.user_id=?
Hibernate: 
    select
        roles0_.user_id as user_id1_11_0_,
        roles0_.roles as roles2_11_0_ 
    from
        user_roles roles0_ 
    where
        roles0_.user_id=?
Hibernate: 
    select
        roles0_.user_id as user_id1_11_0_,
        roles0_.roles as roles2_11_0_ 
    from
        user_roles roles0_ 
    where
        roles0_.user_id=?
Hibernate: 
    select
        roles0_.user_id as user_id1_11_0_,
        roles0_.roles as roles2_11_0_ 
    from
        user_roles roles0_ 
    where
        roles0_.user_id=?
Hibernate: 
    select
        roles0_.user_id as user_id1_11_0_,
        roles0_.roles as roles2_11_0_ 
    from
        user_roles roles0_ 
    where
        roles0_.user_id=?
Hibernate: 
    insert 
    into
        meeting_pin
        (created_at, updated_at, category, content, user_id, date, latitude, longitude, max_age, min_age, set_gender, set_limit, title) 
    values
        (?, ?, ?, ?, ?, ?, ?, ?, ?, ?, ?, ?, ?)
Hibernate: 
    select
        user0_.id as id1_10_,
        user0_.created_at as created_2_10_,
        user0_.updated_at as updated_3_10_,
        user0_.age as age4_10_,
        user0_.background_image as backgrou5_10_,
        user0_.email as email6_10_,
        user0_.gender as gender7_10_,
        user0_.hobby as hobby8_10_,
        user0_.introduce as introduc9_10_,
        user0_.job as job10_10_,
        user0_.name as name11_10_,
        user0_.nick_name as nick_na12_10_,
        user0_.phone_num as phone_n13_10_,
        user0_.profile_image as profile14_10_,
        user0_.res_red_number as res_red15_10_,
        user0_.score as score16_10_ 
    from
        user user0_
Hibernate: 
    select
        roles0_.user_id as user_id1_11_0_,
        roles0_.roles as roles2_11_0_ 
    from
        user_roles roles0_ 
    where
        roles0_.user_id=?
Hibernate: 
    select
        roles0_.user_id as user_id1_11_0_,
        roles0_.roles as roles2_11_0_ 
    from
        user_roles roles0_ 
    where
        roles0_.user_id=?
Hibernate: 
    select
        roles0_.user_id as user_id1_11_0_,
        roles0_.roles as roles2_11_0_ 
    from
        user_roles roles0_ 
    where
        roles0_.user_id=?
Hibernate: 
    select
        roles0_.user_id as user_id1_11_0_,
        roles0_.roles as roles2_11_0_ 
    from
        user_roles roles0_ 
    where
        roles0_.user_id=?
Hibernate: 
    select
        roles0_.user_id as user_id1_11_0_,
        roles0_.roles as roles2_11_0_ 
    from
        user_roles roles0_ 
    where
        roles0_.user_id=?
Hibernate: 
    insert 
    into
        meeting_pin
        (created_at, updated_at, category, content, user_id, date, latitude, longitude, max_age, min_age, set_gender, set_limit, title) 
    values
        (?, ?, ?, ?, ?, ?, ?, ?, ?, ?, ?, ?, ?)
Hibernate: 
    select
        user0_.id as id1_10_,
        user0_.created_at as created_2_10_,
        user0_.updated_at as updated_3_10_,
        user0_.age as age4_10_,
        user0_.background_image as backgrou5_10_,
        user0_.email as email6_10_,
        user0_.gender as gender7_10_,
        user0_.hobby as hobby8_10_,
        user0_.introduce as introduc9_10_,
        user0_.job as job10_10_,
        user0_.name as name11_10_,
        user0_.nick_name as nick_na12_10_,
        user0_.phone_num as phone_n13_10_,
        user0_.profile_image as profile14_10_,
        user0_.res_red_number as res_red15_10_,
        user0_.score as score16_10_ 
    from
        user user0_
Hibernate: 
    select
        roles0_.user_id as user_id1_11_0_,
        roles0_.roles as roles2_11_0_ 
    from
        user_roles roles0_ 
    where
        roles0_.user_id=?
Hibernate: 
    select
        roles0_.user_id as user_id1_11_0_,
        roles0_.roles as roles2_11_0_ 
    from
        user_roles roles0_ 
    where
        roles0_.user_id=?
Hibernate: 
    select
        roles0_.user_id as user_id1_11_0_,
        roles0_.roles as roles2_11_0_ 
    from
        user_roles roles0_ 
    where
        roles0_.user_id=?
Hibernate: 
    select
        roles0_.user_id as user_id1_11_0_,
        roles0_.roles as roles2_11_0_ 
    from
        user_roles roles0_ 
    where
        roles0_.user_id=?
Hibernate: 
    select
        roles0_.user_id as user_id1_11_0_,
        roles0_.roles as roles2_11_0_ 
    from
        user_roles roles0_ 
    where
        roles0_.user_id=?
Hibernate: 
    insert 
    into
        meeting_pin
        (created_at, updated_at, category, content, user_id, date, latitude, longitude, max_age, min_age, set_gender, set_limit, title) 
    values
        (?, ?, ?, ?, ?, ?, ?, ?, ?, ?, ?, ?, ?)
Hibernate: 
    select
        user0_.id as id1_10_,
        user0_.created_at as created_2_10_,
        user0_.updated_at as updated_3_10_,
        user0_.age as age4_10_,
        user0_.background_image as backgrou5_10_,
        user0_.email as email6_10_,
        user0_.gender as gender7_10_,
        user0_.hobby as hobby8_10_,
        user0_.introduce as introduc9_10_,
        user0_.job as job10_10_,
        user0_.name as name11_10_,
        user0_.nick_name as nick_na12_10_,
        user0_.phone_num as phone_n13_10_,
        user0_.profile_image as profile14_10_,
        user0_.res_red_number as res_red15_10_,
        user0_.score as score16_10_ 
    from
        user user0_
Hibernate: 
    select
        roles0_.user_id as user_id1_11_0_,
        roles0_.roles as roles2_11_0_ 
    from
        user_roles roles0_ 
    where
        roles0_.user_id=?
Hibernate: 
    select
        roles0_.user_id as user_id1_11_0_,
        roles0_.roles as roles2_11_0_ 
    from
        user_roles roles0_ 
    where
        roles0_.user_id=?
Hibernate: 
    select
        roles0_.user_id as user_id1_11_0_,
        roles0_.roles as roles2_11_0_ 
    from
        user_roles roles0_ 
    where
        roles0_.user_id=?
Hibernate: 
    select
        roles0_.user_id as user_id1_11_0_,
        roles0_.roles as roles2_11_0_ 
    from
        user_roles roles0_ 
    where
        roles0_.user_id=?
Hibernate: 
    select
        roles0_.user_id as user_id1_11_0_,
        roles0_.roles as roles2_11_0_ 
    from
        user_roles roles0_ 
    where
        roles0_.user_id=?
Hibernate: 
    insert 
    into
        meeting_pin
        (created_at, updated_at, category, content, user_id, date, latitude, longitude, max_age, min_age, set_gender, set_limit, title) 
    values
        (?, ?, ?, ?, ?, ?, ?, ?, ?, ?, ?, ?, ?)
Hibernate: 
    select
        user0_.id as id1_10_,
        user0_.created_at as created_2_10_,
        user0_.updated_at as updated_3_10_,
        user0_.age as age4_10_,
        user0_.background_image as backgrou5_10_,
        user0_.email as email6_10_,
        user0_.gender as gender7_10_,
        user0_.hobby as hobby8_10_,
        user0_.introduce as introduc9_10_,
        user0_.job as job10_10_,
        user0_.name as name11_10_,
        user0_.nick_name as nick_na12_10_,
        user0_.phone_num as phone_n13_10_,
        user0_.profile_image as profile14_10_,
        user0_.res_red_number as res_red15_10_,
        user0_.score as score16_10_ 
    from
        user user0_
Hibernate: 
    select
        roles0_.user_id as user_id1_11_0_,
        roles0_.roles as roles2_11_0_ 
    from
        user_roles roles0_ 
    where
        roles0_.user_id=?
Hibernate: 
    select
        roles0_.user_id as user_id1_11_0_,
        roles0_.roles as roles2_11_0_ 
    from
        user_roles roles0_ 
    where
        roles0_.user_id=?
Hibernate: 
    select
        roles0_.user_id as user_id1_11_0_,
        roles0_.roles as roles2_11_0_ 
    from
        user_roles roles0_ 
    where
        roles0_.user_id=?
Hibernate: 
    select
        roles0_.user_id as user_id1_11_0_,
        roles0_.roles as roles2_11_0_ 
    from
        user_roles roles0_ 
    where
        roles0_.user_id=?
Hibernate: 
    select
        roles0_.user_id as user_id1_11_0_,
        roles0_.roles as roles2_11_0_ 
    from
        user_roles roles0_ 
    where
        roles0_.user_id=?
Hibernate: 
    insert 
    into
        meeting_pin
        (created_at, updated_at, category, content, user_id, date, latitude, longitude, max_age, min_age, set_gender, set_limit, title) 
    values
        (?, ?, ?, ?, ?, ?, ?, ?, ?, ?, ?, ?, ?)
Hibernate: 
    select
        user0_.id as id1_10_,
        user0_.created_at as created_2_10_,
        user0_.updated_at as updated_3_10_,
        user0_.age as age4_10_,
        user0_.background_image as backgrou5_10_,
        user0_.email as email6_10_,
        user0_.gender as gender7_10_,
        user0_.hobby as hobby8_10_,
        user0_.introduce as introduc9_10_,
        user0_.job as job10_10_,
        user0_.name as name11_10_,
        user0_.nick_name as nick_na12_10_,
        user0_.phone_num as phone_n13_10_,
        user0_.profile_image as profile14_10_,
        user0_.res_red_number as res_red15_10_,
        user0_.score as score16_10_ 
    from
        user user0_
Hibernate: 
    select
        roles0_.user_id as user_id1_11_0_,
        roles0_.roles as roles2_11_0_ 
    from
        user_roles roles0_ 
    where
        roles0_.user_id=?
Hibernate: 
    select
        roles0_.user_id as user_id1_11_0_,
        roles0_.roles as roles2_11_0_ 
    from
        user_roles roles0_ 
    where
        roles0_.user_id=?
Hibernate: 
    select
        roles0_.user_id as user_id1_11_0_,
        roles0_.roles as roles2_11_0_ 
    from
        user_roles roles0_ 
    where
        roles0_.user_id=?
Hibernate: 
    select
        roles0_.user_id as user_id1_11_0_,
        roles0_.roles as roles2_11_0_ 
    from
        user_roles roles0_ 
    where
        roles0_.user_id=?
Hibernate: 
    select
        roles0_.user_id as user_id1_11_0_,
        roles0_.roles as roles2_11_0_ 
    from
        user_roles roles0_ 
    where
        roles0_.user_id=?
Hibernate: 
    insert 
    into
        meeting_pin
        (created_at, updated_at, category, content, user_id, date, latitude, longitude, max_age, min_age, set_gender, set_limit, title) 
    values
        (?, ?, ?, ?, ?, ?, ?, ?, ?, ?, ?, ?, ?)
Hibernate: 
    select
        user0_.id as id1_10_,
        user0_.created_at as created_2_10_,
        user0_.updated_at as updated_3_10_,
        user0_.age as age4_10_,
        user0_.background_image as backgrou5_10_,
        user0_.email as email6_10_,
        user0_.gender as gender7_10_,
        user0_.hobby as hobby8_10_,
        user0_.introduce as introduc9_10_,
        user0_.job as job10_10_,
        user0_.name as name11_10_,
        user0_.nick_name as nick_na12_10_,
        user0_.phone_num as phone_n13_10_,
        user0_.profile_image as profile14_10_,
        user0_.res_red_number as res_red15_10_,
        user0_.score as score16_10_ 
    from
        user user0_
Hibernate: 
    select
        roles0_.user_id as user_id1_11_0_,
        roles0_.roles as roles2_11_0_ 
    from
        user_roles roles0_ 
    where
        roles0_.user_id=?
Hibernate: 
    select
        roles0_.user_id as user_id1_11_0_,
        roles0_.roles as roles2_11_0_ 
    from
        user_roles roles0_ 
    where
        roles0_.user_id=?
Hibernate: 
    select
        roles0_.user_id as user_id1_11_0_,
        roles0_.roles as roles2_11_0_ 
    from
        user_roles roles0_ 
    where
        roles0_.user_id=?
Hibernate: 
    select
        roles0_.user_id as user_id1_11_0_,
        roles0_.roles as roles2_11_0_ 
    from
        user_roles roles0_ 
    where
        roles0_.user_id=?
Hibernate: 
    select
        roles0_.user_id as user_id1_11_0_,
        roles0_.roles as roles2_11_0_ 
    from
        user_roles roles0_ 
    where
        roles0_.user_id=?
Hibernate: 
    insert 
    into
        meeting_pin
        (created_at, updated_at, category, content, user_id, date, latitude, longitude, max_age, min_age, set_gender, set_limit, title) 
    values
        (?, ?, ?, ?, ?, ?, ?, ?, ?, ?, ?, ?, ?)
Hibernate: 
    select
        user0_.id as id1_10_,
        user0_.created_at as created_2_10_,
        user0_.updated_at as updated_3_10_,
        user0_.age as age4_10_,
        user0_.background_image as backgrou5_10_,
        user0_.email as email6_10_,
        user0_.gender as gender7_10_,
        user0_.hobby as hobby8_10_,
        user0_.introduce as introduc9_10_,
        user0_.job as job10_10_,
        user0_.name as name11_10_,
        user0_.nick_name as nick_na12_10_,
        user0_.phone_num as phone_n13_10_,
        user0_.profile_image as profile14_10_,
        user0_.res_red_number as res_red15_10_,
        user0_.score as score16_10_ 
    from
        user user0_
Hibernate: 
    select
        roles0_.user_id as user_id1_11_0_,
        roles0_.roles as roles2_11_0_ 
    from
        user_roles roles0_ 
    where
        roles0_.user_id=?
Hibernate: 
    select
        roles0_.user_id as user_id1_11_0_,
        roles0_.roles as roles2_11_0_ 
    from
        user_roles roles0_ 
    where
        roles0_.user_id=?
Hibernate: 
    select
        roles0_.user_id as user_id1_11_0_,
        roles0_.roles as roles2_11_0_ 
    from
        user_roles roles0_ 
    where
        roles0_.user_id=?
Hibernate: 
    select
        roles0_.user_id as user_id1_11_0_,
        roles0_.roles as roles2_11_0_ 
    from
        user_roles roles0_ 
    where
        roles0_.user_id=?
Hibernate: 
    select
        roles0_.user_id as user_id1_11_0_,
        roles0_.roles as roles2_11_0_ 
    from
        user_roles roles0_ 
    where
        roles0_.user_id=?
Hibernate: 
    insert 
    into
        meeting_pin
        (created_at, updated_at, category, content, user_id, date, latitude, longitude, max_age, min_age, set_gender, set_limit, title) 
    values
        (?, ?, ?, ?, ?, ?, ?, ?, ?, ?, ?, ?, ?)
Hibernate: 
    select
        user0_.id as id1_10_,
        user0_.created_at as created_2_10_,
        user0_.updated_at as updated_3_10_,
        user0_.age as age4_10_,
        user0_.background_image as backgrou5_10_,
        user0_.email as email6_10_,
        user0_.gender as gender7_10_,
        user0_.hobby as hobby8_10_,
        user0_.introduce as introduc9_10_,
        user0_.job as job10_10_,
        user0_.name as name11_10_,
        user0_.nick_name as nick_na12_10_,
        user0_.phone_num as phone_n13_10_,
        user0_.profile_image as profile14_10_,
        user0_.res_red_number as res_red15_10_,
        user0_.score as score16_10_ 
    from
        user user0_
Hibernate: 
    select
        roles0_.user_id as user_id1_11_0_,
        roles0_.roles as roles2_11_0_ 
    from
        user_roles roles0_ 
    where
        roles0_.user_id=?
Hibernate: 
    select
        roles0_.user_id as user_id1_11_0_,
        roles0_.roles as roles2_11_0_ 
    from
        user_roles roles0_ 
    where
        roles0_.user_id=?
Hibernate: 
    select
        roles0_.user_id as user_id1_11_0_,
        roles0_.roles as roles2_11_0_ 
    from
        user_roles roles0_ 
    where
        roles0_.user_id=?
Hibernate: 
    select
        roles0_.user_id as user_id1_11_0_,
        roles0_.roles as roles2_11_0_ 
    from
        user_roles roles0_ 
    where
        roles0_.user_id=?
Hibernate: 
    select
        roles0_.user_id as user_id1_11_0_,
        roles0_.roles as roles2_11_0_ 
    from
        user_roles roles0_ 
    where
        roles0_.user_id=?
Hibernate: 
    insert 
    into
        meeting_pin
        (created_at, updated_at, category, content, user_id, date, latitude, longitude, max_age, min_age, set_gender, set_limit, title) 
    values
        (?, ?, ?, ?, ?, ?, ?, ?, ?, ?, ?, ?, ?)
Hibernate: 
    select
        user0_.id as id1_10_,
        user0_.created_at as created_2_10_,
        user0_.updated_at as updated_3_10_,
        user0_.age as age4_10_,
        user0_.background_image as backgrou5_10_,
        user0_.email as email6_10_,
        user0_.gender as gender7_10_,
        user0_.hobby as hobby8_10_,
        user0_.introduce as introduc9_10_,
        user0_.job as job10_10_,
        user0_.name as name11_10_,
        user0_.nick_name as nick_na12_10_,
        user0_.phone_num as phone_n13_10_,
        user0_.profile_image as profile14_10_,
        user0_.res_red_number as res_red15_10_,
        user0_.score as score16_10_ 
    from
        user user0_
Hibernate: 
    select
        roles0_.user_id as user_id1_11_0_,
        roles0_.roles as roles2_11_0_ 
    from
        user_roles roles0_ 
    where
        roles0_.user_id=?
Hibernate: 
    select
        roles0_.user_id as user_id1_11_0_,
        roles0_.roles as roles2_11_0_ 
    from
        user_roles roles0_ 
    where
        roles0_.user_id=?
Hibernate: 
    select
        roles0_.user_id as user_id1_11_0_,
        roles0_.roles as roles2_11_0_ 
    from
        user_roles roles0_ 
    where
        roles0_.user_id=?
Hibernate: 
    select
        roles0_.user_id as user_id1_11_0_,
        roles0_.roles as roles2_11_0_ 
    from
        user_roles roles0_ 
    where
        roles0_.user_id=?
Hibernate: 
    select
        roles0_.user_id as user_id1_11_0_,
        roles0_.roles as roles2_11_0_ 
    from
        user_roles roles0_ 
    where
        roles0_.user_id=?
Hibernate: 
    insert 
    into
        meeting_pin
        (created_at, updated_at, category, content, user_id, date, latitude, longitude, max_age, min_age, set_gender, set_limit, title) 
    values
        (?, ?, ?, ?, ?, ?, ?, ?, ?, ?, ?, ?, ?)
Hibernate: 
    select
        user0_.id as id1_10_,
        user0_.created_at as created_2_10_,
        user0_.updated_at as updated_3_10_,
        user0_.age as age4_10_,
        user0_.background_image as backgrou5_10_,
        user0_.email as email6_10_,
        user0_.gender as gender7_10_,
        user0_.hobby as hobby8_10_,
        user0_.introduce as introduc9_10_,
        user0_.job as job10_10_,
        user0_.name as name11_10_,
        user0_.nick_name as nick_na12_10_,
        user0_.phone_num as phone_n13_10_,
        user0_.profile_image as profile14_10_,
        user0_.res_red_number as res_red15_10_,
        user0_.score as score16_10_ 
    from
        user user0_
Hibernate: 
    select
        roles0_.user_id as user_id1_11_0_,
        roles0_.roles as roles2_11_0_ 
    from
        user_roles roles0_ 
    where
        roles0_.user_id=?
Hibernate: 
    select
        roles0_.user_id as user_id1_11_0_,
        roles0_.roles as roles2_11_0_ 
    from
        user_roles roles0_ 
    where
        roles0_.user_id=?
Hibernate: 
    select
        roles0_.user_id as user_id1_11_0_,
        roles0_.roles as roles2_11_0_ 
    from
        user_roles roles0_ 
    where
        roles0_.user_id=?
Hibernate: 
    select
        roles0_.user_id as user_id1_11_0_,
        roles0_.roles as roles2_11_0_ 
    from
        user_roles roles0_ 
    where
        roles0_.user_id=?
Hibernate: 
    select
        roles0_.user_id as user_id1_11_0_,
        roles0_.roles as roles2_11_0_ 
    from
        user_roles roles0_ 
    where
        roles0_.user_id=?
Hibernate: 
    insert 
    into
        meeting_pin
        (created_at, updated_at, category, content, user_id, date, latitude, longitude, max_age, min_age, set_gender, set_limit, title) 
    values
        (?, ?, ?, ?, ?, ?, ?, ?, ?, ?, ?, ?, ?)
Hibernate: 
    select
        user0_.id as id1_10_,
        user0_.created_at as created_2_10_,
        user0_.updated_at as updated_3_10_,
        user0_.age as age4_10_,
        user0_.background_image as backgrou5_10_,
        user0_.email as email6_10_,
        user0_.gender as gender7_10_,
        user0_.hobby as hobby8_10_,
        user0_.introduce as introduc9_10_,
        user0_.job as job10_10_,
        user0_.name as name11_10_,
        user0_.nick_name as nick_na12_10_,
        user0_.phone_num as phone_n13_10_,
        user0_.profile_image as profile14_10_,
        user0_.res_red_number as res_red15_10_,
        user0_.score as score16_10_ 
    from
        user user0_
Hibernate: 
    select
        roles0_.user_id as user_id1_11_0_,
        roles0_.roles as roles2_11_0_ 
    from
        user_roles roles0_ 
    where
        roles0_.user_id=?
Hibernate: 
    select
        roles0_.user_id as user_id1_11_0_,
        roles0_.roles as roles2_11_0_ 
    from
        user_roles roles0_ 
    where
        roles0_.user_id=?
Hibernate: 
    select
        roles0_.user_id as user_id1_11_0_,
        roles0_.roles as roles2_11_0_ 
    from
        user_roles roles0_ 
    where
        roles0_.user_id=?
Hibernate: 
    select
        roles0_.user_id as user_id1_11_0_,
        roles0_.roles as roles2_11_0_ 
    from
        user_roles roles0_ 
    where
        roles0_.user_id=?
Hibernate: 
    select
        roles0_.user_id as user_id1_11_0_,
        roles0_.roles as roles2_11_0_ 
    from
        user_roles roles0_ 
    where
        roles0_.user_id=?
Hibernate: 
    insert 
    into
        meeting_pin
        (created_at, updated_at, category, content, user_id, date, latitude, longitude, max_age, min_age, set_gender, set_limit, title) 
    values
        (?, ?, ?, ?, ?, ?, ?, ?, ?, ?, ?, ?, ?)
Hibernate: 
    select
        user0_.id as id1_10_,
        user0_.created_at as created_2_10_,
        user0_.updated_at as updated_3_10_,
        user0_.age as age4_10_,
        user0_.background_image as backgrou5_10_,
        user0_.email as email6_10_,
        user0_.gender as gender7_10_,
        user0_.hobby as hobby8_10_,
        user0_.introduce as introduc9_10_,
        user0_.job as job10_10_,
        user0_.name as name11_10_,
        user0_.nick_name as nick_na12_10_,
        user0_.phone_num as phone_n13_10_,
        user0_.profile_image as profile14_10_,
        user0_.res_red_number as res_red15_10_,
        user0_.score as score16_10_ 
    from
        user user0_
Hibernate: 
    select
        roles0_.user_id as user_id1_11_0_,
        roles0_.roles as roles2_11_0_ 
    from
        user_roles roles0_ 
    where
        roles0_.user_id=?
Hibernate: 
    select
        roles0_.user_id as user_id1_11_0_,
        roles0_.roles as roles2_11_0_ 
    from
        user_roles roles0_ 
    where
        roles0_.user_id=?
Hibernate: 
    select
        roles0_.user_id as user_id1_11_0_,
        roles0_.roles as roles2_11_0_ 
    from
        user_roles roles0_ 
    where
        roles0_.user_id=?
Hibernate: 
    select
        roles0_.user_id as user_id1_11_0_,
        roles0_.roles as roles2_11_0_ 
    from
        user_roles roles0_ 
    where
        roles0_.user_id=?
Hibernate: 
    select
        roles0_.user_id as user_id1_11_0_,
        roles0_.roles as roles2_11_0_ 
    from
        user_roles roles0_ 
    where
        roles0_.user_id=?
Hibernate: 
    insert 
    into
        meeting_pin
        (created_at, updated_at, category, content, user_id, date, latitude, longitude, max_age, min_age, set_gender, set_limit, title) 
    values
        (?, ?, ?, ?, ?, ?, ?, ?, ?, ?, ?, ?, ?)
Hibernate: 
    select
        user0_.id as id1_10_,
        user0_.created_at as created_2_10_,
        user0_.updated_at as updated_3_10_,
        user0_.age as age4_10_,
        user0_.background_image as backgrou5_10_,
        user0_.email as email6_10_,
        user0_.gender as gender7_10_,
        user0_.hobby as hobby8_10_,
        user0_.introduce as introduc9_10_,
        user0_.job as job10_10_,
        user0_.name as name11_10_,
        user0_.nick_name as nick_na12_10_,
        user0_.phone_num as phone_n13_10_,
        user0_.profile_image as profile14_10_,
        user0_.res_red_number as res_red15_10_,
        user0_.score as score16_10_ 
    from
        user user0_
Hibernate: 
    select
        roles0_.user_id as user_id1_11_0_,
        roles0_.roles as roles2_11_0_ 
    from
        user_roles roles0_ 
    where
        roles0_.user_id=?
Hibernate: 
    select
        roles0_.user_id as user_id1_11_0_,
        roles0_.roles as roles2_11_0_ 
    from
        user_roles roles0_ 
    where
        roles0_.user_id=?
Hibernate: 
    select
        roles0_.user_id as user_id1_11_0_,
        roles0_.roles as roles2_11_0_ 
    from
        user_roles roles0_ 
    where
        roles0_.user_id=?
Hibernate: 
    select
        roles0_.user_id as user_id1_11_0_,
        roles0_.roles as roles2_11_0_ 
    from
        user_roles roles0_ 
    where
        roles0_.user_id=?
Hibernate: 
    select
        roles0_.user_id as user_id1_11_0_,
        roles0_.roles as roles2_11_0_ 
    from
        user_roles roles0_ 
    where
        roles0_.user_id=?
Hibernate: 
    insert 
    into
        meeting_pin
        (created_at, updated_at, category, content, user_id, date, latitude, longitude, max_age, min_age, set_gender, set_limit, title) 
    values
        (?, ?, ?, ?, ?, ?, ?, ?, ?, ?, ?, ?, ?)
Hibernate: 
    select
        user0_.id as id1_10_,
        user0_.created_at as created_2_10_,
        user0_.updated_at as updated_3_10_,
        user0_.age as age4_10_,
        user0_.background_image as backgrou5_10_,
        user0_.email as email6_10_,
        user0_.gender as gender7_10_,
        user0_.hobby as hobby8_10_,
        user0_.introduce as introduc9_10_,
        user0_.job as job10_10_,
        user0_.name as name11_10_,
        user0_.nick_name as nick_na12_10_,
        user0_.phone_num as phone_n13_10_,
        user0_.profile_image as profile14_10_,
        user0_.res_red_number as res_red15_10_,
        user0_.score as score16_10_ 
    from
        user user0_
Hibernate: 
    select
        roles0_.user_id as user_id1_11_0_,
        roles0_.roles as roles2_11_0_ 
    from
        user_roles roles0_ 
    where
        roles0_.user_id=?
Hibernate: 
    select
        roles0_.user_id as user_id1_11_0_,
        roles0_.roles as roles2_11_0_ 
    from
        user_roles roles0_ 
    where
        roles0_.user_id=?
Hibernate: 
    select
        roles0_.user_id as user_id1_11_0_,
        roles0_.roles as roles2_11_0_ 
    from
        user_roles roles0_ 
    where
        roles0_.user_id=?
Hibernate: 
    select
        roles0_.user_id as user_id1_11_0_,
        roles0_.roles as roles2_11_0_ 
    from
        user_roles roles0_ 
    where
        roles0_.user_id=?
Hibernate: 
    select
        roles0_.user_id as user_id1_11_0_,
        roles0_.roles as roles2_11_0_ 
    from
        user_roles roles0_ 
    where
        roles0_.user_id=?
Hibernate: 
    insert 
    into
        meeting_pin
        (created_at, updated_at, category, content, user_id, date, latitude, longitude, max_age, min_age, set_gender, set_limit, title) 
    values
        (?, ?, ?, ?, ?, ?, ?, ?, ?, ?, ?, ?, ?)
Hibernate: 
    select
        user0_.id as id1_10_,
        user0_.created_at as created_2_10_,
        user0_.updated_at as updated_3_10_,
        user0_.age as age4_10_,
        user0_.background_image as backgrou5_10_,
        user0_.email as email6_10_,
        user0_.gender as gender7_10_,
        user0_.hobby as hobby8_10_,
        user0_.introduce as introduc9_10_,
        user0_.job as job10_10_,
        user0_.name as name11_10_,
        user0_.nick_name as nick_na12_10_,
        user0_.phone_num as phone_n13_10_,
        user0_.profile_image as profile14_10_,
        user0_.res_red_number as res_red15_10_,
        user0_.score as score16_10_ 
    from
        user user0_
Hibernate: 
    select
        roles0_.user_id as user_id1_11_0_,
        roles0_.roles as roles2_11_0_ 
    from
        user_roles roles0_ 
    where
        roles0_.user_id=?
Hibernate: 
    select
        roles0_.user_id as user_id1_11_0_,
        roles0_.roles as roles2_11_0_ 
    from
        user_roles roles0_ 
    where
        roles0_.user_id=?
Hibernate: 
    select
        roles0_.user_id as user_id1_11_0_,
        roles0_.roles as roles2_11_0_ 
    from
        user_roles roles0_ 
    where
        roles0_.user_id=?
Hibernate: 
    select
        roles0_.user_id as user_id1_11_0_,
        roles0_.roles as roles2_11_0_ 
    from
        user_roles roles0_ 
    where
        roles0_.user_id=?
Hibernate: 
    select
        roles0_.user_id as user_id1_11_0_,
        roles0_.roles as roles2_11_0_ 
    from
        user_roles roles0_ 
    where
        roles0_.user_id=?
Hibernate: 
    insert 
    into
        meeting_pin
        (created_at, updated_at, category, content, user_id, date, latitude, longitude, max_age, min_age, set_gender, set_limit, title) 
    values
        (?, ?, ?, ?, ?, ?, ?, ?, ?, ?, ?, ?, ?)
Hibernate: 
    select
        user0_.id as id1_10_,
        user0_.created_at as created_2_10_,
        user0_.updated_at as updated_3_10_,
        user0_.age as age4_10_,
        user0_.background_image as backgrou5_10_,
        user0_.email as email6_10_,
        user0_.gender as gender7_10_,
        user0_.hobby as hobby8_10_,
        user0_.introduce as introduc9_10_,
        user0_.job as job10_10_,
        user0_.name as name11_10_,
        user0_.nick_name as nick_na12_10_,
        user0_.phone_num as phone_n13_10_,
        user0_.profile_image as profile14_10_,
        user0_.res_red_number as res_red15_10_,
        user0_.score as score16_10_ 
    from
        user user0_
Hibernate: 
    select
        roles0_.user_id as user_id1_11_0_,
        roles0_.roles as roles2_11_0_ 
    from
        user_roles roles0_ 
    where
        roles0_.user_id=?
Hibernate: 
    select
        roles0_.user_id as user_id1_11_0_,
        roles0_.roles as roles2_11_0_ 
    from
        user_roles roles0_ 
    where
        roles0_.user_id=?
Hibernate: 
    select
        roles0_.user_id as user_id1_11_0_,
        roles0_.roles as roles2_11_0_ 
    from
        user_roles roles0_ 
    where
        roles0_.user_id=?
Hibernate: 
    select
        roles0_.user_id as user_id1_11_0_,
        roles0_.roles as roles2_11_0_ 
    from
        user_roles roles0_ 
    where
        roles0_.user_id=?
Hibernate: 
    select
        roles0_.user_id as user_id1_11_0_,
        roles0_.roles as roles2_11_0_ 
    from
        user_roles roles0_ 
    where
        roles0_.user_id=?
Hibernate: 
    insert 
    into
        meeting_pin
        (created_at, updated_at, category, content, user_id, date, latitude, longitude, max_age, min_age, set_gender, set_limit, title) 
    values
        (?, ?, ?, ?, ?, ?, ?, ?, ?, ?, ?, ?, ?)
Hibernate: 
    select
        user0_.id as id1_10_,
        user0_.created_at as created_2_10_,
        user0_.updated_at as updated_3_10_,
        user0_.age as age4_10_,
        user0_.background_image as backgrou5_10_,
        user0_.email as email6_10_,
        user0_.gender as gender7_10_,
        user0_.hobby as hobby8_10_,
        user0_.introduce as introduc9_10_,
        user0_.job as job10_10_,
        user0_.name as name11_10_,
        user0_.nick_name as nick_na12_10_,
        user0_.phone_num as phone_n13_10_,
        user0_.profile_image as profile14_10_,
        user0_.res_red_number as res_red15_10_,
        user0_.score as score16_10_ 
    from
        user user0_
Hibernate: 
    select
        roles0_.user_id as user_id1_11_0_,
        roles0_.roles as roles2_11_0_ 
    from
        user_roles roles0_ 
    where
        roles0_.user_id=?
Hibernate: 
    select
        roles0_.user_id as user_id1_11_0_,
        roles0_.roles as roles2_11_0_ 
    from
        user_roles roles0_ 
    where
        roles0_.user_id=?
Hibernate: 
    select
        roles0_.user_id as user_id1_11_0_,
        roles0_.roles as roles2_11_0_ 
    from
        user_roles roles0_ 
    where
        roles0_.user_id=?
Hibernate: 
    select
        roles0_.user_id as user_id1_11_0_,
        roles0_.roles as roles2_11_0_ 
    from
        user_roles roles0_ 
    where
        roles0_.user_id=?
Hibernate: 
    select
        roles0_.user_id as user_id1_11_0_,
        roles0_.roles as roles2_11_0_ 
    from
        user_roles roles0_ 
    where
        roles0_.user_id=?
Hibernate: 
    insert 
    into
        meeting_pin
        (created_at, updated_at, category, content, user_id, date, latitude, longitude, max_age, min_age, set_gender, set_limit, title) 
    values
        (?, ?, ?, ?, ?, ?, ?, ?, ?, ?, ?, ?, ?)
Hibernate: 
    select
        user0_.id as id1_10_,
        user0_.created_at as created_2_10_,
        user0_.updated_at as updated_3_10_,
        user0_.age as age4_10_,
        user0_.background_image as backgrou5_10_,
        user0_.email as email6_10_,
        user0_.gender as gender7_10_,
        user0_.hobby as hobby8_10_,
        user0_.introduce as introduc9_10_,
        user0_.job as job10_10_,
        user0_.name as name11_10_,
        user0_.nick_name as nick_na12_10_,
        user0_.phone_num as phone_n13_10_,
        user0_.profile_image as profile14_10_,
        user0_.res_red_number as res_red15_10_,
        user0_.score as score16_10_ 
    from
        user user0_
Hibernate: 
    select
        roles0_.user_id as user_id1_11_0_,
        roles0_.roles as roles2_11_0_ 
    from
        user_roles roles0_ 
    where
        roles0_.user_id=?
Hibernate: 
    select
        roles0_.user_id as user_id1_11_0_,
        roles0_.roles as roles2_11_0_ 
    from
        user_roles roles0_ 
    where
        roles0_.user_id=?
Hibernate: 
    select
        roles0_.user_id as user_id1_11_0_,
        roles0_.roles as roles2_11_0_ 
    from
        user_roles roles0_ 
    where
        roles0_.user_id=?
Hibernate: 
    select
        roles0_.user_id as user_id1_11_0_,
        roles0_.roles as roles2_11_0_ 
    from
        user_roles roles0_ 
    where
        roles0_.user_id=?
Hibernate: 
    select
        roles0_.user_id as user_id1_11_0_,
        roles0_.roles as roles2_11_0_ 
    from
        user_roles roles0_ 
    where
        roles0_.user_id=?
Hibernate: 
    insert 
    into
        meeting_pin
        (created_at, updated_at, category, content, user_id, date, latitude, longitude, max_age, min_age, set_gender, set_limit, title) 
    values
        (?, ?, ?, ?, ?, ?, ?, ?, ?, ?, ?, ?, ?)
Hibernate: 
    select
        user0_.id as id1_10_,
        user0_.created_at as created_2_10_,
        user0_.updated_at as updated_3_10_,
        user0_.age as age4_10_,
        user0_.background_image as backgrou5_10_,
        user0_.email as email6_10_,
        user0_.gender as gender7_10_,
        user0_.hobby as hobby8_10_,
        user0_.introduce as introduc9_10_,
        user0_.job as job10_10_,
        user0_.name as name11_10_,
        user0_.nick_name as nick_na12_10_,
        user0_.phone_num as phone_n13_10_,
        user0_.profile_image as profile14_10_,
        user0_.res_red_number as res_red15_10_,
        user0_.score as score16_10_ 
    from
        user user0_
Hibernate: 
    select
        roles0_.user_id as user_id1_11_0_,
        roles0_.roles as roles2_11_0_ 
    from
        user_roles roles0_ 
    where
        roles0_.user_id=?
Hibernate: 
    select
        roles0_.user_id as user_id1_11_0_,
        roles0_.roles as roles2_11_0_ 
    from
        user_roles roles0_ 
    where
        roles0_.user_id=?
Hibernate: 
    select
        roles0_.user_id as user_id1_11_0_,
        roles0_.roles as roles2_11_0_ 
    from
        user_roles roles0_ 
    where
        roles0_.user_id=?
Hibernate: 
    select
        roles0_.user_id as user_id1_11_0_,
        roles0_.roles as roles2_11_0_ 
    from
        user_roles roles0_ 
    where
        roles0_.user_id=?
Hibernate: 
    select
        roles0_.user_id as user_id1_11_0_,
        roles0_.roles as roles2_11_0_ 
    from
        user_roles roles0_ 
    where
        roles0_.user_id=?
Hibernate: 
    insert 
    into
        meeting_pin
        (created_at, updated_at, category, content, user_id, date, latitude, longitude, max_age, min_age, set_gender, set_limit, title) 
    values
        (?, ?, ?, ?, ?, ?, ?, ?, ?, ?, ?, ?, ?)
Hibernate: 
    select
        user0_.id as id1_10_,
        user0_.created_at as created_2_10_,
        user0_.updated_at as updated_3_10_,
        user0_.age as age4_10_,
        user0_.background_image as backgrou5_10_,
        user0_.email as email6_10_,
        user0_.gender as gender7_10_,
        user0_.hobby as hobby8_10_,
        user0_.introduce as introduc9_10_,
        user0_.job as job10_10_,
        user0_.name as name11_10_,
        user0_.nick_name as nick_na12_10_,
        user0_.phone_num as phone_n13_10_,
        user0_.profile_image as profile14_10_,
        user0_.res_red_number as res_red15_10_,
        user0_.score as score16_10_ 
    from
        user user0_
Hibernate: 
    select
        roles0_.user_id as user_id1_11_0_,
        roles0_.roles as roles2_11_0_ 
    from
        user_roles roles0_ 
    where
        roles0_.user_id=?
Hibernate: 
    select
        roles0_.user_id as user_id1_11_0_,
        roles0_.roles as roles2_11_0_ 
    from
        user_roles roles0_ 
    where
        roles0_.user_id=?
Hibernate: 
    select
        roles0_.user_id as user_id1_11_0_,
        roles0_.roles as roles2_11_0_ 
    from
        user_roles roles0_ 
    where
        roles0_.user_id=?
Hibernate: 
    select
        roles0_.user_id as user_id1_11_0_,
        roles0_.roles as roles2_11_0_ 
    from
        user_roles roles0_ 
    where
        roles0_.user_id=?
Hibernate: 
    select
        roles0_.user_id as user_id1_11_0_,
        roles0_.roles as roles2_11_0_ 
    from
        user_roles roles0_ 
    where
        roles0_.user_id=?
Hibernate: 
    insert 
    into
        meeting_pin
        (created_at, updated_at, category, content, user_id, date, latitude, longitude, max_age, min_age, set_gender, set_limit, title) 
    values
        (?, ?, ?, ?, ?, ?, ?, ?, ?, ?, ?, ?, ?)
Hibernate: 
    select
        user0_.id as id1_10_,
        user0_.created_at as created_2_10_,
        user0_.updated_at as updated_3_10_,
        user0_.age as age4_10_,
        user0_.background_image as backgrou5_10_,
        user0_.email as email6_10_,
        user0_.gender as gender7_10_,
        user0_.hobby as hobby8_10_,
        user0_.introduce as introduc9_10_,
        user0_.job as job10_10_,
        user0_.name as name11_10_,
        user0_.nick_name as nick_na12_10_,
        user0_.phone_num as phone_n13_10_,
        user0_.profile_image as profile14_10_,
        user0_.res_red_number as res_red15_10_,
        user0_.score as score16_10_ 
    from
        user user0_
Hibernate: 
    select
        roles0_.user_id as user_id1_11_0_,
        roles0_.roles as roles2_11_0_ 
    from
        user_roles roles0_ 
    where
        roles0_.user_id=?
Hibernate: 
    select
        roles0_.user_id as user_id1_11_0_,
        roles0_.roles as roles2_11_0_ 
    from
        user_roles roles0_ 
    where
        roles0_.user_id=?
Hibernate: 
    select
        roles0_.user_id as user_id1_11_0_,
        roles0_.roles as roles2_11_0_ 
    from
        user_roles roles0_ 
    where
        roles0_.user_id=?
Hibernate: 
    select
        roles0_.user_id as user_id1_11_0_,
        roles0_.roles as roles2_11_0_ 
    from
        user_roles roles0_ 
    where
        roles0_.user_id=?
Hibernate: 
    select
        roles0_.user_id as user_id1_11_0_,
        roles0_.roles as roles2_11_0_ 
    from
        user_roles roles0_ 
    where
        roles0_.user_id=?
Hibernate: 
    insert 
    into
        meeting_pin
        (created_at, updated_at, category, content, user_id, date, latitude, longitude, max_age, min_age, set_gender, set_limit, title) 
    values
        (?, ?, ?, ?, ?, ?, ?, ?, ?, ?, ?, ?, ?)
Hibernate: 
    select
        user0_.id as id1_10_,
        user0_.created_at as created_2_10_,
        user0_.updated_at as updated_3_10_,
        user0_.age as age4_10_,
        user0_.background_image as backgrou5_10_,
        user0_.email as email6_10_,
        user0_.gender as gender7_10_,
        user0_.hobby as hobby8_10_,
        user0_.introduce as introduc9_10_,
        user0_.job as job10_10_,
        user0_.name as name11_10_,
        user0_.nick_name as nick_na12_10_,
        user0_.phone_num as phone_n13_10_,
        user0_.profile_image as profile14_10_,
        user0_.res_red_number as res_red15_10_,
        user0_.score as score16_10_ 
    from
        user user0_
Hibernate: 
    select
        roles0_.user_id as user_id1_11_0_,
        roles0_.roles as roles2_11_0_ 
    from
        user_roles roles0_ 
    where
        roles0_.user_id=?
Hibernate: 
    select
        roles0_.user_id as user_id1_11_0_,
        roles0_.roles as roles2_11_0_ 
    from
        user_roles roles0_ 
    where
        roles0_.user_id=?
Hibernate: 
    select
        roles0_.user_id as user_id1_11_0_,
        roles0_.roles as roles2_11_0_ 
    from
        user_roles roles0_ 
    where
        roles0_.user_id=?
Hibernate: 
    select
        roles0_.user_id as user_id1_11_0_,
        roles0_.roles as roles2_11_0_ 
    from
        user_roles roles0_ 
    where
        roles0_.user_id=?
Hibernate: 
    select
        roles0_.user_id as user_id1_11_0_,
        roles0_.roles as roles2_11_0_ 
    from
        user_roles roles0_ 
    where
        roles0_.user_id=?
Hibernate: 
    insert 
    into
        meeting_pin
        (created_at, updated_at, category, content, user_id, date, latitude, longitude, max_age, min_age, set_gender, set_limit, title) 
    values
        (?, ?, ?, ?, ?, ?, ?, ?, ?, ?, ?, ?, ?)
Hibernate: 
    select
        user0_.id as id1_10_,
        user0_.created_at as created_2_10_,
        user0_.updated_at as updated_3_10_,
        user0_.age as age4_10_,
        user0_.background_image as backgrou5_10_,
        user0_.email as email6_10_,
        user0_.gender as gender7_10_,
        user0_.hobby as hobby8_10_,
        user0_.introduce as introduc9_10_,
        user0_.job as job10_10_,
        user0_.name as name11_10_,
        user0_.nick_name as nick_na12_10_,
        user0_.phone_num as phone_n13_10_,
        user0_.profile_image as profile14_10_,
        user0_.res_red_number as res_red15_10_,
        user0_.score as score16_10_ 
    from
        user user0_
Hibernate: 
    select
        roles0_.user_id as user_id1_11_0_,
        roles0_.roles as roles2_11_0_ 
    from
        user_roles roles0_ 
    where
        roles0_.user_id=?
Hibernate: 
    select
        roles0_.user_id as user_id1_11_0_,
        roles0_.roles as roles2_11_0_ 
    from
        user_roles roles0_ 
    where
        roles0_.user_id=?
Hibernate: 
    select
        roles0_.user_id as user_id1_11_0_,
        roles0_.roles as roles2_11_0_ 
    from
        user_roles roles0_ 
    where
        roles0_.user_id=?
Hibernate: 
    select
        roles0_.user_id as user_id1_11_0_,
        roles0_.roles as roles2_11_0_ 
    from
        user_roles roles0_ 
    where
        roles0_.user_id=?
Hibernate: 
    select
        roles0_.user_id as user_id1_11_0_,
        roles0_.roles as roles2_11_0_ 
    from
        user_roles roles0_ 
    where
        roles0_.user_id=?
Hibernate: 
    insert 
    into
        meeting_pin
        (created_at, updated_at, category, content, user_id, date, latitude, longitude, max_age, min_age, set_gender, set_limit, title) 
    values
        (?, ?, ?, ?, ?, ?, ?, ?, ?, ?, ?, ?, ?)
Hibernate: 
    select
        user0_.id as id1_10_,
        user0_.created_at as created_2_10_,
        user0_.updated_at as updated_3_10_,
        user0_.age as age4_10_,
        user0_.background_image as backgrou5_10_,
        user0_.email as email6_10_,
        user0_.gender as gender7_10_,
        user0_.hobby as hobby8_10_,
        user0_.introduce as introduc9_10_,
        user0_.job as job10_10_,
        user0_.name as name11_10_,
        user0_.nick_name as nick_na12_10_,
        user0_.phone_num as phone_n13_10_,
        user0_.profile_image as profile14_10_,
        user0_.res_red_number as res_red15_10_,
        user0_.score as score16_10_ 
    from
        user user0_
Hibernate: 
    select
        roles0_.user_id as user_id1_11_0_,
        roles0_.roles as roles2_11_0_ 
    from
        user_roles roles0_ 
    where
        roles0_.user_id=?
Hibernate: 
    select
        roles0_.user_id as user_id1_11_0_,
        roles0_.roles as roles2_11_0_ 
    from
        user_roles roles0_ 
    where
        roles0_.user_id=?
Hibernate: 
    select
        roles0_.user_id as user_id1_11_0_,
        roles0_.roles as roles2_11_0_ 
    from
        user_roles roles0_ 
    where
        roles0_.user_id=?
Hibernate: 
    select
        roles0_.user_id as user_id1_11_0_,
        roles0_.roles as roles2_11_0_ 
    from
        user_roles roles0_ 
    where
        roles0_.user_id=?
Hibernate: 
    select
        roles0_.user_id as user_id1_11_0_,
        roles0_.roles as roles2_11_0_ 
    from
        user_roles roles0_ 
    where
        roles0_.user_id=?
Hibernate: 
    insert 
    into
        meeting_pin
        (created_at, updated_at, category, content, user_id, date, latitude, longitude, max_age, min_age, set_gender, set_limit, title) 
    values
        (?, ?, ?, ?, ?, ?, ?, ?, ?, ?, ?, ?, ?)
Hibernate: 
    select
        user0_.id as id1_10_,
        user0_.created_at as created_2_10_,
        user0_.updated_at as updated_3_10_,
        user0_.age as age4_10_,
        user0_.background_image as backgrou5_10_,
        user0_.email as email6_10_,
        user0_.gender as gender7_10_,
        user0_.hobby as hobby8_10_,
        user0_.introduce as introduc9_10_,
        user0_.job as job10_10_,
        user0_.name as name11_10_,
        user0_.nick_name as nick_na12_10_,
        user0_.phone_num as phone_n13_10_,
        user0_.profile_image as profile14_10_,
        user0_.res_red_number as res_red15_10_,
        user0_.score as score16_10_ 
    from
        user user0_
Hibernate: 
    select
        roles0_.user_id as user_id1_11_0_,
        roles0_.roles as roles2_11_0_ 
    from
        user_roles roles0_ 
    where
        roles0_.user_id=?
Hibernate: 
    select
        roles0_.user_id as user_id1_11_0_,
        roles0_.roles as roles2_11_0_ 
    from
        user_roles roles0_ 
    where
        roles0_.user_id=?
Hibernate: 
    select
        roles0_.user_id as user_id1_11_0_,
        roles0_.roles as roles2_11_0_ 
    from
        user_roles roles0_ 
    where
        roles0_.user_id=?
Hibernate: 
    select
        roles0_.user_id as user_id1_11_0_,
        roles0_.roles as roles2_11_0_ 
    from
        user_roles roles0_ 
    where
        roles0_.user_id=?
Hibernate: 
    select
        roles0_.user_id as user_id1_11_0_,
        roles0_.roles as roles2_11_0_ 
    from
        user_roles roles0_ 
    where
        roles0_.user_id=?
Hibernate: 
    insert 
    into
        meeting_pin
        (created_at, updated_at, category, content, user_id, date, latitude, longitude, max_age, min_age, set_gender, set_limit, title) 
    values
        (?, ?, ?, ?, ?, ?, ?, ?, ?, ?, ?, ?, ?)
Hibernate: 
    select
        user0_.id as id1_10_,
        user0_.created_at as created_2_10_,
        user0_.updated_at as updated_3_10_,
        user0_.age as age4_10_,
        user0_.background_image as backgrou5_10_,
        user0_.email as email6_10_,
        user0_.gender as gender7_10_,
        user0_.hobby as hobby8_10_,
        user0_.introduce as introduc9_10_,
        user0_.job as job10_10_,
        user0_.name as name11_10_,
        user0_.nick_name as nick_na12_10_,
        user0_.phone_num as phone_n13_10_,
        user0_.profile_image as profile14_10_,
        user0_.res_red_number as res_red15_10_,
        user0_.score as score16_10_ 
    from
        user user0_
Hibernate: 
    select
        roles0_.user_id as user_id1_11_0_,
        roles0_.roles as roles2_11_0_ 
    from
        user_roles roles0_ 
    where
        roles0_.user_id=?
Hibernate: 
    select
        roles0_.user_id as user_id1_11_0_,
        roles0_.roles as roles2_11_0_ 
    from
        user_roles roles0_ 
    where
        roles0_.user_id=?
Hibernate: 
    select
        roles0_.user_id as user_id1_11_0_,
        roles0_.roles as roles2_11_0_ 
    from
        user_roles roles0_ 
    where
        roles0_.user_id=?
Hibernate: 
    select
        roles0_.user_id as user_id1_11_0_,
        roles0_.roles as roles2_11_0_ 
    from
        user_roles roles0_ 
    where
        roles0_.user_id=?
Hibernate: 
    select
        roles0_.user_id as user_id1_11_0_,
        roles0_.roles as roles2_11_0_ 
    from
        user_roles roles0_ 
    where
        roles0_.user_id=?
Hibernate: 
    insert 
    into
        meeting_pin
        (created_at, updated_at, category, content, user_id, date, latitude, longitude, max_age, min_age, set_gender, set_limit, title) 
    values
        (?, ?, ?, ?, ?, ?, ?, ?, ?, ?, ?, ?, ?)
Hibernate: 
    select
        user0_.id as id1_10_,
        user0_.created_at as created_2_10_,
        user0_.updated_at as updated_3_10_,
        user0_.age as age4_10_,
        user0_.background_image as backgrou5_10_,
        user0_.email as email6_10_,
        user0_.gender as gender7_10_,
        user0_.hobby as hobby8_10_,
        user0_.introduce as introduc9_10_,
        user0_.job as job10_10_,
        user0_.name as name11_10_,
        user0_.nick_name as nick_na12_10_,
        user0_.phone_num as phone_n13_10_,
        user0_.profile_image as profile14_10_,
        user0_.res_red_number as res_red15_10_,
        user0_.score as score16_10_ 
    from
        user user0_
Hibernate: 
    select
        roles0_.user_id as user_id1_11_0_,
        roles0_.roles as roles2_11_0_ 
    from
        user_roles roles0_ 
    where
        roles0_.user_id=?
Hibernate: 
    select
        roles0_.user_id as user_id1_11_0_,
        roles0_.roles as roles2_11_0_ 
    from
        user_roles roles0_ 
    where
        roles0_.user_id=?
Hibernate: 
    select
        roles0_.user_id as user_id1_11_0_,
        roles0_.roles as roles2_11_0_ 
    from
        user_roles roles0_ 
    where
        roles0_.user_id=?
Hibernate: 
    select
        roles0_.user_id as user_id1_11_0_,
        roles0_.roles as roles2_11_0_ 
    from
        user_roles roles0_ 
    where
        roles0_.user_id=?
Hibernate: 
    select
        roles0_.user_id as user_id1_11_0_,
        roles0_.roles as roles2_11_0_ 
    from
        user_roles roles0_ 
    where
        roles0_.user_id=?
Hibernate: 
    insert 
    into
        meeting_pin
        (created_at, updated_at, category, content, user_id, date, latitude, longitude, max_age, min_age, set_gender, set_limit, title) 
    values
        (?, ?, ?, ?, ?, ?, ?, ?, ?, ?, ?, ?, ?)
Hibernate: 
    select
        user0_.id as id1_10_,
        user0_.created_at as created_2_10_,
        user0_.updated_at as updated_3_10_,
        user0_.age as age4_10_,
        user0_.background_image as backgrou5_10_,
        user0_.email as email6_10_,
        user0_.gender as gender7_10_,
        user0_.hobby as hobby8_10_,
        user0_.introduce as introduc9_10_,
        user0_.job as job10_10_,
        user0_.name as name11_10_,
        user0_.nick_name as nick_na12_10_,
        user0_.phone_num as phone_n13_10_,
        user0_.profile_image as profile14_10_,
        user0_.res_red_number as res_red15_10_,
        user0_.score as score16_10_ 
    from
        user user0_
Hibernate: 
    select
        roles0_.user_id as user_id1_11_0_,
        roles0_.roles as roles2_11_0_ 
    from
        user_roles roles0_ 
    where
        roles0_.user_id=?
Hibernate: 
    select
        roles0_.user_id as user_id1_11_0_,
        roles0_.roles as roles2_11_0_ 
    from
        user_roles roles0_ 
    where
        roles0_.user_id=?
Hibernate: 
    select
        roles0_.user_id as user_id1_11_0_,
        roles0_.roles as roles2_11_0_ 
    from
        user_roles roles0_ 
    where
        roles0_.user_id=?
Hibernate: 
    select
        roles0_.user_id as user_id1_11_0_,
        roles0_.roles as roles2_11_0_ 
    from
        user_roles roles0_ 
    where
        roles0_.user_id=?
Hibernate: 
    select
        roles0_.user_id as user_id1_11_0_,
        roles0_.roles as roles2_11_0_ 
    from
        user_roles roles0_ 
    where
        roles0_.user_id=?
Hibernate: 
    insert 
    into
        meeting_pin
        (created_at, updated_at, category, content, user_id, date, latitude, longitude, max_age, min_age, set_gender, set_limit, title) 
    values
        (?, ?, ?, ?, ?, ?, ?, ?, ?, ?, ?, ?, ?)
Hibernate: 
    select
        user0_.id as id1_10_,
        user0_.created_at as created_2_10_,
        user0_.updated_at as updated_3_10_,
        user0_.age as age4_10_,
        user0_.background_image as backgrou5_10_,
        user0_.email as email6_10_,
        user0_.gender as gender7_10_,
        user0_.hobby as hobby8_10_,
        user0_.introduce as introduc9_10_,
        user0_.job as job10_10_,
        user0_.name as name11_10_,
        user0_.nick_name as nick_na12_10_,
        user0_.phone_num as phone_n13_10_,
        user0_.profile_image as profile14_10_,
        user0_.res_red_number as res_red15_10_,
        user0_.score as score16_10_ 
    from
        user user0_
Hibernate: 
    select
        roles0_.user_id as user_id1_11_0_,
        roles0_.roles as roles2_11_0_ 
    from
        user_roles roles0_ 
    where
        roles0_.user_id=?
Hibernate: 
    select
        roles0_.user_id as user_id1_11_0_,
        roles0_.roles as roles2_11_0_ 
    from
        user_roles roles0_ 
    where
        roles0_.user_id=?
Hibernate: 
    select
        roles0_.user_id as user_id1_11_0_,
        roles0_.roles as roles2_11_0_ 
    from
        user_roles roles0_ 
    where
        roles0_.user_id=?
Hibernate: 
    select
        roles0_.user_id as user_id1_11_0_,
        roles0_.roles as roles2_11_0_ 
    from
        user_roles roles0_ 
    where
        roles0_.user_id=?
Hibernate: 
    select
        roles0_.user_id as user_id1_11_0_,
        roles0_.roles as roles2_11_0_ 
    from
        user_roles roles0_ 
    where
        roles0_.user_id=?
Hibernate: 
    insert 
    into
        meeting_pin
        (created_at, updated_at, category, content, user_id, date, latitude, longitude, max_age, min_age, set_gender, set_limit, title) 
    values
        (?, ?, ?, ?, ?, ?, ?, ?, ?, ?, ?, ?, ?)
Hibernate: 
    select
        user0_.id as id1_10_,
        user0_.created_at as created_2_10_,
        user0_.updated_at as updated_3_10_,
        user0_.age as age4_10_,
        user0_.background_image as backgrou5_10_,
        user0_.email as email6_10_,
        user0_.gender as gender7_10_,
        user0_.hobby as hobby8_10_,
        user0_.introduce as introduc9_10_,
        user0_.job as job10_10_,
        user0_.name as name11_10_,
        user0_.nick_name as nick_na12_10_,
        user0_.phone_num as phone_n13_10_,
        user0_.profile_image as profile14_10_,
        user0_.res_red_number as res_red15_10_,
        user0_.score as score16_10_ 
    from
        user user0_
Hibernate: 
    select
        roles0_.user_id as user_id1_11_0_,
        roles0_.roles as roles2_11_0_ 
    from
        user_roles roles0_ 
    where
        roles0_.user_id=?
Hibernate: 
    select
        roles0_.user_id as user_id1_11_0_,
        roles0_.roles as roles2_11_0_ 
    from
        user_roles roles0_ 
    where
        roles0_.user_id=?
Hibernate: 
    select
        roles0_.user_id as user_id1_11_0_,
        roles0_.roles as roles2_11_0_ 
    from
        user_roles roles0_ 
    where
        roles0_.user_id=?
Hibernate: 
    select
        roles0_.user_id as user_id1_11_0_,
        roles0_.roles as roles2_11_0_ 
    from
        user_roles roles0_ 
    where
        roles0_.user_id=?
Hibernate: 
    select
        roles0_.user_id as user_id1_11_0_,
        roles0_.roles as roles2_11_0_ 
    from
        user_roles roles0_ 
    where
        roles0_.user_id=?
Hibernate: 
    insert 
    into
        meeting_pin
        (created_at, updated_at, category, content, user_id, date, latitude, longitude, max_age, min_age, set_gender, set_limit, title) 
    values
        (?, ?, ?, ?, ?, ?, ?, ?, ?, ?, ?, ?, ?)
Hibernate: 
    select
        user0_.id as id1_10_,
        user0_.created_at as created_2_10_,
        user0_.updated_at as updated_3_10_,
        user0_.age as age4_10_,
        user0_.background_image as backgrou5_10_,
        user0_.email as email6_10_,
        user0_.gender as gender7_10_,
        user0_.hobby as hobby8_10_,
        user0_.introduce as introduc9_10_,
        user0_.job as job10_10_,
        user0_.name as name11_10_,
        user0_.nick_name as nick_na12_10_,
        user0_.phone_num as phone_n13_10_,
        user0_.profile_image as profile14_10_,
        user0_.res_red_number as res_red15_10_,
        user0_.score as score16_10_ 
    from
        user user0_
Hibernate: 
    select
        roles0_.user_id as user_id1_11_0_,
        roles0_.roles as roles2_11_0_ 
    from
        user_roles roles0_ 
    where
        roles0_.user_id=?
Hibernate: 
    select
        roles0_.user_id as user_id1_11_0_,
        roles0_.roles as roles2_11_0_ 
    from
        user_roles roles0_ 
    where
        roles0_.user_id=?
Hibernate: 
    select
        roles0_.user_id as user_id1_11_0_,
        roles0_.roles as roles2_11_0_ 
    from
        user_roles roles0_ 
    where
        roles0_.user_id=?
Hibernate: 
    select
        roles0_.user_id as user_id1_11_0_,
        roles0_.roles as roles2_11_0_ 
    from
        user_roles roles0_ 
    where
        roles0_.user_id=?
Hibernate: 
    select
        roles0_.user_id as user_id1_11_0_,
        roles0_.roles as roles2_11_0_ 
    from
        user_roles roles0_ 
    where
        roles0_.user_id=?
Hibernate: 
    insert 
    into
        meeting_pin
        (created_at, updated_at, category, content, user_id, date, latitude, longitude, max_age, min_age, set_gender, set_limit, title) 
    values
        (?, ?, ?, ?, ?, ?, ?, ?, ?, ?, ?, ?, ?)
Hibernate: 
    select
        user0_.id as id1_10_,
        user0_.created_at as created_2_10_,
        user0_.updated_at as updated_3_10_,
        user0_.age as age4_10_,
        user0_.background_image as backgrou5_10_,
        user0_.email as email6_10_,
        user0_.gender as gender7_10_,
        user0_.hobby as hobby8_10_,
        user0_.introduce as introduc9_10_,
        user0_.job as job10_10_,
        user0_.name as name11_10_,
        user0_.nick_name as nick_na12_10_,
        user0_.phone_num as phone_n13_10_,
        user0_.profile_image as profile14_10_,
        user0_.res_red_number as res_red15_10_,
        user0_.score as score16_10_ 
    from
        user user0_
Hibernate: 
    select
        roles0_.user_id as user_id1_11_0_,
        roles0_.roles as roles2_11_0_ 
    from
        user_roles roles0_ 
    where
        roles0_.user_id=?
Hibernate: 
    select
        roles0_.user_id as user_id1_11_0_,
        roles0_.roles as roles2_11_0_ 
    from
        user_roles roles0_ 
    where
        roles0_.user_id=?
Hibernate: 
    select
        roles0_.user_id as user_id1_11_0_,
        roles0_.roles as roles2_11_0_ 
    from
        user_roles roles0_ 
    where
        roles0_.user_id=?
Hibernate: 
    select
        roles0_.user_id as user_id1_11_0_,
        roles0_.roles as roles2_11_0_ 
    from
        user_roles roles0_ 
    where
        roles0_.user_id=?
Hibernate: 
    select
        roles0_.user_id as user_id1_11_0_,
        roles0_.roles as roles2_11_0_ 
    from
        user_roles roles0_ 
    where
        roles0_.user_id=?
Hibernate: 
    insert 
    into
        meeting_pin
        (created_at, updated_at, category, content, user_id, date, latitude, longitude, max_age, min_age, set_gender, set_limit, title) 
    values
        (?, ?, ?, ?, ?, ?, ?, ?, ?, ?, ?, ?, ?)
Hibernate: 
    select
        user0_.id as id1_10_,
        user0_.created_at as created_2_10_,
        user0_.updated_at as updated_3_10_,
        user0_.age as age4_10_,
        user0_.background_image as backgrou5_10_,
        user0_.email as email6_10_,
        user0_.gender as gender7_10_,
        user0_.hobby as hobby8_10_,
        user0_.introduce as introduc9_10_,
        user0_.job as job10_10_,
        user0_.name as name11_10_,
        user0_.nick_name as nick_na12_10_,
        user0_.phone_num as phone_n13_10_,
        user0_.profile_image as profile14_10_,
        user0_.res_red_number as res_red15_10_,
        user0_.score as score16_10_ 
    from
        user user0_
Hibernate: 
    select
        roles0_.user_id as user_id1_11_0_,
        roles0_.roles as roles2_11_0_ 
    from
        user_roles roles0_ 
    where
        roles0_.user_id=?
Hibernate: 
    select
        roles0_.user_id as user_id1_11_0_,
        roles0_.roles as roles2_11_0_ 
    from
        user_roles roles0_ 
    where
        roles0_.user_id=?
Hibernate: 
    select
        roles0_.user_id as user_id1_11_0_,
        roles0_.roles as roles2_11_0_ 
    from
        user_roles roles0_ 
    where
        roles0_.user_id=?
Hibernate: 
    select
        roles0_.user_id as user_id1_11_0_,
        roles0_.roles as roles2_11_0_ 
    from
        user_roles roles0_ 
    where
        roles0_.user_id=?
Hibernate: 
    select
        roles0_.user_id as user_id1_11_0_,
        roles0_.roles as roles2_11_0_ 
    from
        user_roles roles0_ 
    where
        roles0_.user_id=?
Hibernate: 
    insert 
    into
        meeting_pin
        (created_at, updated_at, category, content, user_id, date, latitude, longitude, max_age, min_age, set_gender, set_limit, title) 
    values
        (?, ?, ?, ?, ?, ?, ?, ?, ?, ?, ?, ?, ?)
Hibernate: 
    select
        user0_.id as id1_10_,
        user0_.created_at as created_2_10_,
        user0_.updated_at as updated_3_10_,
        user0_.age as age4_10_,
        user0_.background_image as backgrou5_10_,
        user0_.email as email6_10_,
        user0_.gender as gender7_10_,
        user0_.hobby as hobby8_10_,
        user0_.introduce as introduc9_10_,
        user0_.job as job10_10_,
        user0_.name as name11_10_,
        user0_.nick_name as nick_na12_10_,
        user0_.phone_num as phone_n13_10_,
        user0_.profile_image as profile14_10_,
        user0_.res_red_number as res_red15_10_,
        user0_.score as score16_10_ 
    from
        user user0_
Hibernate: 
    select
        roles0_.user_id as user_id1_11_0_,
        roles0_.roles as roles2_11_0_ 
    from
        user_roles roles0_ 
    where
        roles0_.user_id=?
Hibernate: 
    select
        roles0_.user_id as user_id1_11_0_,
        roles0_.roles as roles2_11_0_ 
    from
        user_roles roles0_ 
    where
        roles0_.user_id=?
Hibernate: 
    select
        roles0_.user_id as user_id1_11_0_,
        roles0_.roles as roles2_11_0_ 
    from
        user_roles roles0_ 
    where
        roles0_.user_id=?
Hibernate: 
    select
        roles0_.user_id as user_id1_11_0_,
        roles0_.roles as roles2_11_0_ 
    from
        user_roles roles0_ 
    where
        roles0_.user_id=?
Hibernate: 
    select
        roles0_.user_id as user_id1_11_0_,
        roles0_.roles as roles2_11_0_ 
    from
        user_roles roles0_ 
    where
        roles0_.user_id=?
Hibernate: 
    insert 
    into
        meeting_pin
        (created_at, updated_at, category, content, user_id, date, latitude, longitude, max_age, min_age, set_gender, set_limit, title) 
    values
        (?, ?, ?, ?, ?, ?, ?, ?, ?, ?, ?, ?, ?)
Hibernate: 
    select
        user0_.id as id1_10_,
        user0_.created_at as created_2_10_,
        user0_.updated_at as updated_3_10_,
        user0_.age as age4_10_,
        user0_.background_image as backgrou5_10_,
        user0_.email as email6_10_,
        user0_.gender as gender7_10_,
        user0_.hobby as hobby8_10_,
        user0_.introduce as introduc9_10_,
        user0_.job as job10_10_,
        user0_.name as name11_10_,
        user0_.nick_name as nick_na12_10_,
        user0_.phone_num as phone_n13_10_,
        user0_.profile_image as profile14_10_,
        user0_.res_red_number as res_red15_10_,
        user0_.score as score16_10_ 
    from
        user user0_
Hibernate: 
    select
        roles0_.user_id as user_id1_11_0_,
        roles0_.roles as roles2_11_0_ 
    from
        user_roles roles0_ 
    where
        roles0_.user_id=?
Hibernate: 
    select
        roles0_.user_id as user_id1_11_0_,
        roles0_.roles as roles2_11_0_ 
    from
        user_roles roles0_ 
    where
        roles0_.user_id=?
Hibernate: 
    select
        roles0_.user_id as user_id1_11_0_,
        roles0_.roles as roles2_11_0_ 
    from
        user_roles roles0_ 
    where
        roles0_.user_id=?
Hibernate: 
    select
        roles0_.user_id as user_id1_11_0_,
        roles0_.roles as roles2_11_0_ 
    from
        user_roles roles0_ 
    where
        roles0_.user_id=?
Hibernate: 
    select
        roles0_.user_id as user_id1_11_0_,
        roles0_.roles as roles2_11_0_ 
    from
        user_roles roles0_ 
    where
        roles0_.user_id=?
Hibernate: 
    insert 
    into
        meeting_pin
        (created_at, updated_at, category, content, user_id, date, latitude, longitude, max_age, min_age, set_gender, set_limit, title) 
    values
        (?, ?, ?, ?, ?, ?, ?, ?, ?, ?, ?, ?, ?)
Hibernate: 
    select
        user0_.id as id1_10_,
        user0_.created_at as created_2_10_,
        user0_.updated_at as updated_3_10_,
        user0_.age as age4_10_,
        user0_.background_image as backgrou5_10_,
        user0_.email as email6_10_,
        user0_.gender as gender7_10_,
        user0_.hobby as hobby8_10_,
        user0_.introduce as introduc9_10_,
        user0_.job as job10_10_,
        user0_.name as name11_10_,
        user0_.nick_name as nick_na12_10_,
        user0_.phone_num as phone_n13_10_,
        user0_.profile_image as profile14_10_,
        user0_.res_red_number as res_red15_10_,
        user0_.score as score16_10_ 
    from
        user user0_
Hibernate: 
    select
        roles0_.user_id as user_id1_11_0_,
        roles0_.roles as roles2_11_0_ 
    from
        user_roles roles0_ 
    where
        roles0_.user_id=?
Hibernate: 
    select
        roles0_.user_id as user_id1_11_0_,
        roles0_.roles as roles2_11_0_ 
    from
        user_roles roles0_ 
    where
        roles0_.user_id=?
Hibernate: 
    select
        roles0_.user_id as user_id1_11_0_,
        roles0_.roles as roles2_11_0_ 
    from
        user_roles roles0_ 
    where
        roles0_.user_id=?
Hibernate: 
    select
        roles0_.user_id as user_id1_11_0_,
        roles0_.roles as roles2_11_0_ 
    from
        user_roles roles0_ 
    where
        roles0_.user_id=?
Hibernate: 
    select
        roles0_.user_id as user_id1_11_0_,
        roles0_.roles as roles2_11_0_ 
    from
        user_roles roles0_ 
    where
        roles0_.user_id=?
Hibernate: 
    insert 
    into
        meeting_pin
        (created_at, updated_at, category, content, user_id, date, latitude, longitude, max_age, min_age, set_gender, set_limit, title) 
    values
        (?, ?, ?, ?, ?, ?, ?, ?, ?, ?, ?, ?, ?)
Hibernate: 
    select
        user0_.id as id1_10_,
        user0_.created_at as created_2_10_,
        user0_.updated_at as updated_3_10_,
        user0_.age as age4_10_,
        user0_.background_image as backgrou5_10_,
        user0_.email as email6_10_,
        user0_.gender as gender7_10_,
        user0_.hobby as hobby8_10_,
        user0_.introduce as introduc9_10_,
        user0_.job as job10_10_,
        user0_.name as name11_10_,
        user0_.nick_name as nick_na12_10_,
        user0_.phone_num as phone_n13_10_,
        user0_.profile_image as profile14_10_,
        user0_.res_red_number as res_red15_10_,
        user0_.score as score16_10_ 
    from
        user user0_
Hibernate: 
    select
        roles0_.user_id as user_id1_11_0_,
        roles0_.roles as roles2_11_0_ 
    from
        user_roles roles0_ 
    where
        roles0_.user_id=?
Hibernate: 
    select
        roles0_.user_id as user_id1_11_0_,
        roles0_.roles as roles2_11_0_ 
    from
        user_roles roles0_ 
    where
        roles0_.user_id=?
Hibernate: 
    select
        roles0_.user_id as user_id1_11_0_,
        roles0_.roles as roles2_11_0_ 
    from
        user_roles roles0_ 
    where
        roles0_.user_id=?
Hibernate: 
    select
        roles0_.user_id as user_id1_11_0_,
        roles0_.roles as roles2_11_0_ 
    from
        user_roles roles0_ 
    where
        roles0_.user_id=?
Hibernate: 
    select
        roles0_.user_id as user_id1_11_0_,
        roles0_.roles as roles2_11_0_ 
    from
        user_roles roles0_ 
    where
        roles0_.user_id=?
Hibernate: 
    insert 
    into
        meeting_pin
        (created_at, updated_at, category, content, user_id, date, latitude, longitude, max_age, min_age, set_gender, set_limit, title) 
    values
        (?, ?, ?, ?, ?, ?, ?, ?, ?, ?, ?, ?, ?)
Hibernate: 
    select
        user0_.id as id1_10_,
        user0_.created_at as created_2_10_,
        user0_.updated_at as updated_3_10_,
        user0_.age as age4_10_,
        user0_.background_image as backgrou5_10_,
        user0_.email as email6_10_,
        user0_.gender as gender7_10_,
        user0_.hobby as hobby8_10_,
        user0_.introduce as introduc9_10_,
        user0_.job as job10_10_,
        user0_.name as name11_10_,
        user0_.nick_name as nick_na12_10_,
        user0_.phone_num as phone_n13_10_,
        user0_.profile_image as profile14_10_,
        user0_.res_red_number as res_red15_10_,
        user0_.score as score16_10_ 
    from
        user user0_
Hibernate: 
    select
        roles0_.user_id as user_id1_11_0_,
        roles0_.roles as roles2_11_0_ 
    from
        user_roles roles0_ 
    where
        roles0_.user_id=?
Hibernate: 
    select
        roles0_.user_id as user_id1_11_0_,
        roles0_.roles as roles2_11_0_ 
    from
        user_roles roles0_ 
    where
        roles0_.user_id=?
Hibernate: 
    select
        roles0_.user_id as user_id1_11_0_,
        roles0_.roles as roles2_11_0_ 
    from
        user_roles roles0_ 
    where
        roles0_.user_id=?
Hibernate: 
    select
        roles0_.user_id as user_id1_11_0_,
        roles0_.roles as roles2_11_0_ 
    from
        user_roles roles0_ 
    where
        roles0_.user_id=?
Hibernate: 
    select
        roles0_.user_id as user_id1_11_0_,
        roles0_.roles as roles2_11_0_ 
    from
        user_roles roles0_ 
    where
        roles0_.user_id=?
Hibernate: 
    insert 
    into
        meeting_pin
        (created_at, updated_at, category, content, user_id, date, latitude, longitude, max_age, min_age, set_gender, set_limit, title) 
    values
        (?, ?, ?, ?, ?, ?, ?, ?, ?, ?, ?, ?, ?)
Hibernate: 
    select
        user0_.id as id1_10_,
        user0_.created_at as created_2_10_,
        user0_.updated_at as updated_3_10_,
        user0_.age as age4_10_,
        user0_.background_image as backgrou5_10_,
        user0_.email as email6_10_,
        user0_.gender as gender7_10_,
        user0_.hobby as hobby8_10_,
        user0_.introduce as introduc9_10_,
        user0_.job as job10_10_,
        user0_.name as name11_10_,
        user0_.nick_name as nick_na12_10_,
        user0_.phone_num as phone_n13_10_,
        user0_.profile_image as profile14_10_,
        user0_.res_red_number as res_red15_10_,
        user0_.score as score16_10_ 
    from
        user user0_
Hibernate: 
    select
        roles0_.user_id as user_id1_11_0_,
        roles0_.roles as roles2_11_0_ 
    from
        user_roles roles0_ 
    where
        roles0_.user_id=?
Hibernate: 
    select
        roles0_.user_id as user_id1_11_0_,
        roles0_.roles as roles2_11_0_ 
    from
        user_roles roles0_ 
    where
        roles0_.user_id=?
Hibernate: 
    select
        roles0_.user_id as user_id1_11_0_,
        roles0_.roles as roles2_11_0_ 
    from
        user_roles roles0_ 
    where
        roles0_.user_id=?
Hibernate: 
    select
        roles0_.user_id as user_id1_11_0_,
        roles0_.roles as roles2_11_0_ 
    from
        user_roles roles0_ 
    where
        roles0_.user_id=?
Hibernate: 
    select
        roles0_.user_id as user_id1_11_0_,
        roles0_.roles as roles2_11_0_ 
    from
        user_roles roles0_ 
    where
        roles0_.user_id=?
Hibernate: 
    insert 
    into
        meeting_pin
        (created_at, updated_at, category, content, user_id, date, latitude, longitude, max_age, min_age, set_gender, set_limit, title) 
    values
        (?, ?, ?, ?, ?, ?, ?, ?, ?, ?, ?, ?, ?)
Hibernate: 
    select
        user0_.id as id1_10_,
        user0_.created_at as created_2_10_,
        user0_.updated_at as updated_3_10_,
        user0_.age as age4_10_,
        user0_.background_image as backgrou5_10_,
        user0_.email as email6_10_,
        user0_.gender as gender7_10_,
        user0_.hobby as hobby8_10_,
        user0_.introduce as introduc9_10_,
        user0_.job as job10_10_,
        user0_.name as name11_10_,
        user0_.nick_name as nick_na12_10_,
        user0_.phone_num as phone_n13_10_,
        user0_.profile_image as profile14_10_,
        user0_.res_red_number as res_red15_10_,
        user0_.score as score16_10_ 
    from
        user user0_
Hibernate: 
    select
        roles0_.user_id as user_id1_11_0_,
        roles0_.roles as roles2_11_0_ 
    from
        user_roles roles0_ 
    where
        roles0_.user_id=?
Hibernate: 
    select
        roles0_.user_id as user_id1_11_0_,
        roles0_.roles as roles2_11_0_ 
    from
        user_roles roles0_ 
    where
        roles0_.user_id=?
Hibernate: 
    select
        roles0_.user_id as user_id1_11_0_,
        roles0_.roles as roles2_11_0_ 
    from
        user_roles roles0_ 
    where
        roles0_.user_id=?
Hibernate: 
    select
        roles0_.user_id as user_id1_11_0_,
        roles0_.roles as roles2_11_0_ 
    from
        user_roles roles0_ 
    where
        roles0_.user_id=?
Hibernate: 
    select
        roles0_.user_id as user_id1_11_0_,
        roles0_.roles as roles2_11_0_ 
    from
        user_roles roles0_ 
    where
        roles0_.user_id=?
Hibernate: 
    insert 
    into
        meeting_pin
        (created_at, updated_at, category, content, user_id, date, latitude, longitude, max_age, min_age, set_gender, set_limit, title) 
    values
        (?, ?, ?, ?, ?, ?, ?, ?, ?, ?, ?, ?, ?)
Hibernate: 
    select
        user0_.id as id1_10_,
        user0_.created_at as created_2_10_,
        user0_.updated_at as updated_3_10_,
        user0_.age as age4_10_,
        user0_.background_image as backgrou5_10_,
        user0_.email as email6_10_,
        user0_.gender as gender7_10_,
        user0_.hobby as hobby8_10_,
        user0_.introduce as introduc9_10_,
        user0_.job as job10_10_,
        user0_.name as name11_10_,
        user0_.nick_name as nick_na12_10_,
        user0_.phone_num as phone_n13_10_,
        user0_.profile_image as profile14_10_,
        user0_.res_red_number as res_red15_10_,
        user0_.score as score16_10_ 
    from
        user user0_
Hibernate: 
    select
        roles0_.user_id as user_id1_11_0_,
        roles0_.roles as roles2_11_0_ 
    from
        user_roles roles0_ 
    where
        roles0_.user_id=?
Hibernate: 
    select
        roles0_.user_id as user_id1_11_0_,
        roles0_.roles as roles2_11_0_ 
    from
        user_roles roles0_ 
    where
        roles0_.user_id=?
Hibernate: 
    select
        roles0_.user_id as user_id1_11_0_,
        roles0_.roles as roles2_11_0_ 
    from
        user_roles roles0_ 
    where
        roles0_.user_id=?
Hibernate: 
    select
        roles0_.user_id as user_id1_11_0_,
        roles0_.roles as roles2_11_0_ 
    from
        user_roles roles0_ 
    where
        roles0_.user_id=?
Hibernate: 
    select
        roles0_.user_id as user_id1_11_0_,
        roles0_.roles as roles2_11_0_ 
    from
        user_roles roles0_ 
    where
        roles0_.user_id=?
Hibernate: 
    insert 
    into
        meeting_pin
        (created_at, updated_at, category, content, user_id, date, latitude, longitude, max_age, min_age, set_gender, set_limit, title) 
    values
        (?, ?, ?, ?, ?, ?, ?, ?, ?, ?, ?, ?, ?)
Hibernate: 
    select
        user0_.id as id1_10_,
        user0_.created_at as created_2_10_,
        user0_.updated_at as updated_3_10_,
        user0_.age as age4_10_,
        user0_.background_image as backgrou5_10_,
        user0_.email as email6_10_,
        user0_.gender as gender7_10_,
        user0_.hobby as hobby8_10_,
        user0_.introduce as introduc9_10_,
        user0_.job as job10_10_,
        user0_.name as name11_10_,
        user0_.nick_name as nick_na12_10_,
        user0_.phone_num as phone_n13_10_,
        user0_.profile_image as profile14_10_,
        user0_.res_red_number as res_red15_10_,
        user0_.score as score16_10_ 
    from
        user user0_
Hibernate: 
    select
        roles0_.user_id as user_id1_11_0_,
        roles0_.roles as roles2_11_0_ 
    from
        user_roles roles0_ 
    where
        roles0_.user_id=?
Hibernate: 
    select
        roles0_.user_id as user_id1_11_0_,
        roles0_.roles as roles2_11_0_ 
    from
        user_roles roles0_ 
    where
        roles0_.user_id=?
Hibernate: 
    select
        roles0_.user_id as user_id1_11_0_,
        roles0_.roles as roles2_11_0_ 
    from
        user_roles roles0_ 
    where
        roles0_.user_id=?
Hibernate: 
    select
        roles0_.user_id as user_id1_11_0_,
        roles0_.roles as roles2_11_0_ 
    from
        user_roles roles0_ 
    where
        roles0_.user_id=?
Hibernate: 
    select
        roles0_.user_id as user_id1_11_0_,
        roles0_.roles as roles2_11_0_ 
    from
        user_roles roles0_ 
    where
        roles0_.user_id=?
Hibernate: 
    insert 
    into
        meeting_pin
        (created_at, updated_at, category, content, user_id, date, latitude, longitude, max_age, min_age, set_gender, set_limit, title) 
    values
        (?, ?, ?, ?, ?, ?, ?, ?, ?, ?, ?, ?, ?)
Hibernate: 
    select
        user0_.id as id1_10_,
        user0_.created_at as created_2_10_,
        user0_.updated_at as updated_3_10_,
        user0_.age as age4_10_,
        user0_.background_image as backgrou5_10_,
        user0_.email as email6_10_,
        user0_.gender as gender7_10_,
        user0_.hobby as hobby8_10_,
        user0_.introduce as introduc9_10_,
        user0_.job as job10_10_,
        user0_.name as name11_10_,
        user0_.nick_name as nick_na12_10_,
        user0_.phone_num as phone_n13_10_,
        user0_.profile_image as profile14_10_,
        user0_.res_red_number as res_red15_10_,
        user0_.score as score16_10_ 
    from
        user user0_
Hibernate: 
    select
        roles0_.user_id as user_id1_11_0_,
        roles0_.roles as roles2_11_0_ 
    from
        user_roles roles0_ 
    where
        roles0_.user_id=?
Hibernate: 
    select
        roles0_.user_id as user_id1_11_0_,
        roles0_.roles as roles2_11_0_ 
    from
        user_roles roles0_ 
    where
        roles0_.user_id=?
Hibernate: 
    select
        roles0_.user_id as user_id1_11_0_,
        roles0_.roles as roles2_11_0_ 
    from
        user_roles roles0_ 
    where
        roles0_.user_id=?
Hibernate: 
    select
        roles0_.user_id as user_id1_11_0_,
        roles0_.roles as roles2_11_0_ 
    from
        user_roles roles0_ 
    where
        roles0_.user_id=?
Hibernate: 
    select
        roles0_.user_id as user_id1_11_0_,
        roles0_.roles as roles2_11_0_ 
    from
        user_roles roles0_ 
    where
        roles0_.user_id=?
Hibernate: 
    insert 
    into
        meeting_pin
        (created_at, updated_at, category, content, user_id, date, latitude, longitude, max_age, min_age, set_gender, set_limit, title) 
    values
        (?, ?, ?, ?, ?, ?, ?, ?, ?, ?, ?, ?, ?)
Hibernate: 
    select
        user0_.id as id1_10_,
        user0_.created_at as created_2_10_,
        user0_.updated_at as updated_3_10_,
        user0_.age as age4_10_,
        user0_.background_image as backgrou5_10_,
        user0_.email as email6_10_,
        user0_.gender as gender7_10_,
        user0_.hobby as hobby8_10_,
        user0_.introduce as introduc9_10_,
        user0_.job as job10_10_,
        user0_.name as name11_10_,
        user0_.nick_name as nick_na12_10_,
        user0_.phone_num as phone_n13_10_,
        user0_.profile_image as profile14_10_,
        user0_.res_red_number as res_red15_10_,
        user0_.score as score16_10_ 
    from
        user user0_
Hibernate: 
    select
        roles0_.user_id as user_id1_11_0_,
        roles0_.roles as roles2_11_0_ 
    from
        user_roles roles0_ 
    where
        roles0_.user_id=?
Hibernate: 
    select
        roles0_.user_id as user_id1_11_0_,
        roles0_.roles as roles2_11_0_ 
    from
        user_roles roles0_ 
    where
        roles0_.user_id=?
Hibernate: 
    select
        roles0_.user_id as user_id1_11_0_,
        roles0_.roles as roles2_11_0_ 
    from
        user_roles roles0_ 
    where
        roles0_.user_id=?
Hibernate: 
    select
        roles0_.user_id as user_id1_11_0_,
        roles0_.roles as roles2_11_0_ 
    from
        user_roles roles0_ 
    where
        roles0_.user_id=?
Hibernate: 
    select
        roles0_.user_id as user_id1_11_0_,
        roles0_.roles as roles2_11_0_ 
    from
        user_roles roles0_ 
    where
        roles0_.user_id=?
Hibernate: 
    insert 
    into
        meeting_pin
        (created_at, updated_at, category, content, user_id, date, latitude, longitude, max_age, min_age, set_gender, set_limit, title) 
    values
        (?, ?, ?, ?, ?, ?, ?, ?, ?, ?, ?, ?, ?)
Hibernate: 
    select
        user0_.id as id1_10_,
        user0_.created_at as created_2_10_,
        user0_.updated_at as updated_3_10_,
        user0_.age as age4_10_,
        user0_.background_image as backgrou5_10_,
        user0_.email as email6_10_,
        user0_.gender as gender7_10_,
        user0_.hobby as hobby8_10_,
        user0_.introduce as introduc9_10_,
        user0_.job as job10_10_,
        user0_.name as name11_10_,
        user0_.nick_name as nick_na12_10_,
        user0_.phone_num as phone_n13_10_,
        user0_.profile_image as profile14_10_,
        user0_.res_red_number as res_red15_10_,
        user0_.score as score16_10_ 
    from
        user user0_
Hibernate: 
    select
        roles0_.user_id as user_id1_11_0_,
        roles0_.roles as roles2_11_0_ 
    from
        user_roles roles0_ 
    where
        roles0_.user_id=?
Hibernate: 
    select
        roles0_.user_id as user_id1_11_0_,
        roles0_.roles as roles2_11_0_ 
    from
        user_roles roles0_ 
    where
        roles0_.user_id=?
Hibernate: 
    select
        roles0_.user_id as user_id1_11_0_,
        roles0_.roles as roles2_11_0_ 
    from
        user_roles roles0_ 
    where
        roles0_.user_id=?
Hibernate: 
    select
        roles0_.user_id as user_id1_11_0_,
        roles0_.roles as roles2_11_0_ 
    from
        user_roles roles0_ 
    where
        roles0_.user_id=?
Hibernate: 
    select
        roles0_.user_id as user_id1_11_0_,
        roles0_.roles as roles2_11_0_ 
    from
        user_roles roles0_ 
    where
        roles0_.user_id=?
Hibernate: 
    insert 
    into
        meeting_pin
        (created_at, updated_at, category, content, user_id, date, latitude, longitude, max_age, min_age, set_gender, set_limit, title) 
    values
        (?, ?, ?, ?, ?, ?, ?, ?, ?, ?, ?, ?, ?)
Hibernate: 
    select
        user0_.id as id1_10_,
        user0_.created_at as created_2_10_,
        user0_.updated_at as updated_3_10_,
        user0_.age as age4_10_,
        user0_.background_image as backgrou5_10_,
        user0_.email as email6_10_,
        user0_.gender as gender7_10_,
        user0_.hobby as hobby8_10_,
        user0_.introduce as introduc9_10_,
        user0_.job as job10_10_,
        user0_.name as name11_10_,
        user0_.nick_name as nick_na12_10_,
        user0_.phone_num as phone_n13_10_,
        user0_.profile_image as profile14_10_,
        user0_.res_red_number as res_red15_10_,
        user0_.score as score16_10_ 
    from
        user user0_
Hibernate: 
    select
        roles0_.user_id as user_id1_11_0_,
        roles0_.roles as roles2_11_0_ 
    from
        user_roles roles0_ 
    where
        roles0_.user_id=?
Hibernate: 
    select
        roles0_.user_id as user_id1_11_0_,
        roles0_.roles as roles2_11_0_ 
    from
        user_roles roles0_ 
    where
        roles0_.user_id=?
Hibernate: 
    select
        roles0_.user_id as user_id1_11_0_,
        roles0_.roles as roles2_11_0_ 
    from
        user_roles roles0_ 
    where
        roles0_.user_id=?
Hibernate: 
    select
        roles0_.user_id as user_id1_11_0_,
        roles0_.roles as roles2_11_0_ 
    from
        user_roles roles0_ 
    where
        roles0_.user_id=?
Hibernate: 
    select
        roles0_.user_id as user_id1_11_0_,
        roles0_.roles as roles2_11_0_ 
    from
        user_roles roles0_ 
    where
        roles0_.user_id=?
Hibernate: 
    insert 
    into
        meeting_pin
        (created_at, updated_at, category, content, user_id, date, latitude, longitude, max_age, min_age, set_gender, set_limit, title) 
    values
        (?, ?, ?, ?, ?, ?, ?, ?, ?, ?, ?, ?, ?)
Hibernate: 
    select
        user0_.id as id1_10_,
        user0_.created_at as created_2_10_,
        user0_.updated_at as updated_3_10_,
        user0_.age as age4_10_,
        user0_.background_image as backgrou5_10_,
        user0_.email as email6_10_,
        user0_.gender as gender7_10_,
        user0_.hobby as hobby8_10_,
        user0_.introduce as introduc9_10_,
        user0_.job as job10_10_,
        user0_.name as name11_10_,
        user0_.nick_name as nick_na12_10_,
        user0_.phone_num as phone_n13_10_,
        user0_.profile_image as profile14_10_,
        user0_.res_red_number as res_red15_10_,
        user0_.score as score16_10_ 
    from
        user user0_
Hibernate: 
    select
        roles0_.user_id as user_id1_11_0_,
        roles0_.roles as roles2_11_0_ 
    from
        user_roles roles0_ 
    where
        roles0_.user_id=?
Hibernate: 
    select
        roles0_.user_id as user_id1_11_0_,
        roles0_.roles as roles2_11_0_ 
    from
        user_roles roles0_ 
    where
        roles0_.user_id=?
Hibernate: 
    select
        roles0_.user_id as user_id1_11_0_,
        roles0_.roles as roles2_11_0_ 
    from
        user_roles roles0_ 
    where
        roles0_.user_id=?
Hibernate: 
    select
        roles0_.user_id as user_id1_11_0_,
        roles0_.roles as roles2_11_0_ 
    from
        user_roles roles0_ 
    where
        roles0_.user_id=?
Hibernate: 
    select
        roles0_.user_id as user_id1_11_0_,
        roles0_.roles as roles2_11_0_ 
    from
        user_roles roles0_ 
    where
        roles0_.user_id=?
Hibernate: 
    insert 
    into
        meeting_pin
        (created_at, updated_at, category, content, user_id, date, latitude, longitude, max_age, min_age, set_gender, set_limit, title) 
    values
        (?, ?, ?, ?, ?, ?, ?, ?, ?, ?, ?, ?, ?)
Hibernate: 
    select
        user0_.id as id1_10_,
        user0_.created_at as created_2_10_,
        user0_.updated_at as updated_3_10_,
        user0_.age as age4_10_,
        user0_.background_image as backgrou5_10_,
        user0_.email as email6_10_,
        user0_.gender as gender7_10_,
        user0_.hobby as hobby8_10_,
        user0_.introduce as introduc9_10_,
        user0_.job as job10_10_,
        user0_.name as name11_10_,
        user0_.nick_name as nick_na12_10_,
        user0_.phone_num as phone_n13_10_,
        user0_.profile_image as profile14_10_,
        user0_.res_red_number as res_red15_10_,
        user0_.score as score16_10_ 
    from
        user user0_
Hibernate: 
    select
        roles0_.user_id as user_id1_11_0_,
        roles0_.roles as roles2_11_0_ 
    from
        user_roles roles0_ 
    where
        roles0_.user_id=?
Hibernate: 
    select
        roles0_.user_id as user_id1_11_0_,
        roles0_.roles as roles2_11_0_ 
    from
        user_roles roles0_ 
    where
        roles0_.user_id=?
Hibernate: 
    select
        roles0_.user_id as user_id1_11_0_,
        roles0_.roles as roles2_11_0_ 
    from
        user_roles roles0_ 
    where
        roles0_.user_id=?
Hibernate: 
    select
        roles0_.user_id as user_id1_11_0_,
        roles0_.roles as roles2_11_0_ 
    from
        user_roles roles0_ 
    where
        roles0_.user_id=?
Hibernate: 
    select
        roles0_.user_id as user_id1_11_0_,
        roles0_.roles as roles2_11_0_ 
    from
        user_roles roles0_ 
    where
        roles0_.user_id=?
Hibernate: 
    insert 
    into
        meeting_pin
        (created_at, updated_at, category, content, user_id, date, latitude, longitude, max_age, min_age, set_gender, set_limit, title) 
    values
        (?, ?, ?, ?, ?, ?, ?, ?, ?, ?, ?, ?, ?)
Hibernate: 
    select
        user0_.id as id1_10_,
        user0_.created_at as created_2_10_,
        user0_.updated_at as updated_3_10_,
        user0_.age as age4_10_,
        user0_.background_image as backgrou5_10_,
        user0_.email as email6_10_,
        user0_.gender as gender7_10_,
        user0_.hobby as hobby8_10_,
        user0_.introduce as introduc9_10_,
        user0_.job as job10_10_,
        user0_.name as name11_10_,
        user0_.nick_name as nick_na12_10_,
        user0_.phone_num as phone_n13_10_,
        user0_.profile_image as profile14_10_,
        user0_.res_red_number as res_red15_10_,
        user0_.score as score16_10_ 
    from
        user user0_
Hibernate: 
    select
        roles0_.user_id as user_id1_11_0_,
        roles0_.roles as roles2_11_0_ 
    from
        user_roles roles0_ 
    where
        roles0_.user_id=?
Hibernate: 
    select
        roles0_.user_id as user_id1_11_0_,
        roles0_.roles as roles2_11_0_ 
    from
        user_roles roles0_ 
    where
        roles0_.user_id=?
Hibernate: 
    select
        roles0_.user_id as user_id1_11_0_,
        roles0_.roles as roles2_11_0_ 
    from
        user_roles roles0_ 
    where
        roles0_.user_id=?
Hibernate: 
    select
        roles0_.user_id as user_id1_11_0_,
        roles0_.roles as roles2_11_0_ 
    from
        user_roles roles0_ 
    where
        roles0_.user_id=?
Hibernate: 
    select
        roles0_.user_id as user_id1_11_0_,
        roles0_.roles as roles2_11_0_ 
    from
        user_roles roles0_ 
    where
        roles0_.user_id=?
Hibernate: 
    insert 
    into
        meeting_pin
        (created_at, updated_at, category, content, user_id, date, latitude, longitude, max_age, min_age, set_gender, set_limit, title) 
    values
        (?, ?, ?, ?, ?, ?, ?, ?, ?, ?, ?, ?, ?)
Hibernate: 
    select
        user0_.id as id1_10_,
        user0_.created_at as created_2_10_,
        user0_.updated_at as updated_3_10_,
        user0_.age as age4_10_,
        user0_.background_image as backgrou5_10_,
        user0_.email as email6_10_,
        user0_.gender as gender7_10_,
        user0_.hobby as hobby8_10_,
        user0_.introduce as introduc9_10_,
        user0_.job as job10_10_,
        user0_.name as name11_10_,
        user0_.nick_name as nick_na12_10_,
        user0_.phone_num as phone_n13_10_,
        user0_.profile_image as profile14_10_,
        user0_.res_red_number as res_red15_10_,
        user0_.score as score16_10_ 
    from
        user user0_
Hibernate: 
    select
        roles0_.user_id as user_id1_11_0_,
        roles0_.roles as roles2_11_0_ 
    from
        user_roles roles0_ 
    where
        roles0_.user_id=?
Hibernate: 
    select
        roles0_.user_id as user_id1_11_0_,
        roles0_.roles as roles2_11_0_ 
    from
        user_roles roles0_ 
    where
        roles0_.user_id=?
Hibernate: 
    select
        roles0_.user_id as user_id1_11_0_,
        roles0_.roles as roles2_11_0_ 
    from
        user_roles roles0_ 
    where
        roles0_.user_id=?
Hibernate: 
    select
        roles0_.user_id as user_id1_11_0_,
        roles0_.roles as roles2_11_0_ 
    from
        user_roles roles0_ 
    where
        roles0_.user_id=?
Hibernate: 
    select
        roles0_.user_id as user_id1_11_0_,
        roles0_.roles as roles2_11_0_ 
    from
        user_roles roles0_ 
    where
        roles0_.user_id=?
Hibernate: 
    insert 
    into
        meeting_pin
        (created_at, updated_at, category, content, user_id, date, latitude, longitude, max_age, min_age, set_gender, set_limit, title) 
    values
        (?, ?, ?, ?, ?, ?, ?, ?, ?, ?, ?, ?, ?)
Hibernate: 
    select
        user0_.id as id1_10_,
        user0_.created_at as created_2_10_,
        user0_.updated_at as updated_3_10_,
        user0_.age as age4_10_,
        user0_.background_image as backgrou5_10_,
        user0_.email as email6_10_,
        user0_.gender as gender7_10_,
        user0_.hobby as hobby8_10_,
        user0_.introduce as introduc9_10_,
        user0_.job as job10_10_,
        user0_.name as name11_10_,
        user0_.nick_name as nick_na12_10_,
        user0_.phone_num as phone_n13_10_,
        user0_.profile_image as profile14_10_,
        user0_.res_red_number as res_red15_10_,
        user0_.score as score16_10_ 
    from
        user user0_
Hibernate: 
    select
        roles0_.user_id as user_id1_11_0_,
        roles0_.roles as roles2_11_0_ 
    from
        user_roles roles0_ 
    where
        roles0_.user_id=?
Hibernate: 
    select
        roles0_.user_id as user_id1_11_0_,
        roles0_.roles as roles2_11_0_ 
    from
        user_roles roles0_ 
    where
        roles0_.user_id=?
Hibernate: 
    select
        roles0_.user_id as user_id1_11_0_,
        roles0_.roles as roles2_11_0_ 
    from
        user_roles roles0_ 
    where
        roles0_.user_id=?
Hibernate: 
    select
        roles0_.user_id as user_id1_11_0_,
        roles0_.roles as roles2_11_0_ 
    from
        user_roles roles0_ 
    where
        roles0_.user_id=?
Hibernate: 
    select
        roles0_.user_id as user_id1_11_0_,
        roles0_.roles as roles2_11_0_ 
    from
        user_roles roles0_ 
    where
        roles0_.user_id=?
Hibernate: 
    insert 
    into
        meeting_pin
        (created_at, updated_at, category, content, user_id, date, latitude, longitude, max_age, min_age, set_gender, set_limit, title) 
    values
        (?, ?, ?, ?, ?, ?, ?, ?, ?, ?, ?, ?, ?)
Hibernate: 
    select
        user0_.id as id1_10_,
        user0_.created_at as created_2_10_,
        user0_.updated_at as updated_3_10_,
        user0_.age as age4_10_,
        user0_.background_image as backgrou5_10_,
        user0_.email as email6_10_,
        user0_.gender as gender7_10_,
        user0_.hobby as hobby8_10_,
        user0_.introduce as introduc9_10_,
        user0_.job as job10_10_,
        user0_.name as name11_10_,
        user0_.nick_name as nick_na12_10_,
        user0_.phone_num as phone_n13_10_,
        user0_.profile_image as profile14_10_,
        user0_.res_red_number as res_red15_10_,
        user0_.score as score16_10_ 
    from
        user user0_
Hibernate: 
    select
        roles0_.user_id as user_id1_11_0_,
        roles0_.roles as roles2_11_0_ 
    from
        user_roles roles0_ 
    where
        roles0_.user_id=?
Hibernate: 
    select
        roles0_.user_id as user_id1_11_0_,
        roles0_.roles as roles2_11_0_ 
    from
        user_roles roles0_ 
    where
        roles0_.user_id=?
Hibernate: 
    select
        roles0_.user_id as user_id1_11_0_,
        roles0_.roles as roles2_11_0_ 
    from
        user_roles roles0_ 
    where
        roles0_.user_id=?
Hibernate: 
    select
        roles0_.user_id as user_id1_11_0_,
        roles0_.roles as roles2_11_0_ 
    from
        user_roles roles0_ 
    where
        roles0_.user_id=?
Hibernate: 
    select
        roles0_.user_id as user_id1_11_0_,
        roles0_.roles as roles2_11_0_ 
    from
        user_roles roles0_ 
    where
        roles0_.user_id=?
Hibernate: 
    insert 
    into
        meeting_pin
        (created_at, updated_at, category, content, user_id, date, latitude, longitude, max_age, min_age, set_gender, set_limit, title) 
    values
        (?, ?, ?, ?, ?, ?, ?, ?, ?, ?, ?, ?, ?)
Hibernate: 
    select
        user0_.id as id1_10_,
        user0_.created_at as created_2_10_,
        user0_.updated_at as updated_3_10_,
        user0_.age as age4_10_,
        user0_.background_image as backgrou5_10_,
        user0_.email as email6_10_,
        user0_.gender as gender7_10_,
        user0_.hobby as hobby8_10_,
        user0_.introduce as introduc9_10_,
        user0_.job as job10_10_,
        user0_.name as name11_10_,
        user0_.nick_name as nick_na12_10_,
        user0_.phone_num as phone_n13_10_,
        user0_.profile_image as profile14_10_,
        user0_.res_red_number as res_red15_10_,
        user0_.score as score16_10_ 
    from
        user user0_
Hibernate: 
    select
        roles0_.user_id as user_id1_11_0_,
        roles0_.roles as roles2_11_0_ 
    from
        user_roles roles0_ 
    where
        roles0_.user_id=?
Hibernate: 
    select
        roles0_.user_id as user_id1_11_0_,
        roles0_.roles as roles2_11_0_ 
    from
        user_roles roles0_ 
    where
        roles0_.user_id=?
Hibernate: 
    select
        roles0_.user_id as user_id1_11_0_,
        roles0_.roles as roles2_11_0_ 
    from
        user_roles roles0_ 
    where
        roles0_.user_id=?
Hibernate: 
    select
        roles0_.user_id as user_id1_11_0_,
        roles0_.roles as roles2_11_0_ 
    from
        user_roles roles0_ 
    where
        roles0_.user_id=?
Hibernate: 
    select
        roles0_.user_id as user_id1_11_0_,
        roles0_.roles as roles2_11_0_ 
    from
        user_roles roles0_ 
    where
        roles0_.user_id=?
Hibernate: 
    insert 
    into
        meeting_pin
        (created_at, updated_at, category, content, user_id, date, latitude, longitude, max_age, min_age, set_gender, set_limit, title) 
    values
        (?, ?, ?, ?, ?, ?, ?, ?, ?, ?, ?, ?, ?)
Hibernate: 
    select
        user0_.id as id1_10_,
        user0_.created_at as created_2_10_,
        user0_.updated_at as updated_3_10_,
        user0_.age as age4_10_,
        user0_.background_image as backgrou5_10_,
        user0_.email as email6_10_,
        user0_.gender as gender7_10_,
        user0_.hobby as hobby8_10_,
        user0_.introduce as introduc9_10_,
        user0_.job as job10_10_,
        user0_.name as name11_10_,
        user0_.nick_name as nick_na12_10_,
        user0_.phone_num as phone_n13_10_,
        user0_.profile_image as profile14_10_,
        user0_.res_red_number as res_red15_10_,
        user0_.score as score16_10_ 
    from
        user user0_
Hibernate: 
    select
        roles0_.user_id as user_id1_11_0_,
        roles0_.roles as roles2_11_0_ 
    from
        user_roles roles0_ 
    where
        roles0_.user_id=?
Hibernate: 
    select
        roles0_.user_id as user_id1_11_0_,
        roles0_.roles as roles2_11_0_ 
    from
        user_roles roles0_ 
    where
        roles0_.user_id=?
Hibernate: 
    select
        roles0_.user_id as user_id1_11_0_,
        roles0_.roles as roles2_11_0_ 
    from
        user_roles roles0_ 
    where
        roles0_.user_id=?
Hibernate: 
    select
        roles0_.user_id as user_id1_11_0_,
        roles0_.roles as roles2_11_0_ 
    from
        user_roles roles0_ 
    where
        roles0_.user_id=?
Hibernate: 
    select
        roles0_.user_id as user_id1_11_0_,
        roles0_.roles as roles2_11_0_ 
    from
        user_roles roles0_ 
    where
        roles0_.user_id=?
Hibernate: 
    insert 
    into
        meeting_pin
        (created_at, updated_at, category, content, user_id, date, latitude, longitude, max_age, min_age, set_gender, set_limit, title) 
    values
        (?, ?, ?, ?, ?, ?, ?, ?, ?, ?, ?, ?, ?)
Hibernate: 
    select
        user0_.id as id1_10_,
        user0_.created_at as created_2_10_,
        user0_.updated_at as updated_3_10_,
        user0_.age as age4_10_,
        user0_.background_image as backgrou5_10_,
        user0_.email as email6_10_,
        user0_.gender as gender7_10_,
        user0_.hobby as hobby8_10_,
        user0_.introduce as introduc9_10_,
        user0_.job as job10_10_,
        user0_.name as name11_10_,
        user0_.nick_name as nick_na12_10_,
        user0_.phone_num as phone_n13_10_,
        user0_.profile_image as profile14_10_,
        user0_.res_red_number as res_red15_10_,
        user0_.score as score16_10_ 
    from
        user user0_
Hibernate: 
    select
        roles0_.user_id as user_id1_11_0_,
        roles0_.roles as roles2_11_0_ 
    from
        user_roles roles0_ 
    where
        roles0_.user_id=?
Hibernate: 
    select
        roles0_.user_id as user_id1_11_0_,
        roles0_.roles as roles2_11_0_ 
    from
        user_roles roles0_ 
    where
        roles0_.user_id=?
Hibernate: 
    select
        roles0_.user_id as user_id1_11_0_,
        roles0_.roles as roles2_11_0_ 
    from
        user_roles roles0_ 
    where
        roles0_.user_id=?
Hibernate: 
    select
        roles0_.user_id as user_id1_11_0_,
        roles0_.roles as roles2_11_0_ 
    from
        user_roles roles0_ 
    where
        roles0_.user_id=?
Hibernate: 
    select
        roles0_.user_id as user_id1_11_0_,
        roles0_.roles as roles2_11_0_ 
    from
        user_roles roles0_ 
    where
        roles0_.user_id=?
Hibernate: 
    insert 
    into
        meeting_pin
        (created_at, updated_at, category, content, user_id, date, latitude, longitude, max_age, min_age, set_gender, set_limit, title) 
    values
        (?, ?, ?, ?, ?, ?, ?, ?, ?, ?, ?, ?, ?)
Hibernate: 
    select
        user0_.id as id1_10_,
        user0_.created_at as created_2_10_,
        user0_.updated_at as updated_3_10_,
        user0_.age as age4_10_,
        user0_.background_image as backgrou5_10_,
        user0_.email as email6_10_,
        user0_.gender as gender7_10_,
        user0_.hobby as hobby8_10_,
        user0_.introduce as introduc9_10_,
        user0_.job as job10_10_,
        user0_.name as name11_10_,
        user0_.nick_name as nick_na12_10_,
        user0_.phone_num as phone_n13_10_,
        user0_.profile_image as profile14_10_,
        user0_.res_red_number as res_red15_10_,
        user0_.score as score16_10_ 
    from
        user user0_
Hibernate: 
    select
        roles0_.user_id as user_id1_11_0_,
        roles0_.roles as roles2_11_0_ 
    from
        user_roles roles0_ 
    where
        roles0_.user_id=?
Hibernate: 
    select
        roles0_.user_id as user_id1_11_0_,
        roles0_.roles as roles2_11_0_ 
    from
        user_roles roles0_ 
    where
        roles0_.user_id=?
Hibernate: 
    select
        roles0_.user_id as user_id1_11_0_,
        roles0_.roles as roles2_11_0_ 
    from
        user_roles roles0_ 
    where
        roles0_.user_id=?
Hibernate: 
    select
        roles0_.user_id as user_id1_11_0_,
        roles0_.roles as roles2_11_0_ 
    from
        user_roles roles0_ 
    where
        roles0_.user_id=?
Hibernate: 
    select
        roles0_.user_id as user_id1_11_0_,
        roles0_.roles as roles2_11_0_ 
    from
        user_roles roles0_ 
    where
        roles0_.user_id=?
Hibernate: 
    insert 
    into
        meeting_pin
        (created_at, updated_at, category, content, user_id, date, latitude, longitude, max_age, min_age, set_gender, set_limit, title) 
    values
        (?, ?, ?, ?, ?, ?, ?, ?, ?, ?, ?, ?, ?)
Hibernate: 
    select
        user0_.id as id1_10_,
        user0_.created_at as created_2_10_,
        user0_.updated_at as updated_3_10_,
        user0_.age as age4_10_,
        user0_.background_image as backgrou5_10_,
        user0_.email as email6_10_,
        user0_.gender as gender7_10_,
        user0_.hobby as hobby8_10_,
        user0_.introduce as introduc9_10_,
        user0_.job as job10_10_,
        user0_.name as name11_10_,
        user0_.nick_name as nick_na12_10_,
        user0_.phone_num as phone_n13_10_,
        user0_.profile_image as profile14_10_,
        user0_.res_red_number as res_red15_10_,
        user0_.score as score16_10_ 
    from
        user user0_
Hibernate: 
    select
        roles0_.user_id as user_id1_11_0_,
        roles0_.roles as roles2_11_0_ 
    from
        user_roles roles0_ 
    where
        roles0_.user_id=?
Hibernate: 
    select
        roles0_.user_id as user_id1_11_0_,
        roles0_.roles as roles2_11_0_ 
    from
        user_roles roles0_ 
    where
        roles0_.user_id=?
Hibernate: 
    select
        roles0_.user_id as user_id1_11_0_,
        roles0_.roles as roles2_11_0_ 
    from
        user_roles roles0_ 
    where
        roles0_.user_id=?
Hibernate: 
    select
        roles0_.user_id as user_id1_11_0_,
        roles0_.roles as roles2_11_0_ 
    from
        user_roles roles0_ 
    where
        roles0_.user_id=?
Hibernate: 
    select
        roles0_.user_id as user_id1_11_0_,
        roles0_.roles as roles2_11_0_ 
    from
        user_roles roles0_ 
    where
        roles0_.user_id=?
Hibernate: 
    insert 
    into
        meeting_pin
        (created_at, updated_at, category, content, user_id, date, latitude, longitude, max_age, min_age, set_gender, set_limit, title) 
    values
        (?, ?, ?, ?, ?, ?, ?, ?, ?, ?, ?, ?, ?)
Hibernate: 
    select
        user0_.id as id1_10_,
        user0_.created_at as created_2_10_,
        user0_.updated_at as updated_3_10_,
        user0_.age as age4_10_,
        user0_.background_image as backgrou5_10_,
        user0_.email as email6_10_,
        user0_.gender as gender7_10_,
        user0_.hobby as hobby8_10_,
        user0_.introduce as introduc9_10_,
        user0_.job as job10_10_,
        user0_.name as name11_10_,
        user0_.nick_name as nick_na12_10_,
        user0_.phone_num as phone_n13_10_,
        user0_.profile_image as profile14_10_,
        user0_.res_red_number as res_red15_10_,
        user0_.score as score16_10_ 
    from
        user user0_
Hibernate: 
    select
        roles0_.user_id as user_id1_11_0_,
        roles0_.roles as roles2_11_0_ 
    from
        user_roles roles0_ 
    where
        roles0_.user_id=?
Hibernate: 
    select
        roles0_.user_id as user_id1_11_0_,
        roles0_.roles as roles2_11_0_ 
    from
        user_roles roles0_ 
    where
        roles0_.user_id=?
Hibernate: 
    select
        roles0_.user_id as user_id1_11_0_,
        roles0_.roles as roles2_11_0_ 
    from
        user_roles roles0_ 
    where
        roles0_.user_id=?
Hibernate: 
    select
        roles0_.user_id as user_id1_11_0_,
        roles0_.roles as roles2_11_0_ 
    from
        user_roles roles0_ 
    where
        roles0_.user_id=?
Hibernate: 
    select
        roles0_.user_id as user_id1_11_0_,
        roles0_.roles as roles2_11_0_ 
    from
        user_roles roles0_ 
    where
        roles0_.user_id=?
Hibernate: 
    insert 
    into
        meeting_pin
        (created_at, updated_at, category, content, user_id, date, latitude, longitude, max_age, min_age, set_gender, set_limit, title) 
    values
        (?, ?, ?, ?, ?, ?, ?, ?, ?, ?, ?, ?, ?)
Hibernate: 
    select
        user0_.id as id1_10_,
        user0_.created_at as created_2_10_,
        user0_.updated_at as updated_3_10_,
        user0_.age as age4_10_,
        user0_.background_image as backgrou5_10_,
        user0_.email as email6_10_,
        user0_.gender as gender7_10_,
        user0_.hobby as hobby8_10_,
        user0_.introduce as introduc9_10_,
        user0_.job as job10_10_,
        user0_.name as name11_10_,
        user0_.nick_name as nick_na12_10_,
        user0_.phone_num as phone_n13_10_,
        user0_.profile_image as profile14_10_,
        user0_.res_red_number as res_red15_10_,
        user0_.score as score16_10_ 
    from
        user user0_
Hibernate: 
    select
        roles0_.user_id as user_id1_11_0_,
        roles0_.roles as roles2_11_0_ 
    from
        user_roles roles0_ 
    where
        roles0_.user_id=?
Hibernate: 
    select
        roles0_.user_id as user_id1_11_0_,
        roles0_.roles as roles2_11_0_ 
    from
        user_roles roles0_ 
    where
        roles0_.user_id=?
Hibernate: 
    select
        roles0_.user_id as user_id1_11_0_,
        roles0_.roles as roles2_11_0_ 
    from
        user_roles roles0_ 
    where
        roles0_.user_id=?
Hibernate: 
    select
        roles0_.user_id as user_id1_11_0_,
        roles0_.roles as roles2_11_0_ 
    from
        user_roles roles0_ 
    where
        roles0_.user_id=?
Hibernate: 
    select
        roles0_.user_id as user_id1_11_0_,
        roles0_.roles as roles2_11_0_ 
    from
        user_roles roles0_ 
    where
        roles0_.user_id=?
Hibernate: 
    insert 
    into
        meeting_pin
        (created_at, updated_at, category, content, user_id, date, latitude, longitude, max_age, min_age, set_gender, set_limit, title) 
    values
        (?, ?, ?, ?, ?, ?, ?, ?, ?, ?, ?, ?, ?)
Hibernate: 
    select
        user0_.id as id1_10_,
        user0_.created_at as created_2_10_,
        user0_.updated_at as updated_3_10_,
        user0_.age as age4_10_,
        user0_.background_image as backgrou5_10_,
        user0_.email as email6_10_,
        user0_.gender as gender7_10_,
        user0_.hobby as hobby8_10_,
        user0_.introduce as introduc9_10_,
        user0_.job as job10_10_,
        user0_.name as name11_10_,
        user0_.nick_name as nick_na12_10_,
        user0_.phone_num as phone_n13_10_,
        user0_.profile_image as profile14_10_,
        user0_.res_red_number as res_red15_10_,
        user0_.score as score16_10_ 
    from
        user user0_
Hibernate: 
    select
        roles0_.user_id as user_id1_11_0_,
        roles0_.roles as roles2_11_0_ 
    from
        user_roles roles0_ 
    where
        roles0_.user_id=?
Hibernate: 
    select
        roles0_.user_id as user_id1_11_0_,
        roles0_.roles as roles2_11_0_ 
    from
        user_roles roles0_ 
    where
        roles0_.user_id=?
Hibernate: 
    select
        roles0_.user_id as user_id1_11_0_,
        roles0_.roles as roles2_11_0_ 
    from
        user_roles roles0_ 
    where
        roles0_.user_id=?
Hibernate: 
    select
        roles0_.user_id as user_id1_11_0_,
        roles0_.roles as roles2_11_0_ 
    from
        user_roles roles0_ 
    where
        roles0_.user_id=?
Hibernate: 
    select
        roles0_.user_id as user_id1_11_0_,
        roles0_.roles as roles2_11_0_ 
    from
        user_roles roles0_ 
    where
        roles0_.user_id=?
Hibernate: 
    insert 
    into
        meeting_pin
        (created_at, updated_at, category, content, user_id, date, latitude, longitude, max_age, min_age, set_gender, set_limit, title) 
    values
        (?, ?, ?, ?, ?, ?, ?, ?, ?, ?, ?, ?, ?)
Hibernate: 
    select
        user0_.id as id1_10_,
        user0_.created_at as created_2_10_,
        user0_.updated_at as updated_3_10_,
        user0_.age as age4_10_,
        user0_.background_image as backgrou5_10_,
        user0_.email as email6_10_,
        user0_.gender as gender7_10_,
        user0_.hobby as hobby8_10_,
        user0_.introduce as introduc9_10_,
        user0_.job as job10_10_,
        user0_.name as name11_10_,
        user0_.nick_name as nick_na12_10_,
        user0_.phone_num as phone_n13_10_,
        user0_.profile_image as profile14_10_,
        user0_.res_red_number as res_red15_10_,
        user0_.score as score16_10_ 
    from
        user user0_
Hibernate: 
    select
        roles0_.user_id as user_id1_11_0_,
        roles0_.roles as roles2_11_0_ 
    from
        user_roles roles0_ 
    where
        roles0_.user_id=?
Hibernate: 
    select
        roles0_.user_id as user_id1_11_0_,
        roles0_.roles as roles2_11_0_ 
    from
        user_roles roles0_ 
    where
        roles0_.user_id=?
Hibernate: 
    select
        roles0_.user_id as user_id1_11_0_,
        roles0_.roles as roles2_11_0_ 
    from
        user_roles roles0_ 
    where
        roles0_.user_id=?
Hibernate: 
    select
        roles0_.user_id as user_id1_11_0_,
        roles0_.roles as roles2_11_0_ 
    from
        user_roles roles0_ 
    where
        roles0_.user_id=?
Hibernate: 
    select
        roles0_.user_id as user_id1_11_0_,
        roles0_.roles as roles2_11_0_ 
    from
        user_roles roles0_ 
    where
        roles0_.user_id=?
Hibernate: 
    insert 
    into
        meeting_pin
        (created_at, updated_at, category, content, user_id, date, latitude, longitude, max_age, min_age, set_gender, set_limit, title) 
    values
        (?, ?, ?, ?, ?, ?, ?, ?, ?, ?, ?, ?, ?)
Hibernate: 
    select
        user0_.id as id1_10_,
        user0_.created_at as created_2_10_,
        user0_.updated_at as updated_3_10_,
        user0_.age as age4_10_,
        user0_.background_image as backgrou5_10_,
        user0_.email as email6_10_,
        user0_.gender as gender7_10_,
        user0_.hobby as hobby8_10_,
        user0_.introduce as introduc9_10_,
        user0_.job as job10_10_,
        user0_.name as name11_10_,
        user0_.nick_name as nick_na12_10_,
        user0_.phone_num as phone_n13_10_,
        user0_.profile_image as profile14_10_,
        user0_.res_red_number as res_red15_10_,
        user0_.score as score16_10_ 
    from
        user user0_
Hibernate: 
    select
        roles0_.user_id as user_id1_11_0_,
        roles0_.roles as roles2_11_0_ 
    from
        user_roles roles0_ 
    where
        roles0_.user_id=?
Hibernate: 
    select
        roles0_.user_id as user_id1_11_0_,
        roles0_.roles as roles2_11_0_ 
    from
        user_roles roles0_ 
    where
        roles0_.user_id=?
Hibernate: 
    select
        roles0_.user_id as user_id1_11_0_,
        roles0_.roles as roles2_11_0_ 
    from
        user_roles roles0_ 
    where
        roles0_.user_id=?
Hibernate: 
    select
        roles0_.user_id as user_id1_11_0_,
        roles0_.roles as roles2_11_0_ 
    from
        user_roles roles0_ 
    where
        roles0_.user_id=?
Hibernate: 
    select
        roles0_.user_id as user_id1_11_0_,
        roles0_.roles as roles2_11_0_ 
    from
        user_roles roles0_ 
    where
        roles0_.user_id=?
Hibernate: 
    insert 
    into
        meeting_pin
        (created_at, updated_at, category, content, user_id, date, latitude, longitude, max_age, min_age, set_gender, set_limit, title) 
    values
        (?, ?, ?, ?, ?, ?, ?, ?, ?, ?, ?, ?, ?)
Hibernate: 
    select
        user0_.id as id1_10_,
        user0_.created_at as created_2_10_,
        user0_.updated_at as updated_3_10_,
        user0_.age as age4_10_,
        user0_.background_image as backgrou5_10_,
        user0_.email as email6_10_,
        user0_.gender as gender7_10_,
        user0_.hobby as hobby8_10_,
        user0_.introduce as introduc9_10_,
        user0_.job as job10_10_,
        user0_.name as name11_10_,
        user0_.nick_name as nick_na12_10_,
        user0_.phone_num as phone_n13_10_,
        user0_.profile_image as profile14_10_,
        user0_.res_red_number as res_red15_10_,
        user0_.score as score16_10_ 
    from
        user user0_
Hibernate: 
    select
        roles0_.user_id as user_id1_11_0_,
        roles0_.roles as roles2_11_0_ 
    from
        user_roles roles0_ 
    where
        roles0_.user_id=?
Hibernate: 
    select
        roles0_.user_id as user_id1_11_0_,
        roles0_.roles as roles2_11_0_ 
    from
        user_roles roles0_ 
    where
        roles0_.user_id=?
Hibernate: 
    select
        roles0_.user_id as user_id1_11_0_,
        roles0_.roles as roles2_11_0_ 
    from
        user_roles roles0_ 
    where
        roles0_.user_id=?
Hibernate: 
    select
        roles0_.user_id as user_id1_11_0_,
        roles0_.roles as roles2_11_0_ 
    from
        user_roles roles0_ 
    where
        roles0_.user_id=?
Hibernate: 
    select
        roles0_.user_id as user_id1_11_0_,
        roles0_.roles as roles2_11_0_ 
    from
        user_roles roles0_ 
    where
        roles0_.user_id=?
Hibernate: 
    insert 
    into
        meeting_pin
        (created_at, updated_at, category, content, user_id, date, latitude, longitude, max_age, min_age, set_gender, set_limit, title) 
    values
        (?, ?, ?, ?, ?, ?, ?, ?, ?, ?, ?, ?, ?)
Hibernate: 
    select
        user0_.id as id1_10_,
        user0_.created_at as created_2_10_,
        user0_.updated_at as updated_3_10_,
        user0_.age as age4_10_,
        user0_.background_image as backgrou5_10_,
        user0_.email as email6_10_,
        user0_.gender as gender7_10_,
        user0_.hobby as hobby8_10_,
        user0_.introduce as introduc9_10_,
        user0_.job as job10_10_,
        user0_.name as name11_10_,
        user0_.nick_name as nick_na12_10_,
        user0_.phone_num as phone_n13_10_,
        user0_.profile_image as profile14_10_,
        user0_.res_red_number as res_red15_10_,
        user0_.score as score16_10_ 
    from
        user user0_
Hibernate: 
    select
        roles0_.user_id as user_id1_11_0_,
        roles0_.roles as roles2_11_0_ 
    from
        user_roles roles0_ 
    where
        roles0_.user_id=?
Hibernate: 
    select
        roles0_.user_id as user_id1_11_0_,
        roles0_.roles as roles2_11_0_ 
    from
        user_roles roles0_ 
    where
        roles0_.user_id=?
Hibernate: 
    select
        roles0_.user_id as user_id1_11_0_,
        roles0_.roles as roles2_11_0_ 
    from
        user_roles roles0_ 
    where
        roles0_.user_id=?
Hibernate: 
    select
        roles0_.user_id as user_id1_11_0_,
        roles0_.roles as roles2_11_0_ 
    from
        user_roles roles0_ 
    where
        roles0_.user_id=?
Hibernate: 
    select
        roles0_.user_id as user_id1_11_0_,
        roles0_.roles as roles2_11_0_ 
    from
        user_roles roles0_ 
    where
        roles0_.user_id=?
Hibernate: 
    insert 
    into
        meeting_pin
        (created_at, updated_at, category, content, user_id, date, latitude, longitude, max_age, min_age, set_gender, set_limit, title) 
    values
        (?, ?, ?, ?, ?, ?, ?, ?, ?, ?, ?, ?, ?)
Hibernate: 
    select
        user0_.id as id1_10_,
        user0_.created_at as created_2_10_,
        user0_.updated_at as updated_3_10_,
        user0_.age as age4_10_,
        user0_.background_image as backgrou5_10_,
        user0_.email as email6_10_,
        user0_.gender as gender7_10_,
        user0_.hobby as hobby8_10_,
        user0_.introduce as introduc9_10_,
        user0_.job as job10_10_,
        user0_.name as name11_10_,
        user0_.nick_name as nick_na12_10_,
        user0_.phone_num as phone_n13_10_,
        user0_.profile_image as profile14_10_,
        user0_.res_red_number as res_red15_10_,
        user0_.score as score16_10_ 
    from
        user user0_
Hibernate: 
    select
        roles0_.user_id as user_id1_11_0_,
        roles0_.roles as roles2_11_0_ 
    from
        user_roles roles0_ 
    where
        roles0_.user_id=?
Hibernate: 
    select
        roles0_.user_id as user_id1_11_0_,
        roles0_.roles as roles2_11_0_ 
    from
        user_roles roles0_ 
    where
        roles0_.user_id=?
Hibernate: 
    select
        roles0_.user_id as user_id1_11_0_,
        roles0_.roles as roles2_11_0_ 
    from
        user_roles roles0_ 
    where
        roles0_.user_id=?
Hibernate: 
    select
        roles0_.user_id as user_id1_11_0_,
        roles0_.roles as roles2_11_0_ 
    from
        user_roles roles0_ 
    where
        roles0_.user_id=?
Hibernate: 
    select
        roles0_.user_id as user_id1_11_0_,
        roles0_.roles as roles2_11_0_ 
    from
        user_roles roles0_ 
    where
        roles0_.user_id=?
Hibernate: 
    insert 
    into
        meeting_pin
        (created_at, updated_at, category, content, user_id, date, latitude, longitude, max_age, min_age, set_gender, set_limit, title) 
    values
        (?, ?, ?, ?, ?, ?, ?, ?, ?, ?, ?, ?, ?)
Hibernate: 
    select
        user0_.id as id1_10_,
        user0_.created_at as created_2_10_,
        user0_.updated_at as updated_3_10_,
        user0_.age as age4_10_,
        user0_.background_image as backgrou5_10_,
        user0_.email as email6_10_,
        user0_.gender as gender7_10_,
        user0_.hobby as hobby8_10_,
        user0_.introduce as introduc9_10_,
        user0_.job as job10_10_,
        user0_.name as name11_10_,
        user0_.nick_name as nick_na12_10_,
        user0_.phone_num as phone_n13_10_,
        user0_.profile_image as profile14_10_,
        user0_.res_red_number as res_red15_10_,
        user0_.score as score16_10_ 
    from
        user user0_
Hibernate: 
    select
        roles0_.user_id as user_id1_11_0_,
        roles0_.roles as roles2_11_0_ 
    from
        user_roles roles0_ 
    where
        roles0_.user_id=?
Hibernate: 
    select
        roles0_.user_id as user_id1_11_0_,
        roles0_.roles as roles2_11_0_ 
    from
        user_roles roles0_ 
    where
        roles0_.user_id=?
Hibernate: 
    select
        roles0_.user_id as user_id1_11_0_,
        roles0_.roles as roles2_11_0_ 
    from
        user_roles roles0_ 
    where
        roles0_.user_id=?
Hibernate: 
    select
        roles0_.user_id as user_id1_11_0_,
        roles0_.roles as roles2_11_0_ 
    from
        user_roles roles0_ 
    where
        roles0_.user_id=?
Hibernate: 
    select
        roles0_.user_id as user_id1_11_0_,
        roles0_.roles as roles2_11_0_ 
    from
        user_roles roles0_ 
    where
        roles0_.user_id=?
Hibernate: 
    insert 
    into
        meeting_pin
        (created_at, updated_at, category, content, user_id, date, latitude, longitude, max_age, min_age, set_gender, set_limit, title) 
    values
        (?, ?, ?, ?, ?, ?, ?, ?, ?, ?, ?, ?, ?)
Hibernate: 
    select
        user0_.id as id1_10_,
        user0_.created_at as created_2_10_,
        user0_.updated_at as updated_3_10_,
        user0_.age as age4_10_,
        user0_.background_image as backgrou5_10_,
        user0_.email as email6_10_,
        user0_.gender as gender7_10_,
        user0_.hobby as hobby8_10_,
        user0_.introduce as introduc9_10_,
        user0_.job as job10_10_,
        user0_.name as name11_10_,
        user0_.nick_name as nick_na12_10_,
        user0_.phone_num as phone_n13_10_,
        user0_.profile_image as profile14_10_,
        user0_.res_red_number as res_red15_10_,
        user0_.score as score16_10_ 
    from
        user user0_
Hibernate: 
    select
        roles0_.user_id as user_id1_11_0_,
        roles0_.roles as roles2_11_0_ 
    from
        user_roles roles0_ 
    where
        roles0_.user_id=?
Hibernate: 
    select
        roles0_.user_id as user_id1_11_0_,
        roles0_.roles as roles2_11_0_ 
    from
        user_roles roles0_ 
    where
        roles0_.user_id=?
Hibernate: 
    select
        roles0_.user_id as user_id1_11_0_,
        roles0_.roles as roles2_11_0_ 
    from
        user_roles roles0_ 
    where
        roles0_.user_id=?
Hibernate: 
    select
        roles0_.user_id as user_id1_11_0_,
        roles0_.roles as roles2_11_0_ 
    from
        user_roles roles0_ 
    where
        roles0_.user_id=?
Hibernate: 
    select
        roles0_.user_id as user_id1_11_0_,
        roles0_.roles as roles2_11_0_ 
    from
        user_roles roles0_ 
    where
        roles0_.user_id=?
Hibernate: 
    insert 
    into
        meeting_pin
        (created_at, updated_at, category, content, user_id, date, latitude, longitude, max_age, min_age, set_gender, set_limit, title) 
    values
        (?, ?, ?, ?, ?, ?, ?, ?, ?, ?, ?, ?, ?)
Hibernate: 
    select
        user0_.id as id1_10_,
        user0_.created_at as created_2_10_,
        user0_.updated_at as updated_3_10_,
        user0_.age as age4_10_,
        user0_.background_image as backgrou5_10_,
        user0_.email as email6_10_,
        user0_.gender as gender7_10_,
        user0_.hobby as hobby8_10_,
        user0_.introduce as introduc9_10_,
        user0_.job as job10_10_,
        user0_.name as name11_10_,
        user0_.nick_name as nick_na12_10_,
        user0_.phone_num as phone_n13_10_,
        user0_.profile_image as profile14_10_,
        user0_.res_red_number as res_red15_10_,
        user0_.score as score16_10_ 
    from
        user user0_
Hibernate: 
    select
        roles0_.user_id as user_id1_11_0_,
        roles0_.roles as roles2_11_0_ 
    from
        user_roles roles0_ 
    where
        roles0_.user_id=?
Hibernate: 
    select
        roles0_.user_id as user_id1_11_0_,
        roles0_.roles as roles2_11_0_ 
    from
        user_roles roles0_ 
    where
        roles0_.user_id=?
Hibernate: 
    select
        roles0_.user_id as user_id1_11_0_,
        roles0_.roles as roles2_11_0_ 
    from
        user_roles roles0_ 
    where
        roles0_.user_id=?
Hibernate: 
    select
        roles0_.user_id as user_id1_11_0_,
        roles0_.roles as roles2_11_0_ 
    from
        user_roles roles0_ 
    where
        roles0_.user_id=?
Hibernate: 
    select
        roles0_.user_id as user_id1_11_0_,
        roles0_.roles as roles2_11_0_ 
    from
        user_roles roles0_ 
    where
        roles0_.user_id=?
Hibernate: 
    insert 
    into
        meeting_pin
        (created_at, updated_at, category, content, user_id, date, latitude, longitude, max_age, min_age, set_gender, set_limit, title) 
    values
        (?, ?, ?, ?, ?, ?, ?, ?, ?, ?, ?, ?, ?)
Hibernate: 
    select
        user0_.id as id1_10_,
        user0_.created_at as created_2_10_,
        user0_.updated_at as updated_3_10_,
        user0_.age as age4_10_,
        user0_.background_image as backgrou5_10_,
        user0_.email as email6_10_,
        user0_.gender as gender7_10_,
        user0_.hobby as hobby8_10_,
        user0_.introduce as introduc9_10_,
        user0_.job as job10_10_,
        user0_.name as name11_10_,
        user0_.nick_name as nick_na12_10_,
        user0_.phone_num as phone_n13_10_,
        user0_.profile_image as profile14_10_,
        user0_.res_red_number as res_red15_10_,
        user0_.score as score16_10_ 
    from
        user user0_
Hibernate: 
    select
        roles0_.user_id as user_id1_11_0_,
        roles0_.roles as roles2_11_0_ 
    from
        user_roles roles0_ 
    where
        roles0_.user_id=?
Hibernate: 
    select
        roles0_.user_id as user_id1_11_0_,
        roles0_.roles as roles2_11_0_ 
    from
        user_roles roles0_ 
    where
        roles0_.user_id=?
Hibernate: 
    select
        roles0_.user_id as user_id1_11_0_,
        roles0_.roles as roles2_11_0_ 
    from
        user_roles roles0_ 
    where
        roles0_.user_id=?
Hibernate: 
    select
        roles0_.user_id as user_id1_11_0_,
        roles0_.roles as roles2_11_0_ 
    from
        user_roles roles0_ 
    where
        roles0_.user_id=?
Hibernate: 
    select
        roles0_.user_id as user_id1_11_0_,
        roles0_.roles as roles2_11_0_ 
    from
        user_roles roles0_ 
    where
        roles0_.user_id=?
Hibernate: 
    insert 
    into
        meeting_pin
        (created_at, updated_at, category, content, user_id, date, latitude, longitude, max_age, min_age, set_gender, set_limit, title) 
    values
        (?, ?, ?, ?, ?, ?, ?, ?, ?, ?, ?, ?, ?)
Hibernate: 
    select
        user0_.id as id1_10_,
        user0_.created_at as created_2_10_,
        user0_.updated_at as updated_3_10_,
        user0_.age as age4_10_,
        user0_.background_image as backgrou5_10_,
        user0_.email as email6_10_,
        user0_.gender as gender7_10_,
        user0_.hobby as hobby8_10_,
        user0_.introduce as introduc9_10_,
        user0_.job as job10_10_,
        user0_.name as name11_10_,
        user0_.nick_name as nick_na12_10_,
        user0_.phone_num as phone_n13_10_,
        user0_.profile_image as profile14_10_,
        user0_.res_red_number as res_red15_10_,
        user0_.score as score16_10_ 
    from
        user user0_
Hibernate: 
    select
        roles0_.user_id as user_id1_11_0_,
        roles0_.roles as roles2_11_0_ 
    from
        user_roles roles0_ 
    where
        roles0_.user_id=?
Hibernate: 
    select
        roles0_.user_id as user_id1_11_0_,
        roles0_.roles as roles2_11_0_ 
    from
        user_roles roles0_ 
    where
        roles0_.user_id=?
Hibernate: 
    select
        roles0_.user_id as user_id1_11_0_,
        roles0_.roles as roles2_11_0_ 
    from
        user_roles roles0_ 
    where
        roles0_.user_id=?
Hibernate: 
    select
        roles0_.user_id as user_id1_11_0_,
        roles0_.roles as roles2_11_0_ 
    from
        user_roles roles0_ 
    where
        roles0_.user_id=?
Hibernate: 
    select
        roles0_.user_id as user_id1_11_0_,
        roles0_.roles as roles2_11_0_ 
    from
        user_roles roles0_ 
    where
        roles0_.user_id=?
Hibernate: 
    insert 
    into
        meeting_pin
        (created_at, updated_at, category, content, user_id, date, latitude, longitude, max_age, min_age, set_gender, set_limit, title) 
    values
        (?, ?, ?, ?, ?, ?, ?, ?, ?, ?, ?, ?, ?)
Hibernate: 
    select
        user0_.id as id1_10_,
        user0_.created_at as created_2_10_,
        user0_.updated_at as updated_3_10_,
        user0_.age as age4_10_,
        user0_.background_image as backgrou5_10_,
        user0_.email as email6_10_,
        user0_.gender as gender7_10_,
        user0_.hobby as hobby8_10_,
        user0_.introduce as introduc9_10_,
        user0_.job as job10_10_,
        user0_.name as name11_10_,
        user0_.nick_name as nick_na12_10_,
        user0_.phone_num as phone_n13_10_,
        user0_.profile_image as profile14_10_,
        user0_.res_red_number as res_red15_10_,
        user0_.score as score16_10_ 
    from
        user user0_
Hibernate: 
    select
        roles0_.user_id as user_id1_11_0_,
        roles0_.roles as roles2_11_0_ 
    from
        user_roles roles0_ 
    where
        roles0_.user_id=?
Hibernate: 
    select
        roles0_.user_id as user_id1_11_0_,
        roles0_.roles as roles2_11_0_ 
    from
        user_roles roles0_ 
    where
        roles0_.user_id=?
Hibernate: 
    select
        roles0_.user_id as user_id1_11_0_,
        roles0_.roles as roles2_11_0_ 
    from
        user_roles roles0_ 
    where
        roles0_.user_id=?
Hibernate: 
    select
        roles0_.user_id as user_id1_11_0_,
        roles0_.roles as roles2_11_0_ 
    from
        user_roles roles0_ 
    where
        roles0_.user_id=?
Hibernate: 
    select
        roles0_.user_id as user_id1_11_0_,
        roles0_.roles as roles2_11_0_ 
    from
        user_roles roles0_ 
    where
        roles0_.user_id=?
Hibernate: 
    insert 
    into
        meeting_pin
        (created_at, updated_at, category, content, user_id, date, latitude, longitude, max_age, min_age, set_gender, set_limit, title) 
    values
        (?, ?, ?, ?, ?, ?, ?, ?, ?, ?, ?, ?, ?)
Hibernate: 
    select
        user0_.id as id1_10_,
        user0_.created_at as created_2_10_,
        user0_.updated_at as updated_3_10_,
        user0_.age as age4_10_,
        user0_.background_image as backgrou5_10_,
        user0_.email as email6_10_,
        user0_.gender as gender7_10_,
        user0_.hobby as hobby8_10_,
        user0_.introduce as introduc9_10_,
        user0_.job as job10_10_,
        user0_.name as name11_10_,
        user0_.nick_name as nick_na12_10_,
        user0_.phone_num as phone_n13_10_,
        user0_.profile_image as profile14_10_,
        user0_.res_red_number as res_red15_10_,
        user0_.score as score16_10_ 
    from
        user user0_
Hibernate: 
    select
        roles0_.user_id as user_id1_11_0_,
        roles0_.roles as roles2_11_0_ 
    from
        user_roles roles0_ 
    where
        roles0_.user_id=?
Hibernate: 
    select
        roles0_.user_id as user_id1_11_0_,
        roles0_.roles as roles2_11_0_ 
    from
        user_roles roles0_ 
    where
        roles0_.user_id=?
Hibernate: 
    select
        roles0_.user_id as user_id1_11_0_,
        roles0_.roles as roles2_11_0_ 
    from
        user_roles roles0_ 
    where
        roles0_.user_id=?
Hibernate: 
    select
        roles0_.user_id as user_id1_11_0_,
        roles0_.roles as roles2_11_0_ 
    from
        user_roles roles0_ 
    where
        roles0_.user_id=?
Hibernate: 
    select
        roles0_.user_id as user_id1_11_0_,
        roles0_.roles as roles2_11_0_ 
    from
        user_roles roles0_ 
    where
        roles0_.user_id=?
Hibernate: 
    insert 
    into
        meeting_pin
        (created_at, updated_at, category, content, user_id, date, latitude, longitude, max_age, min_age, set_gender, set_limit, title) 
    values
        (?, ?, ?, ?, ?, ?, ?, ?, ?, ?, ?, ?, ?)
Hibernate: 
    select
        user0_.id as id1_10_,
        user0_.created_at as created_2_10_,
        user0_.updated_at as updated_3_10_,
        user0_.age as age4_10_,
        user0_.background_image as backgrou5_10_,
        user0_.email as email6_10_,
        user0_.gender as gender7_10_,
        user0_.hobby as hobby8_10_,
        user0_.introduce as introduc9_10_,
        user0_.job as job10_10_,
        user0_.name as name11_10_,
        user0_.nick_name as nick_na12_10_,
        user0_.phone_num as phone_n13_10_,
        user0_.profile_image as profile14_10_,
        user0_.res_red_number as res_red15_10_,
        user0_.score as score16_10_ 
    from
        user user0_
Hibernate: 
    select
        roles0_.user_id as user_id1_11_0_,
        roles0_.roles as roles2_11_0_ 
    from
        user_roles roles0_ 
    where
        roles0_.user_id=?
Hibernate: 
    select
        roles0_.user_id as user_id1_11_0_,
        roles0_.roles as roles2_11_0_ 
    from
        user_roles roles0_ 
    where
        roles0_.user_id=?
Hibernate: 
    select
        roles0_.user_id as user_id1_11_0_,
        roles0_.roles as roles2_11_0_ 
    from
        user_roles roles0_ 
    where
        roles0_.user_id=?
Hibernate: 
    select
        roles0_.user_id as user_id1_11_0_,
        roles0_.roles as roles2_11_0_ 
    from
        user_roles roles0_ 
    where
        roles0_.user_id=?
Hibernate: 
    select
        roles0_.user_id as user_id1_11_0_,
        roles0_.roles as roles2_11_0_ 
    from
        user_roles roles0_ 
    where
        roles0_.user_id=?
Hibernate: 
    insert 
    into
        meeting_pin
        (created_at, updated_at, category, content, user_id, date, latitude, longitude, max_age, min_age, set_gender, set_limit, title) 
    values
        (?, ?, ?, ?, ?, ?, ?, ?, ?, ?, ?, ?, ?)
Hibernate: 
    select
        user0_.id as id1_10_,
        user0_.created_at as created_2_10_,
        user0_.updated_at as updated_3_10_,
        user0_.age as age4_10_,
        user0_.background_image as backgrou5_10_,
        user0_.email as email6_10_,
        user0_.gender as gender7_10_,
        user0_.hobby as hobby8_10_,
        user0_.introduce as introduc9_10_,
        user0_.job as job10_10_,
        user0_.name as name11_10_,
        user0_.nick_name as nick_na12_10_,
        user0_.phone_num as phone_n13_10_,
        user0_.profile_image as profile14_10_,
        user0_.res_red_number as res_red15_10_,
        user0_.score as score16_10_ 
    from
        user user0_
Hibernate: 
    select
        roles0_.user_id as user_id1_11_0_,
        roles0_.roles as roles2_11_0_ 
    from
        user_roles roles0_ 
    where
        roles0_.user_id=?
Hibernate: 
    select
        roles0_.user_id as user_id1_11_0_,
        roles0_.roles as roles2_11_0_ 
    from
        user_roles roles0_ 
    where
        roles0_.user_id=?
Hibernate: 
    select
        roles0_.user_id as user_id1_11_0_,
        roles0_.roles as roles2_11_0_ 
    from
        user_roles roles0_ 
    where
        roles0_.user_id=?
Hibernate: 
    select
        roles0_.user_id as user_id1_11_0_,
        roles0_.roles as roles2_11_0_ 
    from
        user_roles roles0_ 
    where
        roles0_.user_id=?
Hibernate: 
    select
        roles0_.user_id as user_id1_11_0_,
        roles0_.roles as roles2_11_0_ 
    from
        user_roles roles0_ 
    where
        roles0_.user_id=?
Hibernate: 
    insert 
    into
        meeting_pin
        (created_at, updated_at, category, content, user_id, date, latitude, longitude, max_age, min_age, set_gender, set_limit, title) 
    values
        (?, ?, ?, ?, ?, ?, ?, ?, ?, ?, ?, ?, ?)
Hibernate: 
    select
        user0_.id as id1_10_,
        user0_.created_at as created_2_10_,
        user0_.updated_at as updated_3_10_,
        user0_.age as age4_10_,
        user0_.background_image as backgrou5_10_,
        user0_.email as email6_10_,
        user0_.gender as gender7_10_,
        user0_.hobby as hobby8_10_,
        user0_.introduce as introduc9_10_,
        user0_.job as job10_10_,
        user0_.name as name11_10_,
        user0_.nick_name as nick_na12_10_,
        user0_.phone_num as phone_n13_10_,
        user0_.profile_image as profile14_10_,
        user0_.res_red_number as res_red15_10_,
        user0_.score as score16_10_ 
    from
        user user0_
Hibernate: 
    select
        roles0_.user_id as user_id1_11_0_,
        roles0_.roles as roles2_11_0_ 
    from
        user_roles roles0_ 
    where
        roles0_.user_id=?
Hibernate: 
    select
        roles0_.user_id as user_id1_11_0_,
        roles0_.roles as roles2_11_0_ 
    from
        user_roles roles0_ 
    where
        roles0_.user_id=?
Hibernate: 
    select
        roles0_.user_id as user_id1_11_0_,
        roles0_.roles as roles2_11_0_ 
    from
        user_roles roles0_ 
    where
        roles0_.user_id=?
Hibernate: 
    select
        roles0_.user_id as user_id1_11_0_,
        roles0_.roles as roles2_11_0_ 
    from
        user_roles roles0_ 
    where
        roles0_.user_id=?
Hibernate: 
    select
        roles0_.user_id as user_id1_11_0_,
        roles0_.roles as roles2_11_0_ 
    from
        user_roles roles0_ 
    where
        roles0_.user_id=?
Hibernate: 
    insert 
    into
        meeting_pin
        (created_at, updated_at, category, content, user_id, date, latitude, longitude, max_age, min_age, set_gender, set_limit, title) 
    values
        (?, ?, ?, ?, ?, ?, ?, ?, ?, ?, ?, ?, ?)
Hibernate: 
    select
        user0_.id as id1_10_,
        user0_.created_at as created_2_10_,
        user0_.updated_at as updated_3_10_,
        user0_.age as age4_10_,
        user0_.background_image as backgrou5_10_,
        user0_.email as email6_10_,
        user0_.gender as gender7_10_,
        user0_.hobby as hobby8_10_,
        user0_.introduce as introduc9_10_,
        user0_.job as job10_10_,
        user0_.name as name11_10_,
        user0_.nick_name as nick_na12_10_,
        user0_.phone_num as phone_n13_10_,
        user0_.profile_image as profile14_10_,
        user0_.res_red_number as res_red15_10_,
        user0_.score as score16_10_ 
    from
        user user0_
Hibernate: 
    select
        roles0_.user_id as user_id1_11_0_,
        roles0_.roles as roles2_11_0_ 
    from
        user_roles roles0_ 
    where
        roles0_.user_id=?
Hibernate: 
    select
        roles0_.user_id as user_id1_11_0_,
        roles0_.roles as roles2_11_0_ 
    from
        user_roles roles0_ 
    where
        roles0_.user_id=?
Hibernate: 
    select
        roles0_.user_id as user_id1_11_0_,
        roles0_.roles as roles2_11_0_ 
    from
        user_roles roles0_ 
    where
        roles0_.user_id=?
Hibernate: 
    select
        roles0_.user_id as user_id1_11_0_,
        roles0_.roles as roles2_11_0_ 
    from
        user_roles roles0_ 
    where
        roles0_.user_id=?
Hibernate: 
    select
        roles0_.user_id as user_id1_11_0_,
        roles0_.roles as roles2_11_0_ 
    from
        user_roles roles0_ 
    where
        roles0_.user_id=?
Hibernate: 
    insert 
    into
        meeting_pin
        (created_at, updated_at, category, content, user_id, date, latitude, longitude, max_age, min_age, set_gender, set_limit, title) 
    values
        (?, ?, ?, ?, ?, ?, ?, ?, ?, ?, ?, ?, ?)
Hibernate: 
    select
        user0_.id as id1_10_,
        user0_.created_at as created_2_10_,
        user0_.updated_at as updated_3_10_,
        user0_.age as age4_10_,
        user0_.background_image as backgrou5_10_,
        user0_.email as email6_10_,
        user0_.gender as gender7_10_,
        user0_.hobby as hobby8_10_,
        user0_.introduce as introduc9_10_,
        user0_.job as job10_10_,
        user0_.name as name11_10_,
        user0_.nick_name as nick_na12_10_,
        user0_.phone_num as phone_n13_10_,
        user0_.profile_image as profile14_10_,
        user0_.res_red_number as res_red15_10_,
        user0_.score as score16_10_ 
    from
        user user0_
Hibernate: 
    select
        roles0_.user_id as user_id1_11_0_,
        roles0_.roles as roles2_11_0_ 
    from
        user_roles roles0_ 
    where
        roles0_.user_id=?
Hibernate: 
    select
        roles0_.user_id as user_id1_11_0_,
        roles0_.roles as roles2_11_0_ 
    from
        user_roles roles0_ 
    where
        roles0_.user_id=?
Hibernate: 
    select
        roles0_.user_id as user_id1_11_0_,
        roles0_.roles as roles2_11_0_ 
    from
        user_roles roles0_ 
    where
        roles0_.user_id=?
Hibernate: 
    select
        roles0_.user_id as user_id1_11_0_,
        roles0_.roles as roles2_11_0_ 
    from
        user_roles roles0_ 
    where
        roles0_.user_id=?
Hibernate: 
    select
        roles0_.user_id as user_id1_11_0_,
        roles0_.roles as roles2_11_0_ 
    from
        user_roles roles0_ 
    where
        roles0_.user_id=?
Hibernate: 
    insert 
    into
        meeting_pin
        (created_at, updated_at, category, content, user_id, date, latitude, longitude, max_age, min_age, set_gender, set_limit, title) 
    values
        (?, ?, ?, ?, ?, ?, ?, ?, ?, ?, ?, ?, ?)
Hibernate: 
    select
        user0_.id as id1_10_,
        user0_.created_at as created_2_10_,
        user0_.updated_at as updated_3_10_,
        user0_.age as age4_10_,
        user0_.background_image as backgrou5_10_,
        user0_.email as email6_10_,
        user0_.gender as gender7_10_,
        user0_.hobby as hobby8_10_,
        user0_.introduce as introduc9_10_,
        user0_.job as job10_10_,
        user0_.name as name11_10_,
        user0_.nick_name as nick_na12_10_,
        user0_.phone_num as phone_n13_10_,
        user0_.profile_image as profile14_10_,
        user0_.res_red_number as res_red15_10_,
        user0_.score as score16_10_ 
    from
        user user0_
Hibernate: 
    select
        roles0_.user_id as user_id1_11_0_,
        roles0_.roles as roles2_11_0_ 
    from
        user_roles roles0_ 
    where
        roles0_.user_id=?
Hibernate: 
    select
        roles0_.user_id as user_id1_11_0_,
        roles0_.roles as roles2_11_0_ 
    from
        user_roles roles0_ 
    where
        roles0_.user_id=?
Hibernate: 
    select
        roles0_.user_id as user_id1_11_0_,
        roles0_.roles as roles2_11_0_ 
    from
        user_roles roles0_ 
    where
        roles0_.user_id=?
Hibernate: 
    select
        roles0_.user_id as user_id1_11_0_,
        roles0_.roles as roles2_11_0_ 
    from
        user_roles roles0_ 
    where
        roles0_.user_id=?
Hibernate: 
    select
        roles0_.user_id as user_id1_11_0_,
        roles0_.roles as roles2_11_0_ 
    from
        user_roles roles0_ 
    where
        roles0_.user_id=?
Hibernate: 
    insert 
    into
        meeting_pin
        (created_at, updated_at, category, content, user_id, date, latitude, longitude, max_age, min_age, set_gender, set_limit, title) 
    values
        (?, ?, ?, ?, ?, ?, ?, ?, ?, ?, ?, ?, ?)
Hibernate: 
    select
        user0_.id as id1_10_,
        user0_.created_at as created_2_10_,
        user0_.updated_at as updated_3_10_,
        user0_.age as age4_10_,
        user0_.background_image as backgrou5_10_,
        user0_.email as email6_10_,
        user0_.gender as gender7_10_,
        user0_.hobby as hobby8_10_,
        user0_.introduce as introduc9_10_,
        user0_.job as job10_10_,
        user0_.name as name11_10_,
        user0_.nick_name as nick_na12_10_,
        user0_.phone_num as phone_n13_10_,
        user0_.profile_image as profile14_10_,
        user0_.res_red_number as res_red15_10_,
        user0_.score as score16_10_ 
    from
        user user0_
Hibernate: 
    select
        roles0_.user_id as user_id1_11_0_,
        roles0_.roles as roles2_11_0_ 
    from
        user_roles roles0_ 
    where
        roles0_.user_id=?
Hibernate: 
    select
        roles0_.user_id as user_id1_11_0_,
        roles0_.roles as roles2_11_0_ 
    from
        user_roles roles0_ 
    where
        roles0_.user_id=?
Hibernate: 
    select
        roles0_.user_id as user_id1_11_0_,
        roles0_.roles as roles2_11_0_ 
    from
        user_roles roles0_ 
    where
        roles0_.user_id=?
Hibernate: 
    select
        roles0_.user_id as user_id1_11_0_,
        roles0_.roles as roles2_11_0_ 
    from
        user_roles roles0_ 
    where
        roles0_.user_id=?
Hibernate: 
    select
        roles0_.user_id as user_id1_11_0_,
        roles0_.roles as roles2_11_0_ 
    from
        user_roles roles0_ 
    where
        roles0_.user_id=?
Hibernate: 
    insert 
    into
        meeting_pin
        (created_at, updated_at, category, content, user_id, date, latitude, longitude, max_age, min_age, set_gender, set_limit, title) 
    values
        (?, ?, ?, ?, ?, ?, ?, ?, ?, ?, ?, ?, ?)
Hibernate: 
    select
        user0_.id as id1_10_,
        user0_.created_at as created_2_10_,
        user0_.updated_at as updated_3_10_,
        user0_.age as age4_10_,
        user0_.background_image as backgrou5_10_,
        user0_.email as email6_10_,
        user0_.gender as gender7_10_,
        user0_.hobby as hobby8_10_,
        user0_.introduce as introduc9_10_,
        user0_.job as job10_10_,
        user0_.name as name11_10_,
        user0_.nick_name as nick_na12_10_,
        user0_.phone_num as phone_n13_10_,
        user0_.profile_image as profile14_10_,
        user0_.res_red_number as res_red15_10_,
        user0_.score as score16_10_ 
    from
        user user0_
Hibernate: 
    select
        roles0_.user_id as user_id1_11_0_,
        roles0_.roles as roles2_11_0_ 
    from
        user_roles roles0_ 
    where
        roles0_.user_id=?
Hibernate: 
    select
        roles0_.user_id as user_id1_11_0_,
        roles0_.roles as roles2_11_0_ 
    from
        user_roles roles0_ 
    where
        roles0_.user_id=?
Hibernate: 
    select
        roles0_.user_id as user_id1_11_0_,
        roles0_.roles as roles2_11_0_ 
    from
        user_roles roles0_ 
    where
        roles0_.user_id=?
Hibernate: 
    select
        roles0_.user_id as user_id1_11_0_,
        roles0_.roles as roles2_11_0_ 
    from
        user_roles roles0_ 
    where
        roles0_.user_id=?
Hibernate: 
    select
        roles0_.user_id as user_id1_11_0_,
        roles0_.roles as roles2_11_0_ 
    from
        user_roles roles0_ 
    where
        roles0_.user_id=?
Hibernate: 
    insert 
    into
        meeting_pin
        (created_at, updated_at, category, content, user_id, date, latitude, longitude, max_age, min_age, set_gender, set_limit, title) 
    values
        (?, ?, ?, ?, ?, ?, ?, ?, ?, ?, ?, ?, ?)
Hibernate: 
    select
        user0_.id as id1_10_,
        user0_.created_at as created_2_10_,
        user0_.updated_at as updated_3_10_,
        user0_.age as age4_10_,
        user0_.background_image as backgrou5_10_,
        user0_.email as email6_10_,
        user0_.gender as gender7_10_,
        user0_.hobby as hobby8_10_,
        user0_.introduce as introduc9_10_,
        user0_.job as job10_10_,
        user0_.name as name11_10_,
        user0_.nick_name as nick_na12_10_,
        user0_.phone_num as phone_n13_10_,
        user0_.profile_image as profile14_10_,
        user0_.res_red_number as res_red15_10_,
        user0_.score as score16_10_ 
    from
        user user0_
Hibernate: 
    select
        roles0_.user_id as user_id1_11_0_,
        roles0_.roles as roles2_11_0_ 
    from
        user_roles roles0_ 
    where
        roles0_.user_id=?
Hibernate: 
    select
        roles0_.user_id as user_id1_11_0_,
        roles0_.roles as roles2_11_0_ 
    from
        user_roles roles0_ 
    where
        roles0_.user_id=?
Hibernate: 
    select
        roles0_.user_id as user_id1_11_0_,
        roles0_.roles as roles2_11_0_ 
    from
        user_roles roles0_ 
    where
        roles0_.user_id=?
Hibernate: 
    select
        roles0_.user_id as user_id1_11_0_,
        roles0_.roles as roles2_11_0_ 
    from
        user_roles roles0_ 
    where
        roles0_.user_id=?
Hibernate: 
    select
        roles0_.user_id as user_id1_11_0_,
        roles0_.roles as roles2_11_0_ 
    from
        user_roles roles0_ 
    where
        roles0_.user_id=?
Hibernate: 
    insert 
    into
        meeting_pin
        (created_at, updated_at, category, content, user_id, date, latitude, longitude, max_age, min_age, set_gender, set_limit, title) 
    values
        (?, ?, ?, ?, ?, ?, ?, ?, ?, ?, ?, ?, ?)
Hibernate: 
    select
        user0_.id as id1_10_,
        user0_.created_at as created_2_10_,
        user0_.updated_at as updated_3_10_,
        user0_.age as age4_10_,
        user0_.background_image as backgrou5_10_,
        user0_.email as email6_10_,
        user0_.gender as gender7_10_,
        user0_.hobby as hobby8_10_,
        user0_.introduce as introduc9_10_,
        user0_.job as job10_10_,
        user0_.name as name11_10_,
        user0_.nick_name as nick_na12_10_,
        user0_.phone_num as phone_n13_10_,
        user0_.profile_image as profile14_10_,
        user0_.res_red_number as res_red15_10_,
        user0_.score as score16_10_ 
    from
        user user0_
Hibernate: 
    select
        roles0_.user_id as user_id1_11_0_,
        roles0_.roles as roles2_11_0_ 
    from
        user_roles roles0_ 
    where
        roles0_.user_id=?
Hibernate: 
    select
        roles0_.user_id as user_id1_11_0_,
        roles0_.roles as roles2_11_0_ 
    from
        user_roles roles0_ 
    where
        roles0_.user_id=?
Hibernate: 
    select
        roles0_.user_id as user_id1_11_0_,
        roles0_.roles as roles2_11_0_ 
    from
        user_roles roles0_ 
    where
        roles0_.user_id=?
Hibernate: 
    select
        roles0_.user_id as user_id1_11_0_,
        roles0_.roles as roles2_11_0_ 
    from
        user_roles roles0_ 
    where
        roles0_.user_id=?
Hibernate: 
    select
        roles0_.user_id as user_id1_11_0_,
        roles0_.roles as roles2_11_0_ 
    from
        user_roles roles0_ 
    where
        roles0_.user_id=?
Hibernate: 
    insert 
    into
        meeting_pin
        (created_at, updated_at, category, content, user_id, date, latitude, longitude, max_age, min_age, set_gender, set_limit, title) 
    values
        (?, ?, ?, ?, ?, ?, ?, ?, ?, ?, ?, ?, ?)
Hibernate: 
    select
        user0_.id as id1_10_,
        user0_.created_at as created_2_10_,
        user0_.updated_at as updated_3_10_,
        user0_.age as age4_10_,
        user0_.background_image as backgrou5_10_,
        user0_.email as email6_10_,
        user0_.gender as gender7_10_,
        user0_.hobby as hobby8_10_,
        user0_.introduce as introduc9_10_,
        user0_.job as job10_10_,
        user0_.name as name11_10_,
        user0_.nick_name as nick_na12_10_,
        user0_.phone_num as phone_n13_10_,
        user0_.profile_image as profile14_10_,
        user0_.res_red_number as res_red15_10_,
        user0_.score as score16_10_ 
    from
        user user0_
Hibernate: 
    select
        roles0_.user_id as user_id1_11_0_,
        roles0_.roles as roles2_11_0_ 
    from
        user_roles roles0_ 
    where
        roles0_.user_id=?
Hibernate: 
    select
        roles0_.user_id as user_id1_11_0_,
        roles0_.roles as roles2_11_0_ 
    from
        user_roles roles0_ 
    where
        roles0_.user_id=?
Hibernate: 
    select
        roles0_.user_id as user_id1_11_0_,
        roles0_.roles as roles2_11_0_ 
    from
        user_roles roles0_ 
    where
        roles0_.user_id=?
Hibernate: 
    select
        roles0_.user_id as user_id1_11_0_,
        roles0_.roles as roles2_11_0_ 
    from
        user_roles roles0_ 
    where
        roles0_.user_id=?
Hibernate: 
    select
        roles0_.user_id as user_id1_11_0_,
        roles0_.roles as roles2_11_0_ 
    from
        user_roles roles0_ 
    where
        roles0_.user_id=?
Hibernate: 
    insert 
    into
        meeting_pin
        (created_at, updated_at, category, content, user_id, date, latitude, longitude, max_age, min_age, set_gender, set_limit, title) 
    values
        (?, ?, ?, ?, ?, ?, ?, ?, ?, ?, ?, ?, ?)
Hibernate: 
    select
        user0_.id as id1_10_,
        user0_.created_at as created_2_10_,
        user0_.updated_at as updated_3_10_,
        user0_.age as age4_10_,
        user0_.background_image as backgrou5_10_,
        user0_.email as email6_10_,
        user0_.gender as gender7_10_,
        user0_.hobby as hobby8_10_,
        user0_.introduce as introduc9_10_,
        user0_.job as job10_10_,
        user0_.name as name11_10_,
        user0_.nick_name as nick_na12_10_,
        user0_.phone_num as phone_n13_10_,
        user0_.profile_image as profile14_10_,
        user0_.res_red_number as res_red15_10_,
        user0_.score as score16_10_ 
    from
        user user0_
Hibernate: 
    select
        roles0_.user_id as user_id1_11_0_,
        roles0_.roles as roles2_11_0_ 
    from
        user_roles roles0_ 
    where
        roles0_.user_id=?
Hibernate: 
    select
        roles0_.user_id as user_id1_11_0_,
        roles0_.roles as roles2_11_0_ 
    from
        user_roles roles0_ 
    where
        roles0_.user_id=?
Hibernate: 
    select
        roles0_.user_id as user_id1_11_0_,
        roles0_.roles as roles2_11_0_ 
    from
        user_roles roles0_ 
    where
        roles0_.user_id=?
Hibernate: 
    select
        roles0_.user_id as user_id1_11_0_,
        roles0_.roles as roles2_11_0_ 
    from
        user_roles roles0_ 
    where
        roles0_.user_id=?
Hibernate: 
    select
        roles0_.user_id as user_id1_11_0_,
        roles0_.roles as roles2_11_0_ 
    from
        user_roles roles0_ 
    where
        roles0_.user_id=?
Hibernate: 
    insert 
    into
        meeting_pin
        (created_at, updated_at, category, content, user_id, date, latitude, longitude, max_age, min_age, set_gender, set_limit, title) 
    values
        (?, ?, ?, ?, ?, ?, ?, ?, ?, ?, ?, ?, ?)
Hibernate: 
    select
        user0_.id as id1_10_,
        user0_.created_at as created_2_10_,
        user0_.updated_at as updated_3_10_,
        user0_.age as age4_10_,
        user0_.background_image as backgrou5_10_,
        user0_.email as email6_10_,
        user0_.gender as gender7_10_,
        user0_.hobby as hobby8_10_,
        user0_.introduce as introduc9_10_,
        user0_.job as job10_10_,
        user0_.name as name11_10_,
        user0_.nick_name as nick_na12_10_,
        user0_.phone_num as phone_n13_10_,
        user0_.profile_image as profile14_10_,
        user0_.res_red_number as res_red15_10_,
        user0_.score as score16_10_ 
    from
        user user0_
Hibernate: 
    select
        roles0_.user_id as user_id1_11_0_,
        roles0_.roles as roles2_11_0_ 
    from
        user_roles roles0_ 
    where
        roles0_.user_id=?
Hibernate: 
    select
        roles0_.user_id as user_id1_11_0_,
        roles0_.roles as roles2_11_0_ 
    from
        user_roles roles0_ 
    where
        roles0_.user_id=?
Hibernate: 
    select
        roles0_.user_id as user_id1_11_0_,
        roles0_.roles as roles2_11_0_ 
    from
        user_roles roles0_ 
    where
        roles0_.user_id=?
Hibernate: 
    select
        roles0_.user_id as user_id1_11_0_,
        roles0_.roles as roles2_11_0_ 
    from
        user_roles roles0_ 
    where
        roles0_.user_id=?
Hibernate: 
    select
        roles0_.user_id as user_id1_11_0_,
        roles0_.roles as roles2_11_0_ 
    from
        user_roles roles0_ 
    where
        roles0_.user_id=?
Hibernate: 
    insert 
    into
        meeting_pin
        (created_at, updated_at, category, content, user_id, date, latitude, longitude, max_age, min_age, set_gender, set_limit, title) 
    values
        (?, ?, ?, ?, ?, ?, ?, ?, ?, ?, ?, ?, ?)
Hibernate: 
    select
        user0_.id as id1_10_,
        user0_.created_at as created_2_10_,
        user0_.updated_at as updated_3_10_,
        user0_.age as age4_10_,
        user0_.background_image as backgrou5_10_,
        user0_.email as email6_10_,
        user0_.gender as gender7_10_,
        user0_.hobby as hobby8_10_,
        user0_.introduce as introduc9_10_,
        user0_.job as job10_10_,
        user0_.name as name11_10_,
        user0_.nick_name as nick_na12_10_,
        user0_.phone_num as phone_n13_10_,
        user0_.profile_image as profile14_10_,
        user0_.res_red_number as res_red15_10_,
        user0_.score as score16_10_ 
    from
        user user0_
Hibernate: 
    select
        roles0_.user_id as user_id1_11_0_,
        roles0_.roles as roles2_11_0_ 
    from
        user_roles roles0_ 
    where
        roles0_.user_id=?
Hibernate: 
    select
        roles0_.user_id as user_id1_11_0_,
        roles0_.roles as roles2_11_0_ 
    from
        user_roles roles0_ 
    where
        roles0_.user_id=?
Hibernate: 
    select
        roles0_.user_id as user_id1_11_0_,
        roles0_.roles as roles2_11_0_ 
    from
        user_roles roles0_ 
    where
        roles0_.user_id=?
Hibernate: 
    select
        roles0_.user_id as user_id1_11_0_,
        roles0_.roles as roles2_11_0_ 
    from
        user_roles roles0_ 
    where
        roles0_.user_id=?
Hibernate: 
    select
        roles0_.user_id as user_id1_11_0_,
        roles0_.roles as roles2_11_0_ 
    from
        user_roles roles0_ 
    where
        roles0_.user_id=?
Hibernate: 
    insert 
    into
        meeting_pin
        (created_at, updated_at, category, content, user_id, date, latitude, longitude, max_age, min_age, set_gender, set_limit, title) 
    values
        (?, ?, ?, ?, ?, ?, ?, ?, ?, ?, ?, ?, ?)
Hibernate: 
    select
        user0_.id as id1_10_,
        user0_.created_at as created_2_10_,
        user0_.updated_at as updated_3_10_,
        user0_.age as age4_10_,
        user0_.background_image as backgrou5_10_,
        user0_.email as email6_10_,
        user0_.gender as gender7_10_,
        user0_.hobby as hobby8_10_,
        user0_.introduce as introduc9_10_,
        user0_.job as job10_10_,
        user0_.name as name11_10_,
        user0_.nick_name as nick_na12_10_,
        user0_.phone_num as phone_n13_10_,
        user0_.profile_image as profile14_10_,
        user0_.res_red_number as res_red15_10_,
        user0_.score as score16_10_ 
    from
        user user0_
Hibernate: 
    select
        roles0_.user_id as user_id1_11_0_,
        roles0_.roles as roles2_11_0_ 
    from
        user_roles roles0_ 
    where
        roles0_.user_id=?
Hibernate: 
    select
        roles0_.user_id as user_id1_11_0_,
        roles0_.roles as roles2_11_0_ 
    from
        user_roles roles0_ 
    where
        roles0_.user_id=?
Hibernate: 
    select
        roles0_.user_id as user_id1_11_0_,
        roles0_.roles as roles2_11_0_ 
    from
        user_roles roles0_ 
    where
        roles0_.user_id=?
Hibernate: 
    select
        roles0_.user_id as user_id1_11_0_,
        roles0_.roles as roles2_11_0_ 
    from
        user_roles roles0_ 
    where
        roles0_.user_id=?
Hibernate: 
    select
        roles0_.user_id as user_id1_11_0_,
        roles0_.roles as roles2_11_0_ 
    from
        user_roles roles0_ 
    where
        roles0_.user_id=?
Hibernate: 
    insert 
    into
        meeting_pin
        (created_at, updated_at, category, content, user_id, date, latitude, longitude, max_age, min_age, set_gender, set_limit, title) 
    values
        (?, ?, ?, ?, ?, ?, ?, ?, ?, ?, ?, ?, ?)
Hibernate: 
    select
        user0_.id as id1_10_,
        user0_.created_at as created_2_10_,
        user0_.updated_at as updated_3_10_,
        user0_.age as age4_10_,
        user0_.background_image as backgrou5_10_,
        user0_.email as email6_10_,
        user0_.gender as gender7_10_,
        user0_.hobby as hobby8_10_,
        user0_.introduce as introduc9_10_,
        user0_.job as job10_10_,
        user0_.name as name11_10_,
        user0_.nick_name as nick_na12_10_,
        user0_.phone_num as phone_n13_10_,
        user0_.profile_image as profile14_10_,
        user0_.res_red_number as res_red15_10_,
        user0_.score as score16_10_ 
    from
        user user0_
Hibernate: 
    select
        roles0_.user_id as user_id1_11_0_,
        roles0_.roles as roles2_11_0_ 
    from
        user_roles roles0_ 
    where
        roles0_.user_id=?
Hibernate: 
    select
        roles0_.user_id as user_id1_11_0_,
        roles0_.roles as roles2_11_0_ 
    from
        user_roles roles0_ 
    where
        roles0_.user_id=?
Hibernate: 
    select
        roles0_.user_id as user_id1_11_0_,
        roles0_.roles as roles2_11_0_ 
    from
        user_roles roles0_ 
    where
        roles0_.user_id=?
Hibernate: 
    select
        roles0_.user_id as user_id1_11_0_,
        roles0_.roles as roles2_11_0_ 
    from
        user_roles roles0_ 
    where
        roles0_.user_id=?
Hibernate: 
    select
        roles0_.user_id as user_id1_11_0_,
        roles0_.roles as roles2_11_0_ 
    from
        user_roles roles0_ 
    where
        roles0_.user_id=?
Hibernate: 
    insert 
    into
        meeting_pin
        (created_at, updated_at, category, content, user_id, date, latitude, longitude, max_age, min_age, set_gender, set_limit, title) 
    values
        (?, ?, ?, ?, ?, ?, ?, ?, ?, ?, ?, ?, ?)
Hibernate: 
    select
        user0_.id as id1_10_,
        user0_.created_at as created_2_10_,
        user0_.updated_at as updated_3_10_,
        user0_.age as age4_10_,
        user0_.background_image as backgrou5_10_,
        user0_.email as email6_10_,
        user0_.gender as gender7_10_,
        user0_.hobby as hobby8_10_,
        user0_.introduce as introduc9_10_,
        user0_.job as job10_10_,
        user0_.name as name11_10_,
        user0_.nick_name as nick_na12_10_,
        user0_.phone_num as phone_n13_10_,
        user0_.profile_image as profile14_10_,
        user0_.res_red_number as res_red15_10_,
        user0_.score as score16_10_ 
    from
        user user0_
Hibernate: 
    select
        roles0_.user_id as user_id1_11_0_,
        roles0_.roles as roles2_11_0_ 
    from
        user_roles roles0_ 
    where
        roles0_.user_id=?
Hibernate: 
    select
        roles0_.user_id as user_id1_11_0_,
        roles0_.roles as roles2_11_0_ 
    from
        user_roles roles0_ 
    where
        roles0_.user_id=?
Hibernate: 
    select
        roles0_.user_id as user_id1_11_0_,
        roles0_.roles as roles2_11_0_ 
    from
        user_roles roles0_ 
    where
        roles0_.user_id=?
Hibernate: 
    select
        roles0_.user_id as user_id1_11_0_,
        roles0_.roles as roles2_11_0_ 
    from
        user_roles roles0_ 
    where
        roles0_.user_id=?
Hibernate: 
    select
        roles0_.user_id as user_id1_11_0_,
        roles0_.roles as roles2_11_0_ 
    from
        user_roles roles0_ 
    where
        roles0_.user_id=?
Hibernate: 
    insert 
    into
        meeting_pin
        (created_at, updated_at, category, content, user_id, date, latitude, longitude, max_age, min_age, set_gender, set_limit, title) 
    values
        (?, ?, ?, ?, ?, ?, ?, ?, ?, ?, ?, ?, ?)
Hibernate: 
    select
        user0_.id as id1_10_,
        user0_.created_at as created_2_10_,
        user0_.updated_at as updated_3_10_,
        user0_.age as age4_10_,
        user0_.background_image as backgrou5_10_,
        user0_.email as email6_10_,
        user0_.gender as gender7_10_,
        user0_.hobby as hobby8_10_,
        user0_.introduce as introduc9_10_,
        user0_.job as job10_10_,
        user0_.name as name11_10_,
        user0_.nick_name as nick_na12_10_,
        user0_.phone_num as phone_n13_10_,
        user0_.profile_image as profile14_10_,
        user0_.res_red_number as res_red15_10_,
        user0_.score as score16_10_ 
    from
        user user0_
Hibernate: 
    select
        roles0_.user_id as user_id1_11_0_,
        roles0_.roles as roles2_11_0_ 
    from
        user_roles roles0_ 
    where
        roles0_.user_id=?
Hibernate: 
    select
        roles0_.user_id as user_id1_11_0_,
        roles0_.roles as roles2_11_0_ 
    from
        user_roles roles0_ 
    where
        roles0_.user_id=?
Hibernate: 
    select
        roles0_.user_id as user_id1_11_0_,
        roles0_.roles as roles2_11_0_ 
    from
        user_roles roles0_ 
    where
        roles0_.user_id=?
Hibernate: 
    select
        roles0_.user_id as user_id1_11_0_,
        roles0_.roles as roles2_11_0_ 
    from
        user_roles roles0_ 
    where
        roles0_.user_id=?
Hibernate: 
    select
        roles0_.user_id as user_id1_11_0_,
        roles0_.roles as roles2_11_0_ 
    from
        user_roles roles0_ 
    where
        roles0_.user_id=?
Hibernate: 
    insert 
    into
        meeting_pin
        (created_at, updated_at, category, content, user_id, date, latitude, longitude, max_age, min_age, set_gender, set_limit, title) 
    values
        (?, ?, ?, ?, ?, ?, ?, ?, ?, ?, ?, ?, ?)
Hibernate: 
    select
        user0_.id as id1_10_,
        user0_.created_at as created_2_10_,
        user0_.updated_at as updated_3_10_,
        user0_.age as age4_10_,
        user0_.background_image as backgrou5_10_,
        user0_.email as email6_10_,
        user0_.gender as gender7_10_,
        user0_.hobby as hobby8_10_,
        user0_.introduce as introduc9_10_,
        user0_.job as job10_10_,
        user0_.name as name11_10_,
        user0_.nick_name as nick_na12_10_,
        user0_.phone_num as phone_n13_10_,
        user0_.profile_image as profile14_10_,
        user0_.res_red_number as res_red15_10_,
        user0_.score as score16_10_ 
    from
        user user0_
Hibernate: 
    select
        roles0_.user_id as user_id1_11_0_,
        roles0_.roles as roles2_11_0_ 
    from
        user_roles roles0_ 
    where
        roles0_.user_id=?
Hibernate: 
    select
        roles0_.user_id as user_id1_11_0_,
        roles0_.roles as roles2_11_0_ 
    from
        user_roles roles0_ 
    where
        roles0_.user_id=?
Hibernate: 
    select
        roles0_.user_id as user_id1_11_0_,
        roles0_.roles as roles2_11_0_ 
    from
        user_roles roles0_ 
    where
        roles0_.user_id=?
Hibernate: 
    select
        roles0_.user_id as user_id1_11_0_,
        roles0_.roles as roles2_11_0_ 
    from
        user_roles roles0_ 
    where
        roles0_.user_id=?
Hibernate: 
    select
        roles0_.user_id as user_id1_11_0_,
        roles0_.roles as roles2_11_0_ 
    from
        user_roles roles0_ 
    where
        roles0_.user_id=?
Hibernate: 
    insert 
    into
        meeting_pin
        (created_at, updated_at, category, content, user_id, date, latitude, longitude, max_age, min_age, set_gender, set_limit, title) 
    values
        (?, ?, ?, ?, ?, ?, ?, ?, ?, ?, ?, ?, ?)
Hibernate: 
    select
        user0_.id as id1_10_,
        user0_.created_at as created_2_10_,
        user0_.updated_at as updated_3_10_,
        user0_.age as age4_10_,
        user0_.background_image as backgrou5_10_,
        user0_.email as email6_10_,
        user0_.gender as gender7_10_,
        user0_.hobby as hobby8_10_,
        user0_.introduce as introduc9_10_,
        user0_.job as job10_10_,
        user0_.name as name11_10_,
        user0_.nick_name as nick_na12_10_,
        user0_.phone_num as phone_n13_10_,
        user0_.profile_image as profile14_10_,
        user0_.res_red_number as res_red15_10_,
        user0_.score as score16_10_ 
    from
        user user0_
Hibernate: 
    select
        roles0_.user_id as user_id1_11_0_,
        roles0_.roles as roles2_11_0_ 
    from
        user_roles roles0_ 
    where
        roles0_.user_id=?
Hibernate: 
    select
        roles0_.user_id as user_id1_11_0_,
        roles0_.roles as roles2_11_0_ 
    from
        user_roles roles0_ 
    where
        roles0_.user_id=?
Hibernate: 
    select
        roles0_.user_id as user_id1_11_0_,
        roles0_.roles as roles2_11_0_ 
    from
        user_roles roles0_ 
    where
        roles0_.user_id=?
Hibernate: 
    select
        roles0_.user_id as user_id1_11_0_,
        roles0_.roles as roles2_11_0_ 
    from
        user_roles roles0_ 
    where
        roles0_.user_id=?
Hibernate: 
    select
        roles0_.user_id as user_id1_11_0_,
        roles0_.roles as roles2_11_0_ 
    from
        user_roles roles0_ 
    where
        roles0_.user_id=?
Hibernate: 
    insert 
    into
        meeting_pin
        (created_at, updated_at, category, content, user_id, date, latitude, longitude, max_age, min_age, set_gender, set_limit, title) 
    values
        (?, ?, ?, ?, ?, ?, ?, ?, ?, ?, ?, ?, ?)
Hibernate: 
    select
        user0_.id as id1_10_,
        user0_.created_at as created_2_10_,
        user0_.updated_at as updated_3_10_,
        user0_.age as age4_10_,
        user0_.background_image as backgrou5_10_,
        user0_.email as email6_10_,
        user0_.gender as gender7_10_,
        user0_.hobby as hobby8_10_,
        user0_.introduce as introduc9_10_,
        user0_.job as job10_10_,
        user0_.name as name11_10_,
        user0_.nick_name as nick_na12_10_,
        user0_.phone_num as phone_n13_10_,
        user0_.profile_image as profile14_10_,
        user0_.res_red_number as res_red15_10_,
        user0_.score as score16_10_ 
    from
        user user0_
Hibernate: 
    select
        roles0_.user_id as user_id1_11_0_,
        roles0_.roles as roles2_11_0_ 
    from
        user_roles roles0_ 
    where
        roles0_.user_id=?
Hibernate: 
    select
        roles0_.user_id as user_id1_11_0_,
        roles0_.roles as roles2_11_0_ 
    from
        user_roles roles0_ 
    where
        roles0_.user_id=?
Hibernate: 
    select
        roles0_.user_id as user_id1_11_0_,
        roles0_.roles as roles2_11_0_ 
    from
        user_roles roles0_ 
    where
        roles0_.user_id=?
Hibernate: 
    select
        roles0_.user_id as user_id1_11_0_,
        roles0_.roles as roles2_11_0_ 
    from
        user_roles roles0_ 
    where
        roles0_.user_id=?
Hibernate: 
    select
        roles0_.user_id as user_id1_11_0_,
        roles0_.roles as roles2_11_0_ 
    from
        user_roles roles0_ 
    where
        roles0_.user_id=?
Hibernate: 
    insert 
    into
        meeting_pin
        (created_at, updated_at, category, content, user_id, date, latitude, longitude, max_age, min_age, set_gender, set_limit, title) 
    values
        (?, ?, ?, ?, ?, ?, ?, ?, ?, ?, ?, ?, ?)
Hibernate: 
    select
        user0_.id as id1_10_,
        user0_.created_at as created_2_10_,
        user0_.updated_at as updated_3_10_,
        user0_.age as age4_10_,
        user0_.background_image as backgrou5_10_,
        user0_.email as email6_10_,
        user0_.gender as gender7_10_,
        user0_.hobby as hobby8_10_,
        user0_.introduce as introduc9_10_,
        user0_.job as job10_10_,
        user0_.name as name11_10_,
        user0_.nick_name as nick_na12_10_,
        user0_.phone_num as phone_n13_10_,
        user0_.profile_image as profile14_10_,
        user0_.res_red_number as res_red15_10_,
        user0_.score as score16_10_ 
    from
        user user0_
Hibernate: 
    select
        roles0_.user_id as user_id1_11_0_,
        roles0_.roles as roles2_11_0_ 
    from
        user_roles roles0_ 
    where
        roles0_.user_id=?
Hibernate: 
    select
        roles0_.user_id as user_id1_11_0_,
        roles0_.roles as roles2_11_0_ 
    from
        user_roles roles0_ 
    where
        roles0_.user_id=?
Hibernate: 
    select
        roles0_.user_id as user_id1_11_0_,
        roles0_.roles as roles2_11_0_ 
    from
        user_roles roles0_ 
    where
        roles0_.user_id=?
Hibernate: 
    select
        roles0_.user_id as user_id1_11_0_,
        roles0_.roles as roles2_11_0_ 
    from
        user_roles roles0_ 
    where
        roles0_.user_id=?
Hibernate: 
    select
        roles0_.user_id as user_id1_11_0_,
        roles0_.roles as roles2_11_0_ 
    from
        user_roles roles0_ 
    where
        roles0_.user_id=?
Hibernate: 
    insert 
    into
        meeting_pin
        (created_at, updated_at, category, content, user_id, date, latitude, longitude, max_age, min_age, set_gender, set_limit, title) 
    values
        (?, ?, ?, ?, ?, ?, ?, ?, ?, ?, ?, ?, ?)
Hibernate: 
    select
        user0_.id as id1_10_,
        user0_.created_at as created_2_10_,
        user0_.updated_at as updated_3_10_,
        user0_.age as age4_10_,
        user0_.background_image as backgrou5_10_,
        user0_.email as email6_10_,
        user0_.gender as gender7_10_,
        user0_.hobby as hobby8_10_,
        user0_.introduce as introduc9_10_,
        user0_.job as job10_10_,
        user0_.name as name11_10_,
        user0_.nick_name as nick_na12_10_,
        user0_.phone_num as phone_n13_10_,
        user0_.profile_image as profile14_10_,
        user0_.res_red_number as res_red15_10_,
        user0_.score as score16_10_ 
    from
        user user0_
Hibernate: 
    select
        roles0_.user_id as user_id1_11_0_,
        roles0_.roles as roles2_11_0_ 
    from
        user_roles roles0_ 
    where
        roles0_.user_id=?
Hibernate: 
    select
        roles0_.user_id as user_id1_11_0_,
        roles0_.roles as roles2_11_0_ 
    from
        user_roles roles0_ 
    where
        roles0_.user_id=?
Hibernate: 
    select
        roles0_.user_id as user_id1_11_0_,
        roles0_.roles as roles2_11_0_ 
    from
        user_roles roles0_ 
    where
        roles0_.user_id=?
Hibernate: 
    select
        roles0_.user_id as user_id1_11_0_,
        roles0_.roles as roles2_11_0_ 
    from
        user_roles roles0_ 
    where
        roles0_.user_id=?
Hibernate: 
    select
        roles0_.user_id as user_id1_11_0_,
        roles0_.roles as roles2_11_0_ 
    from
        user_roles roles0_ 
    where
        roles0_.user_id=?
Hibernate: 
    insert 
    into
        meeting_pin
        (created_at, updated_at, category, content, user_id, date, latitude, longitude, max_age, min_age, set_gender, set_limit, title) 
    values
        (?, ?, ?, ?, ?, ?, ?, ?, ?, ?, ?, ?, ?)
Hibernate: 
    select
        user0_.id as id1_10_,
        user0_.created_at as created_2_10_,
        user0_.updated_at as updated_3_10_,
        user0_.age as age4_10_,
        user0_.background_image as backgrou5_10_,
        user0_.email as email6_10_,
        user0_.gender as gender7_10_,
        user0_.hobby as hobby8_10_,
        user0_.introduce as introduc9_10_,
        user0_.job as job10_10_,
        user0_.name as name11_10_,
        user0_.nick_name as nick_na12_10_,
        user0_.phone_num as phone_n13_10_,
        user0_.profile_image as profile14_10_,
        user0_.res_red_number as res_red15_10_,
        user0_.score as score16_10_ 
    from
        user user0_
Hibernate: 
    select
        roles0_.user_id as user_id1_11_0_,
        roles0_.roles as roles2_11_0_ 
    from
        user_roles roles0_ 
    where
        roles0_.user_id=?
Hibernate: 
    select
        roles0_.user_id as user_id1_11_0_,
        roles0_.roles as roles2_11_0_ 
    from
        user_roles roles0_ 
    where
        roles0_.user_id=?
Hibernate: 
    select
        roles0_.user_id as user_id1_11_0_,
        roles0_.roles as roles2_11_0_ 
    from
        user_roles roles0_ 
    where
        roles0_.user_id=?
Hibernate: 
    select
        roles0_.user_id as user_id1_11_0_,
        roles0_.roles as roles2_11_0_ 
    from
        user_roles roles0_ 
    where
        roles0_.user_id=?
Hibernate: 
    select
        roles0_.user_id as user_id1_11_0_,
        roles0_.roles as roles2_11_0_ 
    from
        user_roles roles0_ 
    where
        roles0_.user_id=?
Hibernate: 
    insert 
    into
        meeting_pin
        (created_at, updated_at, category, content, user_id, date, latitude, longitude, max_age, min_age, set_gender, set_limit, title) 
    values
        (?, ?, ?, ?, ?, ?, ?, ?, ?, ?, ?, ?, ?)
Hibernate: 
    select
        user0_.id as id1_10_,
        user0_.created_at as created_2_10_,
        user0_.updated_at as updated_3_10_,
        user0_.age as age4_10_,
        user0_.background_image as backgrou5_10_,
        user0_.email as email6_10_,
        user0_.gender as gender7_10_,
        user0_.hobby as hobby8_10_,
        user0_.introduce as introduc9_10_,
        user0_.job as job10_10_,
        user0_.name as name11_10_,
        user0_.nick_name as nick_na12_10_,
        user0_.phone_num as phone_n13_10_,
        user0_.profile_image as profile14_10_,
        user0_.res_red_number as res_red15_10_,
        user0_.score as score16_10_ 
    from
        user user0_
Hibernate: 
    select
        roles0_.user_id as user_id1_11_0_,
        roles0_.roles as roles2_11_0_ 
    from
        user_roles roles0_ 
    where
        roles0_.user_id=?
Hibernate: 
    select
        roles0_.user_id as user_id1_11_0_,
        roles0_.roles as roles2_11_0_ 
    from
        user_roles roles0_ 
    where
        roles0_.user_id=?
Hibernate: 
    select
        roles0_.user_id as user_id1_11_0_,
        roles0_.roles as roles2_11_0_ 
    from
        user_roles roles0_ 
    where
        roles0_.user_id=?
Hibernate: 
    select
        roles0_.user_id as user_id1_11_0_,
        roles0_.roles as roles2_11_0_ 
    from
        user_roles roles0_ 
    where
        roles0_.user_id=?
Hibernate: 
    select
        roles0_.user_id as user_id1_11_0_,
        roles0_.roles as roles2_11_0_ 
    from
        user_roles roles0_ 
    where
        roles0_.user_id=?
Hibernate: 
    insert 
    into
        meeting_pin
        (created_at, updated_at, category, content, user_id, date, latitude, longitude, max_age, min_age, set_gender, set_limit, title) 
    values
        (?, ?, ?, ?, ?, ?, ?, ?, ?, ?, ?, ?, ?)
Hibernate: 
    select
        user0_.id as id1_10_,
        user0_.created_at as created_2_10_,
        user0_.updated_at as updated_3_10_,
        user0_.age as age4_10_,
        user0_.background_image as backgrou5_10_,
        user0_.email as email6_10_,
        user0_.gender as gender7_10_,
        user0_.hobby as hobby8_10_,
        user0_.introduce as introduc9_10_,
        user0_.job as job10_10_,
        user0_.name as name11_10_,
        user0_.nick_name as nick_na12_10_,
        user0_.phone_num as phone_n13_10_,
        user0_.profile_image as profile14_10_,
        user0_.res_red_number as res_red15_10_,
        user0_.score as score16_10_ 
    from
        user user0_
Hibernate: 
    select
        roles0_.user_id as user_id1_11_0_,
        roles0_.roles as roles2_11_0_ 
    from
        user_roles roles0_ 
    where
        roles0_.user_id=?
Hibernate: 
    select
        roles0_.user_id as user_id1_11_0_,
        roles0_.roles as roles2_11_0_ 
    from
        user_roles roles0_ 
    where
        roles0_.user_id=?
Hibernate: 
    select
        roles0_.user_id as user_id1_11_0_,
        roles0_.roles as roles2_11_0_ 
    from
        user_roles roles0_ 
    where
        roles0_.user_id=?
Hibernate: 
    select
        roles0_.user_id as user_id1_11_0_,
        roles0_.roles as roles2_11_0_ 
    from
        user_roles roles0_ 
    where
        roles0_.user_id=?
Hibernate: 
    select
        roles0_.user_id as user_id1_11_0_,
        roles0_.roles as roles2_11_0_ 
    from
        user_roles roles0_ 
    where
        roles0_.user_id=?
Hibernate: 
    insert 
    into
        meeting_pin
        (created_at, updated_at, category, content, user_id, date, latitude, longitude, max_age, min_age, set_gender, set_limit, title) 
    values
        (?, ?, ?, ?, ?, ?, ?, ?, ?, ?, ?, ?, ?)
Hibernate: 
    select
        user0_.id as id1_10_,
        user0_.created_at as created_2_10_,
        user0_.updated_at as updated_3_10_,
        user0_.age as age4_10_,
        user0_.background_image as backgrou5_10_,
        user0_.email as email6_10_,
        user0_.gender as gender7_10_,
        user0_.hobby as hobby8_10_,
        user0_.introduce as introduc9_10_,
        user0_.job as job10_10_,
        user0_.name as name11_10_,
        user0_.nick_name as nick_na12_10_,
        user0_.phone_num as phone_n13_10_,
        user0_.profile_image as profile14_10_,
        user0_.res_red_number as res_red15_10_,
        user0_.score as score16_10_ 
    from
        user user0_
Hibernate: 
    select
        roles0_.user_id as user_id1_11_0_,
        roles0_.roles as roles2_11_0_ 
    from
        user_roles roles0_ 
    where
        roles0_.user_id=?
Hibernate: 
    select
        roles0_.user_id as user_id1_11_0_,
        roles0_.roles as roles2_11_0_ 
    from
        user_roles roles0_ 
    where
        roles0_.user_id=?
Hibernate: 
    select
        roles0_.user_id as user_id1_11_0_,
        roles0_.roles as roles2_11_0_ 
    from
        user_roles roles0_ 
    where
        roles0_.user_id=?
Hibernate: 
    select
        roles0_.user_id as user_id1_11_0_,
        roles0_.roles as roles2_11_0_ 
    from
        user_roles roles0_ 
    where
        roles0_.user_id=?
Hibernate: 
    select
        roles0_.user_id as user_id1_11_0_,
        roles0_.roles as roles2_11_0_ 
    from
        user_roles roles0_ 
    where
        roles0_.user_id=?
Hibernate: 
    insert 
    into
        meeting_pin
        (created_at, updated_at, category, content, user_id, date, latitude, longitude, max_age, min_age, set_gender, set_limit, title) 
    values
        (?, ?, ?, ?, ?, ?, ?, ?, ?, ?, ?, ?, ?)
Hibernate: 
    select
        user0_.id as id1_10_,
        user0_.created_at as created_2_10_,
        user0_.updated_at as updated_3_10_,
        user0_.age as age4_10_,
        user0_.background_image as backgrou5_10_,
        user0_.email as email6_10_,
        user0_.gender as gender7_10_,
        user0_.hobby as hobby8_10_,
        user0_.introduce as introduc9_10_,
        user0_.job as job10_10_,
        user0_.name as name11_10_,
        user0_.nick_name as nick_na12_10_,
        user0_.phone_num as phone_n13_10_,
        user0_.profile_image as profile14_10_,
        user0_.res_red_number as res_red15_10_,
        user0_.score as score16_10_ 
    from
        user user0_
Hibernate: 
    select
        roles0_.user_id as user_id1_11_0_,
        roles0_.roles as roles2_11_0_ 
    from
        user_roles roles0_ 
    where
        roles0_.user_id=?
Hibernate: 
    select
        roles0_.user_id as user_id1_11_0_,
        roles0_.roles as roles2_11_0_ 
    from
        user_roles roles0_ 
    where
        roles0_.user_id=?
Hibernate: 
    select
        roles0_.user_id as user_id1_11_0_,
        roles0_.roles as roles2_11_0_ 
    from
        user_roles roles0_ 
    where
        roles0_.user_id=?
Hibernate: 
    select
        roles0_.user_id as user_id1_11_0_,
        roles0_.roles as roles2_11_0_ 
    from
        user_roles roles0_ 
    where
        roles0_.user_id=?
Hibernate: 
    select
        roles0_.user_id as user_id1_11_0_,
        roles0_.roles as roles2_11_0_ 
    from
        user_roles roles0_ 
    where
        roles0_.user_id=?
Hibernate: 
    insert 
    into
        meeting_pin
        (created_at, updated_at, category, content, user_id, date, latitude, longitude, max_age, min_age, set_gender, set_limit, title) 
    values
        (?, ?, ?, ?, ?, ?, ?, ?, ?, ?, ?, ?, ?)
Hibernate: 
    select
        user0_.id as id1_10_,
        user0_.created_at as created_2_10_,
        user0_.updated_at as updated_3_10_,
        user0_.age as age4_10_,
        user0_.background_image as backgrou5_10_,
        user0_.email as email6_10_,
        user0_.gender as gender7_10_,
        user0_.hobby as hobby8_10_,
        user0_.introduce as introduc9_10_,
        user0_.job as job10_10_,
        user0_.name as name11_10_,
        user0_.nick_name as nick_na12_10_,
        user0_.phone_num as phone_n13_10_,
        user0_.profile_image as profile14_10_,
        user0_.res_red_number as res_red15_10_,
        user0_.score as score16_10_ 
    from
        user user0_
Hibernate: 
    select
        roles0_.user_id as user_id1_11_0_,
        roles0_.roles as roles2_11_0_ 
    from
        user_roles roles0_ 
    where
        roles0_.user_id=?
Hibernate: 
    select
        roles0_.user_id as user_id1_11_0_,
        roles0_.roles as roles2_11_0_ 
    from
        user_roles roles0_ 
    where
        roles0_.user_id=?
Hibernate: 
    select
        roles0_.user_id as user_id1_11_0_,
        roles0_.roles as roles2_11_0_ 
    from
        user_roles roles0_ 
    where
        roles0_.user_id=?
Hibernate: 
    select
        roles0_.user_id as user_id1_11_0_,
        roles0_.roles as roles2_11_0_ 
    from
        user_roles roles0_ 
    where
        roles0_.user_id=?
Hibernate: 
    select
        roles0_.user_id as user_id1_11_0_,
        roles0_.roles as roles2_11_0_ 
    from
        user_roles roles0_ 
    where
        roles0_.user_id=?
Hibernate: 
    insert 
    into
        meeting_pin
        (created_at, updated_at, category, content, user_id, date, latitude, longitude, max_age, min_age, set_gender, set_limit, title) 
    values
        (?, ?, ?, ?, ?, ?, ?, ?, ?, ?, ?, ?, ?)
Hibernate: 
    select
        user0_.id as id1_10_,
        user0_.created_at as created_2_10_,
        user0_.updated_at as updated_3_10_,
        user0_.age as age4_10_,
        user0_.background_image as backgrou5_10_,
        user0_.email as email6_10_,
        user0_.gender as gender7_10_,
        user0_.hobby as hobby8_10_,
        user0_.introduce as introduc9_10_,
        user0_.job as job10_10_,
        user0_.name as name11_10_,
        user0_.nick_name as nick_na12_10_,
        user0_.phone_num as phone_n13_10_,
        user0_.profile_image as profile14_10_,
        user0_.res_red_number as res_red15_10_,
        user0_.score as score16_10_ 
    from
        user user0_
Hibernate: 
    select
        roles0_.user_id as user_id1_11_0_,
        roles0_.roles as roles2_11_0_ 
    from
        user_roles roles0_ 
    where
        roles0_.user_id=?
Hibernate: 
    select
        roles0_.user_id as user_id1_11_0_,
        roles0_.roles as roles2_11_0_ 
    from
        user_roles roles0_ 
    where
        roles0_.user_id=?
Hibernate: 
    select
        roles0_.user_id as user_id1_11_0_,
        roles0_.roles as roles2_11_0_ 
    from
        user_roles roles0_ 
    where
        roles0_.user_id=?
Hibernate: 
    select
        roles0_.user_id as user_id1_11_0_,
        roles0_.roles as roles2_11_0_ 
    from
        user_roles roles0_ 
    where
        roles0_.user_id=?
Hibernate: 
    select
        roles0_.user_id as user_id1_11_0_,
        roles0_.roles as roles2_11_0_ 
    from
        user_roles roles0_ 
    where
        roles0_.user_id=?
Hibernate: 
    insert 
    into
        meeting_pin
        (created_at, updated_at, category, content, user_id, date, latitude, longitude, max_age, min_age, set_gender, set_limit, title) 
    values
        (?, ?, ?, ?, ?, ?, ?, ?, ?, ?, ?, ?, ?)
Hibernate: 
    select
        user0_.id as id1_10_,
        user0_.created_at as created_2_10_,
        user0_.updated_at as updated_3_10_,
        user0_.age as age4_10_,
        user0_.background_image as backgrou5_10_,
        user0_.email as email6_10_,
        user0_.gender as gender7_10_,
        user0_.hobby as hobby8_10_,
        user0_.introduce as introduc9_10_,
        user0_.job as job10_10_,
        user0_.name as name11_10_,
        user0_.nick_name as nick_na12_10_,
        user0_.phone_num as phone_n13_10_,
        user0_.profile_image as profile14_10_,
        user0_.res_red_number as res_red15_10_,
        user0_.score as score16_10_ 
    from
        user user0_
Hibernate: 
    select
        roles0_.user_id as user_id1_11_0_,
        roles0_.roles as roles2_11_0_ 
    from
        user_roles roles0_ 
    where
        roles0_.user_id=?
Hibernate: 
    select
        roles0_.user_id as user_id1_11_0_,
        roles0_.roles as roles2_11_0_ 
    from
        user_roles roles0_ 
    where
        roles0_.user_id=?
Hibernate: 
    select
        roles0_.user_id as user_id1_11_0_,
        roles0_.roles as roles2_11_0_ 
    from
        user_roles roles0_ 
    where
        roles0_.user_id=?
Hibernate: 
    select
        roles0_.user_id as user_id1_11_0_,
        roles0_.roles as roles2_11_0_ 
    from
        user_roles roles0_ 
    where
        roles0_.user_id=?
Hibernate: 
    select
        roles0_.user_id as user_id1_11_0_,
        roles0_.roles as roles2_11_0_ 
    from
        user_roles roles0_ 
    where
        roles0_.user_id=?
Hibernate: 
    insert 
    into
        meeting_pin
        (created_at, updated_at, category, content, user_id, date, latitude, longitude, max_age, min_age, set_gender, set_limit, title) 
    values
        (?, ?, ?, ?, ?, ?, ?, ?, ?, ?, ?, ?, ?)
Hibernate: 
    select
        user0_.id as id1_10_,
        user0_.created_at as created_2_10_,
        user0_.updated_at as updated_3_10_,
        user0_.age as age4_10_,
        user0_.background_image as backgrou5_10_,
        user0_.email as email6_10_,
        user0_.gender as gender7_10_,
        user0_.hobby as hobby8_10_,
        user0_.introduce as introduc9_10_,
        user0_.job as job10_10_,
        user0_.name as name11_10_,
        user0_.nick_name as nick_na12_10_,
        user0_.phone_num as phone_n13_10_,
        user0_.profile_image as profile14_10_,
        user0_.res_red_number as res_red15_10_,
        user0_.score as score16_10_ 
    from
        user user0_
Hibernate: 
    select
        roles0_.user_id as user_id1_11_0_,
        roles0_.roles as roles2_11_0_ 
    from
        user_roles roles0_ 
    where
        roles0_.user_id=?
Hibernate: 
    select
        roles0_.user_id as user_id1_11_0_,
        roles0_.roles as roles2_11_0_ 
    from
        user_roles roles0_ 
    where
        roles0_.user_id=?
Hibernate: 
    select
        roles0_.user_id as user_id1_11_0_,
        roles0_.roles as roles2_11_0_ 
    from
        user_roles roles0_ 
    where
        roles0_.user_id=?
Hibernate: 
    select
        roles0_.user_id as user_id1_11_0_,
        roles0_.roles as roles2_11_0_ 
    from
        user_roles roles0_ 
    where
        roles0_.user_id=?
Hibernate: 
    select
        roles0_.user_id as user_id1_11_0_,
        roles0_.roles as roles2_11_0_ 
    from
        user_roles roles0_ 
    where
        roles0_.user_id=?
Hibernate: 
    insert 
    into
        meeting_pin
        (created_at, updated_at, category, content, user_id, date, latitude, longitude, max_age, min_age, set_gender, set_limit, title) 
    values
        (?, ?, ?, ?, ?, ?, ?, ?, ?, ?, ?, ?, ?)
Hibernate: 
    select
        user0_.id as id1_10_,
        user0_.created_at as created_2_10_,
        user0_.updated_at as updated_3_10_,
        user0_.age as age4_10_,
        user0_.background_image as backgrou5_10_,
        user0_.email as email6_10_,
        user0_.gender as gender7_10_,
        user0_.hobby as hobby8_10_,
        user0_.introduce as introduc9_10_,
        user0_.job as job10_10_,
        user0_.name as name11_10_,
        user0_.nick_name as nick_na12_10_,
        user0_.phone_num as phone_n13_10_,
        user0_.profile_image as profile14_10_,
        user0_.res_red_number as res_red15_10_,
        user0_.score as score16_10_ 
    from
        user user0_
Hibernate: 
    select
        roles0_.user_id as user_id1_11_0_,
        roles0_.roles as roles2_11_0_ 
    from
        user_roles roles0_ 
    where
        roles0_.user_id=?
Hibernate: 
    select
        roles0_.user_id as user_id1_11_0_,
        roles0_.roles as roles2_11_0_ 
    from
        user_roles roles0_ 
    where
        roles0_.user_id=?
Hibernate: 
    select
        roles0_.user_id as user_id1_11_0_,
        roles0_.roles as roles2_11_0_ 
    from
        user_roles roles0_ 
    where
        roles0_.user_id=?
Hibernate: 
    select
        roles0_.user_id as user_id1_11_0_,
        roles0_.roles as roles2_11_0_ 
    from
        user_roles roles0_ 
    where
        roles0_.user_id=?
Hibernate: 
    select
        roles0_.user_id as user_id1_11_0_,
        roles0_.roles as roles2_11_0_ 
    from
        user_roles roles0_ 
    where
        roles0_.user_id=?
Hibernate: 
    insert 
    into
        meeting_pin
        (created_at, updated_at, category, content, user_id, date, latitude, longitude, max_age, min_age, set_gender, set_limit, title) 
    values
        (?, ?, ?, ?, ?, ?, ?, ?, ?, ?, ?, ?, ?)
Hibernate: 
    select
        user0_.id as id1_10_,
        user0_.created_at as created_2_10_,
        user0_.updated_at as updated_3_10_,
        user0_.age as age4_10_,
        user0_.background_image as backgrou5_10_,
        user0_.email as email6_10_,
        user0_.gender as gender7_10_,
        user0_.hobby as hobby8_10_,
        user0_.introduce as introduc9_10_,
        user0_.job as job10_10_,
        user0_.name as name11_10_,
        user0_.nick_name as nick_na12_10_,
        user0_.phone_num as phone_n13_10_,
        user0_.profile_image as profile14_10_,
        user0_.res_red_number as res_red15_10_,
        user0_.score as score16_10_ 
    from
        user user0_
Hibernate: 
    select
        roles0_.user_id as user_id1_11_0_,
        roles0_.roles as roles2_11_0_ 
    from
        user_roles roles0_ 
    where
        roles0_.user_id=?
Hibernate: 
    select
        roles0_.user_id as user_id1_11_0_,
        roles0_.roles as roles2_11_0_ 
    from
        user_roles roles0_ 
    where
        roles0_.user_id=?
Hibernate: 
    select
        roles0_.user_id as user_id1_11_0_,
        roles0_.roles as roles2_11_0_ 
    from
        user_roles roles0_ 
    where
        roles0_.user_id=?
Hibernate: 
    select
        roles0_.user_id as user_id1_11_0_,
        roles0_.roles as roles2_11_0_ 
    from
        user_roles roles0_ 
    where
        roles0_.user_id=?
Hibernate: 
    select
        roles0_.user_id as user_id1_11_0_,
        roles0_.roles as roles2_11_0_ 
    from
        user_roles roles0_ 
    where
        roles0_.user_id=?
Hibernate: 
    insert 
    into
        meeting_pin
        (created_at, updated_at, category, content, user_id, date, latitude, longitude, max_age, min_age, set_gender, set_limit, title) 
    values
        (?, ?, ?, ?, ?, ?, ?, ?, ?, ?, ?, ?, ?)
Hibernate: 
    select
        user0_.id as id1_10_,
        user0_.created_at as created_2_10_,
        user0_.updated_at as updated_3_10_,
        user0_.age as age4_10_,
        user0_.background_image as backgrou5_10_,
        user0_.email as email6_10_,
        user0_.gender as gender7_10_,
        user0_.hobby as hobby8_10_,
        user0_.introduce as introduc9_10_,
        user0_.job as job10_10_,
        user0_.name as name11_10_,
        user0_.nick_name as nick_na12_10_,
        user0_.phone_num as phone_n13_10_,
        user0_.profile_image as profile14_10_,
        user0_.res_red_number as res_red15_10_,
        user0_.score as score16_10_ 
    from
        user user0_
Hibernate: 
    select
        roles0_.user_id as user_id1_11_0_,
        roles0_.roles as roles2_11_0_ 
    from
        user_roles roles0_ 
    where
        roles0_.user_id=?
Hibernate: 
    select
        roles0_.user_id as user_id1_11_0_,
        roles0_.roles as roles2_11_0_ 
    from
        user_roles roles0_ 
    where
        roles0_.user_id=?
Hibernate: 
    select
        roles0_.user_id as user_id1_11_0_,
        roles0_.roles as roles2_11_0_ 
    from
        user_roles roles0_ 
    where
        roles0_.user_id=?
Hibernate: 
    select
        roles0_.user_id as user_id1_11_0_,
        roles0_.roles as roles2_11_0_ 
    from
        user_roles roles0_ 
    where
        roles0_.user_id=?
Hibernate: 
    select
        roles0_.user_id as user_id1_11_0_,
        roles0_.roles as roles2_11_0_ 
    from
        user_roles roles0_ 
    where
        roles0_.user_id=?
Hibernate: 
    insert 
    into
        meeting_pin
        (created_at, updated_at, category, content, user_id, date, latitude, longitude, max_age, min_age, set_gender, set_limit, title) 
    values
        (?, ?, ?, ?, ?, ?, ?, ?, ?, ?, ?, ?, ?)
Hibernate: 
    select
        user0_.id as id1_10_,
        user0_.created_at as created_2_10_,
        user0_.updated_at as updated_3_10_,
        user0_.age as age4_10_,
        user0_.background_image as backgrou5_10_,
        user0_.email as email6_10_,
        user0_.gender as gender7_10_,
        user0_.hobby as hobby8_10_,
        user0_.introduce as introduc9_10_,
        user0_.job as job10_10_,
        user0_.name as name11_10_,
        user0_.nick_name as nick_na12_10_,
        user0_.phone_num as phone_n13_10_,
        user0_.profile_image as profile14_10_,
        user0_.res_red_number as res_red15_10_,
        user0_.score as score16_10_ 
    from
        user user0_
Hibernate: 
    select
        roles0_.user_id as user_id1_11_0_,
        roles0_.roles as roles2_11_0_ 
    from
        user_roles roles0_ 
    where
        roles0_.user_id=?
Hibernate: 
    select
        roles0_.user_id as user_id1_11_0_,
        roles0_.roles as roles2_11_0_ 
    from
        user_roles roles0_ 
    where
        roles0_.user_id=?
Hibernate: 
    select
        roles0_.user_id as user_id1_11_0_,
        roles0_.roles as roles2_11_0_ 
    from
        user_roles roles0_ 
    where
        roles0_.user_id=?
Hibernate: 
    select
        roles0_.user_id as user_id1_11_0_,
        roles0_.roles as roles2_11_0_ 
    from
        user_roles roles0_ 
    where
        roles0_.user_id=?
Hibernate: 
    select
        roles0_.user_id as user_id1_11_0_,
        roles0_.roles as roles2_11_0_ 
    from
        user_roles roles0_ 
    where
        roles0_.user_id=?
Hibernate: 
    insert 
    into
        meeting_pin
        (created_at, updated_at, category, content, user_id, date, latitude, longitude, max_age, min_age, set_gender, set_limit, title) 
    values
        (?, ?, ?, ?, ?, ?, ?, ?, ?, ?, ?, ?, ?)
Hibernate: 
    select
        user0_.id as id1_10_,
        user0_.created_at as created_2_10_,
        user0_.updated_at as updated_3_10_,
        user0_.age as age4_10_,
        user0_.background_image as backgrou5_10_,
        user0_.email as email6_10_,
        user0_.gender as gender7_10_,
        user0_.hobby as hobby8_10_,
        user0_.introduce as introduc9_10_,
        user0_.job as job10_10_,
        user0_.name as name11_10_,
        user0_.nick_name as nick_na12_10_,
        user0_.phone_num as phone_n13_10_,
        user0_.profile_image as profile14_10_,
        user0_.res_red_number as res_red15_10_,
        user0_.score as score16_10_ 
    from
        user user0_
Hibernate: 
    select
        roles0_.user_id as user_id1_11_0_,
        roles0_.roles as roles2_11_0_ 
    from
        user_roles roles0_ 
    where
        roles0_.user_id=?
Hibernate: 
    select
        roles0_.user_id as user_id1_11_0_,
        roles0_.roles as roles2_11_0_ 
    from
        user_roles roles0_ 
    where
        roles0_.user_id=?
Hibernate: 
    select
        roles0_.user_id as user_id1_11_0_,
        roles0_.roles as roles2_11_0_ 
    from
        user_roles roles0_ 
    where
        roles0_.user_id=?
Hibernate: 
    select
        roles0_.user_id as user_id1_11_0_,
        roles0_.roles as roles2_11_0_ 
    from
        user_roles roles0_ 
    where
        roles0_.user_id=?
Hibernate: 
    select
        roles0_.user_id as user_id1_11_0_,
        roles0_.roles as roles2_11_0_ 
    from
        user_roles roles0_ 
    where
        roles0_.user_id=?
Hibernate: 
    insert 
    into
        meeting_pin
        (created_at, updated_at, category, content, user_id, date, latitude, longitude, max_age, min_age, set_gender, set_limit, title) 
    values
        (?, ?, ?, ?, ?, ?, ?, ?, ?, ?, ?, ?, ?)
Hibernate: 
    select
        user0_.id as id1_10_,
        user0_.created_at as created_2_10_,
        user0_.updated_at as updated_3_10_,
        user0_.age as age4_10_,
        user0_.background_image as backgrou5_10_,
        user0_.email as email6_10_,
        user0_.gender as gender7_10_,
        user0_.hobby as hobby8_10_,
        user0_.introduce as introduc9_10_,
        user0_.job as job10_10_,
        user0_.name as name11_10_,
        user0_.nick_name as nick_na12_10_,
        user0_.phone_num as phone_n13_10_,
        user0_.profile_image as profile14_10_,
        user0_.res_red_number as res_red15_10_,
        user0_.score as score16_10_ 
    from
        user user0_
Hibernate: 
    select
        roles0_.user_id as user_id1_11_0_,
        roles0_.roles as roles2_11_0_ 
    from
        user_roles roles0_ 
    where
        roles0_.user_id=?
Hibernate: 
    select
        roles0_.user_id as user_id1_11_0_,
        roles0_.roles as roles2_11_0_ 
    from
        user_roles roles0_ 
    where
        roles0_.user_id=?
Hibernate: 
    select
        roles0_.user_id as user_id1_11_0_,
        roles0_.roles as roles2_11_0_ 
    from
        user_roles roles0_ 
    where
        roles0_.user_id=?
Hibernate: 
    select
        roles0_.user_id as user_id1_11_0_,
        roles0_.roles as roles2_11_0_ 
    from
        user_roles roles0_ 
    where
        roles0_.user_id=?
Hibernate: 
    select
        roles0_.user_id as user_id1_11_0_,
        roles0_.roles as roles2_11_0_ 
    from
        user_roles roles0_ 
    where
        roles0_.user_id=?
Hibernate: 
    insert 
    into
        meeting_pin
        (created_at, updated_at, category, content, user_id, date, latitude, longitude, max_age, min_age, set_gender, set_limit, title) 
    values
        (?, ?, ?, ?, ?, ?, ?, ?, ?, ?, ?, ?, ?)
Hibernate: 
    select
        user0_.id as id1_10_,
        user0_.created_at as created_2_10_,
        user0_.updated_at as updated_3_10_,
        user0_.age as age4_10_,
        user0_.background_image as backgrou5_10_,
        user0_.email as email6_10_,
        user0_.gender as gender7_10_,
        user0_.hobby as hobby8_10_,
        user0_.introduce as introduc9_10_,
        user0_.job as job10_10_,
        user0_.name as name11_10_,
        user0_.nick_name as nick_na12_10_,
        user0_.phone_num as phone_n13_10_,
        user0_.profile_image as profile14_10_,
        user0_.res_red_number as res_red15_10_,
        user0_.score as score16_10_ 
    from
        user user0_
Hibernate: 
    select
        roles0_.user_id as user_id1_11_0_,
        roles0_.roles as roles2_11_0_ 
    from
        user_roles roles0_ 
    where
        roles0_.user_id=?
Hibernate: 
    select
        roles0_.user_id as user_id1_11_0_,
        roles0_.roles as roles2_11_0_ 
    from
        user_roles roles0_ 
    where
        roles0_.user_id=?
Hibernate: 
    select
        roles0_.user_id as user_id1_11_0_,
        roles0_.roles as roles2_11_0_ 
    from
        user_roles roles0_ 
    where
        roles0_.user_id=?
Hibernate: 
    select
        roles0_.user_id as user_id1_11_0_,
        roles0_.roles as roles2_11_0_ 
    from
        user_roles roles0_ 
    where
        roles0_.user_id=?
Hibernate: 
    select
        roles0_.user_id as user_id1_11_0_,
        roles0_.roles as roles2_11_0_ 
    from
        user_roles roles0_ 
    where
        roles0_.user_id=?
Hibernate: 
    insert 
    into
        meeting_pin
        (created_at, updated_at, category, content, user_id, date, latitude, longitude, max_age, min_age, set_gender, set_limit, title) 
    values
        (?, ?, ?, ?, ?, ?, ?, ?, ?, ?, ?, ?, ?)
Hibernate: 
    select
        user0_.id as id1_10_,
        user0_.created_at as created_2_10_,
        user0_.updated_at as updated_3_10_,
        user0_.age as age4_10_,
        user0_.background_image as backgrou5_10_,
        user0_.email as email6_10_,
        user0_.gender as gender7_10_,
        user0_.hobby as hobby8_10_,
        user0_.introduce as introduc9_10_,
        user0_.job as job10_10_,
        user0_.name as name11_10_,
        user0_.nick_name as nick_na12_10_,
        user0_.phone_num as phone_n13_10_,
        user0_.profile_image as profile14_10_,
        user0_.res_red_number as res_red15_10_,
        user0_.score as score16_10_ 
    from
        user user0_
Hibernate: 
    select
        roles0_.user_id as user_id1_11_0_,
        roles0_.roles as roles2_11_0_ 
    from
        user_roles roles0_ 
    where
        roles0_.user_id=?
Hibernate: 
    select
        roles0_.user_id as user_id1_11_0_,
        roles0_.roles as roles2_11_0_ 
    from
        user_roles roles0_ 
    where
        roles0_.user_id=?
Hibernate: 
    select
        roles0_.user_id as user_id1_11_0_,
        roles0_.roles as roles2_11_0_ 
    from
        user_roles roles0_ 
    where
        roles0_.user_id=?
Hibernate: 
    select
        roles0_.user_id as user_id1_11_0_,
        roles0_.roles as roles2_11_0_ 
    from
        user_roles roles0_ 
    where
        roles0_.user_id=?
Hibernate: 
    select
        roles0_.user_id as user_id1_11_0_,
        roles0_.roles as roles2_11_0_ 
    from
        user_roles roles0_ 
    where
        roles0_.user_id=?
Hibernate: 
    insert 
    into
        meeting_pin
        (created_at, updated_at, category, content, user_id, date, latitude, longitude, max_age, min_age, set_gender, set_limit, title) 
    values
        (?, ?, ?, ?, ?, ?, ?, ?, ?, ?, ?, ?, ?)
Hibernate: 
    select
        user0_.id as id1_10_,
        user0_.created_at as created_2_10_,
        user0_.updated_at as updated_3_10_,
        user0_.age as age4_10_,
        user0_.background_image as backgrou5_10_,
        user0_.email as email6_10_,
        user0_.gender as gender7_10_,
        user0_.hobby as hobby8_10_,
        user0_.introduce as introduc9_10_,
        user0_.job as job10_10_,
        user0_.name as name11_10_,
        user0_.nick_name as nick_na12_10_,
        user0_.phone_num as phone_n13_10_,
        user0_.profile_image as profile14_10_,
        user0_.res_red_number as res_red15_10_,
        user0_.score as score16_10_ 
    from
        user user0_
Hibernate: 
    select
        roles0_.user_id as user_id1_11_0_,
        roles0_.roles as roles2_11_0_ 
    from
        user_roles roles0_ 
    where
        roles0_.user_id=?
Hibernate: 
    select
        roles0_.user_id as user_id1_11_0_,
        roles0_.roles as roles2_11_0_ 
    from
        user_roles roles0_ 
    where
        roles0_.user_id=?
Hibernate: 
    select
        roles0_.user_id as user_id1_11_0_,
        roles0_.roles as roles2_11_0_ 
    from
        user_roles roles0_ 
    where
        roles0_.user_id=?
Hibernate: 
    select
        roles0_.user_id as user_id1_11_0_,
        roles0_.roles as roles2_11_0_ 
    from
        user_roles roles0_ 
    where
        roles0_.user_id=?
Hibernate: 
    select
        roles0_.user_id as user_id1_11_0_,
        roles0_.roles as roles2_11_0_ 
    from
        user_roles roles0_ 
    where
        roles0_.user_id=?
Hibernate: 
    insert 
    into
        meeting_pin
        (created_at, updated_at, category, content, user_id, date, latitude, longitude, max_age, min_age, set_gender, set_limit, title) 
    values
        (?, ?, ?, ?, ?, ?, ?, ?, ?, ?, ?, ?, ?)
Hibernate: 
    select
        user0_.id as id1_10_,
        user0_.created_at as created_2_10_,
        user0_.updated_at as updated_3_10_,
        user0_.age as age4_10_,
        user0_.background_image as backgrou5_10_,
        user0_.email as email6_10_,
        user0_.gender as gender7_10_,
        user0_.hobby as hobby8_10_,
        user0_.introduce as introduc9_10_,
        user0_.job as job10_10_,
        user0_.name as name11_10_,
        user0_.nick_name as nick_na12_10_,
        user0_.phone_num as phone_n13_10_,
        user0_.profile_image as profile14_10_,
        user0_.res_red_number as res_red15_10_,
        user0_.score as score16_10_ 
    from
        user user0_
Hibernate: 
    select
        roles0_.user_id as user_id1_11_0_,
        roles0_.roles as roles2_11_0_ 
    from
        user_roles roles0_ 
    where
        roles0_.user_id=?
Hibernate: 
    select
        roles0_.user_id as user_id1_11_0_,
        roles0_.roles as roles2_11_0_ 
    from
        user_roles roles0_ 
    where
        roles0_.user_id=?
Hibernate: 
    select
        roles0_.user_id as user_id1_11_0_,
        roles0_.roles as roles2_11_0_ 
    from
        user_roles roles0_ 
    where
        roles0_.user_id=?
Hibernate: 
    select
        roles0_.user_id as user_id1_11_0_,
        roles0_.roles as roles2_11_0_ 
    from
        user_roles roles0_ 
    where
        roles0_.user_id=?
Hibernate: 
    select
        roles0_.user_id as user_id1_11_0_,
        roles0_.roles as roles2_11_0_ 
    from
        user_roles roles0_ 
    where
        roles0_.user_id=?
Hibernate: 
    insert 
    into
        meeting_pin
        (created_at, updated_at, category, content, user_id, date, latitude, longitude, max_age, min_age, set_gender, set_limit, title) 
    values
        (?, ?, ?, ?, ?, ?, ?, ?, ?, ?, ?, ?, ?)
Hibernate: 
    select
        user0_.id as id1_10_,
        user0_.created_at as created_2_10_,
        user0_.updated_at as updated_3_10_,
        user0_.age as age4_10_,
        user0_.background_image as backgrou5_10_,
        user0_.email as email6_10_,
        user0_.gender as gender7_10_,
        user0_.hobby as hobby8_10_,
        user0_.introduce as introduc9_10_,
        user0_.job as job10_10_,
        user0_.name as name11_10_,
        user0_.nick_name as nick_na12_10_,
        user0_.phone_num as phone_n13_10_,
        user0_.profile_image as profile14_10_,
        user0_.res_red_number as res_red15_10_,
        user0_.score as score16_10_ 
    from
        user user0_
Hibernate: 
    select
        roles0_.user_id as user_id1_11_0_,
        roles0_.roles as roles2_11_0_ 
    from
        user_roles roles0_ 
    where
        roles0_.user_id=?
Hibernate: 
    select
        roles0_.user_id as user_id1_11_0_,
        roles0_.roles as roles2_11_0_ 
    from
        user_roles roles0_ 
    where
        roles0_.user_id=?
Hibernate: 
    select
        roles0_.user_id as user_id1_11_0_,
        roles0_.roles as roles2_11_0_ 
    from
        user_roles roles0_ 
    where
        roles0_.user_id=?
Hibernate: 
    select
        roles0_.user_id as user_id1_11_0_,
        roles0_.roles as roles2_11_0_ 
    from
        user_roles roles0_ 
    where
        roles0_.user_id=?
Hibernate: 
    select
        roles0_.user_id as user_id1_11_0_,
        roles0_.roles as roles2_11_0_ 
    from
        user_roles roles0_ 
    where
        roles0_.user_id=?
Hibernate: 
    insert 
    into
        meeting_pin
        (created_at, updated_at, category, content, user_id, date, latitude, longitude, max_age, min_age, set_gender, set_limit, title) 
    values
        (?, ?, ?, ?, ?, ?, ?, ?, ?, ?, ?, ?, ?)
Hibernate: 
    select
        user0_.id as id1_10_,
        user0_.created_at as created_2_10_,
        user0_.updated_at as updated_3_10_,
        user0_.age as age4_10_,
        user0_.background_image as backgrou5_10_,
        user0_.email as email6_10_,
        user0_.gender as gender7_10_,
        user0_.hobby as hobby8_10_,
        user0_.introduce as introduc9_10_,
        user0_.job as job10_10_,
        user0_.name as name11_10_,
        user0_.nick_name as nick_na12_10_,
        user0_.phone_num as phone_n13_10_,
        user0_.profile_image as profile14_10_,
        user0_.res_red_number as res_red15_10_,
        user0_.score as score16_10_ 
    from
        user user0_
Hibernate: 
    select
        roles0_.user_id as user_id1_11_0_,
        roles0_.roles as roles2_11_0_ 
    from
        user_roles roles0_ 
    where
        roles0_.user_id=?
Hibernate: 
    select
        roles0_.user_id as user_id1_11_0_,
        roles0_.roles as roles2_11_0_ 
    from
        user_roles roles0_ 
    where
        roles0_.user_id=?
Hibernate: 
    select
        roles0_.user_id as user_id1_11_0_,
        roles0_.roles as roles2_11_0_ 
    from
        user_roles roles0_ 
    where
        roles0_.user_id=?
Hibernate: 
    select
        roles0_.user_id as user_id1_11_0_,
        roles0_.roles as roles2_11_0_ 
    from
        user_roles roles0_ 
    where
        roles0_.user_id=?
Hibernate: 
    select
        roles0_.user_id as user_id1_11_0_,
        roles0_.roles as roles2_11_0_ 
    from
        user_roles roles0_ 
    where
        roles0_.user_id=?
Hibernate: 
    insert 
    into
        meeting_pin
        (created_at, updated_at, category, content, user_id, date, latitude, longitude, max_age, min_age, set_gender, set_limit, title) 
    values
        (?, ?, ?, ?, ?, ?, ?, ?, ?, ?, ?, ?, ?)
Hibernate: 
    select
        user0_.id as id1_10_,
        user0_.created_at as created_2_10_,
        user0_.updated_at as updated_3_10_,
        user0_.age as age4_10_,
        user0_.background_image as backgrou5_10_,
        user0_.email as email6_10_,
        user0_.gender as gender7_10_,
        user0_.hobby as hobby8_10_,
        user0_.introduce as introduc9_10_,
        user0_.job as job10_10_,
        user0_.name as name11_10_,
        user0_.nick_name as nick_na12_10_,
        user0_.phone_num as phone_n13_10_,
        user0_.profile_image as profile14_10_,
        user0_.res_red_number as res_red15_10_,
        user0_.score as score16_10_ 
    from
        user user0_
Hibernate: 
    select
        roles0_.user_id as user_id1_11_0_,
        roles0_.roles as roles2_11_0_ 
    from
        user_roles roles0_ 
    where
        roles0_.user_id=?
Hibernate: 
    select
        roles0_.user_id as user_id1_11_0_,
        roles0_.roles as roles2_11_0_ 
    from
        user_roles roles0_ 
    where
        roles0_.user_id=?
Hibernate: 
    select
        roles0_.user_id as user_id1_11_0_,
        roles0_.roles as roles2_11_0_ 
    from
        user_roles roles0_ 
    where
        roles0_.user_id=?
Hibernate: 
    select
        roles0_.user_id as user_id1_11_0_,
        roles0_.roles as roles2_11_0_ 
    from
        user_roles roles0_ 
    where
        roles0_.user_id=?
Hibernate: 
    select
        roles0_.user_id as user_id1_11_0_,
        roles0_.roles as roles2_11_0_ 
    from
        user_roles roles0_ 
    where
        roles0_.user_id=?
Hibernate: 
    insert 
    into
        meeting_pin
        (created_at, updated_at, category, content, user_id, date, latitude, longitude, max_age, min_age, set_gender, set_limit, title) 
    values
        (?, ?, ?, ?, ?, ?, ?, ?, ?, ?, ?, ?, ?)
Hibernate: 
    select
        user0_.id as id1_10_,
        user0_.created_at as created_2_10_,
        user0_.updated_at as updated_3_10_,
        user0_.age as age4_10_,
        user0_.background_image as backgrou5_10_,
        user0_.email as email6_10_,
        user0_.gender as gender7_10_,
        user0_.hobby as hobby8_10_,
        user0_.introduce as introduc9_10_,
        user0_.job as job10_10_,
        user0_.name as name11_10_,
        user0_.nick_name as nick_na12_10_,
        user0_.phone_num as phone_n13_10_,
        user0_.profile_image as profile14_10_,
        user0_.res_red_number as res_red15_10_,
        user0_.score as score16_10_ 
    from
        user user0_
Hibernate: 
    select
        roles0_.user_id as user_id1_11_0_,
        roles0_.roles as roles2_11_0_ 
    from
        user_roles roles0_ 
    where
        roles0_.user_id=?
Hibernate: 
    select
        roles0_.user_id as user_id1_11_0_,
        roles0_.roles as roles2_11_0_ 
    from
        user_roles roles0_ 
    where
        roles0_.user_id=?
Hibernate: 
    select
        roles0_.user_id as user_id1_11_0_,
        roles0_.roles as roles2_11_0_ 
    from
        user_roles roles0_ 
    where
        roles0_.user_id=?
Hibernate: 
    select
        roles0_.user_id as user_id1_11_0_,
        roles0_.roles as roles2_11_0_ 
    from
        user_roles roles0_ 
    where
        roles0_.user_id=?
Hibernate: 
    select
        roles0_.user_id as user_id1_11_0_,
        roles0_.roles as roles2_11_0_ 
    from
        user_roles roles0_ 
    where
        roles0_.user_id=?
Hibernate: 
    insert 
    into
        meeting_pin
        (created_at, updated_at, category, content, user_id, date, latitude, longitude, max_age, min_age, set_gender, set_limit, title) 
    values
        (?, ?, ?, ?, ?, ?, ?, ?, ?, ?, ?, ?, ?)
Hibernate: 
    select
        user0_.id as id1_10_,
        user0_.created_at as created_2_10_,
        user0_.updated_at as updated_3_10_,
        user0_.age as age4_10_,
        user0_.background_image as backgrou5_10_,
        user0_.email as email6_10_,
        user0_.gender as gender7_10_,
        user0_.hobby as hobby8_10_,
        user0_.introduce as introduc9_10_,
        user0_.job as job10_10_,
        user0_.name as name11_10_,
        user0_.nick_name as nick_na12_10_,
        user0_.phone_num as phone_n13_10_,
        user0_.profile_image as profile14_10_,
        user0_.res_red_number as res_red15_10_,
        user0_.score as score16_10_ 
    from
        user user0_
Hibernate: 
    select
        roles0_.user_id as user_id1_11_0_,
        roles0_.roles as roles2_11_0_ 
    from
        user_roles roles0_ 
    where
        roles0_.user_id=?
Hibernate: 
    select
        roles0_.user_id as user_id1_11_0_,
        roles0_.roles as roles2_11_0_ 
    from
        user_roles roles0_ 
    where
        roles0_.user_id=?
Hibernate: 
    select
        roles0_.user_id as user_id1_11_0_,
        roles0_.roles as roles2_11_0_ 
    from
        user_roles roles0_ 
    where
        roles0_.user_id=?
Hibernate: 
    select
        roles0_.user_id as user_id1_11_0_,
        roles0_.roles as roles2_11_0_ 
    from
        user_roles roles0_ 
    where
        roles0_.user_id=?
Hibernate: 
    select
        roles0_.user_id as user_id1_11_0_,
        roles0_.roles as roles2_11_0_ 
    from
        user_roles roles0_ 
    where
        roles0_.user_id=?
Hibernate: 
    insert 
    into
        meeting_pin
        (created_at, updated_at, category, content, user_id, date, latitude, longitude, max_age, min_age, set_gender, set_limit, title) 
    values
        (?, ?, ?, ?, ?, ?, ?, ?, ?, ?, ?, ?, ?)
Hibernate: 
    select
        user0_.id as id1_10_,
        user0_.created_at as created_2_10_,
        user0_.updated_at as updated_3_10_,
        user0_.age as age4_10_,
        user0_.background_image as backgrou5_10_,
        user0_.email as email6_10_,
        user0_.gender as gender7_10_,
        user0_.hobby as hobby8_10_,
        user0_.introduce as introduc9_10_,
        user0_.job as job10_10_,
        user0_.name as name11_10_,
        user0_.nick_name as nick_na12_10_,
        user0_.phone_num as phone_n13_10_,
        user0_.profile_image as profile14_10_,
        user0_.res_red_number as res_red15_10_,
        user0_.score as score16_10_ 
    from
        user user0_
Hibernate: 
    select
        roles0_.user_id as user_id1_11_0_,
        roles0_.roles as roles2_11_0_ 
    from
        user_roles roles0_ 
    where
        roles0_.user_id=?
Hibernate: 
    select
        roles0_.user_id as user_id1_11_0_,
        roles0_.roles as roles2_11_0_ 
    from
        user_roles roles0_ 
    where
        roles0_.user_id=?
Hibernate: 
    select
        roles0_.user_id as user_id1_11_0_,
        roles0_.roles as roles2_11_0_ 
    from
        user_roles roles0_ 
    where
        roles0_.user_id=?
Hibernate: 
    select
        roles0_.user_id as user_id1_11_0_,
        roles0_.roles as roles2_11_0_ 
    from
        user_roles roles0_ 
    where
        roles0_.user_id=?
Hibernate: 
    select
        roles0_.user_id as user_id1_11_0_,
        roles0_.roles as roles2_11_0_ 
    from
        user_roles roles0_ 
    where
        roles0_.user_id=?
Hibernate: 
    insert 
    into
        meeting_pin
        (created_at, updated_at, category, content, user_id, date, latitude, longitude, max_age, min_age, set_gender, set_limit, title) 
    values
        (?, ?, ?, ?, ?, ?, ?, ?, ?, ?, ?, ?, ?)
Hibernate: 
    select
        user0_.id as id1_10_,
        user0_.created_at as created_2_10_,
        user0_.updated_at as updated_3_10_,
        user0_.age as age4_10_,
        user0_.background_image as backgrou5_10_,
        user0_.email as email6_10_,
        user0_.gender as gender7_10_,
        user0_.hobby as hobby8_10_,
        user0_.introduce as introduc9_10_,
        user0_.job as job10_10_,
        user0_.name as name11_10_,
        user0_.nick_name as nick_na12_10_,
        user0_.phone_num as phone_n13_10_,
        user0_.profile_image as profile14_10_,
        user0_.res_red_number as res_red15_10_,
        user0_.score as score16_10_ 
    from
        user user0_
Hibernate: 
    select
        roles0_.user_id as user_id1_11_0_,
        roles0_.roles as roles2_11_0_ 
    from
        user_roles roles0_ 
    where
        roles0_.user_id=?
Hibernate: 
    select
        roles0_.user_id as user_id1_11_0_,
        roles0_.roles as roles2_11_0_ 
    from
        user_roles roles0_ 
    where
        roles0_.user_id=?
Hibernate: 
    select
        roles0_.user_id as user_id1_11_0_,
        roles0_.roles as roles2_11_0_ 
    from
        user_roles roles0_ 
    where
        roles0_.user_id=?
Hibernate: 
    select
        roles0_.user_id as user_id1_11_0_,
        roles0_.roles as roles2_11_0_ 
    from
        user_roles roles0_ 
    where
        roles0_.user_id=?
Hibernate: 
    select
        roles0_.user_id as user_id1_11_0_,
        roles0_.roles as roles2_11_0_ 
    from
        user_roles roles0_ 
    where
        roles0_.user_id=?
Hibernate: 
    insert 
    into
        meeting_pin
        (created_at, updated_at, category, content, user_id, date, latitude, longitude, max_age, min_age, set_gender, set_limit, title) 
    values
        (?, ?, ?, ?, ?, ?, ?, ?, ?, ?, ?, ?, ?)
Hibernate: 
    select
        user0_.id as id1_10_,
        user0_.created_at as created_2_10_,
        user0_.updated_at as updated_3_10_,
        user0_.age as age4_10_,
        user0_.background_image as backgrou5_10_,
        user0_.email as email6_10_,
        user0_.gender as gender7_10_,
        user0_.hobby as hobby8_10_,
        user0_.introduce as introduc9_10_,
        user0_.job as job10_10_,
        user0_.name as name11_10_,
        user0_.nick_name as nick_na12_10_,
        user0_.phone_num as phone_n13_10_,
        user0_.profile_image as profile14_10_,
        user0_.res_red_number as res_red15_10_,
        user0_.score as score16_10_ 
    from
        user user0_
Hibernate: 
    select
        roles0_.user_id as user_id1_11_0_,
        roles0_.roles as roles2_11_0_ 
    from
        user_roles roles0_ 
    where
        roles0_.user_id=?
Hibernate: 
    select
        roles0_.user_id as user_id1_11_0_,
        roles0_.roles as roles2_11_0_ 
    from
        user_roles roles0_ 
    where
        roles0_.user_id=?
Hibernate: 
    select
        roles0_.user_id as user_id1_11_0_,
        roles0_.roles as roles2_11_0_ 
    from
        user_roles roles0_ 
    where
        roles0_.user_id=?
Hibernate: 
    select
        roles0_.user_id as user_id1_11_0_,
        roles0_.roles as roles2_11_0_ 
    from
        user_roles roles0_ 
    where
        roles0_.user_id=?
Hibernate: 
    select
        roles0_.user_id as user_id1_11_0_,
        roles0_.roles as roles2_11_0_ 
    from
        user_roles roles0_ 
    where
        roles0_.user_id=?
Hibernate: 
    insert 
    into
        meeting_pin
        (created_at, updated_at, category, content, user_id, date, latitude, longitude, max_age, min_age, set_gender, set_limit, title) 
    values
        (?, ?, ?, ?, ?, ?, ?, ?, ?, ?, ?, ?, ?)
Hibernate: 
    select
        user0_.id as id1_10_,
        user0_.created_at as created_2_10_,
        user0_.updated_at as updated_3_10_,
        user0_.age as age4_10_,
        user0_.background_image as backgrou5_10_,
        user0_.email as email6_10_,
        user0_.gender as gender7_10_,
        user0_.hobby as hobby8_10_,
        user0_.introduce as introduc9_10_,
        user0_.job as job10_10_,
        user0_.name as name11_10_,
        user0_.nick_name as nick_na12_10_,
        user0_.phone_num as phone_n13_10_,
        user0_.profile_image as profile14_10_,
        user0_.res_red_number as res_red15_10_,
        user0_.score as score16_10_ 
    from
        user user0_
Hibernate: 
    select
        roles0_.user_id as user_id1_11_0_,
        roles0_.roles as roles2_11_0_ 
    from
        user_roles roles0_ 
    where
        roles0_.user_id=?
Hibernate: 
    select
        roles0_.user_id as user_id1_11_0_,
        roles0_.roles as roles2_11_0_ 
    from
        user_roles roles0_ 
    where
        roles0_.user_id=?
Hibernate: 
    select
        roles0_.user_id as user_id1_11_0_,
        roles0_.roles as roles2_11_0_ 
    from
        user_roles roles0_ 
    where
        roles0_.user_id=?
Hibernate: 
    select
        roles0_.user_id as user_id1_11_0_,
        roles0_.roles as roles2_11_0_ 
    from
        user_roles roles0_ 
    where
        roles0_.user_id=?
Hibernate: 
    select
        roles0_.user_id as user_id1_11_0_,
        roles0_.roles as roles2_11_0_ 
    from
        user_roles roles0_ 
    where
        roles0_.user_id=?
Hibernate: 
    insert 
    into
        meeting_pin
        (created_at, updated_at, category, content, user_id, date, latitude, longitude, max_age, min_age, set_gender, set_limit, title) 
    values
        (?, ?, ?, ?, ?, ?, ?, ?, ?, ?, ?, ?, ?)
Hibernate: 
    select
        user0_.id as id1_10_,
        user0_.created_at as created_2_10_,
        user0_.updated_at as updated_3_10_,
        user0_.age as age4_10_,
        user0_.background_image as backgrou5_10_,
        user0_.email as email6_10_,
        user0_.gender as gender7_10_,
        user0_.hobby as hobby8_10_,
        user0_.introduce as introduc9_10_,
        user0_.job as job10_10_,
        user0_.name as name11_10_,
        user0_.nick_name as nick_na12_10_,
        user0_.phone_num as phone_n13_10_,
        user0_.profile_image as profile14_10_,
        user0_.res_red_number as res_red15_10_,
        user0_.score as score16_10_ 
    from
        user user0_
Hibernate: 
    select
        roles0_.user_id as user_id1_11_0_,
        roles0_.roles as roles2_11_0_ 
    from
        user_roles roles0_ 
    where
        roles0_.user_id=?
Hibernate: 
    select
        roles0_.user_id as user_id1_11_0_,
        roles0_.roles as roles2_11_0_ 
    from
        user_roles roles0_ 
    where
        roles0_.user_id=?
Hibernate: 
    select
        roles0_.user_id as user_id1_11_0_,
        roles0_.roles as roles2_11_0_ 
    from
        user_roles roles0_ 
    where
        roles0_.user_id=?
Hibernate: 
    select
        roles0_.user_id as user_id1_11_0_,
        roles0_.roles as roles2_11_0_ 
    from
        user_roles roles0_ 
    where
        roles0_.user_id=?
Hibernate: 
    select
        roles0_.user_id as user_id1_11_0_,
        roles0_.roles as roles2_11_0_ 
    from
        user_roles roles0_ 
    where
        roles0_.user_id=?
Hibernate: 
    insert 
    into
        meeting_pin
        (created_at, updated_at, category, content, user_id, date, latitude, longitude, max_age, min_age, set_gender, set_limit, title) 
    values
        (?, ?, ?, ?, ?, ?, ?, ?, ?, ?, ?, ?, ?)
Hibernate: 
    select
        user0_.id as id1_10_,
        user0_.created_at as created_2_10_,
        user0_.updated_at as updated_3_10_,
        user0_.age as age4_10_,
        user0_.background_image as backgrou5_10_,
        user0_.email as email6_10_,
        user0_.gender as gender7_10_,
        user0_.hobby as hobby8_10_,
        user0_.introduce as introduc9_10_,
        user0_.job as job10_10_,
        user0_.name as name11_10_,
        user0_.nick_name as nick_na12_10_,
        user0_.phone_num as phone_n13_10_,
        user0_.profile_image as profile14_10_,
        user0_.res_red_number as res_red15_10_,
        user0_.score as score16_10_ 
    from
        user user0_
Hibernate: 
    select
        roles0_.user_id as user_id1_11_0_,
        roles0_.roles as roles2_11_0_ 
    from
        user_roles roles0_ 
    where
        roles0_.user_id=?
Hibernate: 
    select
        roles0_.user_id as user_id1_11_0_,
        roles0_.roles as roles2_11_0_ 
    from
        user_roles roles0_ 
    where
        roles0_.user_id=?
Hibernate: 
    select
        roles0_.user_id as user_id1_11_0_,
        roles0_.roles as roles2_11_0_ 
    from
        user_roles roles0_ 
    where
        roles0_.user_id=?
Hibernate: 
    select
        roles0_.user_id as user_id1_11_0_,
        roles0_.roles as roles2_11_0_ 
    from
        user_roles roles0_ 
    where
        roles0_.user_id=?
Hibernate: 
    select
        roles0_.user_id as user_id1_11_0_,
        roles0_.roles as roles2_11_0_ 
    from
        user_roles roles0_ 
    where
        roles0_.user_id=?
Hibernate: 
    insert 
    into
        meeting_pin
        (created_at, updated_at, category, content, user_id, date, latitude, longitude, max_age, min_age, set_gender, set_limit, title) 
    values
        (?, ?, ?, ?, ?, ?, ?, ?, ?, ?, ?, ?, ?)
Hibernate: 
    select
        user0_.id as id1_10_,
        user0_.created_at as created_2_10_,
        user0_.updated_at as updated_3_10_,
        user0_.age as age4_10_,
        user0_.background_image as backgrou5_10_,
        user0_.email as email6_10_,
        user0_.gender as gender7_10_,
        user0_.hobby as hobby8_10_,
        user0_.introduce as introduc9_10_,
        user0_.job as job10_10_,
        user0_.name as name11_10_,
        user0_.nick_name as nick_na12_10_,
        user0_.phone_num as phone_n13_10_,
        user0_.profile_image as profile14_10_,
        user0_.res_red_number as res_red15_10_,
        user0_.score as score16_10_ 
    from
        user user0_
Hibernate: 
    select
        roles0_.user_id as user_id1_11_0_,
        roles0_.roles as roles2_11_0_ 
    from
        user_roles roles0_ 
    where
        roles0_.user_id=?
Hibernate: 
    select
        roles0_.user_id as user_id1_11_0_,
        roles0_.roles as roles2_11_0_ 
    from
        user_roles roles0_ 
    where
        roles0_.user_id=?
Hibernate: 
    select
        roles0_.user_id as user_id1_11_0_,
        roles0_.roles as roles2_11_0_ 
    from
        user_roles roles0_ 
    where
        roles0_.user_id=?
Hibernate: 
    select
        roles0_.user_id as user_id1_11_0_,
        roles0_.roles as roles2_11_0_ 
    from
        user_roles roles0_ 
    where
        roles0_.user_id=?
Hibernate: 
    select
        roles0_.user_id as user_id1_11_0_,
        roles0_.roles as roles2_11_0_ 
    from
        user_roles roles0_ 
    where
        roles0_.user_id=?
Hibernate: 
    insert 
    into
        meeting_pin
        (created_at, updated_at, category, content, user_id, date, latitude, longitude, max_age, min_age, set_gender, set_limit, title) 
    values
        (?, ?, ?, ?, ?, ?, ?, ?, ?, ?, ?, ?, ?)
Hibernate: 
    select
        user0_.id as id1_10_,
        user0_.created_at as created_2_10_,
        user0_.updated_at as updated_3_10_,
        user0_.age as age4_10_,
        user0_.background_image as backgrou5_10_,
        user0_.email as email6_10_,
        user0_.gender as gender7_10_,
        user0_.hobby as hobby8_10_,
        user0_.introduce as introduc9_10_,
        user0_.job as job10_10_,
        user0_.name as name11_10_,
        user0_.nick_name as nick_na12_10_,
        user0_.phone_num as phone_n13_10_,
        user0_.profile_image as profile14_10_,
        user0_.res_red_number as res_red15_10_,
        user0_.score as score16_10_ 
    from
        user user0_
Hibernate: 
    select
        roles0_.user_id as user_id1_11_0_,
        roles0_.roles as roles2_11_0_ 
    from
        user_roles roles0_ 
    where
        roles0_.user_id=?
Hibernate: 
    select
        roles0_.user_id as user_id1_11_0_,
        roles0_.roles as roles2_11_0_ 
    from
        user_roles roles0_ 
    where
        roles0_.user_id=?
Hibernate: 
    select
        roles0_.user_id as user_id1_11_0_,
        roles0_.roles as roles2_11_0_ 
    from
        user_roles roles0_ 
    where
        roles0_.user_id=?
Hibernate: 
    select
        roles0_.user_id as user_id1_11_0_,
        roles0_.roles as roles2_11_0_ 
    from
        user_roles roles0_ 
    where
        roles0_.user_id=?
Hibernate: 
    select
        roles0_.user_id as user_id1_11_0_,
        roles0_.roles as roles2_11_0_ 
    from
        user_roles roles0_ 
    where
        roles0_.user_id=?
Hibernate: 
    insert 
    into
        meeting_pin
        (created_at, updated_at, category, content, user_id, date, latitude, longitude, max_age, min_age, set_gender, set_limit, title) 
    values
        (?, ?, ?, ?, ?, ?, ?, ?, ?, ?, ?, ?, ?)
Hibernate: 
    select
        user0_.id as id1_10_,
        user0_.created_at as created_2_10_,
        user0_.updated_at as updated_3_10_,
        user0_.age as age4_10_,
        user0_.background_image as backgrou5_10_,
        user0_.email as email6_10_,
        user0_.gender as gender7_10_,
        user0_.hobby as hobby8_10_,
        user0_.introduce as introduc9_10_,
        user0_.job as job10_10_,
        user0_.name as name11_10_,
        user0_.nick_name as nick_na12_10_,
        user0_.phone_num as phone_n13_10_,
        user0_.profile_image as profile14_10_,
        user0_.res_red_number as res_red15_10_,
        user0_.score as score16_10_ 
    from
        user user0_
Hibernate: 
    select
        roles0_.user_id as user_id1_11_0_,
        roles0_.roles as roles2_11_0_ 
    from
        user_roles roles0_ 
    where
        roles0_.user_id=?
Hibernate: 
    select
        roles0_.user_id as user_id1_11_0_,
        roles0_.roles as roles2_11_0_ 
    from
        user_roles roles0_ 
    where
        roles0_.user_id=?
Hibernate: 
    select
        roles0_.user_id as user_id1_11_0_,
        roles0_.roles as roles2_11_0_ 
    from
        user_roles roles0_ 
    where
        roles0_.user_id=?
Hibernate: 
    select
        roles0_.user_id as user_id1_11_0_,
        roles0_.roles as roles2_11_0_ 
    from
        user_roles roles0_ 
    where
        roles0_.user_id=?
Hibernate: 
    select
        roles0_.user_id as user_id1_11_0_,
        roles0_.roles as roles2_11_0_ 
    from
        user_roles roles0_ 
    where
        roles0_.user_id=?
Hibernate: 
    insert 
    into
        meeting_pin
        (created_at, updated_at, category, content, user_id, date, latitude, longitude, max_age, min_age, set_gender, set_limit, title) 
    values
        (?, ?, ?, ?, ?, ?, ?, ?, ?, ?, ?, ?, ?)
Hibernate: 
    select
        user0_.id as id1_10_,
        user0_.created_at as created_2_10_,
        user0_.updated_at as updated_3_10_,
        user0_.age as age4_10_,
        user0_.background_image as backgrou5_10_,
        user0_.email as email6_10_,
        user0_.gender as gender7_10_,
        user0_.hobby as hobby8_10_,
        user0_.introduce as introduc9_10_,
        user0_.job as job10_10_,
        user0_.name as name11_10_,
        user0_.nick_name as nick_na12_10_,
        user0_.phone_num as phone_n13_10_,
        user0_.profile_image as profile14_10_,
        user0_.res_red_number as res_red15_10_,
        user0_.score as score16_10_ 
    from
        user user0_
Hibernate: 
    select
        roles0_.user_id as user_id1_11_0_,
        roles0_.roles as roles2_11_0_ 
    from
        user_roles roles0_ 
    where
        roles0_.user_id=?
Hibernate: 
    select
        roles0_.user_id as user_id1_11_0_,
        roles0_.roles as roles2_11_0_ 
    from
        user_roles roles0_ 
    where
        roles0_.user_id=?
Hibernate: 
    select
        roles0_.user_id as user_id1_11_0_,
        roles0_.roles as roles2_11_0_ 
    from
        user_roles roles0_ 
    where
        roles0_.user_id=?
Hibernate: 
    select
        roles0_.user_id as user_id1_11_0_,
        roles0_.roles as roles2_11_0_ 
    from
        user_roles roles0_ 
    where
        roles0_.user_id=?
Hibernate: 
    select
        roles0_.user_id as user_id1_11_0_,
        roles0_.roles as roles2_11_0_ 
    from
        user_roles roles0_ 
    where
        roles0_.user_id=?
Hibernate: 
    insert 
    into
        meeting_pin
        (created_at, updated_at, category, content, user_id, date, latitude, longitude, max_age, min_age, set_gender, set_limit, title) 
    values
        (?, ?, ?, ?, ?, ?, ?, ?, ?, ?, ?, ?, ?)
Hibernate: 
    select
        user0_.id as id1_10_,
        user0_.created_at as created_2_10_,
        user0_.updated_at as updated_3_10_,
        user0_.age as age4_10_,
        user0_.background_image as backgrou5_10_,
        user0_.email as email6_10_,
        user0_.gender as gender7_10_,
        user0_.hobby as hobby8_10_,
        user0_.introduce as introduc9_10_,
        user0_.job as job10_10_,
        user0_.name as name11_10_,
        user0_.nick_name as nick_na12_10_,
        user0_.phone_num as phone_n13_10_,
        user0_.profile_image as profile14_10_,
        user0_.res_red_number as res_red15_10_,
        user0_.score as score16_10_ 
    from
        user user0_
Hibernate: 
    select
        roles0_.user_id as user_id1_11_0_,
        roles0_.roles as roles2_11_0_ 
    from
        user_roles roles0_ 
    where
        roles0_.user_id=?
Hibernate: 
    select
        roles0_.user_id as user_id1_11_0_,
        roles0_.roles as roles2_11_0_ 
    from
        user_roles roles0_ 
    where
        roles0_.user_id=?
Hibernate: 
    select
        roles0_.user_id as user_id1_11_0_,
        roles0_.roles as roles2_11_0_ 
    from
        user_roles roles0_ 
    where
        roles0_.user_id=?
Hibernate: 
    select
        roles0_.user_id as user_id1_11_0_,
        roles0_.roles as roles2_11_0_ 
    from
        user_roles roles0_ 
    where
        roles0_.user_id=?
Hibernate: 
    select
        roles0_.user_id as user_id1_11_0_,
        roles0_.roles as roles2_11_0_ 
    from
        user_roles roles0_ 
    where
        roles0_.user_id=?
Hibernate: 
    insert 
    into
        meeting_pin
        (created_at, updated_at, category, content, user_id, date, latitude, longitude, max_age, min_age, set_gender, set_limit, title) 
    values
        (?, ?, ?, ?, ?, ?, ?, ?, ?, ?, ?, ?, ?)
Hibernate: 
    select
        user0_.id as id1_10_,
        user0_.created_at as created_2_10_,
        user0_.updated_at as updated_3_10_,
        user0_.age as age4_10_,
        user0_.background_image as backgrou5_10_,
        user0_.email as email6_10_,
        user0_.gender as gender7_10_,
        user0_.hobby as hobby8_10_,
        user0_.introduce as introduc9_10_,
        user0_.job as job10_10_,
        user0_.name as name11_10_,
        user0_.nick_name as nick_na12_10_,
        user0_.phone_num as phone_n13_10_,
        user0_.profile_image as profile14_10_,
        user0_.res_red_number as res_red15_10_,
        user0_.score as score16_10_ 
    from
        user user0_
Hibernate: 
    select
        roles0_.user_id as user_id1_11_0_,
        roles0_.roles as roles2_11_0_ 
    from
        user_roles roles0_ 
    where
        roles0_.user_id=?
Hibernate: 
    select
        roles0_.user_id as user_id1_11_0_,
        roles0_.roles as roles2_11_0_ 
    from
        user_roles roles0_ 
    where
        roles0_.user_id=?
Hibernate: 
    select
        roles0_.user_id as user_id1_11_0_,
        roles0_.roles as roles2_11_0_ 
    from
        user_roles roles0_ 
    where
        roles0_.user_id=?
Hibernate: 
    select
        roles0_.user_id as user_id1_11_0_,
        roles0_.roles as roles2_11_0_ 
    from
        user_roles roles0_ 
    where
        roles0_.user_id=?
Hibernate: 
    select
        roles0_.user_id as user_id1_11_0_,
        roles0_.roles as roles2_11_0_ 
    from
        user_roles roles0_ 
    where
        roles0_.user_id=?
Hibernate: 
    insert 
    into
        meeting_pin
        (created_at, updated_at, category, content, user_id, date, latitude, longitude, max_age, min_age, set_gender, set_limit, title) 
    values
        (?, ?, ?, ?, ?, ?, ?, ?, ?, ?, ?, ?, ?)
Hibernate: 
    select
        user0_.id as id1_10_,
        user0_.created_at as created_2_10_,
        user0_.updated_at as updated_3_10_,
        user0_.age as age4_10_,
        user0_.background_image as backgrou5_10_,
        user0_.email as email6_10_,
        user0_.gender as gender7_10_,
        user0_.hobby as hobby8_10_,
        user0_.introduce as introduc9_10_,
        user0_.job as job10_10_,
        user0_.name as name11_10_,
        user0_.nick_name as nick_na12_10_,
        user0_.phone_num as phone_n13_10_,
        user0_.profile_image as profile14_10_,
        user0_.res_red_number as res_red15_10_,
        user0_.score as score16_10_ 
    from
        user user0_
Hibernate: 
    select
        roles0_.user_id as user_id1_11_0_,
        roles0_.roles as roles2_11_0_ 
    from
        user_roles roles0_ 
    where
        roles0_.user_id=?
Hibernate: 
    select
        roles0_.user_id as user_id1_11_0_,
        roles0_.roles as roles2_11_0_ 
    from
        user_roles roles0_ 
    where
        roles0_.user_id=?
Hibernate: 
    select
        roles0_.user_id as user_id1_11_0_,
        roles0_.roles as roles2_11_0_ 
    from
        user_roles roles0_ 
    where
        roles0_.user_id=?
Hibernate: 
    select
        roles0_.user_id as user_id1_11_0_,
        roles0_.roles as roles2_11_0_ 
    from
        user_roles roles0_ 
    where
        roles0_.user_id=?
Hibernate: 
    select
        roles0_.user_id as user_id1_11_0_,
        roles0_.roles as roles2_11_0_ 
    from
        user_roles roles0_ 
    where
        roles0_.user_id=?
Hibernate: 
    insert 
    into
        meeting_pin
        (created_at, updated_at, category, content, user_id, date, latitude, longitude, max_age, min_age, set_gender, set_limit, title) 
    values
        (?, ?, ?, ?, ?, ?, ?, ?, ?, ?, ?, ?, ?)
Hibernate: 
    select
        user0_.id as id1_10_,
        user0_.created_at as created_2_10_,
        user0_.updated_at as updated_3_10_,
        user0_.age as age4_10_,
        user0_.background_image as backgrou5_10_,
        user0_.email as email6_10_,
        user0_.gender as gender7_10_,
        user0_.hobby as hobby8_10_,
        user0_.introduce as introduc9_10_,
        user0_.job as job10_10_,
        user0_.name as name11_10_,
        user0_.nick_name as nick_na12_10_,
        user0_.phone_num as phone_n13_10_,
        user0_.profile_image as profile14_10_,
        user0_.res_red_number as res_red15_10_,
        user0_.score as score16_10_ 
    from
        user user0_
Hibernate: 
    select
        roles0_.user_id as user_id1_11_0_,
        roles0_.roles as roles2_11_0_ 
    from
        user_roles roles0_ 
    where
        roles0_.user_id=?
Hibernate: 
    select
        roles0_.user_id as user_id1_11_0_,
        roles0_.roles as roles2_11_0_ 
    from
        user_roles roles0_ 
    where
        roles0_.user_id=?
Hibernate: 
    select
        roles0_.user_id as user_id1_11_0_,
        roles0_.roles as roles2_11_0_ 
    from
        user_roles roles0_ 
    where
        roles0_.user_id=?
Hibernate: 
    select
        roles0_.user_id as user_id1_11_0_,
        roles0_.roles as roles2_11_0_ 
    from
        user_roles roles0_ 
    where
        roles0_.user_id=?
Hibernate: 
    select
        roles0_.user_id as user_id1_11_0_,
        roles0_.roles as roles2_11_0_ 
    from
        user_roles roles0_ 
    where
        roles0_.user_id=?
Hibernate: 
    insert 
    into
        meeting_pin
        (created_at, updated_at, category, content, user_id, date, latitude, longitude, max_age, min_age, set_gender, set_limit, title) 
    values
        (?, ?, ?, ?, ?, ?, ?, ?, ?, ?, ?, ?, ?)
Hibernate: 
    select
        user0_.id as id1_10_,
        user0_.created_at as created_2_10_,
        user0_.updated_at as updated_3_10_,
        user0_.age as age4_10_,
        user0_.background_image as backgrou5_10_,
        user0_.email as email6_10_,
        user0_.gender as gender7_10_,
        user0_.hobby as hobby8_10_,
        user0_.introduce as introduc9_10_,
        user0_.job as job10_10_,
        user0_.name as name11_10_,
        user0_.nick_name as nick_na12_10_,
        user0_.phone_num as phone_n13_10_,
        user0_.profile_image as profile14_10_,
        user0_.res_red_number as res_red15_10_,
        user0_.score as score16_10_ 
    from
        user user0_
Hibernate: 
    select
        roles0_.user_id as user_id1_11_0_,
        roles0_.roles as roles2_11_0_ 
    from
        user_roles roles0_ 
    where
        roles0_.user_id=?
Hibernate: 
    select
        roles0_.user_id as user_id1_11_0_,
        roles0_.roles as roles2_11_0_ 
    from
        user_roles roles0_ 
    where
        roles0_.user_id=?
Hibernate: 
    select
        roles0_.user_id as user_id1_11_0_,
        roles0_.roles as roles2_11_0_ 
    from
        user_roles roles0_ 
    where
        roles0_.user_id=?
Hibernate: 
    select
        roles0_.user_id as user_id1_11_0_,
        roles0_.roles as roles2_11_0_ 
    from
        user_roles roles0_ 
    where
        roles0_.user_id=?
Hibernate: 
    select
        roles0_.user_id as user_id1_11_0_,
        roles0_.roles as roles2_11_0_ 
    from
        user_roles roles0_ 
    where
        roles0_.user_id=?
Hibernate: 
    insert 
    into
        meeting_pin
        (created_at, updated_at, category, content, user_id, date, latitude, longitude, max_age, min_age, set_gender, set_limit, title) 
    values
        (?, ?, ?, ?, ?, ?, ?, ?, ?, ?, ?, ?, ?)
Hibernate: 
    select
        user0_.id as id1_10_,
        user0_.created_at as created_2_10_,
        user0_.updated_at as updated_3_10_,
        user0_.age as age4_10_,
        user0_.background_image as backgrou5_10_,
        user0_.email as email6_10_,
        user0_.gender as gender7_10_,
        user0_.hobby as hobby8_10_,
        user0_.introduce as introduc9_10_,
        user0_.job as job10_10_,
        user0_.name as name11_10_,
        user0_.nick_name as nick_na12_10_,
        user0_.phone_num as phone_n13_10_,
        user0_.profile_image as profile14_10_,
        user0_.res_red_number as res_red15_10_,
        user0_.score as score16_10_ 
    from
        user user0_
Hibernate: 
    select
        roles0_.user_id as user_id1_11_0_,
        roles0_.roles as roles2_11_0_ 
    from
        user_roles roles0_ 
    where
        roles0_.user_id=?
Hibernate: 
    select
        roles0_.user_id as user_id1_11_0_,
        roles0_.roles as roles2_11_0_ 
    from
        user_roles roles0_ 
    where
        roles0_.user_id=?
Hibernate: 
    select
        roles0_.user_id as user_id1_11_0_,
        roles0_.roles as roles2_11_0_ 
    from
        user_roles roles0_ 
    where
        roles0_.user_id=?
Hibernate: 
    select
        roles0_.user_id as user_id1_11_0_,
        roles0_.roles as roles2_11_0_ 
    from
        user_roles roles0_ 
    where
        roles0_.user_id=?
Hibernate: 
    select
        roles0_.user_id as user_id1_11_0_,
        roles0_.roles as roles2_11_0_ 
    from
        user_roles roles0_ 
    where
        roles0_.user_id=?
Hibernate: 
    insert 
    into
        meeting_pin
        (created_at, updated_at, category, content, user_id, date, latitude, longitude, max_age, min_age, set_gender, set_limit, title) 
    values
        (?, ?, ?, ?, ?, ?, ?, ?, ?, ?, ?, ?, ?)
Hibernate: 
    select
        user0_.id as id1_10_,
        user0_.created_at as created_2_10_,
        user0_.updated_at as updated_3_10_,
        user0_.age as age4_10_,
        user0_.background_image as backgrou5_10_,
        user0_.email as email6_10_,
        user0_.gender as gender7_10_,
        user0_.hobby as hobby8_10_,
        user0_.introduce as introduc9_10_,
        user0_.job as job10_10_,
        user0_.name as name11_10_,
        user0_.nick_name as nick_na12_10_,
        user0_.phone_num as phone_n13_10_,
        user0_.profile_image as profile14_10_,
        user0_.res_red_number as res_red15_10_,
        user0_.score as score16_10_ 
    from
        user user0_
Hibernate: 
    select
        roles0_.user_id as user_id1_11_0_,
        roles0_.roles as roles2_11_0_ 
    from
        user_roles roles0_ 
    where
        roles0_.user_id=?
Hibernate: 
    select
        roles0_.user_id as user_id1_11_0_,
        roles0_.roles as roles2_11_0_ 
    from
        user_roles roles0_ 
    where
        roles0_.user_id=?
Hibernate: 
    select
        roles0_.user_id as user_id1_11_0_,
        roles0_.roles as roles2_11_0_ 
    from
        user_roles roles0_ 
    where
        roles0_.user_id=?
Hibernate: 
    select
        roles0_.user_id as user_id1_11_0_,
        roles0_.roles as roles2_11_0_ 
    from
        user_roles roles0_ 
    where
        roles0_.user_id=?
Hibernate: 
    select
        roles0_.user_id as user_id1_11_0_,
        roles0_.roles as roles2_11_0_ 
    from
        user_roles roles0_ 
    where
        roles0_.user_id=?
Hibernate: 
    insert 
    into
        meeting_pin
        (created_at, updated_at, category, content, user_id, date, latitude, longitude, max_age, min_age, set_gender, set_limit, title) 
    values
        (?, ?, ?, ?, ?, ?, ?, ?, ?, ?, ?, ?, ?)
Hibernate: 
    select
        user0_.id as id1_10_,
        user0_.created_at as created_2_10_,
        user0_.updated_at as updated_3_10_,
        user0_.age as age4_10_,
        user0_.background_image as backgrou5_10_,
        user0_.email as email6_10_,
        user0_.gender as gender7_10_,
        user0_.hobby as hobby8_10_,
        user0_.introduce as introduc9_10_,
        user0_.job as job10_10_,
        user0_.name as name11_10_,
        user0_.nick_name as nick_na12_10_,
        user0_.phone_num as phone_n13_10_,
        user0_.profile_image as profile14_10_,
        user0_.res_red_number as res_red15_10_,
        user0_.score as score16_10_ 
    from
        user user0_
Hibernate: 
    select
        roles0_.user_id as user_id1_11_0_,
        roles0_.roles as roles2_11_0_ 
    from
        user_roles roles0_ 
    where
        roles0_.user_id=?
Hibernate: 
    select
        roles0_.user_id as user_id1_11_0_,
        roles0_.roles as roles2_11_0_ 
    from
        user_roles roles0_ 
    where
        roles0_.user_id=?
Hibernate: 
    select
        roles0_.user_id as user_id1_11_0_,
        roles0_.roles as roles2_11_0_ 
    from
        user_roles roles0_ 
    where
        roles0_.user_id=?
Hibernate: 
    select
        roles0_.user_id as user_id1_11_0_,
        roles0_.roles as roles2_11_0_ 
    from
        user_roles roles0_ 
    where
        roles0_.user_id=?
Hibernate: 
    select
        roles0_.user_id as user_id1_11_0_,
        roles0_.roles as roles2_11_0_ 
    from
        user_roles roles0_ 
    where
        roles0_.user_id=?
Hibernate: 
    insert 
    into
        meeting_pin
        (created_at, updated_at, category, content, user_id, date, latitude, longitude, max_age, min_age, set_gender, set_limit, title) 
    values
        (?, ?, ?, ?, ?, ?, ?, ?, ?, ?, ?, ?, ?)
Hibernate: 
    select
        user0_.id as id1_10_,
        user0_.created_at as created_2_10_,
        user0_.updated_at as updated_3_10_,
        user0_.age as age4_10_,
        user0_.background_image as backgrou5_10_,
        user0_.email as email6_10_,
        user0_.gender as gender7_10_,
        user0_.hobby as hobby8_10_,
        user0_.introduce as introduc9_10_,
        user0_.job as job10_10_,
        user0_.name as name11_10_,
        user0_.nick_name as nick_na12_10_,
        user0_.phone_num as phone_n13_10_,
        user0_.profile_image as profile14_10_,
        user0_.res_red_number as res_red15_10_,
        user0_.score as score16_10_ 
    from
        user user0_
Hibernate: 
    select
        roles0_.user_id as user_id1_11_0_,
        roles0_.roles as roles2_11_0_ 
    from
        user_roles roles0_ 
    where
        roles0_.user_id=?
Hibernate: 
    select
        roles0_.user_id as user_id1_11_0_,
        roles0_.roles as roles2_11_0_ 
    from
        user_roles roles0_ 
    where
        roles0_.user_id=?
Hibernate: 
    select
        roles0_.user_id as user_id1_11_0_,
        roles0_.roles as roles2_11_0_ 
    from
        user_roles roles0_ 
    where
        roles0_.user_id=?
Hibernate: 
    select
        roles0_.user_id as user_id1_11_0_,
        roles0_.roles as roles2_11_0_ 
    from
        user_roles roles0_ 
    where
        roles0_.user_id=?
Hibernate: 
    select
        roles0_.user_id as user_id1_11_0_,
        roles0_.roles as roles2_11_0_ 
    from
        user_roles roles0_ 
    where
        roles0_.user_id=?
Hibernate: 
    insert 
    into
        meeting_pin
        (created_at, updated_at, category, content, user_id, date, latitude, longitude, max_age, min_age, set_gender, set_limit, title) 
    values
        (?, ?, ?, ?, ?, ?, ?, ?, ?, ?, ?, ?, ?)
Hibernate: 
    select
        user0_.id as id1_10_,
        user0_.created_at as created_2_10_,
        user0_.updated_at as updated_3_10_,
        user0_.age as age4_10_,
        user0_.background_image as backgrou5_10_,
        user0_.email as email6_10_,
        user0_.gender as gender7_10_,
        user0_.hobby as hobby8_10_,
        user0_.introduce as introduc9_10_,
        user0_.job as job10_10_,
        user0_.name as name11_10_,
        user0_.nick_name as nick_na12_10_,
        user0_.phone_num as phone_n13_10_,
        user0_.profile_image as profile14_10_,
        user0_.res_red_number as res_red15_10_,
        user0_.score as score16_10_ 
    from
        user user0_
Hibernate: 
    select
        roles0_.user_id as user_id1_11_0_,
        roles0_.roles as roles2_11_0_ 
    from
        user_roles roles0_ 
    where
        roles0_.user_id=?
Hibernate: 
    select
        roles0_.user_id as user_id1_11_0_,
        roles0_.roles as roles2_11_0_ 
    from
        user_roles roles0_ 
    where
        roles0_.user_id=?
Hibernate: 
    select
        roles0_.user_id as user_id1_11_0_,
        roles0_.roles as roles2_11_0_ 
    from
        user_roles roles0_ 
    where
        roles0_.user_id=?
Hibernate: 
    select
        roles0_.user_id as user_id1_11_0_,
        roles0_.roles as roles2_11_0_ 
    from
        user_roles roles0_ 
    where
        roles0_.user_id=?
Hibernate: 
    select
        roles0_.user_id as user_id1_11_0_,
        roles0_.roles as roles2_11_0_ 
    from
        user_roles roles0_ 
    where
        roles0_.user_id=?
Hibernate: 
    insert 
    into
        meeting_pin
        (created_at, updated_at, category, content, user_id, date, latitude, longitude, max_age, min_age, set_gender, set_limit, title) 
    values
        (?, ?, ?, ?, ?, ?, ?, ?, ?, ?, ?, ?, ?)
Hibernate: 
    select
        user0_.id as id1_10_,
        user0_.created_at as created_2_10_,
        user0_.updated_at as updated_3_10_,
        user0_.age as age4_10_,
        user0_.background_image as backgrou5_10_,
        user0_.email as email6_10_,
        user0_.gender as gender7_10_,
        user0_.hobby as hobby8_10_,
        user0_.introduce as introduc9_10_,
        user0_.job as job10_10_,
        user0_.name as name11_10_,
        user0_.nick_name as nick_na12_10_,
        user0_.phone_num as phone_n13_10_,
        user0_.profile_image as profile14_10_,
        user0_.res_red_number as res_red15_10_,
        user0_.score as score16_10_ 
    from
        user user0_
Hibernate: 
    select
        roles0_.user_id as user_id1_11_0_,
        roles0_.roles as roles2_11_0_ 
    from
        user_roles roles0_ 
    where
        roles0_.user_id=?
Hibernate: 
    select
        roles0_.user_id as user_id1_11_0_,
        roles0_.roles as roles2_11_0_ 
    from
        user_roles roles0_ 
    where
        roles0_.user_id=?
Hibernate: 
    select
        roles0_.user_id as user_id1_11_0_,
        roles0_.roles as roles2_11_0_ 
    from
        user_roles roles0_ 
    where
        roles0_.user_id=?
Hibernate: 
    select
        roles0_.user_id as user_id1_11_0_,
        roles0_.roles as roles2_11_0_ 
    from
        user_roles roles0_ 
    where
        roles0_.user_id=?
Hibernate: 
    select
        roles0_.user_id as user_id1_11_0_,
        roles0_.roles as roles2_11_0_ 
    from
        user_roles roles0_ 
    where
        roles0_.user_id=?
Hibernate: 
    insert 
    into
        meeting_pin
        (created_at, updated_at, category, content, user_id, date, latitude, longitude, max_age, min_age, set_gender, set_limit, title) 
    values
        (?, ?, ?, ?, ?, ?, ?, ?, ?, ?, ?, ?, ?)
Hibernate: 
    select
        user0_.id as id1_10_,
        user0_.created_at as created_2_10_,
        user0_.updated_at as updated_3_10_,
        user0_.age as age4_10_,
        user0_.background_image as backgrou5_10_,
        user0_.email as email6_10_,
        user0_.gender as gender7_10_,
        user0_.hobby as hobby8_10_,
        user0_.introduce as introduc9_10_,
        user0_.job as job10_10_,
        user0_.name as name11_10_,
        user0_.nick_name as nick_na12_10_,
        user0_.phone_num as phone_n13_10_,
        user0_.profile_image as profile14_10_,
        user0_.res_red_number as res_red15_10_,
        user0_.score as score16_10_ 
    from
        user user0_
Hibernate: 
    select
        roles0_.user_id as user_id1_11_0_,
        roles0_.roles as roles2_11_0_ 
    from
        user_roles roles0_ 
    where
        roles0_.user_id=?
Hibernate: 
    select
        roles0_.user_id as user_id1_11_0_,
        roles0_.roles as roles2_11_0_ 
    from
        user_roles roles0_ 
    where
        roles0_.user_id=?
Hibernate: 
    select
        roles0_.user_id as user_id1_11_0_,
        roles0_.roles as roles2_11_0_ 
    from
        user_roles roles0_ 
    where
        roles0_.user_id=?
Hibernate: 
    select
        roles0_.user_id as user_id1_11_0_,
        roles0_.roles as roles2_11_0_ 
    from
        user_roles roles0_ 
    where
        roles0_.user_id=?
Hibernate: 
    select
        roles0_.user_id as user_id1_11_0_,
        roles0_.roles as roles2_11_0_ 
    from
        user_roles roles0_ 
    where
        roles0_.user_id=?
Hibernate: 
    insert 
    into
        meeting_pin
        (created_at, updated_at, category, content, user_id, date, latitude, longitude, max_age, min_age, set_gender, set_limit, title) 
    values
        (?, ?, ?, ?, ?, ?, ?, ?, ?, ?, ?, ?, ?)
Hibernate: 
    select
        user0_.id as id1_10_,
        user0_.created_at as created_2_10_,
        user0_.updated_at as updated_3_10_,
        user0_.age as age4_10_,
        user0_.background_image as backgrou5_10_,
        user0_.email as email6_10_,
        user0_.gender as gender7_10_,
        user0_.hobby as hobby8_10_,
        user0_.introduce as introduc9_10_,
        user0_.job as job10_10_,
        user0_.name as name11_10_,
        user0_.nick_name as nick_na12_10_,
        user0_.phone_num as phone_n13_10_,
        user0_.profile_image as profile14_10_,
        user0_.res_red_number as res_red15_10_,
        user0_.score as score16_10_ 
    from
        user user0_
Hibernate: 
    select
        roles0_.user_id as user_id1_11_0_,
        roles0_.roles as roles2_11_0_ 
    from
        user_roles roles0_ 
    where
        roles0_.user_id=?
Hibernate: 
    select
        roles0_.user_id as user_id1_11_0_,
        roles0_.roles as roles2_11_0_ 
    from
        user_roles roles0_ 
    where
        roles0_.user_id=?
Hibernate: 
    select
        roles0_.user_id as user_id1_11_0_,
        roles0_.roles as roles2_11_0_ 
    from
        user_roles roles0_ 
    where
        roles0_.user_id=?
Hibernate: 
    select
        roles0_.user_id as user_id1_11_0_,
        roles0_.roles as roles2_11_0_ 
    from
        user_roles roles0_ 
    where
        roles0_.user_id=?
Hibernate: 
    select
        roles0_.user_id as user_id1_11_0_,
        roles0_.roles as roles2_11_0_ 
    from
        user_roles roles0_ 
    where
        roles0_.user_id=?
Hibernate: 
    insert 
    into
        meeting_pin
        (created_at, updated_at, category, content, user_id, date, latitude, longitude, max_age, min_age, set_gender, set_limit, title) 
    values
        (?, ?, ?, ?, ?, ?, ?, ?, ?, ?, ?, ?, ?)
Hibernate: 
    select
        user0_.id as id1_10_,
        user0_.created_at as created_2_10_,
        user0_.updated_at as updated_3_10_,
        user0_.age as age4_10_,
        user0_.background_image as backgrou5_10_,
        user0_.email as email6_10_,
        user0_.gender as gender7_10_,
        user0_.hobby as hobby8_10_,
        user0_.introduce as introduc9_10_,
        user0_.job as job10_10_,
        user0_.name as name11_10_,
        user0_.nick_name as nick_na12_10_,
        user0_.phone_num as phone_n13_10_,
        user0_.profile_image as profile14_10_,
        user0_.res_red_number as res_red15_10_,
        user0_.score as score16_10_ 
    from
        user user0_
Hibernate: 
    select
        roles0_.user_id as user_id1_11_0_,
        roles0_.roles as roles2_11_0_ 
    from
        user_roles roles0_ 
    where
        roles0_.user_id=?
Hibernate: 
    select
        roles0_.user_id as user_id1_11_0_,
        roles0_.roles as roles2_11_0_ 
    from
        user_roles roles0_ 
    where
        roles0_.user_id=?
Hibernate: 
    select
        roles0_.user_id as user_id1_11_0_,
        roles0_.roles as roles2_11_0_ 
    from
        user_roles roles0_ 
    where
        roles0_.user_id=?
Hibernate: 
    select
        roles0_.user_id as user_id1_11_0_,
        roles0_.roles as roles2_11_0_ 
    from
        user_roles roles0_ 
    where
        roles0_.user_id=?
Hibernate: 
    select
        roles0_.user_id as user_id1_11_0_,
        roles0_.roles as roles2_11_0_ 
    from
        user_roles roles0_ 
    where
        roles0_.user_id=?
Hibernate: 
    insert 
    into
        meeting_pin
        (created_at, updated_at, category, content, user_id, date, latitude, longitude, max_age, min_age, set_gender, set_limit, title) 
    values
        (?, ?, ?, ?, ?, ?, ?, ?, ?, ?, ?, ?, ?)
Hibernate: 
    select
        user0_.id as id1_10_,
        user0_.created_at as created_2_10_,
        user0_.updated_at as updated_3_10_,
        user0_.age as age4_10_,
        user0_.background_image as backgrou5_10_,
        user0_.email as email6_10_,
        user0_.gender as gender7_10_,
        user0_.hobby as hobby8_10_,
        user0_.introduce as introduc9_10_,
        user0_.job as job10_10_,
        user0_.name as name11_10_,
        user0_.nick_name as nick_na12_10_,
        user0_.phone_num as phone_n13_10_,
        user0_.profile_image as profile14_10_,
        user0_.res_red_number as res_red15_10_,
        user0_.score as score16_10_ 
    from
        user user0_
Hibernate: 
    select
        roles0_.user_id as user_id1_11_0_,
        roles0_.roles as roles2_11_0_ 
    from
        user_roles roles0_ 
    where
        roles0_.user_id=?
Hibernate: 
    select
        roles0_.user_id as user_id1_11_0_,
        roles0_.roles as roles2_11_0_ 
    from
        user_roles roles0_ 
    where
        roles0_.user_id=?
Hibernate: 
    select
        roles0_.user_id as user_id1_11_0_,
        roles0_.roles as roles2_11_0_ 
    from
        user_roles roles0_ 
    where
        roles0_.user_id=?
Hibernate: 
    select
        roles0_.user_id as user_id1_11_0_,
        roles0_.roles as roles2_11_0_ 
    from
        user_roles roles0_ 
    where
        roles0_.user_id=?
Hibernate: 
    select
        roles0_.user_id as user_id1_11_0_,
        roles0_.roles as roles2_11_0_ 
    from
        user_roles roles0_ 
    where
        roles0_.user_id=?
Hibernate: 
    insert 
    into
        meeting_pin
        (created_at, updated_at, category, content, user_id, date, latitude, longitude, max_age, min_age, set_gender, set_limit, title) 
    values
        (?, ?, ?, ?, ?, ?, ?, ?, ?, ?, ?, ?, ?)
Hibernate: 
    select
        user0_.id as id1_10_,
        user0_.created_at as created_2_10_,
        user0_.updated_at as updated_3_10_,
        user0_.age as age4_10_,
        user0_.background_image as backgrou5_10_,
        user0_.email as email6_10_,
        user0_.gender as gender7_10_,
        user0_.hobby as hobby8_10_,
        user0_.introduce as introduc9_10_,
        user0_.job as job10_10_,
        user0_.name as name11_10_,
        user0_.nick_name as nick_na12_10_,
        user0_.phone_num as phone_n13_10_,
        user0_.profile_image as profile14_10_,
        user0_.res_red_number as res_red15_10_,
        user0_.score as score16_10_ 
    from
        user user0_
Hibernate: 
    select
        roles0_.user_id as user_id1_11_0_,
        roles0_.roles as roles2_11_0_ 
    from
        user_roles roles0_ 
    where
        roles0_.user_id=?
Hibernate: 
    select
        roles0_.user_id as user_id1_11_0_,
        roles0_.roles as roles2_11_0_ 
    from
        user_roles roles0_ 
    where
        roles0_.user_id=?
Hibernate: 
    select
        roles0_.user_id as user_id1_11_0_,
        roles0_.roles as roles2_11_0_ 
    from
        user_roles roles0_ 
    where
        roles0_.user_id=?
Hibernate: 
    select
        roles0_.user_id as user_id1_11_0_,
        roles0_.roles as roles2_11_0_ 
    from
        user_roles roles0_ 
    where
        roles0_.user_id=?
Hibernate: 
    select
        roles0_.user_id as user_id1_11_0_,
        roles0_.roles as roles2_11_0_ 
    from
        user_roles roles0_ 
    where
        roles0_.user_id=?
Hibernate: 
    insert 
    into
        meeting_pin
        (created_at, updated_at, category, content, user_id, date, latitude, longitude, max_age, min_age, set_gender, set_limit, title) 
    values
        (?, ?, ?, ?, ?, ?, ?, ?, ?, ?, ?, ?, ?)
Hibernate: 
    select
        user0_.id as id1_10_,
        user0_.created_at as created_2_10_,
        user0_.updated_at as updated_3_10_,
        user0_.age as age4_10_,
        user0_.background_image as backgrou5_10_,
        user0_.email as email6_10_,
        user0_.gender as gender7_10_,
        user0_.hobby as hobby8_10_,
        user0_.introduce as introduc9_10_,
        user0_.job as job10_10_,
        user0_.name as name11_10_,
        user0_.nick_name as nick_na12_10_,
        user0_.phone_num as phone_n13_10_,
        user0_.profile_image as profile14_10_,
        user0_.res_red_number as res_red15_10_,
        user0_.score as score16_10_ 
    from
        user user0_
Hibernate: 
    select
        roles0_.user_id as user_id1_11_0_,
        roles0_.roles as roles2_11_0_ 
    from
        user_roles roles0_ 
    where
        roles0_.user_id=?
Hibernate: 
    select
        roles0_.user_id as user_id1_11_0_,
        roles0_.roles as roles2_11_0_ 
    from
        user_roles roles0_ 
    where
        roles0_.user_id=?
Hibernate: 
    select
        roles0_.user_id as user_id1_11_0_,
        roles0_.roles as roles2_11_0_ 
    from
        user_roles roles0_ 
    where
        roles0_.user_id=?
Hibernate: 
    select
        roles0_.user_id as user_id1_11_0_,
        roles0_.roles as roles2_11_0_ 
    from
        user_roles roles0_ 
    where
        roles0_.user_id=?
Hibernate: 
    select
        roles0_.user_id as user_id1_11_0_,
        roles0_.roles as roles2_11_0_ 
    from
        user_roles roles0_ 
    where
        roles0_.user_id=?
Hibernate: 
    insert 
    into
        meeting_pin
        (created_at, updated_at, category, content, user_id, date, latitude, longitude, max_age, min_age, set_gender, set_limit, title) 
    values
        (?, ?, ?, ?, ?, ?, ?, ?, ?, ?, ?, ?, ?)
Hibernate: 
    select
        user0_.id as id1_10_,
        user0_.created_at as created_2_10_,
        user0_.updated_at as updated_3_10_,
        user0_.age as age4_10_,
        user0_.background_image as backgrou5_10_,
        user0_.email as email6_10_,
        user0_.gender as gender7_10_,
        user0_.hobby as hobby8_10_,
        user0_.introduce as introduc9_10_,
        user0_.job as job10_10_,
        user0_.name as name11_10_,
        user0_.nick_name as nick_na12_10_,
        user0_.phone_num as phone_n13_10_,
        user0_.profile_image as profile14_10_,
        user0_.res_red_number as res_red15_10_,
        user0_.score as score16_10_ 
    from
        user user0_
Hibernate: 
    select
        roles0_.user_id as user_id1_11_0_,
        roles0_.roles as roles2_11_0_ 
    from
        user_roles roles0_ 
    where
        roles0_.user_id=?
Hibernate: 
    select
        roles0_.user_id as user_id1_11_0_,
        roles0_.roles as roles2_11_0_ 
    from
        user_roles roles0_ 
    where
        roles0_.user_id=?
Hibernate: 
    select
        roles0_.user_id as user_id1_11_0_,
        roles0_.roles as roles2_11_0_ 
    from
        user_roles roles0_ 
    where
        roles0_.user_id=?
Hibernate: 
    select
        roles0_.user_id as user_id1_11_0_,
        roles0_.roles as roles2_11_0_ 
    from
        user_roles roles0_ 
    where
        roles0_.user_id=?
Hibernate: 
    select
        roles0_.user_id as user_id1_11_0_,
        roles0_.roles as roles2_11_0_ 
    from
        user_roles roles0_ 
    where
        roles0_.user_id=?
Hibernate: 
    insert 
    into
        meeting_pin
        (created_at, updated_at, category, content, user_id, date, latitude, longitude, max_age, min_age, set_gender, set_limit, title) 
    values
        (?, ?, ?, ?, ?, ?, ?, ?, ?, ?, ?, ?, ?)
Hibernate: 
    select
        user0_.id as id1_10_,
        user0_.created_at as created_2_10_,
        user0_.updated_at as updated_3_10_,
        user0_.age as age4_10_,
        user0_.background_image as backgrou5_10_,
        user0_.email as email6_10_,
        user0_.gender as gender7_10_,
        user0_.hobby as hobby8_10_,
        user0_.introduce as introduc9_10_,
        user0_.job as job10_10_,
        user0_.name as name11_10_,
        user0_.nick_name as nick_na12_10_,
        user0_.phone_num as phone_n13_10_,
        user0_.profile_image as profile14_10_,
        user0_.res_red_number as res_red15_10_,
        user0_.score as score16_10_ 
    from
        user user0_
Hibernate: 
    select
        roles0_.user_id as user_id1_11_0_,
        roles0_.roles as roles2_11_0_ 
    from
        user_roles roles0_ 
    where
        roles0_.user_id=?
Hibernate: 
    select
        roles0_.user_id as user_id1_11_0_,
        roles0_.roles as roles2_11_0_ 
    from
        user_roles roles0_ 
    where
        roles0_.user_id=?
Hibernate: 
    select
        roles0_.user_id as user_id1_11_0_,
        roles0_.roles as roles2_11_0_ 
    from
        user_roles roles0_ 
    where
        roles0_.user_id=?
Hibernate: 
    select
        roles0_.user_id as user_id1_11_0_,
        roles0_.roles as roles2_11_0_ 
    from
        user_roles roles0_ 
    where
        roles0_.user_id=?
Hibernate: 
    select
        roles0_.user_id as user_id1_11_0_,
        roles0_.roles as roles2_11_0_ 
    from
        user_roles roles0_ 
    where
        roles0_.user_id=?
Hibernate: 
    insert 
    into
        meeting_pin
        (created_at, updated_at, category, content, user_id, date, latitude, longitude, max_age, min_age, set_gender, set_limit, title) 
    values
        (?, ?, ?, ?, ?, ?, ?, ?, ?, ?, ?, ?, ?)
Hibernate: 
    select
        user0_.id as id1_10_,
        user0_.created_at as created_2_10_,
        user0_.updated_at as updated_3_10_,
        user0_.age as age4_10_,
        user0_.background_image as backgrou5_10_,
        user0_.email as email6_10_,
        user0_.gender as gender7_10_,
        user0_.hobby as hobby8_10_,
        user0_.introduce as introduc9_10_,
        user0_.job as job10_10_,
        user0_.name as name11_10_,
        user0_.nick_name as nick_na12_10_,
        user0_.phone_num as phone_n13_10_,
        user0_.profile_image as profile14_10_,
        user0_.res_red_number as res_red15_10_,
        user0_.score as score16_10_ 
    from
        user user0_
Hibernate: 
    select
        roles0_.user_id as user_id1_11_0_,
        roles0_.roles as roles2_11_0_ 
    from
        user_roles roles0_ 
    where
        roles0_.user_id=?
Hibernate: 
    select
        roles0_.user_id as user_id1_11_0_,
        roles0_.roles as roles2_11_0_ 
    from
        user_roles roles0_ 
    where
        roles0_.user_id=?
Hibernate: 
    select
        roles0_.user_id as user_id1_11_0_,
        roles0_.roles as roles2_11_0_ 
    from
        user_roles roles0_ 
    where
        roles0_.user_id=?
Hibernate: 
    select
        roles0_.user_id as user_id1_11_0_,
        roles0_.roles as roles2_11_0_ 
    from
        user_roles roles0_ 
    where
        roles0_.user_id=?
Hibernate: 
    select
        roles0_.user_id as user_id1_11_0_,
        roles0_.roles as roles2_11_0_ 
    from
        user_roles roles0_ 
    where
        roles0_.user_id=?
Hibernate: 
    insert 
    into
        meeting_pin
        (created_at, updated_at, category, content, user_id, date, latitude, longitude, max_age, min_age, set_gender, set_limit, title) 
    values
        (?, ?, ?, ?, ?, ?, ?, ?, ?, ?, ?, ?, ?)
Hibernate: 
    select
        user0_.id as id1_10_,
        user0_.created_at as created_2_10_,
        user0_.updated_at as updated_3_10_,
        user0_.age as age4_10_,
        user0_.background_image as backgrou5_10_,
        user0_.email as email6_10_,
        user0_.gender as gender7_10_,
        user0_.hobby as hobby8_10_,
        user0_.introduce as introduc9_10_,
        user0_.job as job10_10_,
        user0_.name as name11_10_,
        user0_.nick_name as nick_na12_10_,
        user0_.phone_num as phone_n13_10_,
        user0_.profile_image as profile14_10_,
        user0_.res_red_number as res_red15_10_,
        user0_.score as score16_10_ 
    from
        user user0_
Hibernate: 
    select
        roles0_.user_id as user_id1_11_0_,
        roles0_.roles as roles2_11_0_ 
    from
        user_roles roles0_ 
    where
        roles0_.user_id=?
Hibernate: 
    select
        roles0_.user_id as user_id1_11_0_,
        roles0_.roles as roles2_11_0_ 
    from
        user_roles roles0_ 
    where
        roles0_.user_id=?
Hibernate: 
    select
        roles0_.user_id as user_id1_11_0_,
        roles0_.roles as roles2_11_0_ 
    from
        user_roles roles0_ 
    where
        roles0_.user_id=?
Hibernate: 
    select
        roles0_.user_id as user_id1_11_0_,
        roles0_.roles as roles2_11_0_ 
    from
        user_roles roles0_ 
    where
        roles0_.user_id=?
Hibernate: 
    select
        roles0_.user_id as user_id1_11_0_,
        roles0_.roles as roles2_11_0_ 
    from
        user_roles roles0_ 
    where
        roles0_.user_id=?
Hibernate: 
    insert 
    into
        meeting_pin
        (created_at, updated_at, category, content, user_id, date, latitude, longitude, max_age, min_age, set_gender, set_limit, title) 
    values
        (?, ?, ?, ?, ?, ?, ?, ?, ?, ?, ?, ?, ?)
Hibernate: 
    select
        user0_.id as id1_10_,
        user0_.created_at as created_2_10_,
        user0_.updated_at as updated_3_10_,
        user0_.age as age4_10_,
        user0_.background_image as backgrou5_10_,
        user0_.email as email6_10_,
        user0_.gender as gender7_10_,
        user0_.hobby as hobby8_10_,
        user0_.introduce as introduc9_10_,
        user0_.job as job10_10_,
        user0_.name as name11_10_,
        user0_.nick_name as nick_na12_10_,
        user0_.phone_num as phone_n13_10_,
        user0_.profile_image as profile14_10_,
        user0_.res_red_number as res_red15_10_,
        user0_.score as score16_10_ 
    from
        user user0_
Hibernate: 
    select
        roles0_.user_id as user_id1_11_0_,
        roles0_.roles as roles2_11_0_ 
    from
        user_roles roles0_ 
    where
        roles0_.user_id=?
Hibernate: 
    select
        roles0_.user_id as user_id1_11_0_,
        roles0_.roles as roles2_11_0_ 
    from
        user_roles roles0_ 
    where
        roles0_.user_id=?
Hibernate: 
    select
        roles0_.user_id as user_id1_11_0_,
        roles0_.roles as roles2_11_0_ 
    from
        user_roles roles0_ 
    where
        roles0_.user_id=?
Hibernate: 
    select
        roles0_.user_id as user_id1_11_0_,
        roles0_.roles as roles2_11_0_ 
    from
        user_roles roles0_ 
    where
        roles0_.user_id=?
Hibernate: 
    select
        roles0_.user_id as user_id1_11_0_,
        roles0_.roles as roles2_11_0_ 
    from
        user_roles roles0_ 
    where
        roles0_.user_id=?
Hibernate: 
    insert 
    into
        meeting_pin
        (created_at, updated_at, category, content, user_id, date, latitude, longitude, max_age, min_age, set_gender, set_limit, title) 
    values
        (?, ?, ?, ?, ?, ?, ?, ?, ?, ?, ?, ?, ?)
Hibernate: 
    select
        user0_.id as id1_10_,
        user0_.created_at as created_2_10_,
        user0_.updated_at as updated_3_10_,
        user0_.age as age4_10_,
        user0_.background_image as backgrou5_10_,
        user0_.email as email6_10_,
        user0_.gender as gender7_10_,
        user0_.hobby as hobby8_10_,
        user0_.introduce as introduc9_10_,
        user0_.job as job10_10_,
        user0_.name as name11_10_,
        user0_.nick_name as nick_na12_10_,
        user0_.phone_num as phone_n13_10_,
        user0_.profile_image as profile14_10_,
        user0_.res_red_number as res_red15_10_,
        user0_.score as score16_10_ 
    from
        user user0_
Hibernate: 
    select
        roles0_.user_id as user_id1_11_0_,
        roles0_.roles as roles2_11_0_ 
    from
        user_roles roles0_ 
    where
        roles0_.user_id=?
Hibernate: 
    select
        roles0_.user_id as user_id1_11_0_,
        roles0_.roles as roles2_11_0_ 
    from
        user_roles roles0_ 
    where
        roles0_.user_id=?
Hibernate: 
    select
        roles0_.user_id as user_id1_11_0_,
        roles0_.roles as roles2_11_0_ 
    from
        user_roles roles0_ 
    where
        roles0_.user_id=?
Hibernate: 
    select
        roles0_.user_id as user_id1_11_0_,
        roles0_.roles as roles2_11_0_ 
    from
        user_roles roles0_ 
    where
        roles0_.user_id=?
Hibernate: 
    select
        roles0_.user_id as user_id1_11_0_,
        roles0_.roles as roles2_11_0_ 
    from
        user_roles roles0_ 
    where
        roles0_.user_id=?
Hibernate: 
    insert 
    into
        meeting_pin
        (created_at, updated_at, category, content, user_id, date, latitude, longitude, max_age, min_age, set_gender, set_limit, title) 
    values
        (?, ?, ?, ?, ?, ?, ?, ?, ?, ?, ?, ?, ?)
Hibernate: 
    select
        user0_.id as id1_10_,
        user0_.created_at as created_2_10_,
        user0_.updated_at as updated_3_10_,
        user0_.age as age4_10_,
        user0_.background_image as backgrou5_10_,
        user0_.email as email6_10_,
        user0_.gender as gender7_10_,
        user0_.hobby as hobby8_10_,
        user0_.introduce as introduc9_10_,
        user0_.job as job10_10_,
        user0_.name as name11_10_,
        user0_.nick_name as nick_na12_10_,
        user0_.phone_num as phone_n13_10_,
        user0_.profile_image as profile14_10_,
        user0_.res_red_number as res_red15_10_,
        user0_.score as score16_10_ 
    from
        user user0_
Hibernate: 
    select
        roles0_.user_id as user_id1_11_0_,
        roles0_.roles as roles2_11_0_ 
    from
        user_roles roles0_ 
    where
        roles0_.user_id=?
Hibernate: 
    select
        roles0_.user_id as user_id1_11_0_,
        roles0_.roles as roles2_11_0_ 
    from
        user_roles roles0_ 
    where
        roles0_.user_id=?
Hibernate: 
    select
        roles0_.user_id as user_id1_11_0_,
        roles0_.roles as roles2_11_0_ 
    from
        user_roles roles0_ 
    where
        roles0_.user_id=?
Hibernate: 
    select
        roles0_.user_id as user_id1_11_0_,
        roles0_.roles as roles2_11_0_ 
    from
        user_roles roles0_ 
    where
        roles0_.user_id=?
Hibernate: 
    select
        roles0_.user_id as user_id1_11_0_,
        roles0_.roles as roles2_11_0_ 
    from
        user_roles roles0_ 
    where
        roles0_.user_id=?
Hibernate: 
    insert 
    into
        meeting_pin
        (created_at, updated_at, category, content, user_id, date, latitude, longitude, max_age, min_age, set_gender, set_limit, title) 
    values
        (?, ?, ?, ?, ?, ?, ?, ?, ?, ?, ?, ?, ?)
Hibernate: 
    select
        user0_.id as id1_10_,
        user0_.created_at as created_2_10_,
        user0_.updated_at as updated_3_10_,
        user0_.age as age4_10_,
        user0_.background_image as backgrou5_10_,
        user0_.email as email6_10_,
        user0_.gender as gender7_10_,
        user0_.hobby as hobby8_10_,
        user0_.introduce as introduc9_10_,
        user0_.job as job10_10_,
        user0_.name as name11_10_,
        user0_.nick_name as nick_na12_10_,
        user0_.phone_num as phone_n13_10_,
        user0_.profile_image as profile14_10_,
        user0_.res_red_number as res_red15_10_,
        user0_.score as score16_10_ 
    from
        user user0_
Hibernate: 
    select
        roles0_.user_id as user_id1_11_0_,
        roles0_.roles as roles2_11_0_ 
    from
        user_roles roles0_ 
    where
        roles0_.user_id=?
Hibernate: 
    select
        roles0_.user_id as user_id1_11_0_,
        roles0_.roles as roles2_11_0_ 
    from
        user_roles roles0_ 
    where
        roles0_.user_id=?
Hibernate: 
    select
        roles0_.user_id as user_id1_11_0_,
        roles0_.roles as roles2_11_0_ 
    from
        user_roles roles0_ 
    where
        roles0_.user_id=?
Hibernate: 
    select
        roles0_.user_id as user_id1_11_0_,
        roles0_.roles as roles2_11_0_ 
    from
        user_roles roles0_ 
    where
        roles0_.user_id=?
Hibernate: 
    select
        roles0_.user_id as user_id1_11_0_,
        roles0_.roles as roles2_11_0_ 
    from
        user_roles roles0_ 
    where
        roles0_.user_id=?
Hibernate: 
    insert 
    into
        meeting_pin
        (created_at, updated_at, category, content, user_id, date, latitude, longitude, max_age, min_age, set_gender, set_limit, title) 
    values
        (?, ?, ?, ?, ?, ?, ?, ?, ?, ?, ?, ?, ?)
Hibernate: 
    select
        user0_.id as id1_10_,
        user0_.created_at as created_2_10_,
        user0_.updated_at as updated_3_10_,
        user0_.age as age4_10_,
        user0_.background_image as backgrou5_10_,
        user0_.email as email6_10_,
        user0_.gender as gender7_10_,
        user0_.hobby as hobby8_10_,
        user0_.introduce as introduc9_10_,
        user0_.job as job10_10_,
        user0_.name as name11_10_,
        user0_.nick_name as nick_na12_10_,
        user0_.phone_num as phone_n13_10_,
        user0_.profile_image as profile14_10_,
        user0_.res_red_number as res_red15_10_,
        user0_.score as score16_10_ 
    from
        user user0_
Hibernate: 
    select
        roles0_.user_id as user_id1_11_0_,
        roles0_.roles as roles2_11_0_ 
    from
        user_roles roles0_ 
    where
        roles0_.user_id=?
Hibernate: 
    select
        roles0_.user_id as user_id1_11_0_,
        roles0_.roles as roles2_11_0_ 
    from
        user_roles roles0_ 
    where
        roles0_.user_id=?
Hibernate: 
    select
        roles0_.user_id as user_id1_11_0_,
        roles0_.roles as roles2_11_0_ 
    from
        user_roles roles0_ 
    where
        roles0_.user_id=?
Hibernate: 
    select
        roles0_.user_id as user_id1_11_0_,
        roles0_.roles as roles2_11_0_ 
    from
        user_roles roles0_ 
    where
        roles0_.user_id=?
Hibernate: 
    select
        roles0_.user_id as user_id1_11_0_,
        roles0_.roles as roles2_11_0_ 
    from
        user_roles roles0_ 
    where
        roles0_.user_id=?
Hibernate: 
    insert 
    into
        meeting_pin
        (created_at, updated_at, category, content, user_id, date, latitude, longitude, max_age, min_age, set_gender, set_limit, title) 
    values
        (?, ?, ?, ?, ?, ?, ?, ?, ?, ?, ?, ?, ?)
Hibernate: 
    select
        user0_.id as id1_10_,
        user0_.created_at as created_2_10_,
        user0_.updated_at as updated_3_10_,
        user0_.age as age4_10_,
        user0_.background_image as backgrou5_10_,
        user0_.email as email6_10_,
        user0_.gender as gender7_10_,
        user0_.hobby as hobby8_10_,
        user0_.introduce as introduc9_10_,
        user0_.job as job10_10_,
        user0_.name as name11_10_,
        user0_.nick_name as nick_na12_10_,
        user0_.phone_num as phone_n13_10_,
        user0_.profile_image as profile14_10_,
        user0_.res_red_number as res_red15_10_,
        user0_.score as score16_10_ 
    from
        user user0_
Hibernate: 
    select
        roles0_.user_id as user_id1_11_0_,
        roles0_.roles as roles2_11_0_ 
    from
        user_roles roles0_ 
    where
        roles0_.user_id=?
Hibernate: 
    select
        roles0_.user_id as user_id1_11_0_,
        roles0_.roles as roles2_11_0_ 
    from
        user_roles roles0_ 
    where
        roles0_.user_id=?
Hibernate: 
    select
        roles0_.user_id as user_id1_11_0_,
        roles0_.roles as roles2_11_0_ 
    from
        user_roles roles0_ 
    where
        roles0_.user_id=?
Hibernate: 
    select
        roles0_.user_id as user_id1_11_0_,
        roles0_.roles as roles2_11_0_ 
    from
        user_roles roles0_ 
    where
        roles0_.user_id=?
Hibernate: 
    select
        roles0_.user_id as user_id1_11_0_,
        roles0_.roles as roles2_11_0_ 
    from
        user_roles roles0_ 
    where
        roles0_.user_id=?
Hibernate: 
    insert 
    into
        meeting_pin
        (created_at, updated_at, category, content, user_id, date, latitude, longitude, max_age, min_age, set_gender, set_limit, title) 
    values
        (?, ?, ?, ?, ?, ?, ?, ?, ?, ?, ?, ?, ?)
Hibernate: 
    select
        user0_.id as id1_10_,
        user0_.created_at as created_2_10_,
        user0_.updated_at as updated_3_10_,
        user0_.age as age4_10_,
        user0_.background_image as backgrou5_10_,
        user0_.email as email6_10_,
        user0_.gender as gender7_10_,
        user0_.hobby as hobby8_10_,
        user0_.introduce as introduc9_10_,
        user0_.job as job10_10_,
        user0_.name as name11_10_,
        user0_.nick_name as nick_na12_10_,
        user0_.phone_num as phone_n13_10_,
        user0_.profile_image as profile14_10_,
        user0_.res_red_number as res_red15_10_,
        user0_.score as score16_10_ 
    from
        user user0_
Hibernate: 
    select
        roles0_.user_id as user_id1_11_0_,
        roles0_.roles as roles2_11_0_ 
    from
        user_roles roles0_ 
    where
        roles0_.user_id=?
Hibernate: 
    select
        roles0_.user_id as user_id1_11_0_,
        roles0_.roles as roles2_11_0_ 
    from
        user_roles roles0_ 
    where
        roles0_.user_id=?
Hibernate: 
    select
        roles0_.user_id as user_id1_11_0_,
        roles0_.roles as roles2_11_0_ 
    from
        user_roles roles0_ 
    where
        roles0_.user_id=?
Hibernate: 
    select
        roles0_.user_id as user_id1_11_0_,
        roles0_.roles as roles2_11_0_ 
    from
        user_roles roles0_ 
    where
        roles0_.user_id=?
Hibernate: 
    select
        roles0_.user_id as user_id1_11_0_,
        roles0_.roles as roles2_11_0_ 
    from
        user_roles roles0_ 
    where
        roles0_.user_id=?
Hibernate: 
    insert 
    into
        meeting_pin
        (created_at, updated_at, category, content, user_id, date, latitude, longitude, max_age, min_age, set_gender, set_limit, title) 
    values
        (?, ?, ?, ?, ?, ?, ?, ?, ?, ?, ?, ?, ?)
Hibernate: 
    select
        user0_.id as id1_10_,
        user0_.created_at as created_2_10_,
        user0_.updated_at as updated_3_10_,
        user0_.age as age4_10_,
        user0_.background_image as backgrou5_10_,
        user0_.email as email6_10_,
        user0_.gender as gender7_10_,
        user0_.hobby as hobby8_10_,
        user0_.introduce as introduc9_10_,
        user0_.job as job10_10_,
        user0_.name as name11_10_,
        user0_.nick_name as nick_na12_10_,
        user0_.phone_num as phone_n13_10_,
        user0_.profile_image as profile14_10_,
        user0_.res_red_number as res_red15_10_,
        user0_.score as score16_10_ 
    from
        user user0_
Hibernate: 
    select
        roles0_.user_id as user_id1_11_0_,
        roles0_.roles as roles2_11_0_ 
    from
        user_roles roles0_ 
    where
        roles0_.user_id=?
Hibernate: 
    select
        roles0_.user_id as user_id1_11_0_,
        roles0_.roles as roles2_11_0_ 
    from
        user_roles roles0_ 
    where
        roles0_.user_id=?
Hibernate: 
    select
        roles0_.user_id as user_id1_11_0_,
        roles0_.roles as roles2_11_0_ 
    from
        user_roles roles0_ 
    where
        roles0_.user_id=?
Hibernate: 
    select
        roles0_.user_id as user_id1_11_0_,
        roles0_.roles as roles2_11_0_ 
    from
        user_roles roles0_ 
    where
        roles0_.user_id=?
Hibernate: 
    select
        roles0_.user_id as user_id1_11_0_,
        roles0_.roles as roles2_11_0_ 
    from
        user_roles roles0_ 
    where
        roles0_.user_id=?
Hibernate: 
    insert 
    into
        meeting_pin
        (created_at, updated_at, category, content, user_id, date, latitude, longitude, max_age, min_age, set_gender, set_limit, title) 
    values
        (?, ?, ?, ?, ?, ?, ?, ?, ?, ?, ?, ?, ?)
Hibernate: 
    select
        user0_.id as id1_10_,
        user0_.created_at as created_2_10_,
        user0_.updated_at as updated_3_10_,
        user0_.age as age4_10_,
        user0_.background_image as backgrou5_10_,
        user0_.email as email6_10_,
        user0_.gender as gender7_10_,
        user0_.hobby as hobby8_10_,
        user0_.introduce as introduc9_10_,
        user0_.job as job10_10_,
        user0_.name as name11_10_,
        user0_.nick_name as nick_na12_10_,
        user0_.phone_num as phone_n13_10_,
        user0_.profile_image as profile14_10_,
        user0_.res_red_number as res_red15_10_,
        user0_.score as score16_10_ 
    from
        user user0_
Hibernate: 
    select
        roles0_.user_id as user_id1_11_0_,
        roles0_.roles as roles2_11_0_ 
    from
        user_roles roles0_ 
    where
        roles0_.user_id=?
Hibernate: 
    select
        roles0_.user_id as user_id1_11_0_,
        roles0_.roles as roles2_11_0_ 
    from
        user_roles roles0_ 
    where
        roles0_.user_id=?
Hibernate: 
    select
        roles0_.user_id as user_id1_11_0_,
        roles0_.roles as roles2_11_0_ 
    from
        user_roles roles0_ 
    where
        roles0_.user_id=?
Hibernate: 
    select
        roles0_.user_id as user_id1_11_0_,
        roles0_.roles as roles2_11_0_ 
    from
        user_roles roles0_ 
    where
        roles0_.user_id=?
Hibernate: 
    select
        roles0_.user_id as user_id1_11_0_,
        roles0_.roles as roles2_11_0_ 
    from
        user_roles roles0_ 
    where
        roles0_.user_id=?
Hibernate: 
    insert 
    into
        meeting_pin
        (created_at, updated_at, category, content, user_id, date, latitude, longitude, max_age, min_age, set_gender, set_limit, title) 
    values
        (?, ?, ?, ?, ?, ?, ?, ?, ?, ?, ?, ?, ?)
Hibernate: 
    select
        user0_.id as id1_10_,
        user0_.created_at as created_2_10_,
        user0_.updated_at as updated_3_10_,
        user0_.age as age4_10_,
        user0_.background_image as backgrou5_10_,
        user0_.email as email6_10_,
        user0_.gender as gender7_10_,
        user0_.hobby as hobby8_10_,
        user0_.introduce as introduc9_10_,
        user0_.job as job10_10_,
        user0_.name as name11_10_,
        user0_.nick_name as nick_na12_10_,
        user0_.phone_num as phone_n13_10_,
        user0_.profile_image as profile14_10_,
        user0_.res_red_number as res_red15_10_,
        user0_.score as score16_10_ 
    from
        user user0_
Hibernate: 
    select
        roles0_.user_id as user_id1_11_0_,
        roles0_.roles as roles2_11_0_ 
    from
        user_roles roles0_ 
    where
        roles0_.user_id=?
Hibernate: 
    select
        roles0_.user_id as user_id1_11_0_,
        roles0_.roles as roles2_11_0_ 
    from
        user_roles roles0_ 
    where
        roles0_.user_id=?
Hibernate: 
    select
        roles0_.user_id as user_id1_11_0_,
        roles0_.roles as roles2_11_0_ 
    from
        user_roles roles0_ 
    where
        roles0_.user_id=?
Hibernate: 
    select
        roles0_.user_id as user_id1_11_0_,
        roles0_.roles as roles2_11_0_ 
    from
        user_roles roles0_ 
    where
        roles0_.user_id=?
Hibernate: 
    select
        roles0_.user_id as user_id1_11_0_,
        roles0_.roles as roles2_11_0_ 
    from
        user_roles roles0_ 
    where
        roles0_.user_id=?
Hibernate: 
    insert 
    into
        meeting_pin
        (created_at, updated_at, category, content, user_id, date, latitude, longitude, max_age, min_age, set_gender, set_limit, title) 
    values
        (?, ?, ?, ?, ?, ?, ?, ?, ?, ?, ?, ?, ?)
Hibernate: 
    select
        user0_.id as id1_10_,
        user0_.created_at as created_2_10_,
        user0_.updated_at as updated_3_10_,
        user0_.age as age4_10_,
        user0_.background_image as backgrou5_10_,
        user0_.email as email6_10_,
        user0_.gender as gender7_10_,
        user0_.hobby as hobby8_10_,
        user0_.introduce as introduc9_10_,
        user0_.job as job10_10_,
        user0_.name as name11_10_,
        user0_.nick_name as nick_na12_10_,
        user0_.phone_num as phone_n13_10_,
        user0_.profile_image as profile14_10_,
        user0_.res_red_number as res_red15_10_,
        user0_.score as score16_10_ 
    from
        user user0_
Hibernate: 
    select
        roles0_.user_id as user_id1_11_0_,
        roles0_.roles as roles2_11_0_ 
    from
        user_roles roles0_ 
    where
        roles0_.user_id=?
Hibernate: 
    select
        roles0_.user_id as user_id1_11_0_,
        roles0_.roles as roles2_11_0_ 
    from
        user_roles roles0_ 
    where
        roles0_.user_id=?
Hibernate: 
    select
        roles0_.user_id as user_id1_11_0_,
        roles0_.roles as roles2_11_0_ 
    from
        user_roles roles0_ 
    where
        roles0_.user_id=?
Hibernate: 
    select
        roles0_.user_id as user_id1_11_0_,
        roles0_.roles as roles2_11_0_ 
    from
        user_roles roles0_ 
    where
        roles0_.user_id=?
Hibernate: 
    select
        roles0_.user_id as user_id1_11_0_,
        roles0_.roles as roles2_11_0_ 
    from
        user_roles roles0_ 
    where
        roles0_.user_id=?
Hibernate: 
    insert 
    into
        meeting_pin
        (created_at, updated_at, category, content, user_id, date, latitude, longitude, max_age, min_age, set_gender, set_limit, title) 
    values
        (?, ?, ?, ?, ?, ?, ?, ?, ?, ?, ?, ?, ?)
Hibernate: 
    select
        user0_.id as id1_10_,
        user0_.created_at as created_2_10_,
        user0_.updated_at as updated_3_10_,
        user0_.age as age4_10_,
        user0_.background_image as backgrou5_10_,
        user0_.email as email6_10_,
        user0_.gender as gender7_10_,
        user0_.hobby as hobby8_10_,
        user0_.introduce as introduc9_10_,
        user0_.job as job10_10_,
        user0_.name as name11_10_,
        user0_.nick_name as nick_na12_10_,
        user0_.phone_num as phone_n13_10_,
        user0_.profile_image as profile14_10_,
        user0_.res_red_number as res_red15_10_,
        user0_.score as score16_10_ 
    from
        user user0_
Hibernate: 
    select
        roles0_.user_id as user_id1_11_0_,
        roles0_.roles as roles2_11_0_ 
    from
        user_roles roles0_ 
    where
        roles0_.user_id=?
Hibernate: 
    select
        roles0_.user_id as user_id1_11_0_,
        roles0_.roles as roles2_11_0_ 
    from
        user_roles roles0_ 
    where
        roles0_.user_id=?
Hibernate: 
    select
        roles0_.user_id as user_id1_11_0_,
        roles0_.roles as roles2_11_0_ 
    from
        user_roles roles0_ 
    where
        roles0_.user_id=?
Hibernate: 
    select
        roles0_.user_id as user_id1_11_0_,
        roles0_.roles as roles2_11_0_ 
    from
        user_roles roles0_ 
    where
        roles0_.user_id=?
Hibernate: 
    select
        roles0_.user_id as user_id1_11_0_,
        roles0_.roles as roles2_11_0_ 
    from
        user_roles roles0_ 
    where
        roles0_.user_id=?
Hibernate: 
    insert 
    into
        meeting_pin
        (created_at, updated_at, category, content, user_id, date, latitude, longitude, max_age, min_age, set_gender, set_limit, title) 
    values
        (?, ?, ?, ?, ?, ?, ?, ?, ?, ?, ?, ?, ?)
Hibernate: 
    select
        user0_.id as id1_10_,
        user0_.created_at as created_2_10_,
        user0_.updated_at as updated_3_10_,
        user0_.age as age4_10_,
        user0_.background_image as backgrou5_10_,
        user0_.email as email6_10_,
        user0_.gender as gender7_10_,
        user0_.hobby as hobby8_10_,
        user0_.introduce as introduc9_10_,
        user0_.job as job10_10_,
        user0_.name as name11_10_,
        user0_.nick_name as nick_na12_10_,
        user0_.phone_num as phone_n13_10_,
        user0_.profile_image as profile14_10_,
        user0_.res_red_number as res_red15_10_,
        user0_.score as score16_10_ 
    from
        user user0_
Hibernate: 
    select
        roles0_.user_id as user_id1_11_0_,
        roles0_.roles as roles2_11_0_ 
    from
        user_roles roles0_ 
    where
        roles0_.user_id=?
Hibernate: 
    select
        roles0_.user_id as user_id1_11_0_,
        roles0_.roles as roles2_11_0_ 
    from
        user_roles roles0_ 
    where
        roles0_.user_id=?
Hibernate: 
    select
        roles0_.user_id as user_id1_11_0_,
        roles0_.roles as roles2_11_0_ 
    from
        user_roles roles0_ 
    where
        roles0_.user_id=?
Hibernate: 
    select
        roles0_.user_id as user_id1_11_0_,
        roles0_.roles as roles2_11_0_ 
    from
        user_roles roles0_ 
    where
        roles0_.user_id=?
Hibernate: 
    select
        roles0_.user_id as user_id1_11_0_,
        roles0_.roles as roles2_11_0_ 
    from
        user_roles roles0_ 
    where
        roles0_.user_id=?
Hibernate: 
    insert 
    into
        meeting_pin
        (created_at, updated_at, category, content, user_id, date, latitude, longitude, max_age, min_age, set_gender, set_limit, title) 
    values
        (?, ?, ?, ?, ?, ?, ?, ?, ?, ?, ?, ?, ?)
Hibernate: 
    select
        user0_.id as id1_10_,
        user0_.created_at as created_2_10_,
        user0_.updated_at as updated_3_10_,
        user0_.age as age4_10_,
        user0_.background_image as backgrou5_10_,
        user0_.email as email6_10_,
        user0_.gender as gender7_10_,
        user0_.hobby as hobby8_10_,
        user0_.introduce as introduc9_10_,
        user0_.job as job10_10_,
        user0_.name as name11_10_,
        user0_.nick_name as nick_na12_10_,
        user0_.phone_num as phone_n13_10_,
        user0_.profile_image as profile14_10_,
        user0_.res_red_number as res_red15_10_,
        user0_.score as score16_10_ 
    from
        user user0_
Hibernate: 
    select
        roles0_.user_id as user_id1_11_0_,
        roles0_.roles as roles2_11_0_ 
    from
        user_roles roles0_ 
    where
        roles0_.user_id=?
Hibernate: 
    select
        roles0_.user_id as user_id1_11_0_,
        roles0_.roles as roles2_11_0_ 
    from
        user_roles roles0_ 
    where
        roles0_.user_id=?
Hibernate: 
    select
        roles0_.user_id as user_id1_11_0_,
        roles0_.roles as roles2_11_0_ 
    from
        user_roles roles0_ 
    where
        roles0_.user_id=?
Hibernate: 
    select
        roles0_.user_id as user_id1_11_0_,
        roles0_.roles as roles2_11_0_ 
    from
        user_roles roles0_ 
    where
        roles0_.user_id=?
Hibernate: 
    select
        roles0_.user_id as user_id1_11_0_,
        roles0_.roles as roles2_11_0_ 
    from
        user_roles roles0_ 
    where
        roles0_.user_id=?
Hibernate: 
    insert 
    into
        meeting_pin
        (created_at, updated_at, category, content, user_id, date, latitude, longitude, max_age, min_age, set_gender, set_limit, title) 
    values
        (?, ?, ?, ?, ?, ?, ?, ?, ?, ?, ?, ?, ?)
Hibernate: 
    select
        user0_.id as id1_10_,
        user0_.created_at as created_2_10_,
        user0_.updated_at as updated_3_10_,
        user0_.age as age4_10_,
        user0_.background_image as backgrou5_10_,
        user0_.email as email6_10_,
        user0_.gender as gender7_10_,
        user0_.hobby as hobby8_10_,
        user0_.introduce as introduc9_10_,
        user0_.job as job10_10_,
        user0_.name as name11_10_,
        user0_.nick_name as nick_na12_10_,
        user0_.phone_num as phone_n13_10_,
        user0_.profile_image as profile14_10_,
        user0_.res_red_number as res_red15_10_,
        user0_.score as score16_10_ 
    from
        user user0_
Hibernate: 
    select
        roles0_.user_id as user_id1_11_0_,
        roles0_.roles as roles2_11_0_ 
    from
        user_roles roles0_ 
    where
        roles0_.user_id=?
Hibernate: 
    select
        roles0_.user_id as user_id1_11_0_,
        roles0_.roles as roles2_11_0_ 
    from
        user_roles roles0_ 
    where
        roles0_.user_id=?
Hibernate: 
    select
        roles0_.user_id as user_id1_11_0_,
        roles0_.roles as roles2_11_0_ 
    from
        user_roles roles0_ 
    where
        roles0_.user_id=?
Hibernate: 
    select
        roles0_.user_id as user_id1_11_0_,
        roles0_.roles as roles2_11_0_ 
    from
        user_roles roles0_ 
    where
        roles0_.user_id=?
Hibernate: 
    select
        roles0_.user_id as user_id1_11_0_,
        roles0_.roles as roles2_11_0_ 
    from
        user_roles roles0_ 
    where
        roles0_.user_id=?
Hibernate: 
    insert 
    into
        meeting_pin
        (created_at, updated_at, category, content, user_id, date, latitude, longitude, max_age, min_age, set_gender, set_limit, title) 
    values
        (?, ?, ?, ?, ?, ?, ?, ?, ?, ?, ?, ?, ?)
Hibernate: 
    select
        user0_.id as id1_10_,
        user0_.created_at as created_2_10_,
        user0_.updated_at as updated_3_10_,
        user0_.age as age4_10_,
        user0_.background_image as backgrou5_10_,
        user0_.email as email6_10_,
        user0_.gender as gender7_10_,
        user0_.hobby as hobby8_10_,
        user0_.introduce as introduc9_10_,
        user0_.job as job10_10_,
        user0_.name as name11_10_,
        user0_.nick_name as nick_na12_10_,
        user0_.phone_num as phone_n13_10_,
        user0_.profile_image as profile14_10_,
        user0_.res_red_number as res_red15_10_,
        user0_.score as score16_10_ 
    from
        user user0_
Hibernate: 
    select
        roles0_.user_id as user_id1_11_0_,
        roles0_.roles as roles2_11_0_ 
    from
        user_roles roles0_ 
    where
        roles0_.user_id=?
Hibernate: 
    select
        roles0_.user_id as user_id1_11_0_,
        roles0_.roles as roles2_11_0_ 
    from
        user_roles roles0_ 
    where
        roles0_.user_id=?
Hibernate: 
    select
        roles0_.user_id as user_id1_11_0_,
        roles0_.roles as roles2_11_0_ 
    from
        user_roles roles0_ 
    where
        roles0_.user_id=?
Hibernate: 
    select
        roles0_.user_id as user_id1_11_0_,
        roles0_.roles as roles2_11_0_ 
    from
        user_roles roles0_ 
    where
        roles0_.user_id=?
Hibernate: 
    select
        roles0_.user_id as user_id1_11_0_,
        roles0_.roles as roles2_11_0_ 
    from
        user_roles roles0_ 
    where
        roles0_.user_id=?
Hibernate: 
    insert 
    into
        meeting_pin
        (created_at, updated_at, category, content, user_id, date, latitude, longitude, max_age, min_age, set_gender, set_limit, title) 
    values
        (?, ?, ?, ?, ?, ?, ?, ?, ?, ?, ?, ?, ?)
Hibernate: 
    select
        user0_.id as id1_10_,
        user0_.created_at as created_2_10_,
        user0_.updated_at as updated_3_10_,
        user0_.age as age4_10_,
        user0_.background_image as backgrou5_10_,
        user0_.email as email6_10_,
        user0_.gender as gender7_10_,
        user0_.hobby as hobby8_10_,
        user0_.introduce as introduc9_10_,
        user0_.job as job10_10_,
        user0_.name as name11_10_,
        user0_.nick_name as nick_na12_10_,
        user0_.phone_num as phone_n13_10_,
        user0_.profile_image as profile14_10_,
        user0_.res_red_number as res_red15_10_,
        user0_.score as score16_10_ 
    from
        user user0_
Hibernate: 
    select
        roles0_.user_id as user_id1_11_0_,
        roles0_.roles as roles2_11_0_ 
    from
        user_roles roles0_ 
    where
        roles0_.user_id=?
Hibernate: 
    select
        roles0_.user_id as user_id1_11_0_,
        roles0_.roles as roles2_11_0_ 
    from
        user_roles roles0_ 
    where
        roles0_.user_id=?
Hibernate: 
    select
        roles0_.user_id as user_id1_11_0_,
        roles0_.roles as roles2_11_0_ 
    from
        user_roles roles0_ 
    where
        roles0_.user_id=?
Hibernate: 
    select
        roles0_.user_id as user_id1_11_0_,
        roles0_.roles as roles2_11_0_ 
    from
        user_roles roles0_ 
    where
        roles0_.user_id=?
Hibernate: 
    select
        roles0_.user_id as user_id1_11_0_,
        roles0_.roles as roles2_11_0_ 
    from
        user_roles roles0_ 
    where
        roles0_.user_id=?
Hibernate: 
    insert 
    into
        meeting_pin
        (created_at, updated_at, category, content, user_id, date, latitude, longitude, max_age, min_age, set_gender, set_limit, title) 
    values
        (?, ?, ?, ?, ?, ?, ?, ?, ?, ?, ?, ?, ?)
Hibernate: 
    select
        user0_.id as id1_10_,
        user0_.created_at as created_2_10_,
        user0_.updated_at as updated_3_10_,
        user0_.age as age4_10_,
        user0_.background_image as backgrou5_10_,
        user0_.email as email6_10_,
        user0_.gender as gender7_10_,
        user0_.hobby as hobby8_10_,
        user0_.introduce as introduc9_10_,
        user0_.job as job10_10_,
        user0_.name as name11_10_,
        user0_.nick_name as nick_na12_10_,
        user0_.phone_num as phone_n13_10_,
        user0_.profile_image as profile14_10_,
        user0_.res_red_number as res_red15_10_,
        user0_.score as score16_10_ 
    from
        user user0_
Hibernate: 
    select
        roles0_.user_id as user_id1_11_0_,
        roles0_.roles as roles2_11_0_ 
    from
        user_roles roles0_ 
    where
        roles0_.user_id=?
Hibernate: 
    select
        roles0_.user_id as user_id1_11_0_,
        roles0_.roles as roles2_11_0_ 
    from
        user_roles roles0_ 
    where
        roles0_.user_id=?
Hibernate: 
    select
        roles0_.user_id as user_id1_11_0_,
        roles0_.roles as roles2_11_0_ 
    from
        user_roles roles0_ 
    where
        roles0_.user_id=?
Hibernate: 
    select
        roles0_.user_id as user_id1_11_0_,
        roles0_.roles as roles2_11_0_ 
    from
        user_roles roles0_ 
    where
        roles0_.user_id=?
Hibernate: 
    select
        roles0_.user_id as user_id1_11_0_,
        roles0_.roles as roles2_11_0_ 
    from
        user_roles roles0_ 
    where
        roles0_.user_id=?
Hibernate: 
    insert 
    into
        meeting_pin
        (created_at, updated_at, category, content, user_id, date, latitude, longitude, max_age, min_age, set_gender, set_limit, title) 
    values
        (?, ?, ?, ?, ?, ?, ?, ?, ?, ?, ?, ?, ?)
Hibernate: 
    select
        user0_.id as id1_10_,
        user0_.created_at as created_2_10_,
        user0_.updated_at as updated_3_10_,
        user0_.age as age4_10_,
        user0_.background_image as backgrou5_10_,
        user0_.email as email6_10_,
        user0_.gender as gender7_10_,
        user0_.hobby as hobby8_10_,
        user0_.introduce as introduc9_10_,
        user0_.job as job10_10_,
        user0_.name as name11_10_,
        user0_.nick_name as nick_na12_10_,
        user0_.phone_num as phone_n13_10_,
        user0_.profile_image as profile14_10_,
        user0_.res_red_number as res_red15_10_,
        user0_.score as score16_10_ 
    from
        user user0_
Hibernate: 
    select
        roles0_.user_id as user_id1_11_0_,
        roles0_.roles as roles2_11_0_ 
    from
        user_roles roles0_ 
    where
        roles0_.user_id=?
Hibernate: 
    select
        roles0_.user_id as user_id1_11_0_,
        roles0_.roles as roles2_11_0_ 
    from
        user_roles roles0_ 
    where
        roles0_.user_id=?
Hibernate: 
    select
        roles0_.user_id as user_id1_11_0_,
        roles0_.roles as roles2_11_0_ 
    from
        user_roles roles0_ 
    where
        roles0_.user_id=?
Hibernate: 
    select
        roles0_.user_id as user_id1_11_0_,
        roles0_.roles as roles2_11_0_ 
    from
        user_roles roles0_ 
    where
        roles0_.user_id=?
Hibernate: 
    select
        roles0_.user_id as user_id1_11_0_,
        roles0_.roles as roles2_11_0_ 
    from
        user_roles roles0_ 
    where
        roles0_.user_id=?
Hibernate: 
    insert 
    into
        meeting_pin
        (created_at, updated_at, category, content, user_id, date, latitude, longitude, max_age, min_age, set_gender, set_limit, title) 
    values
        (?, ?, ?, ?, ?, ?, ?, ?, ?, ?, ?, ?, ?)
Hibernate: 
    select
        user0_.id as id1_10_,
        user0_.created_at as created_2_10_,
        user0_.updated_at as updated_3_10_,
        user0_.age as age4_10_,
        user0_.background_image as backgrou5_10_,
        user0_.email as email6_10_,
        user0_.gender as gender7_10_,
        user0_.hobby as hobby8_10_,
        user0_.introduce as introduc9_10_,
        user0_.job as job10_10_,
        user0_.name as name11_10_,
        user0_.nick_name as nick_na12_10_,
        user0_.phone_num as phone_n13_10_,
        user0_.profile_image as profile14_10_,
        user0_.res_red_number as res_red15_10_,
        user0_.score as score16_10_ 
    from
        user user0_
Hibernate: 
    select
        roles0_.user_id as user_id1_11_0_,
        roles0_.roles as roles2_11_0_ 
    from
        user_roles roles0_ 
    where
        roles0_.user_id=?
Hibernate: 
    select
        roles0_.user_id as user_id1_11_0_,
        roles0_.roles as roles2_11_0_ 
    from
        user_roles roles0_ 
    where
        roles0_.user_id=?
Hibernate: 
    select
        roles0_.user_id as user_id1_11_0_,
        roles0_.roles as roles2_11_0_ 
    from
        user_roles roles0_ 
    where
        roles0_.user_id=?
Hibernate: 
    select
        roles0_.user_id as user_id1_11_0_,
        roles0_.roles as roles2_11_0_ 
    from
        user_roles roles0_ 
    where
        roles0_.user_id=?
Hibernate: 
    select
        roles0_.user_id as user_id1_11_0_,
        roles0_.roles as roles2_11_0_ 
    from
        user_roles roles0_ 
    where
        roles0_.user_id=?
Hibernate: 
    insert 
    into
        meeting_pin
        (created_at, updated_at, category, content, user_id, date, latitude, longitude, max_age, min_age, set_gender, set_limit, title) 
    values
        (?, ?, ?, ?, ?, ?, ?, ?, ?, ?, ?, ?, ?)
Hibernate: 
    select
        user0_.id as id1_10_,
        user0_.created_at as created_2_10_,
        user0_.updated_at as updated_3_10_,
        user0_.age as age4_10_,
        user0_.background_image as backgrou5_10_,
        user0_.email as email6_10_,
        user0_.gender as gender7_10_,
        user0_.hobby as hobby8_10_,
        user0_.introduce as introduc9_10_,
        user0_.job as job10_10_,
        user0_.name as name11_10_,
        user0_.nick_name as nick_na12_10_,
        user0_.phone_num as phone_n13_10_,
        user0_.profile_image as profile14_10_,
        user0_.res_red_number as res_red15_10_,
        user0_.score as score16_10_ 
    from
        user user0_
Hibernate: 
    select
        roles0_.user_id as user_id1_11_0_,
        roles0_.roles as roles2_11_0_ 
    from
        user_roles roles0_ 
    where
        roles0_.user_id=?
Hibernate: 
    select
        roles0_.user_id as user_id1_11_0_,
        roles0_.roles as roles2_11_0_ 
    from
        user_roles roles0_ 
    where
        roles0_.user_id=?
Hibernate: 
    select
        roles0_.user_id as user_id1_11_0_,
        roles0_.roles as roles2_11_0_ 
    from
        user_roles roles0_ 
    where
        roles0_.user_id=?
Hibernate: 
    select
        roles0_.user_id as user_id1_11_0_,
        roles0_.roles as roles2_11_0_ 
    from
        user_roles roles0_ 
    where
        roles0_.user_id=?
Hibernate: 
    select
        roles0_.user_id as user_id1_11_0_,
        roles0_.roles as roles2_11_0_ 
    from
        user_roles roles0_ 
    where
        roles0_.user_id=?
Hibernate: 
    insert 
    into
        meeting_pin
        (created_at, updated_at, category, content, user_id, date, latitude, longitude, max_age, min_age, set_gender, set_limit, title) 
    values
        (?, ?, ?, ?, ?, ?, ?, ?, ?, ?, ?, ?, ?)
Hibernate: 
    select
        user0_.id as id1_10_,
        user0_.created_at as created_2_10_,
        user0_.updated_at as updated_3_10_,
        user0_.age as age4_10_,
        user0_.background_image as backgrou5_10_,
        user0_.email as email6_10_,
        user0_.gender as gender7_10_,
        user0_.hobby as hobby8_10_,
        user0_.introduce as introduc9_10_,
        user0_.job as job10_10_,
        user0_.name as name11_10_,
        user0_.nick_name as nick_na12_10_,
        user0_.phone_num as phone_n13_10_,
        user0_.profile_image as profile14_10_,
        user0_.res_red_number as res_red15_10_,
        user0_.score as score16_10_ 
    from
        user user0_
Hibernate: 
    select
        roles0_.user_id as user_id1_11_0_,
        roles0_.roles as roles2_11_0_ 
    from
        user_roles roles0_ 
    where
        roles0_.user_id=?
Hibernate: 
    select
        roles0_.user_id as user_id1_11_0_,
        roles0_.roles as roles2_11_0_ 
    from
        user_roles roles0_ 
    where
        roles0_.user_id=?
Hibernate: 
    select
        roles0_.user_id as user_id1_11_0_,
        roles0_.roles as roles2_11_0_ 
    from
        user_roles roles0_ 
    where
        roles0_.user_id=?
Hibernate: 
    select
        roles0_.user_id as user_id1_11_0_,
        roles0_.roles as roles2_11_0_ 
    from
        user_roles roles0_ 
    where
        roles0_.user_id=?
Hibernate: 
    select
        roles0_.user_id as user_id1_11_0_,
        roles0_.roles as roles2_11_0_ 
    from
        user_roles roles0_ 
    where
        roles0_.user_id=?
Hibernate: 
    insert 
    into
        meeting_pin
        (created_at, updated_at, category, content, user_id, date, latitude, longitude, max_age, min_age, set_gender, set_limit, title) 
    values
        (?, ?, ?, ?, ?, ?, ?, ?, ?, ?, ?, ?, ?)
Hibernate: 
    select
        user0_.id as id1_10_,
        user0_.created_at as created_2_10_,
        user0_.updated_at as updated_3_10_,
        user0_.age as age4_10_,
        user0_.background_image as backgrou5_10_,
        user0_.email as email6_10_,
        user0_.gender as gender7_10_,
        user0_.hobby as hobby8_10_,
        user0_.introduce as introduc9_10_,
        user0_.job as job10_10_,
        user0_.name as name11_10_,
        user0_.nick_name as nick_na12_10_,
        user0_.phone_num as phone_n13_10_,
        user0_.profile_image as profile14_10_,
        user0_.res_red_number as res_red15_10_,
        user0_.score as score16_10_ 
    from
        user user0_
Hibernate: 
    select
        roles0_.user_id as user_id1_11_0_,
        roles0_.roles as roles2_11_0_ 
    from
        user_roles roles0_ 
    where
        roles0_.user_id=?
Hibernate: 
    select
        roles0_.user_id as user_id1_11_0_,
        roles0_.roles as roles2_11_0_ 
    from
        user_roles roles0_ 
    where
        roles0_.user_id=?
Hibernate: 
    select
        roles0_.user_id as user_id1_11_0_,
        roles0_.roles as roles2_11_0_ 
    from
        user_roles roles0_ 
    where
        roles0_.user_id=?
Hibernate: 
    select
        roles0_.user_id as user_id1_11_0_,
        roles0_.roles as roles2_11_0_ 
    from
        user_roles roles0_ 
    where
        roles0_.user_id=?
Hibernate: 
    select
        roles0_.user_id as user_id1_11_0_,
        roles0_.roles as roles2_11_0_ 
    from
        user_roles roles0_ 
    where
        roles0_.user_id=?
Hibernate: 
    insert 
    into
        meeting_pin
        (created_at, updated_at, category, content, user_id, date, latitude, longitude, max_age, min_age, set_gender, set_limit, title) 
    values
        (?, ?, ?, ?, ?, ?, ?, ?, ?, ?, ?, ?, ?)
Hibernate: 
    select
        user0_.id as id1_10_,
        user0_.created_at as created_2_10_,
        user0_.updated_at as updated_3_10_,
        user0_.age as age4_10_,
        user0_.background_image as backgrou5_10_,
        user0_.email as email6_10_,
        user0_.gender as gender7_10_,
        user0_.hobby as hobby8_10_,
        user0_.introduce as introduc9_10_,
        user0_.job as job10_10_,
        user0_.name as name11_10_,
        user0_.nick_name as nick_na12_10_,
        user0_.phone_num as phone_n13_10_,
        user0_.profile_image as profile14_10_,
        user0_.res_red_number as res_red15_10_,
        user0_.score as score16_10_ 
    from
        user user0_
Hibernate: 
    select
        roles0_.user_id as user_id1_11_0_,
        roles0_.roles as roles2_11_0_ 
    from
        user_roles roles0_ 
    where
        roles0_.user_id=?
Hibernate: 
    select
        roles0_.user_id as user_id1_11_0_,
        roles0_.roles as roles2_11_0_ 
    from
        user_roles roles0_ 
    where
        roles0_.user_id=?
Hibernate: 
    select
        roles0_.user_id as user_id1_11_0_,
        roles0_.roles as roles2_11_0_ 
    from
        user_roles roles0_ 
    where
        roles0_.user_id=?
Hibernate: 
    select
        roles0_.user_id as user_id1_11_0_,
        roles0_.roles as roles2_11_0_ 
    from
        user_roles roles0_ 
    where
        roles0_.user_id=?
Hibernate: 
    select
        roles0_.user_id as user_id1_11_0_,
        roles0_.roles as roles2_11_0_ 
    from
        user_roles roles0_ 
    where
        roles0_.user_id=?
Hibernate: 
    insert 
    into
        meeting_pin
        (created_at, updated_at, category, content, user_id, date, latitude, longitude, max_age, min_age, set_gender, set_limit, title) 
    values
        (?, ?, ?, ?, ?, ?, ?, ?, ?, ?, ?, ?, ?)
Hibernate: 
    select
        user0_.id as id1_10_,
        user0_.created_at as created_2_10_,
        user0_.updated_at as updated_3_10_,
        user0_.age as age4_10_,
        user0_.background_image as backgrou5_10_,
        user0_.email as email6_10_,
        user0_.gender as gender7_10_,
        user0_.hobby as hobby8_10_,
        user0_.introduce as introduc9_10_,
        user0_.job as job10_10_,
        user0_.name as name11_10_,
        user0_.nick_name as nick_na12_10_,
        user0_.phone_num as phone_n13_10_,
        user0_.profile_image as profile14_10_,
        user0_.res_red_number as res_red15_10_,
        user0_.score as score16_10_ 
    from
        user user0_
Hibernate: 
    select
        roles0_.user_id as user_id1_11_0_,
        roles0_.roles as roles2_11_0_ 
    from
        user_roles roles0_ 
    where
        roles0_.user_id=?
Hibernate: 
    select
        roles0_.user_id as user_id1_11_0_,
        roles0_.roles as roles2_11_0_ 
    from
        user_roles roles0_ 
    where
        roles0_.user_id=?
Hibernate: 
    select
        roles0_.user_id as user_id1_11_0_,
        roles0_.roles as roles2_11_0_ 
    from
        user_roles roles0_ 
    where
        roles0_.user_id=?
Hibernate: 
    select
        roles0_.user_id as user_id1_11_0_,
        roles0_.roles as roles2_11_0_ 
    from
        user_roles roles0_ 
    where
        roles0_.user_id=?
Hibernate: 
    select
        roles0_.user_id as user_id1_11_0_,
        roles0_.roles as roles2_11_0_ 
    from
        user_roles roles0_ 
    where
        roles0_.user_id=?
Hibernate: 
    insert 
    into
        meeting_pin
        (created_at, updated_at, category, content, user_id, date, latitude, longitude, max_age, min_age, set_gender, set_limit, title) 
    values
        (?, ?, ?, ?, ?, ?, ?, ?, ?, ?, ?, ?, ?)
Hibernate: 
    select
        user0_.id as id1_10_,
        user0_.created_at as created_2_10_,
        user0_.updated_at as updated_3_10_,
        user0_.age as age4_10_,
        user0_.background_image as backgrou5_10_,
        user0_.email as email6_10_,
        user0_.gender as gender7_10_,
        user0_.hobby as hobby8_10_,
        user0_.introduce as introduc9_10_,
        user0_.job as job10_10_,
        user0_.name as name11_10_,
        user0_.nick_name as nick_na12_10_,
        user0_.phone_num as phone_n13_10_,
        user0_.profile_image as profile14_10_,
        user0_.res_red_number as res_red15_10_,
        user0_.score as score16_10_ 
    from
        user user0_
Hibernate: 
    select
        roles0_.user_id as user_id1_11_0_,
        roles0_.roles as roles2_11_0_ 
    from
        user_roles roles0_ 
    where
        roles0_.user_id=?
Hibernate: 
    select
        roles0_.user_id as user_id1_11_0_,
        roles0_.roles as roles2_11_0_ 
    from
        user_roles roles0_ 
    where
        roles0_.user_id=?
Hibernate: 
    select
        roles0_.user_id as user_id1_11_0_,
        roles0_.roles as roles2_11_0_ 
    from
        user_roles roles0_ 
    where
        roles0_.user_id=?
Hibernate: 
    select
        roles0_.user_id as user_id1_11_0_,
        roles0_.roles as roles2_11_0_ 
    from
        user_roles roles0_ 
    where
        roles0_.user_id=?
Hibernate: 
    select
        roles0_.user_id as user_id1_11_0_,
        roles0_.roles as roles2_11_0_ 
    from
        user_roles roles0_ 
    where
        roles0_.user_id=?
Hibernate: 
    insert 
    into
        meeting_pin
        (created_at, updated_at, category, content, user_id, date, latitude, longitude, max_age, min_age, set_gender, set_limit, title) 
    values
        (?, ?, ?, ?, ?, ?, ?, ?, ?, ?, ?, ?, ?)
Hibernate: 
    select
        user0_.id as id1_10_,
        user0_.created_at as created_2_10_,
        user0_.updated_at as updated_3_10_,
        user0_.age as age4_10_,
        user0_.background_image as backgrou5_10_,
        user0_.email as email6_10_,
        user0_.gender as gender7_10_,
        user0_.hobby as hobby8_10_,
        user0_.introduce as introduc9_10_,
        user0_.job as job10_10_,
        user0_.name as name11_10_,
        user0_.nick_name as nick_na12_10_,
        user0_.phone_num as phone_n13_10_,
        user0_.profile_image as profile14_10_,
        user0_.res_red_number as res_red15_10_,
        user0_.score as score16_10_ 
    from
        user user0_
Hibernate: 
    select
        roles0_.user_id as user_id1_11_0_,
        roles0_.roles as roles2_11_0_ 
    from
        user_roles roles0_ 
    where
        roles0_.user_id=?
Hibernate: 
    select
        roles0_.user_id as user_id1_11_0_,
        roles0_.roles as roles2_11_0_ 
    from
        user_roles roles0_ 
    where
        roles0_.user_id=?
Hibernate: 
    select
        roles0_.user_id as user_id1_11_0_,
        roles0_.roles as roles2_11_0_ 
    from
        user_roles roles0_ 
    where
        roles0_.user_id=?
Hibernate: 
    select
        roles0_.user_id as user_id1_11_0_,
        roles0_.roles as roles2_11_0_ 
    from
        user_roles roles0_ 
    where
        roles0_.user_id=?
Hibernate: 
    select
        roles0_.user_id as user_id1_11_0_,
        roles0_.roles as roles2_11_0_ 
    from
        user_roles roles0_ 
    where
        roles0_.user_id=?
Hibernate: 
    insert 
    into
        meeting_pin
        (created_at, updated_at, category, content, user_id, date, latitude, longitude, max_age, min_age, set_gender, set_limit, title) 
    values
        (?, ?, ?, ?, ?, ?, ?, ?, ?, ?, ?, ?, ?)
Hibernate: 
    select
        user0_.id as id1_10_,
        user0_.created_at as created_2_10_,
        user0_.updated_at as updated_3_10_,
        user0_.age as age4_10_,
        user0_.background_image as backgrou5_10_,
        user0_.email as email6_10_,
        user0_.gender as gender7_10_,
        user0_.hobby as hobby8_10_,
        user0_.introduce as introduc9_10_,
        user0_.job as job10_10_,
        user0_.name as name11_10_,
        user0_.nick_name as nick_na12_10_,
        user0_.phone_num as phone_n13_10_,
        user0_.profile_image as profile14_10_,
        user0_.res_red_number as res_red15_10_,
        user0_.score as score16_10_ 
    from
        user user0_
Hibernate: 
    select
        roles0_.user_id as user_id1_11_0_,
        roles0_.roles as roles2_11_0_ 
    from
        user_roles roles0_ 
    where
        roles0_.user_id=?
Hibernate: 
    select
        roles0_.user_id as user_id1_11_0_,
        roles0_.roles as roles2_11_0_ 
    from
        user_roles roles0_ 
    where
        roles0_.user_id=?
Hibernate: 
    select
        roles0_.user_id as user_id1_11_0_,
        roles0_.roles as roles2_11_0_ 
    from
        user_roles roles0_ 
    where
        roles0_.user_id=?
Hibernate: 
    select
        roles0_.user_id as user_id1_11_0_,
        roles0_.roles as roles2_11_0_ 
    from
        user_roles roles0_ 
    where
        roles0_.user_id=?
Hibernate: 
    select
        roles0_.user_id as user_id1_11_0_,
        roles0_.roles as roles2_11_0_ 
    from
        user_roles roles0_ 
    where
        roles0_.user_id=?
Hibernate: 
    insert 
    into
        meeting_pin
        (created_at, updated_at, category, content, user_id, date, latitude, longitude, max_age, min_age, set_gender, set_limit, title) 
    values
        (?, ?, ?, ?, ?, ?, ?, ?, ?, ?, ?, ?, ?)
Hibernate: 
    select
        user0_.id as id1_10_,
        user0_.created_at as created_2_10_,
        user0_.updated_at as updated_3_10_,
        user0_.age as age4_10_,
        user0_.background_image as backgrou5_10_,
        user0_.email as email6_10_,
        user0_.gender as gender7_10_,
        user0_.hobby as hobby8_10_,
        user0_.introduce as introduc9_10_,
        user0_.job as job10_10_,
        user0_.name as name11_10_,
        user0_.nick_name as nick_na12_10_,
        user0_.phone_num as phone_n13_10_,
        user0_.profile_image as profile14_10_,
        user0_.res_red_number as res_red15_10_,
        user0_.score as score16_10_ 
    from
        user user0_
Hibernate: 
    select
        roles0_.user_id as user_id1_11_0_,
        roles0_.roles as roles2_11_0_ 
    from
        user_roles roles0_ 
    where
        roles0_.user_id=?
Hibernate: 
    select
        roles0_.user_id as user_id1_11_0_,
        roles0_.roles as roles2_11_0_ 
    from
        user_roles roles0_ 
    where
        roles0_.user_id=?
Hibernate: 
    select
        roles0_.user_id as user_id1_11_0_,
        roles0_.roles as roles2_11_0_ 
    from
        user_roles roles0_ 
    where
        roles0_.user_id=?
Hibernate: 
    select
        roles0_.user_id as user_id1_11_0_,
        roles0_.roles as roles2_11_0_ 
    from
        user_roles roles0_ 
    where
        roles0_.user_id=?
Hibernate: 
    select
        roles0_.user_id as user_id1_11_0_,
        roles0_.roles as roles2_11_0_ 
    from
        user_roles roles0_ 
    where
        roles0_.user_id=?
Hibernate: 
    insert 
    into
        meeting_pin
        (created_at, updated_at, category, content, user_id, date, latitude, longitude, max_age, min_age, set_gender, set_limit, title) 
    values
        (?, ?, ?, ?, ?, ?, ?, ?, ?, ?, ?, ?, ?)
Hibernate: 
    select
        user0_.id as id1_10_,
        user0_.created_at as created_2_10_,
        user0_.updated_at as updated_3_10_,
        user0_.age as age4_10_,
        user0_.background_image as backgrou5_10_,
        user0_.email as email6_10_,
        user0_.gender as gender7_10_,
        user0_.hobby as hobby8_10_,
        user0_.introduce as introduc9_10_,
        user0_.job as job10_10_,
        user0_.name as name11_10_,
        user0_.nick_name as nick_na12_10_,
        user0_.phone_num as phone_n13_10_,
        user0_.profile_image as profile14_10_,
        user0_.res_red_number as res_red15_10_,
        user0_.score as score16_10_ 
    from
        user user0_
Hibernate: 
    select
        roles0_.user_id as user_id1_11_0_,
        roles0_.roles as roles2_11_0_ 
    from
        user_roles roles0_ 
    where
        roles0_.user_id=?
Hibernate: 
    select
        roles0_.user_id as user_id1_11_0_,
        roles0_.roles as roles2_11_0_ 
    from
        user_roles roles0_ 
    where
        roles0_.user_id=?
Hibernate: 
    select
        roles0_.user_id as user_id1_11_0_,
        roles0_.roles as roles2_11_0_ 
    from
        user_roles roles0_ 
    where
        roles0_.user_id=?
Hibernate: 
    select
        roles0_.user_id as user_id1_11_0_,
        roles0_.roles as roles2_11_0_ 
    from
        user_roles roles0_ 
    where
        roles0_.user_id=?
Hibernate: 
    select
        roles0_.user_id as user_id1_11_0_,
        roles0_.roles as roles2_11_0_ 
    from
        user_roles roles0_ 
    where
        roles0_.user_id=?
Hibernate: 
    insert 
    into
        meeting_pin
        (created_at, updated_at, category, content, user_id, date, latitude, longitude, max_age, min_age, set_gender, set_limit, title) 
    values
        (?, ?, ?, ?, ?, ?, ?, ?, ?, ?, ?, ?, ?)
Hibernate: 
    select
        user0_.id as id1_10_,
        user0_.created_at as created_2_10_,
        user0_.updated_at as updated_3_10_,
        user0_.age as age4_10_,
        user0_.background_image as backgrou5_10_,
        user0_.email as email6_10_,
        user0_.gender as gender7_10_,
        user0_.hobby as hobby8_10_,
        user0_.introduce as introduc9_10_,
        user0_.job as job10_10_,
        user0_.name as name11_10_,
        user0_.nick_name as nick_na12_10_,
        user0_.phone_num as phone_n13_10_,
        user0_.profile_image as profile14_10_,
        user0_.res_red_number as res_red15_10_,
        user0_.score as score16_10_ 
    from
        user user0_
Hibernate: 
    select
        roles0_.user_id as user_id1_11_0_,
        roles0_.roles as roles2_11_0_ 
    from
        user_roles roles0_ 
    where
        roles0_.user_id=?
Hibernate: 
    select
        roles0_.user_id as user_id1_11_0_,
        roles0_.roles as roles2_11_0_ 
    from
        user_roles roles0_ 
    where
        roles0_.user_id=?
Hibernate: 
    select
        roles0_.user_id as user_id1_11_0_,
        roles0_.roles as roles2_11_0_ 
    from
        user_roles roles0_ 
    where
        roles0_.user_id=?
Hibernate: 
    select
        roles0_.user_id as user_id1_11_0_,
        roles0_.roles as roles2_11_0_ 
    from
        user_roles roles0_ 
    where
        roles0_.user_id=?
Hibernate: 
    select
        roles0_.user_id as user_id1_11_0_,
        roles0_.roles as roles2_11_0_ 
    from
        user_roles roles0_ 
    where
        roles0_.user_id=?
Hibernate: 
    insert 
    into
        meeting_pin
        (created_at, updated_at, category, content, user_id, date, latitude, longitude, max_age, min_age, set_gender, set_limit, title) 
    values
        (?, ?, ?, ?, ?, ?, ?, ?, ?, ?, ?, ?, ?)
Hibernate: 
    select
        user0_.id as id1_10_,
        user0_.created_at as created_2_10_,
        user0_.updated_at as updated_3_10_,
        user0_.age as age4_10_,
        user0_.background_image as backgrou5_10_,
        user0_.email as email6_10_,
        user0_.gender as gender7_10_,
        user0_.hobby as hobby8_10_,
        user0_.introduce as introduc9_10_,
        user0_.job as job10_10_,
        user0_.name as name11_10_,
        user0_.nick_name as nick_na12_10_,
        user0_.phone_num as phone_n13_10_,
        user0_.profile_image as profile14_10_,
        user0_.res_red_number as res_red15_10_,
        user0_.score as score16_10_ 
    from
        user user0_
Hibernate: 
    select
        roles0_.user_id as user_id1_11_0_,
        roles0_.roles as roles2_11_0_ 
    from
        user_roles roles0_ 
    where
        roles0_.user_id=?
Hibernate: 
    select
        roles0_.user_id as user_id1_11_0_,
        roles0_.roles as roles2_11_0_ 
    from
        user_roles roles0_ 
    where
        roles0_.user_id=?
Hibernate: 
    select
        roles0_.user_id as user_id1_11_0_,
        roles0_.roles as roles2_11_0_ 
    from
        user_roles roles0_ 
    where
        roles0_.user_id=?
Hibernate: 
    select
        roles0_.user_id as user_id1_11_0_,
        roles0_.roles as roles2_11_0_ 
    from
        user_roles roles0_ 
    where
        roles0_.user_id=?
Hibernate: 
    select
        roles0_.user_id as user_id1_11_0_,
        roles0_.roles as roles2_11_0_ 
    from
        user_roles roles0_ 
    where
        roles0_.user_id=?
Hibernate: 
    insert 
    into
        meeting_pin
        (created_at, updated_at, category, content, user_id, date, latitude, longitude, max_age, min_age, set_gender, set_limit, title) 
    values
        (?, ?, ?, ?, ?, ?, ?, ?, ?, ?, ?, ?, ?)
Hibernate: 
    select
        user0_.id as id1_10_,
        user0_.created_at as created_2_10_,
        user0_.updated_at as updated_3_10_,
        user0_.age as age4_10_,
        user0_.background_image as backgrou5_10_,
        user0_.email as email6_10_,
        user0_.gender as gender7_10_,
        user0_.hobby as hobby8_10_,
        user0_.introduce as introduc9_10_,
        user0_.job as job10_10_,
        user0_.name as name11_10_,
        user0_.nick_name as nick_na12_10_,
        user0_.phone_num as phone_n13_10_,
        user0_.profile_image as profile14_10_,
        user0_.res_red_number as res_red15_10_,
        user0_.score as score16_10_ 
    from
        user user0_
Hibernate: 
    select
        roles0_.user_id as user_id1_11_0_,
        roles0_.roles as roles2_11_0_ 
    from
        user_roles roles0_ 
    where
        roles0_.user_id=?
Hibernate: 
    select
        roles0_.user_id as user_id1_11_0_,
        roles0_.roles as roles2_11_0_ 
    from
        user_roles roles0_ 
    where
        roles0_.user_id=?
Hibernate: 
    select
        roles0_.user_id as user_id1_11_0_,
        roles0_.roles as roles2_11_0_ 
    from
        user_roles roles0_ 
    where
        roles0_.user_id=?
Hibernate: 
    select
        roles0_.user_id as user_id1_11_0_,
        roles0_.roles as roles2_11_0_ 
    from
        user_roles roles0_ 
    where
        roles0_.user_id=?
Hibernate: 
    select
        roles0_.user_id as user_id1_11_0_,
        roles0_.roles as roles2_11_0_ 
    from
        user_roles roles0_ 
    where
        roles0_.user_id=?
Hibernate: 
    insert 
    into
        meeting_pin
        (created_at, updated_at, category, content, user_id, date, latitude, longitude, max_age, min_age, set_gender, set_limit, title) 
    values
        (?, ?, ?, ?, ?, ?, ?, ?, ?, ?, ?, ?, ?)
Hibernate: 
    select
        user0_.id as id1_10_,
        user0_.created_at as created_2_10_,
        user0_.updated_at as updated_3_10_,
        user0_.age as age4_10_,
        user0_.background_image as backgrou5_10_,
        user0_.email as email6_10_,
        user0_.gender as gender7_10_,
        user0_.hobby as hobby8_10_,
        user0_.introduce as introduc9_10_,
        user0_.job as job10_10_,
        user0_.name as name11_10_,
        user0_.nick_name as nick_na12_10_,
        user0_.phone_num as phone_n13_10_,
        user0_.profile_image as profile14_10_,
        user0_.res_red_number as res_red15_10_,
        user0_.score as score16_10_ 
    from
        user user0_
Hibernate: 
    select
        roles0_.user_id as user_id1_11_0_,
        roles0_.roles as roles2_11_0_ 
    from
        user_roles roles0_ 
    where
        roles0_.user_id=?
Hibernate: 
    select
        roles0_.user_id as user_id1_11_0_,
        roles0_.roles as roles2_11_0_ 
    from
        user_roles roles0_ 
    where
        roles0_.user_id=?
Hibernate: 
    select
        roles0_.user_id as user_id1_11_0_,
        roles0_.roles as roles2_11_0_ 
    from
        user_roles roles0_ 
    where
        roles0_.user_id=?
Hibernate: 
    select
        roles0_.user_id as user_id1_11_0_,
        roles0_.roles as roles2_11_0_ 
    from
        user_roles roles0_ 
    where
        roles0_.user_id=?
Hibernate: 
    select
        roles0_.user_id as user_id1_11_0_,
        roles0_.roles as roles2_11_0_ 
    from
        user_roles roles0_ 
    where
        roles0_.user_id=?
Hibernate: 
    insert 
    into
        meeting_pin
        (created_at, updated_at, category, content, user_id, date, latitude, longitude, max_age, min_age, set_gender, set_limit, title) 
    values
        (?, ?, ?, ?, ?, ?, ?, ?, ?, ?, ?, ?, ?)
Hibernate: 
    select
        user0_.id as id1_10_,
        user0_.created_at as created_2_10_,
        user0_.updated_at as updated_3_10_,
        user0_.age as age4_10_,
        user0_.background_image as backgrou5_10_,
        user0_.email as email6_10_,
        user0_.gender as gender7_10_,
        user0_.hobby as hobby8_10_,
        user0_.introduce as introduc9_10_,
        user0_.job as job10_10_,
        user0_.name as name11_10_,
        user0_.nick_name as nick_na12_10_,
        user0_.phone_num as phone_n13_10_,
        user0_.profile_image as profile14_10_,
        user0_.res_red_number as res_red15_10_,
        user0_.score as score16_10_ 
    from
        user user0_
Hibernate: 
    select
        roles0_.user_id as user_id1_11_0_,
        roles0_.roles as roles2_11_0_ 
    from
        user_roles roles0_ 
    where
        roles0_.user_id=?
Hibernate: 
    select
        roles0_.user_id as user_id1_11_0_,
        roles0_.roles as roles2_11_0_ 
    from
        user_roles roles0_ 
    where
        roles0_.user_id=?
Hibernate: 
    select
        roles0_.user_id as user_id1_11_0_,
        roles0_.roles as roles2_11_0_ 
    from
        user_roles roles0_ 
    where
        roles0_.user_id=?
Hibernate: 
    select
        roles0_.user_id as user_id1_11_0_,
        roles0_.roles as roles2_11_0_ 
    from
        user_roles roles0_ 
    where
        roles0_.user_id=?
Hibernate: 
    select
        roles0_.user_id as user_id1_11_0_,
        roles0_.roles as roles2_11_0_ 
    from
        user_roles roles0_ 
    where
        roles0_.user_id=?
Hibernate: 
    insert 
    into
        meeting_pin
        (created_at, updated_at, category, content, user_id, date, latitude, longitude, max_age, min_age, set_gender, set_limit, title) 
    values
        (?, ?, ?, ?, ?, ?, ?, ?, ?, ?, ?, ?, ?)
Hibernate: 
    select
        user0_.id as id1_10_,
        user0_.created_at as created_2_10_,
        user0_.updated_at as updated_3_10_,
        user0_.age as age4_10_,
        user0_.background_image as backgrou5_10_,
        user0_.email as email6_10_,
        user0_.gender as gender7_10_,
        user0_.hobby as hobby8_10_,
        user0_.introduce as introduc9_10_,
        user0_.job as job10_10_,
        user0_.name as name11_10_,
        user0_.nick_name as nick_na12_10_,
        user0_.phone_num as phone_n13_10_,
        user0_.profile_image as profile14_10_,
        user0_.res_red_number as res_red15_10_,
        user0_.score as score16_10_ 
    from
        user user0_
Hibernate: 
    select
        roles0_.user_id as user_id1_11_0_,
        roles0_.roles as roles2_11_0_ 
    from
        user_roles roles0_ 
    where
        roles0_.user_id=?
Hibernate: 
    select
        roles0_.user_id as user_id1_11_0_,
        roles0_.roles as roles2_11_0_ 
    from
        user_roles roles0_ 
    where
        roles0_.user_id=?
Hibernate: 
    select
        roles0_.user_id as user_id1_11_0_,
        roles0_.roles as roles2_11_0_ 
    from
        user_roles roles0_ 
    where
        roles0_.user_id=?
Hibernate: 
    select
        roles0_.user_id as user_id1_11_0_,
        roles0_.roles as roles2_11_0_ 
    from
        user_roles roles0_ 
    where
        roles0_.user_id=?
Hibernate: 
    select
        roles0_.user_id as user_id1_11_0_,
        roles0_.roles as roles2_11_0_ 
    from
        user_roles roles0_ 
    where
        roles0_.user_id=?
Hibernate: 
    insert 
    into
        meeting_pin
        (created_at, updated_at, category, content, user_id, date, latitude, longitude, max_age, min_age, set_gender, set_limit, title) 
    values
        (?, ?, ?, ?, ?, ?, ?, ?, ?, ?, ?, ?, ?)
Hibernate: 
    select
        user0_.id as id1_10_,
        user0_.created_at as created_2_10_,
        user0_.updated_at as updated_3_10_,
        user0_.age as age4_10_,
        user0_.background_image as backgrou5_10_,
        user0_.email as email6_10_,
        user0_.gender as gender7_10_,
        user0_.hobby as hobby8_10_,
        user0_.introduce as introduc9_10_,
        user0_.job as job10_10_,
        user0_.name as name11_10_,
        user0_.nick_name as nick_na12_10_,
        user0_.phone_num as phone_n13_10_,
        user0_.profile_image as profile14_10_,
        user0_.res_red_number as res_red15_10_,
        user0_.score as score16_10_ 
    from
        user user0_
Hibernate: 
    select
        roles0_.user_id as user_id1_11_0_,
        roles0_.roles as roles2_11_0_ 
    from
        user_roles roles0_ 
    where
        roles0_.user_id=?
Hibernate: 
    select
        roles0_.user_id as user_id1_11_0_,
        roles0_.roles as roles2_11_0_ 
    from
        user_roles roles0_ 
    where
        roles0_.user_id=?
Hibernate: 
    select
        roles0_.user_id as user_id1_11_0_,
        roles0_.roles as roles2_11_0_ 
    from
        user_roles roles0_ 
    where
        roles0_.user_id=?
Hibernate: 
    select
        roles0_.user_id as user_id1_11_0_,
        roles0_.roles as roles2_11_0_ 
    from
        user_roles roles0_ 
    where
        roles0_.user_id=?
Hibernate: 
    select
        roles0_.user_id as user_id1_11_0_,
        roles0_.roles as roles2_11_0_ 
    from
        user_roles roles0_ 
    where
        roles0_.user_id=?
Hibernate: 
    insert 
    into
        meeting_pin
        (created_at, updated_at, category, content, user_id, date, latitude, longitude, max_age, min_age, set_gender, set_limit, title) 
    values
        (?, ?, ?, ?, ?, ?, ?, ?, ?, ?, ?, ?, ?)
Hibernate: 
    select
        user0_.id as id1_10_,
        user0_.created_at as created_2_10_,
        user0_.updated_at as updated_3_10_,
        user0_.age as age4_10_,
        user0_.background_image as backgrou5_10_,
        user0_.email as email6_10_,
        user0_.gender as gender7_10_,
        user0_.hobby as hobby8_10_,
        user0_.introduce as introduc9_10_,
        user0_.job as job10_10_,
        user0_.name as name11_10_,
        user0_.nick_name as nick_na12_10_,
        user0_.phone_num as phone_n13_10_,
        user0_.profile_image as profile14_10_,
        user0_.res_red_number as res_red15_10_,
        user0_.score as score16_10_ 
    from
        user user0_
Hibernate: 
    select
        roles0_.user_id as user_id1_11_0_,
        roles0_.roles as roles2_11_0_ 
    from
        user_roles roles0_ 
    where
        roles0_.user_id=?
Hibernate: 
    select
        roles0_.user_id as user_id1_11_0_,
        roles0_.roles as roles2_11_0_ 
    from
        user_roles roles0_ 
    where
        roles0_.user_id=?
Hibernate: 
    select
        roles0_.user_id as user_id1_11_0_,
        roles0_.roles as roles2_11_0_ 
    from
        user_roles roles0_ 
    where
        roles0_.user_id=?
Hibernate: 
    select
        roles0_.user_id as user_id1_11_0_,
        roles0_.roles as roles2_11_0_ 
    from
        user_roles roles0_ 
    where
        roles0_.user_id=?
Hibernate: 
    select
        roles0_.user_id as user_id1_11_0_,
        roles0_.roles as roles2_11_0_ 
    from
        user_roles roles0_ 
    where
        roles0_.user_id=?
Hibernate: 
    insert 
    into
        meeting_pin
        (created_at, updated_at, category, content, user_id, date, latitude, longitude, max_age, min_age, set_gender, set_limit, title) 
    values
        (?, ?, ?, ?, ?, ?, ?, ?, ?, ?, ?, ?, ?)
Hibernate: 
    select
        user0_.id as id1_10_,
        user0_.created_at as created_2_10_,
        user0_.updated_at as updated_3_10_,
        user0_.age as age4_10_,
        user0_.background_image as backgrou5_10_,
        user0_.email as email6_10_,
        user0_.gender as gender7_10_,
        user0_.hobby as hobby8_10_,
        user0_.introduce as introduc9_10_,
        user0_.job as job10_10_,
        user0_.name as name11_10_,
        user0_.nick_name as nick_na12_10_,
        user0_.phone_num as phone_n13_10_,
        user0_.profile_image as profile14_10_,
        user0_.res_red_number as res_red15_10_,
        user0_.score as score16_10_ 
    from
        user user0_
Hibernate: 
    select
        roles0_.user_id as user_id1_11_0_,
        roles0_.roles as roles2_11_0_ 
    from
        user_roles roles0_ 
    where
        roles0_.user_id=?
Hibernate: 
    select
        roles0_.user_id as user_id1_11_0_,
        roles0_.roles as roles2_11_0_ 
    from
        user_roles roles0_ 
    where
        roles0_.user_id=?
Hibernate: 
    select
        roles0_.user_id as user_id1_11_0_,
        roles0_.roles as roles2_11_0_ 
    from
        user_roles roles0_ 
    where
        roles0_.user_id=?
Hibernate: 
    select
        roles0_.user_id as user_id1_11_0_,
        roles0_.roles as roles2_11_0_ 
    from
        user_roles roles0_ 
    where
        roles0_.user_id=?
Hibernate: 
    select
        roles0_.user_id as user_id1_11_0_,
        roles0_.roles as roles2_11_0_ 
    from
        user_roles roles0_ 
    where
        roles0_.user_id=?
Hibernate: 
    insert 
    into
        meeting_pin
        (created_at, updated_at, category, content, user_id, date, latitude, longitude, max_age, min_age, set_gender, set_limit, title) 
    values
        (?, ?, ?, ?, ?, ?, ?, ?, ?, ?, ?, ?, ?)
Hibernate: 
    select
        user0_.id as id1_10_,
        user0_.created_at as created_2_10_,
        user0_.updated_at as updated_3_10_,
        user0_.age as age4_10_,
        user0_.background_image as backgrou5_10_,
        user0_.email as email6_10_,
        user0_.gender as gender7_10_,
        user0_.hobby as hobby8_10_,
        user0_.introduce as introduc9_10_,
        user0_.job as job10_10_,
        user0_.name as name11_10_,
        user0_.nick_name as nick_na12_10_,
        user0_.phone_num as phone_n13_10_,
        user0_.profile_image as profile14_10_,
        user0_.res_red_number as res_red15_10_,
        user0_.score as score16_10_ 
    from
        user user0_
Hibernate: 
    select
        roles0_.user_id as user_id1_11_0_,
        roles0_.roles as roles2_11_0_ 
    from
        user_roles roles0_ 
    where
        roles0_.user_id=?
Hibernate: 
    select
        roles0_.user_id as user_id1_11_0_,
        roles0_.roles as roles2_11_0_ 
    from
        user_roles roles0_ 
    where
        roles0_.user_id=?
Hibernate: 
    select
        roles0_.user_id as user_id1_11_0_,
        roles0_.roles as roles2_11_0_ 
    from
        user_roles roles0_ 
    where
        roles0_.user_id=?
Hibernate: 
    select
        roles0_.user_id as user_id1_11_0_,
        roles0_.roles as roles2_11_0_ 
    from
        user_roles roles0_ 
    where
        roles0_.user_id=?
Hibernate: 
    select
        roles0_.user_id as user_id1_11_0_,
        roles0_.roles as roles2_11_0_ 
    from
        user_roles roles0_ 
    where
        roles0_.user_id=?
Hibernate: 
    insert 
    into
        meeting_pin
        (created_at, updated_at, category, content, user_id, date, latitude, longitude, max_age, min_age, set_gender, set_limit, title) 
    values
        (?, ?, ?, ?, ?, ?, ?, ?, ?, ?, ?, ?, ?)
Hibernate: 
    select
        user0_.id as id1_10_,
        user0_.created_at as created_2_10_,
        user0_.updated_at as updated_3_10_,
        user0_.age as age4_10_,
        user0_.background_image as backgrou5_10_,
        user0_.email as email6_10_,
        user0_.gender as gender7_10_,
        user0_.hobby as hobby8_10_,
        user0_.introduce as introduc9_10_,
        user0_.job as job10_10_,
        user0_.name as name11_10_,
        user0_.nick_name as nick_na12_10_,
        user0_.phone_num as phone_n13_10_,
        user0_.profile_image as profile14_10_,
        user0_.res_red_number as res_red15_10_,
        user0_.score as score16_10_ 
    from
        user user0_
Hibernate: 
    select
        roles0_.user_id as user_id1_11_0_,
        roles0_.roles as roles2_11_0_ 
    from
        user_roles roles0_ 
    where
        roles0_.user_id=?
Hibernate: 
    select
        roles0_.user_id as user_id1_11_0_,
        roles0_.roles as roles2_11_0_ 
    from
        user_roles roles0_ 
    where
        roles0_.user_id=?
Hibernate: 
    select
        roles0_.user_id as user_id1_11_0_,
        roles0_.roles as roles2_11_0_ 
    from
        user_roles roles0_ 
    where
        roles0_.user_id=?
Hibernate: 
    select
        roles0_.user_id as user_id1_11_0_,
        roles0_.roles as roles2_11_0_ 
    from
        user_roles roles0_ 
    where
        roles0_.user_id=?
Hibernate: 
    select
        roles0_.user_id as user_id1_11_0_,
        roles0_.roles as roles2_11_0_ 
    from
        user_roles roles0_ 
    where
        roles0_.user_id=?
Hibernate: 
    insert 
    into
        meeting_pin
        (created_at, updated_at, category, content, user_id, date, latitude, longitude, max_age, min_age, set_gender, set_limit, title) 
    values
        (?, ?, ?, ?, ?, ?, ?, ?, ?, ?, ?, ?, ?)
Hibernate: 
    select
        user0_.id as id1_10_,
        user0_.created_at as created_2_10_,
        user0_.updated_at as updated_3_10_,
        user0_.age as age4_10_,
        user0_.background_image as backgrou5_10_,
        user0_.email as email6_10_,
        user0_.gender as gender7_10_,
        user0_.hobby as hobby8_10_,
        user0_.introduce as introduc9_10_,
        user0_.job as job10_10_,
        user0_.name as name11_10_,
        user0_.nick_name as nick_na12_10_,
        user0_.phone_num as phone_n13_10_,
        user0_.profile_image as profile14_10_,
        user0_.res_red_number as res_red15_10_,
        user0_.score as score16_10_ 
    from
        user user0_
Hibernate: 
    select
        roles0_.user_id as user_id1_11_0_,
        roles0_.roles as roles2_11_0_ 
    from
        user_roles roles0_ 
    where
        roles0_.user_id=?
Hibernate: 
    select
        roles0_.user_id as user_id1_11_0_,
        roles0_.roles as roles2_11_0_ 
    from
        user_roles roles0_ 
    where
        roles0_.user_id=?
Hibernate: 
    select
        roles0_.user_id as user_id1_11_0_,
        roles0_.roles as roles2_11_0_ 
    from
        user_roles roles0_ 
    where
        roles0_.user_id=?
Hibernate: 
    select
        roles0_.user_id as user_id1_11_0_,
        roles0_.roles as roles2_11_0_ 
    from
        user_roles roles0_ 
    where
        roles0_.user_id=?
Hibernate: 
    select
        roles0_.user_id as user_id1_11_0_,
        roles0_.roles as roles2_11_0_ 
    from
        user_roles roles0_ 
    where
        roles0_.user_id=?
Hibernate: 
    insert 
    into
        meeting_pin
        (created_at, updated_at, category, content, user_id, date, latitude, longitude, max_age, min_age, set_gender, set_limit, title) 
    values
        (?, ?, ?, ?, ?, ?, ?, ?, ?, ?, ?, ?, ?)
Hibernate: 
    select
        user0_.id as id1_10_,
        user0_.created_at as created_2_10_,
        user0_.updated_at as updated_3_10_,
        user0_.age as age4_10_,
        user0_.background_image as backgrou5_10_,
        user0_.email as email6_10_,
        user0_.gender as gender7_10_,
        user0_.hobby as hobby8_10_,
        user0_.introduce as introduc9_10_,
        user0_.job as job10_10_,
        user0_.name as name11_10_,
        user0_.nick_name as nick_na12_10_,
        user0_.phone_num as phone_n13_10_,
        user0_.profile_image as profile14_10_,
        user0_.res_red_number as res_red15_10_,
        user0_.score as score16_10_ 
    from
        user user0_
Hibernate: 
    select
        roles0_.user_id as user_id1_11_0_,
        roles0_.roles as roles2_11_0_ 
    from
        user_roles roles0_ 
    where
        roles0_.user_id=?
Hibernate: 
    select
        roles0_.user_id as user_id1_11_0_,
        roles0_.roles as roles2_11_0_ 
    from
        user_roles roles0_ 
    where
        roles0_.user_id=?
Hibernate: 
    select
        roles0_.user_id as user_id1_11_0_,
        roles0_.roles as roles2_11_0_ 
    from
        user_roles roles0_ 
    where
        roles0_.user_id=?
Hibernate: 
    select
        roles0_.user_id as user_id1_11_0_,
        roles0_.roles as roles2_11_0_ 
    from
        user_roles roles0_ 
    where
        roles0_.user_id=?
Hibernate: 
    select
        roles0_.user_id as user_id1_11_0_,
        roles0_.roles as roles2_11_0_ 
    from
        user_roles roles0_ 
    where
        roles0_.user_id=?
Hibernate: 
    insert 
    into
        meeting_pin
        (created_at, updated_at, category, content, user_id, date, latitude, longitude, max_age, min_age, set_gender, set_limit, title) 
    values
        (?, ?, ?, ?, ?, ?, ?, ?, ?, ?, ?, ?, ?)
Hibernate: 
    select
        user0_.id as id1_10_,
        user0_.created_at as created_2_10_,
        user0_.updated_at as updated_3_10_,
        user0_.age as age4_10_,
        user0_.background_image as backgrou5_10_,
        user0_.email as email6_10_,
        user0_.gender as gender7_10_,
        user0_.hobby as hobby8_10_,
        user0_.introduce as introduc9_10_,
        user0_.job as job10_10_,
        user0_.name as name11_10_,
        user0_.nick_name as nick_na12_10_,
        user0_.phone_num as phone_n13_10_,
        user0_.profile_image as profile14_10_,
        user0_.res_red_number as res_red15_10_,
        user0_.score as score16_10_ 
    from
        user user0_
Hibernate: 
    select
        roles0_.user_id as user_id1_11_0_,
        roles0_.roles as roles2_11_0_ 
    from
        user_roles roles0_ 
    where
        roles0_.user_id=?
Hibernate: 
    select
        roles0_.user_id as user_id1_11_0_,
        roles0_.roles as roles2_11_0_ 
    from
        user_roles roles0_ 
    where
        roles0_.user_id=?
Hibernate: 
    select
        roles0_.user_id as user_id1_11_0_,
        roles0_.roles as roles2_11_0_ 
    from
        user_roles roles0_ 
    where
        roles0_.user_id=?
Hibernate: 
    select
        roles0_.user_id as user_id1_11_0_,
        roles0_.roles as roles2_11_0_ 
    from
        user_roles roles0_ 
    where
        roles0_.user_id=?
Hibernate: 
    select
        roles0_.user_id as user_id1_11_0_,
        roles0_.roles as roles2_11_0_ 
    from
        user_roles roles0_ 
    where
        roles0_.user_id=?
Hibernate: 
    insert 
    into
        meeting_pin
        (created_at, updated_at, category, content, user_id, date, latitude, longitude, max_age, min_age, set_gender, set_limit, title) 
    values
        (?, ?, ?, ?, ?, ?, ?, ?, ?, ?, ?, ?, ?)
Hibernate: 
    select
        user0_.id as id1_10_,
        user0_.created_at as created_2_10_,
        user0_.updated_at as updated_3_10_,
        user0_.age as age4_10_,
        user0_.background_image as backgrou5_10_,
        user0_.email as email6_10_,
        user0_.gender as gender7_10_,
        user0_.hobby as hobby8_10_,
        user0_.introduce as introduc9_10_,
        user0_.job as job10_10_,
        user0_.name as name11_10_,
        user0_.nick_name as nick_na12_10_,
        user0_.phone_num as phone_n13_10_,
        user0_.profile_image as profile14_10_,
        user0_.res_red_number as res_red15_10_,
        user0_.score as score16_10_ 
    from
        user user0_
Hibernate: 
    select
        roles0_.user_id as user_id1_11_0_,
        roles0_.roles as roles2_11_0_ 
    from
        user_roles roles0_ 
    where
        roles0_.user_id=?
Hibernate: 
    select
        roles0_.user_id as user_id1_11_0_,
        roles0_.roles as roles2_11_0_ 
    from
        user_roles roles0_ 
    where
        roles0_.user_id=?
Hibernate: 
    select
        roles0_.user_id as user_id1_11_0_,
        roles0_.roles as roles2_11_0_ 
    from
        user_roles roles0_ 
    where
        roles0_.user_id=?
Hibernate: 
    select
        roles0_.user_id as user_id1_11_0_,
        roles0_.roles as roles2_11_0_ 
    from
        user_roles roles0_ 
    where
        roles0_.user_id=?
Hibernate: 
    select
        roles0_.user_id as user_id1_11_0_,
        roles0_.roles as roles2_11_0_ 
    from
        user_roles roles0_ 
    where
        roles0_.user_id=?
Hibernate: 
    insert 
    into
        meeting_pin
        (created_at, updated_at, category, content, user_id, date, latitude, longitude, max_age, min_age, set_gender, set_limit, title) 
    values
        (?, ?, ?, ?, ?, ?, ?, ?, ?, ?, ?, ?, ?)
Hibernate: 
    select
        user0_.id as id1_10_,
        user0_.created_at as created_2_10_,
        user0_.updated_at as updated_3_10_,
        user0_.age as age4_10_,
        user0_.background_image as backgrou5_10_,
        user0_.email as email6_10_,
        user0_.gender as gender7_10_,
        user0_.hobby as hobby8_10_,
        user0_.introduce as introduc9_10_,
        user0_.job as job10_10_,
        user0_.name as name11_10_,
        user0_.nick_name as nick_na12_10_,
        user0_.phone_num as phone_n13_10_,
        user0_.profile_image as profile14_10_,
        user0_.res_red_number as res_red15_10_,
        user0_.score as score16_10_ 
    from
        user user0_
Hibernate: 
    select
        roles0_.user_id as user_id1_11_0_,
        roles0_.roles as roles2_11_0_ 
    from
        user_roles roles0_ 
    where
        roles0_.user_id=?
Hibernate: 
    select
        roles0_.user_id as user_id1_11_0_,
        roles0_.roles as roles2_11_0_ 
    from
        user_roles roles0_ 
    where
        roles0_.user_id=?
Hibernate: 
    select
        roles0_.user_id as user_id1_11_0_,
        roles0_.roles as roles2_11_0_ 
    from
        user_roles roles0_ 
    where
        roles0_.user_id=?
Hibernate: 
    select
        roles0_.user_id as user_id1_11_0_,
        roles0_.roles as roles2_11_0_ 
    from
        user_roles roles0_ 
    where
        roles0_.user_id=?
Hibernate: 
    select
        roles0_.user_id as user_id1_11_0_,
        roles0_.roles as roles2_11_0_ 
    from
        user_roles roles0_ 
    where
        roles0_.user_id=?
Hibernate: 
    insert 
    into
        meeting_pin
        (created_at, updated_at, category, content, user_id, date, latitude, longitude, max_age, min_age, set_gender, set_limit, title) 
    values
        (?, ?, ?, ?, ?, ?, ?, ?, ?, ?, ?, ?, ?)
Hibernate: 
    select
        user0_.id as id1_10_,
        user0_.created_at as created_2_10_,
        user0_.updated_at as updated_3_10_,
        user0_.age as age4_10_,
        user0_.background_image as backgrou5_10_,
        user0_.email as email6_10_,
        user0_.gender as gender7_10_,
        user0_.hobby as hobby8_10_,
        user0_.introduce as introduc9_10_,
        user0_.job as job10_10_,
        user0_.name as name11_10_,
        user0_.nick_name as nick_na12_10_,
        user0_.phone_num as phone_n13_10_,
        user0_.profile_image as profile14_10_,
        user0_.res_red_number as res_red15_10_,
        user0_.score as score16_10_ 
    from
        user user0_
Hibernate: 
    select
        roles0_.user_id as user_id1_11_0_,
        roles0_.roles as roles2_11_0_ 
    from
        user_roles roles0_ 
    where
        roles0_.user_id=?
Hibernate: 
    select
        roles0_.user_id as user_id1_11_0_,
        roles0_.roles as roles2_11_0_ 
    from
        user_roles roles0_ 
    where
        roles0_.user_id=?
Hibernate: 
    select
        roles0_.user_id as user_id1_11_0_,
        roles0_.roles as roles2_11_0_ 
    from
        user_roles roles0_ 
    where
        roles0_.user_id=?
Hibernate: 
    select
        roles0_.user_id as user_id1_11_0_,
        roles0_.roles as roles2_11_0_ 
    from
        user_roles roles0_ 
    where
        roles0_.user_id=?
Hibernate: 
    select
        roles0_.user_id as user_id1_11_0_,
        roles0_.roles as roles2_11_0_ 
    from
        user_roles roles0_ 
    where
        roles0_.user_id=?
Hibernate: 
    insert 
    into
        meeting_pin
        (created_at, updated_at, category, content, user_id, date, latitude, longitude, max_age, min_age, set_gender, set_limit, title) 
    values
        (?, ?, ?, ?, ?, ?, ?, ?, ?, ?, ?, ?, ?)
Hibernate: 
    select
        user0_.id as id1_10_,
        user0_.created_at as created_2_10_,
        user0_.updated_at as updated_3_10_,
        user0_.age as age4_10_,
        user0_.background_image as backgrou5_10_,
        user0_.email as email6_10_,
        user0_.gender as gender7_10_,
        user0_.hobby as hobby8_10_,
        user0_.introduce as introduc9_10_,
        user0_.job as job10_10_,
        user0_.name as name11_10_,
        user0_.nick_name as nick_na12_10_,
        user0_.phone_num as phone_n13_10_,
        user0_.profile_image as profile14_10_,
        user0_.res_red_number as res_red15_10_,
        user0_.score as score16_10_ 
    from
        user user0_
Hibernate: 
    select
        roles0_.user_id as user_id1_11_0_,
        roles0_.roles as roles2_11_0_ 
    from
        user_roles roles0_ 
    where
        roles0_.user_id=?
Hibernate: 
    select
        roles0_.user_id as user_id1_11_0_,
        roles0_.roles as roles2_11_0_ 
    from
        user_roles roles0_ 
    where
        roles0_.user_id=?
Hibernate: 
    select
        roles0_.user_id as user_id1_11_0_,
        roles0_.roles as roles2_11_0_ 
    from
        user_roles roles0_ 
    where
        roles0_.user_id=?
Hibernate: 
    select
        roles0_.user_id as user_id1_11_0_,
        roles0_.roles as roles2_11_0_ 
    from
        user_roles roles0_ 
    where
        roles0_.user_id=?
Hibernate: 
    select
        roles0_.user_id as user_id1_11_0_,
        roles0_.roles as roles2_11_0_ 
    from
        user_roles roles0_ 
    where
        roles0_.user_id=?
Hibernate: 
    insert 
    into
        meeting_pin
        (created_at, updated_at, category, content, user_id, date, latitude, longitude, max_age, min_age, set_gender, set_limit, title) 
    values
        (?, ?, ?, ?, ?, ?, ?, ?, ?, ?, ?, ?, ?)
Hibernate: 
    select
        user0_.id as id1_10_,
        user0_.created_at as created_2_10_,
        user0_.updated_at as updated_3_10_,
        user0_.age as age4_10_,
        user0_.background_image as backgrou5_10_,
        user0_.email as email6_10_,
        user0_.gender as gender7_10_,
        user0_.hobby as hobby8_10_,
        user0_.introduce as introduc9_10_,
        user0_.job as job10_10_,
        user0_.name as name11_10_,
        user0_.nick_name as nick_na12_10_,
        user0_.phone_num as phone_n13_10_,
        user0_.profile_image as profile14_10_,
        user0_.res_red_number as res_red15_10_,
        user0_.score as score16_10_ 
    from
        user user0_
Hibernate: 
    select
        roles0_.user_id as user_id1_11_0_,
        roles0_.roles as roles2_11_0_ 
    from
        user_roles roles0_ 
    where
        roles0_.user_id=?
Hibernate: 
    select
        roles0_.user_id as user_id1_11_0_,
        roles0_.roles as roles2_11_0_ 
    from
        user_roles roles0_ 
    where
        roles0_.user_id=?
Hibernate: 
    select
        roles0_.user_id as user_id1_11_0_,
        roles0_.roles as roles2_11_0_ 
    from
        user_roles roles0_ 
    where
        roles0_.user_id=?
Hibernate: 
    select
        roles0_.user_id as user_id1_11_0_,
        roles0_.roles as roles2_11_0_ 
    from
        user_roles roles0_ 
    where
        roles0_.user_id=?
Hibernate: 
    select
        roles0_.user_id as user_id1_11_0_,
        roles0_.roles as roles2_11_0_ 
    from
        user_roles roles0_ 
    where
        roles0_.user_id=?
Hibernate: 
    insert 
    into
        meeting_pin
        (created_at, updated_at, category, content, user_id, date, latitude, longitude, max_age, min_age, set_gender, set_limit, title) 
    values
        (?, ?, ?, ?, ?, ?, ?, ?, ?, ?, ?, ?, ?)
Hibernate: 
    select
        user0_.id as id1_10_,
        user0_.created_at as created_2_10_,
        user0_.updated_at as updated_3_10_,
        user0_.age as age4_10_,
        user0_.background_image as backgrou5_10_,
        user0_.email as email6_10_,
        user0_.gender as gender7_10_,
        user0_.hobby as hobby8_10_,
        user0_.introduce as introduc9_10_,
        user0_.job as job10_10_,
        user0_.name as name11_10_,
        user0_.nick_name as nick_na12_10_,
        user0_.phone_num as phone_n13_10_,
        user0_.profile_image as profile14_10_,
        user0_.res_red_number as res_red15_10_,
        user0_.score as score16_10_ 
    from
        user user0_
Hibernate: 
    select
        roles0_.user_id as user_id1_11_0_,
        roles0_.roles as roles2_11_0_ 
    from
        user_roles roles0_ 
    where
        roles0_.user_id=?
Hibernate: 
    select
        roles0_.user_id as user_id1_11_0_,
        roles0_.roles as roles2_11_0_ 
    from
        user_roles roles0_ 
    where
        roles0_.user_id=?
Hibernate: 
    select
        roles0_.user_id as user_id1_11_0_,
        roles0_.roles as roles2_11_0_ 
    from
        user_roles roles0_ 
    where
        roles0_.user_id=?
Hibernate: 
    select
        roles0_.user_id as user_id1_11_0_,
        roles0_.roles as roles2_11_0_ 
    from
        user_roles roles0_ 
    where
        roles0_.user_id=?
Hibernate: 
    select
        roles0_.user_id as user_id1_11_0_,
        roles0_.roles as roles2_11_0_ 
    from
        user_roles roles0_ 
    where
        roles0_.user_id=?
Hibernate: 
    insert 
    into
        meeting_pin
        (created_at, updated_at, category, content, user_id, date, latitude, longitude, max_age, min_age, set_gender, set_limit, title) 
    values
        (?, ?, ?, ?, ?, ?, ?, ?, ?, ?, ?, ?, ?)
Hibernate: 
    select
        user0_.id as id1_10_,
        user0_.created_at as created_2_10_,
        user0_.updated_at as updated_3_10_,
        user0_.age as age4_10_,
        user0_.background_image as backgrou5_10_,
        user0_.email as email6_10_,
        user0_.gender as gender7_10_,
        user0_.hobby as hobby8_10_,
        user0_.introduce as introduc9_10_,
        user0_.job as job10_10_,
        user0_.name as name11_10_,
        user0_.nick_name as nick_na12_10_,
        user0_.phone_num as phone_n13_10_,
        user0_.profile_image as profile14_10_,
        user0_.res_red_number as res_red15_10_,
        user0_.score as score16_10_ 
    from
        user user0_
Hibernate: 
    select
        roles0_.user_id as user_id1_11_0_,
        roles0_.roles as roles2_11_0_ 
    from
        user_roles roles0_ 
    where
        roles0_.user_id=?
Hibernate: 
    select
        roles0_.user_id as user_id1_11_0_,
        roles0_.roles as roles2_11_0_ 
    from
        user_roles roles0_ 
    where
        roles0_.user_id=?
Hibernate: 
    select
        roles0_.user_id as user_id1_11_0_,
        roles0_.roles as roles2_11_0_ 
    from
        user_roles roles0_ 
    where
        roles0_.user_id=?
Hibernate: 
    select
        roles0_.user_id as user_id1_11_0_,
        roles0_.roles as roles2_11_0_ 
    from
        user_roles roles0_ 
    where
        roles0_.user_id=?
Hibernate: 
    select
        roles0_.user_id as user_id1_11_0_,
        roles0_.roles as roles2_11_0_ 
    from
        user_roles roles0_ 
    where
        roles0_.user_id=?
Hibernate: 
    insert 
    into
        meeting_pin
        (created_at, updated_at, category, content, user_id, date, latitude, longitude, max_age, min_age, set_gender, set_limit, title) 
    values
        (?, ?, ?, ?, ?, ?, ?, ?, ?, ?, ?, ?, ?)
Hibernate: 
    select
        user0_.id as id1_10_,
        user0_.created_at as created_2_10_,
        user0_.updated_at as updated_3_10_,
        user0_.age as age4_10_,
        user0_.background_image as backgrou5_10_,
        user0_.email as email6_10_,
        user0_.gender as gender7_10_,
        user0_.hobby as hobby8_10_,
        user0_.introduce as introduc9_10_,
        user0_.job as job10_10_,
        user0_.name as name11_10_,
        user0_.nick_name as nick_na12_10_,
        user0_.phone_num as phone_n13_10_,
        user0_.profile_image as profile14_10_,
        user0_.res_red_number as res_red15_10_,
        user0_.score as score16_10_ 
    from
        user user0_
Hibernate: 
    select
        roles0_.user_id as user_id1_11_0_,
        roles0_.roles as roles2_11_0_ 
    from
        user_roles roles0_ 
    where
        roles0_.user_id=?
Hibernate: 
    select
        roles0_.user_id as user_id1_11_0_,
        roles0_.roles as roles2_11_0_ 
    from
        user_roles roles0_ 
    where
        roles0_.user_id=?
Hibernate: 
    select
        roles0_.user_id as user_id1_11_0_,
        roles0_.roles as roles2_11_0_ 
    from
        user_roles roles0_ 
    where
        roles0_.user_id=?
Hibernate: 
    select
        roles0_.user_id as user_id1_11_0_,
        roles0_.roles as roles2_11_0_ 
    from
        user_roles roles0_ 
    where
        roles0_.user_id=?
Hibernate: 
    select
        roles0_.user_id as user_id1_11_0_,
        roles0_.roles as roles2_11_0_ 
    from
        user_roles roles0_ 
    where
        roles0_.user_id=?
Hibernate: 
    insert 
    into
        meeting_pin
        (created_at, updated_at, category, content, user_id, date, latitude, longitude, max_age, min_age, set_gender, set_limit, title) 
    values
        (?, ?, ?, ?, ?, ?, ?, ?, ?, ?, ?, ?, ?)
Hibernate: 
    select
        user0_.id as id1_10_,
        user0_.created_at as created_2_10_,
        user0_.updated_at as updated_3_10_,
        user0_.age as age4_10_,
        user0_.background_image as backgrou5_10_,
        user0_.email as email6_10_,
        user0_.gender as gender7_10_,
        user0_.hobby as hobby8_10_,
        user0_.introduce as introduc9_10_,
        user0_.job as job10_10_,
        user0_.name as name11_10_,
        user0_.nick_name as nick_na12_10_,
        user0_.phone_num as phone_n13_10_,
        user0_.profile_image as profile14_10_,
        user0_.res_red_number as res_red15_10_,
        user0_.score as score16_10_ 
    from
        user user0_
Hibernate: 
    select
        roles0_.user_id as user_id1_11_0_,
        roles0_.roles as roles2_11_0_ 
    from
        user_roles roles0_ 
    where
        roles0_.user_id=?
Hibernate: 
    select
        roles0_.user_id as user_id1_11_0_,
        roles0_.roles as roles2_11_0_ 
    from
        user_roles roles0_ 
    where
        roles0_.user_id=?
Hibernate: 
    select
        roles0_.user_id as user_id1_11_0_,
        roles0_.roles as roles2_11_0_ 
    from
        user_roles roles0_ 
    where
        roles0_.user_id=?
Hibernate: 
    select
        roles0_.user_id as user_id1_11_0_,
        roles0_.roles as roles2_11_0_ 
    from
        user_roles roles0_ 
    where
        roles0_.user_id=?
Hibernate: 
    select
        roles0_.user_id as user_id1_11_0_,
        roles0_.roles as roles2_11_0_ 
    from
        user_roles roles0_ 
    where
        roles0_.user_id=?
Hibernate: 
    insert 
    into
        meeting_pin
        (created_at, updated_at, category, content, user_id, date, latitude, longitude, max_age, min_age, set_gender, set_limit, title) 
    values
        (?, ?, ?, ?, ?, ?, ?, ?, ?, ?, ?, ?, ?)
Hibernate: 
    select
        user0_.id as id1_10_,
        user0_.created_at as created_2_10_,
        user0_.updated_at as updated_3_10_,
        user0_.age as age4_10_,
        user0_.background_image as backgrou5_10_,
        user0_.email as email6_10_,
        user0_.gender as gender7_10_,
        user0_.hobby as hobby8_10_,
        user0_.introduce as introduc9_10_,
        user0_.job as job10_10_,
        user0_.name as name11_10_,
        user0_.nick_name as nick_na12_10_,
        user0_.phone_num as phone_n13_10_,
        user0_.profile_image as profile14_10_,
        user0_.res_red_number as res_red15_10_,
        user0_.score as score16_10_ 
    from
        user user0_
Hibernate: 
    select
        roles0_.user_id as user_id1_11_0_,
        roles0_.roles as roles2_11_0_ 
    from
        user_roles roles0_ 
    where
        roles0_.user_id=?
Hibernate: 
    select
        roles0_.user_id as user_id1_11_0_,
        roles0_.roles as roles2_11_0_ 
    from
        user_roles roles0_ 
    where
        roles0_.user_id=?
Hibernate: 
    select
        roles0_.user_id as user_id1_11_0_,
        roles0_.roles as roles2_11_0_ 
    from
        user_roles roles0_ 
    where
        roles0_.user_id=?
Hibernate: 
    select
        roles0_.user_id as user_id1_11_0_,
        roles0_.roles as roles2_11_0_ 
    from
        user_roles roles0_ 
    where
        roles0_.user_id=?
Hibernate: 
    select
        roles0_.user_id as user_id1_11_0_,
        roles0_.roles as roles2_11_0_ 
    from
        user_roles roles0_ 
    where
        roles0_.user_id=?
Hibernate: 
    insert 
    into
        meeting_pin
        (created_at, updated_at, category, content, user_id, date, latitude, longitude, max_age, min_age, set_gender, set_limit, title) 
    values
        (?, ?, ?, ?, ?, ?, ?, ?, ?, ?, ?, ?, ?)
Hibernate: 
    select
        user0_.id as id1_10_,
        user0_.created_at as created_2_10_,
        user0_.updated_at as updated_3_10_,
        user0_.age as age4_10_,
        user0_.background_image as backgrou5_10_,
        user0_.email as email6_10_,
        user0_.gender as gender7_10_,
        user0_.hobby as hobby8_10_,
        user0_.introduce as introduc9_10_,
        user0_.job as job10_10_,
        user0_.name as name11_10_,
        user0_.nick_name as nick_na12_10_,
        user0_.phone_num as phone_n13_10_,
        user0_.profile_image as profile14_10_,
        user0_.res_red_number as res_red15_10_,
        user0_.score as score16_10_ 
    from
        user user0_
Hibernate: 
    select
        roles0_.user_id as user_id1_11_0_,
        roles0_.roles as roles2_11_0_ 
    from
        user_roles roles0_ 
    where
        roles0_.user_id=?
Hibernate: 
    select
        roles0_.user_id as user_id1_11_0_,
        roles0_.roles as roles2_11_0_ 
    from
        user_roles roles0_ 
    where
        roles0_.user_id=?
Hibernate: 
    select
        roles0_.user_id as user_id1_11_0_,
        roles0_.roles as roles2_11_0_ 
    from
        user_roles roles0_ 
    where
        roles0_.user_id=?
Hibernate: 
    select
        roles0_.user_id as user_id1_11_0_,
        roles0_.roles as roles2_11_0_ 
    from
        user_roles roles0_ 
    where
        roles0_.user_id=?
Hibernate: 
    select
        roles0_.user_id as user_id1_11_0_,
        roles0_.roles as roles2_11_0_ 
    from
        user_roles roles0_ 
    where
        roles0_.user_id=?
Hibernate: 
    insert 
    into
        meeting_pin
        (created_at, updated_at, category, content, user_id, date, latitude, longitude, max_age, min_age, set_gender, set_limit, title) 
    values
        (?, ?, ?, ?, ?, ?, ?, ?, ?, ?, ?, ?, ?)
Hibernate: 
    select
        user0_.id as id1_10_,
        user0_.created_at as created_2_10_,
        user0_.updated_at as updated_3_10_,
        user0_.age as age4_10_,
        user0_.background_image as backgrou5_10_,
        user0_.email as email6_10_,
        user0_.gender as gender7_10_,
        user0_.hobby as hobby8_10_,
        user0_.introduce as introduc9_10_,
        user0_.job as job10_10_,
        user0_.name as name11_10_,
        user0_.nick_name as nick_na12_10_,
        user0_.phone_num as phone_n13_10_,
        user0_.profile_image as profile14_10_,
        user0_.res_red_number as res_red15_10_,
        user0_.score as score16_10_ 
    from
        user user0_
Hibernate: 
    select
        roles0_.user_id as user_id1_11_0_,
        roles0_.roles as roles2_11_0_ 
    from
        user_roles roles0_ 
    where
        roles0_.user_id=?
Hibernate: 
    select
        roles0_.user_id as user_id1_11_0_,
        roles0_.roles as roles2_11_0_ 
    from
        user_roles roles0_ 
    where
        roles0_.user_id=?
Hibernate: 
    select
        roles0_.user_id as user_id1_11_0_,
        roles0_.roles as roles2_11_0_ 
    from
        user_roles roles0_ 
    where
        roles0_.user_id=?
Hibernate: 
    select
        roles0_.user_id as user_id1_11_0_,
        roles0_.roles as roles2_11_0_ 
    from
        user_roles roles0_ 
    where
        roles0_.user_id=?
Hibernate: 
    select
        roles0_.user_id as user_id1_11_0_,
        roles0_.roles as roles2_11_0_ 
    from
        user_roles roles0_ 
    where
        roles0_.user_id=?
Hibernate: 
    insert 
    into
        meeting_pin
        (created_at, updated_at, category, content, user_id, date, latitude, longitude, max_age, min_age, set_gender, set_limit, title) 
    values
        (?, ?, ?, ?, ?, ?, ?, ?, ?, ?, ?, ?, ?)
Hibernate: 
    select
        user0_.id as id1_10_,
        user0_.created_at as created_2_10_,
        user0_.updated_at as updated_3_10_,
        user0_.age as age4_10_,
        user0_.background_image as backgrou5_10_,
        user0_.email as email6_10_,
        user0_.gender as gender7_10_,
        user0_.hobby as hobby8_10_,
        user0_.introduce as introduc9_10_,
        user0_.job as job10_10_,
        user0_.name as name11_10_,
        user0_.nick_name as nick_na12_10_,
        user0_.phone_num as phone_n13_10_,
        user0_.profile_image as profile14_10_,
        user0_.res_red_number as res_red15_10_,
        user0_.score as score16_10_ 
    from
        user user0_
Hibernate: 
    select
        roles0_.user_id as user_id1_11_0_,
        roles0_.roles as roles2_11_0_ 
    from
        user_roles roles0_ 
    where
        roles0_.user_id=?
Hibernate: 
    select
        roles0_.user_id as user_id1_11_0_,
        roles0_.roles as roles2_11_0_ 
    from
        user_roles roles0_ 
    where
        roles0_.user_id=?
Hibernate: 
    select
        roles0_.user_id as user_id1_11_0_,
        roles0_.roles as roles2_11_0_ 
    from
        user_roles roles0_ 
    where
        roles0_.user_id=?
Hibernate: 
    select
        roles0_.user_id as user_id1_11_0_,
        roles0_.roles as roles2_11_0_ 
    from
        user_roles roles0_ 
    where
        roles0_.user_id=?
Hibernate: 
    select
        roles0_.user_id as user_id1_11_0_,
        roles0_.roles as roles2_11_0_ 
    from
        user_roles roles0_ 
    where
        roles0_.user_id=?
Hibernate: 
    insert 
    into
        meeting_pin
        (created_at, updated_at, category, content, user_id, date, latitude, longitude, max_age, min_age, set_gender, set_limit, title) 
    values
        (?, ?, ?, ?, ?, ?, ?, ?, ?, ?, ?, ?, ?)
Hibernate: 
    select
        user0_.id as id1_10_,
        user0_.created_at as created_2_10_,
        user0_.updated_at as updated_3_10_,
        user0_.age as age4_10_,
        user0_.background_image as backgrou5_10_,
        user0_.email as email6_10_,
        user0_.gender as gender7_10_,
        user0_.hobby as hobby8_10_,
        user0_.introduce as introduc9_10_,
        user0_.job as job10_10_,
        user0_.name as name11_10_,
        user0_.nick_name as nick_na12_10_,
        user0_.phone_num as phone_n13_10_,
        user0_.profile_image as profile14_10_,
        user0_.res_red_number as res_red15_10_,
        user0_.score as score16_10_ 
    from
        user user0_
Hibernate: 
    select
        roles0_.user_id as user_id1_11_0_,
        roles0_.roles as roles2_11_0_ 
    from
        user_roles roles0_ 
    where
        roles0_.user_id=?
Hibernate: 
    select
        roles0_.user_id as user_id1_11_0_,
        roles0_.roles as roles2_11_0_ 
    from
        user_roles roles0_ 
    where
        roles0_.user_id=?
Hibernate: 
    select
        roles0_.user_id as user_id1_11_0_,
        roles0_.roles as roles2_11_0_ 
    from
        user_roles roles0_ 
    where
        roles0_.user_id=?
Hibernate: 
    select
        roles0_.user_id as user_id1_11_0_,
        roles0_.roles as roles2_11_0_ 
    from
        user_roles roles0_ 
    where
        roles0_.user_id=?
Hibernate: 
    select
        roles0_.user_id as user_id1_11_0_,
        roles0_.roles as roles2_11_0_ 
    from
        user_roles roles0_ 
    where
        roles0_.user_id=?
Hibernate: 
    insert 
    into
        meeting_pin
        (created_at, updated_at, category, content, user_id, date, latitude, longitude, max_age, min_age, set_gender, set_limit, title) 
    values
        (?, ?, ?, ?, ?, ?, ?, ?, ?, ?, ?, ?, ?)
Hibernate: 
    select
        user0_.id as id1_10_,
        user0_.created_at as created_2_10_,
        user0_.updated_at as updated_3_10_,
        user0_.age as age4_10_,
        user0_.background_image as backgrou5_10_,
        user0_.email as email6_10_,
        user0_.gender as gender7_10_,
        user0_.hobby as hobby8_10_,
        user0_.introduce as introduc9_10_,
        user0_.job as job10_10_,
        user0_.name as name11_10_,
        user0_.nick_name as nick_na12_10_,
        user0_.phone_num as phone_n13_10_,
        user0_.profile_image as profile14_10_,
        user0_.res_red_number as res_red15_10_,
        user0_.score as score16_10_ 
    from
        user user0_
Hibernate: 
    select
        roles0_.user_id as user_id1_11_0_,
        roles0_.roles as roles2_11_0_ 
    from
        user_roles roles0_ 
    where
        roles0_.user_id=?
Hibernate: 
    select
        roles0_.user_id as user_id1_11_0_,
        roles0_.roles as roles2_11_0_ 
    from
        user_roles roles0_ 
    where
        roles0_.user_id=?
Hibernate: 
    select
        roles0_.user_id as user_id1_11_0_,
        roles0_.roles as roles2_11_0_ 
    from
        user_roles roles0_ 
    where
        roles0_.user_id=?
Hibernate: 
    select
        roles0_.user_id as user_id1_11_0_,
        roles0_.roles as roles2_11_0_ 
    from
        user_roles roles0_ 
    where
        roles0_.user_id=?
Hibernate: 
    select
        roles0_.user_id as user_id1_11_0_,
        roles0_.roles as roles2_11_0_ 
    from
        user_roles roles0_ 
    where
        roles0_.user_id=?
Hibernate: 
    insert 
    into
        meeting_pin
        (created_at, updated_at, category, content, user_id, date, latitude, longitude, max_age, min_age, set_gender, set_limit, title) 
    values
        (?, ?, ?, ?, ?, ?, ?, ?, ?, ?, ?, ?, ?)
Hibernate: 
    select
        user0_.id as id1_10_,
        user0_.created_at as created_2_10_,
        user0_.updated_at as updated_3_10_,
        user0_.age as age4_10_,
        user0_.background_image as backgrou5_10_,
        user0_.email as email6_10_,
        user0_.gender as gender7_10_,
        user0_.hobby as hobby8_10_,
        user0_.introduce as introduc9_10_,
        user0_.job as job10_10_,
        user0_.name as name11_10_,
        user0_.nick_name as nick_na12_10_,
        user0_.phone_num as phone_n13_10_,
        user0_.profile_image as profile14_10_,
        user0_.res_red_number as res_red15_10_,
        user0_.score as score16_10_ 
    from
        user user0_
Hibernate: 
    select
        roles0_.user_id as user_id1_11_0_,
        roles0_.roles as roles2_11_0_ 
    from
        user_roles roles0_ 
    where
        roles0_.user_id=?
Hibernate: 
    select
        roles0_.user_id as user_id1_11_0_,
        roles0_.roles as roles2_11_0_ 
    from
        user_roles roles0_ 
    where
        roles0_.user_id=?
Hibernate: 
    select
        roles0_.user_id as user_id1_11_0_,
        roles0_.roles as roles2_11_0_ 
    from
        user_roles roles0_ 
    where
        roles0_.user_id=?
Hibernate: 
    select
        roles0_.user_id as user_id1_11_0_,
        roles0_.roles as roles2_11_0_ 
    from
        user_roles roles0_ 
    where
        roles0_.user_id=?
Hibernate: 
    select
        roles0_.user_id as user_id1_11_0_,
        roles0_.roles as roles2_11_0_ 
    from
        user_roles roles0_ 
    where
        roles0_.user_id=?
Hibernate: 
    insert 
    into
        meeting_pin
        (created_at, updated_at, category, content, user_id, date, latitude, longitude, max_age, min_age, set_gender, set_limit, title) 
    values
        (?, ?, ?, ?, ?, ?, ?, ?, ?, ?, ?, ?, ?)
Hibernate: 
    select
        user0_.id as id1_10_,
        user0_.created_at as created_2_10_,
        user0_.updated_at as updated_3_10_,
        user0_.age as age4_10_,
        user0_.background_image as backgrou5_10_,
        user0_.email as email6_10_,
        user0_.gender as gender7_10_,
        user0_.hobby as hobby8_10_,
        user0_.introduce as introduc9_10_,
        user0_.job as job10_10_,
        user0_.name as name11_10_,
        user0_.nick_name as nick_na12_10_,
        user0_.phone_num as phone_n13_10_,
        user0_.profile_image as profile14_10_,
        user0_.res_red_number as res_red15_10_,
        user0_.score as score16_10_ 
    from
        user user0_
Hibernate: 
    select
        roles0_.user_id as user_id1_11_0_,
        roles0_.roles as roles2_11_0_ 
    from
        user_roles roles0_ 
    where
        roles0_.user_id=?
Hibernate: 
    select
        roles0_.user_id as user_id1_11_0_,
        roles0_.roles as roles2_11_0_ 
    from
        user_roles roles0_ 
    where
        roles0_.user_id=?
Hibernate: 
    select
        roles0_.user_id as user_id1_11_0_,
        roles0_.roles as roles2_11_0_ 
    from
        user_roles roles0_ 
    where
        roles0_.user_id=?
Hibernate: 
    select
        roles0_.user_id as user_id1_11_0_,
        roles0_.roles as roles2_11_0_ 
    from
        user_roles roles0_ 
    where
        roles0_.user_id=?
Hibernate: 
    select
        roles0_.user_id as user_id1_11_0_,
        roles0_.roles as roles2_11_0_ 
    from
        user_roles roles0_ 
    where
        roles0_.user_id=?
Hibernate: 
    insert 
    into
        meeting_pin
        (created_at, updated_at, category, content, user_id, date, latitude, longitude, max_age, min_age, set_gender, set_limit, title) 
    values
        (?, ?, ?, ?, ?, ?, ?, ?, ?, ?, ?, ?, ?)
Hibernate: 
    select
        user0_.id as id1_10_,
        user0_.created_at as created_2_10_,
        user0_.updated_at as updated_3_10_,
        user0_.age as age4_10_,
        user0_.background_image as backgrou5_10_,
        user0_.email as email6_10_,
        user0_.gender as gender7_10_,
        user0_.hobby as hobby8_10_,
        user0_.introduce as introduc9_10_,
        user0_.job as job10_10_,
        user0_.name as name11_10_,
        user0_.nick_name as nick_na12_10_,
        user0_.phone_num as phone_n13_10_,
        user0_.profile_image as profile14_10_,
        user0_.res_red_number as res_red15_10_,
        user0_.score as score16_10_ 
    from
        user user0_
Hibernate: 
    select
        roles0_.user_id as user_id1_11_0_,
        roles0_.roles as roles2_11_0_ 
    from
        user_roles roles0_ 
    where
        roles0_.user_id=?
Hibernate: 
    select
        roles0_.user_id as user_id1_11_0_,
        roles0_.roles as roles2_11_0_ 
    from
        user_roles roles0_ 
    where
        roles0_.user_id=?
Hibernate: 
    select
        roles0_.user_id as user_id1_11_0_,
        roles0_.roles as roles2_11_0_ 
    from
        user_roles roles0_ 
    where
        roles0_.user_id=?
Hibernate: 
    select
        roles0_.user_id as user_id1_11_0_,
        roles0_.roles as roles2_11_0_ 
    from
        user_roles roles0_ 
    where
        roles0_.user_id=?
Hibernate: 
    select
        roles0_.user_id as user_id1_11_0_,
        roles0_.roles as roles2_11_0_ 
    from
        user_roles roles0_ 
    where
        roles0_.user_id=?
Hibernate: 
    insert 
    into
        meeting_pin
        (created_at, updated_at, category, content, user_id, date, latitude, longitude, max_age, min_age, set_gender, set_limit, title) 
    values
        (?, ?, ?, ?, ?, ?, ?, ?, ?, ?, ?, ?, ?)
Hibernate: 
    select
        user0_.id as id1_10_,
        user0_.created_at as created_2_10_,
        user0_.updated_at as updated_3_10_,
        user0_.age as age4_10_,
        user0_.background_image as backgrou5_10_,
        user0_.email as email6_10_,
        user0_.gender as gender7_10_,
        user0_.hobby as hobby8_10_,
        user0_.introduce as introduc9_10_,
        user0_.job as job10_10_,
        user0_.name as name11_10_,
        user0_.nick_name as nick_na12_10_,
        user0_.phone_num as phone_n13_10_,
        user0_.profile_image as profile14_10_,
        user0_.res_red_number as res_red15_10_,
        user0_.score as score16_10_ 
    from
        user user0_
Hibernate: 
    select
        roles0_.user_id as user_id1_11_0_,
        roles0_.roles as roles2_11_0_ 
    from
        user_roles roles0_ 
    where
        roles0_.user_id=?
Hibernate: 
    select
        roles0_.user_id as user_id1_11_0_,
        roles0_.roles as roles2_11_0_ 
    from
        user_roles roles0_ 
    where
        roles0_.user_id=?
Hibernate: 
    select
        roles0_.user_id as user_id1_11_0_,
        roles0_.roles as roles2_11_0_ 
    from
        user_roles roles0_ 
    where
        roles0_.user_id=?
Hibernate: 
    select
        roles0_.user_id as user_id1_11_0_,
        roles0_.roles as roles2_11_0_ 
    from
        user_roles roles0_ 
    where
        roles0_.user_id=?
Hibernate: 
    select
        roles0_.user_id as user_id1_11_0_,
        roles0_.roles as roles2_11_0_ 
    from
        user_roles roles0_ 
    where
        roles0_.user_id=?
Hibernate: 
    insert 
    into
        meeting_pin
        (created_at, updated_at, category, content, user_id, date, latitude, longitude, max_age, min_age, set_gender, set_limit, title) 
    values
        (?, ?, ?, ?, ?, ?, ?, ?, ?, ?, ?, ?, ?)
Hibernate: 
    select
        user0_.id as id1_10_,
        user0_.created_at as created_2_10_,
        user0_.updated_at as updated_3_10_,
        user0_.age as age4_10_,
        user0_.background_image as backgrou5_10_,
        user0_.email as email6_10_,
        user0_.gender as gender7_10_,
        user0_.hobby as hobby8_10_,
        user0_.introduce as introduc9_10_,
        user0_.job as job10_10_,
        user0_.name as name11_10_,
        user0_.nick_name as nick_na12_10_,
        user0_.phone_num as phone_n13_10_,
        user0_.profile_image as profile14_10_,
        user0_.res_red_number as res_red15_10_,
        user0_.score as score16_10_ 
    from
        user user0_
Hibernate: 
    select
        roles0_.user_id as user_id1_11_0_,
        roles0_.roles as roles2_11_0_ 
    from
        user_roles roles0_ 
    where
        roles0_.user_id=?
Hibernate: 
    select
        roles0_.user_id as user_id1_11_0_,
        roles0_.roles as roles2_11_0_ 
    from
        user_roles roles0_ 
    where
        roles0_.user_id=?
Hibernate: 
    select
        roles0_.user_id as user_id1_11_0_,
        roles0_.roles as roles2_11_0_ 
    from
        user_roles roles0_ 
    where
        roles0_.user_id=?
Hibernate: 
    select
        roles0_.user_id as user_id1_11_0_,
        roles0_.roles as roles2_11_0_ 
    from
        user_roles roles0_ 
    where
        roles0_.user_id=?
Hibernate: 
    select
        roles0_.user_id as user_id1_11_0_,
        roles0_.roles as roles2_11_0_ 
    from
        user_roles roles0_ 
    where
        roles0_.user_id=?
Hibernate: 
    insert 
    into
        meeting_pin
        (created_at, updated_at, category, content, user_id, date, latitude, longitude, max_age, min_age, set_gender, set_limit, title) 
    values
        (?, ?, ?, ?, ?, ?, ?, ?, ?, ?, ?, ?, ?)
Hibernate: 
    select
        user0_.id as id1_10_,
        user0_.created_at as created_2_10_,
        user0_.updated_at as updated_3_10_,
        user0_.age as age4_10_,
        user0_.background_image as backgrou5_10_,
        user0_.email as email6_10_,
        user0_.gender as gender7_10_,
        user0_.hobby as hobby8_10_,
        user0_.introduce as introduc9_10_,
        user0_.job as job10_10_,
        user0_.name as name11_10_,
        user0_.nick_name as nick_na12_10_,
        user0_.phone_num as phone_n13_10_,
        user0_.profile_image as profile14_10_,
        user0_.res_red_number as res_red15_10_,
        user0_.score as score16_10_ 
    from
        user user0_
Hibernate: 
    select
        roles0_.user_id as user_id1_11_0_,
        roles0_.roles as roles2_11_0_ 
    from
        user_roles roles0_ 
    where
        roles0_.user_id=?
Hibernate: 
    select
        roles0_.user_id as user_id1_11_0_,
        roles0_.roles as roles2_11_0_ 
    from
        user_roles roles0_ 
    where
        roles0_.user_id=?
Hibernate: 
    select
        roles0_.user_id as user_id1_11_0_,
        roles0_.roles as roles2_11_0_ 
    from
        user_roles roles0_ 
    where
        roles0_.user_id=?
Hibernate: 
    select
        roles0_.user_id as user_id1_11_0_,
        roles0_.roles as roles2_11_0_ 
    from
        user_roles roles0_ 
    where
        roles0_.user_id=?
Hibernate: 
    select
        roles0_.user_id as user_id1_11_0_,
        roles0_.roles as roles2_11_0_ 
    from
        user_roles roles0_ 
    where
        roles0_.user_id=?
Hibernate: 
    insert 
    into
        meeting_pin
        (created_at, updated_at, category, content, user_id, date, latitude, longitude, max_age, min_age, set_gender, set_limit, title) 
    values
        (?, ?, ?, ?, ?, ?, ?, ?, ?, ?, ?, ?, ?)
Hibernate: 
    select
        user0_.id as id1_10_,
        user0_.created_at as created_2_10_,
        user0_.updated_at as updated_3_10_,
        user0_.age as age4_10_,
        user0_.background_image as backgrou5_10_,
        user0_.email as email6_10_,
        user0_.gender as gender7_10_,
        user0_.hobby as hobby8_10_,
        user0_.introduce as introduc9_10_,
        user0_.job as job10_10_,
        user0_.name as name11_10_,
        user0_.nick_name as nick_na12_10_,
        user0_.phone_num as phone_n13_10_,
        user0_.profile_image as profile14_10_,
        user0_.res_red_number as res_red15_10_,
        user0_.score as score16_10_ 
    from
        user user0_
Hibernate: 
    select
        roles0_.user_id as user_id1_11_0_,
        roles0_.roles as roles2_11_0_ 
    from
        user_roles roles0_ 
    where
        roles0_.user_id=?
Hibernate: 
    select
        roles0_.user_id as user_id1_11_0_,
        roles0_.roles as roles2_11_0_ 
    from
        user_roles roles0_ 
    where
        roles0_.user_id=?
Hibernate: 
    select
        roles0_.user_id as user_id1_11_0_,
        roles0_.roles as roles2_11_0_ 
    from
        user_roles roles0_ 
    where
        roles0_.user_id=?
Hibernate: 
    select
        roles0_.user_id as user_id1_11_0_,
        roles0_.roles as roles2_11_0_ 
    from
        user_roles roles0_ 
    where
        roles0_.user_id=?
Hibernate: 
    select
        roles0_.user_id as user_id1_11_0_,
        roles0_.roles as roles2_11_0_ 
    from
        user_roles roles0_ 
    where
        roles0_.user_id=?
Hibernate: 
    insert 
    into
        meeting_pin
        (created_at, updated_at, category, content, user_id, date, latitude, longitude, max_age, min_age, set_gender, set_limit, title) 
    values
        (?, ?, ?, ?, ?, ?, ?, ?, ?, ?, ?, ?, ?)
Hibernate: 
    select
        user0_.id as id1_10_,
        user0_.created_at as created_2_10_,
        user0_.updated_at as updated_3_10_,
        user0_.age as age4_10_,
        user0_.background_image as backgrou5_10_,
        user0_.email as email6_10_,
        user0_.gender as gender7_10_,
        user0_.hobby as hobby8_10_,
        user0_.introduce as introduc9_10_,
        user0_.job as job10_10_,
        user0_.name as name11_10_,
        user0_.nick_name as nick_na12_10_,
        user0_.phone_num as phone_n13_10_,
        user0_.profile_image as profile14_10_,
        user0_.res_red_number as res_red15_10_,
        user0_.score as score16_10_ 
    from
        user user0_
Hibernate: 
    select
        roles0_.user_id as user_id1_11_0_,
        roles0_.roles as roles2_11_0_ 
    from
        user_roles roles0_ 
    where
        roles0_.user_id=?
Hibernate: 
    select
        roles0_.user_id as user_id1_11_0_,
        roles0_.roles as roles2_11_0_ 
    from
        user_roles roles0_ 
    where
        roles0_.user_id=?
Hibernate: 
    select
        roles0_.user_id as user_id1_11_0_,
        roles0_.roles as roles2_11_0_ 
    from
        user_roles roles0_ 
    where
        roles0_.user_id=?
Hibernate: 
    select
        roles0_.user_id as user_id1_11_0_,
        roles0_.roles as roles2_11_0_ 
    from
        user_roles roles0_ 
    where
        roles0_.user_id=?
Hibernate: 
    select
        roles0_.user_id as user_id1_11_0_,
        roles0_.roles as roles2_11_0_ 
    from
        user_roles roles0_ 
    where
        roles0_.user_id=?
Hibernate: 
    insert 
    into
        meeting_pin
        (created_at, updated_at, category, content, user_id, date, latitude, longitude, max_age, min_age, set_gender, set_limit, title) 
    values
        (?, ?, ?, ?, ?, ?, ?, ?, ?, ?, ?, ?, ?)
Hibernate: 
    select
        user0_.id as id1_10_,
        user0_.created_at as created_2_10_,
        user0_.updated_at as updated_3_10_,
        user0_.age as age4_10_,
        user0_.background_image as backgrou5_10_,
        user0_.email as email6_10_,
        user0_.gender as gender7_10_,
        user0_.hobby as hobby8_10_,
        user0_.introduce as introduc9_10_,
        user0_.job as job10_10_,
        user0_.name as name11_10_,
        user0_.nick_name as nick_na12_10_,
        user0_.phone_num as phone_n13_10_,
        user0_.profile_image as profile14_10_,
        user0_.res_red_number as res_red15_10_,
        user0_.score as score16_10_ 
    from
        user user0_
Hibernate: 
    select
        roles0_.user_id as user_id1_11_0_,
        roles0_.roles as roles2_11_0_ 
    from
        user_roles roles0_ 
    where
        roles0_.user_id=?
Hibernate: 
    select
        roles0_.user_id as user_id1_11_0_,
        roles0_.roles as roles2_11_0_ 
    from
        user_roles roles0_ 
    where
        roles0_.user_id=?
Hibernate: 
    select
        roles0_.user_id as user_id1_11_0_,
        roles0_.roles as roles2_11_0_ 
    from
        user_roles roles0_ 
    where
        roles0_.user_id=?
Hibernate: 
    select
        roles0_.user_id as user_id1_11_0_,
        roles0_.roles as roles2_11_0_ 
    from
        user_roles roles0_ 
    where
        roles0_.user_id=?
Hibernate: 
    select
        roles0_.user_id as user_id1_11_0_,
        roles0_.roles as roles2_11_0_ 
    from
        user_roles roles0_ 
    where
        roles0_.user_id=?
Hibernate: 
    insert 
    into
        meeting_pin
        (created_at, updated_at, category, content, user_id, date, latitude, longitude, max_age, min_age, set_gender, set_limit, title) 
    values
        (?, ?, ?, ?, ?, ?, ?, ?, ?, ?, ?, ?, ?)
Hibernate: 
    select
        user0_.id as id1_10_,
        user0_.created_at as created_2_10_,
        user0_.updated_at as updated_3_10_,
        user0_.age as age4_10_,
        user0_.background_image as backgrou5_10_,
        user0_.email as email6_10_,
        user0_.gender as gender7_10_,
        user0_.hobby as hobby8_10_,
        user0_.introduce as introduc9_10_,
        user0_.job as job10_10_,
        user0_.name as name11_10_,
        user0_.nick_name as nick_na12_10_,
        user0_.phone_num as phone_n13_10_,
        user0_.profile_image as profile14_10_,
        user0_.res_red_number as res_red15_10_,
        user0_.score as score16_10_ 
    from
        user user0_
Hibernate: 
    select
        roles0_.user_id as user_id1_11_0_,
        roles0_.roles as roles2_11_0_ 
    from
        user_roles roles0_ 
    where
        roles0_.user_id=?
Hibernate: 
    select
        roles0_.user_id as user_id1_11_0_,
        roles0_.roles as roles2_11_0_ 
    from
        user_roles roles0_ 
    where
        roles0_.user_id=?
Hibernate: 
    select
        roles0_.user_id as user_id1_11_0_,
        roles0_.roles as roles2_11_0_ 
    from
        user_roles roles0_ 
    where
        roles0_.user_id=?
Hibernate: 
    select
        roles0_.user_id as user_id1_11_0_,
        roles0_.roles as roles2_11_0_ 
    from
        user_roles roles0_ 
    where
        roles0_.user_id=?
Hibernate: 
    select
        roles0_.user_id as user_id1_11_0_,
        roles0_.roles as roles2_11_0_ 
    from
        user_roles roles0_ 
    where
        roles0_.user_id=?
Hibernate: 
    insert 
    into
        meeting_pin
        (created_at, updated_at, category, content, user_id, date, latitude, longitude, max_age, min_age, set_gender, set_limit, title) 
    values
        (?, ?, ?, ?, ?, ?, ?, ?, ?, ?, ?, ?, ?)
Hibernate: 
    select
        user0_.id as id1_10_,
        user0_.created_at as created_2_10_,
        user0_.updated_at as updated_3_10_,
        user0_.age as age4_10_,
        user0_.background_image as backgrou5_10_,
        user0_.email as email6_10_,
        user0_.gender as gender7_10_,
        user0_.hobby as hobby8_10_,
        user0_.introduce as introduc9_10_,
        user0_.job as job10_10_,
        user0_.name as name11_10_,
        user0_.nick_name as nick_na12_10_,
        user0_.phone_num as phone_n13_10_,
        user0_.profile_image as profile14_10_,
        user0_.res_red_number as res_red15_10_,
        user0_.score as score16_10_ 
    from
        user user0_
Hibernate: 
    select
        roles0_.user_id as user_id1_11_0_,
        roles0_.roles as roles2_11_0_ 
    from
        user_roles roles0_ 
    where
        roles0_.user_id=?
Hibernate: 
    select
        roles0_.user_id as user_id1_11_0_,
        roles0_.roles as roles2_11_0_ 
    from
        user_roles roles0_ 
    where
        roles0_.user_id=?
Hibernate: 
    select
        roles0_.user_id as user_id1_11_0_,
        roles0_.roles as roles2_11_0_ 
    from
        user_roles roles0_ 
    where
        roles0_.user_id=?
Hibernate: 
    select
        roles0_.user_id as user_id1_11_0_,
        roles0_.roles as roles2_11_0_ 
    from
        user_roles roles0_ 
    where
        roles0_.user_id=?
Hibernate: 
    select
        roles0_.user_id as user_id1_11_0_,
        roles0_.roles as roles2_11_0_ 
    from
        user_roles roles0_ 
    where
        roles0_.user_id=?
Hibernate: 
    insert 
    into
        meeting_pin
        (created_at, updated_at, category, content, user_id, date, latitude, longitude, max_age, min_age, set_gender, set_limit, title) 
    values
        (?, ?, ?, ?, ?, ?, ?, ?, ?, ?, ?, ?, ?)
Hibernate: 
    select
        user0_.id as id1_10_,
        user0_.created_at as created_2_10_,
        user0_.updated_at as updated_3_10_,
        user0_.age as age4_10_,
        user0_.background_image as backgrou5_10_,
        user0_.email as email6_10_,
        user0_.gender as gender7_10_,
        user0_.hobby as hobby8_10_,
        user0_.introduce as introduc9_10_,
        user0_.job as job10_10_,
        user0_.name as name11_10_,
        user0_.nick_name as nick_na12_10_,
        user0_.phone_num as phone_n13_10_,
        user0_.profile_image as profile14_10_,
        user0_.res_red_number as res_red15_10_,
        user0_.score as score16_10_ 
    from
        user user0_
Hibernate: 
    select
        roles0_.user_id as user_id1_11_0_,
        roles0_.roles as roles2_11_0_ 
    from
        user_roles roles0_ 
    where
        roles0_.user_id=?
Hibernate: 
    select
        roles0_.user_id as user_id1_11_0_,
        roles0_.roles as roles2_11_0_ 
    from
        user_roles roles0_ 
    where
        roles0_.user_id=?
Hibernate: 
    select
        roles0_.user_id as user_id1_11_0_,
        roles0_.roles as roles2_11_0_ 
    from
        user_roles roles0_ 
    where
        roles0_.user_id=?
Hibernate: 
    select
        roles0_.user_id as user_id1_11_0_,
        roles0_.roles as roles2_11_0_ 
    from
        user_roles roles0_ 
    where
        roles0_.user_id=?
Hibernate: 
    select
        roles0_.user_id as user_id1_11_0_,
        roles0_.roles as roles2_11_0_ 
    from
        user_roles roles0_ 
    where
        roles0_.user_id=?
Hibernate: 
    insert 
    into
        meeting_pin
        (created_at, updated_at, category, content, user_id, date, latitude, longitude, max_age, min_age, set_gender, set_limit, title) 
    values
        (?, ?, ?, ?, ?, ?, ?, ?, ?, ?, ?, ?, ?)
Hibernate: 
    select
        user0_.id as id1_10_,
        user0_.created_at as created_2_10_,
        user0_.updated_at as updated_3_10_,
        user0_.age as age4_10_,
        user0_.background_image as backgrou5_10_,
        user0_.email as email6_10_,
        user0_.gender as gender7_10_,
        user0_.hobby as hobby8_10_,
        user0_.introduce as introduc9_10_,
        user0_.job as job10_10_,
        user0_.name as name11_10_,
        user0_.nick_name as nick_na12_10_,
        user0_.phone_num as phone_n13_10_,
        user0_.profile_image as profile14_10_,
        user0_.res_red_number as res_red15_10_,
        user0_.score as score16_10_ 
    from
        user user0_
Hibernate: 
    select
        roles0_.user_id as user_id1_11_0_,
        roles0_.roles as roles2_11_0_ 
    from
        user_roles roles0_ 
    where
        roles0_.user_id=?
Hibernate: 
    select
        roles0_.user_id as user_id1_11_0_,
        roles0_.roles as roles2_11_0_ 
    from
        user_roles roles0_ 
    where
        roles0_.user_id=?
Hibernate: 
    select
        roles0_.user_id as user_id1_11_0_,
        roles0_.roles as roles2_11_0_ 
    from
        user_roles roles0_ 
    where
        roles0_.user_id=?
Hibernate: 
    select
        roles0_.user_id as user_id1_11_0_,
        roles0_.roles as roles2_11_0_ 
    from
        user_roles roles0_ 
    where
        roles0_.user_id=?
Hibernate: 
    select
        roles0_.user_id as user_id1_11_0_,
        roles0_.roles as roles2_11_0_ 
    from
        user_roles roles0_ 
    where
        roles0_.user_id=?
Hibernate: 
    insert 
    into
        meeting_pin
        (created_at, updated_at, category, content, user_id, date, latitude, longitude, max_age, min_age, set_gender, set_limit, title) 
    values
        (?, ?, ?, ?, ?, ?, ?, ?, ?, ?, ?, ?, ?)
Hibernate: 
    select
        user0_.id as id1_10_,
        user0_.created_at as created_2_10_,
        user0_.updated_at as updated_3_10_,
        user0_.age as age4_10_,
        user0_.background_image as backgrou5_10_,
        user0_.email as email6_10_,
        user0_.gender as gender7_10_,
        user0_.hobby as hobby8_10_,
        user0_.introduce as introduc9_10_,
        user0_.job as job10_10_,
        user0_.name as name11_10_,
        user0_.nick_name as nick_na12_10_,
        user0_.phone_num as phone_n13_10_,
        user0_.profile_image as profile14_10_,
        user0_.res_red_number as res_red15_10_,
        user0_.score as score16_10_ 
    from
        user user0_
Hibernate: 
    select
        roles0_.user_id as user_id1_11_0_,
        roles0_.roles as roles2_11_0_ 
    from
        user_roles roles0_ 
    where
        roles0_.user_id=?
Hibernate: 
    select
        roles0_.user_id as user_id1_11_0_,
        roles0_.roles as roles2_11_0_ 
    from
        user_roles roles0_ 
    where
        roles0_.user_id=?
Hibernate: 
    select
        roles0_.user_id as user_id1_11_0_,
        roles0_.roles as roles2_11_0_ 
    from
        user_roles roles0_ 
    where
        roles0_.user_id=?
Hibernate: 
    select
        roles0_.user_id as user_id1_11_0_,
        roles0_.roles as roles2_11_0_ 
    from
        user_roles roles0_ 
    where
        roles0_.user_id=?
Hibernate: 
    select
        roles0_.user_id as user_id1_11_0_,
        roles0_.roles as roles2_11_0_ 
    from
        user_roles roles0_ 
    where
        roles0_.user_id=?
Hibernate: 
    insert 
    into
        meeting_pin
        (created_at, updated_at, category, content, user_id, date, latitude, longitude, max_age, min_age, set_gender, set_limit, title) 
    values
        (?, ?, ?, ?, ?, ?, ?, ?, ?, ?, ?, ?, ?)
Hibernate: 
    select
        user0_.id as id1_10_,
        user0_.created_at as created_2_10_,
        user0_.updated_at as updated_3_10_,
        user0_.age as age4_10_,
        user0_.background_image as backgrou5_10_,
        user0_.email as email6_10_,
        user0_.gender as gender7_10_,
        user0_.hobby as hobby8_10_,
        user0_.introduce as introduc9_10_,
        user0_.job as job10_10_,
        user0_.name as name11_10_,
        user0_.nick_name as nick_na12_10_,
        user0_.phone_num as phone_n13_10_,
        user0_.profile_image as profile14_10_,
        user0_.res_red_number as res_red15_10_,
        user0_.score as score16_10_ 
    from
        user user0_
Hibernate: 
    select
        roles0_.user_id as user_id1_11_0_,
        roles0_.roles as roles2_11_0_ 
    from
        user_roles roles0_ 
    where
        roles0_.user_id=?
Hibernate: 
    select
        roles0_.user_id as user_id1_11_0_,
        roles0_.roles as roles2_11_0_ 
    from
        user_roles roles0_ 
    where
        roles0_.user_id=?
Hibernate: 
    select
        roles0_.user_id as user_id1_11_0_,
        roles0_.roles as roles2_11_0_ 
    from
        user_roles roles0_ 
    where
        roles0_.user_id=?
Hibernate: 
    select
        roles0_.user_id as user_id1_11_0_,
        roles0_.roles as roles2_11_0_ 
    from
        user_roles roles0_ 
    where
        roles0_.user_id=?
Hibernate: 
    select
        roles0_.user_id as user_id1_11_0_,
        roles0_.roles as roles2_11_0_ 
    from
        user_roles roles0_ 
    where
        roles0_.user_id=?
Hibernate: 
    insert 
    into
        meeting_pin
        (created_at, updated_at, category, content, user_id, date, latitude, longitude, max_age, min_age, set_gender, set_limit, title) 
    values
        (?, ?, ?, ?, ?, ?, ?, ?, ?, ?, ?, ?, ?)
Hibernate: 
    select
        user0_.id as id1_10_,
        user0_.created_at as created_2_10_,
        user0_.updated_at as updated_3_10_,
        user0_.age as age4_10_,
        user0_.background_image as backgrou5_10_,
        user0_.email as email6_10_,
        user0_.gender as gender7_10_,
        user0_.hobby as hobby8_10_,
        user0_.introduce as introduc9_10_,
        user0_.job as job10_10_,
        user0_.name as name11_10_,
        user0_.nick_name as nick_na12_10_,
        user0_.phone_num as phone_n13_10_,
        user0_.profile_image as profile14_10_,
        user0_.res_red_number as res_red15_10_,
        user0_.score as score16_10_ 
    from
        user user0_
Hibernate: 
    select
        roles0_.user_id as user_id1_11_0_,
        roles0_.roles as roles2_11_0_ 
    from
        user_roles roles0_ 
    where
        roles0_.user_id=?
Hibernate: 
    select
        roles0_.user_id as user_id1_11_0_,
        roles0_.roles as roles2_11_0_ 
    from
        user_roles roles0_ 
    where
        roles0_.user_id=?
Hibernate: 
    select
        roles0_.user_id as user_id1_11_0_,
        roles0_.roles as roles2_11_0_ 
    from
        user_roles roles0_ 
    where
        roles0_.user_id=?
Hibernate: 
    select
        roles0_.user_id as user_id1_11_0_,
        roles0_.roles as roles2_11_0_ 
    from
        user_roles roles0_ 
    where
        roles0_.user_id=?
Hibernate: 
    select
        roles0_.user_id as user_id1_11_0_,
        roles0_.roles as roles2_11_0_ 
    from
        user_roles roles0_ 
    where
        roles0_.user_id=?
Hibernate: 
    insert 
    into
        meeting_pin
        (created_at, updated_at, category, content, user_id, date, latitude, longitude, max_age, min_age, set_gender, set_limit, title) 
    values
        (?, ?, ?, ?, ?, ?, ?, ?, ?, ?, ?, ?, ?)
Hibernate: 
    select
        user0_.id as id1_10_,
        user0_.created_at as created_2_10_,
        user0_.updated_at as updated_3_10_,
        user0_.age as age4_10_,
        user0_.background_image as backgrou5_10_,
        user0_.email as email6_10_,
        user0_.gender as gender7_10_,
        user0_.hobby as hobby8_10_,
        user0_.introduce as introduc9_10_,
        user0_.job as job10_10_,
        user0_.name as name11_10_,
        user0_.nick_name as nick_na12_10_,
        user0_.phone_num as phone_n13_10_,
        user0_.profile_image as profile14_10_,
        user0_.res_red_number as res_red15_10_,
        user0_.score as score16_10_ 
    from
        user user0_
Hibernate: 
    select
        roles0_.user_id as user_id1_11_0_,
        roles0_.roles as roles2_11_0_ 
    from
        user_roles roles0_ 
    where
        roles0_.user_id=?
Hibernate: 
    select
        roles0_.user_id as user_id1_11_0_,
        roles0_.roles as roles2_11_0_ 
    from
        user_roles roles0_ 
    where
        roles0_.user_id=?
Hibernate: 
    select
        roles0_.user_id as user_id1_11_0_,
        roles0_.roles as roles2_11_0_ 
    from
        user_roles roles0_ 
    where
        roles0_.user_id=?
Hibernate: 
    select
        roles0_.user_id as user_id1_11_0_,
        roles0_.roles as roles2_11_0_ 
    from
        user_roles roles0_ 
    where
        roles0_.user_id=?
Hibernate: 
    select
        roles0_.user_id as user_id1_11_0_,
        roles0_.roles as roles2_11_0_ 
    from
        user_roles roles0_ 
    where
        roles0_.user_id=?
Hibernate: 
    insert 
    into
        meeting_pin
        (created_at, updated_at, category, content, user_id, date, latitude, longitude, max_age, min_age, set_gender, set_limit, title) 
    values
        (?, ?, ?, ?, ?, ?, ?, ?, ?, ?, ?, ?, ?)
Hibernate: 
    select
        user0_.id as id1_10_,
        user0_.created_at as created_2_10_,
        user0_.updated_at as updated_3_10_,
        user0_.age as age4_10_,
        user0_.background_image as backgrou5_10_,
        user0_.email as email6_10_,
        user0_.gender as gender7_10_,
        user0_.hobby as hobby8_10_,
        user0_.introduce as introduc9_10_,
        user0_.job as job10_10_,
        user0_.name as name11_10_,
        user0_.nick_name as nick_na12_10_,
        user0_.phone_num as phone_n13_10_,
        user0_.profile_image as profile14_10_,
        user0_.res_red_number as res_red15_10_,
        user0_.score as score16_10_ 
    from
        user user0_
Hibernate: 
    select
        roles0_.user_id as user_id1_11_0_,
        roles0_.roles as roles2_11_0_ 
    from
        user_roles roles0_ 
    where
        roles0_.user_id=?
Hibernate: 
    select
        roles0_.user_id as user_id1_11_0_,
        roles0_.roles as roles2_11_0_ 
    from
        user_roles roles0_ 
    where
        roles0_.user_id=?
Hibernate: 
    select
        roles0_.user_id as user_id1_11_0_,
        roles0_.roles as roles2_11_0_ 
    from
        user_roles roles0_ 
    where
        roles0_.user_id=?
Hibernate: 
    select
        roles0_.user_id as user_id1_11_0_,
        roles0_.roles as roles2_11_0_ 
    from
        user_roles roles0_ 
    where
        roles0_.user_id=?
Hibernate: 
    select
        roles0_.user_id as user_id1_11_0_,
        roles0_.roles as roles2_11_0_ 
    from
        user_roles roles0_ 
    where
        roles0_.user_id=?
Hibernate: 
    insert 
    into
        meeting_pin
        (created_at, updated_at, category, content, user_id, date, latitude, longitude, max_age, min_age, set_gender, set_limit, title) 
    values
        (?, ?, ?, ?, ?, ?, ?, ?, ?, ?, ?, ?, ?)
Hibernate: 
    select
        user0_.id as id1_10_,
        user0_.created_at as created_2_10_,
        user0_.updated_at as updated_3_10_,
        user0_.age as age4_10_,
        user0_.background_image as backgrou5_10_,
        user0_.email as email6_10_,
        user0_.gender as gender7_10_,
        user0_.hobby as hobby8_10_,
        user0_.introduce as introduc9_10_,
        user0_.job as job10_10_,
        user0_.name as name11_10_,
        user0_.nick_name as nick_na12_10_,
        user0_.phone_num as phone_n13_10_,
        user0_.profile_image as profile14_10_,
        user0_.res_red_number as res_red15_10_,
        user0_.score as score16_10_ 
    from
        user user0_
Hibernate: 
    select
        roles0_.user_id as user_id1_11_0_,
        roles0_.roles as roles2_11_0_ 
    from
        user_roles roles0_ 
    where
        roles0_.user_id=?
Hibernate: 
    select
        roles0_.user_id as user_id1_11_0_,
        roles0_.roles as roles2_11_0_ 
    from
        user_roles roles0_ 
    where
        roles0_.user_id=?
Hibernate: 
    select
        roles0_.user_id as user_id1_11_0_,
        roles0_.roles as roles2_11_0_ 
    from
        user_roles roles0_ 
    where
        roles0_.user_id=?
Hibernate: 
    select
        roles0_.user_id as user_id1_11_0_,
        roles0_.roles as roles2_11_0_ 
    from
        user_roles roles0_ 
    where
        roles0_.user_id=?
Hibernate: 
    select
        roles0_.user_id as user_id1_11_0_,
        roles0_.roles as roles2_11_0_ 
    from
        user_roles roles0_ 
    where
        roles0_.user_id=?
Hibernate: 
    insert 
    into
        meeting_pin
        (created_at, updated_at, category, content, user_id, date, latitude, longitude, max_age, min_age, set_gender, set_limit, title) 
    values
        (?, ?, ?, ?, ?, ?, ?, ?, ?, ?, ?, ?, ?)
Hibernate: 
    select
        user0_.id as id1_10_,
        user0_.created_at as created_2_10_,
        user0_.updated_at as updated_3_10_,
        user0_.age as age4_10_,
        user0_.background_image as backgrou5_10_,
        user0_.email as email6_10_,
        user0_.gender as gender7_10_,
        user0_.hobby as hobby8_10_,
        user0_.introduce as introduc9_10_,
        user0_.job as job10_10_,
        user0_.name as name11_10_,
        user0_.nick_name as nick_na12_10_,
        user0_.phone_num as phone_n13_10_,
        user0_.profile_image as profile14_10_,
        user0_.res_red_number as res_red15_10_,
        user0_.score as score16_10_ 
    from
        user user0_
Hibernate: 
    select
        roles0_.user_id as user_id1_11_0_,
        roles0_.roles as roles2_11_0_ 
    from
        user_roles roles0_ 
    where
        roles0_.user_id=?
Hibernate: 
    select
        roles0_.user_id as user_id1_11_0_,
        roles0_.roles as roles2_11_0_ 
    from
        user_roles roles0_ 
    where
        roles0_.user_id=?
Hibernate: 
    select
        roles0_.user_id as user_id1_11_0_,
        roles0_.roles as roles2_11_0_ 
    from
        user_roles roles0_ 
    where
        roles0_.user_id=?
Hibernate: 
    select
        roles0_.user_id as user_id1_11_0_,
        roles0_.roles as roles2_11_0_ 
    from
        user_roles roles0_ 
    where
        roles0_.user_id=?
Hibernate: 
    select
        roles0_.user_id as user_id1_11_0_,
        roles0_.roles as roles2_11_0_ 
    from
        user_roles roles0_ 
    where
        roles0_.user_id=?
Hibernate: 
    insert 
    into
        meeting_pin
        (created_at, updated_at, category, content, user_id, date, latitude, longitude, max_age, min_age, set_gender, set_limit, title) 
    values
        (?, ?, ?, ?, ?, ?, ?, ?, ?, ?, ?, ?, ?)
Hibernate: 
    select
        user0_.id as id1_10_,
        user0_.created_at as created_2_10_,
        user0_.updated_at as updated_3_10_,
        user0_.age as age4_10_,
        user0_.background_image as backgrou5_10_,
        user0_.email as email6_10_,
        user0_.gender as gender7_10_,
        user0_.hobby as hobby8_10_,
        user0_.introduce as introduc9_10_,
        user0_.job as job10_10_,
        user0_.name as name11_10_,
        user0_.nick_name as nick_na12_10_,
        user0_.phone_num as phone_n13_10_,
        user0_.profile_image as profile14_10_,
        user0_.res_red_number as res_red15_10_,
        user0_.score as score16_10_ 
    from
        user user0_
Hibernate: 
    select
        roles0_.user_id as user_id1_11_0_,
        roles0_.roles as roles2_11_0_ 
    from
        user_roles roles0_ 
    where
        roles0_.user_id=?
Hibernate: 
    select
        roles0_.user_id as user_id1_11_0_,
        roles0_.roles as roles2_11_0_ 
    from
        user_roles roles0_ 
    where
        roles0_.user_id=?
Hibernate: 
    select
        roles0_.user_id as user_id1_11_0_,
        roles0_.roles as roles2_11_0_ 
    from
        user_roles roles0_ 
    where
        roles0_.user_id=?
Hibernate: 
    select
        roles0_.user_id as user_id1_11_0_,
        roles0_.roles as roles2_11_0_ 
    from
        user_roles roles0_ 
    where
        roles0_.user_id=?
Hibernate: 
    select
        roles0_.user_id as user_id1_11_0_,
        roles0_.roles as roles2_11_0_ 
    from
        user_roles roles0_ 
    where
        roles0_.user_id=?
Hibernate: 
    insert 
    into
        meeting_pin
        (created_at, updated_at, category, content, user_id, date, latitude, longitude, max_age, min_age, set_gender, set_limit, title) 
    values
        (?, ?, ?, ?, ?, ?, ?, ?, ?, ?, ?, ?, ?)
Hibernate: 
    select
        user0_.id as id1_10_,
        user0_.created_at as created_2_10_,
        user0_.updated_at as updated_3_10_,
        user0_.age as age4_10_,
        user0_.background_image as backgrou5_10_,
        user0_.email as email6_10_,
        user0_.gender as gender7_10_,
        user0_.hobby as hobby8_10_,
        user0_.introduce as introduc9_10_,
        user0_.job as job10_10_,
        user0_.name as name11_10_,
        user0_.nick_name as nick_na12_10_,
        user0_.phone_num as phone_n13_10_,
        user0_.profile_image as profile14_10_,
        user0_.res_red_number as res_red15_10_,
        user0_.score as score16_10_ 
    from
        user user0_
Hibernate: 
    select
        roles0_.user_id as user_id1_11_0_,
        roles0_.roles as roles2_11_0_ 
    from
        user_roles roles0_ 
    where
        roles0_.user_id=?
Hibernate: 
    select
        roles0_.user_id as user_id1_11_0_,
        roles0_.roles as roles2_11_0_ 
    from
        user_roles roles0_ 
    where
        roles0_.user_id=?
Hibernate: 
    select
        roles0_.user_id as user_id1_11_0_,
        roles0_.roles as roles2_11_0_ 
    from
        user_roles roles0_ 
    where
        roles0_.user_id=?
Hibernate: 
    select
        roles0_.user_id as user_id1_11_0_,
        roles0_.roles as roles2_11_0_ 
    from
        user_roles roles0_ 
    where
        roles0_.user_id=?
Hibernate: 
    select
        roles0_.user_id as user_id1_11_0_,
        roles0_.roles as roles2_11_0_ 
    from
        user_roles roles0_ 
    where
        roles0_.user_id=?
Hibernate: 
    insert 
    into
        meeting_pin
        (created_at, updated_at, category, content, user_id, date, latitude, longitude, max_age, min_age, set_gender, set_limit, title) 
    values
        (?, ?, ?, ?, ?, ?, ?, ?, ?, ?, ?, ?, ?)
Hibernate: 
    select
        user0_.id as id1_10_,
        user0_.created_at as created_2_10_,
        user0_.updated_at as updated_3_10_,
        user0_.age as age4_10_,
        user0_.background_image as backgrou5_10_,
        user0_.email as email6_10_,
        user0_.gender as gender7_10_,
        user0_.hobby as hobby8_10_,
        user0_.introduce as introduc9_10_,
        user0_.job as job10_10_,
        user0_.name as name11_10_,
        user0_.nick_name as nick_na12_10_,
        user0_.phone_num as phone_n13_10_,
        user0_.profile_image as profile14_10_,
        user0_.res_red_number as res_red15_10_,
        user0_.score as score16_10_ 
    from
        user user0_
Hibernate: 
    select
        roles0_.user_id as user_id1_11_0_,
        roles0_.roles as roles2_11_0_ 
    from
        user_roles roles0_ 
    where
        roles0_.user_id=?
Hibernate: 
    select
        roles0_.user_id as user_id1_11_0_,
        roles0_.roles as roles2_11_0_ 
    from
        user_roles roles0_ 
    where
        roles0_.user_id=?
Hibernate: 
    select
        roles0_.user_id as user_id1_11_0_,
        roles0_.roles as roles2_11_0_ 
    from
        user_roles roles0_ 
    where
        roles0_.user_id=?
Hibernate: 
    select
        roles0_.user_id as user_id1_11_0_,
        roles0_.roles as roles2_11_0_ 
    from
        user_roles roles0_ 
    where
        roles0_.user_id=?
Hibernate: 
    select
        roles0_.user_id as user_id1_11_0_,
        roles0_.roles as roles2_11_0_ 
    from
        user_roles roles0_ 
    where
        roles0_.user_id=?
Hibernate: 
    insert 
    into
        meeting_pin
        (created_at, updated_at, category, content, user_id, date, latitude, longitude, max_age, min_age, set_gender, set_limit, title) 
    values
        (?, ?, ?, ?, ?, ?, ?, ?, ?, ?, ?, ?, ?)
Hibernate: 
    select
        user0_.id as id1_10_,
        user0_.created_at as created_2_10_,
        user0_.updated_at as updated_3_10_,
        user0_.age as age4_10_,
        user0_.background_image as backgrou5_10_,
        user0_.email as email6_10_,
        user0_.gender as gender7_10_,
        user0_.hobby as hobby8_10_,
        user0_.introduce as introduc9_10_,
        user0_.job as job10_10_,
        user0_.name as name11_10_,
        user0_.nick_name as nick_na12_10_,
        user0_.phone_num as phone_n13_10_,
        user0_.profile_image as profile14_10_,
        user0_.res_red_number as res_red15_10_,
        user0_.score as score16_10_ 
    from
        user user0_
Hibernate: 
    select
        roles0_.user_id as user_id1_11_0_,
        roles0_.roles as roles2_11_0_ 
    from
        user_roles roles0_ 
    where
        roles0_.user_id=?
Hibernate: 
    select
        roles0_.user_id as user_id1_11_0_,
        roles0_.roles as roles2_11_0_ 
    from
        user_roles roles0_ 
    where
        roles0_.user_id=?
Hibernate: 
    select
        roles0_.user_id as user_id1_11_0_,
        roles0_.roles as roles2_11_0_ 
    from
        user_roles roles0_ 
    where
        roles0_.user_id=?
Hibernate: 
    select
        roles0_.user_id as user_id1_11_0_,
        roles0_.roles as roles2_11_0_ 
    from
        user_roles roles0_ 
    where
        roles0_.user_id=?
Hibernate: 
    select
        roles0_.user_id as user_id1_11_0_,
        roles0_.roles as roles2_11_0_ 
    from
        user_roles roles0_ 
    where
        roles0_.user_id=?
Hibernate: 
    insert 
    into
        meeting_pin
        (created_at, updated_at, category, content, user_id, date, latitude, longitude, max_age, min_age, set_gender, set_limit, title) 
    values
        (?, ?, ?, ?, ?, ?, ?, ?, ?, ?, ?, ?, ?)
Hibernate: 
    select
        user0_.id as id1_10_,
        user0_.created_at as created_2_10_,
        user0_.updated_at as updated_3_10_,
        user0_.age as age4_10_,
        user0_.background_image as backgrou5_10_,
        user0_.email as email6_10_,
        user0_.gender as gender7_10_,
        user0_.hobby as hobby8_10_,
        user0_.introduce as introduc9_10_,
        user0_.job as job10_10_,
        user0_.name as name11_10_,
        user0_.nick_name as nick_na12_10_,
        user0_.phone_num as phone_n13_10_,
        user0_.profile_image as profile14_10_,
        user0_.res_red_number as res_red15_10_,
        user0_.score as score16_10_ 
    from
        user user0_
Hibernate: 
    select
        roles0_.user_id as user_id1_11_0_,
        roles0_.roles as roles2_11_0_ 
    from
        user_roles roles0_ 
    where
        roles0_.user_id=?
Hibernate: 
    select
        roles0_.user_id as user_id1_11_0_,
        roles0_.roles as roles2_11_0_ 
    from
        user_roles roles0_ 
    where
        roles0_.user_id=?
Hibernate: 
    select
        roles0_.user_id as user_id1_11_0_,
        roles0_.roles as roles2_11_0_ 
    from
        user_roles roles0_ 
    where
        roles0_.user_id=?
Hibernate: 
    select
        roles0_.user_id as user_id1_11_0_,
        roles0_.roles as roles2_11_0_ 
    from
        user_roles roles0_ 
    where
        roles0_.user_id=?
Hibernate: 
    select
        roles0_.user_id as user_id1_11_0_,
        roles0_.roles as roles2_11_0_ 
    from
        user_roles roles0_ 
    where
        roles0_.user_id=?
Hibernate: 
    insert 
    into
        meeting_pin
        (created_at, updated_at, category, content, user_id, date, latitude, longitude, max_age, min_age, set_gender, set_limit, title) 
    values
        (?, ?, ?, ?, ?, ?, ?, ?, ?, ?, ?, ?, ?)
Hibernate: 
    select
        user0_.id as id1_10_,
        user0_.created_at as created_2_10_,
        user0_.updated_at as updated_3_10_,
        user0_.age as age4_10_,
        user0_.background_image as backgrou5_10_,
        user0_.email as email6_10_,
        user0_.gender as gender7_10_,
        user0_.hobby as hobby8_10_,
        user0_.introduce as introduc9_10_,
        user0_.job as job10_10_,
        user0_.name as name11_10_,
        user0_.nick_name as nick_na12_10_,
        user0_.phone_num as phone_n13_10_,
        user0_.profile_image as profile14_10_,
        user0_.res_red_number as res_red15_10_,
        user0_.score as score16_10_ 
    from
        user user0_
Hibernate: 
    select
        roles0_.user_id as user_id1_11_0_,
        roles0_.roles as roles2_11_0_ 
    from
        user_roles roles0_ 
    where
        roles0_.user_id=?
Hibernate: 
    select
        roles0_.user_id as user_id1_11_0_,
        roles0_.roles as roles2_11_0_ 
    from
        user_roles roles0_ 
    where
        roles0_.user_id=?
Hibernate: 
    select
        roles0_.user_id as user_id1_11_0_,
        roles0_.roles as roles2_11_0_ 
    from
        user_roles roles0_ 
    where
        roles0_.user_id=?
Hibernate: 
    select
        roles0_.user_id as user_id1_11_0_,
        roles0_.roles as roles2_11_0_ 
    from
        user_roles roles0_ 
    where
        roles0_.user_id=?
Hibernate: 
    select
        roles0_.user_id as user_id1_11_0_,
        roles0_.roles as roles2_11_0_ 
    from
        user_roles roles0_ 
    where
        roles0_.user_id=?
Hibernate: 
    insert 
    into
        meeting_pin
        (created_at, updated_at, category, content, user_id, date, latitude, longitude, max_age, min_age, set_gender, set_limit, title) 
    values
        (?, ?, ?, ?, ?, ?, ?, ?, ?, ?, ?, ?, ?)
Hibernate: 
    select
        user0_.id as id1_10_,
        user0_.created_at as created_2_10_,
        user0_.updated_at as updated_3_10_,
        user0_.age as age4_10_,
        user0_.background_image as backgrou5_10_,
        user0_.email as email6_10_,
        user0_.gender as gender7_10_,
        user0_.hobby as hobby8_10_,
        user0_.introduce as introduc9_10_,
        user0_.job as job10_10_,
        user0_.name as name11_10_,
        user0_.nick_name as nick_na12_10_,
        user0_.phone_num as phone_n13_10_,
        user0_.profile_image as profile14_10_,
        user0_.res_red_number as res_red15_10_,
        user0_.score as score16_10_ 
    from
        user user0_
Hibernate: 
    select
        roles0_.user_id as user_id1_11_0_,
        roles0_.roles as roles2_11_0_ 
    from
        user_roles roles0_ 
    where
        roles0_.user_id=?
Hibernate: 
    select
        roles0_.user_id as user_id1_11_0_,
        roles0_.roles as roles2_11_0_ 
    from
        user_roles roles0_ 
    where
        roles0_.user_id=?
Hibernate: 
    select
        roles0_.user_id as user_id1_11_0_,
        roles0_.roles as roles2_11_0_ 
    from
        user_roles roles0_ 
    where
        roles0_.user_id=?
Hibernate: 
    select
        roles0_.user_id as user_id1_11_0_,
        roles0_.roles as roles2_11_0_ 
    from
        user_roles roles0_ 
    where
        roles0_.user_id=?
Hibernate: 
    select
        roles0_.user_id as user_id1_11_0_,
        roles0_.roles as roles2_11_0_ 
    from
        user_roles roles0_ 
    where
        roles0_.user_id=?
Hibernate: 
    insert 
    into
        meeting_pin
        (created_at, updated_at, category, content, user_id, date, latitude, longitude, max_age, min_age, set_gender, set_limit, title) 
    values
        (?, ?, ?, ?, ?, ?, ?, ?, ?, ?, ?, ?, ?)
Hibernate: 
    select
        user0_.id as id1_10_,
        user0_.created_at as created_2_10_,
        user0_.updated_at as updated_3_10_,
        user0_.age as age4_10_,
        user0_.background_image as backgrou5_10_,
        user0_.email as email6_10_,
        user0_.gender as gender7_10_,
        user0_.hobby as hobby8_10_,
        user0_.introduce as introduc9_10_,
        user0_.job as job10_10_,
        user0_.name as name11_10_,
        user0_.nick_name as nick_na12_10_,
        user0_.phone_num as phone_n13_10_,
        user0_.profile_image as profile14_10_,
        user0_.res_red_number as res_red15_10_,
        user0_.score as score16_10_ 
    from
        user user0_
Hibernate: 
    select
        roles0_.user_id as user_id1_11_0_,
        roles0_.roles as roles2_11_0_ 
    from
        user_roles roles0_ 
    where
        roles0_.user_id=?
Hibernate: 
    select
        roles0_.user_id as user_id1_11_0_,
        roles0_.roles as roles2_11_0_ 
    from
        user_roles roles0_ 
    where
        roles0_.user_id=?
Hibernate: 
    select
        roles0_.user_id as user_id1_11_0_,
        roles0_.roles as roles2_11_0_ 
    from
        user_roles roles0_ 
    where
        roles0_.user_id=?
Hibernate: 
    select
        roles0_.user_id as user_id1_11_0_,
        roles0_.roles as roles2_11_0_ 
    from
        user_roles roles0_ 
    where
        roles0_.user_id=?
Hibernate: 
    select
        roles0_.user_id as user_id1_11_0_,
        roles0_.roles as roles2_11_0_ 
    from
        user_roles roles0_ 
    where
        roles0_.user_id=?
Hibernate: 
    insert 
    into
        meeting_pin
        (created_at, updated_at, category, content, user_id, date, latitude, longitude, max_age, min_age, set_gender, set_limit, title) 
    values
        (?, ?, ?, ?, ?, ?, ?, ?, ?, ?, ?, ?, ?)
Hibernate: 
    select
        user0_.id as id1_10_,
        user0_.created_at as created_2_10_,
        user0_.updated_at as updated_3_10_,
        user0_.age as age4_10_,
        user0_.background_image as backgrou5_10_,
        user0_.email as email6_10_,
        user0_.gender as gender7_10_,
        user0_.hobby as hobby8_10_,
        user0_.introduce as introduc9_10_,
        user0_.job as job10_10_,
        user0_.name as name11_10_,
        user0_.nick_name as nick_na12_10_,
        user0_.phone_num as phone_n13_10_,
        user0_.profile_image as profile14_10_,
        user0_.res_red_number as res_red15_10_,
        user0_.score as score16_10_ 
    from
        user user0_
Hibernate: 
    select
        roles0_.user_id as user_id1_11_0_,
        roles0_.roles as roles2_11_0_ 
    from
        user_roles roles0_ 
    where
        roles0_.user_id=?
Hibernate: 
    select
        roles0_.user_id as user_id1_11_0_,
        roles0_.roles as roles2_11_0_ 
    from
        user_roles roles0_ 
    where
        roles0_.user_id=?
Hibernate: 
    select
        roles0_.user_id as user_id1_11_0_,
        roles0_.roles as roles2_11_0_ 
    from
        user_roles roles0_ 
    where
        roles0_.user_id=?
Hibernate: 
    select
        roles0_.user_id as user_id1_11_0_,
        roles0_.roles as roles2_11_0_ 
    from
        user_roles roles0_ 
    where
        roles0_.user_id=?
Hibernate: 
    select
        roles0_.user_id as user_id1_11_0_,
        roles0_.roles as roles2_11_0_ 
    from
        user_roles roles0_ 
    where
        roles0_.user_id=?
Hibernate: 
    insert 
    into
        meeting_pin
        (created_at, updated_at, category, content, user_id, date, latitude, longitude, max_age, min_age, set_gender, set_limit, title) 
    values
        (?, ?, ?, ?, ?, ?, ?, ?, ?, ?, ?, ?, ?)
Hibernate: 
    select
        user0_.id as id1_10_,
        user0_.created_at as created_2_10_,
        user0_.updated_at as updated_3_10_,
        user0_.age as age4_10_,
        user0_.background_image as backgrou5_10_,
        user0_.email as email6_10_,
        user0_.gender as gender7_10_,
        user0_.hobby as hobby8_10_,
        user0_.introduce as introduc9_10_,
        user0_.job as job10_10_,
        user0_.name as name11_10_,
        user0_.nick_name as nick_na12_10_,
        user0_.phone_num as phone_n13_10_,
        user0_.profile_image as profile14_10_,
        user0_.res_red_number as res_red15_10_,
        user0_.score as score16_10_ 
    from
        user user0_
Hibernate: 
    select
        roles0_.user_id as user_id1_11_0_,
        roles0_.roles as roles2_11_0_ 
    from
        user_roles roles0_ 
    where
        roles0_.user_id=?
Hibernate: 
    select
        roles0_.user_id as user_id1_11_0_,
        roles0_.roles as roles2_11_0_ 
    from
        user_roles roles0_ 
    where
        roles0_.user_id=?
Hibernate: 
    select
        roles0_.user_id as user_id1_11_0_,
        roles0_.roles as roles2_11_0_ 
    from
        user_roles roles0_ 
    where
        roles0_.user_id=?
Hibernate: 
    select
        roles0_.user_id as user_id1_11_0_,
        roles0_.roles as roles2_11_0_ 
    from
        user_roles roles0_ 
    where
        roles0_.user_id=?
Hibernate: 
    select
        roles0_.user_id as user_id1_11_0_,
        roles0_.roles as roles2_11_0_ 
    from
        user_roles roles0_ 
    where
        roles0_.user_id=?
Hibernate: 
    insert 
    into
        meeting_pin
        (created_at, updated_at, category, content, user_id, date, latitude, longitude, max_age, min_age, set_gender, set_limit, title) 
    values
        (?, ?, ?, ?, ?, ?, ?, ?, ?, ?, ?, ?, ?)
Hibernate: 
    select
        user0_.id as id1_10_,
        user0_.created_at as created_2_10_,
        user0_.updated_at as updated_3_10_,
        user0_.age as age4_10_,
        user0_.background_image as backgrou5_10_,
        user0_.email as email6_10_,
        user0_.gender as gender7_10_,
        user0_.hobby as hobby8_10_,
        user0_.introduce as introduc9_10_,
        user0_.job as job10_10_,
        user0_.name as name11_10_,
        user0_.nick_name as nick_na12_10_,
        user0_.phone_num as phone_n13_10_,
        user0_.profile_image as profile14_10_,
        user0_.res_red_number as res_red15_10_,
        user0_.score as score16_10_ 
    from
        user user0_
Hibernate: 
    select
        roles0_.user_id as user_id1_11_0_,
        roles0_.roles as roles2_11_0_ 
    from
        user_roles roles0_ 
    where
        roles0_.user_id=?
Hibernate: 
    select
        roles0_.user_id as user_id1_11_0_,
        roles0_.roles as roles2_11_0_ 
    from
        user_roles roles0_ 
    where
        roles0_.user_id=?
Hibernate: 
    select
        roles0_.user_id as user_id1_11_0_,
        roles0_.roles as roles2_11_0_ 
    from
        user_roles roles0_ 
    where
        roles0_.user_id=?
Hibernate: 
    select
        roles0_.user_id as user_id1_11_0_,
        roles0_.roles as roles2_11_0_ 
    from
        user_roles roles0_ 
    where
        roles0_.user_id=?
Hibernate: 
    select
        roles0_.user_id as user_id1_11_0_,
        roles0_.roles as roles2_11_0_ 
    from
        user_roles roles0_ 
    where
        roles0_.user_id=?
Hibernate: 
    insert 
    into
        meeting_pin
        (created_at, updated_at, category, content, user_id, date, latitude, longitude, max_age, min_age, set_gender, set_limit, title) 
    values
        (?, ?, ?, ?, ?, ?, ?, ?, ?, ?, ?, ?, ?)
Hibernate: 
    select
        user0_.id as id1_10_,
        user0_.created_at as created_2_10_,
        user0_.updated_at as updated_3_10_,
        user0_.age as age4_10_,
        user0_.background_image as backgrou5_10_,
        user0_.email as email6_10_,
        user0_.gender as gender7_10_,
        user0_.hobby as hobby8_10_,
        user0_.introduce as introduc9_10_,
        user0_.job as job10_10_,
        user0_.name as name11_10_,
        user0_.nick_name as nick_na12_10_,
        user0_.phone_num as phone_n13_10_,
        user0_.profile_image as profile14_10_,
        user0_.res_red_number as res_red15_10_,
        user0_.score as score16_10_ 
    from
        user user0_
Hibernate: 
    select
        roles0_.user_id as user_id1_11_0_,
        roles0_.roles as roles2_11_0_ 
    from
        user_roles roles0_ 
    where
        roles0_.user_id=?
Hibernate: 
    select
        roles0_.user_id as user_id1_11_0_,
        roles0_.roles as roles2_11_0_ 
    from
        user_roles roles0_ 
    where
        roles0_.user_id=?
Hibernate: 
    select
        roles0_.user_id as user_id1_11_0_,
        roles0_.roles as roles2_11_0_ 
    from
        user_roles roles0_ 
    where
        roles0_.user_id=?
Hibernate: 
    select
        roles0_.user_id as user_id1_11_0_,
        roles0_.roles as roles2_11_0_ 
    from
        user_roles roles0_ 
    where
        roles0_.user_id=?
Hibernate: 
    select
        roles0_.user_id as user_id1_11_0_,
        roles0_.roles as roles2_11_0_ 
    from
        user_roles roles0_ 
    where
        roles0_.user_id=?
Hibernate: 
    insert 
    into
        meeting_pin
        (created_at, updated_at, category, content, user_id, date, latitude, longitude, max_age, min_age, set_gender, set_limit, title) 
    values
        (?, ?, ?, ?, ?, ?, ?, ?, ?, ?, ?, ?, ?)
Hibernate: 
    select
        user0_.id as id1_10_,
        user0_.created_at as created_2_10_,
        user0_.updated_at as updated_3_10_,
        user0_.age as age4_10_,
        user0_.background_image as backgrou5_10_,
        user0_.email as email6_10_,
        user0_.gender as gender7_10_,
        user0_.hobby as hobby8_10_,
        user0_.introduce as introduc9_10_,
        user0_.job as job10_10_,
        user0_.name as name11_10_,
        user0_.nick_name as nick_na12_10_,
        user0_.phone_num as phone_n13_10_,
        user0_.profile_image as profile14_10_,
        user0_.res_red_number as res_red15_10_,
        user0_.score as score16_10_ 
    from
        user user0_
Hibernate: 
    select
        roles0_.user_id as user_id1_11_0_,
        roles0_.roles as roles2_11_0_ 
    from
        user_roles roles0_ 
    where
        roles0_.user_id=?
Hibernate: 
    select
        roles0_.user_id as user_id1_11_0_,
        roles0_.roles as roles2_11_0_ 
    from
        user_roles roles0_ 
    where
        roles0_.user_id=?
Hibernate: 
    select
        roles0_.user_id as user_id1_11_0_,
        roles0_.roles as roles2_11_0_ 
    from
        user_roles roles0_ 
    where
        roles0_.user_id=?
Hibernate: 
    select
        roles0_.user_id as user_id1_11_0_,
        roles0_.roles as roles2_11_0_ 
    from
        user_roles roles0_ 
    where
        roles0_.user_id=?
Hibernate: 
    select
        roles0_.user_id as user_id1_11_0_,
        roles0_.roles as roles2_11_0_ 
    from
        user_roles roles0_ 
    where
        roles0_.user_id=?
Hibernate: 
    insert 
    into
        meeting_pin
        (created_at, updated_at, category, content, user_id, date, latitude, longitude, max_age, min_age, set_gender, set_limit, title) 
    values
        (?, ?, ?, ?, ?, ?, ?, ?, ?, ?, ?, ?, ?)
Hibernate: 
    select
        user0_.id as id1_10_,
        user0_.created_at as created_2_10_,
        user0_.updated_at as updated_3_10_,
        user0_.age as age4_10_,
        user0_.background_image as backgrou5_10_,
        user0_.email as email6_10_,
        user0_.gender as gender7_10_,
        user0_.hobby as hobby8_10_,
        user0_.introduce as introduc9_10_,
        user0_.job as job10_10_,
        user0_.name as name11_10_,
        user0_.nick_name as nick_na12_10_,
        user0_.phone_num as phone_n13_10_,
        user0_.profile_image as profile14_10_,
        user0_.res_red_number as res_red15_10_,
        user0_.score as score16_10_ 
    from
        user user0_
Hibernate: 
    select
        roles0_.user_id as user_id1_11_0_,
        roles0_.roles as roles2_11_0_ 
    from
        user_roles roles0_ 
    where
        roles0_.user_id=?
Hibernate: 
    select
        roles0_.user_id as user_id1_11_0_,
        roles0_.roles as roles2_11_0_ 
    from
        user_roles roles0_ 
    where
        roles0_.user_id=?
Hibernate: 
    select
        roles0_.user_id as user_id1_11_0_,
        roles0_.roles as roles2_11_0_ 
    from
        user_roles roles0_ 
    where
        roles0_.user_id=?
Hibernate: 
    select
        roles0_.user_id as user_id1_11_0_,
        roles0_.roles as roles2_11_0_ 
    from
        user_roles roles0_ 
    where
        roles0_.user_id=?
Hibernate: 
    select
        roles0_.user_id as user_id1_11_0_,
        roles0_.roles as roles2_11_0_ 
    from
        user_roles roles0_ 
    where
        roles0_.user_id=?
Hibernate: 
    insert 
    into
        meeting_pin
        (created_at, updated_at, category, content, user_id, date, latitude, longitude, max_age, min_age, set_gender, set_limit, title) 
    values
        (?, ?, ?, ?, ?, ?, ?, ?, ?, ?, ?, ?, ?)
Hibernate: 
    select
        user0_.id as id1_10_,
        user0_.created_at as created_2_10_,
        user0_.updated_at as updated_3_10_,
        user0_.age as age4_10_,
        user0_.background_image as backgrou5_10_,
        user0_.email as email6_10_,
        user0_.gender as gender7_10_,
        user0_.hobby as hobby8_10_,
        user0_.introduce as introduc9_10_,
        user0_.job as job10_10_,
        user0_.name as name11_10_,
        user0_.nick_name as nick_na12_10_,
        user0_.phone_num as phone_n13_10_,
        user0_.profile_image as profile14_10_,
        user0_.res_red_number as res_red15_10_,
        user0_.score as score16_10_ 
    from
        user user0_
Hibernate: 
    select
        roles0_.user_id as user_id1_11_0_,
        roles0_.roles as roles2_11_0_ 
    from
        user_roles roles0_ 
    where
        roles0_.user_id=?
Hibernate: 
    select
        roles0_.user_id as user_id1_11_0_,
        roles0_.roles as roles2_11_0_ 
    from
        user_roles roles0_ 
    where
        roles0_.user_id=?
Hibernate: 
    select
        roles0_.user_id as user_id1_11_0_,
        roles0_.roles as roles2_11_0_ 
    from
        user_roles roles0_ 
    where
        roles0_.user_id=?
Hibernate: 
    select
        roles0_.user_id as user_id1_11_0_,
        roles0_.roles as roles2_11_0_ 
    from
        user_roles roles0_ 
    where
        roles0_.user_id=?
Hibernate: 
    select
        roles0_.user_id as user_id1_11_0_,
        roles0_.roles as roles2_11_0_ 
    from
        user_roles roles0_ 
    where
        roles0_.user_id=?
Hibernate: 
    insert 
    into
        meeting_pin
        (created_at, updated_at, category, content, user_id, date, latitude, longitude, max_age, min_age, set_gender, set_limit, title) 
    values
        (?, ?, ?, ?, ?, ?, ?, ?, ?, ?, ?, ?, ?)
Hibernate: 
    select
        user0_.id as id1_10_,
        user0_.created_at as created_2_10_,
        user0_.updated_at as updated_3_10_,
        user0_.age as age4_10_,
        user0_.background_image as backgrou5_10_,
        user0_.email as email6_10_,
        user0_.gender as gender7_10_,
        user0_.hobby as hobby8_10_,
        user0_.introduce as introduc9_10_,
        user0_.job as job10_10_,
        user0_.name as name11_10_,
        user0_.nick_name as nick_na12_10_,
        user0_.phone_num as phone_n13_10_,
        user0_.profile_image as profile14_10_,
        user0_.res_red_number as res_red15_10_,
        user0_.score as score16_10_ 
    from
        user user0_
Hibernate: 
    select
        roles0_.user_id as user_id1_11_0_,
        roles0_.roles as roles2_11_0_ 
    from
        user_roles roles0_ 
    where
        roles0_.user_id=?
Hibernate: 
    select
        roles0_.user_id as user_id1_11_0_,
        roles0_.roles as roles2_11_0_ 
    from
        user_roles roles0_ 
    where
        roles0_.user_id=?
Hibernate: 
    select
        roles0_.user_id as user_id1_11_0_,
        roles0_.roles as roles2_11_0_ 
    from
        user_roles roles0_ 
    where
        roles0_.user_id=?
Hibernate: 
    select
        roles0_.user_id as user_id1_11_0_,
        roles0_.roles as roles2_11_0_ 
    from
        user_roles roles0_ 
    where
        roles0_.user_id=?
Hibernate: 
    select
        roles0_.user_id as user_id1_11_0_,
        roles0_.roles as roles2_11_0_ 
    from
        user_roles roles0_ 
    where
        roles0_.user_id=?
Hibernate: 
    insert 
    into
        meeting_pin
        (created_at, updated_at, category, content, user_id, date, latitude, longitude, max_age, min_age, set_gender, set_limit, title) 
    values
        (?, ?, ?, ?, ?, ?, ?, ?, ?, ?, ?, ?, ?)
Hibernate: 
    select
        user0_.id as id1_10_,
        user0_.created_at as created_2_10_,
        user0_.updated_at as updated_3_10_,
        user0_.age as age4_10_,
        user0_.background_image as backgrou5_10_,
        user0_.email as email6_10_,
        user0_.gender as gender7_10_,
        user0_.hobby as hobby8_10_,
        user0_.introduce as introduc9_10_,
        user0_.job as job10_10_,
        user0_.name as name11_10_,
        user0_.nick_name as nick_na12_10_,
        user0_.phone_num as phone_n13_10_,
        user0_.profile_image as profile14_10_,
        user0_.res_red_number as res_red15_10_,
        user0_.score as score16_10_ 
    from
        user user0_
Hibernate: 
    select
        roles0_.user_id as user_id1_11_0_,
        roles0_.roles as roles2_11_0_ 
    from
        user_roles roles0_ 
    where
        roles0_.user_id=?
Hibernate: 
    select
        roles0_.user_id as user_id1_11_0_,
        roles0_.roles as roles2_11_0_ 
    from
        user_roles roles0_ 
    where
        roles0_.user_id=?
Hibernate: 
    select
        roles0_.user_id as user_id1_11_0_,
        roles0_.roles as roles2_11_0_ 
    from
        user_roles roles0_ 
    where
        roles0_.user_id=?
Hibernate: 
    select
        roles0_.user_id as user_id1_11_0_,
        roles0_.roles as roles2_11_0_ 
    from
        user_roles roles0_ 
    where
        roles0_.user_id=?
Hibernate: 
    select
        roles0_.user_id as user_id1_11_0_,
        roles0_.roles as roles2_11_0_ 
    from
        user_roles roles0_ 
    where
        roles0_.user_id=?
Hibernate: 
    insert 
    into
        meeting_pin
        (created_at, updated_at, category, content, user_id, date, latitude, longitude, max_age, min_age, set_gender, set_limit, title) 
    values
        (?, ?, ?, ?, ?, ?, ?, ?, ?, ?, ?, ?, ?)
Hibernate: 
    select
        user0_.id as id1_10_,
        user0_.created_at as created_2_10_,
        user0_.updated_at as updated_3_10_,
        user0_.age as age4_10_,
        user0_.background_image as backgrou5_10_,
        user0_.email as email6_10_,
        user0_.gender as gender7_10_,
        user0_.hobby as hobby8_10_,
        user0_.introduce as introduc9_10_,
        user0_.job as job10_10_,
        user0_.name as name11_10_,
        user0_.nick_name as nick_na12_10_,
        user0_.phone_num as phone_n13_10_,
        user0_.profile_image as profile14_10_,
        user0_.res_red_number as res_red15_10_,
        user0_.score as score16_10_ 
    from
        user user0_
Hibernate: 
    select
        roles0_.user_id as user_id1_11_0_,
        roles0_.roles as roles2_11_0_ 
    from
        user_roles roles0_ 
    where
        roles0_.user_id=?
Hibernate: 
    select
        roles0_.user_id as user_id1_11_0_,
        roles0_.roles as roles2_11_0_ 
    from
        user_roles roles0_ 
    where
        roles0_.user_id=?
Hibernate: 
    select
        roles0_.user_id as user_id1_11_0_,
        roles0_.roles as roles2_11_0_ 
    from
        user_roles roles0_ 
    where
        roles0_.user_id=?
Hibernate: 
    select
        roles0_.user_id as user_id1_11_0_,
        roles0_.roles as roles2_11_0_ 
    from
        user_roles roles0_ 
    where
        roles0_.user_id=?
Hibernate: 
    select
        roles0_.user_id as user_id1_11_0_,
        roles0_.roles as roles2_11_0_ 
    from
        user_roles roles0_ 
    where
        roles0_.user_id=?
Hibernate: 
    insert 
    into
        meeting_pin
        (created_at, updated_at, category, content, user_id, date, latitude, longitude, max_age, min_age, set_gender, set_limit, title) 
    values
        (?, ?, ?, ?, ?, ?, ?, ?, ?, ?, ?, ?, ?)
Hibernate: 
    select
        user0_.id as id1_10_,
        user0_.created_at as created_2_10_,
        user0_.updated_at as updated_3_10_,
        user0_.age as age4_10_,
        user0_.background_image as backgrou5_10_,
        user0_.email as email6_10_,
        user0_.gender as gender7_10_,
        user0_.hobby as hobby8_10_,
        user0_.introduce as introduc9_10_,
        user0_.job as job10_10_,
        user0_.name as name11_10_,
        user0_.nick_name as nick_na12_10_,
        user0_.phone_num as phone_n13_10_,
        user0_.profile_image as profile14_10_,
        user0_.res_red_number as res_red15_10_,
        user0_.score as score16_10_ 
    from
        user user0_
Hibernate: 
    select
        roles0_.user_id as user_id1_11_0_,
        roles0_.roles as roles2_11_0_ 
    from
        user_roles roles0_ 
    where
        roles0_.user_id=?
Hibernate: 
    select
        roles0_.user_id as user_id1_11_0_,
        roles0_.roles as roles2_11_0_ 
    from
        user_roles roles0_ 
    where
        roles0_.user_id=?
Hibernate: 
    select
        roles0_.user_id as user_id1_11_0_,
        roles0_.roles as roles2_11_0_ 
    from
        user_roles roles0_ 
    where
        roles0_.user_id=?
Hibernate: 
    select
        roles0_.user_id as user_id1_11_0_,
        roles0_.roles as roles2_11_0_ 
    from
        user_roles roles0_ 
    where
        roles0_.user_id=?
Hibernate: 
    select
        roles0_.user_id as user_id1_11_0_,
        roles0_.roles as roles2_11_0_ 
    from
        user_roles roles0_ 
    where
        roles0_.user_id=?
Hibernate: 
    insert 
    into
        meeting_pin
        (created_at, updated_at, category, content, user_id, date, latitude, longitude, max_age, min_age, set_gender, set_limit, title) 
    values
        (?, ?, ?, ?, ?, ?, ?, ?, ?, ?, ?, ?, ?)
Hibernate: 
    select
        user0_.id as id1_10_,
        user0_.created_at as created_2_10_,
        user0_.updated_at as updated_3_10_,
        user0_.age as age4_10_,
        user0_.background_image as backgrou5_10_,
        user0_.email as email6_10_,
        user0_.gender as gender7_10_,
        user0_.hobby as hobby8_10_,
        user0_.introduce as introduc9_10_,
        user0_.job as job10_10_,
        user0_.name as name11_10_,
        user0_.nick_name as nick_na12_10_,
        user0_.phone_num as phone_n13_10_,
        user0_.profile_image as profile14_10_,
        user0_.res_red_number as res_red15_10_,
        user0_.score as score16_10_ 
    from
        user user0_
Hibernate: 
    select
        roles0_.user_id as user_id1_11_0_,
        roles0_.roles as roles2_11_0_ 
    from
        user_roles roles0_ 
    where
        roles0_.user_id=?
Hibernate: 
    select
        roles0_.user_id as user_id1_11_0_,
        roles0_.roles as roles2_11_0_ 
    from
        user_roles roles0_ 
    where
        roles0_.user_id=?
Hibernate: 
    select
        roles0_.user_id as user_id1_11_0_,
        roles0_.roles as roles2_11_0_ 
    from
        user_roles roles0_ 
    where
        roles0_.user_id=?
Hibernate: 
    select
        roles0_.user_id as user_id1_11_0_,
        roles0_.roles as roles2_11_0_ 
    from
        user_roles roles0_ 
    where
        roles0_.user_id=?
Hibernate: 
    select
        roles0_.user_id as user_id1_11_0_,
        roles0_.roles as roles2_11_0_ 
    from
        user_roles roles0_ 
    where
        roles0_.user_id=?
Hibernate: 
    insert 
    into
        meeting_pin
        (created_at, updated_at, category, content, user_id, date, latitude, longitude, max_age, min_age, set_gender, set_limit, title) 
    values
        (?, ?, ?, ?, ?, ?, ?, ?, ?, ?, ?, ?, ?)
Hibernate: 
    select
        user0_.id as id1_10_,
        user0_.created_at as created_2_10_,
        user0_.updated_at as updated_3_10_,
        user0_.age as age4_10_,
        user0_.background_image as backgrou5_10_,
        user0_.email as email6_10_,
        user0_.gender as gender7_10_,
        user0_.hobby as hobby8_10_,
        user0_.introduce as introduc9_10_,
        user0_.job as job10_10_,
        user0_.name as name11_10_,
        user0_.nick_name as nick_na12_10_,
        user0_.phone_num as phone_n13_10_,
        user0_.profile_image as profile14_10_,
        user0_.res_red_number as res_red15_10_,
        user0_.score as score16_10_ 
    from
        user user0_
Hibernate: 
    select
        roles0_.user_id as user_id1_11_0_,
        roles0_.roles as roles2_11_0_ 
    from
        user_roles roles0_ 
    where
        roles0_.user_id=?
Hibernate: 
    select
        roles0_.user_id as user_id1_11_0_,
        roles0_.roles as roles2_11_0_ 
    from
        user_roles roles0_ 
    where
        roles0_.user_id=?
Hibernate: 
    select
        roles0_.user_id as user_id1_11_0_,
        roles0_.roles as roles2_11_0_ 
    from
        user_roles roles0_ 
    where
        roles0_.user_id=?
Hibernate: 
    select
        roles0_.user_id as user_id1_11_0_,
        roles0_.roles as roles2_11_0_ 
    from
        user_roles roles0_ 
    where
        roles0_.user_id=?
Hibernate: 
    select
        roles0_.user_id as user_id1_11_0_,
        roles0_.roles as roles2_11_0_ 
    from
        user_roles roles0_ 
    where
        roles0_.user_id=?
Hibernate: 
    insert 
    into
        meeting_pin
        (created_at, updated_at, category, content, user_id, date, latitude, longitude, max_age, min_age, set_gender, set_limit, title) 
    values
        (?, ?, ?, ?, ?, ?, ?, ?, ?, ?, ?, ?, ?)
Hibernate: 
    select
        user0_.id as id1_10_,
        user0_.created_at as created_2_10_,
        user0_.updated_at as updated_3_10_,
        user0_.age as age4_10_,
        user0_.background_image as backgrou5_10_,
        user0_.email as email6_10_,
        user0_.gender as gender7_10_,
        user0_.hobby as hobby8_10_,
        user0_.introduce as introduc9_10_,
        user0_.job as job10_10_,
        user0_.name as name11_10_,
        user0_.nick_name as nick_na12_10_,
        user0_.phone_num as phone_n13_10_,
        user0_.profile_image as profile14_10_,
        user0_.res_red_number as res_red15_10_,
        user0_.score as score16_10_ 
    from
        user user0_
Hibernate: 
    select
        roles0_.user_id as user_id1_11_0_,
        roles0_.roles as roles2_11_0_ 
    from
        user_roles roles0_ 
    where
        roles0_.user_id=?
Hibernate: 
    select
        roles0_.user_id as user_id1_11_0_,
        roles0_.roles as roles2_11_0_ 
    from
        user_roles roles0_ 
    where
        roles0_.user_id=?
Hibernate: 
    select
        roles0_.user_id as user_id1_11_0_,
        roles0_.roles as roles2_11_0_ 
    from
        user_roles roles0_ 
    where
        roles0_.user_id=?
Hibernate: 
    select
        roles0_.user_id as user_id1_11_0_,
        roles0_.roles as roles2_11_0_ 
    from
        user_roles roles0_ 
    where
        roles0_.user_id=?
Hibernate: 
    select
        roles0_.user_id as user_id1_11_0_,
        roles0_.roles as roles2_11_0_ 
    from
        user_roles roles0_ 
    where
        roles0_.user_id=?
Hibernate: 
    insert 
    into
        meeting_pin
        (created_at, updated_at, category, content, user_id, date, latitude, longitude, max_age, min_age, set_gender, set_limit, title) 
    values
        (?, ?, ?, ?, ?, ?, ?, ?, ?, ?, ?, ?, ?)
Hibernate: 
    select
        user0_.id as id1_10_,
        user0_.created_at as created_2_10_,
        user0_.updated_at as updated_3_10_,
        user0_.age as age4_10_,
        user0_.background_image as backgrou5_10_,
        user0_.email as email6_10_,
        user0_.gender as gender7_10_,
        user0_.hobby as hobby8_10_,
        user0_.introduce as introduc9_10_,
        user0_.job as job10_10_,
        user0_.name as name11_10_,
        user0_.nick_name as nick_na12_10_,
        user0_.phone_num as phone_n13_10_,
        user0_.profile_image as profile14_10_,
        user0_.res_red_number as res_red15_10_,
        user0_.score as score16_10_ 
    from
        user user0_
Hibernate: 
    select
        roles0_.user_id as user_id1_11_0_,
        roles0_.roles as roles2_11_0_ 
    from
        user_roles roles0_ 
    where
        roles0_.user_id=?
Hibernate: 
    select
        roles0_.user_id as user_id1_11_0_,
        roles0_.roles as roles2_11_0_ 
    from
        user_roles roles0_ 
    where
        roles0_.user_id=?
Hibernate: 
    select
        roles0_.user_id as user_id1_11_0_,
        roles0_.roles as roles2_11_0_ 
    from
        user_roles roles0_ 
    where
        roles0_.user_id=?
Hibernate: 
    select
        roles0_.user_id as user_id1_11_0_,
        roles0_.roles as roles2_11_0_ 
    from
        user_roles roles0_ 
    where
        roles0_.user_id=?
Hibernate: 
    select
        roles0_.user_id as user_id1_11_0_,
        roles0_.roles as roles2_11_0_ 
    from
        user_roles roles0_ 
    where
        roles0_.user_id=?
Hibernate: 
    insert 
    into
        meeting_pin
        (created_at, updated_at, category, content, user_id, date, latitude, longitude, max_age, min_age, set_gender, set_limit, title) 
    values
        (?, ?, ?, ?, ?, ?, ?, ?, ?, ?, ?, ?, ?)
Hibernate: 
    select
        user0_.id as id1_10_,
        user0_.created_at as created_2_10_,
        user0_.updated_at as updated_3_10_,
        user0_.age as age4_10_,
        user0_.background_image as backgrou5_10_,
        user0_.email as email6_10_,
        user0_.gender as gender7_10_,
        user0_.hobby as hobby8_10_,
        user0_.introduce as introduc9_10_,
        user0_.job as job10_10_,
        user0_.name as name11_10_,
        user0_.nick_name as nick_na12_10_,
        user0_.phone_num as phone_n13_10_,
        user0_.profile_image as profile14_10_,
        user0_.res_red_number as res_red15_10_,
        user0_.score as score16_10_ 
    from
        user user0_
Hibernate: 
    select
        roles0_.user_id as user_id1_11_0_,
        roles0_.roles as roles2_11_0_ 
    from
        user_roles roles0_ 
    where
        roles0_.user_id=?
Hibernate: 
    select
        roles0_.user_id as user_id1_11_0_,
        roles0_.roles as roles2_11_0_ 
    from
        user_roles roles0_ 
    where
        roles0_.user_id=?
Hibernate: 
    select
        roles0_.user_id as user_id1_11_0_,
        roles0_.roles as roles2_11_0_ 
    from
        user_roles roles0_ 
    where
        roles0_.user_id=?
Hibernate: 
    select
        roles0_.user_id as user_id1_11_0_,
        roles0_.roles as roles2_11_0_ 
    from
        user_roles roles0_ 
    where
        roles0_.user_id=?
Hibernate: 
    select
        roles0_.user_id as user_id1_11_0_,
        roles0_.roles as roles2_11_0_ 
    from
        user_roles roles0_ 
    where
        roles0_.user_id=?
Hibernate: 
    insert 
    into
        meeting_pin
        (created_at, updated_at, category, content, user_id, date, latitude, longitude, max_age, min_age, set_gender, set_limit, title) 
    values
        (?, ?, ?, ?, ?, ?, ?, ?, ?, ?, ?, ?, ?)
Hibernate: 
    select
        user0_.id as id1_10_,
        user0_.created_at as created_2_10_,
        user0_.updated_at as updated_3_10_,
        user0_.age as age4_10_,
        user0_.background_image as backgrou5_10_,
        user0_.email as email6_10_,
        user0_.gender as gender7_10_,
        user0_.hobby as hobby8_10_,
        user0_.introduce as introduc9_10_,
        user0_.job as job10_10_,
        user0_.name as name11_10_,
        user0_.nick_name as nick_na12_10_,
        user0_.phone_num as phone_n13_10_,
        user0_.profile_image as profile14_10_,
        user0_.res_red_number as res_red15_10_,
        user0_.score as score16_10_ 
    from
        user user0_
Hibernate: 
    select
        roles0_.user_id as user_id1_11_0_,
        roles0_.roles as roles2_11_0_ 
    from
        user_roles roles0_ 
    where
        roles0_.user_id=?
Hibernate: 
    select
        roles0_.user_id as user_id1_11_0_,
        roles0_.roles as roles2_11_0_ 
    from
        user_roles roles0_ 
    where
        roles0_.user_id=?
Hibernate: 
    select
        roles0_.user_id as user_id1_11_0_,
        roles0_.roles as roles2_11_0_ 
    from
        user_roles roles0_ 
    where
        roles0_.user_id=?
Hibernate: 
    select
        roles0_.user_id as user_id1_11_0_,
        roles0_.roles as roles2_11_0_ 
    from
        user_roles roles0_ 
    where
        roles0_.user_id=?
Hibernate: 
    select
        roles0_.user_id as user_id1_11_0_,
        roles0_.roles as roles2_11_0_ 
    from
        user_roles roles0_ 
    where
        roles0_.user_id=?
Hibernate: 
    insert 
    into
        meeting_pin
        (created_at, updated_at, category, content, user_id, date, latitude, longitude, max_age, min_age, set_gender, set_limit, title) 
    values
        (?, ?, ?, ?, ?, ?, ?, ?, ?, ?, ?, ?, ?)
Hibernate: 
    select
        user0_.id as id1_10_,
        user0_.created_at as created_2_10_,
        user0_.updated_at as updated_3_10_,
        user0_.age as age4_10_,
        user0_.background_image as backgrou5_10_,
        user0_.email as email6_10_,
        user0_.gender as gender7_10_,
        user0_.hobby as hobby8_10_,
        user0_.introduce as introduc9_10_,
        user0_.job as job10_10_,
        user0_.name as name11_10_,
        user0_.nick_name as nick_na12_10_,
        user0_.phone_num as phone_n13_10_,
        user0_.profile_image as profile14_10_,
        user0_.res_red_number as res_red15_10_,
        user0_.score as score16_10_ 
    from
        user user0_
Hibernate: 
    select
        roles0_.user_id as user_id1_11_0_,
        roles0_.roles as roles2_11_0_ 
    from
        user_roles roles0_ 
    where
        roles0_.user_id=?
Hibernate: 
    select
        roles0_.user_id as user_id1_11_0_,
        roles0_.roles as roles2_11_0_ 
    from
        user_roles roles0_ 
    where
        roles0_.user_id=?
Hibernate: 
    select
        roles0_.user_id as user_id1_11_0_,
        roles0_.roles as roles2_11_0_ 
    from
        user_roles roles0_ 
    where
        roles0_.user_id=?
Hibernate: 
    select
        roles0_.user_id as user_id1_11_0_,
        roles0_.roles as roles2_11_0_ 
    from
        user_roles roles0_ 
    where
        roles0_.user_id=?
Hibernate: 
    select
        roles0_.user_id as user_id1_11_0_,
        roles0_.roles as roles2_11_0_ 
    from
        user_roles roles0_ 
    where
        roles0_.user_id=?
Hibernate: 
    insert 
    into
        meeting_pin
        (created_at, updated_at, category, content, user_id, date, latitude, longitude, max_age, min_age, set_gender, set_limit, title) 
    values
        (?, ?, ?, ?, ?, ?, ?, ?, ?, ?, ?, ?, ?)
Hibernate: 
    select
        user0_.id as id1_10_,
        user0_.created_at as created_2_10_,
        user0_.updated_at as updated_3_10_,
        user0_.age as age4_10_,
        user0_.background_image as backgrou5_10_,
        user0_.email as email6_10_,
        user0_.gender as gender7_10_,
        user0_.hobby as hobby8_10_,
        user0_.introduce as introduc9_10_,
        user0_.job as job10_10_,
        user0_.name as name11_10_,
        user0_.nick_name as nick_na12_10_,
        user0_.phone_num as phone_n13_10_,
        user0_.profile_image as profile14_10_,
        user0_.res_red_number as res_red15_10_,
        user0_.score as score16_10_ 
    from
        user user0_
Hibernate: 
    select
        roles0_.user_id as user_id1_11_0_,
        roles0_.roles as roles2_11_0_ 
    from
        user_roles roles0_ 
    where
        roles0_.user_id=?
Hibernate: 
    select
        roles0_.user_id as user_id1_11_0_,
        roles0_.roles as roles2_11_0_ 
    from
        user_roles roles0_ 
    where
        roles0_.user_id=?
Hibernate: 
    select
        roles0_.user_id as user_id1_11_0_,
        roles0_.roles as roles2_11_0_ 
    from
        user_roles roles0_ 
    where
        roles0_.user_id=?
Hibernate: 
    select
        roles0_.user_id as user_id1_11_0_,
        roles0_.roles as roles2_11_0_ 
    from
        user_roles roles0_ 
    where
        roles0_.user_id=?
Hibernate: 
    select
        roles0_.user_id as user_id1_11_0_,
        roles0_.roles as roles2_11_0_ 
    from
        user_roles roles0_ 
    where
        roles0_.user_id=?
Hibernate: 
    insert 
    into
        meeting_pin
        (created_at, updated_at, category, content, user_id, date, latitude, longitude, max_age, min_age, set_gender, set_limit, title) 
    values
        (?, ?, ?, ?, ?, ?, ?, ?, ?, ?, ?, ?, ?)
Hibernate: 
    select
        user0_.id as id1_10_,
        user0_.created_at as created_2_10_,
        user0_.updated_at as updated_3_10_,
        user0_.age as age4_10_,
        user0_.background_image as backgrou5_10_,
        user0_.email as email6_10_,
        user0_.gender as gender7_10_,
        user0_.hobby as hobby8_10_,
        user0_.introduce as introduc9_10_,
        user0_.job as job10_10_,
        user0_.name as name11_10_,
        user0_.nick_name as nick_na12_10_,
        user0_.phone_num as phone_n13_10_,
        user0_.profile_image as profile14_10_,
        user0_.res_red_number as res_red15_10_,
        user0_.score as score16_10_ 
    from
        user user0_
Hibernate: 
    select
        roles0_.user_id as user_id1_11_0_,
        roles0_.roles as roles2_11_0_ 
    from
        user_roles roles0_ 
    where
        roles0_.user_id=?
Hibernate: 
    select
        roles0_.user_id as user_id1_11_0_,
        roles0_.roles as roles2_11_0_ 
    from
        user_roles roles0_ 
    where
        roles0_.user_id=?
Hibernate: 
    select
        roles0_.user_id as user_id1_11_0_,
        roles0_.roles as roles2_11_0_ 
    from
        user_roles roles0_ 
    where
        roles0_.user_id=?
Hibernate: 
    select
        roles0_.user_id as user_id1_11_0_,
        roles0_.roles as roles2_11_0_ 
    from
        user_roles roles0_ 
    where
        roles0_.user_id=?
Hibernate: 
    select
        roles0_.user_id as user_id1_11_0_,
        roles0_.roles as roles2_11_0_ 
    from
        user_roles roles0_ 
    where
        roles0_.user_id=?
Hibernate: 
    insert 
    into
        meeting_pin
        (created_at, updated_at, category, content, user_id, date, latitude, longitude, max_age, min_age, set_gender, set_limit, title) 
    values
        (?, ?, ?, ?, ?, ?, ?, ?, ?, ?, ?, ?, ?)
Hibernate: 
    select
        user0_.id as id1_10_,
        user0_.created_at as created_2_10_,
        user0_.updated_at as updated_3_10_,
        user0_.age as age4_10_,
        user0_.background_image as backgrou5_10_,
        user0_.email as email6_10_,
        user0_.gender as gender7_10_,
        user0_.hobby as hobby8_10_,
        user0_.introduce as introduc9_10_,
        user0_.job as job10_10_,
        user0_.name as name11_10_,
        user0_.nick_name as nick_na12_10_,
        user0_.phone_num as phone_n13_10_,
        user0_.profile_image as profile14_10_,
        user0_.res_red_number as res_red15_10_,
        user0_.score as score16_10_ 
    from
        user user0_
Hibernate: 
    select
        roles0_.user_id as user_id1_11_0_,
        roles0_.roles as roles2_11_0_ 
    from
        user_roles roles0_ 
    where
        roles0_.user_id=?
Hibernate: 
    select
        roles0_.user_id as user_id1_11_0_,
        roles0_.roles as roles2_11_0_ 
    from
        user_roles roles0_ 
    where
        roles0_.user_id=?
Hibernate: 
    select
        roles0_.user_id as user_id1_11_0_,
        roles0_.roles as roles2_11_0_ 
    from
        user_roles roles0_ 
    where
        roles0_.user_id=?
Hibernate: 
    select
        roles0_.user_id as user_id1_11_0_,
        roles0_.roles as roles2_11_0_ 
    from
        user_roles roles0_ 
    where
        roles0_.user_id=?
Hibernate: 
    select
        roles0_.user_id as user_id1_11_0_,
        roles0_.roles as roles2_11_0_ 
    from
        user_roles roles0_ 
    where
        roles0_.user_id=?
Hibernate: 
    insert 
    into
        meeting_pin
        (created_at, updated_at, category, content, user_id, date, latitude, longitude, max_age, min_age, set_gender, set_limit, title) 
    values
        (?, ?, ?, ?, ?, ?, ?, ?, ?, ?, ?, ?, ?)
Hibernate: 
    select
        user0_.id as id1_10_,
        user0_.created_at as created_2_10_,
        user0_.updated_at as updated_3_10_,
        user0_.age as age4_10_,
        user0_.background_image as backgrou5_10_,
        user0_.email as email6_10_,
        user0_.gender as gender7_10_,
        user0_.hobby as hobby8_10_,
        user0_.introduce as introduc9_10_,
        user0_.job as job10_10_,
        user0_.name as name11_10_,
        user0_.nick_name as nick_na12_10_,
        user0_.phone_num as phone_n13_10_,
        user0_.profile_image as profile14_10_,
        user0_.res_red_number as res_red15_10_,
        user0_.score as score16_10_ 
    from
        user user0_
Hibernate: 
    select
        roles0_.user_id as user_id1_11_0_,
        roles0_.roles as roles2_11_0_ 
    from
        user_roles roles0_ 
    where
        roles0_.user_id=?
Hibernate: 
    select
        roles0_.user_id as user_id1_11_0_,
        roles0_.roles as roles2_11_0_ 
    from
        user_roles roles0_ 
    where
        roles0_.user_id=?
Hibernate: 
    select
        roles0_.user_id as user_id1_11_0_,
        roles0_.roles as roles2_11_0_ 
    from
        user_roles roles0_ 
    where
        roles0_.user_id=?
Hibernate: 
    select
        roles0_.user_id as user_id1_11_0_,
        roles0_.roles as roles2_11_0_ 
    from
        user_roles roles0_ 
    where
        roles0_.user_id=?
Hibernate: 
    select
        roles0_.user_id as user_id1_11_0_,
        roles0_.roles as roles2_11_0_ 
    from
        user_roles roles0_ 
    where
        roles0_.user_id=?
Hibernate: 
    insert 
    into
        meeting_pin
        (created_at, updated_at, category, content, user_id, date, latitude, longitude, max_age, min_age, set_gender, set_limit, title) 
    values
        (?, ?, ?, ?, ?, ?, ?, ?, ?, ?, ?, ?, ?)
Hibernate: 
    select
        user0_.id as id1_10_,
        user0_.created_at as created_2_10_,
        user0_.updated_at as updated_3_10_,
        user0_.age as age4_10_,
        user0_.background_image as backgrou5_10_,
        user0_.email as email6_10_,
        user0_.gender as gender7_10_,
        user0_.hobby as hobby8_10_,
        user0_.introduce as introduc9_10_,
        user0_.job as job10_10_,
        user0_.name as name11_10_,
        user0_.nick_name as nick_na12_10_,
        user0_.phone_num as phone_n13_10_,
        user0_.profile_image as profile14_10_,
        user0_.res_red_number as res_red15_10_,
        user0_.score as score16_10_ 
    from
        user user0_
Hibernate: 
    select
        roles0_.user_id as user_id1_11_0_,
        roles0_.roles as roles2_11_0_ 
    from
        user_roles roles0_ 
    where
        roles0_.user_id=?
Hibernate: 
    select
        roles0_.user_id as user_id1_11_0_,
        roles0_.roles as roles2_11_0_ 
    from
        user_roles roles0_ 
    where
        roles0_.user_id=?
Hibernate: 
    select
        roles0_.user_id as user_id1_11_0_,
        roles0_.roles as roles2_11_0_ 
    from
        user_roles roles0_ 
    where
        roles0_.user_id=?
Hibernate: 
    select
        roles0_.user_id as user_id1_11_0_,
        roles0_.roles as roles2_11_0_ 
    from
        user_roles roles0_ 
    where
        roles0_.user_id=?
Hibernate: 
    select
        roles0_.user_id as user_id1_11_0_,
        roles0_.roles as roles2_11_0_ 
    from
        user_roles roles0_ 
    where
        roles0_.user_id=?
Hibernate: 
    insert 
    into
        meeting_pin
        (created_at, updated_at, category, content, user_id, date, latitude, longitude, max_age, min_age, set_gender, set_limit, title) 
    values
        (?, ?, ?, ?, ?, ?, ?, ?, ?, ?, ?, ?, ?)
Hibernate: 
    select
        user0_.id as id1_10_,
        user0_.created_at as created_2_10_,
        user0_.updated_at as updated_3_10_,
        user0_.age as age4_10_,
        user0_.background_image as backgrou5_10_,
        user0_.email as email6_10_,
        user0_.gender as gender7_10_,
        user0_.hobby as hobby8_10_,
        user0_.introduce as introduc9_10_,
        user0_.job as job10_10_,
        user0_.name as name11_10_,
        user0_.nick_name as nick_na12_10_,
        user0_.phone_num as phone_n13_10_,
        user0_.profile_image as profile14_10_,
        user0_.res_red_number as res_red15_10_,
        user0_.score as score16_10_ 
    from
        user user0_
Hibernate: 
    select
        roles0_.user_id as user_id1_11_0_,
        roles0_.roles as roles2_11_0_ 
    from
        user_roles roles0_ 
    where
        roles0_.user_id=?
Hibernate: 
    select
        roles0_.user_id as user_id1_11_0_,
        roles0_.roles as roles2_11_0_ 
    from
        user_roles roles0_ 
    where
        roles0_.user_id=?
Hibernate: 
    select
        roles0_.user_id as user_id1_11_0_,
        roles0_.roles as roles2_11_0_ 
    from
        user_roles roles0_ 
    where
        roles0_.user_id=?
Hibernate: 
    select
        roles0_.user_id as user_id1_11_0_,
        roles0_.roles as roles2_11_0_ 
    from
        user_roles roles0_ 
    where
        roles0_.user_id=?
Hibernate: 
    select
        roles0_.user_id as user_id1_11_0_,
        roles0_.roles as roles2_11_0_ 
    from
        user_roles roles0_ 
    where
        roles0_.user_id=?
Hibernate: 
    insert 
    into
        meeting_pin
        (created_at, updated_at, category, content, user_id, date, latitude, longitude, max_age, min_age, set_gender, set_limit, title) 
    values
        (?, ?, ?, ?, ?, ?, ?, ?, ?, ?, ?, ?, ?)
Hibernate: 
    select
        user0_.id as id1_10_,
        user0_.created_at as created_2_10_,
        user0_.updated_at as updated_3_10_,
        user0_.age as age4_10_,
        user0_.background_image as backgrou5_10_,
        user0_.email as email6_10_,
        user0_.gender as gender7_10_,
        user0_.hobby as hobby8_10_,
        user0_.introduce as introduc9_10_,
        user0_.job as job10_10_,
        user0_.name as name11_10_,
        user0_.nick_name as nick_na12_10_,
        user0_.phone_num as phone_n13_10_,
        user0_.profile_image as profile14_10_,
        user0_.res_red_number as res_red15_10_,
        user0_.score as score16_10_ 
    from
        user user0_
Hibernate: 
    select
        roles0_.user_id as user_id1_11_0_,
        roles0_.roles as roles2_11_0_ 
    from
        user_roles roles0_ 
    where
        roles0_.user_id=?
Hibernate: 
    select
        roles0_.user_id as user_id1_11_0_,
        roles0_.roles as roles2_11_0_ 
    from
        user_roles roles0_ 
    where
        roles0_.user_id=?
Hibernate: 
    select
        roles0_.user_id as user_id1_11_0_,
        roles0_.roles as roles2_11_0_ 
    from
        user_roles roles0_ 
    where
        roles0_.user_id=?
Hibernate: 
    select
        roles0_.user_id as user_id1_11_0_,
        roles0_.roles as roles2_11_0_ 
    from
        user_roles roles0_ 
    where
        roles0_.user_id=?
Hibernate: 
    select
        roles0_.user_id as user_id1_11_0_,
        roles0_.roles as roles2_11_0_ 
    from
        user_roles roles0_ 
    where
        roles0_.user_id=?
Hibernate: 
    insert 
    into
        meeting_pin
        (created_at, updated_at, category, content, user_id, date, latitude, longitude, max_age, min_age, set_gender, set_limit, title) 
    values
        (?, ?, ?, ?, ?, ?, ?, ?, ?, ?, ?, ?, ?)
Hibernate: 
    select
        user0_.id as id1_10_,
        user0_.created_at as created_2_10_,
        user0_.updated_at as updated_3_10_,
        user0_.age as age4_10_,
        user0_.background_image as backgrou5_10_,
        user0_.email as email6_10_,
        user0_.gender as gender7_10_,
        user0_.hobby as hobby8_10_,
        user0_.introduce as introduc9_10_,
        user0_.job as job10_10_,
        user0_.name as name11_10_,
        user0_.nick_name as nick_na12_10_,
        user0_.phone_num as phone_n13_10_,
        user0_.profile_image as profile14_10_,
        user0_.res_red_number as res_red15_10_,
        user0_.score as score16_10_ 
    from
        user user0_
Hibernate: 
    select
        roles0_.user_id as user_id1_11_0_,
        roles0_.roles as roles2_11_0_ 
    from
        user_roles roles0_ 
    where
        roles0_.user_id=?
Hibernate: 
    select
        roles0_.user_id as user_id1_11_0_,
        roles0_.roles as roles2_11_0_ 
    from
        user_roles roles0_ 
    where
        roles0_.user_id=?
Hibernate: 
    select
        roles0_.user_id as user_id1_11_0_,
        roles0_.roles as roles2_11_0_ 
    from
        user_roles roles0_ 
    where
        roles0_.user_id=?
Hibernate: 
    select
        roles0_.user_id as user_id1_11_0_,
        roles0_.roles as roles2_11_0_ 
    from
        user_roles roles0_ 
    where
        roles0_.user_id=?
Hibernate: 
    select
        roles0_.user_id as user_id1_11_0_,
        roles0_.roles as roles2_11_0_ 
    from
        user_roles roles0_ 
    where
        roles0_.user_id=?
Hibernate: 
    insert 
    into
        meeting_pin
        (created_at, updated_at, category, content, user_id, date, latitude, longitude, max_age, min_age, set_gender, set_limit, title) 
    values
        (?, ?, ?, ?, ?, ?, ?, ?, ?, ?, ?, ?, ?)
Hibernate: 
    select
        user0_.id as id1_10_,
        user0_.created_at as created_2_10_,
        user0_.updated_at as updated_3_10_,
        user0_.age as age4_10_,
        user0_.background_image as backgrou5_10_,
        user0_.email as email6_10_,
        user0_.gender as gender7_10_,
        user0_.hobby as hobby8_10_,
        user0_.introduce as introduc9_10_,
        user0_.job as job10_10_,
        user0_.name as name11_10_,
        user0_.nick_name as nick_na12_10_,
        user0_.phone_num as phone_n13_10_,
        user0_.profile_image as profile14_10_,
        user0_.res_red_number as res_red15_10_,
        user0_.score as score16_10_ 
    from
        user user0_
Hibernate: 
    select
        roles0_.user_id as user_id1_11_0_,
        roles0_.roles as roles2_11_0_ 
    from
        user_roles roles0_ 
    where
        roles0_.user_id=?
Hibernate: 
    select
        roles0_.user_id as user_id1_11_0_,
        roles0_.roles as roles2_11_0_ 
    from
        user_roles roles0_ 
    where
        roles0_.user_id=?
Hibernate: 
    select
        roles0_.user_id as user_id1_11_0_,
        roles0_.roles as roles2_11_0_ 
    from
        user_roles roles0_ 
    where
        roles0_.user_id=?
Hibernate: 
    select
        roles0_.user_id as user_id1_11_0_,
        roles0_.roles as roles2_11_0_ 
    from
        user_roles roles0_ 
    where
        roles0_.user_id=?
Hibernate: 
    select
        roles0_.user_id as user_id1_11_0_,
        roles0_.roles as roles2_11_0_ 
    from
        user_roles roles0_ 
    where
        roles0_.user_id=?
Hibernate: 
    insert 
    into
        meeting_pin
        (created_at, updated_at, category, content, user_id, date, latitude, longitude, max_age, min_age, set_gender, set_limit, title) 
    values
        (?, ?, ?, ?, ?, ?, ?, ?, ?, ?, ?, ?, ?)
Hibernate: 
    select
        user0_.id as id1_10_,
        user0_.created_at as created_2_10_,
        user0_.updated_at as updated_3_10_,
        user0_.age as age4_10_,
        user0_.background_image as backgrou5_10_,
        user0_.email as email6_10_,
        user0_.gender as gender7_10_,
        user0_.hobby as hobby8_10_,
        user0_.introduce as introduc9_10_,
        user0_.job as job10_10_,
        user0_.name as name11_10_,
        user0_.nick_name as nick_na12_10_,
        user0_.phone_num as phone_n13_10_,
        user0_.profile_image as profile14_10_,
        user0_.res_red_number as res_red15_10_,
        user0_.score as score16_10_ 
    from
        user user0_
Hibernate: 
    select
        roles0_.user_id as user_id1_11_0_,
        roles0_.roles as roles2_11_0_ 
    from
        user_roles roles0_ 
    where
        roles0_.user_id=?
Hibernate: 
    select
        roles0_.user_id as user_id1_11_0_,
        roles0_.roles as roles2_11_0_ 
    from
        user_roles roles0_ 
    where
        roles0_.user_id=?
Hibernate: 
    select
        roles0_.user_id as user_id1_11_0_,
        roles0_.roles as roles2_11_0_ 
    from
        user_roles roles0_ 
    where
        roles0_.user_id=?
Hibernate: 
    select
        roles0_.user_id as user_id1_11_0_,
        roles0_.roles as roles2_11_0_ 
    from
        user_roles roles0_ 
    where
        roles0_.user_id=?
Hibernate: 
    select
        roles0_.user_id as user_id1_11_0_,
        roles0_.roles as roles2_11_0_ 
    from
        user_roles roles0_ 
    where
        roles0_.user_id=?
Hibernate: 
    insert 
    into
        meeting_pin
        (created_at, updated_at, category, content, user_id, date, latitude, longitude, max_age, min_age, set_gender, set_limit, title) 
    values
        (?, ?, ?, ?, ?, ?, ?, ?, ?, ?, ?, ?, ?)
Hibernate: 
    select
        user0_.id as id1_10_,
        user0_.created_at as created_2_10_,
        user0_.updated_at as updated_3_10_,
        user0_.age as age4_10_,
        user0_.background_image as backgrou5_10_,
        user0_.email as email6_10_,
        user0_.gender as gender7_10_,
        user0_.hobby as hobby8_10_,
        user0_.introduce as introduc9_10_,
        user0_.job as job10_10_,
        user0_.name as name11_10_,
        user0_.nick_name as nick_na12_10_,
        user0_.phone_num as phone_n13_10_,
        user0_.profile_image as profile14_10_,
        user0_.res_red_number as res_red15_10_,
        user0_.score as score16_10_ 
    from
        user user0_
Hibernate: 
    select
        roles0_.user_id as user_id1_11_0_,
        roles0_.roles as roles2_11_0_ 
    from
        user_roles roles0_ 
    where
        roles0_.user_id=?
Hibernate: 
    select
        roles0_.user_id as user_id1_11_0_,
        roles0_.roles as roles2_11_0_ 
    from
        user_roles roles0_ 
    where
        roles0_.user_id=?
Hibernate: 
    select
        roles0_.user_id as user_id1_11_0_,
        roles0_.roles as roles2_11_0_ 
    from
        user_roles roles0_ 
    where
        roles0_.user_id=?
Hibernate: 
    select
        roles0_.user_id as user_id1_11_0_,
        roles0_.roles as roles2_11_0_ 
    from
        user_roles roles0_ 
    where
        roles0_.user_id=?
Hibernate: 
    select
        roles0_.user_id as user_id1_11_0_,
        roles0_.roles as roles2_11_0_ 
    from
        user_roles roles0_ 
    where
        roles0_.user_id=?
Hibernate: 
    insert 
    into
        meeting_pin
        (created_at, updated_at, category, content, user_id, date, latitude, longitude, max_age, min_age, set_gender, set_limit, title) 
    values
        (?, ?, ?, ?, ?, ?, ?, ?, ?, ?, ?, ?, ?)
Hibernate: 
    select
        user0_.id as id1_10_,
        user0_.created_at as created_2_10_,
        user0_.updated_at as updated_3_10_,
        user0_.age as age4_10_,
        user0_.background_image as backgrou5_10_,
        user0_.email as email6_10_,
        user0_.gender as gender7_10_,
        user0_.hobby as hobby8_10_,
        user0_.introduce as introduc9_10_,
        user0_.job as job10_10_,
        user0_.name as name11_10_,
        user0_.nick_name as nick_na12_10_,
        user0_.phone_num as phone_n13_10_,
        user0_.profile_image as profile14_10_,
        user0_.res_red_number as res_red15_10_,
        user0_.score as score16_10_ 
    from
        user user0_
Hibernate: 
    select
        roles0_.user_id as user_id1_11_0_,
        roles0_.roles as roles2_11_0_ 
    from
        user_roles roles0_ 
    where
        roles0_.user_id=?
Hibernate: 
    select
        roles0_.user_id as user_id1_11_0_,
        roles0_.roles as roles2_11_0_ 
    from
        user_roles roles0_ 
    where
        roles0_.user_id=?
Hibernate: 
    select
        roles0_.user_id as user_id1_11_0_,
        roles0_.roles as roles2_11_0_ 
    from
        user_roles roles0_ 
    where
        roles0_.user_id=?
Hibernate: 
    select
        roles0_.user_id as user_id1_11_0_,
        roles0_.roles as roles2_11_0_ 
    from
        user_roles roles0_ 
    where
        roles0_.user_id=?
Hibernate: 
    select
        roles0_.user_id as user_id1_11_0_,
        roles0_.roles as roles2_11_0_ 
    from
        user_roles roles0_ 
    where
        roles0_.user_id=?
Hibernate: 
    insert 
    into
        meeting_pin
        (created_at, updated_at, category, content, user_id, date, latitude, longitude, max_age, min_age, set_gender, set_limit, title) 
    values
        (?, ?, ?, ?, ?, ?, ?, ?, ?, ?, ?, ?, ?)
Hibernate: 
    select
        user0_.id as id1_10_,
        user0_.created_at as created_2_10_,
        user0_.updated_at as updated_3_10_,
        user0_.age as age4_10_,
        user0_.background_image as backgrou5_10_,
        user0_.email as email6_10_,
        user0_.gender as gender7_10_,
        user0_.hobby as hobby8_10_,
        user0_.introduce as introduc9_10_,
        user0_.job as job10_10_,
        user0_.name as name11_10_,
        user0_.nick_name as nick_na12_10_,
        user0_.phone_num as phone_n13_10_,
        user0_.profile_image as profile14_10_,
        user0_.res_red_number as res_red15_10_,
        user0_.score as score16_10_ 
    from
        user user0_
Hibernate: 
    select
        roles0_.user_id as user_id1_11_0_,
        roles0_.roles as roles2_11_0_ 
    from
        user_roles roles0_ 
    where
        roles0_.user_id=?
Hibernate: 
    select
        roles0_.user_id as user_id1_11_0_,
        roles0_.roles as roles2_11_0_ 
    from
        user_roles roles0_ 
    where
        roles0_.user_id=?
Hibernate: 
    select
        roles0_.user_id as user_id1_11_0_,
        roles0_.roles as roles2_11_0_ 
    from
        user_roles roles0_ 
    where
        roles0_.user_id=?
Hibernate: 
    select
        roles0_.user_id as user_id1_11_0_,
        roles0_.roles as roles2_11_0_ 
    from
        user_roles roles0_ 
    where
        roles0_.user_id=?
Hibernate: 
    select
        roles0_.user_id as user_id1_11_0_,
        roles0_.roles as roles2_11_0_ 
    from
        user_roles roles0_ 
    where
        roles0_.user_id=?
Hibernate: 
    insert 
    into
        meeting_pin
        (created_at, updated_at, category, content, user_id, date, latitude, longitude, max_age, min_age, set_gender, set_limit, title) 
    values
        (?, ?, ?, ?, ?, ?, ?, ?, ?, ?, ?, ?, ?)
Hibernate: 
    select
        user0_.id as id1_10_,
        user0_.created_at as created_2_10_,
        user0_.updated_at as updated_3_10_,
        user0_.age as age4_10_,
        user0_.background_image as backgrou5_10_,
        user0_.email as email6_10_,
        user0_.gender as gender7_10_,
        user0_.hobby as hobby8_10_,
        user0_.introduce as introduc9_10_,
        user0_.job as job10_10_,
        user0_.name as name11_10_,
        user0_.nick_name as nick_na12_10_,
        user0_.phone_num as phone_n13_10_,
        user0_.profile_image as profile14_10_,
        user0_.res_red_number as res_red15_10_,
        user0_.score as score16_10_ 
    from
        user user0_
Hibernate: 
    select
        roles0_.user_id as user_id1_11_0_,
        roles0_.roles as roles2_11_0_ 
    from
        user_roles roles0_ 
    where
        roles0_.user_id=?
Hibernate: 
    select
        roles0_.user_id as user_id1_11_0_,
        roles0_.roles as roles2_11_0_ 
    from
        user_roles roles0_ 
    where
        roles0_.user_id=?
Hibernate: 
    select
        roles0_.user_id as user_id1_11_0_,
        roles0_.roles as roles2_11_0_ 
    from
        user_roles roles0_ 
    where
        roles0_.user_id=?
Hibernate: 
    select
        roles0_.user_id as user_id1_11_0_,
        roles0_.roles as roles2_11_0_ 
    from
        user_roles roles0_ 
    where
        roles0_.user_id=?
Hibernate: 
    select
        roles0_.user_id as user_id1_11_0_,
        roles0_.roles as roles2_11_0_ 
    from
        user_roles roles0_ 
    where
        roles0_.user_id=?
Hibernate: 
    insert 
    into
        meeting_pin
        (created_at, updated_at, category, content, user_id, date, latitude, longitude, max_age, min_age, set_gender, set_limit, title) 
    values
        (?, ?, ?, ?, ?, ?, ?, ?, ?, ?, ?, ?, ?)
Hibernate: 
    select
        user0_.id as id1_10_,
        user0_.created_at as created_2_10_,
        user0_.updated_at as updated_3_10_,
        user0_.age as age4_10_,
        user0_.background_image as backgrou5_10_,
        user0_.email as email6_10_,
        user0_.gender as gender7_10_,
        user0_.hobby as hobby8_10_,
        user0_.introduce as introduc9_10_,
        user0_.job as job10_10_,
        user0_.name as name11_10_,
        user0_.nick_name as nick_na12_10_,
        user0_.phone_num as phone_n13_10_,
        user0_.profile_image as profile14_10_,
        user0_.res_red_number as res_red15_10_,
        user0_.score as score16_10_ 
    from
        user user0_
Hibernate: 
    select
        roles0_.user_id as user_id1_11_0_,
        roles0_.roles as roles2_11_0_ 
    from
        user_roles roles0_ 
    where
        roles0_.user_id=?
Hibernate: 
    select
        roles0_.user_id as user_id1_11_0_,
        roles0_.roles as roles2_11_0_ 
    from
        user_roles roles0_ 
    where
        roles0_.user_id=?
Hibernate: 
    select
        roles0_.user_id as user_id1_11_0_,
        roles0_.roles as roles2_11_0_ 
    from
        user_roles roles0_ 
    where
        roles0_.user_id=?
Hibernate: 
    select
        roles0_.user_id as user_id1_11_0_,
        roles0_.roles as roles2_11_0_ 
    from
        user_roles roles0_ 
    where
        roles0_.user_id=?
Hibernate: 
    select
        roles0_.user_id as user_id1_11_0_,
        roles0_.roles as roles2_11_0_ 
    from
        user_roles roles0_ 
    where
        roles0_.user_id=?
Hibernate: 
    insert 
    into
        meeting_pin
        (created_at, updated_at, category, content, user_id, date, latitude, longitude, max_age, min_age, set_gender, set_limit, title) 
    values
        (?, ?, ?, ?, ?, ?, ?, ?, ?, ?, ?, ?, ?)
Hibernate: 
    select
        user0_.id as id1_10_,
        user0_.created_at as created_2_10_,
        user0_.updated_at as updated_3_10_,
        user0_.age as age4_10_,
        user0_.background_image as backgrou5_10_,
        user0_.email as email6_10_,
        user0_.gender as gender7_10_,
        user0_.hobby as hobby8_10_,
        user0_.introduce as introduc9_10_,
        user0_.job as job10_10_,
        user0_.name as name11_10_,
        user0_.nick_name as nick_na12_10_,
        user0_.phone_num as phone_n13_10_,
        user0_.profile_image as profile14_10_,
        user0_.res_red_number as res_red15_10_,
        user0_.score as score16_10_ 
    from
        user user0_
Hibernate: 
    select
        roles0_.user_id as user_id1_11_0_,
        roles0_.roles as roles2_11_0_ 
    from
        user_roles roles0_ 
    where
        roles0_.user_id=?
Hibernate: 
    select
        roles0_.user_id as user_id1_11_0_,
        roles0_.roles as roles2_11_0_ 
    from
        user_roles roles0_ 
    where
        roles0_.user_id=?
Hibernate: 
    select
        roles0_.user_id as user_id1_11_0_,
        roles0_.roles as roles2_11_0_ 
    from
        user_roles roles0_ 
    where
        roles0_.user_id=?
Hibernate: 
    select
        roles0_.user_id as user_id1_11_0_,
        roles0_.roles as roles2_11_0_ 
    from
        user_roles roles0_ 
    where
        roles0_.user_id=?
Hibernate: 
    select
        roles0_.user_id as user_id1_11_0_,
        roles0_.roles as roles2_11_0_ 
    from
        user_roles roles0_ 
    where
        roles0_.user_id=?
Hibernate: 
    insert 
    into
        meeting_pin
        (created_at, updated_at, category, content, user_id, date, latitude, longitude, max_age, min_age, set_gender, set_limit, title) 
    values
        (?, ?, ?, ?, ?, ?, ?, ?, ?, ?, ?, ?, ?)
Hibernate: 
    select
        user0_.id as id1_10_,
        user0_.created_at as created_2_10_,
        user0_.updated_at as updated_3_10_,
        user0_.age as age4_10_,
        user0_.background_image as backgrou5_10_,
        user0_.email as email6_10_,
        user0_.gender as gender7_10_,
        user0_.hobby as hobby8_10_,
        user0_.introduce as introduc9_10_,
        user0_.job as job10_10_,
        user0_.name as name11_10_,
        user0_.nick_name as nick_na12_10_,
        user0_.phone_num as phone_n13_10_,
        user0_.profile_image as profile14_10_,
        user0_.res_red_number as res_red15_10_,
        user0_.score as score16_10_ 
    from
        user user0_
Hibernate: 
    select
        roles0_.user_id as user_id1_11_0_,
        roles0_.roles as roles2_11_0_ 
    from
        user_roles roles0_ 
    where
        roles0_.user_id=?
Hibernate: 
    select
        roles0_.user_id as user_id1_11_0_,
        roles0_.roles as roles2_11_0_ 
    from
        user_roles roles0_ 
    where
        roles0_.user_id=?
Hibernate: 
    select
        roles0_.user_id as user_id1_11_0_,
        roles0_.roles as roles2_11_0_ 
    from
        user_roles roles0_ 
    where
        roles0_.user_id=?
Hibernate: 
    select
        roles0_.user_id as user_id1_11_0_,
        roles0_.roles as roles2_11_0_ 
    from
        user_roles roles0_ 
    where
        roles0_.user_id=?
Hibernate: 
    select
        roles0_.user_id as user_id1_11_0_,
        roles0_.roles as roles2_11_0_ 
    from
        user_roles roles0_ 
    where
        roles0_.user_id=?
Hibernate: 
    insert 
    into
        meeting_pin
        (created_at, updated_at, category, content, user_id, date, latitude, longitude, max_age, min_age, set_gender, set_limit, title) 
    values
        (?, ?, ?, ?, ?, ?, ?, ?, ?, ?, ?, ?, ?)
Hibernate: 
    select
        user0_.id as id1_10_,
        user0_.created_at as created_2_10_,
        user0_.updated_at as updated_3_10_,
        user0_.age as age4_10_,
        user0_.background_image as backgrou5_10_,
        user0_.email as email6_10_,
        user0_.gender as gender7_10_,
        user0_.hobby as hobby8_10_,
        user0_.introduce as introduc9_10_,
        user0_.job as job10_10_,
        user0_.name as name11_10_,
        user0_.nick_name as nick_na12_10_,
        user0_.phone_num as phone_n13_10_,
        user0_.profile_image as profile14_10_,
        user0_.res_red_number as res_red15_10_,
        user0_.score as score16_10_ 
    from
        user user0_
Hibernate: 
    select
        roles0_.user_id as user_id1_11_0_,
        roles0_.roles as roles2_11_0_ 
    from
        user_roles roles0_ 
    where
        roles0_.user_id=?
Hibernate: 
    select
        roles0_.user_id as user_id1_11_0_,
        roles0_.roles as roles2_11_0_ 
    from
        user_roles roles0_ 
    where
        roles0_.user_id=?
Hibernate: 
    select
        roles0_.user_id as user_id1_11_0_,
        roles0_.roles as roles2_11_0_ 
    from
        user_roles roles0_ 
    where
        roles0_.user_id=?
Hibernate: 
    select
        roles0_.user_id as user_id1_11_0_,
        roles0_.roles as roles2_11_0_ 
    from
        user_roles roles0_ 
    where
        roles0_.user_id=?
Hibernate: 
    select
        roles0_.user_id as user_id1_11_0_,
        roles0_.roles as roles2_11_0_ 
    from
        user_roles roles0_ 
    where
        roles0_.user_id=?
Hibernate: 
    insert 
    into
        meeting_pin
        (created_at, updated_at, category, content, user_id, date, latitude, longitude, max_age, min_age, set_gender, set_limit, title) 
    values
        (?, ?, ?, ?, ?, ?, ?, ?, ?, ?, ?, ?, ?)
Hibernate: 
    select
        user0_.id as id1_10_,
        user0_.created_at as created_2_10_,
        user0_.updated_at as updated_3_10_,
        user0_.age as age4_10_,
        user0_.background_image as backgrou5_10_,
        user0_.email as email6_10_,
        user0_.gender as gender7_10_,
        user0_.hobby as hobby8_10_,
        user0_.introduce as introduc9_10_,
        user0_.job as job10_10_,
        user0_.name as name11_10_,
        user0_.nick_name as nick_na12_10_,
        user0_.phone_num as phone_n13_10_,
        user0_.profile_image as profile14_10_,
        user0_.res_red_number as res_red15_10_,
        user0_.score as score16_10_ 
    from
        user user0_
Hibernate: 
    select
        roles0_.user_id as user_id1_11_0_,
        roles0_.roles as roles2_11_0_ 
    from
        user_roles roles0_ 
    where
        roles0_.user_id=?
Hibernate: 
    select
        roles0_.user_id as user_id1_11_0_,
        roles0_.roles as roles2_11_0_ 
    from
        user_roles roles0_ 
    where
        roles0_.user_id=?
Hibernate: 
    select
        roles0_.user_id as user_id1_11_0_,
        roles0_.roles as roles2_11_0_ 
    from
        user_roles roles0_ 
    where
        roles0_.user_id=?
Hibernate: 
    select
        roles0_.user_id as user_id1_11_0_,
        roles0_.roles as roles2_11_0_ 
    from
        user_roles roles0_ 
    where
        roles0_.user_id=?
Hibernate: 
    select
        roles0_.user_id as user_id1_11_0_,
        roles0_.roles as roles2_11_0_ 
    from
        user_roles roles0_ 
    where
        roles0_.user_id=?
Hibernate: 
    insert 
    into
        meeting_pin
        (created_at, updated_at, category, content, user_id, date, latitude, longitude, max_age, min_age, set_gender, set_limit, title) 
    values
        (?, ?, ?, ?, ?, ?, ?, ?, ?, ?, ?, ?, ?)
Hibernate: 
    select
        user0_.id as id1_10_,
        user0_.created_at as created_2_10_,
        user0_.updated_at as updated_3_10_,
        user0_.age as age4_10_,
        user0_.background_image as backgrou5_10_,
        user0_.email as email6_10_,
        user0_.gender as gender7_10_,
        user0_.hobby as hobby8_10_,
        user0_.introduce as introduc9_10_,
        user0_.job as job10_10_,
        user0_.name as name11_10_,
        user0_.nick_name as nick_na12_10_,
        user0_.phone_num as phone_n13_10_,
        user0_.profile_image as profile14_10_,
        user0_.res_red_number as res_red15_10_,
        user0_.score as score16_10_ 
    from
        user user0_
Hibernate: 
    select
        roles0_.user_id as user_id1_11_0_,
        roles0_.roles as roles2_11_0_ 
    from
        user_roles roles0_ 
    where
        roles0_.user_id=?
Hibernate: 
    select
        roles0_.user_id as user_id1_11_0_,
        roles0_.roles as roles2_11_0_ 
    from
        user_roles roles0_ 
    where
        roles0_.user_id=?
Hibernate: 
    select
        roles0_.user_id as user_id1_11_0_,
        roles0_.roles as roles2_11_0_ 
    from
        user_roles roles0_ 
    where
        roles0_.user_id=?
Hibernate: 
    select
        roles0_.user_id as user_id1_11_0_,
        roles0_.roles as roles2_11_0_ 
    from
        user_roles roles0_ 
    where
        roles0_.user_id=?
Hibernate: 
    select
        roles0_.user_id as user_id1_11_0_,
        roles0_.roles as roles2_11_0_ 
    from
        user_roles roles0_ 
    where
        roles0_.user_id=?
Hibernate: 
    insert 
    into
        meeting_pin
        (created_at, updated_at, category, content, user_id, date, latitude, longitude, max_age, min_age, set_gender, set_limit, title) 
    values
        (?, ?, ?, ?, ?, ?, ?, ?, ?, ?, ?, ?, ?)
Hibernate: 
    select
        user0_.id as id1_10_,
        user0_.created_at as created_2_10_,
        user0_.updated_at as updated_3_10_,
        user0_.age as age4_10_,
        user0_.background_image as backgrou5_10_,
        user0_.email as email6_10_,
        user0_.gender as gender7_10_,
        user0_.hobby as hobby8_10_,
        user0_.introduce as introduc9_10_,
        user0_.job as job10_10_,
        user0_.name as name11_10_,
        user0_.nick_name as nick_na12_10_,
        user0_.phone_num as phone_n13_10_,
        user0_.profile_image as profile14_10_,
        user0_.res_red_number as res_red15_10_,
        user0_.score as score16_10_ 
    from
        user user0_
Hibernate: 
    select
        roles0_.user_id as user_id1_11_0_,
        roles0_.roles as roles2_11_0_ 
    from
        user_roles roles0_ 
    where
        roles0_.user_id=?
Hibernate: 
    select
        roles0_.user_id as user_id1_11_0_,
        roles0_.roles as roles2_11_0_ 
    from
        user_roles roles0_ 
    where
        roles0_.user_id=?
Hibernate: 
    select
        roles0_.user_id as user_id1_11_0_,
        roles0_.roles as roles2_11_0_ 
    from
        user_roles roles0_ 
    where
        roles0_.user_id=?
Hibernate: 
    select
        roles0_.user_id as user_id1_11_0_,
        roles0_.roles as roles2_11_0_ 
    from
        user_roles roles0_ 
    where
        roles0_.user_id=?
Hibernate: 
    select
        roles0_.user_id as user_id1_11_0_,
        roles0_.roles as roles2_11_0_ 
    from
        user_roles roles0_ 
    where
        roles0_.user_id=?
Hibernate: 
    insert 
    into
        meeting_pin
        (created_at, updated_at, category, content, user_id, date, latitude, longitude, max_age, min_age, set_gender, set_limit, title) 
    values
        (?, ?, ?, ?, ?, ?, ?, ?, ?, ?, ?, ?, ?)
Hibernate: 
    select
        user0_.id as id1_10_,
        user0_.created_at as created_2_10_,
        user0_.updated_at as updated_3_10_,
        user0_.age as age4_10_,
        user0_.background_image as backgrou5_10_,
        user0_.email as email6_10_,
        user0_.gender as gender7_10_,
        user0_.hobby as hobby8_10_,
        user0_.introduce as introduc9_10_,
        user0_.job as job10_10_,
        user0_.name as name11_10_,
        user0_.nick_name as nick_na12_10_,
        user0_.phone_num as phone_n13_10_,
        user0_.profile_image as profile14_10_,
        user0_.res_red_number as res_red15_10_,
        user0_.score as score16_10_ 
    from
        user user0_
Hibernate: 
    select
        roles0_.user_id as user_id1_11_0_,
        roles0_.roles as roles2_11_0_ 
    from
        user_roles roles0_ 
    where
        roles0_.user_id=?
Hibernate: 
    select
        roles0_.user_id as user_id1_11_0_,
        roles0_.roles as roles2_11_0_ 
    from
        user_roles roles0_ 
    where
        roles0_.user_id=?
Hibernate: 
    select
        roles0_.user_id as user_id1_11_0_,
        roles0_.roles as roles2_11_0_ 
    from
        user_roles roles0_ 
    where
        roles0_.user_id=?
Hibernate: 
    select
        roles0_.user_id as user_id1_11_0_,
        roles0_.roles as roles2_11_0_ 
    from
        user_roles roles0_ 
    where
        roles0_.user_id=?
Hibernate: 
    select
        roles0_.user_id as user_id1_11_0_,
        roles0_.roles as roles2_11_0_ 
    from
        user_roles roles0_ 
    where
        roles0_.user_id=?
Hibernate: 
    insert 
    into
        meeting_pin
        (created_at, updated_at, category, content, user_id, date, latitude, longitude, max_age, min_age, set_gender, set_limit, title) 
    values
        (?, ?, ?, ?, ?, ?, ?, ?, ?, ?, ?, ?, ?)
Hibernate: 
    select
        user0_.id as id1_10_,
        user0_.created_at as created_2_10_,
        user0_.updated_at as updated_3_10_,
        user0_.age as age4_10_,
        user0_.background_image as backgrou5_10_,
        user0_.email as email6_10_,
        user0_.gender as gender7_10_,
        user0_.hobby as hobby8_10_,
        user0_.introduce as introduc9_10_,
        user0_.job as job10_10_,
        user0_.name as name11_10_,
        user0_.nick_name as nick_na12_10_,
        user0_.phone_num as phone_n13_10_,
        user0_.profile_image as profile14_10_,
        user0_.res_red_number as res_red15_10_,
        user0_.score as score16_10_ 
    from
        user user0_
Hibernate: 
    select
        roles0_.user_id as user_id1_11_0_,
        roles0_.roles as roles2_11_0_ 
    from
        user_roles roles0_ 
    where
        roles0_.user_id=?
Hibernate: 
    select
        roles0_.user_id as user_id1_11_0_,
        roles0_.roles as roles2_11_0_ 
    from
        user_roles roles0_ 
    where
        roles0_.user_id=?
Hibernate: 
    select
        roles0_.user_id as user_id1_11_0_,
        roles0_.roles as roles2_11_0_ 
    from
        user_roles roles0_ 
    where
        roles0_.user_id=?
Hibernate: 
    select
        roles0_.user_id as user_id1_11_0_,
        roles0_.roles as roles2_11_0_ 
    from
        user_roles roles0_ 
    where
        roles0_.user_id=?
Hibernate: 
    select
        roles0_.user_id as user_id1_11_0_,
        roles0_.roles as roles2_11_0_ 
    from
        user_roles roles0_ 
    where
        roles0_.user_id=?
Hibernate: 
    insert 
    into
        meeting_pin
        (created_at, updated_at, category, content, user_id, date, latitude, longitude, max_age, min_age, set_gender, set_limit, title) 
    values
        (?, ?, ?, ?, ?, ?, ?, ?, ?, ?, ?, ?, ?)
Hibernate: 
    select
        user0_.id as id1_10_,
        user0_.created_at as created_2_10_,
        user0_.updated_at as updated_3_10_,
        user0_.age as age4_10_,
        user0_.background_image as backgrou5_10_,
        user0_.email as email6_10_,
        user0_.gender as gender7_10_,
        user0_.hobby as hobby8_10_,
        user0_.introduce as introduc9_10_,
        user0_.job as job10_10_,
        user0_.name as name11_10_,
        user0_.nick_name as nick_na12_10_,
        user0_.phone_num as phone_n13_10_,
        user0_.profile_image as profile14_10_,
        user0_.res_red_number as res_red15_10_,
        user0_.score as score16_10_ 
    from
        user user0_
Hibernate: 
    select
        roles0_.user_id as user_id1_11_0_,
        roles0_.roles as roles2_11_0_ 
    from
        user_roles roles0_ 
    where
        roles0_.user_id=?
Hibernate: 
    select
        roles0_.user_id as user_id1_11_0_,
        roles0_.roles as roles2_11_0_ 
    from
        user_roles roles0_ 
    where
        roles0_.user_id=?
Hibernate: 
    select
        roles0_.user_id as user_id1_11_0_,
        roles0_.roles as roles2_11_0_ 
    from
        user_roles roles0_ 
    where
        roles0_.user_id=?
Hibernate: 
    select
        roles0_.user_id as user_id1_11_0_,
        roles0_.roles as roles2_11_0_ 
    from
        user_roles roles0_ 
    where
        roles0_.user_id=?
Hibernate: 
    select
        roles0_.user_id as user_id1_11_0_,
        roles0_.roles as roles2_11_0_ 
    from
        user_roles roles0_ 
    where
        roles0_.user_id=?
Hibernate: 
    insert 
    into
        meeting_pin
        (created_at, updated_at, category, content, user_id, date, latitude, longitude, max_age, min_age, set_gender, set_limit, title) 
    values
        (?, ?, ?, ?, ?, ?, ?, ?, ?, ?, ?, ?, ?)
Hibernate: 
    select
        user0_.id as id1_10_,
        user0_.created_at as created_2_10_,
        user0_.updated_at as updated_3_10_,
        user0_.age as age4_10_,
        user0_.background_image as backgrou5_10_,
        user0_.email as email6_10_,
        user0_.gender as gender7_10_,
        user0_.hobby as hobby8_10_,
        user0_.introduce as introduc9_10_,
        user0_.job as job10_10_,
        user0_.name as name11_10_,
        user0_.nick_name as nick_na12_10_,
        user0_.phone_num as phone_n13_10_,
        user0_.profile_image as profile14_10_,
        user0_.res_red_number as res_red15_10_,
        user0_.score as score16_10_ 
    from
        user user0_
Hibernate: 
    select
        roles0_.user_id as user_id1_11_0_,
        roles0_.roles as roles2_11_0_ 
    from
        user_roles roles0_ 
    where
        roles0_.user_id=?
Hibernate: 
    select
        roles0_.user_id as user_id1_11_0_,
        roles0_.roles as roles2_11_0_ 
    from
        user_roles roles0_ 
    where
        roles0_.user_id=?
Hibernate: 
    select
        roles0_.user_id as user_id1_11_0_,
        roles0_.roles as roles2_11_0_ 
    from
        user_roles roles0_ 
    where
        roles0_.user_id=?
Hibernate: 
    select
        roles0_.user_id as user_id1_11_0_,
        roles0_.roles as roles2_11_0_ 
    from
        user_roles roles0_ 
    where
        roles0_.user_id=?
Hibernate: 
    select
        roles0_.user_id as user_id1_11_0_,
        roles0_.roles as roles2_11_0_ 
    from
        user_roles roles0_ 
    where
        roles0_.user_id=?
Hibernate: 
    insert 
    into
        meeting_pin
        (created_at, updated_at, category, content, user_id, date, latitude, longitude, max_age, min_age, set_gender, set_limit, title) 
    values
        (?, ?, ?, ?, ?, ?, ?, ?, ?, ?, ?, ?, ?)
Hibernate: 
    select
        user0_.id as id1_10_,
        user0_.created_at as created_2_10_,
        user0_.updated_at as updated_3_10_,
        user0_.age as age4_10_,
        user0_.background_image as backgrou5_10_,
        user0_.email as email6_10_,
        user0_.gender as gender7_10_,
        user0_.hobby as hobby8_10_,
        user0_.introduce as introduc9_10_,
        user0_.job as job10_10_,
        user0_.name as name11_10_,
        user0_.nick_name as nick_na12_10_,
        user0_.phone_num as phone_n13_10_,
        user0_.profile_image as profile14_10_,
        user0_.res_red_number as res_red15_10_,
        user0_.score as score16_10_ 
    from
        user user0_
Hibernate: 
    select
        roles0_.user_id as user_id1_11_0_,
        roles0_.roles as roles2_11_0_ 
    from
        user_roles roles0_ 
    where
        roles0_.user_id=?
Hibernate: 
    select
        roles0_.user_id as user_id1_11_0_,
        roles0_.roles as roles2_11_0_ 
    from
        user_roles roles0_ 
    where
        roles0_.user_id=?
Hibernate: 
    select
        roles0_.user_id as user_id1_11_0_,
        roles0_.roles as roles2_11_0_ 
    from
        user_roles roles0_ 
    where
        roles0_.user_id=?
Hibernate: 
    select
        roles0_.user_id as user_id1_11_0_,
        roles0_.roles as roles2_11_0_ 
    from
        user_roles roles0_ 
    where
        roles0_.user_id=?
Hibernate: 
    select
        roles0_.user_id as user_id1_11_0_,
        roles0_.roles as roles2_11_0_ 
    from
        user_roles roles0_ 
    where
        roles0_.user_id=?
Hibernate: 
    insert 
    into
        meeting_pin
        (created_at, updated_at, category, content, user_id, date, latitude, longitude, max_age, min_age, set_gender, set_limit, title) 
    values
        (?, ?, ?, ?, ?, ?, ?, ?, ?, ?, ?, ?, ?)
Hibernate: 
    select
        user0_.id as id1_10_,
        user0_.created_at as created_2_10_,
        user0_.updated_at as updated_3_10_,
        user0_.age as age4_10_,
        user0_.background_image as backgrou5_10_,
        user0_.email as email6_10_,
        user0_.gender as gender7_10_,
        user0_.hobby as hobby8_10_,
        user0_.introduce as introduc9_10_,
        user0_.job as job10_10_,
        user0_.name as name11_10_,
        user0_.nick_name as nick_na12_10_,
        user0_.phone_num as phone_n13_10_,
        user0_.profile_image as profile14_10_,
        user0_.res_red_number as res_red15_10_,
        user0_.score as score16_10_ 
    from
        user user0_
Hibernate: 
    select
        roles0_.user_id as user_id1_11_0_,
        roles0_.roles as roles2_11_0_ 
    from
        user_roles roles0_ 
    where
        roles0_.user_id=?
Hibernate: 
    select
        roles0_.user_id as user_id1_11_0_,
        roles0_.roles as roles2_11_0_ 
    from
        user_roles roles0_ 
    where
        roles0_.user_id=?
Hibernate: 
    select
        roles0_.user_id as user_id1_11_0_,
        roles0_.roles as roles2_11_0_ 
    from
        user_roles roles0_ 
    where
        roles0_.user_id=?
Hibernate: 
    select
        roles0_.user_id as user_id1_11_0_,
        roles0_.roles as roles2_11_0_ 
    from
        user_roles roles0_ 
    where
        roles0_.user_id=?
Hibernate: 
    select
        roles0_.user_id as user_id1_11_0_,
        roles0_.roles as roles2_11_0_ 
    from
        user_roles roles0_ 
    where
        roles0_.user_id=?
Hibernate: 
    insert 
    into
        meeting_pin
        (created_at, updated_at, category, content, user_id, date, latitude, longitude, max_age, min_age, set_gender, set_limit, title) 
    values
        (?, ?, ?, ?, ?, ?, ?, ?, ?, ?, ?, ?, ?)
Hibernate: 
    select
        user0_.id as id1_10_,
        user0_.created_at as created_2_10_,
        user0_.updated_at as updated_3_10_,
        user0_.age as age4_10_,
        user0_.background_image as backgrou5_10_,
        user0_.email as email6_10_,
        user0_.gender as gender7_10_,
        user0_.hobby as hobby8_10_,
        user0_.introduce as introduc9_10_,
        user0_.job as job10_10_,
        user0_.name as name11_10_,
        user0_.nick_name as nick_na12_10_,
        user0_.phone_num as phone_n13_10_,
        user0_.profile_image as profile14_10_,
        user0_.res_red_number as res_red15_10_,
        user0_.score as score16_10_ 
    from
        user user0_
Hibernate: 
    select
        roles0_.user_id as user_id1_11_0_,
        roles0_.roles as roles2_11_0_ 
    from
        user_roles roles0_ 
    where
        roles0_.user_id=?
Hibernate: 
    select
        roles0_.user_id as user_id1_11_0_,
        roles0_.roles as roles2_11_0_ 
    from
        user_roles roles0_ 
    where
        roles0_.user_id=?
Hibernate: 
    select
        roles0_.user_id as user_id1_11_0_,
        roles0_.roles as roles2_11_0_ 
    from
        user_roles roles0_ 
    where
        roles0_.user_id=?
Hibernate: 
    select
        roles0_.user_id as user_id1_11_0_,
        roles0_.roles as roles2_11_0_ 
    from
        user_roles roles0_ 
    where
        roles0_.user_id=?
Hibernate: 
    select
        roles0_.user_id as user_id1_11_0_,
        roles0_.roles as roles2_11_0_ 
    from
        user_roles roles0_ 
    where
        roles0_.user_id=?
Hibernate: 
    insert 
    into
        meeting_pin
        (created_at, updated_at, category, content, user_id, date, latitude, longitude, max_age, min_age, set_gender, set_limit, title) 
    values
        (?, ?, ?, ?, ?, ?, ?, ?, ?, ?, ?, ?, ?)
Hibernate: 
    select
        user0_.id as id1_10_,
        user0_.created_at as created_2_10_,
        user0_.updated_at as updated_3_10_,
        user0_.age as age4_10_,
        user0_.background_image as backgrou5_10_,
        user0_.email as email6_10_,
        user0_.gender as gender7_10_,
        user0_.hobby as hobby8_10_,
        user0_.introduce as introduc9_10_,
        user0_.job as job10_10_,
        user0_.name as name11_10_,
        user0_.nick_name as nick_na12_10_,
        user0_.phone_num as phone_n13_10_,
        user0_.profile_image as profile14_10_,
        user0_.res_red_number as res_red15_10_,
        user0_.score as score16_10_ 
    from
        user user0_
Hibernate: 
    select
        roles0_.user_id as user_id1_11_0_,
        roles0_.roles as roles2_11_0_ 
    from
        user_roles roles0_ 
    where
        roles0_.user_id=?
Hibernate: 
    select
        roles0_.user_id as user_id1_11_0_,
        roles0_.roles as roles2_11_0_ 
    from
        user_roles roles0_ 
    where
        roles0_.user_id=?
Hibernate: 
    select
        roles0_.user_id as user_id1_11_0_,
        roles0_.roles as roles2_11_0_ 
    from
        user_roles roles0_ 
    where
        roles0_.user_id=?
Hibernate: 
    select
        roles0_.user_id as user_id1_11_0_,
        roles0_.roles as roles2_11_0_ 
    from
        user_roles roles0_ 
    where
        roles0_.user_id=?
Hibernate: 
    select
        roles0_.user_id as user_id1_11_0_,
        roles0_.roles as roles2_11_0_ 
    from
        user_roles roles0_ 
    where
        roles0_.user_id=?
Hibernate: 
    insert 
    into
        meeting_pin
        (created_at, updated_at, category, content, user_id, date, latitude, longitude, max_age, min_age, set_gender, set_limit, title) 
    values
        (?, ?, ?, ?, ?, ?, ?, ?, ?, ?, ?, ?, ?)
Hibernate: 
    select
        user0_.id as id1_10_,
        user0_.created_at as created_2_10_,
        user0_.updated_at as updated_3_10_,
        user0_.age as age4_10_,
        user0_.background_image as backgrou5_10_,
        user0_.email as email6_10_,
        user0_.gender as gender7_10_,
        user0_.hobby as hobby8_10_,
        user0_.introduce as introduc9_10_,
        user0_.job as job10_10_,
        user0_.name as name11_10_,
        user0_.nick_name as nick_na12_10_,
        user0_.phone_num as phone_n13_10_,
        user0_.profile_image as profile14_10_,
        user0_.res_red_number as res_red15_10_,
        user0_.score as score16_10_ 
    from
        user user0_
Hibernate: 
    select
        roles0_.user_id as user_id1_11_0_,
        roles0_.roles as roles2_11_0_ 
    from
        user_roles roles0_ 
    where
        roles0_.user_id=?
Hibernate: 
    select
        roles0_.user_id as user_id1_11_0_,
        roles0_.roles as roles2_11_0_ 
    from
        user_roles roles0_ 
    where
        roles0_.user_id=?
Hibernate: 
    select
        roles0_.user_id as user_id1_11_0_,
        roles0_.roles as roles2_11_0_ 
    from
        user_roles roles0_ 
    where
        roles0_.user_id=?
Hibernate: 
    select
        roles0_.user_id as user_id1_11_0_,
        roles0_.roles as roles2_11_0_ 
    from
        user_roles roles0_ 
    where
        roles0_.user_id=?
Hibernate: 
    select
        roles0_.user_id as user_id1_11_0_,
        roles0_.roles as roles2_11_0_ 
    from
        user_roles roles0_ 
    where
        roles0_.user_id=?
Hibernate: 
    insert 
    into
        meeting_pin
        (created_at, updated_at, category, content, user_id, date, latitude, longitude, max_age, min_age, set_gender, set_limit, title) 
    values
        (?, ?, ?, ?, ?, ?, ?, ?, ?, ?, ?, ?, ?)
Hibernate: 
    select
        user0_.id as id1_10_,
        user0_.created_at as created_2_10_,
        user0_.updated_at as updated_3_10_,
        user0_.age as age4_10_,
        user0_.background_image as backgrou5_10_,
        user0_.email as email6_10_,
        user0_.gender as gender7_10_,
        user0_.hobby as hobby8_10_,
        user0_.introduce as introduc9_10_,
        user0_.job as job10_10_,
        user0_.name as name11_10_,
        user0_.nick_name as nick_na12_10_,
        user0_.phone_num as phone_n13_10_,
        user0_.profile_image as profile14_10_,
        user0_.res_red_number as res_red15_10_,
        user0_.score as score16_10_ 
    from
        user user0_
Hibernate: 
    select
        roles0_.user_id as user_id1_11_0_,
        roles0_.roles as roles2_11_0_ 
    from
        user_roles roles0_ 
    where
        roles0_.user_id=?
Hibernate: 
    select
        roles0_.user_id as user_id1_11_0_,
        roles0_.roles as roles2_11_0_ 
    from
        user_roles roles0_ 
    where
        roles0_.user_id=?
Hibernate: 
    select
        roles0_.user_id as user_id1_11_0_,
        roles0_.roles as roles2_11_0_ 
    from
        user_roles roles0_ 
    where
        roles0_.user_id=?
Hibernate: 
    select
        roles0_.user_id as user_id1_11_0_,
        roles0_.roles as roles2_11_0_ 
    from
        user_roles roles0_ 
    where
        roles0_.user_id=?
Hibernate: 
    select
        roles0_.user_id as user_id1_11_0_,
        roles0_.roles as roles2_11_0_ 
    from
        user_roles roles0_ 
    where
        roles0_.user_id=?
Hibernate: 
    insert 
    into
        meeting_pin
        (created_at, updated_at, category, content, user_id, date, latitude, longitude, max_age, min_age, set_gender, set_limit, title) 
    values
        (?, ?, ?, ?, ?, ?, ?, ?, ?, ?, ?, ?, ?)
Hibernate: 
    select
        user0_.id as id1_10_,
        user0_.created_at as created_2_10_,
        user0_.updated_at as updated_3_10_,
        user0_.age as age4_10_,
        user0_.background_image as backgrou5_10_,
        user0_.email as email6_10_,
        user0_.gender as gender7_10_,
        user0_.hobby as hobby8_10_,
        user0_.introduce as introduc9_10_,
        user0_.job as job10_10_,
        user0_.name as name11_10_,
        user0_.nick_name as nick_na12_10_,
        user0_.phone_num as phone_n13_10_,
        user0_.profile_image as profile14_10_,
        user0_.res_red_number as res_red15_10_,
        user0_.score as score16_10_ 
    from
        user user0_
Hibernate: 
    select
        roles0_.user_id as user_id1_11_0_,
        roles0_.roles as roles2_11_0_ 
    from
        user_roles roles0_ 
    where
        roles0_.user_id=?
Hibernate: 
    select
        roles0_.user_id as user_id1_11_0_,
        roles0_.roles as roles2_11_0_ 
    from
        user_roles roles0_ 
    where
        roles0_.user_id=?
Hibernate: 
    select
        roles0_.user_id as user_id1_11_0_,
        roles0_.roles as roles2_11_0_ 
    from
        user_roles roles0_ 
    where
        roles0_.user_id=?
Hibernate: 
    select
        roles0_.user_id as user_id1_11_0_,
        roles0_.roles as roles2_11_0_ 
    from
        user_roles roles0_ 
    where
        roles0_.user_id=?
Hibernate: 
    select
        roles0_.user_id as user_id1_11_0_,
        roles0_.roles as roles2_11_0_ 
    from
        user_roles roles0_ 
    where
        roles0_.user_id=?
Hibernate: 
    insert 
    into
        meeting_pin
        (created_at, updated_at, category, content, user_id, date, latitude, longitude, max_age, min_age, set_gender, set_limit, title) 
    values
        (?, ?, ?, ?, ?, ?, ?, ?, ?, ?, ?, ?, ?)
Hibernate: 
    select
        user0_.id as id1_10_,
        user0_.created_at as created_2_10_,
        user0_.updated_at as updated_3_10_,
        user0_.age as age4_10_,
        user0_.background_image as backgrou5_10_,
        user0_.email as email6_10_,
        user0_.gender as gender7_10_,
        user0_.hobby as hobby8_10_,
        user0_.introduce as introduc9_10_,
        user0_.job as job10_10_,
        user0_.name as name11_10_,
        user0_.nick_name as nick_na12_10_,
        user0_.phone_num as phone_n13_10_,
        user0_.profile_image as profile14_10_,
        user0_.res_red_number as res_red15_10_,
        user0_.score as score16_10_ 
    from
        user user0_
Hibernate: 
    select
        roles0_.user_id as user_id1_11_0_,
        roles0_.roles as roles2_11_0_ 
    from
        user_roles roles0_ 
    where
        roles0_.user_id=?
Hibernate: 
    select
        roles0_.user_id as user_id1_11_0_,
        roles0_.roles as roles2_11_0_ 
    from
        user_roles roles0_ 
    where
        roles0_.user_id=?
Hibernate: 
    select
        roles0_.user_id as user_id1_11_0_,
        roles0_.roles as roles2_11_0_ 
    from
        user_roles roles0_ 
    where
        roles0_.user_id=?
Hibernate: 
    select
        roles0_.user_id as user_id1_11_0_,
        roles0_.roles as roles2_11_0_ 
    from
        user_roles roles0_ 
    where
        roles0_.user_id=?
Hibernate: 
    select
        roles0_.user_id as user_id1_11_0_,
        roles0_.roles as roles2_11_0_ 
    from
        user_roles roles0_ 
    where
        roles0_.user_id=?
Hibernate: 
    insert 
    into
        meeting_pin
        (created_at, updated_at, category, content, user_id, date, latitude, longitude, max_age, min_age, set_gender, set_limit, title) 
    values
        (?, ?, ?, ?, ?, ?, ?, ?, ?, ?, ?, ?, ?)
Hibernate: 
    select
        user0_.id as id1_10_,
        user0_.created_at as created_2_10_,
        user0_.updated_at as updated_3_10_,
        user0_.age as age4_10_,
        user0_.background_image as backgrou5_10_,
        user0_.email as email6_10_,
        user0_.gender as gender7_10_,
        user0_.hobby as hobby8_10_,
        user0_.introduce as introduc9_10_,
        user0_.job as job10_10_,
        user0_.name as name11_10_,
        user0_.nick_name as nick_na12_10_,
        user0_.phone_num as phone_n13_10_,
        user0_.profile_image as profile14_10_,
        user0_.res_red_number as res_red15_10_,
        user0_.score as score16_10_ 
    from
        user user0_
Hibernate: 
    select
        roles0_.user_id as user_id1_11_0_,
        roles0_.roles as roles2_11_0_ 
    from
        user_roles roles0_ 
    where
        roles0_.user_id=?
Hibernate: 
    select
        roles0_.user_id as user_id1_11_0_,
        roles0_.roles as roles2_11_0_ 
    from
        user_roles roles0_ 
    where
        roles0_.user_id=?
Hibernate: 
    select
        roles0_.user_id as user_id1_11_0_,
        roles0_.roles as roles2_11_0_ 
    from
        user_roles roles0_ 
    where
        roles0_.user_id=?
Hibernate: 
    select
        roles0_.user_id as user_id1_11_0_,
        roles0_.roles as roles2_11_0_ 
    from
        user_roles roles0_ 
    where
        roles0_.user_id=?
Hibernate: 
    select
        roles0_.user_id as user_id1_11_0_,
        roles0_.roles as roles2_11_0_ 
    from
        user_roles roles0_ 
    where
        roles0_.user_id=?
Hibernate: 
    insert 
    into
        meeting_pin
        (created_at, updated_at, category, content, user_id, date, latitude, longitude, max_age, min_age, set_gender, set_limit, title) 
    values
        (?, ?, ?, ?, ?, ?, ?, ?, ?, ?, ?, ?, ?)
Hibernate: 
    select
        user0_.id as id1_10_,
        user0_.created_at as created_2_10_,
        user0_.updated_at as updated_3_10_,
        user0_.age as age4_10_,
        user0_.background_image as backgrou5_10_,
        user0_.email as email6_10_,
        user0_.gender as gender7_10_,
        user0_.hobby as hobby8_10_,
        user0_.introduce as introduc9_10_,
        user0_.job as job10_10_,
        user0_.name as name11_10_,
        user0_.nick_name as nick_na12_10_,
        user0_.phone_num as phone_n13_10_,
        user0_.profile_image as profile14_10_,
        user0_.res_red_number as res_red15_10_,
        user0_.score as score16_10_ 
    from
        user user0_
Hibernate: 
    select
        roles0_.user_id as user_id1_11_0_,
        roles0_.roles as roles2_11_0_ 
    from
        user_roles roles0_ 
    where
        roles0_.user_id=?
Hibernate: 
    select
        roles0_.user_id as user_id1_11_0_,
        roles0_.roles as roles2_11_0_ 
    from
        user_roles roles0_ 
    where
        roles0_.user_id=?
Hibernate: 
    select
        roles0_.user_id as user_id1_11_0_,
        roles0_.roles as roles2_11_0_ 
    from
        user_roles roles0_ 
    where
        roles0_.user_id=?
Hibernate: 
    select
        roles0_.user_id as user_id1_11_0_,
        roles0_.roles as roles2_11_0_ 
    from
        user_roles roles0_ 
    where
        roles0_.user_id=?
Hibernate: 
    select
        roles0_.user_id as user_id1_11_0_,
        roles0_.roles as roles2_11_0_ 
    from
        user_roles roles0_ 
    where
        roles0_.user_id=?
Hibernate: 
    insert 
    into
        meeting_pin
        (created_at, updated_at, category, content, user_id, date, latitude, longitude, max_age, min_age, set_gender, set_limit, title) 
    values
        (?, ?, ?, ?, ?, ?, ?, ?, ?, ?, ?, ?, ?)
Hibernate: 
    select
        user0_.id as id1_10_,
        user0_.created_at as created_2_10_,
        user0_.updated_at as updated_3_10_,
        user0_.age as age4_10_,
        user0_.background_image as backgrou5_10_,
        user0_.email as email6_10_,
        user0_.gender as gender7_10_,
        user0_.hobby as hobby8_10_,
        user0_.introduce as introduc9_10_,
        user0_.job as job10_10_,
        user0_.name as name11_10_,
        user0_.nick_name as nick_na12_10_,
        user0_.phone_num as phone_n13_10_,
        user0_.profile_image as profile14_10_,
        user0_.res_red_number as res_red15_10_,
        user0_.score as score16_10_ 
    from
        user user0_
Hibernate: 
    select
        roles0_.user_id as user_id1_11_0_,
        roles0_.roles as roles2_11_0_ 
    from
        user_roles roles0_ 
    where
        roles0_.user_id=?
Hibernate: 
    select
        roles0_.user_id as user_id1_11_0_,
        roles0_.roles as roles2_11_0_ 
    from
        user_roles roles0_ 
    where
        roles0_.user_id=?
Hibernate: 
    select
        roles0_.user_id as user_id1_11_0_,
        roles0_.roles as roles2_11_0_ 
    from
        user_roles roles0_ 
    where
        roles0_.user_id=?
Hibernate: 
    select
        roles0_.user_id as user_id1_11_0_,
        roles0_.roles as roles2_11_0_ 
    from
        user_roles roles0_ 
    where
        roles0_.user_id=?
Hibernate: 
    select
        roles0_.user_id as user_id1_11_0_,
        roles0_.roles as roles2_11_0_ 
    from
        user_roles roles0_ 
    where
        roles0_.user_id=?
Hibernate: 
    insert 
    into
        meeting_pin
        (created_at, updated_at, category, content, user_id, date, latitude, longitude, max_age, min_age, set_gender, set_limit, title) 
    values
        (?, ?, ?, ?, ?, ?, ?, ?, ?, ?, ?, ?, ?)
Hibernate: 
    select
        user0_.id as id1_10_,
        user0_.created_at as created_2_10_,
        user0_.updated_at as updated_3_10_,
        user0_.age as age4_10_,
        user0_.background_image as backgrou5_10_,
        user0_.email as email6_10_,
        user0_.gender as gender7_10_,
        user0_.hobby as hobby8_10_,
        user0_.introduce as introduc9_10_,
        user0_.job as job10_10_,
        user0_.name as name11_10_,
        user0_.nick_name as nick_na12_10_,
        user0_.phone_num as phone_n13_10_,
        user0_.profile_image as profile14_10_,
        user0_.res_red_number as res_red15_10_,
        user0_.score as score16_10_ 
    from
        user user0_
Hibernate: 
    select
        roles0_.user_id as user_id1_11_0_,
        roles0_.roles as roles2_11_0_ 
    from
        user_roles roles0_ 
    where
        roles0_.user_id=?
Hibernate: 
    select
        roles0_.user_id as user_id1_11_0_,
        roles0_.roles as roles2_11_0_ 
    from
        user_roles roles0_ 
    where
        roles0_.user_id=?
Hibernate: 
    select
        roles0_.user_id as user_id1_11_0_,
        roles0_.roles as roles2_11_0_ 
    from
        user_roles roles0_ 
    where
        roles0_.user_id=?
Hibernate: 
    select
        roles0_.user_id as user_id1_11_0_,
        roles0_.roles as roles2_11_0_ 
    from
        user_roles roles0_ 
    where
        roles0_.user_id=?
Hibernate: 
    select
        roles0_.user_id as user_id1_11_0_,
        roles0_.roles as roles2_11_0_ 
    from
        user_roles roles0_ 
    where
        roles0_.user_id=?
Hibernate: 
    insert 
    into
        meeting_pin
        (created_at, updated_at, category, content, user_id, date, latitude, longitude, max_age, min_age, set_gender, set_limit, title) 
    values
        (?, ?, ?, ?, ?, ?, ?, ?, ?, ?, ?, ?, ?)
Hibernate: 
    select
        user0_.id as id1_10_,
        user0_.created_at as created_2_10_,
        user0_.updated_at as updated_3_10_,
        user0_.age as age4_10_,
        user0_.background_image as backgrou5_10_,
        user0_.email as email6_10_,
        user0_.gender as gender7_10_,
        user0_.hobby as hobby8_10_,
        user0_.introduce as introduc9_10_,
        user0_.job as job10_10_,
        user0_.name as name11_10_,
        user0_.nick_name as nick_na12_10_,
        user0_.phone_num as phone_n13_10_,
        user0_.profile_image as profile14_10_,
        user0_.res_red_number as res_red15_10_,
        user0_.score as score16_10_ 
    from
        user user0_
Hibernate: 
    select
        roles0_.user_id as user_id1_11_0_,
        roles0_.roles as roles2_11_0_ 
    from
        user_roles roles0_ 
    where
        roles0_.user_id=?
Hibernate: 
    select
        roles0_.user_id as user_id1_11_0_,
        roles0_.roles as roles2_11_0_ 
    from
        user_roles roles0_ 
    where
        roles0_.user_id=?
Hibernate: 
    select
        roles0_.user_id as user_id1_11_0_,
        roles0_.roles as roles2_11_0_ 
    from
        user_roles roles0_ 
    where
        roles0_.user_id=?
Hibernate: 
    select
        roles0_.user_id as user_id1_11_0_,
        roles0_.roles as roles2_11_0_ 
    from
        user_roles roles0_ 
    where
        roles0_.user_id=?
Hibernate: 
    select
        roles0_.user_id as user_id1_11_0_,
        roles0_.roles as roles2_11_0_ 
    from
        user_roles roles0_ 
    where
        roles0_.user_id=?
Hibernate: 
    insert 
    into
        meeting_pin
        (created_at, updated_at, category, content, user_id, date, latitude, longitude, max_age, min_age, set_gender, set_limit, title) 
    values
        (?, ?, ?, ?, ?, ?, ?, ?, ?, ?, ?, ?, ?)
Hibernate: 
    select
        user0_.id as id1_10_,
        user0_.created_at as created_2_10_,
        user0_.updated_at as updated_3_10_,
        user0_.age as age4_10_,
        user0_.background_image as backgrou5_10_,
        user0_.email as email6_10_,
        user0_.gender as gender7_10_,
        user0_.hobby as hobby8_10_,
        user0_.introduce as introduc9_10_,
        user0_.job as job10_10_,
        user0_.name as name11_10_,
        user0_.nick_name as nick_na12_10_,
        user0_.phone_num as phone_n13_10_,
        user0_.profile_image as profile14_10_,
        user0_.res_red_number as res_red15_10_,
        user0_.score as score16_10_ 
    from
        user user0_
Hibernate: 
    select
        roles0_.user_id as user_id1_11_0_,
        roles0_.roles as roles2_11_0_ 
    from
        user_roles roles0_ 
    where
        roles0_.user_id=?
Hibernate: 
    select
        roles0_.user_id as user_id1_11_0_,
        roles0_.roles as roles2_11_0_ 
    from
        user_roles roles0_ 
    where
        roles0_.user_id=?
Hibernate: 
    select
        roles0_.user_id as user_id1_11_0_,
        roles0_.roles as roles2_11_0_ 
    from
        user_roles roles0_ 
    where
        roles0_.user_id=?
Hibernate: 
    select
        roles0_.user_id as user_id1_11_0_,
        roles0_.roles as roles2_11_0_ 
    from
        user_roles roles0_ 
    where
        roles0_.user_id=?
Hibernate: 
    select
        roles0_.user_id as user_id1_11_0_,
        roles0_.roles as roles2_11_0_ 
    from
        user_roles roles0_ 
    where
        roles0_.user_id=?
Hibernate: 
    insert 
    into
        meeting_pin
        (created_at, updated_at, category, content, user_id, date, latitude, longitude, max_age, min_age, set_gender, set_limit, title) 
    values
        (?, ?, ?, ?, ?, ?, ?, ?, ?, ?, ?, ?, ?)
Hibernate: 
    select
        user0_.id as id1_10_,
        user0_.created_at as created_2_10_,
        user0_.updated_at as updated_3_10_,
        user0_.age as age4_10_,
        user0_.background_image as backgrou5_10_,
        user0_.email as email6_10_,
        user0_.gender as gender7_10_,
        user0_.hobby as hobby8_10_,
        user0_.introduce as introduc9_10_,
        user0_.job as job10_10_,
        user0_.name as name11_10_,
        user0_.nick_name as nick_na12_10_,
        user0_.phone_num as phone_n13_10_,
        user0_.profile_image as profile14_10_,
        user0_.res_red_number as res_red15_10_,
        user0_.score as score16_10_ 
    from
        user user0_
Hibernate: 
    select
        roles0_.user_id as user_id1_11_0_,
        roles0_.roles as roles2_11_0_ 
    from
        user_roles roles0_ 
    where
        roles0_.user_id=?
Hibernate: 
    select
        roles0_.user_id as user_id1_11_0_,
        roles0_.roles as roles2_11_0_ 
    from
        user_roles roles0_ 
    where
        roles0_.user_id=?
Hibernate: 
    select
        roles0_.user_id as user_id1_11_0_,
        roles0_.roles as roles2_11_0_ 
    from
        user_roles roles0_ 
    where
        roles0_.user_id=?
Hibernate: 
    select
        roles0_.user_id as user_id1_11_0_,
        roles0_.roles as roles2_11_0_ 
    from
        user_roles roles0_ 
    where
        roles0_.user_id=?
Hibernate: 
    select
        roles0_.user_id as user_id1_11_0_,
        roles0_.roles as roles2_11_0_ 
    from
        user_roles roles0_ 
    where
        roles0_.user_id=?
Hibernate: 
    insert 
    into
        meeting_pin
        (created_at, updated_at, category, content, user_id, date, latitude, longitude, max_age, min_age, set_gender, set_limit, title) 
    values
        (?, ?, ?, ?, ?, ?, ?, ?, ?, ?, ?, ?, ?)
Hibernate: 
    select
        user0_.id as id1_10_,
        user0_.created_at as created_2_10_,
        user0_.updated_at as updated_3_10_,
        user0_.age as age4_10_,
        user0_.background_image as backgrou5_10_,
        user0_.email as email6_10_,
        user0_.gender as gender7_10_,
        user0_.hobby as hobby8_10_,
        user0_.introduce as introduc9_10_,
        user0_.job as job10_10_,
        user0_.name as name11_10_,
        user0_.nick_name as nick_na12_10_,
        user0_.phone_num as phone_n13_10_,
        user0_.profile_image as profile14_10_,
        user0_.res_red_number as res_red15_10_,
        user0_.score as score16_10_ 
    from
        user user0_
Hibernate: 
    select
        roles0_.user_id as user_id1_11_0_,
        roles0_.roles as roles2_11_0_ 
    from
        user_roles roles0_ 
    where
        roles0_.user_id=?
Hibernate: 
    select
        roles0_.user_id as user_id1_11_0_,
        roles0_.roles as roles2_11_0_ 
    from
        user_roles roles0_ 
    where
        roles0_.user_id=?
Hibernate: 
    select
        roles0_.user_id as user_id1_11_0_,
        roles0_.roles as roles2_11_0_ 
    from
        user_roles roles0_ 
    where
        roles0_.user_id=?
Hibernate: 
    select
        roles0_.user_id as user_id1_11_0_,
        roles0_.roles as roles2_11_0_ 
    from
        user_roles roles0_ 
    where
        roles0_.user_id=?
Hibernate: 
    select
        roles0_.user_id as user_id1_11_0_,
        roles0_.roles as roles2_11_0_ 
    from
        user_roles roles0_ 
    where
        roles0_.user_id=?
Hibernate: 
    insert 
    into
        meeting_pin
        (created_at, updated_at, category, content, user_id, date, latitude, longitude, max_age, min_age, set_gender, set_limit, title) 
    values
        (?, ?, ?, ?, ?, ?, ?, ?, ?, ?, ?, ?, ?)
Hibernate: 
    select
        user0_.id as id1_10_,
        user0_.created_at as created_2_10_,
        user0_.updated_at as updated_3_10_,
        user0_.age as age4_10_,
        user0_.background_image as backgrou5_10_,
        user0_.email as email6_10_,
        user0_.gender as gender7_10_,
        user0_.hobby as hobby8_10_,
        user0_.introduce as introduc9_10_,
        user0_.job as job10_10_,
        user0_.name as name11_10_,
        user0_.nick_name as nick_na12_10_,
        user0_.phone_num as phone_n13_10_,
        user0_.profile_image as profile14_10_,
        user0_.res_red_number as res_red15_10_,
        user0_.score as score16_10_ 
    from
        user user0_
Hibernate: 
    select
        roles0_.user_id as user_id1_11_0_,
        roles0_.roles as roles2_11_0_ 
    from
        user_roles roles0_ 
    where
        roles0_.user_id=?
Hibernate: 
    select
        roles0_.user_id as user_id1_11_0_,
        roles0_.roles as roles2_11_0_ 
    from
        user_roles roles0_ 
    where
        roles0_.user_id=?
Hibernate: 
    select
        roles0_.user_id as user_id1_11_0_,
        roles0_.roles as roles2_11_0_ 
    from
        user_roles roles0_ 
    where
        roles0_.user_id=?
Hibernate: 
    select
        roles0_.user_id as user_id1_11_0_,
        roles0_.roles as roles2_11_0_ 
    from
        user_roles roles0_ 
    where
        roles0_.user_id=?
Hibernate: 
    select
        roles0_.user_id as user_id1_11_0_,
        roles0_.roles as roles2_11_0_ 
    from
        user_roles roles0_ 
    where
        roles0_.user_id=?
Hibernate: 
    insert 
    into
        meeting_pin
        (created_at, updated_at, category, content, user_id, date, latitude, longitude, max_age, min_age, set_gender, set_limit, title) 
    values
        (?, ?, ?, ?, ?, ?, ?, ?, ?, ?, ?, ?, ?)
Hibernate: 
    select
        user0_.id as id1_10_,
        user0_.created_at as created_2_10_,
        user0_.updated_at as updated_3_10_,
        user0_.age as age4_10_,
        user0_.background_image as backgrou5_10_,
        user0_.email as email6_10_,
        user0_.gender as gender7_10_,
        user0_.hobby as hobby8_10_,
        user0_.introduce as introduc9_10_,
        user0_.job as job10_10_,
        user0_.name as name11_10_,
        user0_.nick_name as nick_na12_10_,
        user0_.phone_num as phone_n13_10_,
        user0_.profile_image as profile14_10_,
        user0_.res_red_number as res_red15_10_,
        user0_.score as score16_10_ 
    from
        user user0_
Hibernate: 
    select
        roles0_.user_id as user_id1_11_0_,
        roles0_.roles as roles2_11_0_ 
    from
        user_roles roles0_ 
    where
        roles0_.user_id=?
Hibernate: 
    select
        roles0_.user_id as user_id1_11_0_,
        roles0_.roles as roles2_11_0_ 
    from
        user_roles roles0_ 
    where
        roles0_.user_id=?
Hibernate: 
    select
        roles0_.user_id as user_id1_11_0_,
        roles0_.roles as roles2_11_0_ 
    from
        user_roles roles0_ 
    where
        roles0_.user_id=?
Hibernate: 
    select
        roles0_.user_id as user_id1_11_0_,
        roles0_.roles as roles2_11_0_ 
    from
        user_roles roles0_ 
    where
        roles0_.user_id=?
Hibernate: 
    select
        roles0_.user_id as user_id1_11_0_,
        roles0_.roles as roles2_11_0_ 
    from
        user_roles roles0_ 
    where
        roles0_.user_id=?
Hibernate: 
    insert 
    into
        meeting_pin
        (created_at, updated_at, category, content, user_id, date, latitude, longitude, max_age, min_age, set_gender, set_limit, title) 
    values
        (?, ?, ?, ?, ?, ?, ?, ?, ?, ?, ?, ?, ?)
Hibernate: 
    select
        user0_.id as id1_10_,
        user0_.created_at as created_2_10_,
        user0_.updated_at as updated_3_10_,
        user0_.age as age4_10_,
        user0_.background_image as backgrou5_10_,
        user0_.email as email6_10_,
        user0_.gender as gender7_10_,
        user0_.hobby as hobby8_10_,
        user0_.introduce as introduc9_10_,
        user0_.job as job10_10_,
        user0_.name as name11_10_,
        user0_.nick_name as nick_na12_10_,
        user0_.phone_num as phone_n13_10_,
        user0_.profile_image as profile14_10_,
        user0_.res_red_number as res_red15_10_,
        user0_.score as score16_10_ 
    from
        user user0_
Hibernate: 
    select
        roles0_.user_id as user_id1_11_0_,
        roles0_.roles as roles2_11_0_ 
    from
        user_roles roles0_ 
    where
        roles0_.user_id=?
Hibernate: 
    select
        roles0_.user_id as user_id1_11_0_,
        roles0_.roles as roles2_11_0_ 
    from
        user_roles roles0_ 
    where
        roles0_.user_id=?
Hibernate: 
    select
        roles0_.user_id as user_id1_11_0_,
        roles0_.roles as roles2_11_0_ 
    from
        user_roles roles0_ 
    where
        roles0_.user_id=?
Hibernate: 
    select
        roles0_.user_id as user_id1_11_0_,
        roles0_.roles as roles2_11_0_ 
    from
        user_roles roles0_ 
    where
        roles0_.user_id=?
Hibernate: 
    select
        roles0_.user_id as user_id1_11_0_,
        roles0_.roles as roles2_11_0_ 
    from
        user_roles roles0_ 
    where
        roles0_.user_id=?
Hibernate: 
    insert 
    into
        meeting_pin
        (created_at, updated_at, category, content, user_id, date, latitude, longitude, max_age, min_age, set_gender, set_limit, title) 
    values
        (?, ?, ?, ?, ?, ?, ?, ?, ?, ?, ?, ?, ?)
Hibernate: 
    select
        user0_.id as id1_10_,
        user0_.created_at as created_2_10_,
        user0_.updated_at as updated_3_10_,
        user0_.age as age4_10_,
        user0_.background_image as backgrou5_10_,
        user0_.email as email6_10_,
        user0_.gender as gender7_10_,
        user0_.hobby as hobby8_10_,
        user0_.introduce as introduc9_10_,
        user0_.job as job10_10_,
        user0_.name as name11_10_,
        user0_.nick_name as nick_na12_10_,
        user0_.phone_num as phone_n13_10_,
        user0_.profile_image as profile14_10_,
        user0_.res_red_number as res_red15_10_,
        user0_.score as score16_10_ 
    from
        user user0_
Hibernate: 
    select
        roles0_.user_id as user_id1_11_0_,
        roles0_.roles as roles2_11_0_ 
    from
        user_roles roles0_ 
    where
        roles0_.user_id=?
Hibernate: 
    select
        roles0_.user_id as user_id1_11_0_,
        roles0_.roles as roles2_11_0_ 
    from
        user_roles roles0_ 
    where
        roles0_.user_id=?
Hibernate: 
    select
        roles0_.user_id as user_id1_11_0_,
        roles0_.roles as roles2_11_0_ 
    from
        user_roles roles0_ 
    where
        roles0_.user_id=?
Hibernate: 
    select
        roles0_.user_id as user_id1_11_0_,
        roles0_.roles as roles2_11_0_ 
    from
        user_roles roles0_ 
    where
        roles0_.user_id=?
Hibernate: 
    select
        roles0_.user_id as user_id1_11_0_,
        roles0_.roles as roles2_11_0_ 
    from
        user_roles roles0_ 
    where
        roles0_.user_id=?
Hibernate: 
    insert 
    into
        meeting_pin
        (created_at, updated_at, category, content, user_id, date, latitude, longitude, max_age, min_age, set_gender, set_limit, title) 
    values
        (?, ?, ?, ?, ?, ?, ?, ?, ?, ?, ?, ?, ?)
Hibernate: 
    select
        user0_.id as id1_10_,
        user0_.created_at as created_2_10_,
        user0_.updated_at as updated_3_10_,
        user0_.age as age4_10_,
        user0_.background_image as backgrou5_10_,
        user0_.email as email6_10_,
        user0_.gender as gender7_10_,
        user0_.hobby as hobby8_10_,
        user0_.introduce as introduc9_10_,
        user0_.job as job10_10_,
        user0_.name as name11_10_,
        user0_.nick_name as nick_na12_10_,
        user0_.phone_num as phone_n13_10_,
        user0_.profile_image as profile14_10_,
        user0_.res_red_number as res_red15_10_,
        user0_.score as score16_10_ 
    from
        user user0_
Hibernate: 
    select
        roles0_.user_id as user_id1_11_0_,
        roles0_.roles as roles2_11_0_ 
    from
        user_roles roles0_ 
    where
        roles0_.user_id=?
Hibernate: 
    select
        roles0_.user_id as user_id1_11_0_,
        roles0_.roles as roles2_11_0_ 
    from
        user_roles roles0_ 
    where
        roles0_.user_id=?
Hibernate: 
    select
        roles0_.user_id as user_id1_11_0_,
        roles0_.roles as roles2_11_0_ 
    from
        user_roles roles0_ 
    where
        roles0_.user_id=?
Hibernate: 
    select
        roles0_.user_id as user_id1_11_0_,
        roles0_.roles as roles2_11_0_ 
    from
        user_roles roles0_ 
    where
        roles0_.user_id=?
Hibernate: 
    select
        roles0_.user_id as user_id1_11_0_,
        roles0_.roles as roles2_11_0_ 
    from
        user_roles roles0_ 
    where
        roles0_.user_id=?
Hibernate: 
    insert 
    into
        meeting_pin
        (created_at, updated_at, category, content, user_id, date, latitude, longitude, max_age, min_age, set_gender, set_limit, title) 
    values
        (?, ?, ?, ?, ?, ?, ?, ?, ?, ?, ?, ?, ?)
Hibernate: 
    select
        user0_.id as id1_10_,
        user0_.created_at as created_2_10_,
        user0_.updated_at as updated_3_10_,
        user0_.age as age4_10_,
        user0_.background_image as backgrou5_10_,
        user0_.email as email6_10_,
        user0_.gender as gender7_10_,
        user0_.hobby as hobby8_10_,
        user0_.introduce as introduc9_10_,
        user0_.job as job10_10_,
        user0_.name as name11_10_,
        user0_.nick_name as nick_na12_10_,
        user0_.phone_num as phone_n13_10_,
        user0_.profile_image as profile14_10_,
        user0_.res_red_number as res_red15_10_,
        user0_.score as score16_10_ 
    from
        user user0_
Hibernate: 
    select
        roles0_.user_id as user_id1_11_0_,
        roles0_.roles as roles2_11_0_ 
    from
        user_roles roles0_ 
    where
        roles0_.user_id=?
Hibernate: 
    select
        roles0_.user_id as user_id1_11_0_,
        roles0_.roles as roles2_11_0_ 
    from
        user_roles roles0_ 
    where
        roles0_.user_id=?
Hibernate: 
    select
        roles0_.user_id as user_id1_11_0_,
        roles0_.roles as roles2_11_0_ 
    from
        user_roles roles0_ 
    where
        roles0_.user_id=?
Hibernate: 
    select
        roles0_.user_id as user_id1_11_0_,
        roles0_.roles as roles2_11_0_ 
    from
        user_roles roles0_ 
    where
        roles0_.user_id=?
Hibernate: 
    select
        roles0_.user_id as user_id1_11_0_,
        roles0_.roles as roles2_11_0_ 
    from
        user_roles roles0_ 
    where
        roles0_.user_id=?
Hibernate: 
    insert 
    into
        meeting_pin
        (created_at, updated_at, category, content, user_id, date, latitude, longitude, max_age, min_age, set_gender, set_limit, title) 
    values
        (?, ?, ?, ?, ?, ?, ?, ?, ?, ?, ?, ?, ?)
Hibernate: 
    select
        user0_.id as id1_10_,
        user0_.created_at as created_2_10_,
        user0_.updated_at as updated_3_10_,
        user0_.age as age4_10_,
        user0_.background_image as backgrou5_10_,
        user0_.email as email6_10_,
        user0_.gender as gender7_10_,
        user0_.hobby as hobby8_10_,
        user0_.introduce as introduc9_10_,
        user0_.job as job10_10_,
        user0_.name as name11_10_,
        user0_.nick_name as nick_na12_10_,
        user0_.phone_num as phone_n13_10_,
        user0_.profile_image as profile14_10_,
        user0_.res_red_number as res_red15_10_,
        user0_.score as score16_10_ 
    from
        user user0_
Hibernate: 
    select
        roles0_.user_id as user_id1_11_0_,
        roles0_.roles as roles2_11_0_ 
    from
        user_roles roles0_ 
    where
        roles0_.user_id=?
Hibernate: 
    select
        roles0_.user_id as user_id1_11_0_,
        roles0_.roles as roles2_11_0_ 
    from
        user_roles roles0_ 
    where
        roles0_.user_id=?
Hibernate: 
    select
        roles0_.user_id as user_id1_11_0_,
        roles0_.roles as roles2_11_0_ 
    from
        user_roles roles0_ 
    where
        roles0_.user_id=?
Hibernate: 
    select
        roles0_.user_id as user_id1_11_0_,
        roles0_.roles as roles2_11_0_ 
    from
        user_roles roles0_ 
    where
        roles0_.user_id=?
Hibernate: 
    select
        roles0_.user_id as user_id1_11_0_,
        roles0_.roles as roles2_11_0_ 
    from
        user_roles roles0_ 
    where
        roles0_.user_id=?
Hibernate: 
    insert 
    into
        meeting_pin
        (created_at, updated_at, category, content, user_id, date, latitude, longitude, max_age, min_age, set_gender, set_limit, title) 
    values
        (?, ?, ?, ?, ?, ?, ?, ?, ?, ?, ?, ?, ?)
Hibernate: 
    select
        user0_.id as id1_10_,
        user0_.created_at as created_2_10_,
        user0_.updated_at as updated_3_10_,
        user0_.age as age4_10_,
        user0_.background_image as backgrou5_10_,
        user0_.email as email6_10_,
        user0_.gender as gender7_10_,
        user0_.hobby as hobby8_10_,
        user0_.introduce as introduc9_10_,
        user0_.job as job10_10_,
        user0_.name as name11_10_,
        user0_.nick_name as nick_na12_10_,
        user0_.phone_num as phone_n13_10_,
        user0_.profile_image as profile14_10_,
        user0_.res_red_number as res_red15_10_,
        user0_.score as score16_10_ 
    from
        user user0_
Hibernate: 
    select
        roles0_.user_id as user_id1_11_0_,
        roles0_.roles as roles2_11_0_ 
    from
        user_roles roles0_ 
    where
        roles0_.user_id=?
Hibernate: 
    select
        roles0_.user_id as user_id1_11_0_,
        roles0_.roles as roles2_11_0_ 
    from
        user_roles roles0_ 
    where
        roles0_.user_id=?
Hibernate: 
    select
        roles0_.user_id as user_id1_11_0_,
        roles0_.roles as roles2_11_0_ 
    from
        user_roles roles0_ 
    where
        roles0_.user_id=?
Hibernate: 
    select
        roles0_.user_id as user_id1_11_0_,
        roles0_.roles as roles2_11_0_ 
    from
        user_roles roles0_ 
    where
        roles0_.user_id=?
Hibernate: 
    select
        roles0_.user_id as user_id1_11_0_,
        roles0_.roles as roles2_11_0_ 
    from
        user_roles roles0_ 
    where
        roles0_.user_id=?
Hibernate: 
    insert 
    into
        meeting_pin
        (created_at, updated_at, category, content, user_id, date, latitude, longitude, max_age, min_age, set_gender, set_limit, title) 
    values
        (?, ?, ?, ?, ?, ?, ?, ?, ?, ?, ?, ?, ?)
Hibernate: 
    select
        user0_.id as id1_10_,
        user0_.created_at as created_2_10_,
        user0_.updated_at as updated_3_10_,
        user0_.age as age4_10_,
        user0_.background_image as backgrou5_10_,
        user0_.email as email6_10_,
        user0_.gender as gender7_10_,
        user0_.hobby as hobby8_10_,
        user0_.introduce as introduc9_10_,
        user0_.job as job10_10_,
        user0_.name as name11_10_,
        user0_.nick_name as nick_na12_10_,
        user0_.phone_num as phone_n13_10_,
        user0_.profile_image as profile14_10_,
        user0_.res_red_number as res_red15_10_,
        user0_.score as score16_10_ 
    from
        user user0_
Hibernate: 
    select
        roles0_.user_id as user_id1_11_0_,
        roles0_.roles as roles2_11_0_ 
    from
        user_roles roles0_ 
    where
        roles0_.user_id=?
Hibernate: 
    select
        roles0_.user_id as user_id1_11_0_,
        roles0_.roles as roles2_11_0_ 
    from
        user_roles roles0_ 
    where
        roles0_.user_id=?
Hibernate: 
    select
        roles0_.user_id as user_id1_11_0_,
        roles0_.roles as roles2_11_0_ 
    from
        user_roles roles0_ 
    where
        roles0_.user_id=?
Hibernate: 
    select
        roles0_.user_id as user_id1_11_0_,
        roles0_.roles as roles2_11_0_ 
    from
        user_roles roles0_ 
    where
        roles0_.user_id=?
Hibernate: 
    select
        roles0_.user_id as user_id1_11_0_,
        roles0_.roles as roles2_11_0_ 
    from
        user_roles roles0_ 
    where
        roles0_.user_id=?
Hibernate: 
    insert 
    into
        meeting_pin
        (created_at, updated_at, category, content, user_id, date, latitude, longitude, max_age, min_age, set_gender, set_limit, title) 
    values
        (?, ?, ?, ?, ?, ?, ?, ?, ?, ?, ?, ?, ?)
Hibernate: 
    select
        user0_.id as id1_10_,
        user0_.created_at as created_2_10_,
        user0_.updated_at as updated_3_10_,
        user0_.age as age4_10_,
        user0_.background_image as backgrou5_10_,
        user0_.email as email6_10_,
        user0_.gender as gender7_10_,
        user0_.hobby as hobby8_10_,
        user0_.introduce as introduc9_10_,
        user0_.job as job10_10_,
        user0_.name as name11_10_,
        user0_.nick_name as nick_na12_10_,
        user0_.phone_num as phone_n13_10_,
        user0_.profile_image as profile14_10_,
        user0_.res_red_number as res_red15_10_,
        user0_.score as score16_10_ 
    from
        user user0_
Hibernate: 
    select
        roles0_.user_id as user_id1_11_0_,
        roles0_.roles as roles2_11_0_ 
    from
        user_roles roles0_ 
    where
        roles0_.user_id=?
Hibernate: 
    select
        roles0_.user_id as user_id1_11_0_,
        roles0_.roles as roles2_11_0_ 
    from
        user_roles roles0_ 
    where
        roles0_.user_id=?
Hibernate: 
    select
        roles0_.user_id as user_id1_11_0_,
        roles0_.roles as roles2_11_0_ 
    from
        user_roles roles0_ 
    where
        roles0_.user_id=?
Hibernate: 
    select
        roles0_.user_id as user_id1_11_0_,
        roles0_.roles as roles2_11_0_ 
    from
        user_roles roles0_ 
    where
        roles0_.user_id=?
Hibernate: 
    select
        roles0_.user_id as user_id1_11_0_,
        roles0_.roles as roles2_11_0_ 
    from
        user_roles roles0_ 
    where
        roles0_.user_id=?
Hibernate: 
    insert 
    into
        meeting_pin
        (created_at, updated_at, category, content, user_id, date, latitude, longitude, max_age, min_age, set_gender, set_limit, title) 
    values
        (?, ?, ?, ?, ?, ?, ?, ?, ?, ?, ?, ?, ?)
Hibernate: 
    select
        user0_.id as id1_10_,
        user0_.created_at as created_2_10_,
        user0_.updated_at as updated_3_10_,
        user0_.age as age4_10_,
        user0_.background_image as backgrou5_10_,
        user0_.email as email6_10_,
        user0_.gender as gender7_10_,
        user0_.hobby as hobby8_10_,
        user0_.introduce as introduc9_10_,
        user0_.job as job10_10_,
        user0_.name as name11_10_,
        user0_.nick_name as nick_na12_10_,
        user0_.phone_num as phone_n13_10_,
        user0_.profile_image as profile14_10_,
        user0_.res_red_number as res_red15_10_,
        user0_.score as score16_10_ 
    from
        user user0_
Hibernate: 
    select
        roles0_.user_id as user_id1_11_0_,
        roles0_.roles as roles2_11_0_ 
    from
        user_roles roles0_ 
    where
        roles0_.user_id=?
Hibernate: 
    select
        roles0_.user_id as user_id1_11_0_,
        roles0_.roles as roles2_11_0_ 
    from
        user_roles roles0_ 
    where
        roles0_.user_id=?
Hibernate: 
    select
        roles0_.user_id as user_id1_11_0_,
        roles0_.roles as roles2_11_0_ 
    from
        user_roles roles0_ 
    where
        roles0_.user_id=?
Hibernate: 
    select
        roles0_.user_id as user_id1_11_0_,
        roles0_.roles as roles2_11_0_ 
    from
        user_roles roles0_ 
    where
        roles0_.user_id=?
Hibernate: 
    select
        roles0_.user_id as user_id1_11_0_,
        roles0_.roles as roles2_11_0_ 
    from
        user_roles roles0_ 
    where
        roles0_.user_id=?
Hibernate: 
    insert 
    into
        meeting_pin
        (created_at, updated_at, category, content, user_id, date, latitude, longitude, max_age, min_age, set_gender, set_limit, title) 
    values
        (?, ?, ?, ?, ?, ?, ?, ?, ?, ?, ?, ?, ?)
Hibernate: 
    select
        user0_.id as id1_10_,
        user0_.created_at as created_2_10_,
        user0_.updated_at as updated_3_10_,
        user0_.age as age4_10_,
        user0_.background_image as backgrou5_10_,
        user0_.email as email6_10_,
        user0_.gender as gender7_10_,
        user0_.hobby as hobby8_10_,
        user0_.introduce as introduc9_10_,
        user0_.job as job10_10_,
        user0_.name as name11_10_,
        user0_.nick_name as nick_na12_10_,
        user0_.phone_num as phone_n13_10_,
        user0_.profile_image as profile14_10_,
        user0_.res_red_number as res_red15_10_,
        user0_.score as score16_10_ 
    from
        user user0_
Hibernate: 
    select
        roles0_.user_id as user_id1_11_0_,
        roles0_.roles as roles2_11_0_ 
    from
        user_roles roles0_ 
    where
        roles0_.user_id=?
Hibernate: 
    select
        roles0_.user_id as user_id1_11_0_,
        roles0_.roles as roles2_11_0_ 
    from
        user_roles roles0_ 
    where
        roles0_.user_id=?
Hibernate: 
    select
        roles0_.user_id as user_id1_11_0_,
        roles0_.roles as roles2_11_0_ 
    from
        user_roles roles0_ 
    where
        roles0_.user_id=?
Hibernate: 
    select
        roles0_.user_id as user_id1_11_0_,
        roles0_.roles as roles2_11_0_ 
    from
        user_roles roles0_ 
    where
        roles0_.user_id=?
Hibernate: 
    select
        roles0_.user_id as user_id1_11_0_,
        roles0_.roles as roles2_11_0_ 
    from
        user_roles roles0_ 
    where
        roles0_.user_id=?
Hibernate: 
    insert 
    into
        meeting_pin
        (created_at, updated_at, category, content, user_id, date, latitude, longitude, max_age, min_age, set_gender, set_limit, title) 
    values
        (?, ?, ?, ?, ?, ?, ?, ?, ?, ?, ?, ?, ?)
Hibernate: 
    select
        user0_.id as id1_10_,
        user0_.created_at as created_2_10_,
        user0_.updated_at as updated_3_10_,
        user0_.age as age4_10_,
        user0_.background_image as backgrou5_10_,
        user0_.email as email6_10_,
        user0_.gender as gender7_10_,
        user0_.hobby as hobby8_10_,
        user0_.introduce as introduc9_10_,
        user0_.job as job10_10_,
        user0_.name as name11_10_,
        user0_.nick_name as nick_na12_10_,
        user0_.phone_num as phone_n13_10_,
        user0_.profile_image as profile14_10_,
        user0_.res_red_number as res_red15_10_,
        user0_.score as score16_10_ 
    from
        user user0_
Hibernate: 
    select
        roles0_.user_id as user_id1_11_0_,
        roles0_.roles as roles2_11_0_ 
    from
        user_roles roles0_ 
    where
        roles0_.user_id=?
Hibernate: 
    select
        roles0_.user_id as user_id1_11_0_,
        roles0_.roles as roles2_11_0_ 
    from
        user_roles roles0_ 
    where
        roles0_.user_id=?
Hibernate: 
    select
        roles0_.user_id as user_id1_11_0_,
        roles0_.roles as roles2_11_0_ 
    from
        user_roles roles0_ 
    where
        roles0_.user_id=?
Hibernate: 
    select
        roles0_.user_id as user_id1_11_0_,
        roles0_.roles as roles2_11_0_ 
    from
        user_roles roles0_ 
    where
        roles0_.user_id=?
Hibernate: 
    select
        roles0_.user_id as user_id1_11_0_,
        roles0_.roles as roles2_11_0_ 
    from
        user_roles roles0_ 
    where
        roles0_.user_id=?
Hibernate: 
    insert 
    into
        meeting_pin
        (created_at, updated_at, category, content, user_id, date, latitude, longitude, max_age, min_age, set_gender, set_limit, title) 
    values
        (?, ?, ?, ?, ?, ?, ?, ?, ?, ?, ?, ?, ?)
Hibernate: 
    select
        user0_.id as id1_10_,
        user0_.created_at as created_2_10_,
        user0_.updated_at as updated_3_10_,
        user0_.age as age4_10_,
        user0_.background_image as backgrou5_10_,
        user0_.email as email6_10_,
        user0_.gender as gender7_10_,
        user0_.hobby as hobby8_10_,
        user0_.introduce as introduc9_10_,
        user0_.job as job10_10_,
        user0_.name as name11_10_,
        user0_.nick_name as nick_na12_10_,
        user0_.phone_num as phone_n13_10_,
        user0_.profile_image as profile14_10_,
        user0_.res_red_number as res_red15_10_,
        user0_.score as score16_10_ 
    from
        user user0_
Hibernate: 
    select
        roles0_.user_id as user_id1_11_0_,
        roles0_.roles as roles2_11_0_ 
    from
        user_roles roles0_ 
    where
        roles0_.user_id=?
Hibernate: 
    select
        roles0_.user_id as user_id1_11_0_,
        roles0_.roles as roles2_11_0_ 
    from
        user_roles roles0_ 
    where
        roles0_.user_id=?
Hibernate: 
    select
        roles0_.user_id as user_id1_11_0_,
        roles0_.roles as roles2_11_0_ 
    from
        user_roles roles0_ 
    where
        roles0_.user_id=?
Hibernate: 
    select
        roles0_.user_id as user_id1_11_0_,
        roles0_.roles as roles2_11_0_ 
    from
        user_roles roles0_ 
    where
        roles0_.user_id=?
Hibernate: 
    select
        roles0_.user_id as user_id1_11_0_,
        roles0_.roles as roles2_11_0_ 
    from
        user_roles roles0_ 
    where
        roles0_.user_id=?
Hibernate: 
    insert 
    into
        meeting_pin
        (created_at, updated_at, category, content, user_id, date, latitude, longitude, max_age, min_age, set_gender, set_limit, title) 
    values
        (?, ?, ?, ?, ?, ?, ?, ?, ?, ?, ?, ?, ?)
Hibernate: 
    select
        user0_.id as id1_10_,
        user0_.created_at as created_2_10_,
        user0_.updated_at as updated_3_10_,
        user0_.age as age4_10_,
        user0_.background_image as backgrou5_10_,
        user0_.email as email6_10_,
        user0_.gender as gender7_10_,
        user0_.hobby as hobby8_10_,
        user0_.introduce as introduc9_10_,
        user0_.job as job10_10_,
        user0_.name as name11_10_,
        user0_.nick_name as nick_na12_10_,
        user0_.phone_num as phone_n13_10_,
        user0_.profile_image as profile14_10_,
        user0_.res_red_number as res_red15_10_,
        user0_.score as score16_10_ 
    from
        user user0_
Hibernate: 
    select
        roles0_.user_id as user_id1_11_0_,
        roles0_.roles as roles2_11_0_ 
    from
        user_roles roles0_ 
    where
        roles0_.user_id=?
Hibernate: 
    select
        roles0_.user_id as user_id1_11_0_,
        roles0_.roles as roles2_11_0_ 
    from
        user_roles roles0_ 
    where
        roles0_.user_id=?
Hibernate: 
    select
        roles0_.user_id as user_id1_11_0_,
        roles0_.roles as roles2_11_0_ 
    from
        user_roles roles0_ 
    where
        roles0_.user_id=?
Hibernate: 
    select
        roles0_.user_id as user_id1_11_0_,
        roles0_.roles as roles2_11_0_ 
    from
        user_roles roles0_ 
    where
        roles0_.user_id=?
Hibernate: 
    select
        roles0_.user_id as user_id1_11_0_,
        roles0_.roles as roles2_11_0_ 
    from
        user_roles roles0_ 
    where
        roles0_.user_id=?
Hibernate: 
    insert 
    into
        meeting_pin
        (created_at, updated_at, category, content, user_id, date, latitude, longitude, max_age, min_age, set_gender, set_limit, title) 
    values
        (?, ?, ?, ?, ?, ?, ?, ?, ?, ?, ?, ?, ?)
Hibernate: 
    select
        user0_.id as id1_10_,
        user0_.created_at as created_2_10_,
        user0_.updated_at as updated_3_10_,
        user0_.age as age4_10_,
        user0_.background_image as backgrou5_10_,
        user0_.email as email6_10_,
        user0_.gender as gender7_10_,
        user0_.hobby as hobby8_10_,
        user0_.introduce as introduc9_10_,
        user0_.job as job10_10_,
        user0_.name as name11_10_,
        user0_.nick_name as nick_na12_10_,
        user0_.phone_num as phone_n13_10_,
        user0_.profile_image as profile14_10_,
        user0_.res_red_number as res_red15_10_,
        user0_.score as score16_10_ 
    from
        user user0_
Hibernate: 
    select
        roles0_.user_id as user_id1_11_0_,
        roles0_.roles as roles2_11_0_ 
    from
        user_roles roles0_ 
    where
        roles0_.user_id=?
Hibernate: 
    select
        roles0_.user_id as user_id1_11_0_,
        roles0_.roles as roles2_11_0_ 
    from
        user_roles roles0_ 
    where
        roles0_.user_id=?
Hibernate: 
    select
        roles0_.user_id as user_id1_11_0_,
        roles0_.roles as roles2_11_0_ 
    from
        user_roles roles0_ 
    where
        roles0_.user_id=?
Hibernate: 
    select
        roles0_.user_id as user_id1_11_0_,
        roles0_.roles as roles2_11_0_ 
    from
        user_roles roles0_ 
    where
        roles0_.user_id=?
Hibernate: 
    select
        roles0_.user_id as user_id1_11_0_,
        roles0_.roles as roles2_11_0_ 
    from
        user_roles roles0_ 
    where
        roles0_.user_id=?
Hibernate: 
    insert 
    into
        meeting_pin
        (created_at, updated_at, category, content, user_id, date, latitude, longitude, max_age, min_age, set_gender, set_limit, title) 
    values
        (?, ?, ?, ?, ?, ?, ?, ?, ?, ?, ?, ?, ?)
Hibernate: 
    select
        user0_.id as id1_10_,
        user0_.created_at as created_2_10_,
        user0_.updated_at as updated_3_10_,
        user0_.age as age4_10_,
        user0_.background_image as backgrou5_10_,
        user0_.email as email6_10_,
        user0_.gender as gender7_10_,
        user0_.hobby as hobby8_10_,
        user0_.introduce as introduc9_10_,
        user0_.job as job10_10_,
        user0_.name as name11_10_,
        user0_.nick_name as nick_na12_10_,
        user0_.phone_num as phone_n13_10_,
        user0_.profile_image as profile14_10_,
        user0_.res_red_number as res_red15_10_,
        user0_.score as score16_10_ 
    from
        user user0_
Hibernate: 
    select
        roles0_.user_id as user_id1_11_0_,
        roles0_.roles as roles2_11_0_ 
    from
        user_roles roles0_ 
    where
        roles0_.user_id=?
Hibernate: 
    select
        roles0_.user_id as user_id1_11_0_,
        roles0_.roles as roles2_11_0_ 
    from
        user_roles roles0_ 
    where
        roles0_.user_id=?
Hibernate: 
    select
        roles0_.user_id as user_id1_11_0_,
        roles0_.roles as roles2_11_0_ 
    from
        user_roles roles0_ 
    where
        roles0_.user_id=?
Hibernate: 
    select
        roles0_.user_id as user_id1_11_0_,
        roles0_.roles as roles2_11_0_ 
    from
        user_roles roles0_ 
    where
        roles0_.user_id=?
Hibernate: 
    select
        roles0_.user_id as user_id1_11_0_,
        roles0_.roles as roles2_11_0_ 
    from
        user_roles roles0_ 
    where
        roles0_.user_id=?
Hibernate: 
    insert 
    into
        meeting_pin
        (created_at, updated_at, category, content, user_id, date, latitude, longitude, max_age, min_age, set_gender, set_limit, title) 
    values
        (?, ?, ?, ?, ?, ?, ?, ?, ?, ?, ?, ?, ?)
Hibernate: 
    select
        user0_.id as id1_10_,
        user0_.created_at as created_2_10_,
        user0_.updated_at as updated_3_10_,
        user0_.age as age4_10_,
        user0_.background_image as backgrou5_10_,
        user0_.email as email6_10_,
        user0_.gender as gender7_10_,
        user0_.hobby as hobby8_10_,
        user0_.introduce as introduc9_10_,
        user0_.job as job10_10_,
        user0_.name as name11_10_,
        user0_.nick_name as nick_na12_10_,
        user0_.phone_num as phone_n13_10_,
        user0_.profile_image as profile14_10_,
        user0_.res_red_number as res_red15_10_,
        user0_.score as score16_10_ 
    from
        user user0_
Hibernate: 
    select
        roles0_.user_id as user_id1_11_0_,
        roles0_.roles as roles2_11_0_ 
    from
        user_roles roles0_ 
    where
        roles0_.user_id=?
Hibernate: 
    select
        roles0_.user_id as user_id1_11_0_,
        roles0_.roles as roles2_11_0_ 
    from
        user_roles roles0_ 
    where
        roles0_.user_id=?
Hibernate: 
    select
        roles0_.user_id as user_id1_11_0_,
        roles0_.roles as roles2_11_0_ 
    from
        user_roles roles0_ 
    where
        roles0_.user_id=?
Hibernate: 
    select
        roles0_.user_id as user_id1_11_0_,
        roles0_.roles as roles2_11_0_ 
    from
        user_roles roles0_ 
    where
        roles0_.user_id=?
Hibernate: 
    select
        roles0_.user_id as user_id1_11_0_,
        roles0_.roles as roles2_11_0_ 
    from
        user_roles roles0_ 
    where
        roles0_.user_id=?
Hibernate: 
    insert 
    into
        meeting_pin
        (created_at, updated_at, category, content, user_id, date, latitude, longitude, max_age, min_age, set_gender, set_limit, title) 
    values
        (?, ?, ?, ?, ?, ?, ?, ?, ?, ?, ?, ?, ?)
Hibernate: 
    select
        user0_.id as id1_10_,
        user0_.created_at as created_2_10_,
        user0_.updated_at as updated_3_10_,
        user0_.age as age4_10_,
        user0_.background_image as backgrou5_10_,
        user0_.email as email6_10_,
        user0_.gender as gender7_10_,
        user0_.hobby as hobby8_10_,
        user0_.introduce as introduc9_10_,
        user0_.job as job10_10_,
        user0_.name as name11_10_,
        user0_.nick_name as nick_na12_10_,
        user0_.phone_num as phone_n13_10_,
        user0_.profile_image as profile14_10_,
        user0_.res_red_number as res_red15_10_,
        user0_.score as score16_10_ 
    from
        user user0_
Hibernate: 
    select
        roles0_.user_id as user_id1_11_0_,
        roles0_.roles as roles2_11_0_ 
    from
        user_roles roles0_ 
    where
        roles0_.user_id=?
Hibernate: 
    select
        roles0_.user_id as user_id1_11_0_,
        roles0_.roles as roles2_11_0_ 
    from
        user_roles roles0_ 
    where
        roles0_.user_id=?
Hibernate: 
    select
        roles0_.user_id as user_id1_11_0_,
        roles0_.roles as roles2_11_0_ 
    from
        user_roles roles0_ 
    where
        roles0_.user_id=?
Hibernate: 
    select
        roles0_.user_id as user_id1_11_0_,
        roles0_.roles as roles2_11_0_ 
    from
        user_roles roles0_ 
    where
        roles0_.user_id=?
Hibernate: 
    select
        roles0_.user_id as user_id1_11_0_,
        roles0_.roles as roles2_11_0_ 
    from
        user_roles roles0_ 
    where
        roles0_.user_id=?
Hibernate: 
    insert 
    into
        meeting_pin
        (created_at, updated_at, category, content, user_id, date, latitude, longitude, max_age, min_age, set_gender, set_limit, title) 
    values
        (?, ?, ?, ?, ?, ?, ?, ?, ?, ?, ?, ?, ?)
Hibernate: 
    select
        user0_.id as id1_10_,
        user0_.created_at as created_2_10_,
        user0_.updated_at as updated_3_10_,
        user0_.age as age4_10_,
        user0_.background_image as backgrou5_10_,
        user0_.email as email6_10_,
        user0_.gender as gender7_10_,
        user0_.hobby as hobby8_10_,
        user0_.introduce as introduc9_10_,
        user0_.job as job10_10_,
        user0_.name as name11_10_,
        user0_.nick_name as nick_na12_10_,
        user0_.phone_num as phone_n13_10_,
        user0_.profile_image as profile14_10_,
        user0_.res_red_number as res_red15_10_,
        user0_.score as score16_10_ 
    from
        user user0_
Hibernate: 
    select
        roles0_.user_id as user_id1_11_0_,
        roles0_.roles as roles2_11_0_ 
    from
        user_roles roles0_ 
    where
        roles0_.user_id=?
Hibernate: 
    select
        roles0_.user_id as user_id1_11_0_,
        roles0_.roles as roles2_11_0_ 
    from
        user_roles roles0_ 
    where
        roles0_.user_id=?
Hibernate: 
    select
        roles0_.user_id as user_id1_11_0_,
        roles0_.roles as roles2_11_0_ 
    from
        user_roles roles0_ 
    where
        roles0_.user_id=?
Hibernate: 
    select
        roles0_.user_id as user_id1_11_0_,
        roles0_.roles as roles2_11_0_ 
    from
        user_roles roles0_ 
    where
        roles0_.user_id=?
Hibernate: 
    select
        roles0_.user_id as user_id1_11_0_,
        roles0_.roles as roles2_11_0_ 
    from
        user_roles roles0_ 
    where
        roles0_.user_id=?
Hibernate: 
    insert 
    into
        meeting_pin
        (created_at, updated_at, category, content, user_id, date, latitude, longitude, max_age, min_age, set_gender, set_limit, title) 
    values
        (?, ?, ?, ?, ?, ?, ?, ?, ?, ?, ?, ?, ?)
Hibernate: 
    select
        user0_.id as id1_10_,
        user0_.created_at as created_2_10_,
        user0_.updated_at as updated_3_10_,
        user0_.age as age4_10_,
        user0_.background_image as backgrou5_10_,
        user0_.email as email6_10_,
        user0_.gender as gender7_10_,
        user0_.hobby as hobby8_10_,
        user0_.introduce as introduc9_10_,
        user0_.job as job10_10_,
        user0_.name as name11_10_,
        user0_.nick_name as nick_na12_10_,
        user0_.phone_num as phone_n13_10_,
        user0_.profile_image as profile14_10_,
        user0_.res_red_number as res_red15_10_,
        user0_.score as score16_10_ 
    from
        user user0_
Hibernate: 
    select
        roles0_.user_id as user_id1_11_0_,
        roles0_.roles as roles2_11_0_ 
    from
        user_roles roles0_ 
    where
        roles0_.user_id=?
Hibernate: 
    select
        roles0_.user_id as user_id1_11_0_,
        roles0_.roles as roles2_11_0_ 
    from
        user_roles roles0_ 
    where
        roles0_.user_id=?
Hibernate: 
    select
        roles0_.user_id as user_id1_11_0_,
        roles0_.roles as roles2_11_0_ 
    from
        user_roles roles0_ 
    where
        roles0_.user_id=?
Hibernate: 
    select
        roles0_.user_id as user_id1_11_0_,
        roles0_.roles as roles2_11_0_ 
    from
        user_roles roles0_ 
    where
        roles0_.user_id=?
Hibernate: 
    select
        roles0_.user_id as user_id1_11_0_,
        roles0_.roles as roles2_11_0_ 
    from
        user_roles roles0_ 
    where
        roles0_.user_id=?
Hibernate: 
    insert 
    into
        meeting_pin
        (created_at, updated_at, category, content, user_id, date, latitude, longitude, max_age, min_age, set_gender, set_limit, title) 
    values
        (?, ?, ?, ?, ?, ?, ?, ?, ?, ?, ?, ?, ?)
Hibernate: 
    select
        user0_.id as id1_10_,
        user0_.created_at as created_2_10_,
        user0_.updated_at as updated_3_10_,
        user0_.age as age4_10_,
        user0_.background_image as backgrou5_10_,
        user0_.email as email6_10_,
        user0_.gender as gender7_10_,
        user0_.hobby as hobby8_10_,
        user0_.introduce as introduc9_10_,
        user0_.job as job10_10_,
        user0_.name as name11_10_,
        user0_.nick_name as nick_na12_10_,
        user0_.phone_num as phone_n13_10_,
        user0_.profile_image as profile14_10_,
        user0_.res_red_number as res_red15_10_,
        user0_.score as score16_10_ 
    from
        user user0_
Hibernate: 
    select
        roles0_.user_id as user_id1_11_0_,
        roles0_.roles as roles2_11_0_ 
    from
        user_roles roles0_ 
    where
        roles0_.user_id=?
Hibernate: 
    select
        roles0_.user_id as user_id1_11_0_,
        roles0_.roles as roles2_11_0_ 
    from
        user_roles roles0_ 
    where
        roles0_.user_id=?
Hibernate: 
    select
        roles0_.user_id as user_id1_11_0_,
        roles0_.roles as roles2_11_0_ 
    from
        user_roles roles0_ 
    where
        roles0_.user_id=?
Hibernate: 
    select
        roles0_.user_id as user_id1_11_0_,
        roles0_.roles as roles2_11_0_ 
    from
        user_roles roles0_ 
    where
        roles0_.user_id=?
Hibernate: 
    select
        roles0_.user_id as user_id1_11_0_,
        roles0_.roles as roles2_11_0_ 
    from
        user_roles roles0_ 
    where
        roles0_.user_id=?
Hibernate: 
    insert 
    into
        meeting_pin
        (created_at, updated_at, category, content, user_id, date, latitude, longitude, max_age, min_age, set_gender, set_limit, title) 
    values
        (?, ?, ?, ?, ?, ?, ?, ?, ?, ?, ?, ?, ?)
Hibernate: 
    select
        user0_.id as id1_10_,
        user0_.created_at as created_2_10_,
        user0_.updated_at as updated_3_10_,
        user0_.age as age4_10_,
        user0_.background_image as backgrou5_10_,
        user0_.email as email6_10_,
        user0_.gender as gender7_10_,
        user0_.hobby as hobby8_10_,
        user0_.introduce as introduc9_10_,
        user0_.job as job10_10_,
        user0_.name as name11_10_,
        user0_.nick_name as nick_na12_10_,
        user0_.phone_num as phone_n13_10_,
        user0_.profile_image as profile14_10_,
        user0_.res_red_number as res_red15_10_,
        user0_.score as score16_10_ 
    from
        user user0_
Hibernate: 
    select
        roles0_.user_id as user_id1_11_0_,
        roles0_.roles as roles2_11_0_ 
    from
        user_roles roles0_ 
    where
        roles0_.user_id=?
Hibernate: 
    select
        roles0_.user_id as user_id1_11_0_,
        roles0_.roles as roles2_11_0_ 
    from
        user_roles roles0_ 
    where
        roles0_.user_id=?
Hibernate: 
    select
        roles0_.user_id as user_id1_11_0_,
        roles0_.roles as roles2_11_0_ 
    from
        user_roles roles0_ 
    where
        roles0_.user_id=?
Hibernate: 
    select
        roles0_.user_id as user_id1_11_0_,
        roles0_.roles as roles2_11_0_ 
    from
        user_roles roles0_ 
    where
        roles0_.user_id=?
Hibernate: 
    select
        roles0_.user_id as user_id1_11_0_,
        roles0_.roles as roles2_11_0_ 
    from
        user_roles roles0_ 
    where
        roles0_.user_id=?
Hibernate: 
    insert 
    into
        meeting_pin
        (created_at, updated_at, category, content, user_id, date, latitude, longitude, max_age, min_age, set_gender, set_limit, title) 
    values
        (?, ?, ?, ?, ?, ?, ?, ?, ?, ?, ?, ?, ?)
Hibernate: 
    select
        user0_.id as id1_10_,
        user0_.created_at as created_2_10_,
        user0_.updated_at as updated_3_10_,
        user0_.age as age4_10_,
        user0_.background_image as backgrou5_10_,
        user0_.email as email6_10_,
        user0_.gender as gender7_10_,
        user0_.hobby as hobby8_10_,
        user0_.introduce as introduc9_10_,
        user0_.job as job10_10_,
        user0_.name as name11_10_,
        user0_.nick_name as nick_na12_10_,
        user0_.phone_num as phone_n13_10_,
        user0_.profile_image as profile14_10_,
        user0_.res_red_number as res_red15_10_,
        user0_.score as score16_10_ 
    from
        user user0_
Hibernate: 
    select
        roles0_.user_id as user_id1_11_0_,
        roles0_.roles as roles2_11_0_ 
    from
        user_roles roles0_ 
    where
        roles0_.user_id=?
Hibernate: 
    select
        roles0_.user_id as user_id1_11_0_,
        roles0_.roles as roles2_11_0_ 
    from
        user_roles roles0_ 
    where
        roles0_.user_id=?
Hibernate: 
    select
        roles0_.user_id as user_id1_11_0_,
        roles0_.roles as roles2_11_0_ 
    from
        user_roles roles0_ 
    where
        roles0_.user_id=?
Hibernate: 
    select
        roles0_.user_id as user_id1_11_0_,
        roles0_.roles as roles2_11_0_ 
    from
        user_roles roles0_ 
    where
        roles0_.user_id=?
Hibernate: 
    select
        roles0_.user_id as user_id1_11_0_,
        roles0_.roles as roles2_11_0_ 
    from
        user_roles roles0_ 
    where
        roles0_.user_id=?
Hibernate: 
    insert 
    into
        meeting_pin
        (created_at, updated_at, category, content, user_id, date, latitude, longitude, max_age, min_age, set_gender, set_limit, title) 
    values
        (?, ?, ?, ?, ?, ?, ?, ?, ?, ?, ?, ?, ?)
Hibernate: 
    select
        user0_.id as id1_10_,
        user0_.created_at as created_2_10_,
        user0_.updated_at as updated_3_10_,
        user0_.age as age4_10_,
        user0_.background_image as backgrou5_10_,
        user0_.email as email6_10_,
        user0_.gender as gender7_10_,
        user0_.hobby as hobby8_10_,
        user0_.introduce as introduc9_10_,
        user0_.job as job10_10_,
        user0_.name as name11_10_,
        user0_.nick_name as nick_na12_10_,
        user0_.phone_num as phone_n13_10_,
        user0_.profile_image as profile14_10_,
        user0_.res_red_number as res_red15_10_,
        user0_.score as score16_10_ 
    from
        user user0_
Hibernate: 
    select
        roles0_.user_id as user_id1_11_0_,
        roles0_.roles as roles2_11_0_ 
    from
        user_roles roles0_ 
    where
        roles0_.user_id=?
Hibernate: 
    select
        roles0_.user_id as user_id1_11_0_,
        roles0_.roles as roles2_11_0_ 
    from
        user_roles roles0_ 
    where
        roles0_.user_id=?
Hibernate: 
    select
        roles0_.user_id as user_id1_11_0_,
        roles0_.roles as roles2_11_0_ 
    from
        user_roles roles0_ 
    where
        roles0_.user_id=?
Hibernate: 
    select
        roles0_.user_id as user_id1_11_0_,
        roles0_.roles as roles2_11_0_ 
    from
        user_roles roles0_ 
    where
        roles0_.user_id=?
Hibernate: 
    select
        roles0_.user_id as user_id1_11_0_,
        roles0_.roles as roles2_11_0_ 
    from
        user_roles roles0_ 
    where
        roles0_.user_id=?
Hibernate: 
    insert 
    into
        meeting_pin
        (created_at, updated_at, category, content, user_id, date, latitude, longitude, max_age, min_age, set_gender, set_limit, title) 
    values
        (?, ?, ?, ?, ?, ?, ?, ?, ?, ?, ?, ?, ?)
Hibernate: 
    select
        user0_.id as id1_10_,
        user0_.created_at as created_2_10_,
        user0_.updated_at as updated_3_10_,
        user0_.age as age4_10_,
        user0_.background_image as backgrou5_10_,
        user0_.email as email6_10_,
        user0_.gender as gender7_10_,
        user0_.hobby as hobby8_10_,
        user0_.introduce as introduc9_10_,
        user0_.job as job10_10_,
        user0_.name as name11_10_,
        user0_.nick_name as nick_na12_10_,
        user0_.phone_num as phone_n13_10_,
        user0_.profile_image as profile14_10_,
        user0_.res_red_number as res_red15_10_,
        user0_.score as score16_10_ 
    from
        user user0_
Hibernate: 
    select
        roles0_.user_id as user_id1_11_0_,
        roles0_.roles as roles2_11_0_ 
    from
        user_roles roles0_ 
    where
        roles0_.user_id=?
Hibernate: 
    select
        roles0_.user_id as user_id1_11_0_,
        roles0_.roles as roles2_11_0_ 
    from
        user_roles roles0_ 
    where
        roles0_.user_id=?
Hibernate: 
    select
        roles0_.user_id as user_id1_11_0_,
        roles0_.roles as roles2_11_0_ 
    from
        user_roles roles0_ 
    where
        roles0_.user_id=?
Hibernate: 
    select
        roles0_.user_id as user_id1_11_0_,
        roles0_.roles as roles2_11_0_ 
    from
        user_roles roles0_ 
    where
        roles0_.user_id=?
Hibernate: 
    select
        roles0_.user_id as user_id1_11_0_,
        roles0_.roles as roles2_11_0_ 
    from
        user_roles roles0_ 
    where
        roles0_.user_id=?
Hibernate: 
    insert 
    into
        meeting_pin
        (created_at, updated_at, category, content, user_id, date, latitude, longitude, max_age, min_age, set_gender, set_limit, title) 
    values
        (?, ?, ?, ?, ?, ?, ?, ?, ?, ?, ?, ?, ?)
Hibernate: 
    select
        user0_.id as id1_10_,
        user0_.created_at as created_2_10_,
        user0_.updated_at as updated_3_10_,
        user0_.age as age4_10_,
        user0_.background_image as backgrou5_10_,
        user0_.email as email6_10_,
        user0_.gender as gender7_10_,
        user0_.hobby as hobby8_10_,
        user0_.introduce as introduc9_10_,
        user0_.job as job10_10_,
        user0_.name as name11_10_,
        user0_.nick_name as nick_na12_10_,
        user0_.phone_num as phone_n13_10_,
        user0_.profile_image as profile14_10_,
        user0_.res_red_number as res_red15_10_,
        user0_.score as score16_10_ 
    from
        user user0_
Hibernate: 
    select
        roles0_.user_id as user_id1_11_0_,
        roles0_.roles as roles2_11_0_ 
    from
        user_roles roles0_ 
    where
        roles0_.user_id=?
Hibernate: 
    select
        roles0_.user_id as user_id1_11_0_,
        roles0_.roles as roles2_11_0_ 
    from
        user_roles roles0_ 
    where
        roles0_.user_id=?
Hibernate: 
    select
        roles0_.user_id as user_id1_11_0_,
        roles0_.roles as roles2_11_0_ 
    from
        user_roles roles0_ 
    where
        roles0_.user_id=?
Hibernate: 
    select
        roles0_.user_id as user_id1_11_0_,
        roles0_.roles as roles2_11_0_ 
    from
        user_roles roles0_ 
    where
        roles0_.user_id=?
Hibernate: 
    select
        roles0_.user_id as user_id1_11_0_,
        roles0_.roles as roles2_11_0_ 
    from
        user_roles roles0_ 
    where
        roles0_.user_id=?
Hibernate: 
    insert 
    into
        meeting_pin
        (created_at, updated_at, category, content, user_id, date, latitude, longitude, max_age, min_age, set_gender, set_limit, title) 
    values
        (?, ?, ?, ?, ?, ?, ?, ?, ?, ?, ?, ?, ?)
Hibernate: 
    select
        user0_.id as id1_10_,
        user0_.created_at as created_2_10_,
        user0_.updated_at as updated_3_10_,
        user0_.age as age4_10_,
        user0_.background_image as backgrou5_10_,
        user0_.email as email6_10_,
        user0_.gender as gender7_10_,
        user0_.hobby as hobby8_10_,
        user0_.introduce as introduc9_10_,
        user0_.job as job10_10_,
        user0_.name as name11_10_,
        user0_.nick_name as nick_na12_10_,
        user0_.phone_num as phone_n13_10_,
        user0_.profile_image as profile14_10_,
        user0_.res_red_number as res_red15_10_,
        user0_.score as score16_10_ 
    from
        user user0_
Hibernate: 
    select
        roles0_.user_id as user_id1_11_0_,
        roles0_.roles as roles2_11_0_ 
    from
        user_roles roles0_ 
    where
        roles0_.user_id=?
Hibernate: 
    select
        roles0_.user_id as user_id1_11_0_,
        roles0_.roles as roles2_11_0_ 
    from
        user_roles roles0_ 
    where
        roles0_.user_id=?
Hibernate: 
    select
        roles0_.user_id as user_id1_11_0_,
        roles0_.roles as roles2_11_0_ 
    from
        user_roles roles0_ 
    where
        roles0_.user_id=?
Hibernate: 
    select
        roles0_.user_id as user_id1_11_0_,
        roles0_.roles as roles2_11_0_ 
    from
        user_roles roles0_ 
    where
        roles0_.user_id=?
Hibernate: 
    select
        roles0_.user_id as user_id1_11_0_,
        roles0_.roles as roles2_11_0_ 
    from
        user_roles roles0_ 
    where
        roles0_.user_id=?
Hibernate: 
    insert 
    into
        meeting_pin
        (created_at, updated_at, category, content, user_id, date, latitude, longitude, max_age, min_age, set_gender, set_limit, title) 
    values
        (?, ?, ?, ?, ?, ?, ?, ?, ?, ?, ?, ?, ?)
Hibernate: 
    select
        user0_.id as id1_10_,
        user0_.created_at as created_2_10_,
        user0_.updated_at as updated_3_10_,
        user0_.age as age4_10_,
        user0_.background_image as backgrou5_10_,
        user0_.email as email6_10_,
        user0_.gender as gender7_10_,
        user0_.hobby as hobby8_10_,
        user0_.introduce as introduc9_10_,
        user0_.job as job10_10_,
        user0_.name as name11_10_,
        user0_.nick_name as nick_na12_10_,
        user0_.phone_num as phone_n13_10_,
        user0_.profile_image as profile14_10_,
        user0_.res_red_number as res_red15_10_,
        user0_.score as score16_10_ 
    from
        user user0_
Hibernate: 
    select
        roles0_.user_id as user_id1_11_0_,
        roles0_.roles as roles2_11_0_ 
    from
        user_roles roles0_ 
    where
        roles0_.user_id=?
Hibernate: 
    select
        roles0_.user_id as user_id1_11_0_,
        roles0_.roles as roles2_11_0_ 
    from
        user_roles roles0_ 
    where
        roles0_.user_id=?
Hibernate: 
    select
        roles0_.user_id as user_id1_11_0_,
        roles0_.roles as roles2_11_0_ 
    from
        user_roles roles0_ 
    where
        roles0_.user_id=?
Hibernate: 
    select
        roles0_.user_id as user_id1_11_0_,
        roles0_.roles as roles2_11_0_ 
    from
        user_roles roles0_ 
    where
        roles0_.user_id=?
Hibernate: 
    select
        roles0_.user_id as user_id1_11_0_,
        roles0_.roles as roles2_11_0_ 
    from
        user_roles roles0_ 
    where
        roles0_.user_id=?
Hibernate: 
    insert 
    into
        meeting_pin
        (created_at, updated_at, category, content, user_id, date, latitude, longitude, max_age, min_age, set_gender, set_limit, title) 
    values
        (?, ?, ?, ?, ?, ?, ?, ?, ?, ?, ?, ?, ?)
Hibernate: 
    select
        user0_.id as id1_10_,
        user0_.created_at as created_2_10_,
        user0_.updated_at as updated_3_10_,
        user0_.age as age4_10_,
        user0_.background_image as backgrou5_10_,
        user0_.email as email6_10_,
        user0_.gender as gender7_10_,
        user0_.hobby as hobby8_10_,
        user0_.introduce as introduc9_10_,
        user0_.job as job10_10_,
        user0_.name as name11_10_,
        user0_.nick_name as nick_na12_10_,
        user0_.phone_num as phone_n13_10_,
        user0_.profile_image as profile14_10_,
        user0_.res_red_number as res_red15_10_,
        user0_.score as score16_10_ 
    from
        user user0_
Hibernate: 
    select
        roles0_.user_id as user_id1_11_0_,
        roles0_.roles as roles2_11_0_ 
    from
        user_roles roles0_ 
    where
        roles0_.user_id=?
Hibernate: 
    select
        roles0_.user_id as user_id1_11_0_,
        roles0_.roles as roles2_11_0_ 
    from
        user_roles roles0_ 
    where
        roles0_.user_id=?
Hibernate: 
    select
        roles0_.user_id as user_id1_11_0_,
        roles0_.roles as roles2_11_0_ 
    from
        user_roles roles0_ 
    where
        roles0_.user_id=?
Hibernate: 
    select
        roles0_.user_id as user_id1_11_0_,
        roles0_.roles as roles2_11_0_ 
    from
        user_roles roles0_ 
    where
        roles0_.user_id=?
Hibernate: 
    select
        roles0_.user_id as user_id1_11_0_,
        roles0_.roles as roles2_11_0_ 
    from
        user_roles roles0_ 
    where
        roles0_.user_id=?
Hibernate: 
    insert 
    into
        meeting_pin
        (created_at, updated_at, category, content, user_id, date, latitude, longitude, max_age, min_age, set_gender, set_limit, title) 
    values
        (?, ?, ?, ?, ?, ?, ?, ?, ?, ?, ?, ?, ?)
Hibernate: 
    select
        user0_.id as id1_10_,
        user0_.created_at as created_2_10_,
        user0_.updated_at as updated_3_10_,
        user0_.age as age4_10_,
        user0_.background_image as backgrou5_10_,
        user0_.email as email6_10_,
        user0_.gender as gender7_10_,
        user0_.hobby as hobby8_10_,
        user0_.introduce as introduc9_10_,
        user0_.job as job10_10_,
        user0_.name as name11_10_,
        user0_.nick_name as nick_na12_10_,
        user0_.phone_num as phone_n13_10_,
        user0_.profile_image as profile14_10_,
        user0_.res_red_number as res_red15_10_,
        user0_.score as score16_10_ 
    from
        user user0_
Hibernate: 
    select
        roles0_.user_id as user_id1_11_0_,
        roles0_.roles as roles2_11_0_ 
    from
        user_roles roles0_ 
    where
        roles0_.user_id=?
Hibernate: 
    select
        roles0_.user_id as user_id1_11_0_,
        roles0_.roles as roles2_11_0_ 
    from
        user_roles roles0_ 
    where
        roles0_.user_id=?
Hibernate: 
    select
        roles0_.user_id as user_id1_11_0_,
        roles0_.roles as roles2_11_0_ 
    from
        user_roles roles0_ 
    where
        roles0_.user_id=?
Hibernate: 
    select
        roles0_.user_id as user_id1_11_0_,
        roles0_.roles as roles2_11_0_ 
    from
        user_roles roles0_ 
    where
        roles0_.user_id=?
Hibernate: 
    select
        roles0_.user_id as user_id1_11_0_,
        roles0_.roles as roles2_11_0_ 
    from
        user_roles roles0_ 
    where
        roles0_.user_id=?
Hibernate: 
    insert 
    into
        meeting_pin
        (created_at, updated_at, category, content, user_id, date, latitude, longitude, max_age, min_age, set_gender, set_limit, title) 
    values
        (?, ?, ?, ?, ?, ?, ?, ?, ?, ?, ?, ?, ?)
Hibernate: 
    select
        user0_.id as id1_10_,
        user0_.created_at as created_2_10_,
        user0_.updated_at as updated_3_10_,
        user0_.age as age4_10_,
        user0_.background_image as backgrou5_10_,
        user0_.email as email6_10_,
        user0_.gender as gender7_10_,
        user0_.hobby as hobby8_10_,
        user0_.introduce as introduc9_10_,
        user0_.job as job10_10_,
        user0_.name as name11_10_,
        user0_.nick_name as nick_na12_10_,
        user0_.phone_num as phone_n13_10_,
        user0_.profile_image as profile14_10_,
        user0_.res_red_number as res_red15_10_,
        user0_.score as score16_10_ 
    from
        user user0_
Hibernate: 
    select
        roles0_.user_id as user_id1_11_0_,
        roles0_.roles as roles2_11_0_ 
    from
        user_roles roles0_ 
    where
        roles0_.user_id=?
Hibernate: 
    select
        roles0_.user_id as user_id1_11_0_,
        roles0_.roles as roles2_11_0_ 
    from
        user_roles roles0_ 
    where
        roles0_.user_id=?
Hibernate: 
    select
        roles0_.user_id as user_id1_11_0_,
        roles0_.roles as roles2_11_0_ 
    from
        user_roles roles0_ 
    where
        roles0_.user_id=?
Hibernate: 
    select
        roles0_.user_id as user_id1_11_0_,
        roles0_.roles as roles2_11_0_ 
    from
        user_roles roles0_ 
    where
        roles0_.user_id=?
Hibernate: 
    select
        roles0_.user_id as user_id1_11_0_,
        roles0_.roles as roles2_11_0_ 
    from
        user_roles roles0_ 
    where
        roles0_.user_id=?
Hibernate: 
    insert 
    into
        meeting_pin
        (created_at, updated_at, category, content, user_id, date, latitude, longitude, max_age, min_age, set_gender, set_limit, title) 
    values
        (?, ?, ?, ?, ?, ?, ?, ?, ?, ?, ?, ?, ?)
Hibernate: 
    select
        user0_.id as id1_10_,
        user0_.created_at as created_2_10_,
        user0_.updated_at as updated_3_10_,
        user0_.age as age4_10_,
        user0_.background_image as backgrou5_10_,
        user0_.email as email6_10_,
        user0_.gender as gender7_10_,
        user0_.hobby as hobby8_10_,
        user0_.introduce as introduc9_10_,
        user0_.job as job10_10_,
        user0_.name as name11_10_,
        user0_.nick_name as nick_na12_10_,
        user0_.phone_num as phone_n13_10_,
        user0_.profile_image as profile14_10_,
        user0_.res_red_number as res_red15_10_,
        user0_.score as score16_10_ 
    from
        user user0_
Hibernate: 
    select
        roles0_.user_id as user_id1_11_0_,
        roles0_.roles as roles2_11_0_ 
    from
        user_roles roles0_ 
    where
        roles0_.user_id=?
Hibernate: 
    select
        roles0_.user_id as user_id1_11_0_,
        roles0_.roles as roles2_11_0_ 
    from
        user_roles roles0_ 
    where
        roles0_.user_id=?
Hibernate: 
    select
        roles0_.user_id as user_id1_11_0_,
        roles0_.roles as roles2_11_0_ 
    from
        user_roles roles0_ 
    where
        roles0_.user_id=?
Hibernate: 
    select
        roles0_.user_id as user_id1_11_0_,
        roles0_.roles as roles2_11_0_ 
    from
        user_roles roles0_ 
    where
        roles0_.user_id=?
Hibernate: 
    select
        roles0_.user_id as user_id1_11_0_,
        roles0_.roles as roles2_11_0_ 
    from
        user_roles roles0_ 
    where
        roles0_.user_id=?
Hibernate: 
    insert 
    into
        meeting_pin
        (created_at, updated_at, category, content, user_id, date, latitude, longitude, max_age, min_age, set_gender, set_limit, title) 
    values
        (?, ?, ?, ?, ?, ?, ?, ?, ?, ?, ?, ?, ?)
Hibernate: 
    select
        user0_.id as id1_10_,
        user0_.created_at as created_2_10_,
        user0_.updated_at as updated_3_10_,
        user0_.age as age4_10_,
        user0_.background_image as backgrou5_10_,
        user0_.email as email6_10_,
        user0_.gender as gender7_10_,
        user0_.hobby as hobby8_10_,
        user0_.introduce as introduc9_10_,
        user0_.job as job10_10_,
        user0_.name as name11_10_,
        user0_.nick_name as nick_na12_10_,
        user0_.phone_num as phone_n13_10_,
        user0_.profile_image as profile14_10_,
        user0_.res_red_number as res_red15_10_,
        user0_.score as score16_10_ 
    from
        user user0_
Hibernate: 
    select
        roles0_.user_id as user_id1_11_0_,
        roles0_.roles as roles2_11_0_ 
    from
        user_roles roles0_ 
    where
        roles0_.user_id=?
Hibernate: 
    select
        roles0_.user_id as user_id1_11_0_,
        roles0_.roles as roles2_11_0_ 
    from
        user_roles roles0_ 
    where
        roles0_.user_id=?
Hibernate: 
    select
        roles0_.user_id as user_id1_11_0_,
        roles0_.roles as roles2_11_0_ 
    from
        user_roles roles0_ 
    where
        roles0_.user_id=?
Hibernate: 
    select
        roles0_.user_id as user_id1_11_0_,
        roles0_.roles as roles2_11_0_ 
    from
        user_roles roles0_ 
    where
        roles0_.user_id=?
Hibernate: 
    select
        roles0_.user_id as user_id1_11_0_,
        roles0_.roles as roles2_11_0_ 
    from
        user_roles roles0_ 
    where
        roles0_.user_id=?
Hibernate: 
    insert 
    into
        meeting_pin
        (created_at, updated_at, category, content, user_id, date, latitude, longitude, max_age, min_age, set_gender, set_limit, title) 
    values
        (?, ?, ?, ?, ?, ?, ?, ?, ?, ?, ?, ?, ?)
Hibernate: 
    select
        user0_.id as id1_10_,
        user0_.created_at as created_2_10_,
        user0_.updated_at as updated_3_10_,
        user0_.age as age4_10_,
        user0_.background_image as backgrou5_10_,
        user0_.email as email6_10_,
        user0_.gender as gender7_10_,
        user0_.hobby as hobby8_10_,
        user0_.introduce as introduc9_10_,
        user0_.job as job10_10_,
        user0_.name as name11_10_,
        user0_.nick_name as nick_na12_10_,
        user0_.phone_num as phone_n13_10_,
        user0_.profile_image as profile14_10_,
        user0_.res_red_number as res_red15_10_,
        user0_.score as score16_10_ 
    from
        user user0_
Hibernate: 
    select
        roles0_.user_id as user_id1_11_0_,
        roles0_.roles as roles2_11_0_ 
    from
        user_roles roles0_ 
    where
        roles0_.user_id=?
Hibernate: 
    select
        roles0_.user_id as user_id1_11_0_,
        roles0_.roles as roles2_11_0_ 
    from
        user_roles roles0_ 
    where
        roles0_.user_id=?
Hibernate: 
    select
        roles0_.user_id as user_id1_11_0_,
        roles0_.roles as roles2_11_0_ 
    from
        user_roles roles0_ 
    where
        roles0_.user_id=?
Hibernate: 
    select
        roles0_.user_id as user_id1_11_0_,
        roles0_.roles as roles2_11_0_ 
    from
        user_roles roles0_ 
    where
        roles0_.user_id=?
Hibernate: 
    select
        roles0_.user_id as user_id1_11_0_,
        roles0_.roles as roles2_11_0_ 
    from
        user_roles roles0_ 
    where
        roles0_.user_id=?
Hibernate: 
    insert 
    into
        meeting_pin
        (created_at, updated_at, category, content, user_id, date, latitude, longitude, max_age, min_age, set_gender, set_limit, title) 
    values
        (?, ?, ?, ?, ?, ?, ?, ?, ?, ?, ?, ?, ?)
Hibernate: 
    select
        user0_.id as id1_10_,
        user0_.created_at as created_2_10_,
        user0_.updated_at as updated_3_10_,
        user0_.age as age4_10_,
        user0_.background_image as backgrou5_10_,
        user0_.email as email6_10_,
        user0_.gender as gender7_10_,
        user0_.hobby as hobby8_10_,
        user0_.introduce as introduc9_10_,
        user0_.job as job10_10_,
        user0_.name as name11_10_,
        user0_.nick_name as nick_na12_10_,
        user0_.phone_num as phone_n13_10_,
        user0_.profile_image as profile14_10_,
        user0_.res_red_number as res_red15_10_,
        user0_.score as score16_10_ 
    from
        user user0_
Hibernate: 
    select
        roles0_.user_id as user_id1_11_0_,
        roles0_.roles as roles2_11_0_ 
    from
        user_roles roles0_ 
    where
        roles0_.user_id=?
Hibernate: 
    select
        roles0_.user_id as user_id1_11_0_,
        roles0_.roles as roles2_11_0_ 
    from
        user_roles roles0_ 
    where
        roles0_.user_id=?
Hibernate: 
    select
        roles0_.user_id as user_id1_11_0_,
        roles0_.roles as roles2_11_0_ 
    from
        user_roles roles0_ 
    where
        roles0_.user_id=?
Hibernate: 
    select
        roles0_.user_id as user_id1_11_0_,
        roles0_.roles as roles2_11_0_ 
    from
        user_roles roles0_ 
    where
        roles0_.user_id=?
Hibernate: 
    select
        roles0_.user_id as user_id1_11_0_,
        roles0_.roles as roles2_11_0_ 
    from
        user_roles roles0_ 
    where
        roles0_.user_id=?
Hibernate: 
    insert 
    into
        meeting_pin
        (created_at, updated_at, category, content, user_id, date, latitude, longitude, max_age, min_age, set_gender, set_limit, title) 
    values
        (?, ?, ?, ?, ?, ?, ?, ?, ?, ?, ?, ?, ?)
Hibernate: 
    select
        user0_.id as id1_10_,
        user0_.created_at as created_2_10_,
        user0_.updated_at as updated_3_10_,
        user0_.age as age4_10_,
        user0_.background_image as backgrou5_10_,
        user0_.email as email6_10_,
        user0_.gender as gender7_10_,
        user0_.hobby as hobby8_10_,
        user0_.introduce as introduc9_10_,
        user0_.job as job10_10_,
        user0_.name as name11_10_,
        user0_.nick_name as nick_na12_10_,
        user0_.phone_num as phone_n13_10_,
        user0_.profile_image as profile14_10_,
        user0_.res_red_number as res_red15_10_,
        user0_.score as score16_10_ 
    from
        user user0_
Hibernate: 
    select
        roles0_.user_id as user_id1_11_0_,
        roles0_.roles as roles2_11_0_ 
    from
        user_roles roles0_ 
    where
        roles0_.user_id=?
Hibernate: 
    select
        roles0_.user_id as user_id1_11_0_,
        roles0_.roles as roles2_11_0_ 
    from
        user_roles roles0_ 
    where
        roles0_.user_id=?
Hibernate: 
    select
        roles0_.user_id as user_id1_11_0_,
        roles0_.roles as roles2_11_0_ 
    from
        user_roles roles0_ 
    where
        roles0_.user_id=?
Hibernate: 
    select
        roles0_.user_id as user_id1_11_0_,
        roles0_.roles as roles2_11_0_ 
    from
        user_roles roles0_ 
    where
        roles0_.user_id=?
Hibernate: 
    select
        roles0_.user_id as user_id1_11_0_,
        roles0_.roles as roles2_11_0_ 
    from
        user_roles roles0_ 
    where
        roles0_.user_id=?
Hibernate: 
    insert 
    into
        meeting_pin
        (created_at, updated_at, category, content, user_id, date, latitude, longitude, max_age, min_age, set_gender, set_limit, title) 
    values
        (?, ?, ?, ?, ?, ?, ?, ?, ?, ?, ?, ?, ?)
Hibernate: 
    select
        user0_.id as id1_10_,
        user0_.created_at as created_2_10_,
        user0_.updated_at as updated_3_10_,
        user0_.age as age4_10_,
        user0_.background_image as backgrou5_10_,
        user0_.email as email6_10_,
        user0_.gender as gender7_10_,
        user0_.hobby as hobby8_10_,
        user0_.introduce as introduc9_10_,
        user0_.job as job10_10_,
        user0_.name as name11_10_,
        user0_.nick_name as nick_na12_10_,
        user0_.phone_num as phone_n13_10_,
        user0_.profile_image as profile14_10_,
        user0_.res_red_number as res_red15_10_,
        user0_.score as score16_10_ 
    from
        user user0_
Hibernate: 
    select
        roles0_.user_id as user_id1_11_0_,
        roles0_.roles as roles2_11_0_ 
    from
        user_roles roles0_ 
    where
        roles0_.user_id=?
Hibernate: 
    select
        roles0_.user_id as user_id1_11_0_,
        roles0_.roles as roles2_11_0_ 
    from
        user_roles roles0_ 
    where
        roles0_.user_id=?
Hibernate: 
    select
        roles0_.user_id as user_id1_11_0_,
        roles0_.roles as roles2_11_0_ 
    from
        user_roles roles0_ 
    where
        roles0_.user_id=?
Hibernate: 
    select
        roles0_.user_id as user_id1_11_0_,
        roles0_.roles as roles2_11_0_ 
    from
        user_roles roles0_ 
    where
        roles0_.user_id=?
Hibernate: 
    select
        roles0_.user_id as user_id1_11_0_,
        roles0_.roles as roles2_11_0_ 
    from
        user_roles roles0_ 
    where
        roles0_.user_id=?
Hibernate: 
    insert 
    into
        meeting_pin
        (created_at, updated_at, category, content, user_id, date, latitude, longitude, max_age, min_age, set_gender, set_limit, title) 
    values
        (?, ?, ?, ?, ?, ?, ?, ?, ?, ?, ?, ?, ?)
Hibernate: 
    select
        user0_.id as id1_10_,
        user0_.created_at as created_2_10_,
        user0_.updated_at as updated_3_10_,
        user0_.age as age4_10_,
        user0_.background_image as backgrou5_10_,
        user0_.email as email6_10_,
        user0_.gender as gender7_10_,
        user0_.hobby as hobby8_10_,
        user0_.introduce as introduc9_10_,
        user0_.job as job10_10_,
        user0_.name as name11_10_,
        user0_.nick_name as nick_na12_10_,
        user0_.phone_num as phone_n13_10_,
        user0_.profile_image as profile14_10_,
        user0_.res_red_number as res_red15_10_,
        user0_.score as score16_10_ 
    from
        user user0_
Hibernate: 
    select
        roles0_.user_id as user_id1_11_0_,
        roles0_.roles as roles2_11_0_ 
    from
        user_roles roles0_ 
    where
        roles0_.user_id=?
Hibernate: 
    select
        roles0_.user_id as user_id1_11_0_,
        roles0_.roles as roles2_11_0_ 
    from
        user_roles roles0_ 
    where
        roles0_.user_id=?
Hibernate: 
    select
        roles0_.user_id as user_id1_11_0_,
        roles0_.roles as roles2_11_0_ 
    from
        user_roles roles0_ 
    where
        roles0_.user_id=?
Hibernate: 
    select
        roles0_.user_id as user_id1_11_0_,
        roles0_.roles as roles2_11_0_ 
    from
        user_roles roles0_ 
    where
        roles0_.user_id=?
Hibernate: 
    select
        roles0_.user_id as user_id1_11_0_,
        roles0_.roles as roles2_11_0_ 
    from
        user_roles roles0_ 
    where
        roles0_.user_id=?
Hibernate: 
    insert 
    into
        meeting_pin
        (created_at, updated_at, category, content, user_id, date, latitude, longitude, max_age, min_age, set_gender, set_limit, title) 
    values
        (?, ?, ?, ?, ?, ?, ?, ?, ?, ?, ?, ?, ?)
Hibernate: 
    select
        user0_.id as id1_10_,
        user0_.created_at as created_2_10_,
        user0_.updated_at as updated_3_10_,
        user0_.age as age4_10_,
        user0_.background_image as backgrou5_10_,
        user0_.email as email6_10_,
        user0_.gender as gender7_10_,
        user0_.hobby as hobby8_10_,
        user0_.introduce as introduc9_10_,
        user0_.job as job10_10_,
        user0_.name as name11_10_,
        user0_.nick_name as nick_na12_10_,
        user0_.phone_num as phone_n13_10_,
        user0_.profile_image as profile14_10_,
        user0_.res_red_number as res_red15_10_,
        user0_.score as score16_10_ 
    from
        user user0_
Hibernate: 
    select
        roles0_.user_id as user_id1_11_0_,
        roles0_.roles as roles2_11_0_ 
    from
        user_roles roles0_ 
    where
        roles0_.user_id=?
Hibernate: 
    select
        roles0_.user_id as user_id1_11_0_,
        roles0_.roles as roles2_11_0_ 
    from
        user_roles roles0_ 
    where
        roles0_.user_id=?
Hibernate: 
    select
        roles0_.user_id as user_id1_11_0_,
        roles0_.roles as roles2_11_0_ 
    from
        user_roles roles0_ 
    where
        roles0_.user_id=?
Hibernate: 
    select
        roles0_.user_id as user_id1_11_0_,
        roles0_.roles as roles2_11_0_ 
    from
        user_roles roles0_ 
    where
        roles0_.user_id=?
Hibernate: 
    select
        roles0_.user_id as user_id1_11_0_,
        roles0_.roles as roles2_11_0_ 
    from
        user_roles roles0_ 
    where
        roles0_.user_id=?
Hibernate: 
    insert 
    into
        meeting_pin
        (created_at, updated_at, category, content, user_id, date, latitude, longitude, max_age, min_age, set_gender, set_limit, title) 
    values
        (?, ?, ?, ?, ?, ?, ?, ?, ?, ?, ?, ?, ?)
Hibernate: 
    select
        user0_.id as id1_10_,
        user0_.created_at as created_2_10_,
        user0_.updated_at as updated_3_10_,
        user0_.age as age4_10_,
        user0_.background_image as backgrou5_10_,
        user0_.email as email6_10_,
        user0_.gender as gender7_10_,
        user0_.hobby as hobby8_10_,
        user0_.introduce as introduc9_10_,
        user0_.job as job10_10_,
        user0_.name as name11_10_,
        user0_.nick_name as nick_na12_10_,
        user0_.phone_num as phone_n13_10_,
        user0_.profile_image as profile14_10_,
        user0_.res_red_number as res_red15_10_,
        user0_.score as score16_10_ 
    from
        user user0_
Hibernate: 
    select
        roles0_.user_id as user_id1_11_0_,
        roles0_.roles as roles2_11_0_ 
    from
        user_roles roles0_ 
    where
        roles0_.user_id=?
Hibernate: 
    select
        roles0_.user_id as user_id1_11_0_,
        roles0_.roles as roles2_11_0_ 
    from
        user_roles roles0_ 
    where
        roles0_.user_id=?
Hibernate: 
    select
        roles0_.user_id as user_id1_11_0_,
        roles0_.roles as roles2_11_0_ 
    from
        user_roles roles0_ 
    where
        roles0_.user_id=?
Hibernate: 
    select
        roles0_.user_id as user_id1_11_0_,
        roles0_.roles as roles2_11_0_ 
    from
        user_roles roles0_ 
    where
        roles0_.user_id=?
Hibernate: 
    select
        roles0_.user_id as user_id1_11_0_,
        roles0_.roles as roles2_11_0_ 
    from
        user_roles roles0_ 
    where
        roles0_.user_id=?
Hibernate: 
    insert 
    into
        meeting_pin
        (created_at, updated_at, category, content, user_id, date, latitude, longitude, max_age, min_age, set_gender, set_limit, title) 
    values
        (?, ?, ?, ?, ?, ?, ?, ?, ?, ?, ?, ?, ?)
Hibernate: 
    select
        user0_.id as id1_10_,
        user0_.created_at as created_2_10_,
        user0_.updated_at as updated_3_10_,
        user0_.age as age4_10_,
        user0_.background_image as backgrou5_10_,
        user0_.email as email6_10_,
        user0_.gender as gender7_10_,
        user0_.hobby as hobby8_10_,
        user0_.introduce as introduc9_10_,
        user0_.job as job10_10_,
        user0_.name as name11_10_,
        user0_.nick_name as nick_na12_10_,
        user0_.phone_num as phone_n13_10_,
        user0_.profile_image as profile14_10_,
        user0_.res_red_number as res_red15_10_,
        user0_.score as score16_10_ 
    from
        user user0_
Hibernate: 
    select
        roles0_.user_id as user_id1_11_0_,
        roles0_.roles as roles2_11_0_ 
    from
        user_roles roles0_ 
    where
        roles0_.user_id=?
Hibernate: 
    select
        roles0_.user_id as user_id1_11_0_,
        roles0_.roles as roles2_11_0_ 
    from
        user_roles roles0_ 
    where
        roles0_.user_id=?
Hibernate: 
    select
        roles0_.user_id as user_id1_11_0_,
        roles0_.roles as roles2_11_0_ 
    from
        user_roles roles0_ 
    where
        roles0_.user_id=?
Hibernate: 
    select
        roles0_.user_id as user_id1_11_0_,
        roles0_.roles as roles2_11_0_ 
    from
        user_roles roles0_ 
    where
        roles0_.user_id=?
Hibernate: 
    select
        roles0_.user_id as user_id1_11_0_,
        roles0_.roles as roles2_11_0_ 
    from
        user_roles roles0_ 
    where
        roles0_.user_id=?
Hibernate: 
    insert 
    into
        meeting_pin
        (created_at, updated_at, category, content, user_id, date, latitude, longitude, max_age, min_age, set_gender, set_limit, title) 
    values
        (?, ?, ?, ?, ?, ?, ?, ?, ?, ?, ?, ?, ?)
Hibernate: 
    select
        user0_.id as id1_10_,
        user0_.created_at as created_2_10_,
        user0_.updated_at as updated_3_10_,
        user0_.age as age4_10_,
        user0_.background_image as backgrou5_10_,
        user0_.email as email6_10_,
        user0_.gender as gender7_10_,
        user0_.hobby as hobby8_10_,
        user0_.introduce as introduc9_10_,
        user0_.job as job10_10_,
        user0_.name as name11_10_,
        user0_.nick_name as nick_na12_10_,
        user0_.phone_num as phone_n13_10_,
        user0_.profile_image as profile14_10_,
        user0_.res_red_number as res_red15_10_,
        user0_.score as score16_10_ 
    from
        user user0_
Hibernate: 
    select
        roles0_.user_id as user_id1_11_0_,
        roles0_.roles as roles2_11_0_ 
    from
        user_roles roles0_ 
    where
        roles0_.user_id=?
Hibernate: 
    select
        roles0_.user_id as user_id1_11_0_,
        roles0_.roles as roles2_11_0_ 
    from
        user_roles roles0_ 
    where
        roles0_.user_id=?
Hibernate: 
    select
        roles0_.user_id as user_id1_11_0_,
        roles0_.roles as roles2_11_0_ 
    from
        user_roles roles0_ 
    where
        roles0_.user_id=?
Hibernate: 
    select
        roles0_.user_id as user_id1_11_0_,
        roles0_.roles as roles2_11_0_ 
    from
        user_roles roles0_ 
    where
        roles0_.user_id=?
Hibernate: 
    select
        roles0_.user_id as user_id1_11_0_,
        roles0_.roles as roles2_11_0_ 
    from
        user_roles roles0_ 
    where
        roles0_.user_id=?
Hibernate: 
    insert 
    into
        meeting_pin
        (created_at, updated_at, category, content, user_id, date, latitude, longitude, max_age, min_age, set_gender, set_limit, title) 
    values
        (?, ?, ?, ?, ?, ?, ?, ?, ?, ?, ?, ?, ?)
Hibernate: 
    select
        user0_.id as id1_10_,
        user0_.created_at as created_2_10_,
        user0_.updated_at as updated_3_10_,
        user0_.age as age4_10_,
        user0_.background_image as backgrou5_10_,
        user0_.email as email6_10_,
        user0_.gender as gender7_10_,
        user0_.hobby as hobby8_10_,
        user0_.introduce as introduc9_10_,
        user0_.job as job10_10_,
        user0_.name as name11_10_,
        user0_.nick_name as nick_na12_10_,
        user0_.phone_num as phone_n13_10_,
        user0_.profile_image as profile14_10_,
        user0_.res_red_number as res_red15_10_,
        user0_.score as score16_10_ 
    from
        user user0_
Hibernate: 
    select
        roles0_.user_id as user_id1_11_0_,
        roles0_.roles as roles2_11_0_ 
    from
        user_roles roles0_ 
    where
        roles0_.user_id=?
Hibernate: 
    select
        roles0_.user_id as user_id1_11_0_,
        roles0_.roles as roles2_11_0_ 
    from
        user_roles roles0_ 
    where
        roles0_.user_id=?
Hibernate: 
    select
        roles0_.user_id as user_id1_11_0_,
        roles0_.roles as roles2_11_0_ 
    from
        user_roles roles0_ 
    where
        roles0_.user_id=?
Hibernate: 
    select
        roles0_.user_id as user_id1_11_0_,
        roles0_.roles as roles2_11_0_ 
    from
        user_roles roles0_ 
    where
        roles0_.user_id=?
Hibernate: 
    select
        roles0_.user_id as user_id1_11_0_,
        roles0_.roles as roles2_11_0_ 
    from
        user_roles roles0_ 
    where
        roles0_.user_id=?
Hibernate: 
    insert 
    into
        meeting_pin
        (created_at, updated_at, category, content, user_id, date, latitude, longitude, max_age, min_age, set_gender, set_limit, title) 
    values
        (?, ?, ?, ?, ?, ?, ?, ?, ?, ?, ?, ?, ?)
Hibernate: 
    select
        user0_.id as id1_10_,
        user0_.created_at as created_2_10_,
        user0_.updated_at as updated_3_10_,
        user0_.age as age4_10_,
        user0_.background_image as backgrou5_10_,
        user0_.email as email6_10_,
        user0_.gender as gender7_10_,
        user0_.hobby as hobby8_10_,
        user0_.introduce as introduc9_10_,
        user0_.job as job10_10_,
        user0_.name as name11_10_,
        user0_.nick_name as nick_na12_10_,
        user0_.phone_num as phone_n13_10_,
        user0_.profile_image as profile14_10_,
        user0_.res_red_number as res_red15_10_,
        user0_.score as score16_10_ 
    from
        user user0_
Hibernate: 
    select
        roles0_.user_id as user_id1_11_0_,
        roles0_.roles as roles2_11_0_ 
    from
        user_roles roles0_ 
    where
        roles0_.user_id=?
Hibernate: 
    select
        roles0_.user_id as user_id1_11_0_,
        roles0_.roles as roles2_11_0_ 
    from
        user_roles roles0_ 
    where
        roles0_.user_id=?
Hibernate: 
    select
        roles0_.user_id as user_id1_11_0_,
        roles0_.roles as roles2_11_0_ 
    from
        user_roles roles0_ 
    where
        roles0_.user_id=?
Hibernate: 
    select
        roles0_.user_id as user_id1_11_0_,
        roles0_.roles as roles2_11_0_ 
    from
        user_roles roles0_ 
    where
        roles0_.user_id=?
Hibernate: 
    select
        roles0_.user_id as user_id1_11_0_,
        roles0_.roles as roles2_11_0_ 
    from
        user_roles roles0_ 
    where
        roles0_.user_id=?
Hibernate: 
    insert 
    into
        meeting_pin
        (created_at, updated_at, category, content, user_id, date, latitude, longitude, max_age, min_age, set_gender, set_limit, title) 
    values
        (?, ?, ?, ?, ?, ?, ?, ?, ?, ?, ?, ?, ?)
Hibernate: 
    select
        user0_.id as id1_10_,
        user0_.created_at as created_2_10_,
        user0_.updated_at as updated_3_10_,
        user0_.age as age4_10_,
        user0_.background_image as backgrou5_10_,
        user0_.email as email6_10_,
        user0_.gender as gender7_10_,
        user0_.hobby as hobby8_10_,
        user0_.introduce as introduc9_10_,
        user0_.job as job10_10_,
        user0_.name as name11_10_,
        user0_.nick_name as nick_na12_10_,
        user0_.phone_num as phone_n13_10_,
        user0_.profile_image as profile14_10_,
        user0_.res_red_number as res_red15_10_,
        user0_.score as score16_10_ 
    from
        user user0_
Hibernate: 
    select
        roles0_.user_id as user_id1_11_0_,
        roles0_.roles as roles2_11_0_ 
    from
        user_roles roles0_ 
    where
        roles0_.user_id=?
Hibernate: 
    select
        roles0_.user_id as user_id1_11_0_,
        roles0_.roles as roles2_11_0_ 
    from
        user_roles roles0_ 
    where
        roles0_.user_id=?
Hibernate: 
    select
        roles0_.user_id as user_id1_11_0_,
        roles0_.roles as roles2_11_0_ 
    from
        user_roles roles0_ 
    where
        roles0_.user_id=?
Hibernate: 
    select
        roles0_.user_id as user_id1_11_0_,
        roles0_.roles as roles2_11_0_ 
    from
        user_roles roles0_ 
    where
        roles0_.user_id=?
Hibernate: 
    select
        roles0_.user_id as user_id1_11_0_,
        roles0_.roles as roles2_11_0_ 
    from
        user_roles roles0_ 
    where
        roles0_.user_id=?
Hibernate: 
    insert 
    into
        meeting_pin
        (created_at, updated_at, category, content, user_id, date, latitude, longitude, max_age, min_age, set_gender, set_limit, title) 
    values
        (?, ?, ?, ?, ?, ?, ?, ?, ?, ?, ?, ?, ?)
Hibernate: 
    select
        user0_.id as id1_10_,
        user0_.created_at as created_2_10_,
        user0_.updated_at as updated_3_10_,
        user0_.age as age4_10_,
        user0_.background_image as backgrou5_10_,
        user0_.email as email6_10_,
        user0_.gender as gender7_10_,
        user0_.hobby as hobby8_10_,
        user0_.introduce as introduc9_10_,
        user0_.job as job10_10_,
        user0_.name as name11_10_,
        user0_.nick_name as nick_na12_10_,
        user0_.phone_num as phone_n13_10_,
        user0_.profile_image as profile14_10_,
        user0_.res_red_number as res_red15_10_,
        user0_.score as score16_10_ 
    from
        user user0_
Hibernate: 
    select
        roles0_.user_id as user_id1_11_0_,
        roles0_.roles as roles2_11_0_ 
    from
        user_roles roles0_ 
    where
        roles0_.user_id=?
Hibernate: 
    select
        roles0_.user_id as user_id1_11_0_,
        roles0_.roles as roles2_11_0_ 
    from
        user_roles roles0_ 
    where
        roles0_.user_id=?
Hibernate: 
    select
        roles0_.user_id as user_id1_11_0_,
        roles0_.roles as roles2_11_0_ 
    from
        user_roles roles0_ 
    where
        roles0_.user_id=?
Hibernate: 
    select
        roles0_.user_id as user_id1_11_0_,
        roles0_.roles as roles2_11_0_ 
    from
        user_roles roles0_ 
    where
        roles0_.user_id=?
Hibernate: 
    select
        roles0_.user_id as user_id1_11_0_,
        roles0_.roles as roles2_11_0_ 
    from
        user_roles roles0_ 
    where
        roles0_.user_id=?
Hibernate: 
    insert 
    into
        meeting_pin
        (created_at, updated_at, category, content, user_id, date, latitude, longitude, max_age, min_age, set_gender, set_limit, title) 
    values
        (?, ?, ?, ?, ?, ?, ?, ?, ?, ?, ?, ?, ?)
Hibernate: 
    select
        user0_.id as id1_10_,
        user0_.created_at as created_2_10_,
        user0_.updated_at as updated_3_10_,
        user0_.age as age4_10_,
        user0_.background_image as backgrou5_10_,
        user0_.email as email6_10_,
        user0_.gender as gender7_10_,
        user0_.hobby as hobby8_10_,
        user0_.introduce as introduc9_10_,
        user0_.job as job10_10_,
        user0_.name as name11_10_,
        user0_.nick_name as nick_na12_10_,
        user0_.phone_num as phone_n13_10_,
        user0_.profile_image as profile14_10_,
        user0_.res_red_number as res_red15_10_,
        user0_.score as score16_10_ 
    from
        user user0_
Hibernate: 
    select
        roles0_.user_id as user_id1_11_0_,
        roles0_.roles as roles2_11_0_ 
    from
        user_roles roles0_ 
    where
        roles0_.user_id=?
Hibernate: 
    select
        roles0_.user_id as user_id1_11_0_,
        roles0_.roles as roles2_11_0_ 
    from
        user_roles roles0_ 
    where
        roles0_.user_id=?
Hibernate: 
    select
        roles0_.user_id as user_id1_11_0_,
        roles0_.roles as roles2_11_0_ 
    from
        user_roles roles0_ 
    where
        roles0_.user_id=?
Hibernate: 
    select
        roles0_.user_id as user_id1_11_0_,
        roles0_.roles as roles2_11_0_ 
    from
        user_roles roles0_ 
    where
        roles0_.user_id=?
Hibernate: 
    select
        roles0_.user_id as user_id1_11_0_,
        roles0_.roles as roles2_11_0_ 
    from
        user_roles roles0_ 
    where
        roles0_.user_id=?
Hibernate: 
    insert 
    into
        meeting_pin
        (created_at, updated_at, category, content, user_id, date, latitude, longitude, max_age, min_age, set_gender, set_limit, title) 
    values
        (?, ?, ?, ?, ?, ?, ?, ?, ?, ?, ?, ?, ?)
Hibernate: 
    select
        user0_.id as id1_10_,
        user0_.created_at as created_2_10_,
        user0_.updated_at as updated_3_10_,
        user0_.age as age4_10_,
        user0_.background_image as backgrou5_10_,
        user0_.email as email6_10_,
        user0_.gender as gender7_10_,
        user0_.hobby as hobby8_10_,
        user0_.introduce as introduc9_10_,
        user0_.job as job10_10_,
        user0_.name as name11_10_,
        user0_.nick_name as nick_na12_10_,
        user0_.phone_num as phone_n13_10_,
        user0_.profile_image as profile14_10_,
        user0_.res_red_number as res_red15_10_,
        user0_.score as score16_10_ 
    from
        user user0_
Hibernate: 
    select
        roles0_.user_id as user_id1_11_0_,
        roles0_.roles as roles2_11_0_ 
    from
        user_roles roles0_ 
    where
        roles0_.user_id=?
Hibernate: 
    select
        roles0_.user_id as user_id1_11_0_,
        roles0_.roles as roles2_11_0_ 
    from
        user_roles roles0_ 
    where
        roles0_.user_id=?
Hibernate: 
    select
        roles0_.user_id as user_id1_11_0_,
        roles0_.roles as roles2_11_0_ 
    from
        user_roles roles0_ 
    where
        roles0_.user_id=?
Hibernate: 
    select
        roles0_.user_id as user_id1_11_0_,
        roles0_.roles as roles2_11_0_ 
    from
        user_roles roles0_ 
    where
        roles0_.user_id=?
Hibernate: 
    select
        roles0_.user_id as user_id1_11_0_,
        roles0_.roles as roles2_11_0_ 
    from
        user_roles roles0_ 
    where
        roles0_.user_id=?
Hibernate: 
    insert 
    into
        meeting_pin
        (created_at, updated_at, category, content, user_id, date, latitude, longitude, max_age, min_age, set_gender, set_limit, title) 
    values
        (?, ?, ?, ?, ?, ?, ?, ?, ?, ?, ?, ?, ?)
Hibernate: 
    select
        user0_.id as id1_10_,
        user0_.created_at as created_2_10_,
        user0_.updated_at as updated_3_10_,
        user0_.age as age4_10_,
        user0_.background_image as backgrou5_10_,
        user0_.email as email6_10_,
        user0_.gender as gender7_10_,
        user0_.hobby as hobby8_10_,
        user0_.introduce as introduc9_10_,
        user0_.job as job10_10_,
        user0_.name as name11_10_,
        user0_.nick_name as nick_na12_10_,
        user0_.phone_num as phone_n13_10_,
        user0_.profile_image as profile14_10_,
        user0_.res_red_number as res_red15_10_,
        user0_.score as score16_10_ 
    from
        user user0_
Hibernate: 
    select
        roles0_.user_id as user_id1_11_0_,
        roles0_.roles as roles2_11_0_ 
    from
        user_roles roles0_ 
    where
        roles0_.user_id=?
Hibernate: 
    select
        roles0_.user_id as user_id1_11_0_,
        roles0_.roles as roles2_11_0_ 
    from
        user_roles roles0_ 
    where
        roles0_.user_id=?
Hibernate: 
    select
        roles0_.user_id as user_id1_11_0_,
        roles0_.roles as roles2_11_0_ 
    from
        user_roles roles0_ 
    where
        roles0_.user_id=?
Hibernate: 
    select
        roles0_.user_id as user_id1_11_0_,
        roles0_.roles as roles2_11_0_ 
    from
        user_roles roles0_ 
    where
        roles0_.user_id=?
Hibernate: 
    select
        roles0_.user_id as user_id1_11_0_,
        roles0_.roles as roles2_11_0_ 
    from
        user_roles roles0_ 
    where
        roles0_.user_id=?
Hibernate: 
    insert 
    into
        meeting_pin
        (created_at, updated_at, category, content, user_id, date, latitude, longitude, max_age, min_age, set_gender, set_limit, title) 
    values
        (?, ?, ?, ?, ?, ?, ?, ?, ?, ?, ?, ?, ?)
Hibernate: 
    select
        user0_.id as id1_10_,
        user0_.created_at as created_2_10_,
        user0_.updated_at as updated_3_10_,
        user0_.age as age4_10_,
        user0_.background_image as backgrou5_10_,
        user0_.email as email6_10_,
        user0_.gender as gender7_10_,
        user0_.hobby as hobby8_10_,
        user0_.introduce as introduc9_10_,
        user0_.job as job10_10_,
        user0_.name as name11_10_,
        user0_.nick_name as nick_na12_10_,
        user0_.phone_num as phone_n13_10_,
        user0_.profile_image as profile14_10_,
        user0_.res_red_number as res_red15_10_,
        user0_.score as score16_10_ 
    from
        user user0_
Hibernate: 
    select
        roles0_.user_id as user_id1_11_0_,
        roles0_.roles as roles2_11_0_ 
    from
        user_roles roles0_ 
    where
        roles0_.user_id=?
Hibernate: 
    select
        roles0_.user_id as user_id1_11_0_,
        roles0_.roles as roles2_11_0_ 
    from
        user_roles roles0_ 
    where
        roles0_.user_id=?
Hibernate: 
    select
        roles0_.user_id as user_id1_11_0_,
        roles0_.roles as roles2_11_0_ 
    from
        user_roles roles0_ 
    where
        roles0_.user_id=?
Hibernate: 
    select
        roles0_.user_id as user_id1_11_0_,
        roles0_.roles as roles2_11_0_ 
    from
        user_roles roles0_ 
    where
        roles0_.user_id=?
Hibernate: 
    select
        roles0_.user_id as user_id1_11_0_,
        roles0_.roles as roles2_11_0_ 
    from
        user_roles roles0_ 
    where
        roles0_.user_id=?
Hibernate: 
    insert 
    into
        meeting_pin
        (created_at, updated_at, category, content, user_id, date, latitude, longitude, max_age, min_age, set_gender, set_limit, title) 
    values
        (?, ?, ?, ?, ?, ?, ?, ?, ?, ?, ?, ?, ?)
Hibernate: 
    select
        user0_.id as id1_10_,
        user0_.created_at as created_2_10_,
        user0_.updated_at as updated_3_10_,
        user0_.age as age4_10_,
        user0_.background_image as backgrou5_10_,
        user0_.email as email6_10_,
        user0_.gender as gender7_10_,
        user0_.hobby as hobby8_10_,
        user0_.introduce as introduc9_10_,
        user0_.job as job10_10_,
        user0_.name as name11_10_,
        user0_.nick_name as nick_na12_10_,
        user0_.phone_num as phone_n13_10_,
        user0_.profile_image as profile14_10_,
        user0_.res_red_number as res_red15_10_,
        user0_.score as score16_10_ 
    from
        user user0_
Hibernate: 
    select
        roles0_.user_id as user_id1_11_0_,
        roles0_.roles as roles2_11_0_ 
    from
        user_roles roles0_ 
    where
        roles0_.user_id=?
Hibernate: 
    select
        roles0_.user_id as user_id1_11_0_,
        roles0_.roles as roles2_11_0_ 
    from
        user_roles roles0_ 
    where
        roles0_.user_id=?
Hibernate: 
    select
        roles0_.user_id as user_id1_11_0_,
        roles0_.roles as roles2_11_0_ 
    from
        user_roles roles0_ 
    where
        roles0_.user_id=?
Hibernate: 
    select
        roles0_.user_id as user_id1_11_0_,
        roles0_.roles as roles2_11_0_ 
    from
        user_roles roles0_ 
    where
        roles0_.user_id=?
Hibernate: 
    select
        roles0_.user_id as user_id1_11_0_,
        roles0_.roles as roles2_11_0_ 
    from
        user_roles roles0_ 
    where
        roles0_.user_id=?
Hibernate: 
    insert 
    into
        meeting_pin
        (created_at, updated_at, category, content, user_id, date, latitude, longitude, max_age, min_age, set_gender, set_limit, title) 
    values
        (?, ?, ?, ?, ?, ?, ?, ?, ?, ?, ?, ?, ?)
Hibernate: 
    select
        user0_.id as id1_10_,
        user0_.created_at as created_2_10_,
        user0_.updated_at as updated_3_10_,
        user0_.age as age4_10_,
        user0_.background_image as backgrou5_10_,
        user0_.email as email6_10_,
        user0_.gender as gender7_10_,
        user0_.hobby as hobby8_10_,
        user0_.introduce as introduc9_10_,
        user0_.job as job10_10_,
        user0_.name as name11_10_,
        user0_.nick_name as nick_na12_10_,
        user0_.phone_num as phone_n13_10_,
        user0_.profile_image as profile14_10_,
        user0_.res_red_number as res_red15_10_,
        user0_.score as score16_10_ 
    from
        user user0_
Hibernate: 
    select
        roles0_.user_id as user_id1_11_0_,
        roles0_.roles as roles2_11_0_ 
    from
        user_roles roles0_ 
    where
        roles0_.user_id=?
Hibernate: 
    select
        roles0_.user_id as user_id1_11_0_,
        roles0_.roles as roles2_11_0_ 
    from
        user_roles roles0_ 
    where
        roles0_.user_id=?
Hibernate: 
    select
        roles0_.user_id as user_id1_11_0_,
        roles0_.roles as roles2_11_0_ 
    from
        user_roles roles0_ 
    where
        roles0_.user_id=?
Hibernate: 
    select
        roles0_.user_id as user_id1_11_0_,
        roles0_.roles as roles2_11_0_ 
    from
        user_roles roles0_ 
    where
        roles0_.user_id=?
Hibernate: 
    select
        roles0_.user_id as user_id1_11_0_,
        roles0_.roles as roles2_11_0_ 
    from
        user_roles roles0_ 
    where
        roles0_.user_id=?
Hibernate: 
    insert 
    into
        meeting_pin
        (created_at, updated_at, category, content, user_id, date, latitude, longitude, max_age, min_age, set_gender, set_limit, title) 
    values
        (?, ?, ?, ?, ?, ?, ?, ?, ?, ?, ?, ?, ?)
Hibernate: 
    select
        user0_.id as id1_10_,
        user0_.created_at as created_2_10_,
        user0_.updated_at as updated_3_10_,
        user0_.age as age4_10_,
        user0_.background_image as backgrou5_10_,
        user0_.email as email6_10_,
        user0_.gender as gender7_10_,
        user0_.hobby as hobby8_10_,
        user0_.introduce as introduc9_10_,
        user0_.job as job10_10_,
        user0_.name as name11_10_,
        user0_.nick_name as nick_na12_10_,
        user0_.phone_num as phone_n13_10_,
        user0_.profile_image as profile14_10_,
        user0_.res_red_number as res_red15_10_,
        user0_.score as score16_10_ 
    from
        user user0_
Hibernate: 
    select
        roles0_.user_id as user_id1_11_0_,
        roles0_.roles as roles2_11_0_ 
    from
        user_roles roles0_ 
    where
        roles0_.user_id=?
Hibernate: 
    select
        roles0_.user_id as user_id1_11_0_,
        roles0_.roles as roles2_11_0_ 
    from
        user_roles roles0_ 
    where
        roles0_.user_id=?
Hibernate: 
    select
        roles0_.user_id as user_id1_11_0_,
        roles0_.roles as roles2_11_0_ 
    from
        user_roles roles0_ 
    where
        roles0_.user_id=?
Hibernate: 
    select
        roles0_.user_id as user_id1_11_0_,
        roles0_.roles as roles2_11_0_ 
    from
        user_roles roles0_ 
    where
        roles0_.user_id=?
Hibernate: 
    select
        roles0_.user_id as user_id1_11_0_,
        roles0_.roles as roles2_11_0_ 
    from
        user_roles roles0_ 
    where
        roles0_.user_id=?
Hibernate: 
    insert 
    into
        meeting_pin
        (created_at, updated_at, category, content, user_id, date, latitude, longitude, max_age, min_age, set_gender, set_limit, title) 
    values
        (?, ?, ?, ?, ?, ?, ?, ?, ?, ?, ?, ?, ?)
Hibernate: 
    select
        user0_.id as id1_10_,
        user0_.created_at as created_2_10_,
        user0_.updated_at as updated_3_10_,
        user0_.age as age4_10_,
        user0_.background_image as backgrou5_10_,
        user0_.email as email6_10_,
        user0_.gender as gender7_10_,
        user0_.hobby as hobby8_10_,
        user0_.introduce as introduc9_10_,
        user0_.job as job10_10_,
        user0_.name as name11_10_,
        user0_.nick_name as nick_na12_10_,
        user0_.phone_num as phone_n13_10_,
        user0_.profile_image as profile14_10_,
        user0_.res_red_number as res_red15_10_,
        user0_.score as score16_10_ 
    from
        user user0_
Hibernate: 
    select
        roles0_.user_id as user_id1_11_0_,
        roles0_.roles as roles2_11_0_ 
    from
        user_roles roles0_ 
    where
        roles0_.user_id=?
Hibernate: 
    select
        roles0_.user_id as user_id1_11_0_,
        roles0_.roles as roles2_11_0_ 
    from
        user_roles roles0_ 
    where
        roles0_.user_id=?
Hibernate: 
    select
        roles0_.user_id as user_id1_11_0_,
        roles0_.roles as roles2_11_0_ 
    from
        user_roles roles0_ 
    where
        roles0_.user_id=?
Hibernate: 
    select
        roles0_.user_id as user_id1_11_0_,
        roles0_.roles as roles2_11_0_ 
    from
        user_roles roles0_ 
    where
        roles0_.user_id=?
Hibernate: 
    select
        roles0_.user_id as user_id1_11_0_,
        roles0_.roles as roles2_11_0_ 
    from
        user_roles roles0_ 
    where
        roles0_.user_id=?
Hibernate: 
    insert 
    into
        meeting_pin
        (created_at, updated_at, category, content, user_id, date, latitude, longitude, max_age, min_age, set_gender, set_limit, title) 
    values
        (?, ?, ?, ?, ?, ?, ?, ?, ?, ?, ?, ?, ?)
Hibernate: 
    select
        user0_.id as id1_10_,
        user0_.created_at as created_2_10_,
        user0_.updated_at as updated_3_10_,
        user0_.age as age4_10_,
        user0_.background_image as backgrou5_10_,
        user0_.email as email6_10_,
        user0_.gender as gender7_10_,
        user0_.hobby as hobby8_10_,
        user0_.introduce as introduc9_10_,
        user0_.job as job10_10_,
        user0_.name as name11_10_,
        user0_.nick_name as nick_na12_10_,
        user0_.phone_num as phone_n13_10_,
        user0_.profile_image as profile14_10_,
        user0_.res_red_number as res_red15_10_,
        user0_.score as score16_10_ 
    from
        user user0_
Hibernate: 
    select
        roles0_.user_id as user_id1_11_0_,
        roles0_.roles as roles2_11_0_ 
    from
        user_roles roles0_ 
    where
        roles0_.user_id=?
Hibernate: 
    select
        roles0_.user_id as user_id1_11_0_,
        roles0_.roles as roles2_11_0_ 
    from
        user_roles roles0_ 
    where
        roles0_.user_id=?
Hibernate: 
    select
        roles0_.user_id as user_id1_11_0_,
        roles0_.roles as roles2_11_0_ 
    from
        user_roles roles0_ 
    where
        roles0_.user_id=?
Hibernate: 
    select
        roles0_.user_id as user_id1_11_0_,
        roles0_.roles as roles2_11_0_ 
    from
        user_roles roles0_ 
    where
        roles0_.user_id=?
Hibernate: 
    select
        roles0_.user_id as user_id1_11_0_,
        roles0_.roles as roles2_11_0_ 
    from
        user_roles roles0_ 
    where
        roles0_.user_id=?
Hibernate: 
    insert 
    into
        meeting_pin
        (created_at, updated_at, category, content, user_id, date, latitude, longitude, max_age, min_age, set_gender, set_limit, title) 
    values
        (?, ?, ?, ?, ?, ?, ?, ?, ?, ?, ?, ?, ?)
Hibernate: 
    select
        user0_.id as id1_10_,
        user0_.created_at as created_2_10_,
        user0_.updated_at as updated_3_10_,
        user0_.age as age4_10_,
        user0_.background_image as backgrou5_10_,
        user0_.email as email6_10_,
        user0_.gender as gender7_10_,
        user0_.hobby as hobby8_10_,
        user0_.introduce as introduc9_10_,
        user0_.job as job10_10_,
        user0_.name as name11_10_,
        user0_.nick_name as nick_na12_10_,
        user0_.phone_num as phone_n13_10_,
        user0_.profile_image as profile14_10_,
        user0_.res_red_number as res_red15_10_,
        user0_.score as score16_10_ 
    from
        user user0_
Hibernate: 
    select
        roles0_.user_id as user_id1_11_0_,
        roles0_.roles as roles2_11_0_ 
    from
        user_roles roles0_ 
    where
        roles0_.user_id=?
Hibernate: 
    select
        roles0_.user_id as user_id1_11_0_,
        roles0_.roles as roles2_11_0_ 
    from
        user_roles roles0_ 
    where
        roles0_.user_id=?
Hibernate: 
    select
        roles0_.user_id as user_id1_11_0_,
        roles0_.roles as roles2_11_0_ 
    from
        user_roles roles0_ 
    where
        roles0_.user_id=?
Hibernate: 
    select
        roles0_.user_id as user_id1_11_0_,
        roles0_.roles as roles2_11_0_ 
    from
        user_roles roles0_ 
    where
        roles0_.user_id=?
Hibernate: 
    select
        roles0_.user_id as user_id1_11_0_,
        roles0_.roles as roles2_11_0_ 
    from
        user_roles roles0_ 
    where
        roles0_.user_id=?
Hibernate: 
    insert 
    into
        meeting_pin
        (created_at, updated_at, category, content, user_id, date, latitude, longitude, max_age, min_age, set_gender, set_limit, title) 
    values
        (?, ?, ?, ?, ?, ?, ?, ?, ?, ?, ?, ?, ?)
Hibernate: 
    select
        user0_.id as id1_10_,
        user0_.created_at as created_2_10_,
        user0_.updated_at as updated_3_10_,
        user0_.age as age4_10_,
        user0_.background_image as backgrou5_10_,
        user0_.email as email6_10_,
        user0_.gender as gender7_10_,
        user0_.hobby as hobby8_10_,
        user0_.introduce as introduc9_10_,
        user0_.job as job10_10_,
        user0_.name as name11_10_,
        user0_.nick_name as nick_na12_10_,
        user0_.phone_num as phone_n13_10_,
        user0_.profile_image as profile14_10_,
        user0_.res_red_number as res_red15_10_,
        user0_.score as score16_10_ 
    from
        user user0_
Hibernate: 
    select
        roles0_.user_id as user_id1_11_0_,
        roles0_.roles as roles2_11_0_ 
    from
        user_roles roles0_ 
    where
        roles0_.user_id=?
Hibernate: 
    select
        roles0_.user_id as user_id1_11_0_,
        roles0_.roles as roles2_11_0_ 
    from
        user_roles roles0_ 
    where
        roles0_.user_id=?
Hibernate: 
    select
        roles0_.user_id as user_id1_11_0_,
        roles0_.roles as roles2_11_0_ 
    from
        user_roles roles0_ 
    where
        roles0_.user_id=?
Hibernate: 
    select
        roles0_.user_id as user_id1_11_0_,
        roles0_.roles as roles2_11_0_ 
    from
        user_roles roles0_ 
    where
        roles0_.user_id=?
Hibernate: 
    select
        roles0_.user_id as user_id1_11_0_,
        roles0_.roles as roles2_11_0_ 
    from
        user_roles roles0_ 
    where
        roles0_.user_id=?
Hibernate: 
    insert 
    into
        meeting_pin
        (created_at, updated_at, category, content, user_id, date, latitude, longitude, max_age, min_age, set_gender, set_limit, title) 
    values
        (?, ?, ?, ?, ?, ?, ?, ?, ?, ?, ?, ?, ?)
Hibernate: 
    select
        user0_.id as id1_10_,
        user0_.created_at as created_2_10_,
        user0_.updated_at as updated_3_10_,
        user0_.age as age4_10_,
        user0_.background_image as backgrou5_10_,
        user0_.email as email6_10_,
        user0_.gender as gender7_10_,
        user0_.hobby as hobby8_10_,
        user0_.introduce as introduc9_10_,
        user0_.job as job10_10_,
        user0_.name as name11_10_,
        user0_.nick_name as nick_na12_10_,
        user0_.phone_num as phone_n13_10_,
        user0_.profile_image as profile14_10_,
        user0_.res_red_number as res_red15_10_,
        user0_.score as score16_10_ 
    from
        user user0_
Hibernate: 
    select
        roles0_.user_id as user_id1_11_0_,
        roles0_.roles as roles2_11_0_ 
    from
        user_roles roles0_ 
    where
        roles0_.user_id=?
Hibernate: 
    select
        roles0_.user_id as user_id1_11_0_,
        roles0_.roles as roles2_11_0_ 
    from
        user_roles roles0_ 
    where
        roles0_.user_id=?
Hibernate: 
    select
        roles0_.user_id as user_id1_11_0_,
        roles0_.roles as roles2_11_0_ 
    from
        user_roles roles0_ 
    where
        roles0_.user_id=?
Hibernate: 
    select
        roles0_.user_id as user_id1_11_0_,
        roles0_.roles as roles2_11_0_ 
    from
        user_roles roles0_ 
    where
        roles0_.user_id=?
Hibernate: 
    select
        roles0_.user_id as user_id1_11_0_,
        roles0_.roles as roles2_11_0_ 
    from
        user_roles roles0_ 
    where
        roles0_.user_id=?
Hibernate: 
    insert 
    into
        meeting_pin
        (created_at, updated_at, category, content, user_id, date, latitude, longitude, max_age, min_age, set_gender, set_limit, title) 
    values
        (?, ?, ?, ?, ?, ?, ?, ?, ?, ?, ?, ?, ?)
Hibernate: 
    select
        user0_.id as id1_10_,
        user0_.created_at as created_2_10_,
        user0_.updated_at as updated_3_10_,
        user0_.age as age4_10_,
        user0_.background_image as backgrou5_10_,
        user0_.email as email6_10_,
        user0_.gender as gender7_10_,
        user0_.hobby as hobby8_10_,
        user0_.introduce as introduc9_10_,
        user0_.job as job10_10_,
        user0_.name as name11_10_,
        user0_.nick_name as nick_na12_10_,
        user0_.phone_num as phone_n13_10_,
        user0_.profile_image as profile14_10_,
        user0_.res_red_number as res_red15_10_,
        user0_.score as score16_10_ 
    from
        user user0_
Hibernate: 
    select
        roles0_.user_id as user_id1_11_0_,
        roles0_.roles as roles2_11_0_ 
    from
        user_roles roles0_ 
    where
        roles0_.user_id=?
Hibernate: 
    select
        roles0_.user_id as user_id1_11_0_,
        roles0_.roles as roles2_11_0_ 
    from
        user_roles roles0_ 
    where
        roles0_.user_id=?
Hibernate: 
    select
        roles0_.user_id as user_id1_11_0_,
        roles0_.roles as roles2_11_0_ 
    from
        user_roles roles0_ 
    where
        roles0_.user_id=?
Hibernate: 
    select
        roles0_.user_id as user_id1_11_0_,
        roles0_.roles as roles2_11_0_ 
    from
        user_roles roles0_ 
    where
        roles0_.user_id=?
Hibernate: 
    select
        roles0_.user_id as user_id1_11_0_,
        roles0_.roles as roles2_11_0_ 
    from
        user_roles roles0_ 
    where
        roles0_.user_id=?
Hibernate: 
    insert 
    into
        meeting_pin
        (created_at, updated_at, category, content, user_id, date, latitude, longitude, max_age, min_age, set_gender, set_limit, title) 
    values
        (?, ?, ?, ?, ?, ?, ?, ?, ?, ?, ?, ?, ?)
Hibernate: 
    select
        user0_.id as id1_10_,
        user0_.created_at as created_2_10_,
        user0_.updated_at as updated_3_10_,
        user0_.age as age4_10_,
        user0_.background_image as backgrou5_10_,
        user0_.email as email6_10_,
        user0_.gender as gender7_10_,
        user0_.hobby as hobby8_10_,
        user0_.introduce as introduc9_10_,
        user0_.job as job10_10_,
        user0_.name as name11_10_,
        user0_.nick_name as nick_na12_10_,
        user0_.phone_num as phone_n13_10_,
        user0_.profile_image as profile14_10_,
        user0_.res_red_number as res_red15_10_,
        user0_.score as score16_10_ 
    from
        user user0_
Hibernate: 
    select
        roles0_.user_id as user_id1_11_0_,
        roles0_.roles as roles2_11_0_ 
    from
        user_roles roles0_ 
    where
        roles0_.user_id=?
Hibernate: 
    select
        roles0_.user_id as user_id1_11_0_,
        roles0_.roles as roles2_11_0_ 
    from
        user_roles roles0_ 
    where
        roles0_.user_id=?
Hibernate: 
    select
        roles0_.user_id as user_id1_11_0_,
        roles0_.roles as roles2_11_0_ 
    from
        user_roles roles0_ 
    where
        roles0_.user_id=?
Hibernate: 
    select
        roles0_.user_id as user_id1_11_0_,
        roles0_.roles as roles2_11_0_ 
    from
        user_roles roles0_ 
    where
        roles0_.user_id=?
Hibernate: 
    select
        roles0_.user_id as user_id1_11_0_,
        roles0_.roles as roles2_11_0_ 
    from
        user_roles roles0_ 
    where
        roles0_.user_id=?
Hibernate: 
    insert 
    into
        meeting_pin
        (created_at, updated_at, category, content, user_id, date, latitude, longitude, max_age, min_age, set_gender, set_limit, title) 
    values
        (?, ?, ?, ?, ?, ?, ?, ?, ?, ?, ?, ?, ?)
Hibernate: 
    select
        user0_.id as id1_10_,
        user0_.created_at as created_2_10_,
        user0_.updated_at as updated_3_10_,
        user0_.age as age4_10_,
        user0_.background_image as backgrou5_10_,
        user0_.email as email6_10_,
        user0_.gender as gender7_10_,
        user0_.hobby as hobby8_10_,
        user0_.introduce as introduc9_10_,
        user0_.job as job10_10_,
        user0_.name as name11_10_,
        user0_.nick_name as nick_na12_10_,
        user0_.phone_num as phone_n13_10_,
        user0_.profile_image as profile14_10_,
        user0_.res_red_number as res_red15_10_,
        user0_.score as score16_10_ 
    from
        user user0_
Hibernate: 
    select
        roles0_.user_id as user_id1_11_0_,
        roles0_.roles as roles2_11_0_ 
    from
        user_roles roles0_ 
    where
        roles0_.user_id=?
Hibernate: 
    select
        roles0_.user_id as user_id1_11_0_,
        roles0_.roles as roles2_11_0_ 
    from
        user_roles roles0_ 
    where
        roles0_.user_id=?
Hibernate: 
    select
        roles0_.user_id as user_id1_11_0_,
        roles0_.roles as roles2_11_0_ 
    from
        user_roles roles0_ 
    where
        roles0_.user_id=?
Hibernate: 
    select
        roles0_.user_id as user_id1_11_0_,
        roles0_.roles as roles2_11_0_ 
    from
        user_roles roles0_ 
    where
        roles0_.user_id=?
Hibernate: 
    select
        roles0_.user_id as user_id1_11_0_,
        roles0_.roles as roles2_11_0_ 
    from
        user_roles roles0_ 
    where
        roles0_.user_id=?
Hibernate: 
    insert 
    into
        meeting_pin
        (created_at, updated_at, category, content, user_id, date, latitude, longitude, max_age, min_age, set_gender, set_limit, title) 
    values
        (?, ?, ?, ?, ?, ?, ?, ?, ?, ?, ?, ?, ?)
Hibernate: 
    select
        user0_.id as id1_10_,
        user0_.created_at as created_2_10_,
        user0_.updated_at as updated_3_10_,
        user0_.age as age4_10_,
        user0_.background_image as backgrou5_10_,
        user0_.email as email6_10_,
        user0_.gender as gender7_10_,
        user0_.hobby as hobby8_10_,
        user0_.introduce as introduc9_10_,
        user0_.job as job10_10_,
        user0_.name as name11_10_,
        user0_.nick_name as nick_na12_10_,
        user0_.phone_num as phone_n13_10_,
        user0_.profile_image as profile14_10_,
        user0_.res_red_number as res_red15_10_,
        user0_.score as score16_10_ 
    from
        user user0_
Hibernate: 
    select
        roles0_.user_id as user_id1_11_0_,
        roles0_.roles as roles2_11_0_ 
    from
        user_roles roles0_ 
    where
        roles0_.user_id=?
Hibernate: 
    select
        roles0_.user_id as user_id1_11_0_,
        roles0_.roles as roles2_11_0_ 
    from
        user_roles roles0_ 
    where
        roles0_.user_id=?
Hibernate: 
    select
        roles0_.user_id as user_id1_11_0_,
        roles0_.roles as roles2_11_0_ 
    from
        user_roles roles0_ 
    where
        roles0_.user_id=?
Hibernate: 
    select
        roles0_.user_id as user_id1_11_0_,
        roles0_.roles as roles2_11_0_ 
    from
        user_roles roles0_ 
    where
        roles0_.user_id=?
Hibernate: 
    select
        roles0_.user_id as user_id1_11_0_,
        roles0_.roles as roles2_11_0_ 
    from
        user_roles roles0_ 
    where
        roles0_.user_id=?
Hibernate: 
    insert 
    into
        meeting_pin
        (created_at, updated_at, category, content, user_id, date, latitude, longitude, max_age, min_age, set_gender, set_limit, title) 
    values
        (?, ?, ?, ?, ?, ?, ?, ?, ?, ?, ?, ?, ?)
Hibernate: 
    select
        user0_.id as id1_10_,
        user0_.created_at as created_2_10_,
        user0_.updated_at as updated_3_10_,
        user0_.age as age4_10_,
        user0_.background_image as backgrou5_10_,
        user0_.email as email6_10_,
        user0_.gender as gender7_10_,
        user0_.hobby as hobby8_10_,
        user0_.introduce as introduc9_10_,
        user0_.job as job10_10_,
        user0_.name as name11_10_,
        user0_.nick_name as nick_na12_10_,
        user0_.phone_num as phone_n13_10_,
        user0_.profile_image as profile14_10_,
        user0_.res_red_number as res_red15_10_,
        user0_.score as score16_10_ 
    from
        user user0_
Hibernate: 
    select
        roles0_.user_id as user_id1_11_0_,
        roles0_.roles as roles2_11_0_ 
    from
        user_roles roles0_ 
    where
        roles0_.user_id=?
Hibernate: 
    select
        roles0_.user_id as user_id1_11_0_,
        roles0_.roles as roles2_11_0_ 
    from
        user_roles roles0_ 
    where
        roles0_.user_id=?
Hibernate: 
    select
        roles0_.user_id as user_id1_11_0_,
        roles0_.roles as roles2_11_0_ 
    from
        user_roles roles0_ 
    where
        roles0_.user_id=?
Hibernate: 
    select
        roles0_.user_id as user_id1_11_0_,
        roles0_.roles as roles2_11_0_ 
    from
        user_roles roles0_ 
    where
        roles0_.user_id=?
Hibernate: 
    select
        roles0_.user_id as user_id1_11_0_,
        roles0_.roles as roles2_11_0_ 
    from
        user_roles roles0_ 
    where
        roles0_.user_id=?
Hibernate: 
    insert 
    into
        meeting_pin
        (created_at, updated_at, category, content, user_id, date, latitude, longitude, max_age, min_age, set_gender, set_limit, title) 
    values
        (?, ?, ?, ?, ?, ?, ?, ?, ?, ?, ?, ?, ?)
Hibernate: 
    select
        user0_.id as id1_10_,
        user0_.created_at as created_2_10_,
        user0_.updated_at as updated_3_10_,
        user0_.age as age4_10_,
        user0_.background_image as backgrou5_10_,
        user0_.email as email6_10_,
        user0_.gender as gender7_10_,
        user0_.hobby as hobby8_10_,
        user0_.introduce as introduc9_10_,
        user0_.job as job10_10_,
        user0_.name as name11_10_,
        user0_.nick_name as nick_na12_10_,
        user0_.phone_num as phone_n13_10_,
        user0_.profile_image as profile14_10_,
        user0_.res_red_number as res_red15_10_,
        user0_.score as score16_10_ 
    from
        user user0_
Hibernate: 
    select
        roles0_.user_id as user_id1_11_0_,
        roles0_.roles as roles2_11_0_ 
    from
        user_roles roles0_ 
    where
        roles0_.user_id=?
Hibernate: 
    select
        roles0_.user_id as user_id1_11_0_,
        roles0_.roles as roles2_11_0_ 
    from
        user_roles roles0_ 
    where
        roles0_.user_id=?
Hibernate: 
    select
        roles0_.user_id as user_id1_11_0_,
        roles0_.roles as roles2_11_0_ 
    from
        user_roles roles0_ 
    where
        roles0_.user_id=?
Hibernate: 
    select
        roles0_.user_id as user_id1_11_0_,
        roles0_.roles as roles2_11_0_ 
    from
        user_roles roles0_ 
    where
        roles0_.user_id=?
Hibernate: 
    select
        roles0_.user_id as user_id1_11_0_,
        roles0_.roles as roles2_11_0_ 
    from
        user_roles roles0_ 
    where
        roles0_.user_id=?
Hibernate: 
    insert 
    into
        story_pin
        (created_at, updated_at, category, content, user_id, image, latitude, longitude, title) 
    values
        (?, ?, ?, ?, ?, ?, ?, ?, ?)
Hibernate: 
    select
        user0_.id as id1_10_,
        user0_.created_at as created_2_10_,
        user0_.updated_at as updated_3_10_,
        user0_.age as age4_10_,
        user0_.background_image as backgrou5_10_,
        user0_.email as email6_10_,
        user0_.gender as gender7_10_,
        user0_.hobby as hobby8_10_,
        user0_.introduce as introduc9_10_,
        user0_.job as job10_10_,
        user0_.name as name11_10_,
        user0_.nick_name as nick_na12_10_,
        user0_.phone_num as phone_n13_10_,
        user0_.profile_image as profile14_10_,
        user0_.res_red_number as res_red15_10_,
        user0_.score as score16_10_ 
    from
        user user0_
Hibernate: 
    select
        roles0_.user_id as user_id1_11_0_,
        roles0_.roles as roles2_11_0_ 
    from
        user_roles roles0_ 
    where
        roles0_.user_id=?
Hibernate: 
    select
        roles0_.user_id as user_id1_11_0_,
        roles0_.roles as roles2_11_0_ 
    from
        user_roles roles0_ 
    where
        roles0_.user_id=?
Hibernate: 
    select
        roles0_.user_id as user_id1_11_0_,
        roles0_.roles as roles2_11_0_ 
    from
        user_roles roles0_ 
    where
        roles0_.user_id=?
Hibernate: 
    select
        roles0_.user_id as user_id1_11_0_,
        roles0_.roles as roles2_11_0_ 
    from
        user_roles roles0_ 
    where
        roles0_.user_id=?
Hibernate: 
    select
        roles0_.user_id as user_id1_11_0_,
        roles0_.roles as roles2_11_0_ 
    from
        user_roles roles0_ 
    where
        roles0_.user_id=?
Hibernate: 
    insert 
    into
        story_pin
        (created_at, updated_at, category, content, user_id, image, latitude, longitude, title) 
    values
        (?, ?, ?, ?, ?, ?, ?, ?, ?)
Hibernate: 
    select
        user0_.id as id1_10_,
        user0_.created_at as created_2_10_,
        user0_.updated_at as updated_3_10_,
        user0_.age as age4_10_,
        user0_.background_image as backgrou5_10_,
        user0_.email as email6_10_,
        user0_.gender as gender7_10_,
        user0_.hobby as hobby8_10_,
        user0_.introduce as introduc9_10_,
        user0_.job as job10_10_,
        user0_.name as name11_10_,
        user0_.nick_name as nick_na12_10_,
        user0_.phone_num as phone_n13_10_,
        user0_.profile_image as profile14_10_,
        user0_.res_red_number as res_red15_10_,
        user0_.score as score16_10_ 
    from
        user user0_
Hibernate: 
    select
        roles0_.user_id as user_id1_11_0_,
        roles0_.roles as roles2_11_0_ 
    from
        user_roles roles0_ 
    where
        roles0_.user_id=?
Hibernate: 
    select
        roles0_.user_id as user_id1_11_0_,
        roles0_.roles as roles2_11_0_ 
    from
        user_roles roles0_ 
    where
        roles0_.user_id=?
Hibernate: 
    select
        roles0_.user_id as user_id1_11_0_,
        roles0_.roles as roles2_11_0_ 
    from
        user_roles roles0_ 
    where
        roles0_.user_id=?
Hibernate: 
    select
        roles0_.user_id as user_id1_11_0_,
        roles0_.roles as roles2_11_0_ 
    from
        user_roles roles0_ 
    where
        roles0_.user_id=?
Hibernate: 
    select
        roles0_.user_id as user_id1_11_0_,
        roles0_.roles as roles2_11_0_ 
    from
        user_roles roles0_ 
    where
        roles0_.user_id=?
Hibernate: 
    insert 
    into
        story_pin
        (created_at, updated_at, category, content, user_id, image, latitude, longitude, title) 
    values
        (?, ?, ?, ?, ?, ?, ?, ?, ?)
Hibernate: 
    select
        user0_.id as id1_10_,
        user0_.created_at as created_2_10_,
        user0_.updated_at as updated_3_10_,
        user0_.age as age4_10_,
        user0_.background_image as backgrou5_10_,
        user0_.email as email6_10_,
        user0_.gender as gender7_10_,
        user0_.hobby as hobby8_10_,
        user0_.introduce as introduc9_10_,
        user0_.job as job10_10_,
        user0_.name as name11_10_,
        user0_.nick_name as nick_na12_10_,
        user0_.phone_num as phone_n13_10_,
        user0_.profile_image as profile14_10_,
        user0_.res_red_number as res_red15_10_,
        user0_.score as score16_10_ 
    from
        user user0_
Hibernate: 
    select
        roles0_.user_id as user_id1_11_0_,
        roles0_.roles as roles2_11_0_ 
    from
        user_roles roles0_ 
    where
        roles0_.user_id=?
Hibernate: 
    select
        roles0_.user_id as user_id1_11_0_,
        roles0_.roles as roles2_11_0_ 
    from
        user_roles roles0_ 
    where
        roles0_.user_id=?
Hibernate: 
    select
        roles0_.user_id as user_id1_11_0_,
        roles0_.roles as roles2_11_0_ 
    from
        user_roles roles0_ 
    where
        roles0_.user_id=?
Hibernate: 
    select
        roles0_.user_id as user_id1_11_0_,
        roles0_.roles as roles2_11_0_ 
    from
        user_roles roles0_ 
    where
        roles0_.user_id=?
Hibernate: 
    select
        roles0_.user_id as user_id1_11_0_,
        roles0_.roles as roles2_11_0_ 
    from
        user_roles roles0_ 
    where
        roles0_.user_id=?
Hibernate: 
    insert 
    into
        story_pin
        (created_at, updated_at, category, content, user_id, image, latitude, longitude, title) 
    values
        (?, ?, ?, ?, ?, ?, ?, ?, ?)
Hibernate: 
    select
        user0_.id as id1_10_,
        user0_.created_at as created_2_10_,
        user0_.updated_at as updated_3_10_,
        user0_.age as age4_10_,
        user0_.background_image as backgrou5_10_,
        user0_.email as email6_10_,
        user0_.gender as gender7_10_,
        user0_.hobby as hobby8_10_,
        user0_.introduce as introduc9_10_,
        user0_.job as job10_10_,
        user0_.name as name11_10_,
        user0_.nick_name as nick_na12_10_,
        user0_.phone_num as phone_n13_10_,
        user0_.profile_image as profile14_10_,
        user0_.res_red_number as res_red15_10_,
        user0_.score as score16_10_ 
    from
        user user0_
Hibernate: 
    select
        roles0_.user_id as user_id1_11_0_,
        roles0_.roles as roles2_11_0_ 
    from
        user_roles roles0_ 
    where
        roles0_.user_id=?
Hibernate: 
    select
        roles0_.user_id as user_id1_11_0_,
        roles0_.roles as roles2_11_0_ 
    from
        user_roles roles0_ 
    where
        roles0_.user_id=?
Hibernate: 
    select
        roles0_.user_id as user_id1_11_0_,
        roles0_.roles as roles2_11_0_ 
    from
        user_roles roles0_ 
    where
        roles0_.user_id=?
Hibernate: 
    select
        roles0_.user_id as user_id1_11_0_,
        roles0_.roles as roles2_11_0_ 
    from
        user_roles roles0_ 
    where
        roles0_.user_id=?
Hibernate: 
    select
        roles0_.user_id as user_id1_11_0_,
        roles0_.roles as roles2_11_0_ 
    from
        user_roles roles0_ 
    where
        roles0_.user_id=?
Hibernate: 
    insert 
    into
        story_pin
        (created_at, updated_at, category, content, user_id, image, latitude, longitude, title) 
    values
        (?, ?, ?, ?, ?, ?, ?, ?, ?)
Hibernate: 
    select
        user0_.id as id1_10_,
        user0_.created_at as created_2_10_,
        user0_.updated_at as updated_3_10_,
        user0_.age as age4_10_,
        user0_.background_image as backgrou5_10_,
        user0_.email as email6_10_,
        user0_.gender as gender7_10_,
        user0_.hobby as hobby8_10_,
        user0_.introduce as introduc9_10_,
        user0_.job as job10_10_,
        user0_.name as name11_10_,
        user0_.nick_name as nick_na12_10_,
        user0_.phone_num as phone_n13_10_,
        user0_.profile_image as profile14_10_,
        user0_.res_red_number as res_red15_10_,
        user0_.score as score16_10_ 
    from
        user user0_
Hibernate: 
    select
        roles0_.user_id as user_id1_11_0_,
        roles0_.roles as roles2_11_0_ 
    from
        user_roles roles0_ 
    where
        roles0_.user_id=?
Hibernate: 
    select
        roles0_.user_id as user_id1_11_0_,
        roles0_.roles as roles2_11_0_ 
    from
        user_roles roles0_ 
    where
        roles0_.user_id=?
Hibernate: 
    select
        roles0_.user_id as user_id1_11_0_,
        roles0_.roles as roles2_11_0_ 
    from
        user_roles roles0_ 
    where
        roles0_.user_id=?
Hibernate: 
    select
        roles0_.user_id as user_id1_11_0_,
        roles0_.roles as roles2_11_0_ 
    from
        user_roles roles0_ 
    where
        roles0_.user_id=?
Hibernate: 
    select
        roles0_.user_id as user_id1_11_0_,
        roles0_.roles as roles2_11_0_ 
    from
        user_roles roles0_ 
    where
        roles0_.user_id=?
Hibernate: 
    insert 
    into
        story_pin
        (created_at, updated_at, category, content, user_id, image, latitude, longitude, title) 
    values
        (?, ?, ?, ?, ?, ?, ?, ?, ?)
Hibernate: 
    select
        user0_.id as id1_10_,
        user0_.created_at as created_2_10_,
        user0_.updated_at as updated_3_10_,
        user0_.age as age4_10_,
        user0_.background_image as backgrou5_10_,
        user0_.email as email6_10_,
        user0_.gender as gender7_10_,
        user0_.hobby as hobby8_10_,
        user0_.introduce as introduc9_10_,
        user0_.job as job10_10_,
        user0_.name as name11_10_,
        user0_.nick_name as nick_na12_10_,
        user0_.phone_num as phone_n13_10_,
        user0_.profile_image as profile14_10_,
        user0_.res_red_number as res_red15_10_,
        user0_.score as score16_10_ 
    from
        user user0_
Hibernate: 
    select
        roles0_.user_id as user_id1_11_0_,
        roles0_.roles as roles2_11_0_ 
    from
        user_roles roles0_ 
    where
        roles0_.user_id=?
Hibernate: 
    select
        roles0_.user_id as user_id1_11_0_,
        roles0_.roles as roles2_11_0_ 
    from
        user_roles roles0_ 
    where
        roles0_.user_id=?
Hibernate: 
    select
        roles0_.user_id as user_id1_11_0_,
        roles0_.roles as roles2_11_0_ 
    from
        user_roles roles0_ 
    where
        roles0_.user_id=?
Hibernate: 
    select
        roles0_.user_id as user_id1_11_0_,
        roles0_.roles as roles2_11_0_ 
    from
        user_roles roles0_ 
    where
        roles0_.user_id=?
Hibernate: 
    select
        roles0_.user_id as user_id1_11_0_,
        roles0_.roles as roles2_11_0_ 
    from
        user_roles roles0_ 
    where
        roles0_.user_id=?
Hibernate: 
    insert 
    into
        story_pin
        (created_at, updated_at, category, content, user_id, image, latitude, longitude, title) 
    values
        (?, ?, ?, ?, ?, ?, ?, ?, ?)
Hibernate: 
    select
        user0_.id as id1_10_,
        user0_.created_at as created_2_10_,
        user0_.updated_at as updated_3_10_,
        user0_.age as age4_10_,
        user0_.background_image as backgrou5_10_,
        user0_.email as email6_10_,
        user0_.gender as gender7_10_,
        user0_.hobby as hobby8_10_,
        user0_.introduce as introduc9_10_,
        user0_.job as job10_10_,
        user0_.name as name11_10_,
        user0_.nick_name as nick_na12_10_,
        user0_.phone_num as phone_n13_10_,
        user0_.profile_image as profile14_10_,
        user0_.res_red_number as res_red15_10_,
        user0_.score as score16_10_ 
    from
        user user0_
Hibernate: 
    select
        roles0_.user_id as user_id1_11_0_,
        roles0_.roles as roles2_11_0_ 
    from
        user_roles roles0_ 
    where
        roles0_.user_id=?
Hibernate: 
    select
        roles0_.user_id as user_id1_11_0_,
        roles0_.roles as roles2_11_0_ 
    from
        user_roles roles0_ 
    where
        roles0_.user_id=?
Hibernate: 
    select
        roles0_.user_id as user_id1_11_0_,
        roles0_.roles as roles2_11_0_ 
    from
        user_roles roles0_ 
    where
        roles0_.user_id=?
Hibernate: 
    select
        roles0_.user_id as user_id1_11_0_,
        roles0_.roles as roles2_11_0_ 
    from
        user_roles roles0_ 
    where
        roles0_.user_id=?
Hibernate: 
    select
        roles0_.user_id as user_id1_11_0_,
        roles0_.roles as roles2_11_0_ 
    from
        user_roles roles0_ 
    where
        roles0_.user_id=?
Hibernate: 
    insert 
    into
        story_pin
        (created_at, updated_at, category, content, user_id, image, latitude, longitude, title) 
    values
        (?, ?, ?, ?, ?, ?, ?, ?, ?)
Hibernate: 
    select
        user0_.id as id1_10_,
        user0_.created_at as created_2_10_,
        user0_.updated_at as updated_3_10_,
        user0_.age as age4_10_,
        user0_.background_image as backgrou5_10_,
        user0_.email as email6_10_,
        user0_.gender as gender7_10_,
        user0_.hobby as hobby8_10_,
        user0_.introduce as introduc9_10_,
        user0_.job as job10_10_,
        user0_.name as name11_10_,
        user0_.nick_name as nick_na12_10_,
        user0_.phone_num as phone_n13_10_,
        user0_.profile_image as profile14_10_,
        user0_.res_red_number as res_red15_10_,
        user0_.score as score16_10_ 
    from
        user user0_
Hibernate: 
    select
        roles0_.user_id as user_id1_11_0_,
        roles0_.roles as roles2_11_0_ 
    from
        user_roles roles0_ 
    where
        roles0_.user_id=?
Hibernate: 
    select
        roles0_.user_id as user_id1_11_0_,
        roles0_.roles as roles2_11_0_ 
    from
        user_roles roles0_ 
    where
        roles0_.user_id=?
Hibernate: 
    select
        roles0_.user_id as user_id1_11_0_,
        roles0_.roles as roles2_11_0_ 
    from
        user_roles roles0_ 
    where
        roles0_.user_id=?
Hibernate: 
    select
        roles0_.user_id as user_id1_11_0_,
        roles0_.roles as roles2_11_0_ 
    from
        user_roles roles0_ 
    where
        roles0_.user_id=?
Hibernate: 
    select
        roles0_.user_id as user_id1_11_0_,
        roles0_.roles as roles2_11_0_ 
    from
        user_roles roles0_ 
    where
        roles0_.user_id=?
Hibernate: 
    insert 
    into
        story_pin
        (created_at, updated_at, category, content, user_id, image, latitude, longitude, title) 
    values
        (?, ?, ?, ?, ?, ?, ?, ?, ?)
Hibernate: 
    select
        user0_.id as id1_10_,
        user0_.created_at as created_2_10_,
        user0_.updated_at as updated_3_10_,
        user0_.age as age4_10_,
        user0_.background_image as backgrou5_10_,
        user0_.email as email6_10_,
        user0_.gender as gender7_10_,
        user0_.hobby as hobby8_10_,
        user0_.introduce as introduc9_10_,
        user0_.job as job10_10_,
        user0_.name as name11_10_,
        user0_.nick_name as nick_na12_10_,
        user0_.phone_num as phone_n13_10_,
        user0_.profile_image as profile14_10_,
        user0_.res_red_number as res_red15_10_,
        user0_.score as score16_10_ 
    from
        user user0_
Hibernate: 
    select
        roles0_.user_id as user_id1_11_0_,
        roles0_.roles as roles2_11_0_ 
    from
        user_roles roles0_ 
    where
        roles0_.user_id=?
Hibernate: 
    select
        roles0_.user_id as user_id1_11_0_,
        roles0_.roles as roles2_11_0_ 
    from
        user_roles roles0_ 
    where
        roles0_.user_id=?
Hibernate: 
    select
        roles0_.user_id as user_id1_11_0_,
        roles0_.roles as roles2_11_0_ 
    from
        user_roles roles0_ 
    where
        roles0_.user_id=?
Hibernate: 
    select
        roles0_.user_id as user_id1_11_0_,
        roles0_.roles as roles2_11_0_ 
    from
        user_roles roles0_ 
    where
        roles0_.user_id=?
Hibernate: 
    select
        roles0_.user_id as user_id1_11_0_,
        roles0_.roles as roles2_11_0_ 
    from
        user_roles roles0_ 
    where
        roles0_.user_id=?
Hibernate: 
    insert 
    into
        story_pin
        (created_at, updated_at, category, content, user_id, image, latitude, longitude, title) 
    values
        (?, ?, ?, ?, ?, ?, ?, ?, ?)
Hibernate: 
    select
        user0_.id as id1_10_,
        user0_.created_at as created_2_10_,
        user0_.updated_at as updated_3_10_,
        user0_.age as age4_10_,
        user0_.background_image as backgrou5_10_,
        user0_.email as email6_10_,
        user0_.gender as gender7_10_,
        user0_.hobby as hobby8_10_,
        user0_.introduce as introduc9_10_,
        user0_.job as job10_10_,
        user0_.name as name11_10_,
        user0_.nick_name as nick_na12_10_,
        user0_.phone_num as phone_n13_10_,
        user0_.profile_image as profile14_10_,
        user0_.res_red_number as res_red15_10_,
        user0_.score as score16_10_ 
    from
        user user0_
Hibernate: 
    select
        roles0_.user_id as user_id1_11_0_,
        roles0_.roles as roles2_11_0_ 
    from
        user_roles roles0_ 
    where
        roles0_.user_id=?
Hibernate: 
    select
        roles0_.user_id as user_id1_11_0_,
        roles0_.roles as roles2_11_0_ 
    from
        user_roles roles0_ 
    where
        roles0_.user_id=?
Hibernate: 
    select
        roles0_.user_id as user_id1_11_0_,
        roles0_.roles as roles2_11_0_ 
    from
        user_roles roles0_ 
    where
        roles0_.user_id=?
Hibernate: 
    select
        roles0_.user_id as user_id1_11_0_,
        roles0_.roles as roles2_11_0_ 
    from
        user_roles roles0_ 
    where
        roles0_.user_id=?
Hibernate: 
    select
        roles0_.user_id as user_id1_11_0_,
        roles0_.roles as roles2_11_0_ 
    from
        user_roles roles0_ 
    where
        roles0_.user_id=?
Hibernate: 
    insert 
    into
        story_pin
        (created_at, updated_at, category, content, user_id, image, latitude, longitude, title) 
    values
        (?, ?, ?, ?, ?, ?, ?, ?, ?)
Hibernate: 
    select
        user0_.id as id1_10_,
        user0_.created_at as created_2_10_,
        user0_.updated_at as updated_3_10_,
        user0_.age as age4_10_,
        user0_.background_image as backgrou5_10_,
        user0_.email as email6_10_,
        user0_.gender as gender7_10_,
        user0_.hobby as hobby8_10_,
        user0_.introduce as introduc9_10_,
        user0_.job as job10_10_,
        user0_.name as name11_10_,
        user0_.nick_name as nick_na12_10_,
        user0_.phone_num as phone_n13_10_,
        user0_.profile_image as profile14_10_,
        user0_.res_red_number as res_red15_10_,
        user0_.score as score16_10_ 
    from
        user user0_
Hibernate: 
    select
        roles0_.user_id as user_id1_11_0_,
        roles0_.roles as roles2_11_0_ 
    from
        user_roles roles0_ 
    where
        roles0_.user_id=?
Hibernate: 
    select
        roles0_.user_id as user_id1_11_0_,
        roles0_.roles as roles2_11_0_ 
    from
        user_roles roles0_ 
    where
        roles0_.user_id=?
Hibernate: 
    select
        roles0_.user_id as user_id1_11_0_,
        roles0_.roles as roles2_11_0_ 
    from
        user_roles roles0_ 
    where
        roles0_.user_id=?
Hibernate: 
    select
        roles0_.user_id as user_id1_11_0_,
        roles0_.roles as roles2_11_0_ 
    from
        user_roles roles0_ 
    where
        roles0_.user_id=?
Hibernate: 
    select
        roles0_.user_id as user_id1_11_0_,
        roles0_.roles as roles2_11_0_ 
    from
        user_roles roles0_ 
    where
        roles0_.user_id=?
Hibernate: 
    insert 
    into
        story_pin
        (created_at, updated_at, category, content, user_id, image, latitude, longitude, title) 
    values
        (?, ?, ?, ?, ?, ?, ?, ?, ?)
Hibernate: 
    select
        user0_.id as id1_10_,
        user0_.created_at as created_2_10_,
        user0_.updated_at as updated_3_10_,
        user0_.age as age4_10_,
        user0_.background_image as backgrou5_10_,
        user0_.email as email6_10_,
        user0_.gender as gender7_10_,
        user0_.hobby as hobby8_10_,
        user0_.introduce as introduc9_10_,
        user0_.job as job10_10_,
        user0_.name as name11_10_,
        user0_.nick_name as nick_na12_10_,
        user0_.phone_num as phone_n13_10_,
        user0_.profile_image as profile14_10_,
        user0_.res_red_number as res_red15_10_,
        user0_.score as score16_10_ 
    from
        user user0_
Hibernate: 
    select
        roles0_.user_id as user_id1_11_0_,
        roles0_.roles as roles2_11_0_ 
    from
        user_roles roles0_ 
    where
        roles0_.user_id=?
Hibernate: 
    select
        roles0_.user_id as user_id1_11_0_,
        roles0_.roles as roles2_11_0_ 
    from
        user_roles roles0_ 
    where
        roles0_.user_id=?
Hibernate: 
    select
        roles0_.user_id as user_id1_11_0_,
        roles0_.roles as roles2_11_0_ 
    from
        user_roles roles0_ 
    where
        roles0_.user_id=?
Hibernate: 
    select
        roles0_.user_id as user_id1_11_0_,
        roles0_.roles as roles2_11_0_ 
    from
        user_roles roles0_ 
    where
        roles0_.user_id=?
Hibernate: 
    select
        roles0_.user_id as user_id1_11_0_,
        roles0_.roles as roles2_11_0_ 
    from
        user_roles roles0_ 
    where
        roles0_.user_id=?
Hibernate: 
    insert 
    into
        story_pin
        (created_at, updated_at, category, content, user_id, image, latitude, longitude, title) 
    values
        (?, ?, ?, ?, ?, ?, ?, ?, ?)
Hibernate: 
    select
        user0_.id as id1_10_,
        user0_.created_at as created_2_10_,
        user0_.updated_at as updated_3_10_,
        user0_.age as age4_10_,
        user0_.background_image as backgrou5_10_,
        user0_.email as email6_10_,
        user0_.gender as gender7_10_,
        user0_.hobby as hobby8_10_,
        user0_.introduce as introduc9_10_,
        user0_.job as job10_10_,
        user0_.name as name11_10_,
        user0_.nick_name as nick_na12_10_,
        user0_.phone_num as phone_n13_10_,
        user0_.profile_image as profile14_10_,
        user0_.res_red_number as res_red15_10_,
        user0_.score as score16_10_ 
    from
        user user0_
Hibernate: 
    select
        roles0_.user_id as user_id1_11_0_,
        roles0_.roles as roles2_11_0_ 
    from
        user_roles roles0_ 
    where
        roles0_.user_id=?
Hibernate: 
    select
        roles0_.user_id as user_id1_11_0_,
        roles0_.roles as roles2_11_0_ 
    from
        user_roles roles0_ 
    where
        roles0_.user_id=?
Hibernate: 
    select
        roles0_.user_id as user_id1_11_0_,
        roles0_.roles as roles2_11_0_ 
    from
        user_roles roles0_ 
    where
        roles0_.user_id=?
Hibernate: 
    select
        roles0_.user_id as user_id1_11_0_,
        roles0_.roles as roles2_11_0_ 
    from
        user_roles roles0_ 
    where
        roles0_.user_id=?
Hibernate: 
    select
        roles0_.user_id as user_id1_11_0_,
        roles0_.roles as roles2_11_0_ 
    from
        user_roles roles0_ 
    where
        roles0_.user_id=?
Hibernate: 
    insert 
    into
        story_pin
        (created_at, updated_at, category, content, user_id, image, latitude, longitude, title) 
    values
        (?, ?, ?, ?, ?, ?, ?, ?, ?)
Hibernate: 
    select
        user0_.id as id1_10_,
        user0_.created_at as created_2_10_,
        user0_.updated_at as updated_3_10_,
        user0_.age as age4_10_,
        user0_.background_image as backgrou5_10_,
        user0_.email as email6_10_,
        user0_.gender as gender7_10_,
        user0_.hobby as hobby8_10_,
        user0_.introduce as introduc9_10_,
        user0_.job as job10_10_,
        user0_.name as name11_10_,
        user0_.nick_name as nick_na12_10_,
        user0_.phone_num as phone_n13_10_,
        user0_.profile_image as profile14_10_,
        user0_.res_red_number as res_red15_10_,
        user0_.score as score16_10_ 
    from
        user user0_
Hibernate: 
    select
        roles0_.user_id as user_id1_11_0_,
        roles0_.roles as roles2_11_0_ 
    from
        user_roles roles0_ 
    where
        roles0_.user_id=?
Hibernate: 
    select
        roles0_.user_id as user_id1_11_0_,
        roles0_.roles as roles2_11_0_ 
    from
        user_roles roles0_ 
    where
        roles0_.user_id=?
Hibernate: 
    select
        roles0_.user_id as user_id1_11_0_,
        roles0_.roles as roles2_11_0_ 
    from
        user_roles roles0_ 
    where
        roles0_.user_id=?
Hibernate: 
    select
        roles0_.user_id as user_id1_11_0_,
        roles0_.roles as roles2_11_0_ 
    from
        user_roles roles0_ 
    where
        roles0_.user_id=?
Hibernate: 
    select
        roles0_.user_id as user_id1_11_0_,
        roles0_.roles as roles2_11_0_ 
    from
        user_roles roles0_ 
    where
        roles0_.user_id=?
Hibernate: 
    insert 
    into
        story_pin
        (created_at, updated_at, category, content, user_id, image, latitude, longitude, title) 
    values
        (?, ?, ?, ?, ?, ?, ?, ?, ?)
Hibernate: 
    select
        user0_.id as id1_10_,
        user0_.created_at as created_2_10_,
        user0_.updated_at as updated_3_10_,
        user0_.age as age4_10_,
        user0_.background_image as backgrou5_10_,
        user0_.email as email6_10_,
        user0_.gender as gender7_10_,
        user0_.hobby as hobby8_10_,
        user0_.introduce as introduc9_10_,
        user0_.job as job10_10_,
        user0_.name as name11_10_,
        user0_.nick_name as nick_na12_10_,
        user0_.phone_num as phone_n13_10_,
        user0_.profile_image as profile14_10_,
        user0_.res_red_number as res_red15_10_,
        user0_.score as score16_10_ 
    from
        user user0_
Hibernate: 
    select
        roles0_.user_id as user_id1_11_0_,
        roles0_.roles as roles2_11_0_ 
    from
        user_roles roles0_ 
    where
        roles0_.user_id=?
Hibernate: 
    select
        roles0_.user_id as user_id1_11_0_,
        roles0_.roles as roles2_11_0_ 
    from
        user_roles roles0_ 
    where
        roles0_.user_id=?
Hibernate: 
    select
        roles0_.user_id as user_id1_11_0_,
        roles0_.roles as roles2_11_0_ 
    from
        user_roles roles0_ 
    where
        roles0_.user_id=?
Hibernate: 
    select
        roles0_.user_id as user_id1_11_0_,
        roles0_.roles as roles2_11_0_ 
    from
        user_roles roles0_ 
    where
        roles0_.user_id=?
Hibernate: 
    select
        roles0_.user_id as user_id1_11_0_,
        roles0_.roles as roles2_11_0_ 
    from
        user_roles roles0_ 
    where
        roles0_.user_id=?
Hibernate: 
    insert 
    into
        story_pin
        (created_at, updated_at, category, content, user_id, image, latitude, longitude, title) 
    values
        (?, ?, ?, ?, ?, ?, ?, ?, ?)
Hibernate: 
    select
        user0_.id as id1_10_,
        user0_.created_at as created_2_10_,
        user0_.updated_at as updated_3_10_,
        user0_.age as age4_10_,
        user0_.background_image as backgrou5_10_,
        user0_.email as email6_10_,
        user0_.gender as gender7_10_,
        user0_.hobby as hobby8_10_,
        user0_.introduce as introduc9_10_,
        user0_.job as job10_10_,
        user0_.name as name11_10_,
        user0_.nick_name as nick_na12_10_,
        user0_.phone_num as phone_n13_10_,
        user0_.profile_image as profile14_10_,
        user0_.res_red_number as res_red15_10_,
        user0_.score as score16_10_ 
    from
        user user0_
Hibernate: 
    select
        roles0_.user_id as user_id1_11_0_,
        roles0_.roles as roles2_11_0_ 
    from
        user_roles roles0_ 
    where
        roles0_.user_id=?
Hibernate: 
    select
        roles0_.user_id as user_id1_11_0_,
        roles0_.roles as roles2_11_0_ 
    from
        user_roles roles0_ 
    where
        roles0_.user_id=?
Hibernate: 
    select
        roles0_.user_id as user_id1_11_0_,
        roles0_.roles as roles2_11_0_ 
    from
        user_roles roles0_ 
    where
        roles0_.user_id=?
Hibernate: 
    select
        roles0_.user_id as user_id1_11_0_,
        roles0_.roles as roles2_11_0_ 
    from
        user_roles roles0_ 
    where
        roles0_.user_id=?
Hibernate: 
    select
        roles0_.user_id as user_id1_11_0_,
        roles0_.roles as roles2_11_0_ 
    from
        user_roles roles0_ 
    where
        roles0_.user_id=?
Hibernate: 
    insert 
    into
        story_pin
        (created_at, updated_at, category, content, user_id, image, latitude, longitude, title) 
    values
        (?, ?, ?, ?, ?, ?, ?, ?, ?)
Hibernate: 
    select
        user0_.id as id1_10_,
        user0_.created_at as created_2_10_,
        user0_.updated_at as updated_3_10_,
        user0_.age as age4_10_,
        user0_.background_image as backgrou5_10_,
        user0_.email as email6_10_,
        user0_.gender as gender7_10_,
        user0_.hobby as hobby8_10_,
        user0_.introduce as introduc9_10_,
        user0_.job as job10_10_,
        user0_.name as name11_10_,
        user0_.nick_name as nick_na12_10_,
        user0_.phone_num as phone_n13_10_,
        user0_.profile_image as profile14_10_,
        user0_.res_red_number as res_red15_10_,
        user0_.score as score16_10_ 
    from
        user user0_
Hibernate: 
    select
        roles0_.user_id as user_id1_11_0_,
        roles0_.roles as roles2_11_0_ 
    from
        user_roles roles0_ 
    where
        roles0_.user_id=?
Hibernate: 
    select
        roles0_.user_id as user_id1_11_0_,
        roles0_.roles as roles2_11_0_ 
    from
        user_roles roles0_ 
    where
        roles0_.user_id=?
Hibernate: 
    select
        roles0_.user_id as user_id1_11_0_,
        roles0_.roles as roles2_11_0_ 
    from
        user_roles roles0_ 
    where
        roles0_.user_id=?
Hibernate: 
    select
        roles0_.user_id as user_id1_11_0_,
        roles0_.roles as roles2_11_0_ 
    from
        user_roles roles0_ 
    where
        roles0_.user_id=?
Hibernate: 
    select
        roles0_.user_id as user_id1_11_0_,
        roles0_.roles as roles2_11_0_ 
    from
        user_roles roles0_ 
    where
        roles0_.user_id=?
Hibernate: 
    insert 
    into
        story_pin
        (created_at, updated_at, category, content, user_id, image, latitude, longitude, title) 
    values
        (?, ?, ?, ?, ?, ?, ?, ?, ?)
Hibernate: 
    select
        user0_.id as id1_10_,
        user0_.created_at as created_2_10_,
        user0_.updated_at as updated_3_10_,
        user0_.age as age4_10_,
        user0_.background_image as backgrou5_10_,
        user0_.email as email6_10_,
        user0_.gender as gender7_10_,
        user0_.hobby as hobby8_10_,
        user0_.introduce as introduc9_10_,
        user0_.job as job10_10_,
        user0_.name as name11_10_,
        user0_.nick_name as nick_na12_10_,
        user0_.phone_num as phone_n13_10_,
        user0_.profile_image as profile14_10_,
        user0_.res_red_number as res_red15_10_,
        user0_.score as score16_10_ 
    from
        user user0_
Hibernate: 
    select
        roles0_.user_id as user_id1_11_0_,
        roles0_.roles as roles2_11_0_ 
    from
        user_roles roles0_ 
    where
        roles0_.user_id=?
Hibernate: 
    select
        roles0_.user_id as user_id1_11_0_,
        roles0_.roles as roles2_11_0_ 
    from
        user_roles roles0_ 
    where
        roles0_.user_id=?
Hibernate: 
    select
        roles0_.user_id as user_id1_11_0_,
        roles0_.roles as roles2_11_0_ 
    from
        user_roles roles0_ 
    where
        roles0_.user_id=?
Hibernate: 
    select
        roles0_.user_id as user_id1_11_0_,
        roles0_.roles as roles2_11_0_ 
    from
        user_roles roles0_ 
    where
        roles0_.user_id=?
Hibernate: 
    select
        roles0_.user_id as user_id1_11_0_,
        roles0_.roles as roles2_11_0_ 
    from
        user_roles roles0_ 
    where
        roles0_.user_id=?
Hibernate: 
    insert 
    into
        story_pin
        (created_at, updated_at, category, content, user_id, image, latitude, longitude, title) 
    values
        (?, ?, ?, ?, ?, ?, ?, ?, ?)
Hibernate: 
    select
        user0_.id as id1_10_,
        user0_.created_at as created_2_10_,
        user0_.updated_at as updated_3_10_,
        user0_.age as age4_10_,
        user0_.background_image as backgrou5_10_,
        user0_.email as email6_10_,
        user0_.gender as gender7_10_,
        user0_.hobby as hobby8_10_,
        user0_.introduce as introduc9_10_,
        user0_.job as job10_10_,
        user0_.name as name11_10_,
        user0_.nick_name as nick_na12_10_,
        user0_.phone_num as phone_n13_10_,
        user0_.profile_image as profile14_10_,
        user0_.res_red_number as res_red15_10_,
        user0_.score as score16_10_ 
    from
        user user0_
Hibernate: 
    select
        roles0_.user_id as user_id1_11_0_,
        roles0_.roles as roles2_11_0_ 
    from
        user_roles roles0_ 
    where
        roles0_.user_id=?
Hibernate: 
    select
        roles0_.user_id as user_id1_11_0_,
        roles0_.roles as roles2_11_0_ 
    from
        user_roles roles0_ 
    where
        roles0_.user_id=?
Hibernate: 
    select
        roles0_.user_id as user_id1_11_0_,
        roles0_.roles as roles2_11_0_ 
    from
        user_roles roles0_ 
    where
        roles0_.user_id=?
Hibernate: 
    select
        roles0_.user_id as user_id1_11_0_,
        roles0_.roles as roles2_11_0_ 
    from
        user_roles roles0_ 
    where
        roles0_.user_id=?
Hibernate: 
    select
        roles0_.user_id as user_id1_11_0_,
        roles0_.roles as roles2_11_0_ 
    from
        user_roles roles0_ 
    where
        roles0_.user_id=?
Hibernate: 
    insert 
    into
        story_pin
        (created_at, updated_at, category, content, user_id, image, latitude, longitude, title) 
    values
        (?, ?, ?, ?, ?, ?, ?, ?, ?)
Hibernate: 
    select
        user0_.id as id1_10_,
        user0_.created_at as created_2_10_,
        user0_.updated_at as updated_3_10_,
        user0_.age as age4_10_,
        user0_.background_image as backgrou5_10_,
        user0_.email as email6_10_,
        user0_.gender as gender7_10_,
        user0_.hobby as hobby8_10_,
        user0_.introduce as introduc9_10_,
        user0_.job as job10_10_,
        user0_.name as name11_10_,
        user0_.nick_name as nick_na12_10_,
        user0_.phone_num as phone_n13_10_,
        user0_.profile_image as profile14_10_,
        user0_.res_red_number as res_red15_10_,
        user0_.score as score16_10_ 
    from
        user user0_
Hibernate: 
    select
        roles0_.user_id as user_id1_11_0_,
        roles0_.roles as roles2_11_0_ 
    from
        user_roles roles0_ 
    where
        roles0_.user_id=?
Hibernate: 
    select
        roles0_.user_id as user_id1_11_0_,
        roles0_.roles as roles2_11_0_ 
    from
        user_roles roles0_ 
    where
        roles0_.user_id=?
Hibernate: 
    select
        roles0_.user_id as user_id1_11_0_,
        roles0_.roles as roles2_11_0_ 
    from
        user_roles roles0_ 
    where
        roles0_.user_id=?
Hibernate: 
    select
        roles0_.user_id as user_id1_11_0_,
        roles0_.roles as roles2_11_0_ 
    from
        user_roles roles0_ 
    where
        roles0_.user_id=?
Hibernate: 
    select
        roles0_.user_id as user_id1_11_0_,
        roles0_.roles as roles2_11_0_ 
    from
        user_roles roles0_ 
    where
        roles0_.user_id=?
Hibernate: 
    insert 
    into
        story_pin
        (created_at, updated_at, category, content, user_id, image, latitude, longitude, title) 
    values
        (?, ?, ?, ?, ?, ?, ?, ?, ?)
Hibernate: 
    select
        user0_.id as id1_10_,
        user0_.created_at as created_2_10_,
        user0_.updated_at as updated_3_10_,
        user0_.age as age4_10_,
        user0_.background_image as backgrou5_10_,
        user0_.email as email6_10_,
        user0_.gender as gender7_10_,
        user0_.hobby as hobby8_10_,
        user0_.introduce as introduc9_10_,
        user0_.job as job10_10_,
        user0_.name as name11_10_,
        user0_.nick_name as nick_na12_10_,
        user0_.phone_num as phone_n13_10_,
        user0_.profile_image as profile14_10_,
        user0_.res_red_number as res_red15_10_,
        user0_.score as score16_10_ 
    from
        user user0_
Hibernate: 
    select
        roles0_.user_id as user_id1_11_0_,
        roles0_.roles as roles2_11_0_ 
    from
        user_roles roles0_ 
    where
        roles0_.user_id=?
Hibernate: 
    select
        roles0_.user_id as user_id1_11_0_,
        roles0_.roles as roles2_11_0_ 
    from
        user_roles roles0_ 
    where
        roles0_.user_id=?
Hibernate: 
    select
        roles0_.user_id as user_id1_11_0_,
        roles0_.roles as roles2_11_0_ 
    from
        user_roles roles0_ 
    where
        roles0_.user_id=?
Hibernate: 
    select
        roles0_.user_id as user_id1_11_0_,
        roles0_.roles as roles2_11_0_ 
    from
        user_roles roles0_ 
    where
        roles0_.user_id=?
Hibernate: 
    select
        roles0_.user_id as user_id1_11_0_,
        roles0_.roles as roles2_11_0_ 
    from
        user_roles roles0_ 
    where
        roles0_.user_id=?
Hibernate: 
    insert 
    into
        story_pin
        (created_at, updated_at, category, content, user_id, image, latitude, longitude, title) 
    values
        (?, ?, ?, ?, ?, ?, ?, ?, ?)
Hibernate: 
    select
        user0_.id as id1_10_,
        user0_.created_at as created_2_10_,
        user0_.updated_at as updated_3_10_,
        user0_.age as age4_10_,
        user0_.background_image as backgrou5_10_,
        user0_.email as email6_10_,
        user0_.gender as gender7_10_,
        user0_.hobby as hobby8_10_,
        user0_.introduce as introduc9_10_,
        user0_.job as job10_10_,
        user0_.name as name11_10_,
        user0_.nick_name as nick_na12_10_,
        user0_.phone_num as phone_n13_10_,
        user0_.profile_image as profile14_10_,
        user0_.res_red_number as res_red15_10_,
        user0_.score as score16_10_ 
    from
        user user0_
Hibernate: 
    select
        roles0_.user_id as user_id1_11_0_,
        roles0_.roles as roles2_11_0_ 
    from
        user_roles roles0_ 
    where
        roles0_.user_id=?
Hibernate: 
    select
        roles0_.user_id as user_id1_11_0_,
        roles0_.roles as roles2_11_0_ 
    from
        user_roles roles0_ 
    where
        roles0_.user_id=?
Hibernate: 
    select
        roles0_.user_id as user_id1_11_0_,
        roles0_.roles as roles2_11_0_ 
    from
        user_roles roles0_ 
    where
        roles0_.user_id=?
Hibernate: 
    select
        roles0_.user_id as user_id1_11_0_,
        roles0_.roles as roles2_11_0_ 
    from
        user_roles roles0_ 
    where
        roles0_.user_id=?
Hibernate: 
    select
        roles0_.user_id as user_id1_11_0_,
        roles0_.roles as roles2_11_0_ 
    from
        user_roles roles0_ 
    where
        roles0_.user_id=?
Hibernate: 
    insert 
    into
        story_pin
        (created_at, updated_at, category, content, user_id, image, latitude, longitude, title) 
    values
        (?, ?, ?, ?, ?, ?, ?, ?, ?)
Hibernate: 
    select
        user0_.id as id1_10_,
        user0_.created_at as created_2_10_,
        user0_.updated_at as updated_3_10_,
        user0_.age as age4_10_,
        user0_.background_image as backgrou5_10_,
        user0_.email as email6_10_,
        user0_.gender as gender7_10_,
        user0_.hobby as hobby8_10_,
        user0_.introduce as introduc9_10_,
        user0_.job as job10_10_,
        user0_.name as name11_10_,
        user0_.nick_name as nick_na12_10_,
        user0_.phone_num as phone_n13_10_,
        user0_.profile_image as profile14_10_,
        user0_.res_red_number as res_red15_10_,
        user0_.score as score16_10_ 
    from
        user user0_
Hibernate: 
    select
        roles0_.user_id as user_id1_11_0_,
        roles0_.roles as roles2_11_0_ 
    from
        user_roles roles0_ 
    where
        roles0_.user_id=?
Hibernate: 
    select
        roles0_.user_id as user_id1_11_0_,
        roles0_.roles as roles2_11_0_ 
    from
        user_roles roles0_ 
    where
        roles0_.user_id=?
Hibernate: 
    select
        roles0_.user_id as user_id1_11_0_,
        roles0_.roles as roles2_11_0_ 
    from
        user_roles roles0_ 
    where
        roles0_.user_id=?
Hibernate: 
    select
        roles0_.user_id as user_id1_11_0_,
        roles0_.roles as roles2_11_0_ 
    from
        user_roles roles0_ 
    where
        roles0_.user_id=?
Hibernate: 
    select
        roles0_.user_id as user_id1_11_0_,
        roles0_.roles as roles2_11_0_ 
    from
        user_roles roles0_ 
    where
        roles0_.user_id=?
Hibernate: 
    insert 
    into
        story_pin
        (created_at, updated_at, category, content, user_id, image, latitude, longitude, title) 
    values
        (?, ?, ?, ?, ?, ?, ?, ?, ?)
Hibernate: 
    select
        user0_.id as id1_10_,
        user0_.created_at as created_2_10_,
        user0_.updated_at as updated_3_10_,
        user0_.age as age4_10_,
        user0_.background_image as backgrou5_10_,
        user0_.email as email6_10_,
        user0_.gender as gender7_10_,
        user0_.hobby as hobby8_10_,
        user0_.introduce as introduc9_10_,
        user0_.job as job10_10_,
        user0_.name as name11_10_,
        user0_.nick_name as nick_na12_10_,
        user0_.phone_num as phone_n13_10_,
        user0_.profile_image as profile14_10_,
        user0_.res_red_number as res_red15_10_,
        user0_.score as score16_10_ 
    from
        user user0_
Hibernate: 
    select
        roles0_.user_id as user_id1_11_0_,
        roles0_.roles as roles2_11_0_ 
    from
        user_roles roles0_ 
    where
        roles0_.user_id=?
Hibernate: 
    select
        roles0_.user_id as user_id1_11_0_,
        roles0_.roles as roles2_11_0_ 
    from
        user_roles roles0_ 
    where
        roles0_.user_id=?
Hibernate: 
    select
        roles0_.user_id as user_id1_11_0_,
        roles0_.roles as roles2_11_0_ 
    from
        user_roles roles0_ 
    where
        roles0_.user_id=?
Hibernate: 
    select
        roles0_.user_id as user_id1_11_0_,
        roles0_.roles as roles2_11_0_ 
    from
        user_roles roles0_ 
    where
        roles0_.user_id=?
Hibernate: 
    select
        roles0_.user_id as user_id1_11_0_,
        roles0_.roles as roles2_11_0_ 
    from
        user_roles roles0_ 
    where
        roles0_.user_id=?
Hibernate: 
    insert 
    into
        story_pin
        (created_at, updated_at, category, content, user_id, image, latitude, longitude, title) 
    values
        (?, ?, ?, ?, ?, ?, ?, ?, ?)
Hibernate: 
    select
        user0_.id as id1_10_,
        user0_.created_at as created_2_10_,
        user0_.updated_at as updated_3_10_,
        user0_.age as age4_10_,
        user0_.background_image as backgrou5_10_,
        user0_.email as email6_10_,
        user0_.gender as gender7_10_,
        user0_.hobby as hobby8_10_,
        user0_.introduce as introduc9_10_,
        user0_.job as job10_10_,
        user0_.name as name11_10_,
        user0_.nick_name as nick_na12_10_,
        user0_.phone_num as phone_n13_10_,
        user0_.profile_image as profile14_10_,
        user0_.res_red_number as res_red15_10_,
        user0_.score as score16_10_ 
    from
        user user0_
Hibernate: 
    select
        roles0_.user_id as user_id1_11_0_,
        roles0_.roles as roles2_11_0_ 
    from
        user_roles roles0_ 
    where
        roles0_.user_id=?
Hibernate: 
    select
        roles0_.user_id as user_id1_11_0_,
        roles0_.roles as roles2_11_0_ 
    from
        user_roles roles0_ 
    where
        roles0_.user_id=?
Hibernate: 
    select
        roles0_.user_id as user_id1_11_0_,
        roles0_.roles as roles2_11_0_ 
    from
        user_roles roles0_ 
    where
        roles0_.user_id=?
Hibernate: 
    select
        roles0_.user_id as user_id1_11_0_,
        roles0_.roles as roles2_11_0_ 
    from
        user_roles roles0_ 
    where
        roles0_.user_id=?
Hibernate: 
    select
        roles0_.user_id as user_id1_11_0_,
        roles0_.roles as roles2_11_0_ 
    from
        user_roles roles0_ 
    where
        roles0_.user_id=?
Hibernate: 
    insert 
    into
        story_pin
        (created_at, updated_at, category, content, user_id, image, latitude, longitude, title) 
    values
        (?, ?, ?, ?, ?, ?, ?, ?, ?)
Hibernate: 
    select
        user0_.id as id1_10_,
        user0_.created_at as created_2_10_,
        user0_.updated_at as updated_3_10_,
        user0_.age as age4_10_,
        user0_.background_image as backgrou5_10_,
        user0_.email as email6_10_,
        user0_.gender as gender7_10_,
        user0_.hobby as hobby8_10_,
        user0_.introduce as introduc9_10_,
        user0_.job as job10_10_,
        user0_.name as name11_10_,
        user0_.nick_name as nick_na12_10_,
        user0_.phone_num as phone_n13_10_,
        user0_.profile_image as profile14_10_,
        user0_.res_red_number as res_red15_10_,
        user0_.score as score16_10_ 
    from
        user user0_
Hibernate: 
    select
        roles0_.user_id as user_id1_11_0_,
        roles0_.roles as roles2_11_0_ 
    from
        user_roles roles0_ 
    where
        roles0_.user_id=?
Hibernate: 
    select
        roles0_.user_id as user_id1_11_0_,
        roles0_.roles as roles2_11_0_ 
    from
        user_roles roles0_ 
    where
        roles0_.user_id=?
Hibernate: 
    select
        roles0_.user_id as user_id1_11_0_,
        roles0_.roles as roles2_11_0_ 
    from
        user_roles roles0_ 
    where
        roles0_.user_id=?
Hibernate: 
    select
        roles0_.user_id as user_id1_11_0_,
        roles0_.roles as roles2_11_0_ 
    from
        user_roles roles0_ 
    where
        roles0_.user_id=?
Hibernate: 
    select
        roles0_.user_id as user_id1_11_0_,
        roles0_.roles as roles2_11_0_ 
    from
        user_roles roles0_ 
    where
        roles0_.user_id=?
Hibernate: 
    insert 
    into
        story_pin
        (created_at, updated_at, category, content, user_id, image, latitude, longitude, title) 
    values
        (?, ?, ?, ?, ?, ?, ?, ?, ?)
Hibernate: 
    select
        user0_.id as id1_10_,
        user0_.created_at as created_2_10_,
        user0_.updated_at as updated_3_10_,
        user0_.age as age4_10_,
        user0_.background_image as backgrou5_10_,
        user0_.email as email6_10_,
        user0_.gender as gender7_10_,
        user0_.hobby as hobby8_10_,
        user0_.introduce as introduc9_10_,
        user0_.job as job10_10_,
        user0_.name as name11_10_,
        user0_.nick_name as nick_na12_10_,
        user0_.phone_num as phone_n13_10_,
        user0_.profile_image as profile14_10_,
        user0_.res_red_number as res_red15_10_,
        user0_.score as score16_10_ 
    from
        user user0_
Hibernate: 
    select
        roles0_.user_id as user_id1_11_0_,
        roles0_.roles as roles2_11_0_ 
    from
        user_roles roles0_ 
    where
        roles0_.user_id=?
Hibernate: 
    select
        roles0_.user_id as user_id1_11_0_,
        roles0_.roles as roles2_11_0_ 
    from
        user_roles roles0_ 
    where
        roles0_.user_id=?
Hibernate: 
    select
        roles0_.user_id as user_id1_11_0_,
        roles0_.roles as roles2_11_0_ 
    from
        user_roles roles0_ 
    where
        roles0_.user_id=?
Hibernate: 
    select
        roles0_.user_id as user_id1_11_0_,
        roles0_.roles as roles2_11_0_ 
    from
        user_roles roles0_ 
    where
        roles0_.user_id=?
Hibernate: 
    select
        roles0_.user_id as user_id1_11_0_,
        roles0_.roles as roles2_11_0_ 
    from
        user_roles roles0_ 
    where
        roles0_.user_id=?
Hibernate: 
    insert 
    into
        story_pin
        (created_at, updated_at, category, content, user_id, image, latitude, longitude, title) 
    values
        (?, ?, ?, ?, ?, ?, ?, ?, ?)
Hibernate: 
    select
        user0_.id as id1_10_,
        user0_.created_at as created_2_10_,
        user0_.updated_at as updated_3_10_,
        user0_.age as age4_10_,
        user0_.background_image as backgrou5_10_,
        user0_.email as email6_10_,
        user0_.gender as gender7_10_,
        user0_.hobby as hobby8_10_,
        user0_.introduce as introduc9_10_,
        user0_.job as job10_10_,
        user0_.name as name11_10_,
        user0_.nick_name as nick_na12_10_,
        user0_.phone_num as phone_n13_10_,
        user0_.profile_image as profile14_10_,
        user0_.res_red_number as res_red15_10_,
        user0_.score as score16_10_ 
    from
        user user0_
Hibernate: 
    select
        roles0_.user_id as user_id1_11_0_,
        roles0_.roles as roles2_11_0_ 
    from
        user_roles roles0_ 
    where
        roles0_.user_id=?
Hibernate: 
    select
        roles0_.user_id as user_id1_11_0_,
        roles0_.roles as roles2_11_0_ 
    from
        user_roles roles0_ 
    where
        roles0_.user_id=?
Hibernate: 
    select
        roles0_.user_id as user_id1_11_0_,
        roles0_.roles as roles2_11_0_ 
    from
        user_roles roles0_ 
    where
        roles0_.user_id=?
Hibernate: 
    select
        roles0_.user_id as user_id1_11_0_,
        roles0_.roles as roles2_11_0_ 
    from
        user_roles roles0_ 
    where
        roles0_.user_id=?
Hibernate: 
    select
        roles0_.user_id as user_id1_11_0_,
        roles0_.roles as roles2_11_0_ 
    from
        user_roles roles0_ 
    where
        roles0_.user_id=?
Hibernate: 
    insert 
    into
        story_pin
        (created_at, updated_at, category, content, user_id, image, latitude, longitude, title) 
    values
        (?, ?, ?, ?, ?, ?, ?, ?, ?)
Hibernate: 
    select
        user0_.id as id1_10_,
        user0_.created_at as created_2_10_,
        user0_.updated_at as updated_3_10_,
        user0_.age as age4_10_,
        user0_.background_image as backgrou5_10_,
        user0_.email as email6_10_,
        user0_.gender as gender7_10_,
        user0_.hobby as hobby8_10_,
        user0_.introduce as introduc9_10_,
        user0_.job as job10_10_,
        user0_.name as name11_10_,
        user0_.nick_name as nick_na12_10_,
        user0_.phone_num as phone_n13_10_,
        user0_.profile_image as profile14_10_,
        user0_.res_red_number as res_red15_10_,
        user0_.score as score16_10_ 
    from
        user user0_
Hibernate: 
    select
        roles0_.user_id as user_id1_11_0_,
        roles0_.roles as roles2_11_0_ 
    from
        user_roles roles0_ 
    where
        roles0_.user_id=?
Hibernate: 
    select
        roles0_.user_id as user_id1_11_0_,
        roles0_.roles as roles2_11_0_ 
    from
        user_roles roles0_ 
    where
        roles0_.user_id=?
Hibernate: 
    select
        roles0_.user_id as user_id1_11_0_,
        roles0_.roles as roles2_11_0_ 
    from
        user_roles roles0_ 
    where
        roles0_.user_id=?
Hibernate: 
    select
        roles0_.user_id as user_id1_11_0_,
        roles0_.roles as roles2_11_0_ 
    from
        user_roles roles0_ 
    where
        roles0_.user_id=?
Hibernate: 
    select
        roles0_.user_id as user_id1_11_0_,
        roles0_.roles as roles2_11_0_ 
    from
        user_roles roles0_ 
    where
        roles0_.user_id=?
Hibernate: 
    insert 
    into
        story_pin
        (created_at, updated_at, category, content, user_id, image, latitude, longitude, title) 
    values
        (?, ?, ?, ?, ?, ?, ?, ?, ?)
Hibernate: 
    select
        user0_.id as id1_10_,
        user0_.created_at as created_2_10_,
        user0_.updated_at as updated_3_10_,
        user0_.age as age4_10_,
        user0_.background_image as backgrou5_10_,
        user0_.email as email6_10_,
        user0_.gender as gender7_10_,
        user0_.hobby as hobby8_10_,
        user0_.introduce as introduc9_10_,
        user0_.job as job10_10_,
        user0_.name as name11_10_,
        user0_.nick_name as nick_na12_10_,
        user0_.phone_num as phone_n13_10_,
        user0_.profile_image as profile14_10_,
        user0_.res_red_number as res_red15_10_,
        user0_.score as score16_10_ 
    from
        user user0_
Hibernate: 
    select
        roles0_.user_id as user_id1_11_0_,
        roles0_.roles as roles2_11_0_ 
    from
        user_roles roles0_ 
    where
        roles0_.user_id=?
Hibernate: 
    select
        roles0_.user_id as user_id1_11_0_,
        roles0_.roles as roles2_11_0_ 
    from
        user_roles roles0_ 
    where
        roles0_.user_id=?
Hibernate: 
    select
        roles0_.user_id as user_id1_11_0_,
        roles0_.roles as roles2_11_0_ 
    from
        user_roles roles0_ 
    where
        roles0_.user_id=?
Hibernate: 
    select
        roles0_.user_id as user_id1_11_0_,
        roles0_.roles as roles2_11_0_ 
    from
        user_roles roles0_ 
    where
        roles0_.user_id=?
Hibernate: 
    select
        roles0_.user_id as user_id1_11_0_,
        roles0_.roles as roles2_11_0_ 
    from
        user_roles roles0_ 
    where
        roles0_.user_id=?
Hibernate: 
    insert 
    into
        story_pin
        (created_at, updated_at, category, content, user_id, image, latitude, longitude, title) 
    values
        (?, ?, ?, ?, ?, ?, ?, ?, ?)
Hibernate: 
    select
        user0_.id as id1_10_,
        user0_.created_at as created_2_10_,
        user0_.updated_at as updated_3_10_,
        user0_.age as age4_10_,
        user0_.background_image as backgrou5_10_,
        user0_.email as email6_10_,
        user0_.gender as gender7_10_,
        user0_.hobby as hobby8_10_,
        user0_.introduce as introduc9_10_,
        user0_.job as job10_10_,
        user0_.name as name11_10_,
        user0_.nick_name as nick_na12_10_,
        user0_.phone_num as phone_n13_10_,
        user0_.profile_image as profile14_10_,
        user0_.res_red_number as res_red15_10_,
        user0_.score as score16_10_ 
    from
        user user0_
Hibernate: 
    select
        roles0_.user_id as user_id1_11_0_,
        roles0_.roles as roles2_11_0_ 
    from
        user_roles roles0_ 
    where
        roles0_.user_id=?
Hibernate: 
    select
        roles0_.user_id as user_id1_11_0_,
        roles0_.roles as roles2_11_0_ 
    from
        user_roles roles0_ 
    where
        roles0_.user_id=?
Hibernate: 
    select
        roles0_.user_id as user_id1_11_0_,
        roles0_.roles as roles2_11_0_ 
    from
        user_roles roles0_ 
    where
        roles0_.user_id=?
Hibernate: 
    select
        roles0_.user_id as user_id1_11_0_,
        roles0_.roles as roles2_11_0_ 
    from
        user_roles roles0_ 
    where
        roles0_.user_id=?
Hibernate: 
    select
        roles0_.user_id as user_id1_11_0_,
        roles0_.roles as roles2_11_0_ 
    from
        user_roles roles0_ 
    where
        roles0_.user_id=?
Hibernate: 
    insert 
    into
        story_pin
        (created_at, updated_at, category, content, user_id, image, latitude, longitude, title) 
    values
        (?, ?, ?, ?, ?, ?, ?, ?, ?)
Hibernate: 
    select
        user0_.id as id1_10_,
        user0_.created_at as created_2_10_,
        user0_.updated_at as updated_3_10_,
        user0_.age as age4_10_,
        user0_.background_image as backgrou5_10_,
        user0_.email as email6_10_,
        user0_.gender as gender7_10_,
        user0_.hobby as hobby8_10_,
        user0_.introduce as introduc9_10_,
        user0_.job as job10_10_,
        user0_.name as name11_10_,
        user0_.nick_name as nick_na12_10_,
        user0_.phone_num as phone_n13_10_,
        user0_.profile_image as profile14_10_,
        user0_.res_red_number as res_red15_10_,
        user0_.score as score16_10_ 
    from
        user user0_
Hibernate: 
    select
        roles0_.user_id as user_id1_11_0_,
        roles0_.roles as roles2_11_0_ 
    from
        user_roles roles0_ 
    where
        roles0_.user_id=?
Hibernate: 
    select
        roles0_.user_id as user_id1_11_0_,
        roles0_.roles as roles2_11_0_ 
    from
        user_roles roles0_ 
    where
        roles0_.user_id=?
Hibernate: 
    select
        roles0_.user_id as user_id1_11_0_,
        roles0_.roles as roles2_11_0_ 
    from
        user_roles roles0_ 
    where
        roles0_.user_id=?
Hibernate: 
    select
        roles0_.user_id as user_id1_11_0_,
        roles0_.roles as roles2_11_0_ 
    from
        user_roles roles0_ 
    where
        roles0_.user_id=?
Hibernate: 
    select
        roles0_.user_id as user_id1_11_0_,
        roles0_.roles as roles2_11_0_ 
    from
        user_roles roles0_ 
    where
        roles0_.user_id=?
Hibernate: 
    insert 
    into
        story_pin
        (created_at, updated_at, category, content, user_id, image, latitude, longitude, title) 
    values
        (?, ?, ?, ?, ?, ?, ?, ?, ?)
Hibernate: 
    select
        user0_.id as id1_10_,
        user0_.created_at as created_2_10_,
        user0_.updated_at as updated_3_10_,
        user0_.age as age4_10_,
        user0_.background_image as backgrou5_10_,
        user0_.email as email6_10_,
        user0_.gender as gender7_10_,
        user0_.hobby as hobby8_10_,
        user0_.introduce as introduc9_10_,
        user0_.job as job10_10_,
        user0_.name as name11_10_,
        user0_.nick_name as nick_na12_10_,
        user0_.phone_num as phone_n13_10_,
        user0_.profile_image as profile14_10_,
        user0_.res_red_number as res_red15_10_,
        user0_.score as score16_10_ 
    from
        user user0_
Hibernate: 
    select
        roles0_.user_id as user_id1_11_0_,
        roles0_.roles as roles2_11_0_ 
    from
        user_roles roles0_ 
    where
        roles0_.user_id=?
Hibernate: 
    select
        roles0_.user_id as user_id1_11_0_,
        roles0_.roles as roles2_11_0_ 
    from
        user_roles roles0_ 
    where
        roles0_.user_id=?
Hibernate: 
    select
        roles0_.user_id as user_id1_11_0_,
        roles0_.roles as roles2_11_0_ 
    from
        user_roles roles0_ 
    where
        roles0_.user_id=?
Hibernate: 
    select
        roles0_.user_id as user_id1_11_0_,
        roles0_.roles as roles2_11_0_ 
    from
        user_roles roles0_ 
    where
        roles0_.user_id=?
Hibernate: 
    select
        roles0_.user_id as user_id1_11_0_,
        roles0_.roles as roles2_11_0_ 
    from
        user_roles roles0_ 
    where
        roles0_.user_id=?
Hibernate: 
    insert 
    into
        story_pin
        (created_at, updated_at, category, content, user_id, image, latitude, longitude, title) 
    values
        (?, ?, ?, ?, ?, ?, ?, ?, ?)
Hibernate: 
    select
        user0_.id as id1_10_,
        user0_.created_at as created_2_10_,
        user0_.updated_at as updated_3_10_,
        user0_.age as age4_10_,
        user0_.background_image as backgrou5_10_,
        user0_.email as email6_10_,
        user0_.gender as gender7_10_,
        user0_.hobby as hobby8_10_,
        user0_.introduce as introduc9_10_,
        user0_.job as job10_10_,
        user0_.name as name11_10_,
        user0_.nick_name as nick_na12_10_,
        user0_.phone_num as phone_n13_10_,
        user0_.profile_image as profile14_10_,
        user0_.res_red_number as res_red15_10_,
        user0_.score as score16_10_ 
    from
        user user0_
Hibernate: 
    select
        roles0_.user_id as user_id1_11_0_,
        roles0_.roles as roles2_11_0_ 
    from
        user_roles roles0_ 
    where
        roles0_.user_id=?
Hibernate: 
    select
        roles0_.user_id as user_id1_11_0_,
        roles0_.roles as roles2_11_0_ 
    from
        user_roles roles0_ 
    where
        roles0_.user_id=?
Hibernate: 
    select
        roles0_.user_id as user_id1_11_0_,
        roles0_.roles as roles2_11_0_ 
    from
        user_roles roles0_ 
    where
        roles0_.user_id=?
Hibernate: 
    select
        roles0_.user_id as user_id1_11_0_,
        roles0_.roles as roles2_11_0_ 
    from
        user_roles roles0_ 
    where
        roles0_.user_id=?
Hibernate: 
    select
        roles0_.user_id as user_id1_11_0_,
        roles0_.roles as roles2_11_0_ 
    from
        user_roles roles0_ 
    where
        roles0_.user_id=?
Hibernate: 
    insert 
    into
        story_pin
        (created_at, updated_at, category, content, user_id, image, latitude, longitude, title) 
    values
        (?, ?, ?, ?, ?, ?, ?, ?, ?)
Hibernate: 
    select
        user0_.id as id1_10_,
        user0_.created_at as created_2_10_,
        user0_.updated_at as updated_3_10_,
        user0_.age as age4_10_,
        user0_.background_image as backgrou5_10_,
        user0_.email as email6_10_,
        user0_.gender as gender7_10_,
        user0_.hobby as hobby8_10_,
        user0_.introduce as introduc9_10_,
        user0_.job as job10_10_,
        user0_.name as name11_10_,
        user0_.nick_name as nick_na12_10_,
        user0_.phone_num as phone_n13_10_,
        user0_.profile_image as profile14_10_,
        user0_.res_red_number as res_red15_10_,
        user0_.score as score16_10_ 
    from
        user user0_
Hibernate: 
    select
        roles0_.user_id as user_id1_11_0_,
        roles0_.roles as roles2_11_0_ 
    from
        user_roles roles0_ 
    where
        roles0_.user_id=?
Hibernate: 
    select
        roles0_.user_id as user_id1_11_0_,
        roles0_.roles as roles2_11_0_ 
    from
        user_roles roles0_ 
    where
        roles0_.user_id=?
Hibernate: 
    select
        roles0_.user_id as user_id1_11_0_,
        roles0_.roles as roles2_11_0_ 
    from
        user_roles roles0_ 
    where
        roles0_.user_id=?
Hibernate: 
    select
        roles0_.user_id as user_id1_11_0_,
        roles0_.roles as roles2_11_0_ 
    from
        user_roles roles0_ 
    where
        roles0_.user_id=?
Hibernate: 
    select
        roles0_.user_id as user_id1_11_0_,
        roles0_.roles as roles2_11_0_ 
    from
        user_roles roles0_ 
    where
        roles0_.user_id=?
Hibernate: 
    insert 
    into
        story_pin
        (created_at, updated_at, category, content, user_id, image, latitude, longitude, title) 
    values
        (?, ?, ?, ?, ?, ?, ?, ?, ?)
Hibernate: 
    select
        user0_.id as id1_10_,
        user0_.created_at as created_2_10_,
        user0_.updated_at as updated_3_10_,
        user0_.age as age4_10_,
        user0_.background_image as backgrou5_10_,
        user0_.email as email6_10_,
        user0_.gender as gender7_10_,
        user0_.hobby as hobby8_10_,
        user0_.introduce as introduc9_10_,
        user0_.job as job10_10_,
        user0_.name as name11_10_,
        user0_.nick_name as nick_na12_10_,
        user0_.phone_num as phone_n13_10_,
        user0_.profile_image as profile14_10_,
        user0_.res_red_number as res_red15_10_,
        user0_.score as score16_10_ 
    from
        user user0_
Hibernate: 
    select
        roles0_.user_id as user_id1_11_0_,
        roles0_.roles as roles2_11_0_ 
    from
        user_roles roles0_ 
    where
        roles0_.user_id=?
Hibernate: 
    select
        roles0_.user_id as user_id1_11_0_,
        roles0_.roles as roles2_11_0_ 
    from
        user_roles roles0_ 
    where
        roles0_.user_id=?
Hibernate: 
    select
        roles0_.user_id as user_id1_11_0_,
        roles0_.roles as roles2_11_0_ 
    from
        user_roles roles0_ 
    where
        roles0_.user_id=?
Hibernate: 
    select
        roles0_.user_id as user_id1_11_0_,
        roles0_.roles as roles2_11_0_ 
    from
        user_roles roles0_ 
    where
        roles0_.user_id=?
Hibernate: 
    select
        roles0_.user_id as user_id1_11_0_,
        roles0_.roles as roles2_11_0_ 
    from
        user_roles roles0_ 
    where
        roles0_.user_id=?
Hibernate: 
    insert 
    into
        story_pin
        (created_at, updated_at, category, content, user_id, image, latitude, longitude, title) 
    values
        (?, ?, ?, ?, ?, ?, ?, ?, ?)
Hibernate: 
    select
        user0_.id as id1_10_,
        user0_.created_at as created_2_10_,
        user0_.updated_at as updated_3_10_,
        user0_.age as age4_10_,
        user0_.background_image as backgrou5_10_,
        user0_.email as email6_10_,
        user0_.gender as gender7_10_,
        user0_.hobby as hobby8_10_,
        user0_.introduce as introduc9_10_,
        user0_.job as job10_10_,
        user0_.name as name11_10_,
        user0_.nick_name as nick_na12_10_,
        user0_.phone_num as phone_n13_10_,
        user0_.profile_image as profile14_10_,
        user0_.res_red_number as res_red15_10_,
        user0_.score as score16_10_ 
    from
        user user0_
Hibernate: 
    select
        roles0_.user_id as user_id1_11_0_,
        roles0_.roles as roles2_11_0_ 
    from
        user_roles roles0_ 
    where
        roles0_.user_id=?
Hibernate: 
    select
        roles0_.user_id as user_id1_11_0_,
        roles0_.roles as roles2_11_0_ 
    from
        user_roles roles0_ 
    where
        roles0_.user_id=?
Hibernate: 
    select
        roles0_.user_id as user_id1_11_0_,
        roles0_.roles as roles2_11_0_ 
    from
        user_roles roles0_ 
    where
        roles0_.user_id=?
Hibernate: 
    select
        roles0_.user_id as user_id1_11_0_,
        roles0_.roles as roles2_11_0_ 
    from
        user_roles roles0_ 
    where
        roles0_.user_id=?
Hibernate: 
    select
        roles0_.user_id as user_id1_11_0_,
        roles0_.roles as roles2_11_0_ 
    from
        user_roles roles0_ 
    where
        roles0_.user_id=?
Hibernate: 
    insert 
    into
        story_pin
        (created_at, updated_at, category, content, user_id, image, latitude, longitude, title) 
    values
        (?, ?, ?, ?, ?, ?, ?, ?, ?)
Hibernate: 
    select
        user0_.id as id1_10_,
        user0_.created_at as created_2_10_,
        user0_.updated_at as updated_3_10_,
        user0_.age as age4_10_,
        user0_.background_image as backgrou5_10_,
        user0_.email as email6_10_,
        user0_.gender as gender7_10_,
        user0_.hobby as hobby8_10_,
        user0_.introduce as introduc9_10_,
        user0_.job as job10_10_,
        user0_.name as name11_10_,
        user0_.nick_name as nick_na12_10_,
        user0_.phone_num as phone_n13_10_,
        user0_.profile_image as profile14_10_,
        user0_.res_red_number as res_red15_10_,
        user0_.score as score16_10_ 
    from
        user user0_
Hibernate: 
    select
        roles0_.user_id as user_id1_11_0_,
        roles0_.roles as roles2_11_0_ 
    from
        user_roles roles0_ 
    where
        roles0_.user_id=?
Hibernate: 
    select
        roles0_.user_id as user_id1_11_0_,
        roles0_.roles as roles2_11_0_ 
    from
        user_roles roles0_ 
    where
        roles0_.user_id=?
Hibernate: 
    select
        roles0_.user_id as user_id1_11_0_,
        roles0_.roles as roles2_11_0_ 
    from
        user_roles roles0_ 
    where
        roles0_.user_id=?
Hibernate: 
    select
        roles0_.user_id as user_id1_11_0_,
        roles0_.roles as roles2_11_0_ 
    from
        user_roles roles0_ 
    where
        roles0_.user_id=?
Hibernate: 
    select
        roles0_.user_id as user_id1_11_0_,
        roles0_.roles as roles2_11_0_ 
    from
        user_roles roles0_ 
    where
        roles0_.user_id=?
Hibernate: 
    insert 
    into
        story_pin
        (created_at, updated_at, category, content, user_id, image, latitude, longitude, title) 
    values
        (?, ?, ?, ?, ?, ?, ?, ?, ?)
Hibernate: 
    select
        user0_.id as id1_10_,
        user0_.created_at as created_2_10_,
        user0_.updated_at as updated_3_10_,
        user0_.age as age4_10_,
        user0_.background_image as backgrou5_10_,
        user0_.email as email6_10_,
        user0_.gender as gender7_10_,
        user0_.hobby as hobby8_10_,
        user0_.introduce as introduc9_10_,
        user0_.job as job10_10_,
        user0_.name as name11_10_,
        user0_.nick_name as nick_na12_10_,
        user0_.phone_num as phone_n13_10_,
        user0_.profile_image as profile14_10_,
        user0_.res_red_number as res_red15_10_,
        user0_.score as score16_10_ 
    from
        user user0_
Hibernate: 
    select
        roles0_.user_id as user_id1_11_0_,
        roles0_.roles as roles2_11_0_ 
    from
        user_roles roles0_ 
    where
        roles0_.user_id=?
Hibernate: 
    select
        roles0_.user_id as user_id1_11_0_,
        roles0_.roles as roles2_11_0_ 
    from
        user_roles roles0_ 
    where
        roles0_.user_id=?
Hibernate: 
    select
        roles0_.user_id as user_id1_11_0_,
        roles0_.roles as roles2_11_0_ 
    from
        user_roles roles0_ 
    where
        roles0_.user_id=?
Hibernate: 
    select
        roles0_.user_id as user_id1_11_0_,
        roles0_.roles as roles2_11_0_ 
    from
        user_roles roles0_ 
    where
        roles0_.user_id=?
Hibernate: 
    select
        roles0_.user_id as user_id1_11_0_,
        roles0_.roles as roles2_11_0_ 
    from
        user_roles roles0_ 
    where
        roles0_.user_id=?
Hibernate: 
    insert 
    into
        story_pin
        (created_at, updated_at, category, content, user_id, image, latitude, longitude, title) 
    values
        (?, ?, ?, ?, ?, ?, ?, ?, ?)
Hibernate: 
    select
        user0_.id as id1_10_,
        user0_.created_at as created_2_10_,
        user0_.updated_at as updated_3_10_,
        user0_.age as age4_10_,
        user0_.background_image as backgrou5_10_,
        user0_.email as email6_10_,
        user0_.gender as gender7_10_,
        user0_.hobby as hobby8_10_,
        user0_.introduce as introduc9_10_,
        user0_.job as job10_10_,
        user0_.name as name11_10_,
        user0_.nick_name as nick_na12_10_,
        user0_.phone_num as phone_n13_10_,
        user0_.profile_image as profile14_10_,
        user0_.res_red_number as res_red15_10_,
        user0_.score as score16_10_ 
    from
        user user0_
Hibernate: 
    select
        roles0_.user_id as user_id1_11_0_,
        roles0_.roles as roles2_11_0_ 
    from
        user_roles roles0_ 
    where
        roles0_.user_id=?
Hibernate: 
    select
        roles0_.user_id as user_id1_11_0_,
        roles0_.roles as roles2_11_0_ 
    from
        user_roles roles0_ 
    where
        roles0_.user_id=?
Hibernate: 
    select
        roles0_.user_id as user_id1_11_0_,
        roles0_.roles as roles2_11_0_ 
    from
        user_roles roles0_ 
    where
        roles0_.user_id=?
Hibernate: 
    select
        roles0_.user_id as user_id1_11_0_,
        roles0_.roles as roles2_11_0_ 
    from
        user_roles roles0_ 
    where
        roles0_.user_id=?
Hibernate: 
    select
        roles0_.user_id as user_id1_11_0_,
        roles0_.roles as roles2_11_0_ 
    from
        user_roles roles0_ 
    where
        roles0_.user_id=?
Hibernate: 
    insert 
    into
        story_pin
        (created_at, updated_at, category, content, user_id, image, latitude, longitude, title) 
    values
        (?, ?, ?, ?, ?, ?, ?, ?, ?)
Hibernate: 
    select
        user0_.id as id1_10_,
        user0_.created_at as created_2_10_,
        user0_.updated_at as updated_3_10_,
        user0_.age as age4_10_,
        user0_.background_image as backgrou5_10_,
        user0_.email as email6_10_,
        user0_.gender as gender7_10_,
        user0_.hobby as hobby8_10_,
        user0_.introduce as introduc9_10_,
        user0_.job as job10_10_,
        user0_.name as name11_10_,
        user0_.nick_name as nick_na12_10_,
        user0_.phone_num as phone_n13_10_,
        user0_.profile_image as profile14_10_,
        user0_.res_red_number as res_red15_10_,
        user0_.score as score16_10_ 
    from
        user user0_
Hibernate: 
    select
        roles0_.user_id as user_id1_11_0_,
        roles0_.roles as roles2_11_0_ 
    from
        user_roles roles0_ 
    where
        roles0_.user_id=?
Hibernate: 
    select
        roles0_.user_id as user_id1_11_0_,
        roles0_.roles as roles2_11_0_ 
    from
        user_roles roles0_ 
    where
        roles0_.user_id=?
Hibernate: 
    select
        roles0_.user_id as user_id1_11_0_,
        roles0_.roles as roles2_11_0_ 
    from
        user_roles roles0_ 
    where
        roles0_.user_id=?
Hibernate: 
    select
        roles0_.user_id as user_id1_11_0_,
        roles0_.roles as roles2_11_0_ 
    from
        user_roles roles0_ 
    where
        roles0_.user_id=?
Hibernate: 
    select
        roles0_.user_id as user_id1_11_0_,
        roles0_.roles as roles2_11_0_ 
    from
        user_roles roles0_ 
    where
        roles0_.user_id=?
Hibernate: 
    insert 
    into
        story_pin
        (created_at, updated_at, category, content, user_id, image, latitude, longitude, title) 
    values
        (?, ?, ?, ?, ?, ?, ?, ?, ?)
Hibernate: 
    select
        user0_.id as id1_10_,
        user0_.created_at as created_2_10_,
        user0_.updated_at as updated_3_10_,
        user0_.age as age4_10_,
        user0_.background_image as backgrou5_10_,
        user0_.email as email6_10_,
        user0_.gender as gender7_10_,
        user0_.hobby as hobby8_10_,
        user0_.introduce as introduc9_10_,
        user0_.job as job10_10_,
        user0_.name as name11_10_,
        user0_.nick_name as nick_na12_10_,
        user0_.phone_num as phone_n13_10_,
        user0_.profile_image as profile14_10_,
        user0_.res_red_number as res_red15_10_,
        user0_.score as score16_10_ 
    from
        user user0_
Hibernate: 
    select
        roles0_.user_id as user_id1_11_0_,
        roles0_.roles as roles2_11_0_ 
    from
        user_roles roles0_ 
    where
        roles0_.user_id=?
Hibernate: 
    select
        roles0_.user_id as user_id1_11_0_,
        roles0_.roles as roles2_11_0_ 
    from
        user_roles roles0_ 
    where
        roles0_.user_id=?
Hibernate: 
    select
        roles0_.user_id as user_id1_11_0_,
        roles0_.roles as roles2_11_0_ 
    from
        user_roles roles0_ 
    where
        roles0_.user_id=?
Hibernate: 
    select
        roles0_.user_id as user_id1_11_0_,
        roles0_.roles as roles2_11_0_ 
    from
        user_roles roles0_ 
    where
        roles0_.user_id=?
Hibernate: 
    select
        roles0_.user_id as user_id1_11_0_,
        roles0_.roles as roles2_11_0_ 
    from
        user_roles roles0_ 
    where
        roles0_.user_id=?
Hibernate: 
    insert 
    into
        story_pin
        (created_at, updated_at, category, content, user_id, image, latitude, longitude, title) 
    values
        (?, ?, ?, ?, ?, ?, ?, ?, ?)
Hibernate: 
    select
        user0_.id as id1_10_,
        user0_.created_at as created_2_10_,
        user0_.updated_at as updated_3_10_,
        user0_.age as age4_10_,
        user0_.background_image as backgrou5_10_,
        user0_.email as email6_10_,
        user0_.gender as gender7_10_,
        user0_.hobby as hobby8_10_,
        user0_.introduce as introduc9_10_,
        user0_.job as job10_10_,
        user0_.name as name11_10_,
        user0_.nick_name as nick_na12_10_,
        user0_.phone_num as phone_n13_10_,
        user0_.profile_image as profile14_10_,
        user0_.res_red_number as res_red15_10_,
        user0_.score as score16_10_ 
    from
        user user0_
Hibernate: 
    select
        roles0_.user_id as user_id1_11_0_,
        roles0_.roles as roles2_11_0_ 
    from
        user_roles roles0_ 
    where
        roles0_.user_id=?
Hibernate: 
    select
        roles0_.user_id as user_id1_11_0_,
        roles0_.roles as roles2_11_0_ 
    from
        user_roles roles0_ 
    where
        roles0_.user_id=?
Hibernate: 
    select
        roles0_.user_id as user_id1_11_0_,
        roles0_.roles as roles2_11_0_ 
    from
        user_roles roles0_ 
    where
        roles0_.user_id=?
Hibernate: 
    select
        roles0_.user_id as user_id1_11_0_,
        roles0_.roles as roles2_11_0_ 
    from
        user_roles roles0_ 
    where
        roles0_.user_id=?
Hibernate: 
    select
        roles0_.user_id as user_id1_11_0_,
        roles0_.roles as roles2_11_0_ 
    from
        user_roles roles0_ 
    where
        roles0_.user_id=?
Hibernate: 
    insert 
    into
        story_pin
        (created_at, updated_at, category, content, user_id, image, latitude, longitude, title) 
    values
        (?, ?, ?, ?, ?, ?, ?, ?, ?)
Hibernate: 
    select
        user0_.id as id1_10_,
        user0_.created_at as created_2_10_,
        user0_.updated_at as updated_3_10_,
        user0_.age as age4_10_,
        user0_.background_image as backgrou5_10_,
        user0_.email as email6_10_,
        user0_.gender as gender7_10_,
        user0_.hobby as hobby8_10_,
        user0_.introduce as introduc9_10_,
        user0_.job as job10_10_,
        user0_.name as name11_10_,
        user0_.nick_name as nick_na12_10_,
        user0_.phone_num as phone_n13_10_,
        user0_.profile_image as profile14_10_,
        user0_.res_red_number as res_red15_10_,
        user0_.score as score16_10_ 
    from
        user user0_
Hibernate: 
    select
        roles0_.user_id as user_id1_11_0_,
        roles0_.roles as roles2_11_0_ 
    from
        user_roles roles0_ 
    where
        roles0_.user_id=?
Hibernate: 
    select
        roles0_.user_id as user_id1_11_0_,
        roles0_.roles as roles2_11_0_ 
    from
        user_roles roles0_ 
    where
        roles0_.user_id=?
Hibernate: 
    select
        roles0_.user_id as user_id1_11_0_,
        roles0_.roles as roles2_11_0_ 
    from
        user_roles roles0_ 
    where
        roles0_.user_id=?
Hibernate: 
    select
        roles0_.user_id as user_id1_11_0_,
        roles0_.roles as roles2_11_0_ 
    from
        user_roles roles0_ 
    where
        roles0_.user_id=?
Hibernate: 
    select
        roles0_.user_id as user_id1_11_0_,
        roles0_.roles as roles2_11_0_ 
    from
        user_roles roles0_ 
    where
        roles0_.user_id=?
Hibernate: 
    insert 
    into
        story_pin
        (created_at, updated_at, category, content, user_id, image, latitude, longitude, title) 
    values
        (?, ?, ?, ?, ?, ?, ?, ?, ?)
Hibernate: 
    select
        user0_.id as id1_10_,
        user0_.created_at as created_2_10_,
        user0_.updated_at as updated_3_10_,
        user0_.age as age4_10_,
        user0_.background_image as backgrou5_10_,
        user0_.email as email6_10_,
        user0_.gender as gender7_10_,
        user0_.hobby as hobby8_10_,
        user0_.introduce as introduc9_10_,
        user0_.job as job10_10_,
        user0_.name as name11_10_,
        user0_.nick_name as nick_na12_10_,
        user0_.phone_num as phone_n13_10_,
        user0_.profile_image as profile14_10_,
        user0_.res_red_number as res_red15_10_,
        user0_.score as score16_10_ 
    from
        user user0_
Hibernate: 
    select
        roles0_.user_id as user_id1_11_0_,
        roles0_.roles as roles2_11_0_ 
    from
        user_roles roles0_ 
    where
        roles0_.user_id=?
Hibernate: 
    select
        roles0_.user_id as user_id1_11_0_,
        roles0_.roles as roles2_11_0_ 
    from
        user_roles roles0_ 
    where
        roles0_.user_id=?
Hibernate: 
    select
        roles0_.user_id as user_id1_11_0_,
        roles0_.roles as roles2_11_0_ 
    from
        user_roles roles0_ 
    where
        roles0_.user_id=?
Hibernate: 
    select
        roles0_.user_id as user_id1_11_0_,
        roles0_.roles as roles2_11_0_ 
    from
        user_roles roles0_ 
    where
        roles0_.user_id=?
Hibernate: 
    select
        roles0_.user_id as user_id1_11_0_,
        roles0_.roles as roles2_11_0_ 
    from
        user_roles roles0_ 
    where
        roles0_.user_id=?
Hibernate: 
    insert 
    into
        story_pin
        (created_at, updated_at, category, content, user_id, image, latitude, longitude, title) 
    values
        (?, ?, ?, ?, ?, ?, ?, ?, ?)
Hibernate: 
    select
        user0_.id as id1_10_,
        user0_.created_at as created_2_10_,
        user0_.updated_at as updated_3_10_,
        user0_.age as age4_10_,
        user0_.background_image as backgrou5_10_,
        user0_.email as email6_10_,
        user0_.gender as gender7_10_,
        user0_.hobby as hobby8_10_,
        user0_.introduce as introduc9_10_,
        user0_.job as job10_10_,
        user0_.name as name11_10_,
        user0_.nick_name as nick_na12_10_,
        user0_.phone_num as phone_n13_10_,
        user0_.profile_image as profile14_10_,
        user0_.res_red_number as res_red15_10_,
        user0_.score as score16_10_ 
    from
        user user0_
Hibernate: 
    select
        roles0_.user_id as user_id1_11_0_,
        roles0_.roles as roles2_11_0_ 
    from
        user_roles roles0_ 
    where
        roles0_.user_id=?
Hibernate: 
    select
        roles0_.user_id as user_id1_11_0_,
        roles0_.roles as roles2_11_0_ 
    from
        user_roles roles0_ 
    where
        roles0_.user_id=?
Hibernate: 
    select
        roles0_.user_id as user_id1_11_0_,
        roles0_.roles as roles2_11_0_ 
    from
        user_roles roles0_ 
    where
        roles0_.user_id=?
Hibernate: 
    select
        roles0_.user_id as user_id1_11_0_,
        roles0_.roles as roles2_11_0_ 
    from
        user_roles roles0_ 
    where
        roles0_.user_id=?
Hibernate: 
    select
        roles0_.user_id as user_id1_11_0_,
        roles0_.roles as roles2_11_0_ 
    from
        user_roles roles0_ 
    where
        roles0_.user_id=?
Hibernate: 
    insert 
    into
        story_pin
        (created_at, updated_at, category, content, user_id, image, latitude, longitude, title) 
    values
        (?, ?, ?, ?, ?, ?, ?, ?, ?)
Hibernate: 
    select
        user0_.id as id1_10_,
        user0_.created_at as created_2_10_,
        user0_.updated_at as updated_3_10_,
        user0_.age as age4_10_,
        user0_.background_image as backgrou5_10_,
        user0_.email as email6_10_,
        user0_.gender as gender7_10_,
        user0_.hobby as hobby8_10_,
        user0_.introduce as introduc9_10_,
        user0_.job as job10_10_,
        user0_.name as name11_10_,
        user0_.nick_name as nick_na12_10_,
        user0_.phone_num as phone_n13_10_,
        user0_.profile_image as profile14_10_,
        user0_.res_red_number as res_red15_10_,
        user0_.score as score16_10_ 
    from
        user user0_
Hibernate: 
    select
        roles0_.user_id as user_id1_11_0_,
        roles0_.roles as roles2_11_0_ 
    from
        user_roles roles0_ 
    where
        roles0_.user_id=?
Hibernate: 
    select
        roles0_.user_id as user_id1_11_0_,
        roles0_.roles as roles2_11_0_ 
    from
        user_roles roles0_ 
    where
        roles0_.user_id=?
Hibernate: 
    select
        roles0_.user_id as user_id1_11_0_,
        roles0_.roles as roles2_11_0_ 
    from
        user_roles roles0_ 
    where
        roles0_.user_id=?
Hibernate: 
    select
        roles0_.user_id as user_id1_11_0_,
        roles0_.roles as roles2_11_0_ 
    from
        user_roles roles0_ 
    where
        roles0_.user_id=?
Hibernate: 
    select
        roles0_.user_id as user_id1_11_0_,
        roles0_.roles as roles2_11_0_ 
    from
        user_roles roles0_ 
    where
        roles0_.user_id=?
Hibernate: 
    insert 
    into
        story_pin
        (created_at, updated_at, category, content, user_id, image, latitude, longitude, title) 
    values
        (?, ?, ?, ?, ?, ?, ?, ?, ?)
Hibernate: 
    select
        user0_.id as id1_10_,
        user0_.created_at as created_2_10_,
        user0_.updated_at as updated_3_10_,
        user0_.age as age4_10_,
        user0_.background_image as backgrou5_10_,
        user0_.email as email6_10_,
        user0_.gender as gender7_10_,
        user0_.hobby as hobby8_10_,
        user0_.introduce as introduc9_10_,
        user0_.job as job10_10_,
        user0_.name as name11_10_,
        user0_.nick_name as nick_na12_10_,
        user0_.phone_num as phone_n13_10_,
        user0_.profile_image as profile14_10_,
        user0_.res_red_number as res_red15_10_,
        user0_.score as score16_10_ 
    from
        user user0_
Hibernate: 
    select
        roles0_.user_id as user_id1_11_0_,
        roles0_.roles as roles2_11_0_ 
    from
        user_roles roles0_ 
    where
        roles0_.user_id=?
Hibernate: 
    select
        roles0_.user_id as user_id1_11_0_,
        roles0_.roles as roles2_11_0_ 
    from
        user_roles roles0_ 
    where
        roles0_.user_id=?
Hibernate: 
    select
        roles0_.user_id as user_id1_11_0_,
        roles0_.roles as roles2_11_0_ 
    from
        user_roles roles0_ 
    where
        roles0_.user_id=?
Hibernate: 
    select
        roles0_.user_id as user_id1_11_0_,
        roles0_.roles as roles2_11_0_ 
    from
        user_roles roles0_ 
    where
        roles0_.user_id=?
Hibernate: 
    select
        roles0_.user_id as user_id1_11_0_,
        roles0_.roles as roles2_11_0_ 
    from
        user_roles roles0_ 
    where
        roles0_.user_id=?
Hibernate: 
    insert 
    into
        story_pin
        (created_at, updated_at, category, content, user_id, image, latitude, longitude, title) 
    values
        (?, ?, ?, ?, ?, ?, ?, ?, ?)
Hibernate: 
    select
        user0_.id as id1_10_,
        user0_.created_at as created_2_10_,
        user0_.updated_at as updated_3_10_,
        user0_.age as age4_10_,
        user0_.background_image as backgrou5_10_,
        user0_.email as email6_10_,
        user0_.gender as gender7_10_,
        user0_.hobby as hobby8_10_,
        user0_.introduce as introduc9_10_,
        user0_.job as job10_10_,
        user0_.name as name11_10_,
        user0_.nick_name as nick_na12_10_,
        user0_.phone_num as phone_n13_10_,
        user0_.profile_image as profile14_10_,
        user0_.res_red_number as res_red15_10_,
        user0_.score as score16_10_ 
    from
        user user0_
Hibernate: 
    select
        roles0_.user_id as user_id1_11_0_,
        roles0_.roles as roles2_11_0_ 
    from
        user_roles roles0_ 
    where
        roles0_.user_id=?
Hibernate: 
    select
        roles0_.user_id as user_id1_11_0_,
        roles0_.roles as roles2_11_0_ 
    from
        user_roles roles0_ 
    where
        roles0_.user_id=?
Hibernate: 
    select
        roles0_.user_id as user_id1_11_0_,
        roles0_.roles as roles2_11_0_ 
    from
        user_roles roles0_ 
    where
        roles0_.user_id=?
Hibernate: 
    select
        roles0_.user_id as user_id1_11_0_,
        roles0_.roles as roles2_11_0_ 
    from
        user_roles roles0_ 
    where
        roles0_.user_id=?
Hibernate: 
    select
        roles0_.user_id as user_id1_11_0_,
        roles0_.roles as roles2_11_0_ 
    from
        user_roles roles0_ 
    where
        roles0_.user_id=?
Hibernate: 
    insert 
    into
        story_pin
        (created_at, updated_at, category, content, user_id, image, latitude, longitude, title) 
    values
        (?, ?, ?, ?, ?, ?, ?, ?, ?)
Hibernate: 
    select
        user0_.id as id1_10_,
        user0_.created_at as created_2_10_,
        user0_.updated_at as updated_3_10_,
        user0_.age as age4_10_,
        user0_.background_image as backgrou5_10_,
        user0_.email as email6_10_,
        user0_.gender as gender7_10_,
        user0_.hobby as hobby8_10_,
        user0_.introduce as introduc9_10_,
        user0_.job as job10_10_,
        user0_.name as name11_10_,
        user0_.nick_name as nick_na12_10_,
        user0_.phone_num as phone_n13_10_,
        user0_.profile_image as profile14_10_,
        user0_.res_red_number as res_red15_10_,
        user0_.score as score16_10_ 
    from
        user user0_
Hibernate: 
    select
        roles0_.user_id as user_id1_11_0_,
        roles0_.roles as roles2_11_0_ 
    from
        user_roles roles0_ 
    where
        roles0_.user_id=?
Hibernate: 
    select
        roles0_.user_id as user_id1_11_0_,
        roles0_.roles as roles2_11_0_ 
    from
        user_roles roles0_ 
    where
        roles0_.user_id=?
Hibernate: 
    select
        roles0_.user_id as user_id1_11_0_,
        roles0_.roles as roles2_11_0_ 
    from
        user_roles roles0_ 
    where
        roles0_.user_id=?
Hibernate: 
    select
        roles0_.user_id as user_id1_11_0_,
        roles0_.roles as roles2_11_0_ 
    from
        user_roles roles0_ 
    where
        roles0_.user_id=?
Hibernate: 
    select
        roles0_.user_id as user_id1_11_0_,
        roles0_.roles as roles2_11_0_ 
    from
        user_roles roles0_ 
    where
        roles0_.user_id=?
Hibernate: 
    insert 
    into
        story_pin
        (created_at, updated_at, category, content, user_id, image, latitude, longitude, title) 
    values
        (?, ?, ?, ?, ?, ?, ?, ?, ?)
Hibernate: 
    select
        user0_.id as id1_10_,
        user0_.created_at as created_2_10_,
        user0_.updated_at as updated_3_10_,
        user0_.age as age4_10_,
        user0_.background_image as backgrou5_10_,
        user0_.email as email6_10_,
        user0_.gender as gender7_10_,
        user0_.hobby as hobby8_10_,
        user0_.introduce as introduc9_10_,
        user0_.job as job10_10_,
        user0_.name as name11_10_,
        user0_.nick_name as nick_na12_10_,
        user0_.phone_num as phone_n13_10_,
        user0_.profile_image as profile14_10_,
        user0_.res_red_number as res_red15_10_,
        user0_.score as score16_10_ 
    from
        user user0_
Hibernate: 
    select
        roles0_.user_id as user_id1_11_0_,
        roles0_.roles as roles2_11_0_ 
    from
        user_roles roles0_ 
    where
        roles0_.user_id=?
Hibernate: 
    select
        roles0_.user_id as user_id1_11_0_,
        roles0_.roles as roles2_11_0_ 
    from
        user_roles roles0_ 
    where
        roles0_.user_id=?
Hibernate: 
    select
        roles0_.user_id as user_id1_11_0_,
        roles0_.roles as roles2_11_0_ 
    from
        user_roles roles0_ 
    where
        roles0_.user_id=?
Hibernate: 
    select
        roles0_.user_id as user_id1_11_0_,
        roles0_.roles as roles2_11_0_ 
    from
        user_roles roles0_ 
    where
        roles0_.user_id=?
Hibernate: 
    select
        roles0_.user_id as user_id1_11_0_,
        roles0_.roles as roles2_11_0_ 
    from
        user_roles roles0_ 
    where
        roles0_.user_id=?
Hibernate: 
    insert 
    into
        story_pin
        (created_at, updated_at, category, content, user_id, image, latitude, longitude, title) 
    values
        (?, ?, ?, ?, ?, ?, ?, ?, ?)
Hibernate: 
    select
        user0_.id as id1_10_,
        user0_.created_at as created_2_10_,
        user0_.updated_at as updated_3_10_,
        user0_.age as age4_10_,
        user0_.background_image as backgrou5_10_,
        user0_.email as email6_10_,
        user0_.gender as gender7_10_,
        user0_.hobby as hobby8_10_,
        user0_.introduce as introduc9_10_,
        user0_.job as job10_10_,
        user0_.name as name11_10_,
        user0_.nick_name as nick_na12_10_,
        user0_.phone_num as phone_n13_10_,
        user0_.profile_image as profile14_10_,
        user0_.res_red_number as res_red15_10_,
        user0_.score as score16_10_ 
    from
        user user0_
Hibernate: 
    select
        roles0_.user_id as user_id1_11_0_,
        roles0_.roles as roles2_11_0_ 
    from
        user_roles roles0_ 
    where
        roles0_.user_id=?
Hibernate: 
    select
        roles0_.user_id as user_id1_11_0_,
        roles0_.roles as roles2_11_0_ 
    from
        user_roles roles0_ 
    where
        roles0_.user_id=?
Hibernate: 
    select
        roles0_.user_id as user_id1_11_0_,
        roles0_.roles as roles2_11_0_ 
    from
        user_roles roles0_ 
    where
        roles0_.user_id=?
Hibernate: 
    select
        roles0_.user_id as user_id1_11_0_,
        roles0_.roles as roles2_11_0_ 
    from
        user_roles roles0_ 
    where
        roles0_.user_id=?
Hibernate: 
    select
        roles0_.user_id as user_id1_11_0_,
        roles0_.roles as roles2_11_0_ 
    from
        user_roles roles0_ 
    where
        roles0_.user_id=?
Hibernate: 
    insert 
    into
        story_pin
        (created_at, updated_at, category, content, user_id, image, latitude, longitude, title) 
    values
        (?, ?, ?, ?, ?, ?, ?, ?, ?)
Hibernate: 
    select
        user0_.id as id1_10_,
        user0_.created_at as created_2_10_,
        user0_.updated_at as updated_3_10_,
        user0_.age as age4_10_,
        user0_.background_image as backgrou5_10_,
        user0_.email as email6_10_,
        user0_.gender as gender7_10_,
        user0_.hobby as hobby8_10_,
        user0_.introduce as introduc9_10_,
        user0_.job as job10_10_,
        user0_.name as name11_10_,
        user0_.nick_name as nick_na12_10_,
        user0_.phone_num as phone_n13_10_,
        user0_.profile_image as profile14_10_,
        user0_.res_red_number as res_red15_10_,
        user0_.score as score16_10_ 
    from
        user user0_
Hibernate: 
    select
        roles0_.user_id as user_id1_11_0_,
        roles0_.roles as roles2_11_0_ 
    from
        user_roles roles0_ 
    where
        roles0_.user_id=?
Hibernate: 
    select
        roles0_.user_id as user_id1_11_0_,
        roles0_.roles as roles2_11_0_ 
    from
        user_roles roles0_ 
    where
        roles0_.user_id=?
Hibernate: 
    select
        roles0_.user_id as user_id1_11_0_,
        roles0_.roles as roles2_11_0_ 
    from
        user_roles roles0_ 
    where
        roles0_.user_id=?
Hibernate: 
    select
        roles0_.user_id as user_id1_11_0_,
        roles0_.roles as roles2_11_0_ 
    from
        user_roles roles0_ 
    where
        roles0_.user_id=?
Hibernate: 
    select
        roles0_.user_id as user_id1_11_0_,
        roles0_.roles as roles2_11_0_ 
    from
        user_roles roles0_ 
    where
        roles0_.user_id=?
Hibernate: 
    insert 
    into
        story_pin
        (created_at, updated_at, category, content, user_id, image, latitude, longitude, title) 
    values
        (?, ?, ?, ?, ?, ?, ?, ?, ?)
Hibernate: 
    select
        user0_.id as id1_10_,
        user0_.created_at as created_2_10_,
        user0_.updated_at as updated_3_10_,
        user0_.age as age4_10_,
        user0_.background_image as backgrou5_10_,
        user0_.email as email6_10_,
        user0_.gender as gender7_10_,
        user0_.hobby as hobby8_10_,
        user0_.introduce as introduc9_10_,
        user0_.job as job10_10_,
        user0_.name as name11_10_,
        user0_.nick_name as nick_na12_10_,
        user0_.phone_num as phone_n13_10_,
        user0_.profile_image as profile14_10_,
        user0_.res_red_number as res_red15_10_,
        user0_.score as score16_10_ 
    from
        user user0_
Hibernate: 
    select
        roles0_.user_id as user_id1_11_0_,
        roles0_.roles as roles2_11_0_ 
    from
        user_roles roles0_ 
    where
        roles0_.user_id=?
Hibernate: 
    select
        roles0_.user_id as user_id1_11_0_,
        roles0_.roles as roles2_11_0_ 
    from
        user_roles roles0_ 
    where
        roles0_.user_id=?
Hibernate: 
    select
        roles0_.user_id as user_id1_11_0_,
        roles0_.roles as roles2_11_0_ 
    from
        user_roles roles0_ 
    where
        roles0_.user_id=?
Hibernate: 
    select
        roles0_.user_id as user_id1_11_0_,
        roles0_.roles as roles2_11_0_ 
    from
        user_roles roles0_ 
    where
        roles0_.user_id=?
Hibernate: 
    select
        roles0_.user_id as user_id1_11_0_,
        roles0_.roles as roles2_11_0_ 
    from
        user_roles roles0_ 
    where
        roles0_.user_id=?
Hibernate: 
    insert 
    into
        story_pin
        (created_at, updated_at, category, content, user_id, image, latitude, longitude, title) 
    values
        (?, ?, ?, ?, ?, ?, ?, ?, ?)
Hibernate: 
    select
        user0_.id as id1_10_,
        user0_.created_at as created_2_10_,
        user0_.updated_at as updated_3_10_,
        user0_.age as age4_10_,
        user0_.background_image as backgrou5_10_,
        user0_.email as email6_10_,
        user0_.gender as gender7_10_,
        user0_.hobby as hobby8_10_,
        user0_.introduce as introduc9_10_,
        user0_.job as job10_10_,
        user0_.name as name11_10_,
        user0_.nick_name as nick_na12_10_,
        user0_.phone_num as phone_n13_10_,
        user0_.profile_image as profile14_10_,
        user0_.res_red_number as res_red15_10_,
        user0_.score as score16_10_ 
    from
        user user0_
Hibernate: 
    select
        roles0_.user_id as user_id1_11_0_,
        roles0_.roles as roles2_11_0_ 
    from
        user_roles roles0_ 
    where
        roles0_.user_id=?
Hibernate: 
    select
        roles0_.user_id as user_id1_11_0_,
        roles0_.roles as roles2_11_0_ 
    from
        user_roles roles0_ 
    where
        roles0_.user_id=?
Hibernate: 
    select
        roles0_.user_id as user_id1_11_0_,
        roles0_.roles as roles2_11_0_ 
    from
        user_roles roles0_ 
    where
        roles0_.user_id=?
Hibernate: 
    select
        roles0_.user_id as user_id1_11_0_,
        roles0_.roles as roles2_11_0_ 
    from
        user_roles roles0_ 
    where
        roles0_.user_id=?
Hibernate: 
    select
        roles0_.user_id as user_id1_11_0_,
        roles0_.roles as roles2_11_0_ 
    from
        user_roles roles0_ 
    where
        roles0_.user_id=?
Hibernate: 
    insert 
    into
        story_pin
        (created_at, updated_at, category, content, user_id, image, latitude, longitude, title) 
    values
        (?, ?, ?, ?, ?, ?, ?, ?, ?)
Hibernate: 
    select
        user0_.id as id1_10_,
        user0_.created_at as created_2_10_,
        user0_.updated_at as updated_3_10_,
        user0_.age as age4_10_,
        user0_.background_image as backgrou5_10_,
        user0_.email as email6_10_,
        user0_.gender as gender7_10_,
        user0_.hobby as hobby8_10_,
        user0_.introduce as introduc9_10_,
        user0_.job as job10_10_,
        user0_.name as name11_10_,
        user0_.nick_name as nick_na12_10_,
        user0_.phone_num as phone_n13_10_,
        user0_.profile_image as profile14_10_,
        user0_.res_red_number as res_red15_10_,
        user0_.score as score16_10_ 
    from
        user user0_
Hibernate: 
    select
        roles0_.user_id as user_id1_11_0_,
        roles0_.roles as roles2_11_0_ 
    from
        user_roles roles0_ 
    where
        roles0_.user_id=?
Hibernate: 
    select
        roles0_.user_id as user_id1_11_0_,
        roles0_.roles as roles2_11_0_ 
    from
        user_roles roles0_ 
    where
        roles0_.user_id=?
Hibernate: 
    select
        roles0_.user_id as user_id1_11_0_,
        roles0_.roles as roles2_11_0_ 
    from
        user_roles roles0_ 
    where
        roles0_.user_id=?
Hibernate: 
    select
        roles0_.user_id as user_id1_11_0_,
        roles0_.roles as roles2_11_0_ 
    from
        user_roles roles0_ 
    where
        roles0_.user_id=?
Hibernate: 
    select
        roles0_.user_id as user_id1_11_0_,
        roles0_.roles as roles2_11_0_ 
    from
        user_roles roles0_ 
    where
        roles0_.user_id=?
Hibernate: 
    insert 
    into
        story_pin
        (created_at, updated_at, category, content, user_id, image, latitude, longitude, title) 
    values
        (?, ?, ?, ?, ?, ?, ?, ?, ?)
Hibernate: 
    select
        user0_.id as id1_10_,
        user0_.created_at as created_2_10_,
        user0_.updated_at as updated_3_10_,
        user0_.age as age4_10_,
        user0_.background_image as backgrou5_10_,
        user0_.email as email6_10_,
        user0_.gender as gender7_10_,
        user0_.hobby as hobby8_10_,
        user0_.introduce as introduc9_10_,
        user0_.job as job10_10_,
        user0_.name as name11_10_,
        user0_.nick_name as nick_na12_10_,
        user0_.phone_num as phone_n13_10_,
        user0_.profile_image as profile14_10_,
        user0_.res_red_number as res_red15_10_,
        user0_.score as score16_10_ 
    from
        user user0_
Hibernate: 
    select
        roles0_.user_id as user_id1_11_0_,
        roles0_.roles as roles2_11_0_ 
    from
        user_roles roles0_ 
    where
        roles0_.user_id=?
Hibernate: 
    select
        roles0_.user_id as user_id1_11_0_,
        roles0_.roles as roles2_11_0_ 
    from
        user_roles roles0_ 
    where
        roles0_.user_id=?
Hibernate: 
    select
        roles0_.user_id as user_id1_11_0_,
        roles0_.roles as roles2_11_0_ 
    from
        user_roles roles0_ 
    where
        roles0_.user_id=?
Hibernate: 
    select
        roles0_.user_id as user_id1_11_0_,
        roles0_.roles as roles2_11_0_ 
    from
        user_roles roles0_ 
    where
        roles0_.user_id=?
Hibernate: 
    select
        roles0_.user_id as user_id1_11_0_,
        roles0_.roles as roles2_11_0_ 
    from
        user_roles roles0_ 
    where
        roles0_.user_id=?
Hibernate: 
    insert 
    into
        story_pin
        (created_at, updated_at, category, content, user_id, image, latitude, longitude, title) 
    values
        (?, ?, ?, ?, ?, ?, ?, ?, ?)
Hibernate: 
    select
        user0_.id as id1_10_,
        user0_.created_at as created_2_10_,
        user0_.updated_at as updated_3_10_,
        user0_.age as age4_10_,
        user0_.background_image as backgrou5_10_,
        user0_.email as email6_10_,
        user0_.gender as gender7_10_,
        user0_.hobby as hobby8_10_,
        user0_.introduce as introduc9_10_,
        user0_.job as job10_10_,
        user0_.name as name11_10_,
        user0_.nick_name as nick_na12_10_,
        user0_.phone_num as phone_n13_10_,
        user0_.profile_image as profile14_10_,
        user0_.res_red_number as res_red15_10_,
        user0_.score as score16_10_ 
    from
        user user0_
Hibernate: 
    select
        roles0_.user_id as user_id1_11_0_,
        roles0_.roles as roles2_11_0_ 
    from
        user_roles roles0_ 
    where
        roles0_.user_id=?
Hibernate: 
    select
        roles0_.user_id as user_id1_11_0_,
        roles0_.roles as roles2_11_0_ 
    from
        user_roles roles0_ 
    where
        roles0_.user_id=?
Hibernate: 
    select
        roles0_.user_id as user_id1_11_0_,
        roles0_.roles as roles2_11_0_ 
    from
        user_roles roles0_ 
    where
        roles0_.user_id=?
Hibernate: 
    select
        roles0_.user_id as user_id1_11_0_,
        roles0_.roles as roles2_11_0_ 
    from
        user_roles roles0_ 
    where
        roles0_.user_id=?
Hibernate: 
    select
        roles0_.user_id as user_id1_11_0_,
        roles0_.roles as roles2_11_0_ 
    from
        user_roles roles0_ 
    where
        roles0_.user_id=?
Hibernate: 
    insert 
    into
        story_pin
        (created_at, updated_at, category, content, user_id, image, latitude, longitude, title) 
    values
        (?, ?, ?, ?, ?, ?, ?, ?, ?)
Hibernate: 
    select
        user0_.id as id1_10_,
        user0_.created_at as created_2_10_,
        user0_.updated_at as updated_3_10_,
        user0_.age as age4_10_,
        user0_.background_image as backgrou5_10_,
        user0_.email as email6_10_,
        user0_.gender as gender7_10_,
        user0_.hobby as hobby8_10_,
        user0_.introduce as introduc9_10_,
        user0_.job as job10_10_,
        user0_.name as name11_10_,
        user0_.nick_name as nick_na12_10_,
        user0_.phone_num as phone_n13_10_,
        user0_.profile_image as profile14_10_,
        user0_.res_red_number as res_red15_10_,
        user0_.score as score16_10_ 
    from
        user user0_
Hibernate: 
    select
        roles0_.user_id as user_id1_11_0_,
        roles0_.roles as roles2_11_0_ 
    from
        user_roles roles0_ 
    where
        roles0_.user_id=?
Hibernate: 
    select
        roles0_.user_id as user_id1_11_0_,
        roles0_.roles as roles2_11_0_ 
    from
        user_roles roles0_ 
    where
        roles0_.user_id=?
Hibernate: 
    select
        roles0_.user_id as user_id1_11_0_,
        roles0_.roles as roles2_11_0_ 
    from
        user_roles roles0_ 
    where
        roles0_.user_id=?
Hibernate: 
    select
        roles0_.user_id as user_id1_11_0_,
        roles0_.roles as roles2_11_0_ 
    from
        user_roles roles0_ 
    where
        roles0_.user_id=?
Hibernate: 
    select
        roles0_.user_id as user_id1_11_0_,
        roles0_.roles as roles2_11_0_ 
    from
        user_roles roles0_ 
    where
        roles0_.user_id=?
Hibernate: 
    insert 
    into
        story_pin
        (created_at, updated_at, category, content, user_id, image, latitude, longitude, title) 
    values
        (?, ?, ?, ?, ?, ?, ?, ?, ?)
Hibernate: 
    select
        user0_.id as id1_10_,
        user0_.created_at as created_2_10_,
        user0_.updated_at as updated_3_10_,
        user0_.age as age4_10_,
        user0_.background_image as backgrou5_10_,
        user0_.email as email6_10_,
        user0_.gender as gender7_10_,
        user0_.hobby as hobby8_10_,
        user0_.introduce as introduc9_10_,
        user0_.job as job10_10_,
        user0_.name as name11_10_,
        user0_.nick_name as nick_na12_10_,
        user0_.phone_num as phone_n13_10_,
        user0_.profile_image as profile14_10_,
        user0_.res_red_number as res_red15_10_,
        user0_.score as score16_10_ 
    from
        user user0_
Hibernate: 
    select
        roles0_.user_id as user_id1_11_0_,
        roles0_.roles as roles2_11_0_ 
    from
        user_roles roles0_ 
    where
        roles0_.user_id=?
Hibernate: 
    select
        roles0_.user_id as user_id1_11_0_,
        roles0_.roles as roles2_11_0_ 
    from
        user_roles roles0_ 
    where
        roles0_.user_id=?
Hibernate: 
    select
        roles0_.user_id as user_id1_11_0_,
        roles0_.roles as roles2_11_0_ 
    from
        user_roles roles0_ 
    where
        roles0_.user_id=?
Hibernate: 
    select
        roles0_.user_id as user_id1_11_0_,
        roles0_.roles as roles2_11_0_ 
    from
        user_roles roles0_ 
    where
        roles0_.user_id=?
Hibernate: 
    select
        roles0_.user_id as user_id1_11_0_,
        roles0_.roles as roles2_11_0_ 
    from
        user_roles roles0_ 
    where
        roles0_.user_id=?
Hibernate: 
    insert 
    into
        story_pin
        (created_at, updated_at, category, content, user_id, image, latitude, longitude, title) 
    values
        (?, ?, ?, ?, ?, ?, ?, ?, ?)
Hibernate: 
    select
        user0_.id as id1_10_,
        user0_.created_at as created_2_10_,
        user0_.updated_at as updated_3_10_,
        user0_.age as age4_10_,
        user0_.background_image as backgrou5_10_,
        user0_.email as email6_10_,
        user0_.gender as gender7_10_,
        user0_.hobby as hobby8_10_,
        user0_.introduce as introduc9_10_,
        user0_.job as job10_10_,
        user0_.name as name11_10_,
        user0_.nick_name as nick_na12_10_,
        user0_.phone_num as phone_n13_10_,
        user0_.profile_image as profile14_10_,
        user0_.res_red_number as res_red15_10_,
        user0_.score as score16_10_ 
    from
        user user0_
Hibernate: 
    select
        roles0_.user_id as user_id1_11_0_,
        roles0_.roles as roles2_11_0_ 
    from
        user_roles roles0_ 
    where
        roles0_.user_id=?
Hibernate: 
    select
        roles0_.user_id as user_id1_11_0_,
        roles0_.roles as roles2_11_0_ 
    from
        user_roles roles0_ 
    where
        roles0_.user_id=?
Hibernate: 
    select
        roles0_.user_id as user_id1_11_0_,
        roles0_.roles as roles2_11_0_ 
    from
        user_roles roles0_ 
    where
        roles0_.user_id=?
Hibernate: 
    select
        roles0_.user_id as user_id1_11_0_,
        roles0_.roles as roles2_11_0_ 
    from
        user_roles roles0_ 
    where
        roles0_.user_id=?
Hibernate: 
    select
        roles0_.user_id as user_id1_11_0_,
        roles0_.roles as roles2_11_0_ 
    from
        user_roles roles0_ 
    where
        roles0_.user_id=?
Hibernate: 
    insert 
    into
        story_pin
        (created_at, updated_at, category, content, user_id, image, latitude, longitude, title) 
    values
        (?, ?, ?, ?, ?, ?, ?, ?, ?)
Hibernate: 
    select
        user0_.id as id1_10_,
        user0_.created_at as created_2_10_,
        user0_.updated_at as updated_3_10_,
        user0_.age as age4_10_,
        user0_.background_image as backgrou5_10_,
        user0_.email as email6_10_,
        user0_.gender as gender7_10_,
        user0_.hobby as hobby8_10_,
        user0_.introduce as introduc9_10_,
        user0_.job as job10_10_,
        user0_.name as name11_10_,
        user0_.nick_name as nick_na12_10_,
        user0_.phone_num as phone_n13_10_,
        user0_.profile_image as profile14_10_,
        user0_.res_red_number as res_red15_10_,
        user0_.score as score16_10_ 
    from
        user user0_
Hibernate: 
    select
        roles0_.user_id as user_id1_11_0_,
        roles0_.roles as roles2_11_0_ 
    from
        user_roles roles0_ 
    where
        roles0_.user_id=?
Hibernate: 
    select
        roles0_.user_id as user_id1_11_0_,
        roles0_.roles as roles2_11_0_ 
    from
        user_roles roles0_ 
    where
        roles0_.user_id=?
Hibernate: 
    select
        roles0_.user_id as user_id1_11_0_,
        roles0_.roles as roles2_11_0_ 
    from
        user_roles roles0_ 
    where
        roles0_.user_id=?
Hibernate: 
    select
        roles0_.user_id as user_id1_11_0_,
        roles0_.roles as roles2_11_0_ 
    from
        user_roles roles0_ 
    where
        roles0_.user_id=?
Hibernate: 
    select
        roles0_.user_id as user_id1_11_0_,
        roles0_.roles as roles2_11_0_ 
    from
        user_roles roles0_ 
    where
        roles0_.user_id=?
Hibernate: 
    insert 
    into
        story_pin
        (created_at, updated_at, category, content, user_id, image, latitude, longitude, title) 
    values
        (?, ?, ?, ?, ?, ?, ?, ?, ?)
Hibernate: 
    select
        user0_.id as id1_10_,
        user0_.created_at as created_2_10_,
        user0_.updated_at as updated_3_10_,
        user0_.age as age4_10_,
        user0_.background_image as backgrou5_10_,
        user0_.email as email6_10_,
        user0_.gender as gender7_10_,
        user0_.hobby as hobby8_10_,
        user0_.introduce as introduc9_10_,
        user0_.job as job10_10_,
        user0_.name as name11_10_,
        user0_.nick_name as nick_na12_10_,
        user0_.phone_num as phone_n13_10_,
        user0_.profile_image as profile14_10_,
        user0_.res_red_number as res_red15_10_,
        user0_.score as score16_10_ 
    from
        user user0_
Hibernate: 
    select
        roles0_.user_id as user_id1_11_0_,
        roles0_.roles as roles2_11_0_ 
    from
        user_roles roles0_ 
    where
        roles0_.user_id=?
Hibernate: 
    select
        roles0_.user_id as user_id1_11_0_,
        roles0_.roles as roles2_11_0_ 
    from
        user_roles roles0_ 
    where
        roles0_.user_id=?
Hibernate: 
    select
        roles0_.user_id as user_id1_11_0_,
        roles0_.roles as roles2_11_0_ 
    from
        user_roles roles0_ 
    where
        roles0_.user_id=?
Hibernate: 
    select
        roles0_.user_id as user_id1_11_0_,
        roles0_.roles as roles2_11_0_ 
    from
        user_roles roles0_ 
    where
        roles0_.user_id=?
Hibernate: 
    select
        roles0_.user_id as user_id1_11_0_,
        roles0_.roles as roles2_11_0_ 
    from
        user_roles roles0_ 
    where
        roles0_.user_id=?
Hibernate: 
    insert 
    into
        story_pin
        (created_at, updated_at, category, content, user_id, image, latitude, longitude, title) 
    values
        (?, ?, ?, ?, ?, ?, ?, ?, ?)
Hibernate: 
    select
        user0_.id as id1_10_,
        user0_.created_at as created_2_10_,
        user0_.updated_at as updated_3_10_,
        user0_.age as age4_10_,
        user0_.background_image as backgrou5_10_,
        user0_.email as email6_10_,
        user0_.gender as gender7_10_,
        user0_.hobby as hobby8_10_,
        user0_.introduce as introduc9_10_,
        user0_.job as job10_10_,
        user0_.name as name11_10_,
        user0_.nick_name as nick_na12_10_,
        user0_.phone_num as phone_n13_10_,
        user0_.profile_image as profile14_10_,
        user0_.res_red_number as res_red15_10_,
        user0_.score as score16_10_ 
    from
        user user0_
Hibernate: 
    select
        roles0_.user_id as user_id1_11_0_,
        roles0_.roles as roles2_11_0_ 
    from
        user_roles roles0_ 
    where
        roles0_.user_id=?
Hibernate: 
    select
        roles0_.user_id as user_id1_11_0_,
        roles0_.roles as roles2_11_0_ 
    from
        user_roles roles0_ 
    where
        roles0_.user_id=?
Hibernate: 
    select
        roles0_.user_id as user_id1_11_0_,
        roles0_.roles as roles2_11_0_ 
    from
        user_roles roles0_ 
    where
        roles0_.user_id=?
Hibernate: 
    select
        roles0_.user_id as user_id1_11_0_,
        roles0_.roles as roles2_11_0_ 
    from
        user_roles roles0_ 
    where
        roles0_.user_id=?
Hibernate: 
    select
        roles0_.user_id as user_id1_11_0_,
        roles0_.roles as roles2_11_0_ 
    from
        user_roles roles0_ 
    where
        roles0_.user_id=?
Hibernate: 
    insert 
    into
        story_pin
        (created_at, updated_at, category, content, user_id, image, latitude, longitude, title) 
    values
        (?, ?, ?, ?, ?, ?, ?, ?, ?)
Hibernate: 
    select
        user0_.id as id1_10_,
        user0_.created_at as created_2_10_,
        user0_.updated_at as updated_3_10_,
        user0_.age as age4_10_,
        user0_.background_image as backgrou5_10_,
        user0_.email as email6_10_,
        user0_.gender as gender7_10_,
        user0_.hobby as hobby8_10_,
        user0_.introduce as introduc9_10_,
        user0_.job as job10_10_,
        user0_.name as name11_10_,
        user0_.nick_name as nick_na12_10_,
        user0_.phone_num as phone_n13_10_,
        user0_.profile_image as profile14_10_,
        user0_.res_red_number as res_red15_10_,
        user0_.score as score16_10_ 
    from
        user user0_
Hibernate: 
    select
        roles0_.user_id as user_id1_11_0_,
        roles0_.roles as roles2_11_0_ 
    from
        user_roles roles0_ 
    where
        roles0_.user_id=?
Hibernate: 
    select
        roles0_.user_id as user_id1_11_0_,
        roles0_.roles as roles2_11_0_ 
    from
        user_roles roles0_ 
    where
        roles0_.user_id=?
Hibernate: 
    select
        roles0_.user_id as user_id1_11_0_,
        roles0_.roles as roles2_11_0_ 
    from
        user_roles roles0_ 
    where
        roles0_.user_id=?
Hibernate: 
    select
        roles0_.user_id as user_id1_11_0_,
        roles0_.roles as roles2_11_0_ 
    from
        user_roles roles0_ 
    where
        roles0_.user_id=?
Hibernate: 
    select
        roles0_.user_id as user_id1_11_0_,
        roles0_.roles as roles2_11_0_ 
    from
        user_roles roles0_ 
    where
        roles0_.user_id=?
Hibernate: 
    insert 
    into
        story_pin
        (created_at, updated_at, category, content, user_id, image, latitude, longitude, title) 
    values
        (?, ?, ?, ?, ?, ?, ?, ?, ?)
Hibernate: 
    select
        user0_.id as id1_10_,
        user0_.created_at as created_2_10_,
        user0_.updated_at as updated_3_10_,
        user0_.age as age4_10_,
        user0_.background_image as backgrou5_10_,
        user0_.email as email6_10_,
        user0_.gender as gender7_10_,
        user0_.hobby as hobby8_10_,
        user0_.introduce as introduc9_10_,
        user0_.job as job10_10_,
        user0_.name as name11_10_,
        user0_.nick_name as nick_na12_10_,
        user0_.phone_num as phone_n13_10_,
        user0_.profile_image as profile14_10_,
        user0_.res_red_number as res_red15_10_,
        user0_.score as score16_10_ 
    from
        user user0_
Hibernate: 
    select
        roles0_.user_id as user_id1_11_0_,
        roles0_.roles as roles2_11_0_ 
    from
        user_roles roles0_ 
    where
        roles0_.user_id=?
Hibernate: 
    select
        roles0_.user_id as user_id1_11_0_,
        roles0_.roles as roles2_11_0_ 
    from
        user_roles roles0_ 
    where
        roles0_.user_id=?
Hibernate: 
    select
        roles0_.user_id as user_id1_11_0_,
        roles0_.roles as roles2_11_0_ 
    from
        user_roles roles0_ 
    where
        roles0_.user_id=?
Hibernate: 
    select
        roles0_.user_id as user_id1_11_0_,
        roles0_.roles as roles2_11_0_ 
    from
        user_roles roles0_ 
    where
        roles0_.user_id=?
Hibernate: 
    select
        roles0_.user_id as user_id1_11_0_,
        roles0_.roles as roles2_11_0_ 
    from
        user_roles roles0_ 
    where
        roles0_.user_id=?
Hibernate: 
    insert 
    into
        story_pin
        (created_at, updated_at, category, content, user_id, image, latitude, longitude, title) 
    values
        (?, ?, ?, ?, ?, ?, ?, ?, ?)
Hibernate: 
    select
        user0_.id as id1_10_,
        user0_.created_at as created_2_10_,
        user0_.updated_at as updated_3_10_,
        user0_.age as age4_10_,
        user0_.background_image as backgrou5_10_,
        user0_.email as email6_10_,
        user0_.gender as gender7_10_,
        user0_.hobby as hobby8_10_,
        user0_.introduce as introduc9_10_,
        user0_.job as job10_10_,
        user0_.name as name11_10_,
        user0_.nick_name as nick_na12_10_,
        user0_.phone_num as phone_n13_10_,
        user0_.profile_image as profile14_10_,
        user0_.res_red_number as res_red15_10_,
        user0_.score as score16_10_ 
    from
        user user0_
Hibernate: 
    select
        roles0_.user_id as user_id1_11_0_,
        roles0_.roles as roles2_11_0_ 
    from
        user_roles roles0_ 
    where
        roles0_.user_id=?
Hibernate: 
    select
        roles0_.user_id as user_id1_11_0_,
        roles0_.roles as roles2_11_0_ 
    from
        user_roles roles0_ 
    where
        roles0_.user_id=?
Hibernate: 
    select
        roles0_.user_id as user_id1_11_0_,
        roles0_.roles as roles2_11_0_ 
    from
        user_roles roles0_ 
    where
        roles0_.user_id=?
Hibernate: 
    select
        roles0_.user_id as user_id1_11_0_,
        roles0_.roles as roles2_11_0_ 
    from
        user_roles roles0_ 
    where
        roles0_.user_id=?
Hibernate: 
    select
        roles0_.user_id as user_id1_11_0_,
        roles0_.roles as roles2_11_0_ 
    from
        user_roles roles0_ 
    where
        roles0_.user_id=?
Hibernate: 
    insert 
    into
        story_pin
        (created_at, updated_at, category, content, user_id, image, latitude, longitude, title) 
    values
        (?, ?, ?, ?, ?, ?, ?, ?, ?)
Hibernate: 
    select
        user0_.id as id1_10_,
        user0_.created_at as created_2_10_,
        user0_.updated_at as updated_3_10_,
        user0_.age as age4_10_,
        user0_.background_image as backgrou5_10_,
        user0_.email as email6_10_,
        user0_.gender as gender7_10_,
        user0_.hobby as hobby8_10_,
        user0_.introduce as introduc9_10_,
        user0_.job as job10_10_,
        user0_.name as name11_10_,
        user0_.nick_name as nick_na12_10_,
        user0_.phone_num as phone_n13_10_,
        user0_.profile_image as profile14_10_,
        user0_.res_red_number as res_red15_10_,
        user0_.score as score16_10_ 
    from
        user user0_
Hibernate: 
    select
        roles0_.user_id as user_id1_11_0_,
        roles0_.roles as roles2_11_0_ 
    from
        user_roles roles0_ 
    where
        roles0_.user_id=?
Hibernate: 
    select
        roles0_.user_id as user_id1_11_0_,
        roles0_.roles as roles2_11_0_ 
    from
        user_roles roles0_ 
    where
        roles0_.user_id=?
Hibernate: 
    select
        roles0_.user_id as user_id1_11_0_,
        roles0_.roles as roles2_11_0_ 
    from
        user_roles roles0_ 
    where
        roles0_.user_id=?
Hibernate: 
    select
        roles0_.user_id as user_id1_11_0_,
        roles0_.roles as roles2_11_0_ 
    from
        user_roles roles0_ 
    where
        roles0_.user_id=?
Hibernate: 
    select
        roles0_.user_id as user_id1_11_0_,
        roles0_.roles as roles2_11_0_ 
    from
        user_roles roles0_ 
    where
        roles0_.user_id=?
Hibernate: 
    insert 
    into
        story_pin
        (created_at, updated_at, category, content, user_id, image, latitude, longitude, title) 
    values
        (?, ?, ?, ?, ?, ?, ?, ?, ?)
Hibernate: 
    select
        user0_.id as id1_10_,
        user0_.created_at as created_2_10_,
        user0_.updated_at as updated_3_10_,
        user0_.age as age4_10_,
        user0_.background_image as backgrou5_10_,
        user0_.email as email6_10_,
        user0_.gender as gender7_10_,
        user0_.hobby as hobby8_10_,
        user0_.introduce as introduc9_10_,
        user0_.job as job10_10_,
        user0_.name as name11_10_,
        user0_.nick_name as nick_na12_10_,
        user0_.phone_num as phone_n13_10_,
        user0_.profile_image as profile14_10_,
        user0_.res_red_number as res_red15_10_,
        user0_.score as score16_10_ 
    from
        user user0_
Hibernate: 
    select
        roles0_.user_id as user_id1_11_0_,
        roles0_.roles as roles2_11_0_ 
    from
        user_roles roles0_ 
    where
        roles0_.user_id=?
Hibernate: 
    select
        roles0_.user_id as user_id1_11_0_,
        roles0_.roles as roles2_11_0_ 
    from
        user_roles roles0_ 
    where
        roles0_.user_id=?
Hibernate: 
    select
        roles0_.user_id as user_id1_11_0_,
        roles0_.roles as roles2_11_0_ 
    from
        user_roles roles0_ 
    where
        roles0_.user_id=?
Hibernate: 
    select
        roles0_.user_id as user_id1_11_0_,
        roles0_.roles as roles2_11_0_ 
    from
        user_roles roles0_ 
    where
        roles0_.user_id=?
Hibernate: 
    select
        roles0_.user_id as user_id1_11_0_,
        roles0_.roles as roles2_11_0_ 
    from
        user_roles roles0_ 
    where
        roles0_.user_id=?
Hibernate: 
    insert 
    into
        story_pin
        (created_at, updated_at, category, content, user_id, image, latitude, longitude, title) 
    values
        (?, ?, ?, ?, ?, ?, ?, ?, ?)
Hibernate: 
    select
        user0_.id as id1_10_,
        user0_.created_at as created_2_10_,
        user0_.updated_at as updated_3_10_,
        user0_.age as age4_10_,
        user0_.background_image as backgrou5_10_,
        user0_.email as email6_10_,
        user0_.gender as gender7_10_,
        user0_.hobby as hobby8_10_,
        user0_.introduce as introduc9_10_,
        user0_.job as job10_10_,
        user0_.name as name11_10_,
        user0_.nick_name as nick_na12_10_,
        user0_.phone_num as phone_n13_10_,
        user0_.profile_image as profile14_10_,
        user0_.res_red_number as res_red15_10_,
        user0_.score as score16_10_ 
    from
        user user0_
Hibernate: 
    select
        roles0_.user_id as user_id1_11_0_,
        roles0_.roles as roles2_11_0_ 
    from
        user_roles roles0_ 
    where
        roles0_.user_id=?
Hibernate: 
    select
        roles0_.user_id as user_id1_11_0_,
        roles0_.roles as roles2_11_0_ 
    from
        user_roles roles0_ 
    where
        roles0_.user_id=?
Hibernate: 
    select
        roles0_.user_id as user_id1_11_0_,
        roles0_.roles as roles2_11_0_ 
    from
        user_roles roles0_ 
    where
        roles0_.user_id=?
Hibernate: 
    select
        roles0_.user_id as user_id1_11_0_,
        roles0_.roles as roles2_11_0_ 
    from
        user_roles roles0_ 
    where
        roles0_.user_id=?
Hibernate: 
    select
        roles0_.user_id as user_id1_11_0_,
        roles0_.roles as roles2_11_0_ 
    from
        user_roles roles0_ 
    where
        roles0_.user_id=?
Hibernate: 
    insert 
    into
        story_pin
        (created_at, updated_at, category, content, user_id, image, latitude, longitude, title) 
    values
        (?, ?, ?, ?, ?, ?, ?, ?, ?)
Hibernate: 
    select
        user0_.id as id1_10_,
        user0_.created_at as created_2_10_,
        user0_.updated_at as updated_3_10_,
        user0_.age as age4_10_,
        user0_.background_image as backgrou5_10_,
        user0_.email as email6_10_,
        user0_.gender as gender7_10_,
        user0_.hobby as hobby8_10_,
        user0_.introduce as introduc9_10_,
        user0_.job as job10_10_,
        user0_.name as name11_10_,
        user0_.nick_name as nick_na12_10_,
        user0_.phone_num as phone_n13_10_,
        user0_.profile_image as profile14_10_,
        user0_.res_red_number as res_red15_10_,
        user0_.score as score16_10_ 
    from
        user user0_
Hibernate: 
    select
        roles0_.user_id as user_id1_11_0_,
        roles0_.roles as roles2_11_0_ 
    from
        user_roles roles0_ 
    where
        roles0_.user_id=?
Hibernate: 
    select
        roles0_.user_id as user_id1_11_0_,
        roles0_.roles as roles2_11_0_ 
    from
        user_roles roles0_ 
    where
        roles0_.user_id=?
Hibernate: 
    select
        roles0_.user_id as user_id1_11_0_,
        roles0_.roles as roles2_11_0_ 
    from
        user_roles roles0_ 
    where
        roles0_.user_id=?
Hibernate: 
    select
        roles0_.user_id as user_id1_11_0_,
        roles0_.roles as roles2_11_0_ 
    from
        user_roles roles0_ 
    where
        roles0_.user_id=?
Hibernate: 
    select
        roles0_.user_id as user_id1_11_0_,
        roles0_.roles as roles2_11_0_ 
    from
        user_roles roles0_ 
    where
        roles0_.user_id=?
Hibernate: 
    insert 
    into
        story_pin
        (created_at, updated_at, category, content, user_id, image, latitude, longitude, title) 
    values
        (?, ?, ?, ?, ?, ?, ?, ?, ?)
Hibernate: 
    select
        user0_.id as id1_10_,
        user0_.created_at as created_2_10_,
        user0_.updated_at as updated_3_10_,
        user0_.age as age4_10_,
        user0_.background_image as backgrou5_10_,
        user0_.email as email6_10_,
        user0_.gender as gender7_10_,
        user0_.hobby as hobby8_10_,
        user0_.introduce as introduc9_10_,
        user0_.job as job10_10_,
        user0_.name as name11_10_,
        user0_.nick_name as nick_na12_10_,
        user0_.phone_num as phone_n13_10_,
        user0_.profile_image as profile14_10_,
        user0_.res_red_number as res_red15_10_,
        user0_.score as score16_10_ 
    from
        user user0_
Hibernate: 
    select
        roles0_.user_id as user_id1_11_0_,
        roles0_.roles as roles2_11_0_ 
    from
        user_roles roles0_ 
    where
        roles0_.user_id=?
Hibernate: 
    select
        roles0_.user_id as user_id1_11_0_,
        roles0_.roles as roles2_11_0_ 
    from
        user_roles roles0_ 
    where
        roles0_.user_id=?
Hibernate: 
    select
        roles0_.user_id as user_id1_11_0_,
        roles0_.roles as roles2_11_0_ 
    from
        user_roles roles0_ 
    where
        roles0_.user_id=?
Hibernate: 
    select
        roles0_.user_id as user_id1_11_0_,
        roles0_.roles as roles2_11_0_ 
    from
        user_roles roles0_ 
    where
        roles0_.user_id=?
Hibernate: 
    select
        roles0_.user_id as user_id1_11_0_,
        roles0_.roles as roles2_11_0_ 
    from
        user_roles roles0_ 
    where
        roles0_.user_id=?
Hibernate: 
    insert 
    into
        story_pin
        (created_at, updated_at, category, content, user_id, image, latitude, longitude, title) 
    values
        (?, ?, ?, ?, ?, ?, ?, ?, ?)
Hibernate: 
    select
        user0_.id as id1_10_,
        user0_.created_at as created_2_10_,
        user0_.updated_at as updated_3_10_,
        user0_.age as age4_10_,
        user0_.background_image as backgrou5_10_,
        user0_.email as email6_10_,
        user0_.gender as gender7_10_,
        user0_.hobby as hobby8_10_,
        user0_.introduce as introduc9_10_,
        user0_.job as job10_10_,
        user0_.name as name11_10_,
        user0_.nick_name as nick_na12_10_,
        user0_.phone_num as phone_n13_10_,
        user0_.profile_image as profile14_10_,
        user0_.res_red_number as res_red15_10_,
        user0_.score as score16_10_ 
    from
        user user0_
Hibernate: 
    select
        roles0_.user_id as user_id1_11_0_,
        roles0_.roles as roles2_11_0_ 
    from
        user_roles roles0_ 
    where
        roles0_.user_id=?
Hibernate: 
    select
        roles0_.user_id as user_id1_11_0_,
        roles0_.roles as roles2_11_0_ 
    from
        user_roles roles0_ 
    where
        roles0_.user_id=?
Hibernate: 
    select
        roles0_.user_id as user_id1_11_0_,
        roles0_.roles as roles2_11_0_ 
    from
        user_roles roles0_ 
    where
        roles0_.user_id=?
Hibernate: 
    select
        roles0_.user_id as user_id1_11_0_,
        roles0_.roles as roles2_11_0_ 
    from
        user_roles roles0_ 
    where
        roles0_.user_id=?
Hibernate: 
    select
        roles0_.user_id as user_id1_11_0_,
        roles0_.roles as roles2_11_0_ 
    from
        user_roles roles0_ 
    where
        roles0_.user_id=?
Hibernate: 
    insert 
    into
        story_pin
        (created_at, updated_at, category, content, user_id, image, latitude, longitude, title) 
    values
        (?, ?, ?, ?, ?, ?, ?, ?, ?)
Hibernate: 
    select
        user0_.id as id1_10_,
        user0_.created_at as created_2_10_,
        user0_.updated_at as updated_3_10_,
        user0_.age as age4_10_,
        user0_.background_image as backgrou5_10_,
        user0_.email as email6_10_,
        user0_.gender as gender7_10_,
        user0_.hobby as hobby8_10_,
        user0_.introduce as introduc9_10_,
        user0_.job as job10_10_,
        user0_.name as name11_10_,
        user0_.nick_name as nick_na12_10_,
        user0_.phone_num as phone_n13_10_,
        user0_.profile_image as profile14_10_,
        user0_.res_red_number as res_red15_10_,
        user0_.score as score16_10_ 
    from
        user user0_
Hibernate: 
    select
        roles0_.user_id as user_id1_11_0_,
        roles0_.roles as roles2_11_0_ 
    from
        user_roles roles0_ 
    where
        roles0_.user_id=?
Hibernate: 
    select
        roles0_.user_id as user_id1_11_0_,
        roles0_.roles as roles2_11_0_ 
    from
        user_roles roles0_ 
    where
        roles0_.user_id=?
Hibernate: 
    select
        roles0_.user_id as user_id1_11_0_,
        roles0_.roles as roles2_11_0_ 
    from
        user_roles roles0_ 
    where
        roles0_.user_id=?
Hibernate: 
    select
        roles0_.user_id as user_id1_11_0_,
        roles0_.roles as roles2_11_0_ 
    from
        user_roles roles0_ 
    where
        roles0_.user_id=?
Hibernate: 
    select
        roles0_.user_id as user_id1_11_0_,
        roles0_.roles as roles2_11_0_ 
    from
        user_roles roles0_ 
    where
        roles0_.user_id=?
Hibernate: 
    insert 
    into
        story_pin
        (created_at, updated_at, category, content, user_id, image, latitude, longitude, title) 
    values
        (?, ?, ?, ?, ?, ?, ?, ?, ?)
Hibernate: 
    select
        user0_.id as id1_10_,
        user0_.created_at as created_2_10_,
        user0_.updated_at as updated_3_10_,
        user0_.age as age4_10_,
        user0_.background_image as backgrou5_10_,
        user0_.email as email6_10_,
        user0_.gender as gender7_10_,
        user0_.hobby as hobby8_10_,
        user0_.introduce as introduc9_10_,
        user0_.job as job10_10_,
        user0_.name as name11_10_,
        user0_.nick_name as nick_na12_10_,
        user0_.phone_num as phone_n13_10_,
        user0_.profile_image as profile14_10_,
        user0_.res_red_number as res_red15_10_,
        user0_.score as score16_10_ 
    from
        user user0_
Hibernate: 
    select
        roles0_.user_id as user_id1_11_0_,
        roles0_.roles as roles2_11_0_ 
    from
        user_roles roles0_ 
    where
        roles0_.user_id=?
Hibernate: 
    select
        roles0_.user_id as user_id1_11_0_,
        roles0_.roles as roles2_11_0_ 
    from
        user_roles roles0_ 
    where
        roles0_.user_id=?
Hibernate: 
    select
        roles0_.user_id as user_id1_11_0_,
        roles0_.roles as roles2_11_0_ 
    from
        user_roles roles0_ 
    where
        roles0_.user_id=?
Hibernate: 
    select
        roles0_.user_id as user_id1_11_0_,
        roles0_.roles as roles2_11_0_ 
    from
        user_roles roles0_ 
    where
        roles0_.user_id=?
Hibernate: 
    select
        roles0_.user_id as user_id1_11_0_,
        roles0_.roles as roles2_11_0_ 
    from
        user_roles roles0_ 
    where
        roles0_.user_id=?
Hibernate: 
    insert 
    into
        story_pin
        (created_at, updated_at, category, content, user_id, image, latitude, longitude, title) 
    values
        (?, ?, ?, ?, ?, ?, ?, ?, ?)
Hibernate: 
    select
        user0_.id as id1_10_,
        user0_.created_at as created_2_10_,
        user0_.updated_at as updated_3_10_,
        user0_.age as age4_10_,
        user0_.background_image as backgrou5_10_,
        user0_.email as email6_10_,
        user0_.gender as gender7_10_,
        user0_.hobby as hobby8_10_,
        user0_.introduce as introduc9_10_,
        user0_.job as job10_10_,
        user0_.name as name11_10_,
        user0_.nick_name as nick_na12_10_,
        user0_.phone_num as phone_n13_10_,
        user0_.profile_image as profile14_10_,
        user0_.res_red_number as res_red15_10_,
        user0_.score as score16_10_ 
    from
        user user0_
Hibernate: 
    select
        roles0_.user_id as user_id1_11_0_,
        roles0_.roles as roles2_11_0_ 
    from
        user_roles roles0_ 
    where
        roles0_.user_id=?
Hibernate: 
    select
        roles0_.user_id as user_id1_11_0_,
        roles0_.roles as roles2_11_0_ 
    from
        user_roles roles0_ 
    where
        roles0_.user_id=?
Hibernate: 
    select
        roles0_.user_id as user_id1_11_0_,
        roles0_.roles as roles2_11_0_ 
    from
        user_roles roles0_ 
    where
        roles0_.user_id=?
Hibernate: 
    select
        roles0_.user_id as user_id1_11_0_,
        roles0_.roles as roles2_11_0_ 
    from
        user_roles roles0_ 
    where
        roles0_.user_id=?
Hibernate: 
    select
        roles0_.user_id as user_id1_11_0_,
        roles0_.roles as roles2_11_0_ 
    from
        user_roles roles0_ 
    where
        roles0_.user_id=?
Hibernate: 
    insert 
    into
        story_pin
        (created_at, updated_at, category, content, user_id, image, latitude, longitude, title) 
    values
        (?, ?, ?, ?, ?, ?, ?, ?, ?)
Hibernate: 
    select
        user0_.id as id1_10_,
        user0_.created_at as created_2_10_,
        user0_.updated_at as updated_3_10_,
        user0_.age as age4_10_,
        user0_.background_image as backgrou5_10_,
        user0_.email as email6_10_,
        user0_.gender as gender7_10_,
        user0_.hobby as hobby8_10_,
        user0_.introduce as introduc9_10_,
        user0_.job as job10_10_,
        user0_.name as name11_10_,
        user0_.nick_name as nick_na12_10_,
        user0_.phone_num as phone_n13_10_,
        user0_.profile_image as profile14_10_,
        user0_.res_red_number as res_red15_10_,
        user0_.score as score16_10_ 
    from
        user user0_
Hibernate: 
    select
        roles0_.user_id as user_id1_11_0_,
        roles0_.roles as roles2_11_0_ 
    from
        user_roles roles0_ 
    where
        roles0_.user_id=?
Hibernate: 
    select
        roles0_.user_id as user_id1_11_0_,
        roles0_.roles as roles2_11_0_ 
    from
        user_roles roles0_ 
    where
        roles0_.user_id=?
Hibernate: 
    select
        roles0_.user_id as user_id1_11_0_,
        roles0_.roles as roles2_11_0_ 
    from
        user_roles roles0_ 
    where
        roles0_.user_id=?
Hibernate: 
    select
        roles0_.user_id as user_id1_11_0_,
        roles0_.roles as roles2_11_0_ 
    from
        user_roles roles0_ 
    where
        roles0_.user_id=?
Hibernate: 
    select
        roles0_.user_id as user_id1_11_0_,
        roles0_.roles as roles2_11_0_ 
    from
        user_roles roles0_ 
    where
        roles0_.user_id=?
Hibernate: 
    insert 
    into
        story_pin
        (created_at, updated_at, category, content, user_id, image, latitude, longitude, title) 
    values
        (?, ?, ?, ?, ?, ?, ?, ?, ?)
Hibernate: 
    select
        user0_.id as id1_10_,
        user0_.created_at as created_2_10_,
        user0_.updated_at as updated_3_10_,
        user0_.age as age4_10_,
        user0_.background_image as backgrou5_10_,
        user0_.email as email6_10_,
        user0_.gender as gender7_10_,
        user0_.hobby as hobby8_10_,
        user0_.introduce as introduc9_10_,
        user0_.job as job10_10_,
        user0_.name as name11_10_,
        user0_.nick_name as nick_na12_10_,
        user0_.phone_num as phone_n13_10_,
        user0_.profile_image as profile14_10_,
        user0_.res_red_number as res_red15_10_,
        user0_.score as score16_10_ 
    from
        user user0_
Hibernate: 
    select
        roles0_.user_id as user_id1_11_0_,
        roles0_.roles as roles2_11_0_ 
    from
        user_roles roles0_ 
    where
        roles0_.user_id=?
Hibernate: 
    select
        roles0_.user_id as user_id1_11_0_,
        roles0_.roles as roles2_11_0_ 
    from
        user_roles roles0_ 
    where
        roles0_.user_id=?
Hibernate: 
    select
        roles0_.user_id as user_id1_11_0_,
        roles0_.roles as roles2_11_0_ 
    from
        user_roles roles0_ 
    where
        roles0_.user_id=?
Hibernate: 
    select
        roles0_.user_id as user_id1_11_0_,
        roles0_.roles as roles2_11_0_ 
    from
        user_roles roles0_ 
    where
        roles0_.user_id=?
Hibernate: 
    select
        roles0_.user_id as user_id1_11_0_,
        roles0_.roles as roles2_11_0_ 
    from
        user_roles roles0_ 
    where
        roles0_.user_id=?
Hibernate: 
    insert 
    into
        story_pin
        (created_at, updated_at, category, content, user_id, image, latitude, longitude, title) 
    values
        (?, ?, ?, ?, ?, ?, ?, ?, ?)
Hibernate: 
    select
        user0_.id as id1_10_,
        user0_.created_at as created_2_10_,
        user0_.updated_at as updated_3_10_,
        user0_.age as age4_10_,
        user0_.background_image as backgrou5_10_,
        user0_.email as email6_10_,
        user0_.gender as gender7_10_,
        user0_.hobby as hobby8_10_,
        user0_.introduce as introduc9_10_,
        user0_.job as job10_10_,
        user0_.name as name11_10_,
        user0_.nick_name as nick_na12_10_,
        user0_.phone_num as phone_n13_10_,
        user0_.profile_image as profile14_10_,
        user0_.res_red_number as res_red15_10_,
        user0_.score as score16_10_ 
    from
        user user0_
Hibernate: 
    select
        roles0_.user_id as user_id1_11_0_,
        roles0_.roles as roles2_11_0_ 
    from
        user_roles roles0_ 
    where
        roles0_.user_id=?
Hibernate: 
    select
        roles0_.user_id as user_id1_11_0_,
        roles0_.roles as roles2_11_0_ 
    from
        user_roles roles0_ 
    where
        roles0_.user_id=?
Hibernate: 
    select
        roles0_.user_id as user_id1_11_0_,
        roles0_.roles as roles2_11_0_ 
    from
        user_roles roles0_ 
    where
        roles0_.user_id=?
Hibernate: 
    select
        roles0_.user_id as user_id1_11_0_,
        roles0_.roles as roles2_11_0_ 
    from
        user_roles roles0_ 
    where
        roles0_.user_id=?
Hibernate: 
    select
        roles0_.user_id as user_id1_11_0_,
        roles0_.roles as roles2_11_0_ 
    from
        user_roles roles0_ 
    where
        roles0_.user_id=?
Hibernate: 
    insert 
    into
        story_pin
        (created_at, updated_at, category, content, user_id, image, latitude, longitude, title) 
    values
        (?, ?, ?, ?, ?, ?, ?, ?, ?)
Hibernate: 
    select
        user0_.id as id1_10_,
        user0_.created_at as created_2_10_,
        user0_.updated_at as updated_3_10_,
        user0_.age as age4_10_,
        user0_.background_image as backgrou5_10_,
        user0_.email as email6_10_,
        user0_.gender as gender7_10_,
        user0_.hobby as hobby8_10_,
        user0_.introduce as introduc9_10_,
        user0_.job as job10_10_,
        user0_.name as name11_10_,
        user0_.nick_name as nick_na12_10_,
        user0_.phone_num as phone_n13_10_,
        user0_.profile_image as profile14_10_,
        user0_.res_red_number as res_red15_10_,
        user0_.score as score16_10_ 
    from
        user user0_
Hibernate: 
    select
        roles0_.user_id as user_id1_11_0_,
        roles0_.roles as roles2_11_0_ 
    from
        user_roles roles0_ 
    where
        roles0_.user_id=?
Hibernate: 
    select
        roles0_.user_id as user_id1_11_0_,
        roles0_.roles as roles2_11_0_ 
    from
        user_roles roles0_ 
    where
        roles0_.user_id=?
Hibernate: 
    select
        roles0_.user_id as user_id1_11_0_,
        roles0_.roles as roles2_11_0_ 
    from
        user_roles roles0_ 
    where
        roles0_.user_id=?
Hibernate: 
    select
        roles0_.user_id as user_id1_11_0_,
        roles0_.roles as roles2_11_0_ 
    from
        user_roles roles0_ 
    where
        roles0_.user_id=?
Hibernate: 
    select
        roles0_.user_id as user_id1_11_0_,
        roles0_.roles as roles2_11_0_ 
    from
        user_roles roles0_ 
    where
        roles0_.user_id=?
Hibernate: 
    insert 
    into
        story_pin
        (created_at, updated_at, category, content, user_id, image, latitude, longitude, title) 
    values
        (?, ?, ?, ?, ?, ?, ?, ?, ?)
Hibernate: 
    select
        user0_.id as id1_10_,
        user0_.created_at as created_2_10_,
        user0_.updated_at as updated_3_10_,
        user0_.age as age4_10_,
        user0_.background_image as backgrou5_10_,
        user0_.email as email6_10_,
        user0_.gender as gender7_10_,
        user0_.hobby as hobby8_10_,
        user0_.introduce as introduc9_10_,
        user0_.job as job10_10_,
        user0_.name as name11_10_,
        user0_.nick_name as nick_na12_10_,
        user0_.phone_num as phone_n13_10_,
        user0_.profile_image as profile14_10_,
        user0_.res_red_number as res_red15_10_,
        user0_.score as score16_10_ 
    from
        user user0_
Hibernate: 
    select
        roles0_.user_id as user_id1_11_0_,
        roles0_.roles as roles2_11_0_ 
    from
        user_roles roles0_ 
    where
        roles0_.user_id=?
Hibernate: 
    select
        roles0_.user_id as user_id1_11_0_,
        roles0_.roles as roles2_11_0_ 
    from
        user_roles roles0_ 
    where
        roles0_.user_id=?
Hibernate: 
    select
        roles0_.user_id as user_id1_11_0_,
        roles0_.roles as roles2_11_0_ 
    from
        user_roles roles0_ 
    where
        roles0_.user_id=?
Hibernate: 
    select
        roles0_.user_id as user_id1_11_0_,
        roles0_.roles as roles2_11_0_ 
    from
        user_roles roles0_ 
    where
        roles0_.user_id=?
Hibernate: 
    select
        roles0_.user_id as user_id1_11_0_,
        roles0_.roles as roles2_11_0_ 
    from
        user_roles roles0_ 
    where
        roles0_.user_id=?
Hibernate: 
    insert 
    into
        story_pin
        (created_at, updated_at, category, content, user_id, image, latitude, longitude, title) 
    values
        (?, ?, ?, ?, ?, ?, ?, ?, ?)
Hibernate: 
    select
        user0_.id as id1_10_,
        user0_.created_at as created_2_10_,
        user0_.updated_at as updated_3_10_,
        user0_.age as age4_10_,
        user0_.background_image as backgrou5_10_,
        user0_.email as email6_10_,
        user0_.gender as gender7_10_,
        user0_.hobby as hobby8_10_,
        user0_.introduce as introduc9_10_,
        user0_.job as job10_10_,
        user0_.name as name11_10_,
        user0_.nick_name as nick_na12_10_,
        user0_.phone_num as phone_n13_10_,
        user0_.profile_image as profile14_10_,
        user0_.res_red_number as res_red15_10_,
        user0_.score as score16_10_ 
    from
        user user0_
Hibernate: 
    select
        roles0_.user_id as user_id1_11_0_,
        roles0_.roles as roles2_11_0_ 
    from
        user_roles roles0_ 
    where
        roles0_.user_id=?
Hibernate: 
    select
        roles0_.user_id as user_id1_11_0_,
        roles0_.roles as roles2_11_0_ 
    from
        user_roles roles0_ 
    where
        roles0_.user_id=?
Hibernate: 
    select
        roles0_.user_id as user_id1_11_0_,
        roles0_.roles as roles2_11_0_ 
    from
        user_roles roles0_ 
    where
        roles0_.user_id=?
Hibernate: 
    select
        roles0_.user_id as user_id1_11_0_,
        roles0_.roles as roles2_11_0_ 
    from
        user_roles roles0_ 
    where
        roles0_.user_id=?
Hibernate: 
    select
        roles0_.user_id as user_id1_11_0_,
        roles0_.roles as roles2_11_0_ 
    from
        user_roles roles0_ 
    where
        roles0_.user_id=?
Hibernate: 
    insert 
    into
        story_pin
        (created_at, updated_at, category, content, user_id, image, latitude, longitude, title) 
    values
        (?, ?, ?, ?, ?, ?, ?, ?, ?)
Hibernate: 
    select
        user0_.id as id1_10_,
        user0_.created_at as created_2_10_,
        user0_.updated_at as updated_3_10_,
        user0_.age as age4_10_,
        user0_.background_image as backgrou5_10_,
        user0_.email as email6_10_,
        user0_.gender as gender7_10_,
        user0_.hobby as hobby8_10_,
        user0_.introduce as introduc9_10_,
        user0_.job as job10_10_,
        user0_.name as name11_10_,
        user0_.nick_name as nick_na12_10_,
        user0_.phone_num as phone_n13_10_,
        user0_.profile_image as profile14_10_,
        user0_.res_red_number as res_red15_10_,
        user0_.score as score16_10_ 
    from
        user user0_
Hibernate: 
    select
        roles0_.user_id as user_id1_11_0_,
        roles0_.roles as roles2_11_0_ 
    from
        user_roles roles0_ 
    where
        roles0_.user_id=?
Hibernate: 
    select
        roles0_.user_id as user_id1_11_0_,
        roles0_.roles as roles2_11_0_ 
    from
        user_roles roles0_ 
    where
        roles0_.user_id=?
Hibernate: 
    select
        roles0_.user_id as user_id1_11_0_,
        roles0_.roles as roles2_11_0_ 
    from
        user_roles roles0_ 
    where
        roles0_.user_id=?
Hibernate: 
    select
        roles0_.user_id as user_id1_11_0_,
        roles0_.roles as roles2_11_0_ 
    from
        user_roles roles0_ 
    where
        roles0_.user_id=?
Hibernate: 
    select
        roles0_.user_id as user_id1_11_0_,
        roles0_.roles as roles2_11_0_ 
    from
        user_roles roles0_ 
    where
        roles0_.user_id=?
Hibernate: 
    insert 
    into
        story_pin
        (created_at, updated_at, category, content, user_id, image, latitude, longitude, title) 
    values
        (?, ?, ?, ?, ?, ?, ?, ?, ?)
Hibernate: 
    select
        user0_.id as id1_10_,
        user0_.created_at as created_2_10_,
        user0_.updated_at as updated_3_10_,
        user0_.age as age4_10_,
        user0_.background_image as backgrou5_10_,
        user0_.email as email6_10_,
        user0_.gender as gender7_10_,
        user0_.hobby as hobby8_10_,
        user0_.introduce as introduc9_10_,
        user0_.job as job10_10_,
        user0_.name as name11_10_,
        user0_.nick_name as nick_na12_10_,
        user0_.phone_num as phone_n13_10_,
        user0_.profile_image as profile14_10_,
        user0_.res_red_number as res_red15_10_,
        user0_.score as score16_10_ 
    from
        user user0_
Hibernate: 
    select
        roles0_.user_id as user_id1_11_0_,
        roles0_.roles as roles2_11_0_ 
    from
        user_roles roles0_ 
    where
        roles0_.user_id=?
Hibernate: 
    select
        roles0_.user_id as user_id1_11_0_,
        roles0_.roles as roles2_11_0_ 
    from
        user_roles roles0_ 
    where
        roles0_.user_id=?
Hibernate: 
    select
        roles0_.user_id as user_id1_11_0_,
        roles0_.roles as roles2_11_0_ 
    from
        user_roles roles0_ 
    where
        roles0_.user_id=?
Hibernate: 
    select
        roles0_.user_id as user_id1_11_0_,
        roles0_.roles as roles2_11_0_ 
    from
        user_roles roles0_ 
    where
        roles0_.user_id=?
Hibernate: 
    select
        roles0_.user_id as user_id1_11_0_,
        roles0_.roles as roles2_11_0_ 
    from
        user_roles roles0_ 
    where
        roles0_.user_id=?
Hibernate: 
    insert 
    into
        story_pin
        (created_at, updated_at, category, content, user_id, image, latitude, longitude, title) 
    values
        (?, ?, ?, ?, ?, ?, ?, ?, ?)
Hibernate: 
    select
        user0_.id as id1_10_,
        user0_.created_at as created_2_10_,
        user0_.updated_at as updated_3_10_,
        user0_.age as age4_10_,
        user0_.background_image as backgrou5_10_,
        user0_.email as email6_10_,
        user0_.gender as gender7_10_,
        user0_.hobby as hobby8_10_,
        user0_.introduce as introduc9_10_,
        user0_.job as job10_10_,
        user0_.name as name11_10_,
        user0_.nick_name as nick_na12_10_,
        user0_.phone_num as phone_n13_10_,
        user0_.profile_image as profile14_10_,
        user0_.res_red_number as res_red15_10_,
        user0_.score as score16_10_ 
    from
        user user0_
Hibernate: 
    select
        roles0_.user_id as user_id1_11_0_,
        roles0_.roles as roles2_11_0_ 
    from
        user_roles roles0_ 
    where
        roles0_.user_id=?
Hibernate: 
    select
        roles0_.user_id as user_id1_11_0_,
        roles0_.roles as roles2_11_0_ 
    from
        user_roles roles0_ 
    where
        roles0_.user_id=?
Hibernate: 
    select
        roles0_.user_id as user_id1_11_0_,
        roles0_.roles as roles2_11_0_ 
    from
        user_roles roles0_ 
    where
        roles0_.user_id=?
Hibernate: 
    select
        roles0_.user_id as user_id1_11_0_,
        roles0_.roles as roles2_11_0_ 
    from
        user_roles roles0_ 
    where
        roles0_.user_id=?
Hibernate: 
    select
        roles0_.user_id as user_id1_11_0_,
        roles0_.roles as roles2_11_0_ 
    from
        user_roles roles0_ 
    where
        roles0_.user_id=?
Hibernate: 
    insert 
    into
        story_pin
        (created_at, updated_at, category, content, user_id, image, latitude, longitude, title) 
    values
        (?, ?, ?, ?, ?, ?, ?, ?, ?)
Hibernate: 
    select
        user0_.id as id1_10_,
        user0_.created_at as created_2_10_,
        user0_.updated_at as updated_3_10_,
        user0_.age as age4_10_,
        user0_.background_image as backgrou5_10_,
        user0_.email as email6_10_,
        user0_.gender as gender7_10_,
        user0_.hobby as hobby8_10_,
        user0_.introduce as introduc9_10_,
        user0_.job as job10_10_,
        user0_.name as name11_10_,
        user0_.nick_name as nick_na12_10_,
        user0_.phone_num as phone_n13_10_,
        user0_.profile_image as profile14_10_,
        user0_.res_red_number as res_red15_10_,
        user0_.score as score16_10_ 
    from
        user user0_
Hibernate: 
    select
        roles0_.user_id as user_id1_11_0_,
        roles0_.roles as roles2_11_0_ 
    from
        user_roles roles0_ 
    where
        roles0_.user_id=?
Hibernate: 
    select
        roles0_.user_id as user_id1_11_0_,
        roles0_.roles as roles2_11_0_ 
    from
        user_roles roles0_ 
    where
        roles0_.user_id=?
Hibernate: 
    select
        roles0_.user_id as user_id1_11_0_,
        roles0_.roles as roles2_11_0_ 
    from
        user_roles roles0_ 
    where
        roles0_.user_id=?
Hibernate: 
    select
        roles0_.user_id as user_id1_11_0_,
        roles0_.roles as roles2_11_0_ 
    from
        user_roles roles0_ 
    where
        roles0_.user_id=?
Hibernate: 
    select
        roles0_.user_id as user_id1_11_0_,
        roles0_.roles as roles2_11_0_ 
    from
        user_roles roles0_ 
    where
        roles0_.user_id=?
Hibernate: 
    insert 
    into
        story_pin
        (created_at, updated_at, category, content, user_id, image, latitude, longitude, title) 
    values
        (?, ?, ?, ?, ?, ?, ?, ?, ?)
Hibernate: 
    select
        user0_.id as id1_10_,
        user0_.created_at as created_2_10_,
        user0_.updated_at as updated_3_10_,
        user0_.age as age4_10_,
        user0_.background_image as backgrou5_10_,
        user0_.email as email6_10_,
        user0_.gender as gender7_10_,
        user0_.hobby as hobby8_10_,
        user0_.introduce as introduc9_10_,
        user0_.job as job10_10_,
        user0_.name as name11_10_,
        user0_.nick_name as nick_na12_10_,
        user0_.phone_num as phone_n13_10_,
        user0_.profile_image as profile14_10_,
        user0_.res_red_number as res_red15_10_,
        user0_.score as score16_10_ 
    from
        user user0_
Hibernate: 
    select
        roles0_.user_id as user_id1_11_0_,
        roles0_.roles as roles2_11_0_ 
    from
        user_roles roles0_ 
    where
        roles0_.user_id=?
Hibernate: 
    select
        roles0_.user_id as user_id1_11_0_,
        roles0_.roles as roles2_11_0_ 
    from
        user_roles roles0_ 
    where
        roles0_.user_id=?
Hibernate: 
    select
        roles0_.user_id as user_id1_11_0_,
        roles0_.roles as roles2_11_0_ 
    from
        user_roles roles0_ 
    where
        roles0_.user_id=?
Hibernate: 
    select
        roles0_.user_id as user_id1_11_0_,
        roles0_.roles as roles2_11_0_ 
    from
        user_roles roles0_ 
    where
        roles0_.user_id=?
Hibernate: 
    select
        roles0_.user_id as user_id1_11_0_,
        roles0_.roles as roles2_11_0_ 
    from
        user_roles roles0_ 
    where
        roles0_.user_id=?
Hibernate: 
    insert 
    into
        story_pin
        (created_at, updated_at, category, content, user_id, image, latitude, longitude, title) 
    values
        (?, ?, ?, ?, ?, ?, ?, ?, ?)
Hibernate: 
    select
        user0_.id as id1_10_,
        user0_.created_at as created_2_10_,
        user0_.updated_at as updated_3_10_,
        user0_.age as age4_10_,
        user0_.background_image as backgrou5_10_,
        user0_.email as email6_10_,
        user0_.gender as gender7_10_,
        user0_.hobby as hobby8_10_,
        user0_.introduce as introduc9_10_,
        user0_.job as job10_10_,
        user0_.name as name11_10_,
        user0_.nick_name as nick_na12_10_,
        user0_.phone_num as phone_n13_10_,
        user0_.profile_image as profile14_10_,
        user0_.res_red_number as res_red15_10_,
        user0_.score as score16_10_ 
    from
        user user0_
Hibernate: 
    select
        roles0_.user_id as user_id1_11_0_,
        roles0_.roles as roles2_11_0_ 
    from
        user_roles roles0_ 
    where
        roles0_.user_id=?
Hibernate: 
    select
        roles0_.user_id as user_id1_11_0_,
        roles0_.roles as roles2_11_0_ 
    from
        user_roles roles0_ 
    where
        roles0_.user_id=?
Hibernate: 
    select
        roles0_.user_id as user_id1_11_0_,
        roles0_.roles as roles2_11_0_ 
    from
        user_roles roles0_ 
    where
        roles0_.user_id=?
Hibernate: 
    select
        roles0_.user_id as user_id1_11_0_,
        roles0_.roles as roles2_11_0_ 
    from
        user_roles roles0_ 
    where
        roles0_.user_id=?
Hibernate: 
    select
        roles0_.user_id as user_id1_11_0_,
        roles0_.roles as roles2_11_0_ 
    from
        user_roles roles0_ 
    where
        roles0_.user_id=?
Hibernate: 
    insert 
    into
        story_pin
        (created_at, updated_at, category, content, user_id, image, latitude, longitude, title) 
    values
        (?, ?, ?, ?, ?, ?, ?, ?, ?)
Hibernate: 
    select
        user0_.id as id1_10_,
        user0_.created_at as created_2_10_,
        user0_.updated_at as updated_3_10_,
        user0_.age as age4_10_,
        user0_.background_image as backgrou5_10_,
        user0_.email as email6_10_,
        user0_.gender as gender7_10_,
        user0_.hobby as hobby8_10_,
        user0_.introduce as introduc9_10_,
        user0_.job as job10_10_,
        user0_.name as name11_10_,
        user0_.nick_name as nick_na12_10_,
        user0_.phone_num as phone_n13_10_,
        user0_.profile_image as profile14_10_,
        user0_.res_red_number as res_red15_10_,
        user0_.score as score16_10_ 
    from
        user user0_
Hibernate: 
    select
        roles0_.user_id as user_id1_11_0_,
        roles0_.roles as roles2_11_0_ 
    from
        user_roles roles0_ 
    where
        roles0_.user_id=?
Hibernate: 
    select
        roles0_.user_id as user_id1_11_0_,
        roles0_.roles as roles2_11_0_ 
    from
        user_roles roles0_ 
    where
        roles0_.user_id=?
Hibernate: 
    select
        roles0_.user_id as user_id1_11_0_,
        roles0_.roles as roles2_11_0_ 
    from
        user_roles roles0_ 
    where
        roles0_.user_id=?
Hibernate: 
    select
        roles0_.user_id as user_id1_11_0_,
        roles0_.roles as roles2_11_0_ 
    from
        user_roles roles0_ 
    where
        roles0_.user_id=?
Hibernate: 
    select
        roles0_.user_id as user_id1_11_0_,
        roles0_.roles as roles2_11_0_ 
    from
        user_roles roles0_ 
    where
        roles0_.user_id=?
Hibernate: 
    insert 
    into
        story_pin
        (created_at, updated_at, category, content, user_id, image, latitude, longitude, title) 
    values
        (?, ?, ?, ?, ?, ?, ?, ?, ?)
Hibernate: 
    select
        user0_.id as id1_10_,
        user0_.created_at as created_2_10_,
        user0_.updated_at as updated_3_10_,
        user0_.age as age4_10_,
        user0_.background_image as backgrou5_10_,
        user0_.email as email6_10_,
        user0_.gender as gender7_10_,
        user0_.hobby as hobby8_10_,
        user0_.introduce as introduc9_10_,
        user0_.job as job10_10_,
        user0_.name as name11_10_,
        user0_.nick_name as nick_na12_10_,
        user0_.phone_num as phone_n13_10_,
        user0_.profile_image as profile14_10_,
        user0_.res_red_number as res_red15_10_,
        user0_.score as score16_10_ 
    from
        user user0_
Hibernate: 
    select
        roles0_.user_id as user_id1_11_0_,
        roles0_.roles as roles2_11_0_ 
    from
        user_roles roles0_ 
    where
        roles0_.user_id=?
Hibernate: 
    select
        roles0_.user_id as user_id1_11_0_,
        roles0_.roles as roles2_11_0_ 
    from
        user_roles roles0_ 
    where
        roles0_.user_id=?
Hibernate: 
    select
        roles0_.user_id as user_id1_11_0_,
        roles0_.roles as roles2_11_0_ 
    from
        user_roles roles0_ 
    where
        roles0_.user_id=?
Hibernate: 
    select
        roles0_.user_id as user_id1_11_0_,
        roles0_.roles as roles2_11_0_ 
    from
        user_roles roles0_ 
    where
        roles0_.user_id=?
Hibernate: 
    select
        roles0_.user_id as user_id1_11_0_,
        roles0_.roles as roles2_11_0_ 
    from
        user_roles roles0_ 
    where
        roles0_.user_id=?
Hibernate: 
    insert 
    into
        story_pin
        (created_at, updated_at, category, content, user_id, image, latitude, longitude, title) 
    values
        (?, ?, ?, ?, ?, ?, ?, ?, ?)
Hibernate: 
    select
        user0_.id as id1_10_,
        user0_.created_at as created_2_10_,
        user0_.updated_at as updated_3_10_,
        user0_.age as age4_10_,
        user0_.background_image as backgrou5_10_,
        user0_.email as email6_10_,
        user0_.gender as gender7_10_,
        user0_.hobby as hobby8_10_,
        user0_.introduce as introduc9_10_,
        user0_.job as job10_10_,
        user0_.name as name11_10_,
        user0_.nick_name as nick_na12_10_,
        user0_.phone_num as phone_n13_10_,
        user0_.profile_image as profile14_10_,
        user0_.res_red_number as res_red15_10_,
        user0_.score as score16_10_ 
    from
        user user0_
Hibernate: 
    select
        roles0_.user_id as user_id1_11_0_,
        roles0_.roles as roles2_11_0_ 
    from
        user_roles roles0_ 
    where
        roles0_.user_id=?
Hibernate: 
    select
        roles0_.user_id as user_id1_11_0_,
        roles0_.roles as roles2_11_0_ 
    from
        user_roles roles0_ 
    where
        roles0_.user_id=?
Hibernate: 
    select
        roles0_.user_id as user_id1_11_0_,
        roles0_.roles as roles2_11_0_ 
    from
        user_roles roles0_ 
    where
        roles0_.user_id=?
Hibernate: 
    select
        roles0_.user_id as user_id1_11_0_,
        roles0_.roles as roles2_11_0_ 
    from
        user_roles roles0_ 
    where
        roles0_.user_id=?
Hibernate: 
    select
        roles0_.user_id as user_id1_11_0_,
        roles0_.roles as roles2_11_0_ 
    from
        user_roles roles0_ 
    where
        roles0_.user_id=?
Hibernate: 
    insert 
    into
        story_pin
        (created_at, updated_at, category, content, user_id, image, latitude, longitude, title) 
    values
        (?, ?, ?, ?, ?, ?, ?, ?, ?)
Hibernate: 
    select
        user0_.id as id1_10_,
        user0_.created_at as created_2_10_,
        user0_.updated_at as updated_3_10_,
        user0_.age as age4_10_,
        user0_.background_image as backgrou5_10_,
        user0_.email as email6_10_,
        user0_.gender as gender7_10_,
        user0_.hobby as hobby8_10_,
        user0_.introduce as introduc9_10_,
        user0_.job as job10_10_,
        user0_.name as name11_10_,
        user0_.nick_name as nick_na12_10_,
        user0_.phone_num as phone_n13_10_,
        user0_.profile_image as profile14_10_,
        user0_.res_red_number as res_red15_10_,
        user0_.score as score16_10_ 
    from
        user user0_
Hibernate: 
    select
        roles0_.user_id as user_id1_11_0_,
        roles0_.roles as roles2_11_0_ 
    from
        user_roles roles0_ 
    where
        roles0_.user_id=?
Hibernate: 
    select
        roles0_.user_id as user_id1_11_0_,
        roles0_.roles as roles2_11_0_ 
    from
        user_roles roles0_ 
    where
        roles0_.user_id=?
Hibernate: 
    select
        roles0_.user_id as user_id1_11_0_,
        roles0_.roles as roles2_11_0_ 
    from
        user_roles roles0_ 
    where
        roles0_.user_id=?
Hibernate: 
    select
        roles0_.user_id as user_id1_11_0_,
        roles0_.roles as roles2_11_0_ 
    from
        user_roles roles0_ 
    where
        roles0_.user_id=?
Hibernate: 
    select
        roles0_.user_id as user_id1_11_0_,
        roles0_.roles as roles2_11_0_ 
    from
        user_roles roles0_ 
    where
        roles0_.user_id=?
Hibernate: 
    insert 
    into
        story_pin
        (created_at, updated_at, category, content, user_id, image, latitude, longitude, title) 
    values
        (?, ?, ?, ?, ?, ?, ?, ?, ?)
Hibernate: 
    select
        user0_.id as id1_10_,
        user0_.created_at as created_2_10_,
        user0_.updated_at as updated_3_10_,
        user0_.age as age4_10_,
        user0_.background_image as backgrou5_10_,
        user0_.email as email6_10_,
        user0_.gender as gender7_10_,
        user0_.hobby as hobby8_10_,
        user0_.introduce as introduc9_10_,
        user0_.job as job10_10_,
        user0_.name as name11_10_,
        user0_.nick_name as nick_na12_10_,
        user0_.phone_num as phone_n13_10_,
        user0_.profile_image as profile14_10_,
        user0_.res_red_number as res_red15_10_,
        user0_.score as score16_10_ 
    from
        user user0_
Hibernate: 
    select
        roles0_.user_id as user_id1_11_0_,
        roles0_.roles as roles2_11_0_ 
    from
        user_roles roles0_ 
    where
        roles0_.user_id=?
Hibernate: 
    select
        roles0_.user_id as user_id1_11_0_,
        roles0_.roles as roles2_11_0_ 
    from
        user_roles roles0_ 
    where
        roles0_.user_id=?
Hibernate: 
    select
        roles0_.user_id as user_id1_11_0_,
        roles0_.roles as roles2_11_0_ 
    from
        user_roles roles0_ 
    where
        roles0_.user_id=?
Hibernate: 
    select
        roles0_.user_id as user_id1_11_0_,
        roles0_.roles as roles2_11_0_ 
    from
        user_roles roles0_ 
    where
        roles0_.user_id=?
Hibernate: 
    select
        roles0_.user_id as user_id1_11_0_,
        roles0_.roles as roles2_11_0_ 
    from
        user_roles roles0_ 
    where
        roles0_.user_id=?
Hibernate: 
    insert 
    into
        story_pin
        (created_at, updated_at, category, content, user_id, image, latitude, longitude, title) 
    values
        (?, ?, ?, ?, ?, ?, ?, ?, ?)
Hibernate: 
    select
        user0_.id as id1_10_,
        user0_.created_at as created_2_10_,
        user0_.updated_at as updated_3_10_,
        user0_.age as age4_10_,
        user0_.background_image as backgrou5_10_,
        user0_.email as email6_10_,
        user0_.gender as gender7_10_,
        user0_.hobby as hobby8_10_,
        user0_.introduce as introduc9_10_,
        user0_.job as job10_10_,
        user0_.name as name11_10_,
        user0_.nick_name as nick_na12_10_,
        user0_.phone_num as phone_n13_10_,
        user0_.profile_image as profile14_10_,
        user0_.res_red_number as res_red15_10_,
        user0_.score as score16_10_ 
    from
        user user0_
Hibernate: 
    select
        roles0_.user_id as user_id1_11_0_,
        roles0_.roles as roles2_11_0_ 
    from
        user_roles roles0_ 
    where
        roles0_.user_id=?
Hibernate: 
    select
        roles0_.user_id as user_id1_11_0_,
        roles0_.roles as roles2_11_0_ 
    from
        user_roles roles0_ 
    where
        roles0_.user_id=?
Hibernate: 
    select
        roles0_.user_id as user_id1_11_0_,
        roles0_.roles as roles2_11_0_ 
    from
        user_roles roles0_ 
    where
        roles0_.user_id=?
Hibernate: 
    select
        roles0_.user_id as user_id1_11_0_,
        roles0_.roles as roles2_11_0_ 
    from
        user_roles roles0_ 
    where
        roles0_.user_id=?
Hibernate: 
    select
        roles0_.user_id as user_id1_11_0_,
        roles0_.roles as roles2_11_0_ 
    from
        user_roles roles0_ 
    where
        roles0_.user_id=?
Hibernate: 
    insert 
    into
        story_pin
        (created_at, updated_at, category, content, user_id, image, latitude, longitude, title) 
    values
        (?, ?, ?, ?, ?, ?, ?, ?, ?)
Hibernate: 
    select
        user0_.id as id1_10_,
        user0_.created_at as created_2_10_,
        user0_.updated_at as updated_3_10_,
        user0_.age as age4_10_,
        user0_.background_image as backgrou5_10_,
        user0_.email as email6_10_,
        user0_.gender as gender7_10_,
        user0_.hobby as hobby8_10_,
        user0_.introduce as introduc9_10_,
        user0_.job as job10_10_,
        user0_.name as name11_10_,
        user0_.nick_name as nick_na12_10_,
        user0_.phone_num as phone_n13_10_,
        user0_.profile_image as profile14_10_,
        user0_.res_red_number as res_red15_10_,
        user0_.score as score16_10_ 
    from
        user user0_
Hibernate: 
    select
        roles0_.user_id as user_id1_11_0_,
        roles0_.roles as roles2_11_0_ 
    from
        user_roles roles0_ 
    where
        roles0_.user_id=?
Hibernate: 
    select
        roles0_.user_id as user_id1_11_0_,
        roles0_.roles as roles2_11_0_ 
    from
        user_roles roles0_ 
    where
        roles0_.user_id=?
Hibernate: 
    select
        roles0_.user_id as user_id1_11_0_,
        roles0_.roles as roles2_11_0_ 
    from
        user_roles roles0_ 
    where
        roles0_.user_id=?
Hibernate: 
    select
        roles0_.user_id as user_id1_11_0_,
        roles0_.roles as roles2_11_0_ 
    from
        user_roles roles0_ 
    where
        roles0_.user_id=?
Hibernate: 
    select
        roles0_.user_id as user_id1_11_0_,
        roles0_.roles as roles2_11_0_ 
    from
        user_roles roles0_ 
    where
        roles0_.user_id=?
Hibernate: 
    insert 
    into
        story_pin
        (created_at, updated_at, category, content, user_id, image, latitude, longitude, title) 
    values
        (?, ?, ?, ?, ?, ?, ?, ?, ?)
Hibernate: 
    select
        user0_.id as id1_10_,
        user0_.created_at as created_2_10_,
        user0_.updated_at as updated_3_10_,
        user0_.age as age4_10_,
        user0_.background_image as backgrou5_10_,
        user0_.email as email6_10_,
        user0_.gender as gender7_10_,
        user0_.hobby as hobby8_10_,
        user0_.introduce as introduc9_10_,
        user0_.job as job10_10_,
        user0_.name as name11_10_,
        user0_.nick_name as nick_na12_10_,
        user0_.phone_num as phone_n13_10_,
        user0_.profile_image as profile14_10_,
        user0_.res_red_number as res_red15_10_,
        user0_.score as score16_10_ 
    from
        user user0_
Hibernate: 
    select
        roles0_.user_id as user_id1_11_0_,
        roles0_.roles as roles2_11_0_ 
    from
        user_roles roles0_ 
    where
        roles0_.user_id=?
Hibernate: 
    select
        roles0_.user_id as user_id1_11_0_,
        roles0_.roles as roles2_11_0_ 
    from
        user_roles roles0_ 
    where
        roles0_.user_id=?
Hibernate: 
    select
        roles0_.user_id as user_id1_11_0_,
        roles0_.roles as roles2_11_0_ 
    from
        user_roles roles0_ 
    where
        roles0_.user_id=?
Hibernate: 
    select
        roles0_.user_id as user_id1_11_0_,
        roles0_.roles as roles2_11_0_ 
    from
        user_roles roles0_ 
    where
        roles0_.user_id=?
Hibernate: 
    select
        roles0_.user_id as user_id1_11_0_,
        roles0_.roles as roles2_11_0_ 
    from
        user_roles roles0_ 
    where
        roles0_.user_id=?
Hibernate: 
    insert 
    into
        story_pin
        (created_at, updated_at, category, content, user_id, image, latitude, longitude, title) 
    values
        (?, ?, ?, ?, ?, ?, ?, ?, ?)
Hibernate: 
    select
        user0_.id as id1_10_,
        user0_.created_at as created_2_10_,
        user0_.updated_at as updated_3_10_,
        user0_.age as age4_10_,
        user0_.background_image as backgrou5_10_,
        user0_.email as email6_10_,
        user0_.gender as gender7_10_,
        user0_.hobby as hobby8_10_,
        user0_.introduce as introduc9_10_,
        user0_.job as job10_10_,
        user0_.name as name11_10_,
        user0_.nick_name as nick_na12_10_,
        user0_.phone_num as phone_n13_10_,
        user0_.profile_image as profile14_10_,
        user0_.res_red_number as res_red15_10_,
        user0_.score as score16_10_ 
    from
        user user0_
Hibernate: 
    select
        roles0_.user_id as user_id1_11_0_,
        roles0_.roles as roles2_11_0_ 
    from
        user_roles roles0_ 
    where
        roles0_.user_id=?
Hibernate: 
    select
        roles0_.user_id as user_id1_11_0_,
        roles0_.roles as roles2_11_0_ 
    from
        user_roles roles0_ 
    where
        roles0_.user_id=?
Hibernate: 
    select
        roles0_.user_id as user_id1_11_0_,
        roles0_.roles as roles2_11_0_ 
    from
        user_roles roles0_ 
    where
        roles0_.user_id=?
Hibernate: 
    select
        roles0_.user_id as user_id1_11_0_,
        roles0_.roles as roles2_11_0_ 
    from
        user_roles roles0_ 
    where
        roles0_.user_id=?
Hibernate: 
    select
        roles0_.user_id as user_id1_11_0_,
        roles0_.roles as roles2_11_0_ 
    from
        user_roles roles0_ 
    where
        roles0_.user_id=?
Hibernate: 
    insert 
    into
        story_pin
        (created_at, updated_at, category, content, user_id, image, latitude, longitude, title) 
    values
        (?, ?, ?, ?, ?, ?, ?, ?, ?)
Hibernate: 
    select
        user0_.id as id1_10_,
        user0_.created_at as created_2_10_,
        user0_.updated_at as updated_3_10_,
        user0_.age as age4_10_,
        user0_.background_image as backgrou5_10_,
        user0_.email as email6_10_,
        user0_.gender as gender7_10_,
        user0_.hobby as hobby8_10_,
        user0_.introduce as introduc9_10_,
        user0_.job as job10_10_,
        user0_.name as name11_10_,
        user0_.nick_name as nick_na12_10_,
        user0_.phone_num as phone_n13_10_,
        user0_.profile_image as profile14_10_,
        user0_.res_red_number as res_red15_10_,
        user0_.score as score16_10_ 
    from
        user user0_
Hibernate: 
    select
        roles0_.user_id as user_id1_11_0_,
        roles0_.roles as roles2_11_0_ 
    from
        user_roles roles0_ 
    where
        roles0_.user_id=?
Hibernate: 
    select
        roles0_.user_id as user_id1_11_0_,
        roles0_.roles as roles2_11_0_ 
    from
        user_roles roles0_ 
    where
        roles0_.user_id=?
Hibernate: 
    select
        roles0_.user_id as user_id1_11_0_,
        roles0_.roles as roles2_11_0_ 
    from
        user_roles roles0_ 
    where
        roles0_.user_id=?
Hibernate: 
    select
        roles0_.user_id as user_id1_11_0_,
        roles0_.roles as roles2_11_0_ 
    from
        user_roles roles0_ 
    where
        roles0_.user_id=?
Hibernate: 
    select
        roles0_.user_id as user_id1_11_0_,
        roles0_.roles as roles2_11_0_ 
    from
        user_roles roles0_ 
    where
        roles0_.user_id=?
Hibernate: 
    insert 
    into
        story_pin
        (created_at, updated_at, category, content, user_id, image, latitude, longitude, title) 
    values
        (?, ?, ?, ?, ?, ?, ?, ?, ?)
Hibernate: 
    select
        user0_.id as id1_10_,
        user0_.created_at as created_2_10_,
        user0_.updated_at as updated_3_10_,
        user0_.age as age4_10_,
        user0_.background_image as backgrou5_10_,
        user0_.email as email6_10_,
        user0_.gender as gender7_10_,
        user0_.hobby as hobby8_10_,
        user0_.introduce as introduc9_10_,
        user0_.job as job10_10_,
        user0_.name as name11_10_,
        user0_.nick_name as nick_na12_10_,
        user0_.phone_num as phone_n13_10_,
        user0_.profile_image as profile14_10_,
        user0_.res_red_number as res_red15_10_,
        user0_.score as score16_10_ 
    from
        user user0_
Hibernate: 
    select
        roles0_.user_id as user_id1_11_0_,
        roles0_.roles as roles2_11_0_ 
    from
        user_roles roles0_ 
    where
        roles0_.user_id=?
Hibernate: 
    select
        roles0_.user_id as user_id1_11_0_,
        roles0_.roles as roles2_11_0_ 
    from
        user_roles roles0_ 
    where
        roles0_.user_id=?
Hibernate: 
    select
        roles0_.user_id as user_id1_11_0_,
        roles0_.roles as roles2_11_0_ 
    from
        user_roles roles0_ 
    where
        roles0_.user_id=?
Hibernate: 
    select
        roles0_.user_id as user_id1_11_0_,
        roles0_.roles as roles2_11_0_ 
    from
        user_roles roles0_ 
    where
        roles0_.user_id=?
Hibernate: 
    select
        roles0_.user_id as user_id1_11_0_,
        roles0_.roles as roles2_11_0_ 
    from
        user_roles roles0_ 
    where
        roles0_.user_id=?
Hibernate: 
    insert 
    into
        story_pin
        (created_at, updated_at, category, content, user_id, image, latitude, longitude, title) 
    values
        (?, ?, ?, ?, ?, ?, ?, ?, ?)
Hibernate: 
    select
        user0_.id as id1_10_,
        user0_.created_at as created_2_10_,
        user0_.updated_at as updated_3_10_,
        user0_.age as age4_10_,
        user0_.background_image as backgrou5_10_,
        user0_.email as email6_10_,
        user0_.gender as gender7_10_,
        user0_.hobby as hobby8_10_,
        user0_.introduce as introduc9_10_,
        user0_.job as job10_10_,
        user0_.name as name11_10_,
        user0_.nick_name as nick_na12_10_,
        user0_.phone_num as phone_n13_10_,
        user0_.profile_image as profile14_10_,
        user0_.res_red_number as res_red15_10_,
        user0_.score as score16_10_ 
    from
        user user0_
Hibernate: 
    select
        roles0_.user_id as user_id1_11_0_,
        roles0_.roles as roles2_11_0_ 
    from
        user_roles roles0_ 
    where
        roles0_.user_id=?
Hibernate: 
    select
        roles0_.user_id as user_id1_11_0_,
        roles0_.roles as roles2_11_0_ 
    from
        user_roles roles0_ 
    where
        roles0_.user_id=?
Hibernate: 
    select
        roles0_.user_id as user_id1_11_0_,
        roles0_.roles as roles2_11_0_ 
    from
        user_roles roles0_ 
    where
        roles0_.user_id=?
Hibernate: 
    select
        roles0_.user_id as user_id1_11_0_,
        roles0_.roles as roles2_11_0_ 
    from
        user_roles roles0_ 
    where
        roles0_.user_id=?
Hibernate: 
    select
        roles0_.user_id as user_id1_11_0_,
        roles0_.roles as roles2_11_0_ 
    from
        user_roles roles0_ 
    where
        roles0_.user_id=?
Hibernate: 
    insert 
    into
        story_pin
        (created_at, updated_at, category, content, user_id, image, latitude, longitude, title) 
    values
        (?, ?, ?, ?, ?, ?, ?, ?, ?)
Hibernate: 
    select
        user0_.id as id1_10_,
        user0_.created_at as created_2_10_,
        user0_.updated_at as updated_3_10_,
        user0_.age as age4_10_,
        user0_.background_image as backgrou5_10_,
        user0_.email as email6_10_,
        user0_.gender as gender7_10_,
        user0_.hobby as hobby8_10_,
        user0_.introduce as introduc9_10_,
        user0_.job as job10_10_,
        user0_.name as name11_10_,
        user0_.nick_name as nick_na12_10_,
        user0_.phone_num as phone_n13_10_,
        user0_.profile_image as profile14_10_,
        user0_.res_red_number as res_red15_10_,
        user0_.score as score16_10_ 
    from
        user user0_
Hibernate: 
    select
        roles0_.user_id as user_id1_11_0_,
        roles0_.roles as roles2_11_0_ 
    from
        user_roles roles0_ 
    where
        roles0_.user_id=?
Hibernate: 
    select
        roles0_.user_id as user_id1_11_0_,
        roles0_.roles as roles2_11_0_ 
    from
        user_roles roles0_ 
    where
        roles0_.user_id=?
Hibernate: 
    select
        roles0_.user_id as user_id1_11_0_,
        roles0_.roles as roles2_11_0_ 
    from
        user_roles roles0_ 
    where
        roles0_.user_id=?
Hibernate: 
    select
        roles0_.user_id as user_id1_11_0_,
        roles0_.roles as roles2_11_0_ 
    from
        user_roles roles0_ 
    where
        roles0_.user_id=?
Hibernate: 
    select
        roles0_.user_id as user_id1_11_0_,
        roles0_.roles as roles2_11_0_ 
    from
        user_roles roles0_ 
    where
        roles0_.user_id=?
Hibernate: 
    insert 
    into
        story_pin
        (created_at, updated_at, category, content, user_id, image, latitude, longitude, title) 
    values
        (?, ?, ?, ?, ?, ?, ?, ?, ?)
Hibernate: 
    select
        user0_.id as id1_10_,
        user0_.created_at as created_2_10_,
        user0_.updated_at as updated_3_10_,
        user0_.age as age4_10_,
        user0_.background_image as backgrou5_10_,
        user0_.email as email6_10_,
        user0_.gender as gender7_10_,
        user0_.hobby as hobby8_10_,
        user0_.introduce as introduc9_10_,
        user0_.job as job10_10_,
        user0_.name as name11_10_,
        user0_.nick_name as nick_na12_10_,
        user0_.phone_num as phone_n13_10_,
        user0_.profile_image as profile14_10_,
        user0_.res_red_number as res_red15_10_,
        user0_.score as score16_10_ 
    from
        user user0_
Hibernate: 
    select
        roles0_.user_id as user_id1_11_0_,
        roles0_.roles as roles2_11_0_ 
    from
        user_roles roles0_ 
    where
        roles0_.user_id=?
Hibernate: 
    select
        roles0_.user_id as user_id1_11_0_,
        roles0_.roles as roles2_11_0_ 
    from
        user_roles roles0_ 
    where
        roles0_.user_id=?
Hibernate: 
    select
        roles0_.user_id as user_id1_11_0_,
        roles0_.roles as roles2_11_0_ 
    from
        user_roles roles0_ 
    where
        roles0_.user_id=?
Hibernate: 
    select
        roles0_.user_id as user_id1_11_0_,
        roles0_.roles as roles2_11_0_ 
    from
        user_roles roles0_ 
    where
        roles0_.user_id=?
Hibernate: 
    select
        roles0_.user_id as user_id1_11_0_,
        roles0_.roles as roles2_11_0_ 
    from
        user_roles roles0_ 
    where
        roles0_.user_id=?
Hibernate: 
    insert 
    into
        story_pin
        (created_at, updated_at, category, content, user_id, image, latitude, longitude, title) 
    values
        (?, ?, ?, ?, ?, ?, ?, ?, ?)
Hibernate: 
    select
        user0_.id as id1_10_,
        user0_.created_at as created_2_10_,
        user0_.updated_at as updated_3_10_,
        user0_.age as age4_10_,
        user0_.background_image as backgrou5_10_,
        user0_.email as email6_10_,
        user0_.gender as gender7_10_,
        user0_.hobby as hobby8_10_,
        user0_.introduce as introduc9_10_,
        user0_.job as job10_10_,
        user0_.name as name11_10_,
        user0_.nick_name as nick_na12_10_,
        user0_.phone_num as phone_n13_10_,
        user0_.profile_image as profile14_10_,
        user0_.res_red_number as res_red15_10_,
        user0_.score as score16_10_ 
    from
        user user0_
Hibernate: 
    select
        roles0_.user_id as user_id1_11_0_,
        roles0_.roles as roles2_11_0_ 
    from
        user_roles roles0_ 
    where
        roles0_.user_id=?
Hibernate: 
    select
        roles0_.user_id as user_id1_11_0_,
        roles0_.roles as roles2_11_0_ 
    from
        user_roles roles0_ 
    where
        roles0_.user_id=?
Hibernate: 
    select
        roles0_.user_id as user_id1_11_0_,
        roles0_.roles as roles2_11_0_ 
    from
        user_roles roles0_ 
    where
        roles0_.user_id=?
Hibernate: 
    select
        roles0_.user_id as user_id1_11_0_,
        roles0_.roles as roles2_11_0_ 
    from
        user_roles roles0_ 
    where
        roles0_.user_id=?
Hibernate: 
    select
        roles0_.user_id as user_id1_11_0_,
        roles0_.roles as roles2_11_0_ 
    from
        user_roles roles0_ 
    where
        roles0_.user_id=?
Hibernate: 
    insert 
    into
        story_pin
        (created_at, updated_at, category, content, user_id, image, latitude, longitude, title) 
    values
        (?, ?, ?, ?, ?, ?, ?, ?, ?)
Hibernate: 
    select
        user0_.id as id1_10_,
        user0_.created_at as created_2_10_,
        user0_.updated_at as updated_3_10_,
        user0_.age as age4_10_,
        user0_.background_image as backgrou5_10_,
        user0_.email as email6_10_,
        user0_.gender as gender7_10_,
        user0_.hobby as hobby8_10_,
        user0_.introduce as introduc9_10_,
        user0_.job as job10_10_,
        user0_.name as name11_10_,
        user0_.nick_name as nick_na12_10_,
        user0_.phone_num as phone_n13_10_,
        user0_.profile_image as profile14_10_,
        user0_.res_red_number as res_red15_10_,
        user0_.score as score16_10_ 
    from
        user user0_
Hibernate: 
    select
        roles0_.user_id as user_id1_11_0_,
        roles0_.roles as roles2_11_0_ 
    from
        user_roles roles0_ 
    where
        roles0_.user_id=?
Hibernate: 
    select
        roles0_.user_id as user_id1_11_0_,
        roles0_.roles as roles2_11_0_ 
    from
        user_roles roles0_ 
    where
        roles0_.user_id=?
Hibernate: 
    select
        roles0_.user_id as user_id1_11_0_,
        roles0_.roles as roles2_11_0_ 
    from
        user_roles roles0_ 
    where
        roles0_.user_id=?
Hibernate: 
    select
        roles0_.user_id as user_id1_11_0_,
        roles0_.roles as roles2_11_0_ 
    from
        user_roles roles0_ 
    where
        roles0_.user_id=?
Hibernate: 
    select
        roles0_.user_id as user_id1_11_0_,
        roles0_.roles as roles2_11_0_ 
    from
        user_roles roles0_ 
    where
        roles0_.user_id=?
Hibernate: 
    insert 
    into
        story_pin
        (created_at, updated_at, category, content, user_id, image, latitude, longitude, title) 
    values
        (?, ?, ?, ?, ?, ?, ?, ?, ?)
Hibernate: 
    select
        user0_.id as id1_10_,
        user0_.created_at as created_2_10_,
        user0_.updated_at as updated_3_10_,
        user0_.age as age4_10_,
        user0_.background_image as backgrou5_10_,
        user0_.email as email6_10_,
        user0_.gender as gender7_10_,
        user0_.hobby as hobby8_10_,
        user0_.introduce as introduc9_10_,
        user0_.job as job10_10_,
        user0_.name as name11_10_,
        user0_.nick_name as nick_na12_10_,
        user0_.phone_num as phone_n13_10_,
        user0_.profile_image as profile14_10_,
        user0_.res_red_number as res_red15_10_,
        user0_.score as score16_10_ 
    from
        user user0_
Hibernate: 
    select
        roles0_.user_id as user_id1_11_0_,
        roles0_.roles as roles2_11_0_ 
    from
        user_roles roles0_ 
    where
        roles0_.user_id=?
Hibernate: 
    select
        roles0_.user_id as user_id1_11_0_,
        roles0_.roles as roles2_11_0_ 
    from
        user_roles roles0_ 
    where
        roles0_.user_id=?
Hibernate: 
    select
        roles0_.user_id as user_id1_11_0_,
        roles0_.roles as roles2_11_0_ 
    from
        user_roles roles0_ 
    where
        roles0_.user_id=?
Hibernate: 
    select
        roles0_.user_id as user_id1_11_0_,
        roles0_.roles as roles2_11_0_ 
    from
        user_roles roles0_ 
    where
        roles0_.user_id=?
Hibernate: 
    select
        roles0_.user_id as user_id1_11_0_,
        roles0_.roles as roles2_11_0_ 
    from
        user_roles roles0_ 
    where
        roles0_.user_id=?
Hibernate: 
    insert 
    into
        story_pin
        (created_at, updated_at, category, content, user_id, image, latitude, longitude, title) 
    values
        (?, ?, ?, ?, ?, ?, ?, ?, ?)
Hibernate: 
    select
        user0_.id as id1_10_,
        user0_.created_at as created_2_10_,
        user0_.updated_at as updated_3_10_,
        user0_.age as age4_10_,
        user0_.background_image as backgrou5_10_,
        user0_.email as email6_10_,
        user0_.gender as gender7_10_,
        user0_.hobby as hobby8_10_,
        user0_.introduce as introduc9_10_,
        user0_.job as job10_10_,
        user0_.name as name11_10_,
        user0_.nick_name as nick_na12_10_,
        user0_.phone_num as phone_n13_10_,
        user0_.profile_image as profile14_10_,
        user0_.res_red_number as res_red15_10_,
        user0_.score as score16_10_ 
    from
        user user0_
Hibernate: 
    select
        roles0_.user_id as user_id1_11_0_,
        roles0_.roles as roles2_11_0_ 
    from
        user_roles roles0_ 
    where
        roles0_.user_id=?
Hibernate: 
    select
        roles0_.user_id as user_id1_11_0_,
        roles0_.roles as roles2_11_0_ 
    from
        user_roles roles0_ 
    where
        roles0_.user_id=?
Hibernate: 
    select
        roles0_.user_id as user_id1_11_0_,
        roles0_.roles as roles2_11_0_ 
    from
        user_roles roles0_ 
    where
        roles0_.user_id=?
Hibernate: 
    select
        roles0_.user_id as user_id1_11_0_,
        roles0_.roles as roles2_11_0_ 
    from
        user_roles roles0_ 
    where
        roles0_.user_id=?
Hibernate: 
    select
        roles0_.user_id as user_id1_11_0_,
        roles0_.roles as roles2_11_0_ 
    from
        user_roles roles0_ 
    where
        roles0_.user_id=?
Hibernate: 
    insert 
    into
        story_pin
        (created_at, updated_at, category, content, user_id, image, latitude, longitude, title) 
    values
        (?, ?, ?, ?, ?, ?, ?, ?, ?)
Hibernate: 
    select
        user0_.id as id1_10_,
        user0_.created_at as created_2_10_,
        user0_.updated_at as updated_3_10_,
        user0_.age as age4_10_,
        user0_.background_image as backgrou5_10_,
        user0_.email as email6_10_,
        user0_.gender as gender7_10_,
        user0_.hobby as hobby8_10_,
        user0_.introduce as introduc9_10_,
        user0_.job as job10_10_,
        user0_.name as name11_10_,
        user0_.nick_name as nick_na12_10_,
        user0_.phone_num as phone_n13_10_,
        user0_.profile_image as profile14_10_,
        user0_.res_red_number as res_red15_10_,
        user0_.score as score16_10_ 
    from
        user user0_
Hibernate: 
    select
        roles0_.user_id as user_id1_11_0_,
        roles0_.roles as roles2_11_0_ 
    from
        user_roles roles0_ 
    where
        roles0_.user_id=?
Hibernate: 
    select
        roles0_.user_id as user_id1_11_0_,
        roles0_.roles as roles2_11_0_ 
    from
        user_roles roles0_ 
    where
        roles0_.user_id=?
Hibernate: 
    select
        roles0_.user_id as user_id1_11_0_,
        roles0_.roles as roles2_11_0_ 
    from
        user_roles roles0_ 
    where
        roles0_.user_id=?
Hibernate: 
    select
        roles0_.user_id as user_id1_11_0_,
        roles0_.roles as roles2_11_0_ 
    from
        user_roles roles0_ 
    where
        roles0_.user_id=?
Hibernate: 
    select
        roles0_.user_id as user_id1_11_0_,
        roles0_.roles as roles2_11_0_ 
    from
        user_roles roles0_ 
    where
        roles0_.user_id=?
Hibernate: 
    insert 
    into
        story_pin
        (created_at, updated_at, category, content, user_id, image, latitude, longitude, title) 
    values
        (?, ?, ?, ?, ?, ?, ?, ?, ?)
Hibernate: 
    select
        user0_.id as id1_10_,
        user0_.created_at as created_2_10_,
        user0_.updated_at as updated_3_10_,
        user0_.age as age4_10_,
        user0_.background_image as backgrou5_10_,
        user0_.email as email6_10_,
        user0_.gender as gender7_10_,
        user0_.hobby as hobby8_10_,
        user0_.introduce as introduc9_10_,
        user0_.job as job10_10_,
        user0_.name as name11_10_,
        user0_.nick_name as nick_na12_10_,
        user0_.phone_num as phone_n13_10_,
        user0_.profile_image as profile14_10_,
        user0_.res_red_number as res_red15_10_,
        user0_.score as score16_10_ 
    from
        user user0_
Hibernate: 
    select
        roles0_.user_id as user_id1_11_0_,
        roles0_.roles as roles2_11_0_ 
    from
        user_roles roles0_ 
    where
        roles0_.user_id=?
Hibernate: 
    select
        roles0_.user_id as user_id1_11_0_,
        roles0_.roles as roles2_11_0_ 
    from
        user_roles roles0_ 
    where
        roles0_.user_id=?
Hibernate: 
    select
        roles0_.user_id as user_id1_11_0_,
        roles0_.roles as roles2_11_0_ 
    from
        user_roles roles0_ 
    where
        roles0_.user_id=?
Hibernate: 
    select
        roles0_.user_id as user_id1_11_0_,
        roles0_.roles as roles2_11_0_ 
    from
        user_roles roles0_ 
    where
        roles0_.user_id=?
Hibernate: 
    select
        roles0_.user_id as user_id1_11_0_,
        roles0_.roles as roles2_11_0_ 
    from
        user_roles roles0_ 
    where
        roles0_.user_id=?
Hibernate: 
    insert 
    into
        story_pin
        (created_at, updated_at, category, content, user_id, image, latitude, longitude, title) 
    values
        (?, ?, ?, ?, ?, ?, ?, ?, ?)
Hibernate: 
    select
        user0_.id as id1_10_,
        user0_.created_at as created_2_10_,
        user0_.updated_at as updated_3_10_,
        user0_.age as age4_10_,
        user0_.background_image as backgrou5_10_,
        user0_.email as email6_10_,
        user0_.gender as gender7_10_,
        user0_.hobby as hobby8_10_,
        user0_.introduce as introduc9_10_,
        user0_.job as job10_10_,
        user0_.name as name11_10_,
        user0_.nick_name as nick_na12_10_,
        user0_.phone_num as phone_n13_10_,
        user0_.profile_image as profile14_10_,
        user0_.res_red_number as res_red15_10_,
        user0_.score as score16_10_ 
    from
        user user0_
Hibernate: 
    select
        roles0_.user_id as user_id1_11_0_,
        roles0_.roles as roles2_11_0_ 
    from
        user_roles roles0_ 
    where
        roles0_.user_id=?
Hibernate: 
    select
        roles0_.user_id as user_id1_11_0_,
        roles0_.roles as roles2_11_0_ 
    from
        user_roles roles0_ 
    where
        roles0_.user_id=?
Hibernate: 
    select
        roles0_.user_id as user_id1_11_0_,
        roles0_.roles as roles2_11_0_ 
    from
        user_roles roles0_ 
    where
        roles0_.user_id=?
Hibernate: 
    select
        roles0_.user_id as user_id1_11_0_,
        roles0_.roles as roles2_11_0_ 
    from
        user_roles roles0_ 
    where
        roles0_.user_id=?
Hibernate: 
    select
        roles0_.user_id as user_id1_11_0_,
        roles0_.roles as roles2_11_0_ 
    from
        user_roles roles0_ 
    where
        roles0_.user_id=?
Hibernate: 
    insert 
    into
        story_pin
        (created_at, updated_at, category, content, user_id, image, latitude, longitude, title) 
    values
        (?, ?, ?, ?, ?, ?, ?, ?, ?)
Hibernate: 
    select
        user0_.id as id1_10_,
        user0_.created_at as created_2_10_,
        user0_.updated_at as updated_3_10_,
        user0_.age as age4_10_,
        user0_.background_image as backgrou5_10_,
        user0_.email as email6_10_,
        user0_.gender as gender7_10_,
        user0_.hobby as hobby8_10_,
        user0_.introduce as introduc9_10_,
        user0_.job as job10_10_,
        user0_.name as name11_10_,
        user0_.nick_name as nick_na12_10_,
        user0_.phone_num as phone_n13_10_,
        user0_.profile_image as profile14_10_,
        user0_.res_red_number as res_red15_10_,
        user0_.score as score16_10_ 
    from
        user user0_
Hibernate: 
    select
        roles0_.user_id as user_id1_11_0_,
        roles0_.roles as roles2_11_0_ 
    from
        user_roles roles0_ 
    where
        roles0_.user_id=?
Hibernate: 
    select
        roles0_.user_id as user_id1_11_0_,
        roles0_.roles as roles2_11_0_ 
    from
        user_roles roles0_ 
    where
        roles0_.user_id=?
Hibernate: 
    select
        roles0_.user_id as user_id1_11_0_,
        roles0_.roles as roles2_11_0_ 
    from
        user_roles roles0_ 
    where
        roles0_.user_id=?
Hibernate: 
    select
        roles0_.user_id as user_id1_11_0_,
        roles0_.roles as roles2_11_0_ 
    from
        user_roles roles0_ 
    where
        roles0_.user_id=?
Hibernate: 
    select
        roles0_.user_id as user_id1_11_0_,
        roles0_.roles as roles2_11_0_ 
    from
        user_roles roles0_ 
    where
        roles0_.user_id=?
Hibernate: 
    insert 
    into
        story_pin
        (created_at, updated_at, category, content, user_id, image, latitude, longitude, title) 
    values
        (?, ?, ?, ?, ?, ?, ?, ?, ?)
Hibernate: 
    select
        user0_.id as id1_10_,
        user0_.created_at as created_2_10_,
        user0_.updated_at as updated_3_10_,
        user0_.age as age4_10_,
        user0_.background_image as backgrou5_10_,
        user0_.email as email6_10_,
        user0_.gender as gender7_10_,
        user0_.hobby as hobby8_10_,
        user0_.introduce as introduc9_10_,
        user0_.job as job10_10_,
        user0_.name as name11_10_,
        user0_.nick_name as nick_na12_10_,
        user0_.phone_num as phone_n13_10_,
        user0_.profile_image as profile14_10_,
        user0_.res_red_number as res_red15_10_,
        user0_.score as score16_10_ 
    from
        user user0_
Hibernate: 
    select
        roles0_.user_id as user_id1_11_0_,
        roles0_.roles as roles2_11_0_ 
    from
        user_roles roles0_ 
    where
        roles0_.user_id=?
Hibernate: 
    select
        roles0_.user_id as user_id1_11_0_,
        roles0_.roles as roles2_11_0_ 
    from
        user_roles roles0_ 
    where
        roles0_.user_id=?
Hibernate: 
    select
        roles0_.user_id as user_id1_11_0_,
        roles0_.roles as roles2_11_0_ 
    from
        user_roles roles0_ 
    where
        roles0_.user_id=?
Hibernate: 
    select
        roles0_.user_id as user_id1_11_0_,
        roles0_.roles as roles2_11_0_ 
    from
        user_roles roles0_ 
    where
        roles0_.user_id=?
Hibernate: 
    select
        roles0_.user_id as user_id1_11_0_,
        roles0_.roles as roles2_11_0_ 
    from
        user_roles roles0_ 
    where
        roles0_.user_id=?
Hibernate: 
    insert 
    into
        story_pin
        (created_at, updated_at, category, content, user_id, image, latitude, longitude, title) 
    values
        (?, ?, ?, ?, ?, ?, ?, ?, ?)
Hibernate: 
    select
        user0_.id as id1_10_,
        user0_.created_at as created_2_10_,
        user0_.updated_at as updated_3_10_,
        user0_.age as age4_10_,
        user0_.background_image as backgrou5_10_,
        user0_.email as email6_10_,
        user0_.gender as gender7_10_,
        user0_.hobby as hobby8_10_,
        user0_.introduce as introduc9_10_,
        user0_.job as job10_10_,
        user0_.name as name11_10_,
        user0_.nick_name as nick_na12_10_,
        user0_.phone_num as phone_n13_10_,
        user0_.profile_image as profile14_10_,
        user0_.res_red_number as res_red15_10_,
        user0_.score as score16_10_ 
    from
        user user0_
Hibernate: 
    select
        roles0_.user_id as user_id1_11_0_,
        roles0_.roles as roles2_11_0_ 
    from
        user_roles roles0_ 
    where
        roles0_.user_id=?
Hibernate: 
    select
        roles0_.user_id as user_id1_11_0_,
        roles0_.roles as roles2_11_0_ 
    from
        user_roles roles0_ 
    where
        roles0_.user_id=?
Hibernate: 
    select
        roles0_.user_id as user_id1_11_0_,
        roles0_.roles as roles2_11_0_ 
    from
        user_roles roles0_ 
    where
        roles0_.user_id=?
Hibernate: 
    select
        roles0_.user_id as user_id1_11_0_,
        roles0_.roles as roles2_11_0_ 
    from
        user_roles roles0_ 
    where
        roles0_.user_id=?
Hibernate: 
    select
        roles0_.user_id as user_id1_11_0_,
        roles0_.roles as roles2_11_0_ 
    from
        user_roles roles0_ 
    where
        roles0_.user_id=?
Hibernate: 
    insert 
    into
        story_pin
        (created_at, updated_at, category, content, user_id, image, latitude, longitude, title) 
    values
        (?, ?, ?, ?, ?, ?, ?, ?, ?)
Hibernate: 
    select
        user0_.id as id1_10_,
        user0_.created_at as created_2_10_,
        user0_.updated_at as updated_3_10_,
        user0_.age as age4_10_,
        user0_.background_image as backgrou5_10_,
        user0_.email as email6_10_,
        user0_.gender as gender7_10_,
        user0_.hobby as hobby8_10_,
        user0_.introduce as introduc9_10_,
        user0_.job as job10_10_,
        user0_.name as name11_10_,
        user0_.nick_name as nick_na12_10_,
        user0_.phone_num as phone_n13_10_,
        user0_.profile_image as profile14_10_,
        user0_.res_red_number as res_red15_10_,
        user0_.score as score16_10_ 
    from
        user user0_
Hibernate: 
    select
        roles0_.user_id as user_id1_11_0_,
        roles0_.roles as roles2_11_0_ 
    from
        user_roles roles0_ 
    where
        roles0_.user_id=?
Hibernate: 
    select
        roles0_.user_id as user_id1_11_0_,
        roles0_.roles as roles2_11_0_ 
    from
        user_roles roles0_ 
    where
        roles0_.user_id=?
Hibernate: 
    select
        roles0_.user_id as user_id1_11_0_,
        roles0_.roles as roles2_11_0_ 
    from
        user_roles roles0_ 
    where
        roles0_.user_id=?
Hibernate: 
    select
        roles0_.user_id as user_id1_11_0_,
        roles0_.roles as roles2_11_0_ 
    from
        user_roles roles0_ 
    where
        roles0_.user_id=?
Hibernate: 
    select
        roles0_.user_id as user_id1_11_0_,
        roles0_.roles as roles2_11_0_ 
    from
        user_roles roles0_ 
    where
        roles0_.user_id=?
Hibernate: 
    insert 
    into
        story_pin
        (created_at, updated_at, category, content, user_id, image, latitude, longitude, title) 
    values
        (?, ?, ?, ?, ?, ?, ?, ?, ?)
Hibernate: 
    select
        user0_.id as id1_10_,
        user0_.created_at as created_2_10_,
        user0_.updated_at as updated_3_10_,
        user0_.age as age4_10_,
        user0_.background_image as backgrou5_10_,
        user0_.email as email6_10_,
        user0_.gender as gender7_10_,
        user0_.hobby as hobby8_10_,
        user0_.introduce as introduc9_10_,
        user0_.job as job10_10_,
        user0_.name as name11_10_,
        user0_.nick_name as nick_na12_10_,
        user0_.phone_num as phone_n13_10_,
        user0_.profile_image as profile14_10_,
        user0_.res_red_number as res_red15_10_,
        user0_.score as score16_10_ 
    from
        user user0_
Hibernate: 
    select
        roles0_.user_id as user_id1_11_0_,
        roles0_.roles as roles2_11_0_ 
    from
        user_roles roles0_ 
    where
        roles0_.user_id=?
Hibernate: 
    select
        roles0_.user_id as user_id1_11_0_,
        roles0_.roles as roles2_11_0_ 
    from
        user_roles roles0_ 
    where
        roles0_.user_id=?
Hibernate: 
    select
        roles0_.user_id as user_id1_11_0_,
        roles0_.roles as roles2_11_0_ 
    from
        user_roles roles0_ 
    where
        roles0_.user_id=?
Hibernate: 
    select
        roles0_.user_id as user_id1_11_0_,
        roles0_.roles as roles2_11_0_ 
    from
        user_roles roles0_ 
    where
        roles0_.user_id=?
Hibernate: 
    select
        roles0_.user_id as user_id1_11_0_,
        roles0_.roles as roles2_11_0_ 
    from
        user_roles roles0_ 
    where
        roles0_.user_id=?
Hibernate: 
    insert 
    into
        story_pin
        (created_at, updated_at, category, content, user_id, image, latitude, longitude, title) 
    values
        (?, ?, ?, ?, ?, ?, ?, ?, ?)
Hibernate: 
    select
        user0_.id as id1_10_,
        user0_.created_at as created_2_10_,
        user0_.updated_at as updated_3_10_,
        user0_.age as age4_10_,
        user0_.background_image as backgrou5_10_,
        user0_.email as email6_10_,
        user0_.gender as gender7_10_,
        user0_.hobby as hobby8_10_,
        user0_.introduce as introduc9_10_,
        user0_.job as job10_10_,
        user0_.name as name11_10_,
        user0_.nick_name as nick_na12_10_,
        user0_.phone_num as phone_n13_10_,
        user0_.profile_image as profile14_10_,
        user0_.res_red_number as res_red15_10_,
        user0_.score as score16_10_ 
    from
        user user0_
Hibernate: 
    select
        roles0_.user_id as user_id1_11_0_,
        roles0_.roles as roles2_11_0_ 
    from
        user_roles roles0_ 
    where
        roles0_.user_id=?
Hibernate: 
    select
        roles0_.user_id as user_id1_11_0_,
        roles0_.roles as roles2_11_0_ 
    from
        user_roles roles0_ 
    where
        roles0_.user_id=?
Hibernate: 
    select
        roles0_.user_id as user_id1_11_0_,
        roles0_.roles as roles2_11_0_ 
    from
        user_roles roles0_ 
    where
        roles0_.user_id=?
Hibernate: 
    select
        roles0_.user_id as user_id1_11_0_,
        roles0_.roles as roles2_11_0_ 
    from
        user_roles roles0_ 
    where
        roles0_.user_id=?
Hibernate: 
    select
        roles0_.user_id as user_id1_11_0_,
        roles0_.roles as roles2_11_0_ 
    from
        user_roles roles0_ 
    where
        roles0_.user_id=?
Hibernate: 
    insert 
    into
        story_pin
        (created_at, updated_at, category, content, user_id, image, latitude, longitude, title) 
    values
        (?, ?, ?, ?, ?, ?, ?, ?, ?)
Hibernate: 
    select
        user0_.id as id1_10_,
        user0_.created_at as created_2_10_,
        user0_.updated_at as updated_3_10_,
        user0_.age as age4_10_,
        user0_.background_image as backgrou5_10_,
        user0_.email as email6_10_,
        user0_.gender as gender7_10_,
        user0_.hobby as hobby8_10_,
        user0_.introduce as introduc9_10_,
        user0_.job as job10_10_,
        user0_.name as name11_10_,
        user0_.nick_name as nick_na12_10_,
        user0_.phone_num as phone_n13_10_,
        user0_.profile_image as profile14_10_,
        user0_.res_red_number as res_red15_10_,
        user0_.score as score16_10_ 
    from
        user user0_
Hibernate: 
    select
        roles0_.user_id as user_id1_11_0_,
        roles0_.roles as roles2_11_0_ 
    from
        user_roles roles0_ 
    where
        roles0_.user_id=?
Hibernate: 
    select
        roles0_.user_id as user_id1_11_0_,
        roles0_.roles as roles2_11_0_ 
    from
        user_roles roles0_ 
    where
        roles0_.user_id=?
Hibernate: 
    select
        roles0_.user_id as user_id1_11_0_,
        roles0_.roles as roles2_11_0_ 
    from
        user_roles roles0_ 
    where
        roles0_.user_id=?
Hibernate: 
    select
        roles0_.user_id as user_id1_11_0_,
        roles0_.roles as roles2_11_0_ 
    from
        user_roles roles0_ 
    where
        roles0_.user_id=?
Hibernate: 
    select
        roles0_.user_id as user_id1_11_0_,
        roles0_.roles as roles2_11_0_ 
    from
        user_roles roles0_ 
    where
        roles0_.user_id=?
Hibernate: 
    insert 
    into
        story_pin
        (created_at, updated_at, category, content, user_id, image, latitude, longitude, title) 
    values
        (?, ?, ?, ?, ?, ?, ?, ?, ?)
Hibernate: 
    select
        user0_.id as id1_10_,
        user0_.created_at as created_2_10_,
        user0_.updated_at as updated_3_10_,
        user0_.age as age4_10_,
        user0_.background_image as backgrou5_10_,
        user0_.email as email6_10_,
        user0_.gender as gender7_10_,
        user0_.hobby as hobby8_10_,
        user0_.introduce as introduc9_10_,
        user0_.job as job10_10_,
        user0_.name as name11_10_,
        user0_.nick_name as nick_na12_10_,
        user0_.phone_num as phone_n13_10_,
        user0_.profile_image as profile14_10_,
        user0_.res_red_number as res_red15_10_,
        user0_.score as score16_10_ 
    from
        user user0_
Hibernate: 
    select
        roles0_.user_id as user_id1_11_0_,
        roles0_.roles as roles2_11_0_ 
    from
        user_roles roles0_ 
    where
        roles0_.user_id=?
Hibernate: 
    select
        roles0_.user_id as user_id1_11_0_,
        roles0_.roles as roles2_11_0_ 
    from
        user_roles roles0_ 
    where
        roles0_.user_id=?
Hibernate: 
    select
        roles0_.user_id as user_id1_11_0_,
        roles0_.roles as roles2_11_0_ 
    from
        user_roles roles0_ 
    where
        roles0_.user_id=?
Hibernate: 
    select
        roles0_.user_id as user_id1_11_0_,
        roles0_.roles as roles2_11_0_ 
    from
        user_roles roles0_ 
    where
        roles0_.user_id=?
Hibernate: 
    select
        roles0_.user_id as user_id1_11_0_,
        roles0_.roles as roles2_11_0_ 
    from
        user_roles roles0_ 
    where
        roles0_.user_id=?
Hibernate: 
    insert 
    into
        story_pin
        (created_at, updated_at, category, content, user_id, image, latitude, longitude, title) 
    values
        (?, ?, ?, ?, ?, ?, ?, ?, ?)
Hibernate: 
    select
        user0_.id as id1_10_,
        user0_.created_at as created_2_10_,
        user0_.updated_at as updated_3_10_,
        user0_.age as age4_10_,
        user0_.background_image as backgrou5_10_,
        user0_.email as email6_10_,
        user0_.gender as gender7_10_,
        user0_.hobby as hobby8_10_,
        user0_.introduce as introduc9_10_,
        user0_.job as job10_10_,
        user0_.name as name11_10_,
        user0_.nick_name as nick_na12_10_,
        user0_.phone_num as phone_n13_10_,
        user0_.profile_image as profile14_10_,
        user0_.res_red_number as res_red15_10_,
        user0_.score as score16_10_ 
    from
        user user0_
Hibernate: 
    select
        roles0_.user_id as user_id1_11_0_,
        roles0_.roles as roles2_11_0_ 
    from
        user_roles roles0_ 
    where
        roles0_.user_id=?
Hibernate: 
    select
        roles0_.user_id as user_id1_11_0_,
        roles0_.roles as roles2_11_0_ 
    from
        user_roles roles0_ 
    where
        roles0_.user_id=?
Hibernate: 
    select
        roles0_.user_id as user_id1_11_0_,
        roles0_.roles as roles2_11_0_ 
    from
        user_roles roles0_ 
    where
        roles0_.user_id=?
Hibernate: 
    select
        roles0_.user_id as user_id1_11_0_,
        roles0_.roles as roles2_11_0_ 
    from
        user_roles roles0_ 
    where
        roles0_.user_id=?
Hibernate: 
    select
        roles0_.user_id as user_id1_11_0_,
        roles0_.roles as roles2_11_0_ 
    from
        user_roles roles0_ 
    where
        roles0_.user_id=?
Hibernate: 
    insert 
    into
        story_pin
        (created_at, updated_at, category, content, user_id, image, latitude, longitude, title) 
    values
        (?, ?, ?, ?, ?, ?, ?, ?, ?)
Hibernate: 
    select
        user0_.id as id1_10_,
        user0_.created_at as created_2_10_,
        user0_.updated_at as updated_3_10_,
        user0_.age as age4_10_,
        user0_.background_image as backgrou5_10_,
        user0_.email as email6_10_,
        user0_.gender as gender7_10_,
        user0_.hobby as hobby8_10_,
        user0_.introduce as introduc9_10_,
        user0_.job as job10_10_,
        user0_.name as name11_10_,
        user0_.nick_name as nick_na12_10_,
        user0_.phone_num as phone_n13_10_,
        user0_.profile_image as profile14_10_,
        user0_.res_red_number as res_red15_10_,
        user0_.score as score16_10_ 
    from
        user user0_
Hibernate: 
    select
        roles0_.user_id as user_id1_11_0_,
        roles0_.roles as roles2_11_0_ 
    from
        user_roles roles0_ 
    where
        roles0_.user_id=?
Hibernate: 
    select
        roles0_.user_id as user_id1_11_0_,
        roles0_.roles as roles2_11_0_ 
    from
        user_roles roles0_ 
    where
        roles0_.user_id=?
Hibernate: 
    select
        roles0_.user_id as user_id1_11_0_,
        roles0_.roles as roles2_11_0_ 
    from
        user_roles roles0_ 
    where
        roles0_.user_id=?
Hibernate: 
    select
        roles0_.user_id as user_id1_11_0_,
        roles0_.roles as roles2_11_0_ 
    from
        user_roles roles0_ 
    where
        roles0_.user_id=?
Hibernate: 
    select
        roles0_.user_id as user_id1_11_0_,
        roles0_.roles as roles2_11_0_ 
    from
        user_roles roles0_ 
    where
        roles0_.user_id=?
Hibernate: 
    insert 
    into
        story_pin
        (created_at, updated_at, category, content, user_id, image, latitude, longitude, title) 
    values
        (?, ?, ?, ?, ?, ?, ?, ?, ?)
Hibernate: 
    select
        user0_.id as id1_10_,
        user0_.created_at as created_2_10_,
        user0_.updated_at as updated_3_10_,
        user0_.age as age4_10_,
        user0_.background_image as backgrou5_10_,
        user0_.email as email6_10_,
        user0_.gender as gender7_10_,
        user0_.hobby as hobby8_10_,
        user0_.introduce as introduc9_10_,
        user0_.job as job10_10_,
        user0_.name as name11_10_,
        user0_.nick_name as nick_na12_10_,
        user0_.phone_num as phone_n13_10_,
        user0_.profile_image as profile14_10_,
        user0_.res_red_number as res_red15_10_,
        user0_.score as score16_10_ 
    from
        user user0_
Hibernate: 
    select
        roles0_.user_id as user_id1_11_0_,
        roles0_.roles as roles2_11_0_ 
    from
        user_roles roles0_ 
    where
        roles0_.user_id=?
Hibernate: 
    select
        roles0_.user_id as user_id1_11_0_,
        roles0_.roles as roles2_11_0_ 
    from
        user_roles roles0_ 
    where
        roles0_.user_id=?
Hibernate: 
    select
        roles0_.user_id as user_id1_11_0_,
        roles0_.roles as roles2_11_0_ 
    from
        user_roles roles0_ 
    where
        roles0_.user_id=?
Hibernate: 
    select
        roles0_.user_id as user_id1_11_0_,
        roles0_.roles as roles2_11_0_ 
    from
        user_roles roles0_ 
    where
        roles0_.user_id=?
Hibernate: 
    select
        roles0_.user_id as user_id1_11_0_,
        roles0_.roles as roles2_11_0_ 
    from
        user_roles roles0_ 
    where
        roles0_.user_id=?
Hibernate: 
    insert 
    into
        story_pin
        (created_at, updated_at, category, content, user_id, image, latitude, longitude, title) 
    values
        (?, ?, ?, ?, ?, ?, ?, ?, ?)
Hibernate: 
    select
        user0_.id as id1_10_,
        user0_.created_at as created_2_10_,
        user0_.updated_at as updated_3_10_,
        user0_.age as age4_10_,
        user0_.background_image as backgrou5_10_,
        user0_.email as email6_10_,
        user0_.gender as gender7_10_,
        user0_.hobby as hobby8_10_,
        user0_.introduce as introduc9_10_,
        user0_.job as job10_10_,
        user0_.name as name11_10_,
        user0_.nick_name as nick_na12_10_,
        user0_.phone_num as phone_n13_10_,
        user0_.profile_image as profile14_10_,
        user0_.res_red_number as res_red15_10_,
        user0_.score as score16_10_ 
    from
        user user0_
Hibernate: 
    select
        roles0_.user_id as user_id1_11_0_,
        roles0_.roles as roles2_11_0_ 
    from
        user_roles roles0_ 
    where
        roles0_.user_id=?
Hibernate: 
    select
        roles0_.user_id as user_id1_11_0_,
        roles0_.roles as roles2_11_0_ 
    from
        user_roles roles0_ 
    where
        roles0_.user_id=?
Hibernate: 
    select
        roles0_.user_id as user_id1_11_0_,
        roles0_.roles as roles2_11_0_ 
    from
        user_roles roles0_ 
    where
        roles0_.user_id=?
Hibernate: 
    select
        roles0_.user_id as user_id1_11_0_,
        roles0_.roles as roles2_11_0_ 
    from
        user_roles roles0_ 
    where
        roles0_.user_id=?
Hibernate: 
    select
        roles0_.user_id as user_id1_11_0_,
        roles0_.roles as roles2_11_0_ 
    from
        user_roles roles0_ 
    where
        roles0_.user_id=?
Hibernate: 
    insert 
    into
        story_pin
        (created_at, updated_at, category, content, user_id, image, latitude, longitude, title) 
    values
        (?, ?, ?, ?, ?, ?, ?, ?, ?)
Hibernate: 
    select
        user0_.id as id1_10_,
        user0_.created_at as created_2_10_,
        user0_.updated_at as updated_3_10_,
        user0_.age as age4_10_,
        user0_.background_image as backgrou5_10_,
        user0_.email as email6_10_,
        user0_.gender as gender7_10_,
        user0_.hobby as hobby8_10_,
        user0_.introduce as introduc9_10_,
        user0_.job as job10_10_,
        user0_.name as name11_10_,
        user0_.nick_name as nick_na12_10_,
        user0_.phone_num as phone_n13_10_,
        user0_.profile_image as profile14_10_,
        user0_.res_red_number as res_red15_10_,
        user0_.score as score16_10_ 
    from
        user user0_
Hibernate: 
    select
        roles0_.user_id as user_id1_11_0_,
        roles0_.roles as roles2_11_0_ 
    from
        user_roles roles0_ 
    where
        roles0_.user_id=?
Hibernate: 
    select
        roles0_.user_id as user_id1_11_0_,
        roles0_.roles as roles2_11_0_ 
    from
        user_roles roles0_ 
    where
        roles0_.user_id=?
Hibernate: 
    select
        roles0_.user_id as user_id1_11_0_,
        roles0_.roles as roles2_11_0_ 
    from
        user_roles roles0_ 
    where
        roles0_.user_id=?
Hibernate: 
    select
        roles0_.user_id as user_id1_11_0_,
        roles0_.roles as roles2_11_0_ 
    from
        user_roles roles0_ 
    where
        roles0_.user_id=?
Hibernate: 
    select
        roles0_.user_id as user_id1_11_0_,
        roles0_.roles as roles2_11_0_ 
    from
        user_roles roles0_ 
    where
        roles0_.user_id=?
Hibernate: 
    insert 
    into
        story_pin
        (created_at, updated_at, category, content, user_id, image, latitude, longitude, title) 
    values
        (?, ?, ?, ?, ?, ?, ?, ?, ?)
Hibernate: 
    select
        user0_.id as id1_10_,
        user0_.created_at as created_2_10_,
        user0_.updated_at as updated_3_10_,
        user0_.age as age4_10_,
        user0_.background_image as backgrou5_10_,
        user0_.email as email6_10_,
        user0_.gender as gender7_10_,
        user0_.hobby as hobby8_10_,
        user0_.introduce as introduc9_10_,
        user0_.job as job10_10_,
        user0_.name as name11_10_,
        user0_.nick_name as nick_na12_10_,
        user0_.phone_num as phone_n13_10_,
        user0_.profile_image as profile14_10_,
        user0_.res_red_number as res_red15_10_,
        user0_.score as score16_10_ 
    from
        user user0_
Hibernate: 
    select
        roles0_.user_id as user_id1_11_0_,
        roles0_.roles as roles2_11_0_ 
    from
        user_roles roles0_ 
    where
        roles0_.user_id=?
Hibernate: 
    select
        roles0_.user_id as user_id1_11_0_,
        roles0_.roles as roles2_11_0_ 
    from
        user_roles roles0_ 
    where
        roles0_.user_id=?
Hibernate: 
    select
        roles0_.user_id as user_id1_11_0_,
        roles0_.roles as roles2_11_0_ 
    from
        user_roles roles0_ 
    where
        roles0_.user_id=?
Hibernate: 
    select
        roles0_.user_id as user_id1_11_0_,
        roles0_.roles as roles2_11_0_ 
    from
        user_roles roles0_ 
    where
        roles0_.user_id=?
Hibernate: 
    select
        roles0_.user_id as user_id1_11_0_,
        roles0_.roles as roles2_11_0_ 
    from
        user_roles roles0_ 
    where
        roles0_.user_id=?
Hibernate: 
    insert 
    into
        story_pin
        (created_at, updated_at, category, content, user_id, image, latitude, longitude, title) 
    values
        (?, ?, ?, ?, ?, ?, ?, ?, ?)
Hibernate: 
    select
        user0_.id as id1_10_,
        user0_.created_at as created_2_10_,
        user0_.updated_at as updated_3_10_,
        user0_.age as age4_10_,
        user0_.background_image as backgrou5_10_,
        user0_.email as email6_10_,
        user0_.gender as gender7_10_,
        user0_.hobby as hobby8_10_,
        user0_.introduce as introduc9_10_,
        user0_.job as job10_10_,
        user0_.name as name11_10_,
        user0_.nick_name as nick_na12_10_,
        user0_.phone_num as phone_n13_10_,
        user0_.profile_image as profile14_10_,
        user0_.res_red_number as res_red15_10_,
        user0_.score as score16_10_ 
    from
        user user0_
Hibernate: 
    select
        roles0_.user_id as user_id1_11_0_,
        roles0_.roles as roles2_11_0_ 
    from
        user_roles roles0_ 
    where
        roles0_.user_id=?
Hibernate: 
    select
        roles0_.user_id as user_id1_11_0_,
        roles0_.roles as roles2_11_0_ 
    from
        user_roles roles0_ 
    where
        roles0_.user_id=?
Hibernate: 
    select
        roles0_.user_id as user_id1_11_0_,
        roles0_.roles as roles2_11_0_ 
    from
        user_roles roles0_ 
    where
        roles0_.user_id=?
Hibernate: 
    select
        roles0_.user_id as user_id1_11_0_,
        roles0_.roles as roles2_11_0_ 
    from
        user_roles roles0_ 
    where
        roles0_.user_id=?
Hibernate: 
    select
        roles0_.user_id as user_id1_11_0_,
        roles0_.roles as roles2_11_0_ 
    from
        user_roles roles0_ 
    where
        roles0_.user_id=?
Hibernate: 
    insert 
    into
        story_pin
        (created_at, updated_at, category, content, user_id, image, latitude, longitude, title) 
    values
        (?, ?, ?, ?, ?, ?, ?, ?, ?)
Hibernate: 
    select
        user0_.id as id1_10_,
        user0_.created_at as created_2_10_,
        user0_.updated_at as updated_3_10_,
        user0_.age as age4_10_,
        user0_.background_image as backgrou5_10_,
        user0_.email as email6_10_,
        user0_.gender as gender7_10_,
        user0_.hobby as hobby8_10_,
        user0_.introduce as introduc9_10_,
        user0_.job as job10_10_,
        user0_.name as name11_10_,
        user0_.nick_name as nick_na12_10_,
        user0_.phone_num as phone_n13_10_,
        user0_.profile_image as profile14_10_,
        user0_.res_red_number as res_red15_10_,
        user0_.score as score16_10_ 
    from
        user user0_
Hibernate: 
    select
        roles0_.user_id as user_id1_11_0_,
        roles0_.roles as roles2_11_0_ 
    from
        user_roles roles0_ 
    where
        roles0_.user_id=?
Hibernate: 
    select
        roles0_.user_id as user_id1_11_0_,
        roles0_.roles as roles2_11_0_ 
    from
        user_roles roles0_ 
    where
        roles0_.user_id=?
Hibernate: 
    select
        roles0_.user_id as user_id1_11_0_,
        roles0_.roles as roles2_11_0_ 
    from
        user_roles roles0_ 
    where
        roles0_.user_id=?
Hibernate: 
    select
        roles0_.user_id as user_id1_11_0_,
        roles0_.roles as roles2_11_0_ 
    from
        user_roles roles0_ 
    where
        roles0_.user_id=?
Hibernate: 
    select
        roles0_.user_id as user_id1_11_0_,
        roles0_.roles as roles2_11_0_ 
    from
        user_roles roles0_ 
    where
        roles0_.user_id=?
Hibernate: 
    insert 
    into
        story_pin
        (created_at, updated_at, category, content, user_id, image, latitude, longitude, title) 
    values
        (?, ?, ?, ?, ?, ?, ?, ?, ?)
Hibernate: 
    select
        user0_.id as id1_10_,
        user0_.created_at as created_2_10_,
        user0_.updated_at as updated_3_10_,
        user0_.age as age4_10_,
        user0_.background_image as backgrou5_10_,
        user0_.email as email6_10_,
        user0_.gender as gender7_10_,
        user0_.hobby as hobby8_10_,
        user0_.introduce as introduc9_10_,
        user0_.job as job10_10_,
        user0_.name as name11_10_,
        user0_.nick_name as nick_na12_10_,
        user0_.phone_num as phone_n13_10_,
        user0_.profile_image as profile14_10_,
        user0_.res_red_number as res_red15_10_,
        user0_.score as score16_10_ 
    from
        user user0_
Hibernate: 
    select
        roles0_.user_id as user_id1_11_0_,
        roles0_.roles as roles2_11_0_ 
    from
        user_roles roles0_ 
    where
        roles0_.user_id=?
Hibernate: 
    select
        roles0_.user_id as user_id1_11_0_,
        roles0_.roles as roles2_11_0_ 
    from
        user_roles roles0_ 
    where
        roles0_.user_id=?
Hibernate: 
    select
        roles0_.user_id as user_id1_11_0_,
        roles0_.roles as roles2_11_0_ 
    from
        user_roles roles0_ 
    where
        roles0_.user_id=?
Hibernate: 
    select
        roles0_.user_id as user_id1_11_0_,
        roles0_.roles as roles2_11_0_ 
    from
        user_roles roles0_ 
    where
        roles0_.user_id=?
Hibernate: 
    select
        roles0_.user_id as user_id1_11_0_,
        roles0_.roles as roles2_11_0_ 
    from
        user_roles roles0_ 
    where
        roles0_.user_id=?
Hibernate: 
    insert 
    into
        story_pin
        (created_at, updated_at, category, content, user_id, image, latitude, longitude, title) 
    values
        (?, ?, ?, ?, ?, ?, ?, ?, ?)
Hibernate: 
    select
        user0_.id as id1_10_,
        user0_.created_at as created_2_10_,
        user0_.updated_at as updated_3_10_,
        user0_.age as age4_10_,
        user0_.background_image as backgrou5_10_,
        user0_.email as email6_10_,
        user0_.gender as gender7_10_,
        user0_.hobby as hobby8_10_,
        user0_.introduce as introduc9_10_,
        user0_.job as job10_10_,
        user0_.name as name11_10_,
        user0_.nick_name as nick_na12_10_,
        user0_.phone_num as phone_n13_10_,
        user0_.profile_image as profile14_10_,
        user0_.res_red_number as res_red15_10_,
        user0_.score as score16_10_ 
    from
        user user0_
Hibernate: 
    select
        roles0_.user_id as user_id1_11_0_,
        roles0_.roles as roles2_11_0_ 
    from
        user_roles roles0_ 
    where
        roles0_.user_id=?
Hibernate: 
    select
        roles0_.user_id as user_id1_11_0_,
        roles0_.roles as roles2_11_0_ 
    from
        user_roles roles0_ 
    where
        roles0_.user_id=?
Hibernate: 
    select
        roles0_.user_id as user_id1_11_0_,
        roles0_.roles as roles2_11_0_ 
    from
        user_roles roles0_ 
    where
        roles0_.user_id=?
Hibernate: 
    select
        roles0_.user_id as user_id1_11_0_,
        roles0_.roles as roles2_11_0_ 
    from
        user_roles roles0_ 
    where
        roles0_.user_id=?
Hibernate: 
    select
        roles0_.user_id as user_id1_11_0_,
        roles0_.roles as roles2_11_0_ 
    from
        user_roles roles0_ 
    where
        roles0_.user_id=?
Hibernate: 
    insert 
    into
        story_pin
        (created_at, updated_at, category, content, user_id, image, latitude, longitude, title) 
    values
        (?, ?, ?, ?, ?, ?, ?, ?, ?)
Hibernate: 
    select
        user0_.id as id1_10_,
        user0_.created_at as created_2_10_,
        user0_.updated_at as updated_3_10_,
        user0_.age as age4_10_,
        user0_.background_image as backgrou5_10_,
        user0_.email as email6_10_,
        user0_.gender as gender7_10_,
        user0_.hobby as hobby8_10_,
        user0_.introduce as introduc9_10_,
        user0_.job as job10_10_,
        user0_.name as name11_10_,
        user0_.nick_name as nick_na12_10_,
        user0_.phone_num as phone_n13_10_,
        user0_.profile_image as profile14_10_,
        user0_.res_red_number as res_red15_10_,
        user0_.score as score16_10_ 
    from
        user user0_
Hibernate: 
    select
        roles0_.user_id as user_id1_11_0_,
        roles0_.roles as roles2_11_0_ 
    from
        user_roles roles0_ 
    where
        roles0_.user_id=?
Hibernate: 
    select
        roles0_.user_id as user_id1_11_0_,
        roles0_.roles as roles2_11_0_ 
    from
        user_roles roles0_ 
    where
        roles0_.user_id=?
Hibernate: 
    select
        roles0_.user_id as user_id1_11_0_,
        roles0_.roles as roles2_11_0_ 
    from
        user_roles roles0_ 
    where
        roles0_.user_id=?
Hibernate: 
    select
        roles0_.user_id as user_id1_11_0_,
        roles0_.roles as roles2_11_0_ 
    from
        user_roles roles0_ 
    where
        roles0_.user_id=?
Hibernate: 
    select
        roles0_.user_id as user_id1_11_0_,
        roles0_.roles as roles2_11_0_ 
    from
        user_roles roles0_ 
    where
        roles0_.user_id=?
Hibernate: 
    insert 
    into
        story_pin
        (created_at, updated_at, category, content, user_id, image, latitude, longitude, title) 
    values
        (?, ?, ?, ?, ?, ?, ?, ?, ?)
Hibernate: 
    select
        user0_.id as id1_10_,
        user0_.created_at as created_2_10_,
        user0_.updated_at as updated_3_10_,
        user0_.age as age4_10_,
        user0_.background_image as backgrou5_10_,
        user0_.email as email6_10_,
        user0_.gender as gender7_10_,
        user0_.hobby as hobby8_10_,
        user0_.introduce as introduc9_10_,
        user0_.job as job10_10_,
        user0_.name as name11_10_,
        user0_.nick_name as nick_na12_10_,
        user0_.phone_num as phone_n13_10_,
        user0_.profile_image as profile14_10_,
        user0_.res_red_number as res_red15_10_,
        user0_.score as score16_10_ 
    from
        user user0_
Hibernate: 
    select
        roles0_.user_id as user_id1_11_0_,
        roles0_.roles as roles2_11_0_ 
    from
        user_roles roles0_ 
    where
        roles0_.user_id=?
Hibernate: 
    select
        roles0_.user_id as user_id1_11_0_,
        roles0_.roles as roles2_11_0_ 
    from
        user_roles roles0_ 
    where
        roles0_.user_id=?
Hibernate: 
    select
        roles0_.user_id as user_id1_11_0_,
        roles0_.roles as roles2_11_0_ 
    from
        user_roles roles0_ 
    where
        roles0_.user_id=?
Hibernate: 
    select
        roles0_.user_id as user_id1_11_0_,
        roles0_.roles as roles2_11_0_ 
    from
        user_roles roles0_ 
    where
        roles0_.user_id=?
Hibernate: 
    select
        roles0_.user_id as user_id1_11_0_,
        roles0_.roles as roles2_11_0_ 
    from
        user_roles roles0_ 
    where
        roles0_.user_id=?
Hibernate: 
    insert 
    into
        story_pin
        (created_at, updated_at, category, content, user_id, image, latitude, longitude, title) 
    values
        (?, ?, ?, ?, ?, ?, ?, ?, ?)
Hibernate: 
    select
        user0_.id as id1_10_,
        user0_.created_at as created_2_10_,
        user0_.updated_at as updated_3_10_,
        user0_.age as age4_10_,
        user0_.background_image as backgrou5_10_,
        user0_.email as email6_10_,
        user0_.gender as gender7_10_,
        user0_.hobby as hobby8_10_,
        user0_.introduce as introduc9_10_,
        user0_.job as job10_10_,
        user0_.name as name11_10_,
        user0_.nick_name as nick_na12_10_,
        user0_.phone_num as phone_n13_10_,
        user0_.profile_image as profile14_10_,
        user0_.res_red_number as res_red15_10_,
        user0_.score as score16_10_ 
    from
        user user0_
Hibernate: 
    select
        roles0_.user_id as user_id1_11_0_,
        roles0_.roles as roles2_11_0_ 
    from
        user_roles roles0_ 
    where
        roles0_.user_id=?
Hibernate: 
    select
        roles0_.user_id as user_id1_11_0_,
        roles0_.roles as roles2_11_0_ 
    from
        user_roles roles0_ 
    where
        roles0_.user_id=?
Hibernate: 
    select
        roles0_.user_id as user_id1_11_0_,
        roles0_.roles as roles2_11_0_ 
    from
        user_roles roles0_ 
    where
        roles0_.user_id=?
Hibernate: 
    select
        roles0_.user_id as user_id1_11_0_,
        roles0_.roles as roles2_11_0_ 
    from
        user_roles roles0_ 
    where
        roles0_.user_id=?
Hibernate: 
    select
        roles0_.user_id as user_id1_11_0_,
        roles0_.roles as roles2_11_0_ 
    from
        user_roles roles0_ 
    where
        roles0_.user_id=?
Hibernate: 
    insert 
    into
        story_pin
        (created_at, updated_at, category, content, user_id, image, latitude, longitude, title) 
    values
        (?, ?, ?, ?, ?, ?, ?, ?, ?)
Hibernate: 
    select
        user0_.id as id1_10_,
        user0_.created_at as created_2_10_,
        user0_.updated_at as updated_3_10_,
        user0_.age as age4_10_,
        user0_.background_image as backgrou5_10_,
        user0_.email as email6_10_,
        user0_.gender as gender7_10_,
        user0_.hobby as hobby8_10_,
        user0_.introduce as introduc9_10_,
        user0_.job as job10_10_,
        user0_.name as name11_10_,
        user0_.nick_name as nick_na12_10_,
        user0_.phone_num as phone_n13_10_,
        user0_.profile_image as profile14_10_,
        user0_.res_red_number as res_red15_10_,
        user0_.score as score16_10_ 
    from
        user user0_
Hibernate: 
    select
        roles0_.user_id as user_id1_11_0_,
        roles0_.roles as roles2_11_0_ 
    from
        user_roles roles0_ 
    where
        roles0_.user_id=?
Hibernate: 
    select
        roles0_.user_id as user_id1_11_0_,
        roles0_.roles as roles2_11_0_ 
    from
        user_roles roles0_ 
    where
        roles0_.user_id=?
Hibernate: 
    select
        roles0_.user_id as user_id1_11_0_,
        roles0_.roles as roles2_11_0_ 
    from
        user_roles roles0_ 
    where
        roles0_.user_id=?
Hibernate: 
    select
        roles0_.user_id as user_id1_11_0_,
        roles0_.roles as roles2_11_0_ 
    from
        user_roles roles0_ 
    where
        roles0_.user_id=?
Hibernate: 
    select
        roles0_.user_id as user_id1_11_0_,
        roles0_.roles as roles2_11_0_ 
    from
        user_roles roles0_ 
    where
        roles0_.user_id=?
Hibernate: 
    insert 
    into
        story_pin
        (created_at, updated_at, category, content, user_id, image, latitude, longitude, title) 
    values
        (?, ?, ?, ?, ?, ?, ?, ?, ?)
Hibernate: 
    select
        user0_.id as id1_10_,
        user0_.created_at as created_2_10_,
        user0_.updated_at as updated_3_10_,
        user0_.age as age4_10_,
        user0_.background_image as backgrou5_10_,
        user0_.email as email6_10_,
        user0_.gender as gender7_10_,
        user0_.hobby as hobby8_10_,
        user0_.introduce as introduc9_10_,
        user0_.job as job10_10_,
        user0_.name as name11_10_,
        user0_.nick_name as nick_na12_10_,
        user0_.phone_num as phone_n13_10_,
        user0_.profile_image as profile14_10_,
        user0_.res_red_number as res_red15_10_,
        user0_.score as score16_10_ 
    from
        user user0_
Hibernate: 
    select
        roles0_.user_id as user_id1_11_0_,
        roles0_.roles as roles2_11_0_ 
    from
        user_roles roles0_ 
    where
        roles0_.user_id=?
Hibernate: 
    select
        roles0_.user_id as user_id1_11_0_,
        roles0_.roles as roles2_11_0_ 
    from
        user_roles roles0_ 
    where
        roles0_.user_id=?
Hibernate: 
    select
        roles0_.user_id as user_id1_11_0_,
        roles0_.roles as roles2_11_0_ 
    from
        user_roles roles0_ 
    where
        roles0_.user_id=?
Hibernate: 
    select
        roles0_.user_id as user_id1_11_0_,
        roles0_.roles as roles2_11_0_ 
    from
        user_roles roles0_ 
    where
        roles0_.user_id=?
Hibernate: 
    select
        roles0_.user_id as user_id1_11_0_,
        roles0_.roles as roles2_11_0_ 
    from
        user_roles roles0_ 
    where
        roles0_.user_id=?
Hibernate: 
    insert 
    into
        story_pin
        (created_at, updated_at, category, content, user_id, image, latitude, longitude, title) 
    values
        (?, ?, ?, ?, ?, ?, ?, ?, ?)
Hibernate: 
    select
        user0_.id as id1_10_,
        user0_.created_at as created_2_10_,
        user0_.updated_at as updated_3_10_,
        user0_.age as age4_10_,
        user0_.background_image as backgrou5_10_,
        user0_.email as email6_10_,
        user0_.gender as gender7_10_,
        user0_.hobby as hobby8_10_,
        user0_.introduce as introduc9_10_,
        user0_.job as job10_10_,
        user0_.name as name11_10_,
        user0_.nick_name as nick_na12_10_,
        user0_.phone_num as phone_n13_10_,
        user0_.profile_image as profile14_10_,
        user0_.res_red_number as res_red15_10_,
        user0_.score as score16_10_ 
    from
        user user0_
Hibernate: 
    select
        roles0_.user_id as user_id1_11_0_,
        roles0_.roles as roles2_11_0_ 
    from
        user_roles roles0_ 
    where
        roles0_.user_id=?
Hibernate: 
    select
        roles0_.user_id as user_id1_11_0_,
        roles0_.roles as roles2_11_0_ 
    from
        user_roles roles0_ 
    where
        roles0_.user_id=?
Hibernate: 
    select
        roles0_.user_id as user_id1_11_0_,
        roles0_.roles as roles2_11_0_ 
    from
        user_roles roles0_ 
    where
        roles0_.user_id=?
Hibernate: 
    select
        roles0_.user_id as user_id1_11_0_,
        roles0_.roles as roles2_11_0_ 
    from
        user_roles roles0_ 
    where
        roles0_.user_id=?
Hibernate: 
    select
        roles0_.user_id as user_id1_11_0_,
        roles0_.roles as roles2_11_0_ 
    from
        user_roles roles0_ 
    where
        roles0_.user_id=?
Hibernate: 
    insert 
    into
        story_pin
        (created_at, updated_at, category, content, user_id, image, latitude, longitude, title) 
    values
        (?, ?, ?, ?, ?, ?, ?, ?, ?)
Hibernate: 
    select
        user0_.id as id1_10_,
        user0_.created_at as created_2_10_,
        user0_.updated_at as updated_3_10_,
        user0_.age as age4_10_,
        user0_.background_image as backgrou5_10_,
        user0_.email as email6_10_,
        user0_.gender as gender7_10_,
        user0_.hobby as hobby8_10_,
        user0_.introduce as introduc9_10_,
        user0_.job as job10_10_,
        user0_.name as name11_10_,
        user0_.nick_name as nick_na12_10_,
        user0_.phone_num as phone_n13_10_,
        user0_.profile_image as profile14_10_,
        user0_.res_red_number as res_red15_10_,
        user0_.score as score16_10_ 
    from
        user user0_
Hibernate: 
    select
        roles0_.user_id as user_id1_11_0_,
        roles0_.roles as roles2_11_0_ 
    from
        user_roles roles0_ 
    where
        roles0_.user_id=?
Hibernate: 
    select
        roles0_.user_id as user_id1_11_0_,
        roles0_.roles as roles2_11_0_ 
    from
        user_roles roles0_ 
    where
        roles0_.user_id=?
Hibernate: 
    select
        roles0_.user_id as user_id1_11_0_,
        roles0_.roles as roles2_11_0_ 
    from
        user_roles roles0_ 
    where
        roles0_.user_id=?
Hibernate: 
    select
        roles0_.user_id as user_id1_11_0_,
        roles0_.roles as roles2_11_0_ 
    from
        user_roles roles0_ 
    where
        roles0_.user_id=?
Hibernate: 
    select
        roles0_.user_id as user_id1_11_0_,
        roles0_.roles as roles2_11_0_ 
    from
        user_roles roles0_ 
    where
        roles0_.user_id=?
Hibernate: 
    insert 
    into
        story_pin
        (created_at, updated_at, category, content, user_id, image, latitude, longitude, title) 
    values
        (?, ?, ?, ?, ?, ?, ?, ?, ?)
Hibernate: 
    select
        user0_.id as id1_10_,
        user0_.created_at as created_2_10_,
        user0_.updated_at as updated_3_10_,
        user0_.age as age4_10_,
        user0_.background_image as backgrou5_10_,
        user0_.email as email6_10_,
        user0_.gender as gender7_10_,
        user0_.hobby as hobby8_10_,
        user0_.introduce as introduc9_10_,
        user0_.job as job10_10_,
        user0_.name as name11_10_,
        user0_.nick_name as nick_na12_10_,
        user0_.phone_num as phone_n13_10_,
        user0_.profile_image as profile14_10_,
        user0_.res_red_number as res_red15_10_,
        user0_.score as score16_10_ 
    from
        user user0_
Hibernate: 
    select
        roles0_.user_id as user_id1_11_0_,
        roles0_.roles as roles2_11_0_ 
    from
        user_roles roles0_ 
    where
        roles0_.user_id=?
Hibernate: 
    select
        roles0_.user_id as user_id1_11_0_,
        roles0_.roles as roles2_11_0_ 
    from
        user_roles roles0_ 
    where
        roles0_.user_id=?
Hibernate: 
    select
        roles0_.user_id as user_id1_11_0_,
        roles0_.roles as roles2_11_0_ 
    from
        user_roles roles0_ 
    where
        roles0_.user_id=?
Hibernate: 
    select
        roles0_.user_id as user_id1_11_0_,
        roles0_.roles as roles2_11_0_ 
    from
        user_roles roles0_ 
    where
        roles0_.user_id=?
Hibernate: 
    select
        roles0_.user_id as user_id1_11_0_,
        roles0_.roles as roles2_11_0_ 
    from
        user_roles roles0_ 
    where
        roles0_.user_id=?
Hibernate: 
    insert 
    into
        story_pin
        (created_at, updated_at, category, content, user_id, image, latitude, longitude, title) 
    values
        (?, ?, ?, ?, ?, ?, ?, ?, ?)
Hibernate: 
    select
        user0_.id as id1_10_,
        user0_.created_at as created_2_10_,
        user0_.updated_at as updated_3_10_,
        user0_.age as age4_10_,
        user0_.background_image as backgrou5_10_,
        user0_.email as email6_10_,
        user0_.gender as gender7_10_,
        user0_.hobby as hobby8_10_,
        user0_.introduce as introduc9_10_,
        user0_.job as job10_10_,
        user0_.name as name11_10_,
        user0_.nick_name as nick_na12_10_,
        user0_.phone_num as phone_n13_10_,
        user0_.profile_image as profile14_10_,
        user0_.res_red_number as res_red15_10_,
        user0_.score as score16_10_ 
    from
        user user0_
Hibernate: 
    select
        roles0_.user_id as user_id1_11_0_,
        roles0_.roles as roles2_11_0_ 
    from
        user_roles roles0_ 
    where
        roles0_.user_id=?
Hibernate: 
    select
        roles0_.user_id as user_id1_11_0_,
        roles0_.roles as roles2_11_0_ 
    from
        user_roles roles0_ 
    where
        roles0_.user_id=?
Hibernate: 
    select
        roles0_.user_id as user_id1_11_0_,
        roles0_.roles as roles2_11_0_ 
    from
        user_roles roles0_ 
    where
        roles0_.user_id=?
Hibernate: 
    select
        roles0_.user_id as user_id1_11_0_,
        roles0_.roles as roles2_11_0_ 
    from
        user_roles roles0_ 
    where
        roles0_.user_id=?
Hibernate: 
    select
        roles0_.user_id as user_id1_11_0_,
        roles0_.roles as roles2_11_0_ 
    from
        user_roles roles0_ 
    where
        roles0_.user_id=?
Hibernate: 
    insert 
    into
        story_pin
        (created_at, updated_at, category, content, user_id, image, latitude, longitude, title) 
    values
        (?, ?, ?, ?, ?, ?, ?, ?, ?)
Hibernate: 
    select
        user0_.id as id1_10_,
        user0_.created_at as created_2_10_,
        user0_.updated_at as updated_3_10_,
        user0_.age as age4_10_,
        user0_.background_image as backgrou5_10_,
        user0_.email as email6_10_,
        user0_.gender as gender7_10_,
        user0_.hobby as hobby8_10_,
        user0_.introduce as introduc9_10_,
        user0_.job as job10_10_,
        user0_.name as name11_10_,
        user0_.nick_name as nick_na12_10_,
        user0_.phone_num as phone_n13_10_,
        user0_.profile_image as profile14_10_,
        user0_.res_red_number as res_red15_10_,
        user0_.score as score16_10_ 
    from
        user user0_
Hibernate: 
    select
        roles0_.user_id as user_id1_11_0_,
        roles0_.roles as roles2_11_0_ 
    from
        user_roles roles0_ 
    where
        roles0_.user_id=?
Hibernate: 
    select
        roles0_.user_id as user_id1_11_0_,
        roles0_.roles as roles2_11_0_ 
    from
        user_roles roles0_ 
    where
        roles0_.user_id=?
Hibernate: 
    select
        roles0_.user_id as user_id1_11_0_,
        roles0_.roles as roles2_11_0_ 
    from
        user_roles roles0_ 
    where
        roles0_.user_id=?
Hibernate: 
    select
        roles0_.user_id as user_id1_11_0_,
        roles0_.roles as roles2_11_0_ 
    from
        user_roles roles0_ 
    where
        roles0_.user_id=?
Hibernate: 
    select
        roles0_.user_id as user_id1_11_0_,
        roles0_.roles as roles2_11_0_ 
    from
        user_roles roles0_ 
    where
        roles0_.user_id=?
Hibernate: 
    insert 
    into
        story_pin
        (created_at, updated_at, category, content, user_id, image, latitude, longitude, title) 
    values
        (?, ?, ?, ?, ?, ?, ?, ?, ?)
Hibernate: 
    select
        user0_.id as id1_10_,
        user0_.created_at as created_2_10_,
        user0_.updated_at as updated_3_10_,
        user0_.age as age4_10_,
        user0_.background_image as backgrou5_10_,
        user0_.email as email6_10_,
        user0_.gender as gender7_10_,
        user0_.hobby as hobby8_10_,
        user0_.introduce as introduc9_10_,
        user0_.job as job10_10_,
        user0_.name as name11_10_,
        user0_.nick_name as nick_na12_10_,
        user0_.phone_num as phone_n13_10_,
        user0_.profile_image as profile14_10_,
        user0_.res_red_number as res_red15_10_,
        user0_.score as score16_10_ 
    from
        user user0_
Hibernate: 
    select
        roles0_.user_id as user_id1_11_0_,
        roles0_.roles as roles2_11_0_ 
    from
        user_roles roles0_ 
    where
        roles0_.user_id=?
Hibernate: 
    select
        roles0_.user_id as user_id1_11_0_,
        roles0_.roles as roles2_11_0_ 
    from
        user_roles roles0_ 
    where
        roles0_.user_id=?
Hibernate: 
    select
        roles0_.user_id as user_id1_11_0_,
        roles0_.roles as roles2_11_0_ 
    from
        user_roles roles0_ 
    where
        roles0_.user_id=?
Hibernate: 
    select
        roles0_.user_id as user_id1_11_0_,
        roles0_.roles as roles2_11_0_ 
    from
        user_roles roles0_ 
    where
        roles0_.user_id=?
Hibernate: 
    select
        roles0_.user_id as user_id1_11_0_,
        roles0_.roles as roles2_11_0_ 
    from
        user_roles roles0_ 
    where
        roles0_.user_id=?
Hibernate: 
    insert 
    into
        story_pin
        (created_at, updated_at, category, content, user_id, image, latitude, longitude, title) 
    values
        (?, ?, ?, ?, ?, ?, ?, ?, ?)
Hibernate: 
    select
        user0_.id as id1_10_,
        user0_.created_at as created_2_10_,
        user0_.updated_at as updated_3_10_,
        user0_.age as age4_10_,
        user0_.background_image as backgrou5_10_,
        user0_.email as email6_10_,
        user0_.gender as gender7_10_,
        user0_.hobby as hobby8_10_,
        user0_.introduce as introduc9_10_,
        user0_.job as job10_10_,
        user0_.name as name11_10_,
        user0_.nick_name as nick_na12_10_,
        user0_.phone_num as phone_n13_10_,
        user0_.profile_image as profile14_10_,
        user0_.res_red_number as res_red15_10_,
        user0_.score as score16_10_ 
    from
        user user0_
Hibernate: 
    select
        roles0_.user_id as user_id1_11_0_,
        roles0_.roles as roles2_11_0_ 
    from
        user_roles roles0_ 
    where
        roles0_.user_id=?
Hibernate: 
    select
        roles0_.user_id as user_id1_11_0_,
        roles0_.roles as roles2_11_0_ 
    from
        user_roles roles0_ 
    where
        roles0_.user_id=?
Hibernate: 
    select
        roles0_.user_id as user_id1_11_0_,
        roles0_.roles as roles2_11_0_ 
    from
        user_roles roles0_ 
    where
        roles0_.user_id=?
Hibernate: 
    select
        roles0_.user_id as user_id1_11_0_,
        roles0_.roles as roles2_11_0_ 
    from
        user_roles roles0_ 
    where
        roles0_.user_id=?
Hibernate: 
    select
        roles0_.user_id as user_id1_11_0_,
        roles0_.roles as roles2_11_0_ 
    from
        user_roles roles0_ 
    where
        roles0_.user_id=?
Hibernate: 
    insert 
    into
        story_pin
        (created_at, updated_at, category, content, user_id, image, latitude, longitude, title) 
    values
        (?, ?, ?, ?, ?, ?, ?, ?, ?)
Hibernate: 
    select
        user0_.id as id1_10_,
        user0_.created_at as created_2_10_,
        user0_.updated_at as updated_3_10_,
        user0_.age as age4_10_,
        user0_.background_image as backgrou5_10_,
        user0_.email as email6_10_,
        user0_.gender as gender7_10_,
        user0_.hobby as hobby8_10_,
        user0_.introduce as introduc9_10_,
        user0_.job as job10_10_,
        user0_.name as name11_10_,
        user0_.nick_name as nick_na12_10_,
        user0_.phone_num as phone_n13_10_,
        user0_.profile_image as profile14_10_,
        user0_.res_red_number as res_red15_10_,
        user0_.score as score16_10_ 
    from
        user user0_
Hibernate: 
    select
        roles0_.user_id as user_id1_11_0_,
        roles0_.roles as roles2_11_0_ 
    from
        user_roles roles0_ 
    where
        roles0_.user_id=?
Hibernate: 
    select
        roles0_.user_id as user_id1_11_0_,
        roles0_.roles as roles2_11_0_ 
    from
        user_roles roles0_ 
    where
        roles0_.user_id=?
Hibernate: 
    select
        roles0_.user_id as user_id1_11_0_,
        roles0_.roles as roles2_11_0_ 
    from
        user_roles roles0_ 
    where
        roles0_.user_id=?
Hibernate: 
    select
        roles0_.user_id as user_id1_11_0_,
        roles0_.roles as roles2_11_0_ 
    from
        user_roles roles0_ 
    where
        roles0_.user_id=?
Hibernate: 
    select
        roles0_.user_id as user_id1_11_0_,
        roles0_.roles as roles2_11_0_ 
    from
        user_roles roles0_ 
    where
        roles0_.user_id=?
Hibernate: 
    insert 
    into
        story_pin
        (created_at, updated_at, category, content, user_id, image, latitude, longitude, title) 
    values
        (?, ?, ?, ?, ?, ?, ?, ?, ?)
Hibernate: 
    select
        user0_.id as id1_10_,
        user0_.created_at as created_2_10_,
        user0_.updated_at as updated_3_10_,
        user0_.age as age4_10_,
        user0_.background_image as backgrou5_10_,
        user0_.email as email6_10_,
        user0_.gender as gender7_10_,
        user0_.hobby as hobby8_10_,
        user0_.introduce as introduc9_10_,
        user0_.job as job10_10_,
        user0_.name as name11_10_,
        user0_.nick_name as nick_na12_10_,
        user0_.phone_num as phone_n13_10_,
        user0_.profile_image as profile14_10_,
        user0_.res_red_number as res_red15_10_,
        user0_.score as score16_10_ 
    from
        user user0_
Hibernate: 
    select
        roles0_.user_id as user_id1_11_0_,
        roles0_.roles as roles2_11_0_ 
    from
        user_roles roles0_ 
    where
        roles0_.user_id=?
Hibernate: 
    select
        roles0_.user_id as user_id1_11_0_,
        roles0_.roles as roles2_11_0_ 
    from
        user_roles roles0_ 
    where
        roles0_.user_id=?
Hibernate: 
    select
        roles0_.user_id as user_id1_11_0_,
        roles0_.roles as roles2_11_0_ 
    from
        user_roles roles0_ 
    where
        roles0_.user_id=?
Hibernate: 
    select
        roles0_.user_id as user_id1_11_0_,
        roles0_.roles as roles2_11_0_ 
    from
        user_roles roles0_ 
    where
        roles0_.user_id=?
Hibernate: 
    select
        roles0_.user_id as user_id1_11_0_,
        roles0_.roles as roles2_11_0_ 
    from
        user_roles roles0_ 
    where
        roles0_.user_id=?
Hibernate: 
    insert 
    into
        story_pin
        (created_at, updated_at, category, content, user_id, image, latitude, longitude, title) 
    values
        (?, ?, ?, ?, ?, ?, ?, ?, ?)
Hibernate: 
    select
        user0_.id as id1_10_,
        user0_.created_at as created_2_10_,
        user0_.updated_at as updated_3_10_,
        user0_.age as age4_10_,
        user0_.background_image as backgrou5_10_,
        user0_.email as email6_10_,
        user0_.gender as gender7_10_,
        user0_.hobby as hobby8_10_,
        user0_.introduce as introduc9_10_,
        user0_.job as job10_10_,
        user0_.name as name11_10_,
        user0_.nick_name as nick_na12_10_,
        user0_.phone_num as phone_n13_10_,
        user0_.profile_image as profile14_10_,
        user0_.res_red_number as res_red15_10_,
        user0_.score as score16_10_ 
    from
        user user0_
Hibernate: 
    select
        roles0_.user_id as user_id1_11_0_,
        roles0_.roles as roles2_11_0_ 
    from
        user_roles roles0_ 
    where
        roles0_.user_id=?
Hibernate: 
    select
        roles0_.user_id as user_id1_11_0_,
        roles0_.roles as roles2_11_0_ 
    from
        user_roles roles0_ 
    where
        roles0_.user_id=?
Hibernate: 
    select
        roles0_.user_id as user_id1_11_0_,
        roles0_.roles as roles2_11_0_ 
    from
        user_roles roles0_ 
    where
        roles0_.user_id=?
Hibernate: 
    select
        roles0_.user_id as user_id1_11_0_,
        roles0_.roles as roles2_11_0_ 
    from
        user_roles roles0_ 
    where
        roles0_.user_id=?
Hibernate: 
    select
        roles0_.user_id as user_id1_11_0_,
        roles0_.roles as roles2_11_0_ 
    from
        user_roles roles0_ 
    where
        roles0_.user_id=?
Hibernate: 
    insert 
    into
        story_pin
        (created_at, updated_at, category, content, user_id, image, latitude, longitude, title) 
    values
        (?, ?, ?, ?, ?, ?, ?, ?, ?)
Hibernate: 
    select
        user0_.id as id1_10_,
        user0_.created_at as created_2_10_,
        user0_.updated_at as updated_3_10_,
        user0_.age as age4_10_,
        user0_.background_image as backgrou5_10_,
        user0_.email as email6_10_,
        user0_.gender as gender7_10_,
        user0_.hobby as hobby8_10_,
        user0_.introduce as introduc9_10_,
        user0_.job as job10_10_,
        user0_.name as name11_10_,
        user0_.nick_name as nick_na12_10_,
        user0_.phone_num as phone_n13_10_,
        user0_.profile_image as profile14_10_,
        user0_.res_red_number as res_red15_10_,
        user0_.score as score16_10_ 
    from
        user user0_
Hibernate: 
    select
        roles0_.user_id as user_id1_11_0_,
        roles0_.roles as roles2_11_0_ 
    from
        user_roles roles0_ 
    where
        roles0_.user_id=?
Hibernate: 
    select
        roles0_.user_id as user_id1_11_0_,
        roles0_.roles as roles2_11_0_ 
    from
        user_roles roles0_ 
    where
        roles0_.user_id=?
Hibernate: 
    select
        roles0_.user_id as user_id1_11_0_,
        roles0_.roles as roles2_11_0_ 
    from
        user_roles roles0_ 
    where
        roles0_.user_id=?
Hibernate: 
    select
        roles0_.user_id as user_id1_11_0_,
        roles0_.roles as roles2_11_0_ 
    from
        user_roles roles0_ 
    where
        roles0_.user_id=?
Hibernate: 
    select
        roles0_.user_id as user_id1_11_0_,
        roles0_.roles as roles2_11_0_ 
    from
        user_roles roles0_ 
    where
        roles0_.user_id=?
Hibernate: 
    insert 
    into
        story_pin
        (created_at, updated_at, category, content, user_id, image, latitude, longitude, title) 
    values
        (?, ?, ?, ?, ?, ?, ?, ?, ?)
Hibernate: 
    select
        user0_.id as id1_10_,
        user0_.created_at as created_2_10_,
        user0_.updated_at as updated_3_10_,
        user0_.age as age4_10_,
        user0_.background_image as backgrou5_10_,
        user0_.email as email6_10_,
        user0_.gender as gender7_10_,
        user0_.hobby as hobby8_10_,
        user0_.introduce as introduc9_10_,
        user0_.job as job10_10_,
        user0_.name as name11_10_,
        user0_.nick_name as nick_na12_10_,
        user0_.phone_num as phone_n13_10_,
        user0_.profile_image as profile14_10_,
        user0_.res_red_number as res_red15_10_,
        user0_.score as score16_10_ 
    from
        user user0_
Hibernate: 
    select
        roles0_.user_id as user_id1_11_0_,
        roles0_.roles as roles2_11_0_ 
    from
        user_roles roles0_ 
    where
        roles0_.user_id=?
Hibernate: 
    select
        roles0_.user_id as user_id1_11_0_,
        roles0_.roles as roles2_11_0_ 
    from
        user_roles roles0_ 
    where
        roles0_.user_id=?
Hibernate: 
    select
        roles0_.user_id as user_id1_11_0_,
        roles0_.roles as roles2_11_0_ 
    from
        user_roles roles0_ 
    where
        roles0_.user_id=?
Hibernate: 
    select
        roles0_.user_id as user_id1_11_0_,
        roles0_.roles as roles2_11_0_ 
    from
        user_roles roles0_ 
    where
        roles0_.user_id=?
Hibernate: 
    select
        roles0_.user_id as user_id1_11_0_,
        roles0_.roles as roles2_11_0_ 
    from
        user_roles roles0_ 
    where
        roles0_.user_id=?
Hibernate: 
    insert 
    into
        story_pin
        (created_at, updated_at, category, content, user_id, image, latitude, longitude, title) 
    values
        (?, ?, ?, ?, ?, ?, ?, ?, ?)
Hibernate: 
    select
        user0_.id as id1_10_,
        user0_.created_at as created_2_10_,
        user0_.updated_at as updated_3_10_,
        user0_.age as age4_10_,
        user0_.background_image as backgrou5_10_,
        user0_.email as email6_10_,
        user0_.gender as gender7_10_,
        user0_.hobby as hobby8_10_,
        user0_.introduce as introduc9_10_,
        user0_.job as job10_10_,
        user0_.name as name11_10_,
        user0_.nick_name as nick_na12_10_,
        user0_.phone_num as phone_n13_10_,
        user0_.profile_image as profile14_10_,
        user0_.res_red_number as res_red15_10_,
        user0_.score as score16_10_ 
    from
        user user0_
Hibernate: 
    select
        roles0_.user_id as user_id1_11_0_,
        roles0_.roles as roles2_11_0_ 
    from
        user_roles roles0_ 
    where
        roles0_.user_id=?
Hibernate: 
    select
        roles0_.user_id as user_id1_11_0_,
        roles0_.roles as roles2_11_0_ 
    from
        user_roles roles0_ 
    where
        roles0_.user_id=?
Hibernate: 
    select
        roles0_.user_id as user_id1_11_0_,
        roles0_.roles as roles2_11_0_ 
    from
        user_roles roles0_ 
    where
        roles0_.user_id=?
Hibernate: 
    select
        roles0_.user_id as user_id1_11_0_,
        roles0_.roles as roles2_11_0_ 
    from
        user_roles roles0_ 
    where
        roles0_.user_id=?
Hibernate: 
    select
        roles0_.user_id as user_id1_11_0_,
        roles0_.roles as roles2_11_0_ 
    from
        user_roles roles0_ 
    where
        roles0_.user_id=?
Hibernate: 
    insert 
    into
        story_pin
        (created_at, updated_at, category, content, user_id, image, latitude, longitude, title) 
    values
        (?, ?, ?, ?, ?, ?, ?, ?, ?)
Hibernate: 
    select
        user0_.id as id1_10_,
        user0_.created_at as created_2_10_,
        user0_.updated_at as updated_3_10_,
        user0_.age as age4_10_,
        user0_.background_image as backgrou5_10_,
        user0_.email as email6_10_,
        user0_.gender as gender7_10_,
        user0_.hobby as hobby8_10_,
        user0_.introduce as introduc9_10_,
        user0_.job as job10_10_,
        user0_.name as name11_10_,
        user0_.nick_name as nick_na12_10_,
        user0_.phone_num as phone_n13_10_,
        user0_.profile_image as profile14_10_,
        user0_.res_red_number as res_red15_10_,
        user0_.score as score16_10_ 
    from
        user user0_
Hibernate: 
    select
        roles0_.user_id as user_id1_11_0_,
        roles0_.roles as roles2_11_0_ 
    from
        user_roles roles0_ 
    where
        roles0_.user_id=?
Hibernate: 
    select
        roles0_.user_id as user_id1_11_0_,
        roles0_.roles as roles2_11_0_ 
    from
        user_roles roles0_ 
    where
        roles0_.user_id=?
Hibernate: 
    select
        roles0_.user_id as user_id1_11_0_,
        roles0_.roles as roles2_11_0_ 
    from
        user_roles roles0_ 
    where
        roles0_.user_id=?
Hibernate: 
    select
        roles0_.user_id as user_id1_11_0_,
        roles0_.roles as roles2_11_0_ 
    from
        user_roles roles0_ 
    where
        roles0_.user_id=?
Hibernate: 
    select
        roles0_.user_id as user_id1_11_0_,
        roles0_.roles as roles2_11_0_ 
    from
        user_roles roles0_ 
    where
        roles0_.user_id=?
Hibernate: 
    insert 
    into
        story_pin
        (created_at, updated_at, category, content, user_id, image, latitude, longitude, title) 
    values
        (?, ?, ?, ?, ?, ?, ?, ?, ?)
Hibernate: 
    select
        user0_.id as id1_10_,
        user0_.created_at as created_2_10_,
        user0_.updated_at as updated_3_10_,
        user0_.age as age4_10_,
        user0_.background_image as backgrou5_10_,
        user0_.email as email6_10_,
        user0_.gender as gender7_10_,
        user0_.hobby as hobby8_10_,
        user0_.introduce as introduc9_10_,
        user0_.job as job10_10_,
        user0_.name as name11_10_,
        user0_.nick_name as nick_na12_10_,
        user0_.phone_num as phone_n13_10_,
        user0_.profile_image as profile14_10_,
        user0_.res_red_number as res_red15_10_,
        user0_.score as score16_10_ 
    from
        user user0_
Hibernate: 
    select
        roles0_.user_id as user_id1_11_0_,
        roles0_.roles as roles2_11_0_ 
    from
        user_roles roles0_ 
    where
        roles0_.user_id=?
Hibernate: 
    select
        roles0_.user_id as user_id1_11_0_,
        roles0_.roles as roles2_11_0_ 
    from
        user_roles roles0_ 
    where
        roles0_.user_id=?
Hibernate: 
    select
        roles0_.user_id as user_id1_11_0_,
        roles0_.roles as roles2_11_0_ 
    from
        user_roles roles0_ 
    where
        roles0_.user_id=?
Hibernate: 
    select
        roles0_.user_id as user_id1_11_0_,
        roles0_.roles as roles2_11_0_ 
    from
        user_roles roles0_ 
    where
        roles0_.user_id=?
Hibernate: 
    select
        roles0_.user_id as user_id1_11_0_,
        roles0_.roles as roles2_11_0_ 
    from
        user_roles roles0_ 
    where
        roles0_.user_id=?
Hibernate: 
    insert 
    into
        story_pin
        (created_at, updated_at, category, content, user_id, image, latitude, longitude, title) 
    values
        (?, ?, ?, ?, ?, ?, ?, ?, ?)
Hibernate: 
    select
        user0_.id as id1_10_,
        user0_.created_at as created_2_10_,
        user0_.updated_at as updated_3_10_,
        user0_.age as age4_10_,
        user0_.background_image as backgrou5_10_,
        user0_.email as email6_10_,
        user0_.gender as gender7_10_,
        user0_.hobby as hobby8_10_,
        user0_.introduce as introduc9_10_,
        user0_.job as job10_10_,
        user0_.name as name11_10_,
        user0_.nick_name as nick_na12_10_,
        user0_.phone_num as phone_n13_10_,
        user0_.profile_image as profile14_10_,
        user0_.res_red_number as res_red15_10_,
        user0_.score as score16_10_ 
    from
        user user0_
Hibernate: 
    select
        roles0_.user_id as user_id1_11_0_,
        roles0_.roles as roles2_11_0_ 
    from
        user_roles roles0_ 
    where
        roles0_.user_id=?
Hibernate: 
    select
        roles0_.user_id as user_id1_11_0_,
        roles0_.roles as roles2_11_0_ 
    from
        user_roles roles0_ 
    where
        roles0_.user_id=?
Hibernate: 
    select
        roles0_.user_id as user_id1_11_0_,
        roles0_.roles as roles2_11_0_ 
    from
        user_roles roles0_ 
    where
        roles0_.user_id=?
Hibernate: 
    select
        roles0_.user_id as user_id1_11_0_,
        roles0_.roles as roles2_11_0_ 
    from
        user_roles roles0_ 
    where
        roles0_.user_id=?
Hibernate: 
    select
        roles0_.user_id as user_id1_11_0_,
        roles0_.roles as roles2_11_0_ 
    from
        user_roles roles0_ 
    where
        roles0_.user_id=?
Hibernate: 
    insert 
    into
        story_pin
        (created_at, updated_at, category, content, user_id, image, latitude, longitude, title) 
    values
        (?, ?, ?, ?, ?, ?, ?, ?, ?)
Hibernate: 
    select
        user0_.id as id1_10_,
        user0_.created_at as created_2_10_,
        user0_.updated_at as updated_3_10_,
        user0_.age as age4_10_,
        user0_.background_image as backgrou5_10_,
        user0_.email as email6_10_,
        user0_.gender as gender7_10_,
        user0_.hobby as hobby8_10_,
        user0_.introduce as introduc9_10_,
        user0_.job as job10_10_,
        user0_.name as name11_10_,
        user0_.nick_name as nick_na12_10_,
        user0_.phone_num as phone_n13_10_,
        user0_.profile_image as profile14_10_,
        user0_.res_red_number as res_red15_10_,
        user0_.score as score16_10_ 
    from
        user user0_
Hibernate: 
    select
        roles0_.user_id as user_id1_11_0_,
        roles0_.roles as roles2_11_0_ 
    from
        user_roles roles0_ 
    where
        roles0_.user_id=?
Hibernate: 
    select
        roles0_.user_id as user_id1_11_0_,
        roles0_.roles as roles2_11_0_ 
    from
        user_roles roles0_ 
    where
        roles0_.user_id=?
Hibernate: 
    select
        roles0_.user_id as user_id1_11_0_,
        roles0_.roles as roles2_11_0_ 
    from
        user_roles roles0_ 
    where
        roles0_.user_id=?
Hibernate: 
    select
        roles0_.user_id as user_id1_11_0_,
        roles0_.roles as roles2_11_0_ 
    from
        user_roles roles0_ 
    where
        roles0_.user_id=?
Hibernate: 
    select
        roles0_.user_id as user_id1_11_0_,
        roles0_.roles as roles2_11_0_ 
    from
        user_roles roles0_ 
    where
        roles0_.user_id=?
Hibernate: 
    insert 
    into
        story_pin
        (created_at, updated_at, category, content, user_id, image, latitude, longitude, title) 
    values
        (?, ?, ?, ?, ?, ?, ?, ?, ?)
Hibernate: 
    select
        user0_.id as id1_10_,
        user0_.created_at as created_2_10_,
        user0_.updated_at as updated_3_10_,
        user0_.age as age4_10_,
        user0_.background_image as backgrou5_10_,
        user0_.email as email6_10_,
        user0_.gender as gender7_10_,
        user0_.hobby as hobby8_10_,
        user0_.introduce as introduc9_10_,
        user0_.job as job10_10_,
        user0_.name as name11_10_,
        user0_.nick_name as nick_na12_10_,
        user0_.phone_num as phone_n13_10_,
        user0_.profile_image as profile14_10_,
        user0_.res_red_number as res_red15_10_,
        user0_.score as score16_10_ 
    from
        user user0_
Hibernate: 
    select
        roles0_.user_id as user_id1_11_0_,
        roles0_.roles as roles2_11_0_ 
    from
        user_roles roles0_ 
    where
        roles0_.user_id=?
Hibernate: 
    select
        roles0_.user_id as user_id1_11_0_,
        roles0_.roles as roles2_11_0_ 
    from
        user_roles roles0_ 
    where
        roles0_.user_id=?
Hibernate: 
    select
        roles0_.user_id as user_id1_11_0_,
        roles0_.roles as roles2_11_0_ 
    from
        user_roles roles0_ 
    where
        roles0_.user_id=?
Hibernate: 
    select
        roles0_.user_id as user_id1_11_0_,
        roles0_.roles as roles2_11_0_ 
    from
        user_roles roles0_ 
    where
        roles0_.user_id=?
Hibernate: 
    select
        roles0_.user_id as user_id1_11_0_,
        roles0_.roles as roles2_11_0_ 
    from
        user_roles roles0_ 
    where
        roles0_.user_id=?
Hibernate: 
    insert 
    into
        story_pin
        (created_at, updated_at, category, content, user_id, image, latitude, longitude, title) 
    values
        (?, ?, ?, ?, ?, ?, ?, ?, ?)
Hibernate: 
    select
        user0_.id as id1_10_,
        user0_.created_at as created_2_10_,
        user0_.updated_at as updated_3_10_,
        user0_.age as age4_10_,
        user0_.background_image as backgrou5_10_,
        user0_.email as email6_10_,
        user0_.gender as gender7_10_,
        user0_.hobby as hobby8_10_,
        user0_.introduce as introduc9_10_,
        user0_.job as job10_10_,
        user0_.name as name11_10_,
        user0_.nick_name as nick_na12_10_,
        user0_.phone_num as phone_n13_10_,
        user0_.profile_image as profile14_10_,
        user0_.res_red_number as res_red15_10_,
        user0_.score as score16_10_ 
    from
        user user0_
Hibernate: 
    select
        roles0_.user_id as user_id1_11_0_,
        roles0_.roles as roles2_11_0_ 
    from
        user_roles roles0_ 
    where
        roles0_.user_id=?
Hibernate: 
    select
        roles0_.user_id as user_id1_11_0_,
        roles0_.roles as roles2_11_0_ 
    from
        user_roles roles0_ 
    where
        roles0_.user_id=?
Hibernate: 
    select
        roles0_.user_id as user_id1_11_0_,
        roles0_.roles as roles2_11_0_ 
    from
        user_roles roles0_ 
    where
        roles0_.user_id=?
Hibernate: 
    select
        roles0_.user_id as user_id1_11_0_,
        roles0_.roles as roles2_11_0_ 
    from
        user_roles roles0_ 
    where
        roles0_.user_id=?
Hibernate: 
    select
        roles0_.user_id as user_id1_11_0_,
        roles0_.roles as roles2_11_0_ 
    from
        user_roles roles0_ 
    where
        roles0_.user_id=?
Hibernate: 
    insert 
    into
        story_pin
        (created_at, updated_at, category, content, user_id, image, latitude, longitude, title) 
    values
        (?, ?, ?, ?, ?, ?, ?, ?, ?)
Hibernate: 
    select
        user0_.id as id1_10_,
        user0_.created_at as created_2_10_,
        user0_.updated_at as updated_3_10_,
        user0_.age as age4_10_,
        user0_.background_image as backgrou5_10_,
        user0_.email as email6_10_,
        user0_.gender as gender7_10_,
        user0_.hobby as hobby8_10_,
        user0_.introduce as introduc9_10_,
        user0_.job as job10_10_,
        user0_.name as name11_10_,
        user0_.nick_name as nick_na12_10_,
        user0_.phone_num as phone_n13_10_,
        user0_.profile_image as profile14_10_,
        user0_.res_red_number as res_red15_10_,
        user0_.score as score16_10_ 
    from
        user user0_
Hibernate: 
    select
        roles0_.user_id as user_id1_11_0_,
        roles0_.roles as roles2_11_0_ 
    from
        user_roles roles0_ 
    where
        roles0_.user_id=?
Hibernate: 
    select
        roles0_.user_id as user_id1_11_0_,
        roles0_.roles as roles2_11_0_ 
    from
        user_roles roles0_ 
    where
        roles0_.user_id=?
Hibernate: 
    select
        roles0_.user_id as user_id1_11_0_,
        roles0_.roles as roles2_11_0_ 
    from
        user_roles roles0_ 
    where
        roles0_.user_id=?
Hibernate: 
    select
        roles0_.user_id as user_id1_11_0_,
        roles0_.roles as roles2_11_0_ 
    from
        user_roles roles0_ 
    where
        roles0_.user_id=?
Hibernate: 
    select
        roles0_.user_id as user_id1_11_0_,
        roles0_.roles as roles2_11_0_ 
    from
        user_roles roles0_ 
    where
        roles0_.user_id=?
Hibernate: 
    insert 
    into
        story_pin
        (created_at, updated_at, category, content, user_id, image, latitude, longitude, title) 
    values
        (?, ?, ?, ?, ?, ?, ?, ?, ?)
Hibernate: 
    select
        user0_.id as id1_10_,
        user0_.created_at as created_2_10_,
        user0_.updated_at as updated_3_10_,
        user0_.age as age4_10_,
        user0_.background_image as backgrou5_10_,
        user0_.email as email6_10_,
        user0_.gender as gender7_10_,
        user0_.hobby as hobby8_10_,
        user0_.introduce as introduc9_10_,
        user0_.job as job10_10_,
        user0_.name as name11_10_,
        user0_.nick_name as nick_na12_10_,
        user0_.phone_num as phone_n13_10_,
        user0_.profile_image as profile14_10_,
        user0_.res_red_number as res_red15_10_,
        user0_.score as score16_10_ 
    from
        user user0_
Hibernate: 
    select
        roles0_.user_id as user_id1_11_0_,
        roles0_.roles as roles2_11_0_ 
    from
        user_roles roles0_ 
    where
        roles0_.user_id=?
Hibernate: 
    select
        roles0_.user_id as user_id1_11_0_,
        roles0_.roles as roles2_11_0_ 
    from
        user_roles roles0_ 
    where
        roles0_.user_id=?
Hibernate: 
    select
        roles0_.user_id as user_id1_11_0_,
        roles0_.roles as roles2_11_0_ 
    from
        user_roles roles0_ 
    where
        roles0_.user_id=?
Hibernate: 
    select
        roles0_.user_id as user_id1_11_0_,
        roles0_.roles as roles2_11_0_ 
    from
        user_roles roles0_ 
    where
        roles0_.user_id=?
Hibernate: 
    select
        roles0_.user_id as user_id1_11_0_,
        roles0_.roles as roles2_11_0_ 
    from
        user_roles roles0_ 
    where
        roles0_.user_id=?
Hibernate: 
    insert 
    into
        story_pin
        (created_at, updated_at, category, content, user_id, image, latitude, longitude, title) 
    values
        (?, ?, ?, ?, ?, ?, ?, ?, ?)
Hibernate: 
    select
        user0_.id as id1_10_,
        user0_.created_at as created_2_10_,
        user0_.updated_at as updated_3_10_,
        user0_.age as age4_10_,
        user0_.background_image as backgrou5_10_,
        user0_.email as email6_10_,
        user0_.gender as gender7_10_,
        user0_.hobby as hobby8_10_,
        user0_.introduce as introduc9_10_,
        user0_.job as job10_10_,
        user0_.name as name11_10_,
        user0_.nick_name as nick_na12_10_,
        user0_.phone_num as phone_n13_10_,
        user0_.profile_image as profile14_10_,
        user0_.res_red_number as res_red15_10_,
        user0_.score as score16_10_ 
    from
        user user0_
Hibernate: 
    select
        roles0_.user_id as user_id1_11_0_,
        roles0_.roles as roles2_11_0_ 
    from
        user_roles roles0_ 
    where
        roles0_.user_id=?
Hibernate: 
    select
        roles0_.user_id as user_id1_11_0_,
        roles0_.roles as roles2_11_0_ 
    from
        user_roles roles0_ 
    where
        roles0_.user_id=?
Hibernate: 
    select
        roles0_.user_id as user_id1_11_0_,
        roles0_.roles as roles2_11_0_ 
    from
        user_roles roles0_ 
    where
        roles0_.user_id=?
Hibernate: 
    select
        roles0_.user_id as user_id1_11_0_,
        roles0_.roles as roles2_11_0_ 
    from
        user_roles roles0_ 
    where
        roles0_.user_id=?
Hibernate: 
    select
        roles0_.user_id as user_id1_11_0_,
        roles0_.roles as roles2_11_0_ 
    from
        user_roles roles0_ 
    where
        roles0_.user_id=?
Hibernate: 
    insert 
    into
        story_pin
        (created_at, updated_at, category, content, user_id, image, latitude, longitude, title) 
    values
        (?, ?, ?, ?, ?, ?, ?, ?, ?)
Hibernate: 
    select
        user0_.id as id1_10_,
        user0_.created_at as created_2_10_,
        user0_.updated_at as updated_3_10_,
        user0_.age as age4_10_,
        user0_.background_image as backgrou5_10_,
        user0_.email as email6_10_,
        user0_.gender as gender7_10_,
        user0_.hobby as hobby8_10_,
        user0_.introduce as introduc9_10_,
        user0_.job as job10_10_,
        user0_.name as name11_10_,
        user0_.nick_name as nick_na12_10_,
        user0_.phone_num as phone_n13_10_,
        user0_.profile_image as profile14_10_,
        user0_.res_red_number as res_red15_10_,
        user0_.score as score16_10_ 
    from
        user user0_
Hibernate: 
    select
        roles0_.user_id as user_id1_11_0_,
        roles0_.roles as roles2_11_0_ 
    from
        user_roles roles0_ 
    where
        roles0_.user_id=?
Hibernate: 
    select
        roles0_.user_id as user_id1_11_0_,
        roles0_.roles as roles2_11_0_ 
    from
        user_roles roles0_ 
    where
        roles0_.user_id=?
Hibernate: 
    select
        roles0_.user_id as user_id1_11_0_,
        roles0_.roles as roles2_11_0_ 
    from
        user_roles roles0_ 
    where
        roles0_.user_id=?
Hibernate: 
    select
        roles0_.user_id as user_id1_11_0_,
        roles0_.roles as roles2_11_0_ 
    from
        user_roles roles0_ 
    where
        roles0_.user_id=?
Hibernate: 
    select
        roles0_.user_id as user_id1_11_0_,
        roles0_.roles as roles2_11_0_ 
    from
        user_roles roles0_ 
    where
        roles0_.user_id=?
Hibernate: 
    insert 
    into
        story_pin
        (created_at, updated_at, category, content, user_id, image, latitude, longitude, title) 
    values
        (?, ?, ?, ?, ?, ?, ?, ?, ?)
Hibernate: 
    select
        user0_.id as id1_10_,
        user0_.created_at as created_2_10_,
        user0_.updated_at as updated_3_10_,
        user0_.age as age4_10_,
        user0_.background_image as backgrou5_10_,
        user0_.email as email6_10_,
        user0_.gender as gender7_10_,
        user0_.hobby as hobby8_10_,
        user0_.introduce as introduc9_10_,
        user0_.job as job10_10_,
        user0_.name as name11_10_,
        user0_.nick_name as nick_na12_10_,
        user0_.phone_num as phone_n13_10_,
        user0_.profile_image as profile14_10_,
        user0_.res_red_number as res_red15_10_,
        user0_.score as score16_10_ 
    from
        user user0_
Hibernate: 
    select
        roles0_.user_id as user_id1_11_0_,
        roles0_.roles as roles2_11_0_ 
    from
        user_roles roles0_ 
    where
        roles0_.user_id=?
Hibernate: 
    select
        roles0_.user_id as user_id1_11_0_,
        roles0_.roles as roles2_11_0_ 
    from
        user_roles roles0_ 
    where
        roles0_.user_id=?
Hibernate: 
    select
        roles0_.user_id as user_id1_11_0_,
        roles0_.roles as roles2_11_0_ 
    from
        user_roles roles0_ 
    where
        roles0_.user_id=?
Hibernate: 
    select
        roles0_.user_id as user_id1_11_0_,
        roles0_.roles as roles2_11_0_ 
    from
        user_roles roles0_ 
    where
        roles0_.user_id=?
Hibernate: 
    select
        roles0_.user_id as user_id1_11_0_,
        roles0_.roles as roles2_11_0_ 
    from
        user_roles roles0_ 
    where
        roles0_.user_id=?
Hibernate: 
    insert 
    into
        story_pin
        (created_at, updated_at, category, content, user_id, image, latitude, longitude, title) 
    values
        (?, ?, ?, ?, ?, ?, ?, ?, ?)
Hibernate: 
    select
        user0_.id as id1_10_,
        user0_.created_at as created_2_10_,
        user0_.updated_at as updated_3_10_,
        user0_.age as age4_10_,
        user0_.background_image as backgrou5_10_,
        user0_.email as email6_10_,
        user0_.gender as gender7_10_,
        user0_.hobby as hobby8_10_,
        user0_.introduce as introduc9_10_,
        user0_.job as job10_10_,
        user0_.name as name11_10_,
        user0_.nick_name as nick_na12_10_,
        user0_.phone_num as phone_n13_10_,
        user0_.profile_image as profile14_10_,
        user0_.res_red_number as res_red15_10_,
        user0_.score as score16_10_ 
    from
        user user0_
Hibernate: 
    select
        roles0_.user_id as user_id1_11_0_,
        roles0_.roles as roles2_11_0_ 
    from
        user_roles roles0_ 
    where
        roles0_.user_id=?
Hibernate: 
    select
        roles0_.user_id as user_id1_11_0_,
        roles0_.roles as roles2_11_0_ 
    from
        user_roles roles0_ 
    where
        roles0_.user_id=?
Hibernate: 
    select
        roles0_.user_id as user_id1_11_0_,
        roles0_.roles as roles2_11_0_ 
    from
        user_roles roles0_ 
    where
        roles0_.user_id=?
Hibernate: 
    select
        roles0_.user_id as user_id1_11_0_,
        roles0_.roles as roles2_11_0_ 
    from
        user_roles roles0_ 
    where
        roles0_.user_id=?
Hibernate: 
    select
        roles0_.user_id as user_id1_11_0_,
        roles0_.roles as roles2_11_0_ 
    from
        user_roles roles0_ 
    where
        roles0_.user_id=?
Hibernate: 
    insert 
    into
        story_pin
        (created_at, updated_at, category, content, user_id, image, latitude, longitude, title) 
    values
        (?, ?, ?, ?, ?, ?, ?, ?, ?)
Hibernate: 
    select
        user0_.id as id1_10_,
        user0_.created_at as created_2_10_,
        user0_.updated_at as updated_3_10_,
        user0_.age as age4_10_,
        user0_.background_image as backgrou5_10_,
        user0_.email as email6_10_,
        user0_.gender as gender7_10_,
        user0_.hobby as hobby8_10_,
        user0_.introduce as introduc9_10_,
        user0_.job as job10_10_,
        user0_.name as name11_10_,
        user0_.nick_name as nick_na12_10_,
        user0_.phone_num as phone_n13_10_,
        user0_.profile_image as profile14_10_,
        user0_.res_red_number as res_red15_10_,
        user0_.score as score16_10_ 
    from
        user user0_
Hibernate: 
    select
        roles0_.user_id as user_id1_11_0_,
        roles0_.roles as roles2_11_0_ 
    from
        user_roles roles0_ 
    where
        roles0_.user_id=?
Hibernate: 
    select
        roles0_.user_id as user_id1_11_0_,
        roles0_.roles as roles2_11_0_ 
    from
        user_roles roles0_ 
    where
        roles0_.user_id=?
Hibernate: 
    select
        roles0_.user_id as user_id1_11_0_,
        roles0_.roles as roles2_11_0_ 
    from
        user_roles roles0_ 
    where
        roles0_.user_id=?
Hibernate: 
    select
        roles0_.user_id as user_id1_11_0_,
        roles0_.roles as roles2_11_0_ 
    from
        user_roles roles0_ 
    where
        roles0_.user_id=?
Hibernate: 
    select
        roles0_.user_id as user_id1_11_0_,
        roles0_.roles as roles2_11_0_ 
    from
        user_roles roles0_ 
    where
        roles0_.user_id=?
Hibernate: 
    insert 
    into
        story_pin
        (created_at, updated_at, category, content, user_id, image, latitude, longitude, title) 
    values
        (?, ?, ?, ?, ?, ?, ?, ?, ?)
Hibernate: 
    select
        user0_.id as id1_10_,
        user0_.created_at as created_2_10_,
        user0_.updated_at as updated_3_10_,
        user0_.age as age4_10_,
        user0_.background_image as backgrou5_10_,
        user0_.email as email6_10_,
        user0_.gender as gender7_10_,
        user0_.hobby as hobby8_10_,
        user0_.introduce as introduc9_10_,
        user0_.job as job10_10_,
        user0_.name as name11_10_,
        user0_.nick_name as nick_na12_10_,
        user0_.phone_num as phone_n13_10_,
        user0_.profile_image as profile14_10_,
        user0_.res_red_number as res_red15_10_,
        user0_.score as score16_10_ 
    from
        user user0_
Hibernate: 
    select
        roles0_.user_id as user_id1_11_0_,
        roles0_.roles as roles2_11_0_ 
    from
        user_roles roles0_ 
    where
        roles0_.user_id=?
Hibernate: 
    select
        roles0_.user_id as user_id1_11_0_,
        roles0_.roles as roles2_11_0_ 
    from
        user_roles roles0_ 
    where
        roles0_.user_id=?
Hibernate: 
    select
        roles0_.user_id as user_id1_11_0_,
        roles0_.roles as roles2_11_0_ 
    from
        user_roles roles0_ 
    where
        roles0_.user_id=?
Hibernate: 
    select
        roles0_.user_id as user_id1_11_0_,
        roles0_.roles as roles2_11_0_ 
    from
        user_roles roles0_ 
    where
        roles0_.user_id=?
Hibernate: 
    select
        roles0_.user_id as user_id1_11_0_,
        roles0_.roles as roles2_11_0_ 
    from
        user_roles roles0_ 
    where
        roles0_.user_id=?
Hibernate: 
    insert 
    into
        story_pin
        (created_at, updated_at, category, content, user_id, image, latitude, longitude, title) 
    values
        (?, ?, ?, ?, ?, ?, ?, ?, ?)
Hibernate: 
    select
        user0_.id as id1_10_,
        user0_.created_at as created_2_10_,
        user0_.updated_at as updated_3_10_,
        user0_.age as age4_10_,
        user0_.background_image as backgrou5_10_,
        user0_.email as email6_10_,
        user0_.gender as gender7_10_,
        user0_.hobby as hobby8_10_,
        user0_.introduce as introduc9_10_,
        user0_.job as job10_10_,
        user0_.name as name11_10_,
        user0_.nick_name as nick_na12_10_,
        user0_.phone_num as phone_n13_10_,
        user0_.profile_image as profile14_10_,
        user0_.res_red_number as res_red15_10_,
        user0_.score as score16_10_ 
    from
        user user0_
Hibernate: 
    select
        roles0_.user_id as user_id1_11_0_,
        roles0_.roles as roles2_11_0_ 
    from
        user_roles roles0_ 
    where
        roles0_.user_id=?
Hibernate: 
    select
        roles0_.user_id as user_id1_11_0_,
        roles0_.roles as roles2_11_0_ 
    from
        user_roles roles0_ 
    where
        roles0_.user_id=?
Hibernate: 
    select
        roles0_.user_id as user_id1_11_0_,
        roles0_.roles as roles2_11_0_ 
    from
        user_roles roles0_ 
    where
        roles0_.user_id=?
Hibernate: 
    select
        roles0_.user_id as user_id1_11_0_,
        roles0_.roles as roles2_11_0_ 
    from
        user_roles roles0_ 
    where
        roles0_.user_id=?
Hibernate: 
    select
        roles0_.user_id as user_id1_11_0_,
        roles0_.roles as roles2_11_0_ 
    from
        user_roles roles0_ 
    where
        roles0_.user_id=?
Hibernate: 
    insert 
    into
        story_pin
        (created_at, updated_at, category, content, user_id, image, latitude, longitude, title) 
    values
        (?, ?, ?, ?, ?, ?, ?, ?, ?)
Hibernate: 
    select
        user0_.id as id1_10_,
        user0_.created_at as created_2_10_,
        user0_.updated_at as updated_3_10_,
        user0_.age as age4_10_,
        user0_.background_image as backgrou5_10_,
        user0_.email as email6_10_,
        user0_.gender as gender7_10_,
        user0_.hobby as hobby8_10_,
        user0_.introduce as introduc9_10_,
        user0_.job as job10_10_,
        user0_.name as name11_10_,
        user0_.nick_name as nick_na12_10_,
        user0_.phone_num as phone_n13_10_,
        user0_.profile_image as profile14_10_,
        user0_.res_red_number as res_red15_10_,
        user0_.score as score16_10_ 
    from
        user user0_
Hibernate: 
    select
        roles0_.user_id as user_id1_11_0_,
        roles0_.roles as roles2_11_0_ 
    from
        user_roles roles0_ 
    where
        roles0_.user_id=?
Hibernate: 
    select
        roles0_.user_id as user_id1_11_0_,
        roles0_.roles as roles2_11_0_ 
    from
        user_roles roles0_ 
    where
        roles0_.user_id=?
Hibernate: 
    select
        roles0_.user_id as user_id1_11_0_,
        roles0_.roles as roles2_11_0_ 
    from
        user_roles roles0_ 
    where
        roles0_.user_id=?
Hibernate: 
    select
        roles0_.user_id as user_id1_11_0_,
        roles0_.roles as roles2_11_0_ 
    from
        user_roles roles0_ 
    where
        roles0_.user_id=?
Hibernate: 
    select
        roles0_.user_id as user_id1_11_0_,
        roles0_.roles as roles2_11_0_ 
    from
        user_roles roles0_ 
    where
        roles0_.user_id=?
Hibernate: 
    insert 
    into
        story_pin
        (created_at, updated_at, category, content, user_id, image, latitude, longitude, title) 
    values
        (?, ?, ?, ?, ?, ?, ?, ?, ?)
Hibernate: 
    select
        user0_.id as id1_10_,
        user0_.created_at as created_2_10_,
        user0_.updated_at as updated_3_10_,
        user0_.age as age4_10_,
        user0_.background_image as backgrou5_10_,
        user0_.email as email6_10_,
        user0_.gender as gender7_10_,
        user0_.hobby as hobby8_10_,
        user0_.introduce as introduc9_10_,
        user0_.job as job10_10_,
        user0_.name as name11_10_,
        user0_.nick_name as nick_na12_10_,
        user0_.phone_num as phone_n13_10_,
        user0_.profile_image as profile14_10_,
        user0_.res_red_number as res_red15_10_,
        user0_.score as score16_10_ 
    from
        user user0_
Hibernate: 
    select
        roles0_.user_id as user_id1_11_0_,
        roles0_.roles as roles2_11_0_ 
    from
        user_roles roles0_ 
    where
        roles0_.user_id=?
Hibernate: 
    select
        roles0_.user_id as user_id1_11_0_,
        roles0_.roles as roles2_11_0_ 
    from
        user_roles roles0_ 
    where
        roles0_.user_id=?
Hibernate: 
    select
        roles0_.user_id as user_id1_11_0_,
        roles0_.roles as roles2_11_0_ 
    from
        user_roles roles0_ 
    where
        roles0_.user_id=?
Hibernate: 
    select
        roles0_.user_id as user_id1_11_0_,
        roles0_.roles as roles2_11_0_ 
    from
        user_roles roles0_ 
    where
        roles0_.user_id=?
Hibernate: 
    select
        roles0_.user_id as user_id1_11_0_,
        roles0_.roles as roles2_11_0_ 
    from
        user_roles roles0_ 
    where
        roles0_.user_id=?
Hibernate: 
    insert 
    into
        story_pin
        (created_at, updated_at, category, content, user_id, image, latitude, longitude, title) 
    values
        (?, ?, ?, ?, ?, ?, ?, ?, ?)
Hibernate: 
    select
        user0_.id as id1_10_,
        user0_.created_at as created_2_10_,
        user0_.updated_at as updated_3_10_,
        user0_.age as age4_10_,
        user0_.background_image as backgrou5_10_,
        user0_.email as email6_10_,
        user0_.gender as gender7_10_,
        user0_.hobby as hobby8_10_,
        user0_.introduce as introduc9_10_,
        user0_.job as job10_10_,
        user0_.name as name11_10_,
        user0_.nick_name as nick_na12_10_,
        user0_.phone_num as phone_n13_10_,
        user0_.profile_image as profile14_10_,
        user0_.res_red_number as res_red15_10_,
        user0_.score as score16_10_ 
    from
        user user0_
Hibernate: 
    select
        roles0_.user_id as user_id1_11_0_,
        roles0_.roles as roles2_11_0_ 
    from
        user_roles roles0_ 
    where
        roles0_.user_id=?
Hibernate: 
    select
        roles0_.user_id as user_id1_11_0_,
        roles0_.roles as roles2_11_0_ 
    from
        user_roles roles0_ 
    where
        roles0_.user_id=?
Hibernate: 
    select
        roles0_.user_id as user_id1_11_0_,
        roles0_.roles as roles2_11_0_ 
    from
        user_roles roles0_ 
    where
        roles0_.user_id=?
Hibernate: 
    select
        roles0_.user_id as user_id1_11_0_,
        roles0_.roles as roles2_11_0_ 
    from
        user_roles roles0_ 
    where
        roles0_.user_id=?
Hibernate: 
    select
        roles0_.user_id as user_id1_11_0_,
        roles0_.roles as roles2_11_0_ 
    from
        user_roles roles0_ 
    where
        roles0_.user_id=?
Hibernate: 
    insert 
    into
        story_pin
        (created_at, updated_at, category, content, user_id, image, latitude, longitude, title) 
    values
        (?, ?, ?, ?, ?, ?, ?, ?, ?)
Hibernate: 
    select
        user0_.id as id1_10_,
        user0_.created_at as created_2_10_,
        user0_.updated_at as updated_3_10_,
        user0_.age as age4_10_,
        user0_.background_image as backgrou5_10_,
        user0_.email as email6_10_,
        user0_.gender as gender7_10_,
        user0_.hobby as hobby8_10_,
        user0_.introduce as introduc9_10_,
        user0_.job as job10_10_,
        user0_.name as name11_10_,
        user0_.nick_name as nick_na12_10_,
        user0_.phone_num as phone_n13_10_,
        user0_.profile_image as profile14_10_,
        user0_.res_red_number as res_red15_10_,
        user0_.score as score16_10_ 
    from
        user user0_
Hibernate: 
    select
        roles0_.user_id as user_id1_11_0_,
        roles0_.roles as roles2_11_0_ 
    from
        user_roles roles0_ 
    where
        roles0_.user_id=?
Hibernate: 
    select
        roles0_.user_id as user_id1_11_0_,
        roles0_.roles as roles2_11_0_ 
    from
        user_roles roles0_ 
    where
        roles0_.user_id=?
Hibernate: 
    select
        roles0_.user_id as user_id1_11_0_,
        roles0_.roles as roles2_11_0_ 
    from
        user_roles roles0_ 
    where
        roles0_.user_id=?
Hibernate: 
    select
        roles0_.user_id as user_id1_11_0_,
        roles0_.roles as roles2_11_0_ 
    from
        user_roles roles0_ 
    where
        roles0_.user_id=?
Hibernate: 
    select
        roles0_.user_id as user_id1_11_0_,
        roles0_.roles as roles2_11_0_ 
    from
        user_roles roles0_ 
    where
        roles0_.user_id=?
Hibernate: 
    insert 
    into
        story_pin
        (created_at, updated_at, category, content, user_id, image, latitude, longitude, title) 
    values
        (?, ?, ?, ?, ?, ?, ?, ?, ?)
Hibernate: 
    select
        user0_.id as id1_10_,
        user0_.created_at as created_2_10_,
        user0_.updated_at as updated_3_10_,
        user0_.age as age4_10_,
        user0_.background_image as backgrou5_10_,
        user0_.email as email6_10_,
        user0_.gender as gender7_10_,
        user0_.hobby as hobby8_10_,
        user0_.introduce as introduc9_10_,
        user0_.job as job10_10_,
        user0_.name as name11_10_,
        user0_.nick_name as nick_na12_10_,
        user0_.phone_num as phone_n13_10_,
        user0_.profile_image as profile14_10_,
        user0_.res_red_number as res_red15_10_,
        user0_.score as score16_10_ 
    from
        user user0_
Hibernate: 
    select
        roles0_.user_id as user_id1_11_0_,
        roles0_.roles as roles2_11_0_ 
    from
        user_roles roles0_ 
    where
        roles0_.user_id=?
Hibernate: 
    select
        roles0_.user_id as user_id1_11_0_,
        roles0_.roles as roles2_11_0_ 
    from
        user_roles roles0_ 
    where
        roles0_.user_id=?
Hibernate: 
    select
        roles0_.user_id as user_id1_11_0_,
        roles0_.roles as roles2_11_0_ 
    from
        user_roles roles0_ 
    where
        roles0_.user_id=?
Hibernate: 
    select
        roles0_.user_id as user_id1_11_0_,
        roles0_.roles as roles2_11_0_ 
    from
        user_roles roles0_ 
    where
        roles0_.user_id=?
Hibernate: 
    select
        roles0_.user_id as user_id1_11_0_,
        roles0_.roles as roles2_11_0_ 
    from
        user_roles roles0_ 
    where
        roles0_.user_id=?
Hibernate: 
    insert 
    into
        story_pin
        (created_at, updated_at, category, content, user_id, image, latitude, longitude, title) 
    values
        (?, ?, ?, ?, ?, ?, ?, ?, ?)
Hibernate: 
    select
        user0_.id as id1_10_,
        user0_.created_at as created_2_10_,
        user0_.updated_at as updated_3_10_,
        user0_.age as age4_10_,
        user0_.background_image as backgrou5_10_,
        user0_.email as email6_10_,
        user0_.gender as gender7_10_,
        user0_.hobby as hobby8_10_,
        user0_.introduce as introduc9_10_,
        user0_.job as job10_10_,
        user0_.name as name11_10_,
        user0_.nick_name as nick_na12_10_,
        user0_.phone_num as phone_n13_10_,
        user0_.profile_image as profile14_10_,
        user0_.res_red_number as res_red15_10_,
        user0_.score as score16_10_ 
    from
        user user0_
Hibernate: 
    select
        roles0_.user_id as user_id1_11_0_,
        roles0_.roles as roles2_11_0_ 
    from
        user_roles roles0_ 
    where
        roles0_.user_id=?
Hibernate: 
    select
        roles0_.user_id as user_id1_11_0_,
        roles0_.roles as roles2_11_0_ 
    from
        user_roles roles0_ 
    where
        roles0_.user_id=?
Hibernate: 
    select
        roles0_.user_id as user_id1_11_0_,
        roles0_.roles as roles2_11_0_ 
    from
        user_roles roles0_ 
    where
        roles0_.user_id=?
Hibernate: 
    select
        roles0_.user_id as user_id1_11_0_,
        roles0_.roles as roles2_11_0_ 
    from
        user_roles roles0_ 
    where
        roles0_.user_id=?
Hibernate: 
    select
        roles0_.user_id as user_id1_11_0_,
        roles0_.roles as roles2_11_0_ 
    from
        user_roles roles0_ 
    where
        roles0_.user_id=?
Hibernate: 
    insert 
    into
        story_pin
        (created_at, updated_at, category, content, user_id, image, latitude, longitude, title) 
    values
        (?, ?, ?, ?, ?, ?, ?, ?, ?)
Hibernate: 
    select
        user0_.id as id1_10_,
        user0_.created_at as created_2_10_,
        user0_.updated_at as updated_3_10_,
        user0_.age as age4_10_,
        user0_.background_image as backgrou5_10_,
        user0_.email as email6_10_,
        user0_.gender as gender7_10_,
        user0_.hobby as hobby8_10_,
        user0_.introduce as introduc9_10_,
        user0_.job as job10_10_,
        user0_.name as name11_10_,
        user0_.nick_name as nick_na12_10_,
        user0_.phone_num as phone_n13_10_,
        user0_.profile_image as profile14_10_,
        user0_.res_red_number as res_red15_10_,
        user0_.score as score16_10_ 
    from
        user user0_
Hibernate: 
    select
        roles0_.user_id as user_id1_11_0_,
        roles0_.roles as roles2_11_0_ 
    from
        user_roles roles0_ 
    where
        roles0_.user_id=?
Hibernate: 
    select
        roles0_.user_id as user_id1_11_0_,
        roles0_.roles as roles2_11_0_ 
    from
        user_roles roles0_ 
    where
        roles0_.user_id=?
Hibernate: 
    select
        roles0_.user_id as user_id1_11_0_,
        roles0_.roles as roles2_11_0_ 
    from
        user_roles roles0_ 
    where
        roles0_.user_id=?
Hibernate: 
    select
        roles0_.user_id as user_id1_11_0_,
        roles0_.roles as roles2_11_0_ 
    from
        user_roles roles0_ 
    where
        roles0_.user_id=?
Hibernate: 
    select
        roles0_.user_id as user_id1_11_0_,
        roles0_.roles as roles2_11_0_ 
    from
        user_roles roles0_ 
    where
        roles0_.user_id=?
Hibernate: 
    insert 
    into
        story_pin
        (created_at, updated_at, category, content, user_id, image, latitude, longitude, title) 
    values
        (?, ?, ?, ?, ?, ?, ?, ?, ?)
Hibernate: 
    select
        user0_.id as id1_10_,
        user0_.created_at as created_2_10_,
        user0_.updated_at as updated_3_10_,
        user0_.age as age4_10_,
        user0_.background_image as backgrou5_10_,
        user0_.email as email6_10_,
        user0_.gender as gender7_10_,
        user0_.hobby as hobby8_10_,
        user0_.introduce as introduc9_10_,
        user0_.job as job10_10_,
        user0_.name as name11_10_,
        user0_.nick_name as nick_na12_10_,
        user0_.phone_num as phone_n13_10_,
        user0_.profile_image as profile14_10_,
        user0_.res_red_number as res_red15_10_,
        user0_.score as score16_10_ 
    from
        user user0_
Hibernate: 
    select
        roles0_.user_id as user_id1_11_0_,
        roles0_.roles as roles2_11_0_ 
    from
        user_roles roles0_ 
    where
        roles0_.user_id=?
Hibernate: 
    select
        roles0_.user_id as user_id1_11_0_,
        roles0_.roles as roles2_11_0_ 
    from
        user_roles roles0_ 
    where
        roles0_.user_id=?
Hibernate: 
    select
        roles0_.user_id as user_id1_11_0_,
        roles0_.roles as roles2_11_0_ 
    from
        user_roles roles0_ 
    where
        roles0_.user_id=?
Hibernate: 
    select
        roles0_.user_id as user_id1_11_0_,
        roles0_.roles as roles2_11_0_ 
    from
        user_roles roles0_ 
    where
        roles0_.user_id=?
Hibernate: 
    select
        roles0_.user_id as user_id1_11_0_,
        roles0_.roles as roles2_11_0_ 
    from
        user_roles roles0_ 
    where
        roles0_.user_id=?
Hibernate: 
    insert 
    into
        story_pin
        (created_at, updated_at, category, content, user_id, image, latitude, longitude, title) 
    values
        (?, ?, ?, ?, ?, ?, ?, ?, ?)
Hibernate: 
    select
        user0_.id as id1_10_,
        user0_.created_at as created_2_10_,
        user0_.updated_at as updated_3_10_,
        user0_.age as age4_10_,
        user0_.background_image as backgrou5_10_,
        user0_.email as email6_10_,
        user0_.gender as gender7_10_,
        user0_.hobby as hobby8_10_,
        user0_.introduce as introduc9_10_,
        user0_.job as job10_10_,
        user0_.name as name11_10_,
        user0_.nick_name as nick_na12_10_,
        user0_.phone_num as phone_n13_10_,
        user0_.profile_image as profile14_10_,
        user0_.res_red_number as res_red15_10_,
        user0_.score as score16_10_ 
    from
        user user0_
Hibernate: 
    select
        roles0_.user_id as user_id1_11_0_,
        roles0_.roles as roles2_11_0_ 
    from
        user_roles roles0_ 
    where
        roles0_.user_id=?
Hibernate: 
    select
        roles0_.user_id as user_id1_11_0_,
        roles0_.roles as roles2_11_0_ 
    from
        user_roles roles0_ 
    where
        roles0_.user_id=?
Hibernate: 
    select
        roles0_.user_id as user_id1_11_0_,
        roles0_.roles as roles2_11_0_ 
    from
        user_roles roles0_ 
    where
        roles0_.user_id=?
Hibernate: 
    select
        roles0_.user_id as user_id1_11_0_,
        roles0_.roles as roles2_11_0_ 
    from
        user_roles roles0_ 
    where
        roles0_.user_id=?
Hibernate: 
    select
        roles0_.user_id as user_id1_11_0_,
        roles0_.roles as roles2_11_0_ 
    from
        user_roles roles0_ 
    where
        roles0_.user_id=?
Hibernate: 
    insert 
    into
        story_pin
        (created_at, updated_at, category, content, user_id, image, latitude, longitude, title) 
    values
        (?, ?, ?, ?, ?, ?, ?, ?, ?)
Hibernate: 
    select
        user0_.id as id1_10_,
        user0_.created_at as created_2_10_,
        user0_.updated_at as updated_3_10_,
        user0_.age as age4_10_,
        user0_.background_image as backgrou5_10_,
        user0_.email as email6_10_,
        user0_.gender as gender7_10_,
        user0_.hobby as hobby8_10_,
        user0_.introduce as introduc9_10_,
        user0_.job as job10_10_,
        user0_.name as name11_10_,
        user0_.nick_name as nick_na12_10_,
        user0_.phone_num as phone_n13_10_,
        user0_.profile_image as profile14_10_,
        user0_.res_red_number as res_red15_10_,
        user0_.score as score16_10_ 
    from
        user user0_
Hibernate: 
    select
        roles0_.user_id as user_id1_11_0_,
        roles0_.roles as roles2_11_0_ 
    from
        user_roles roles0_ 
    where
        roles0_.user_id=?
Hibernate: 
    select
        roles0_.user_id as user_id1_11_0_,
        roles0_.roles as roles2_11_0_ 
    from
        user_roles roles0_ 
    where
        roles0_.user_id=?
Hibernate: 
    select
        roles0_.user_id as user_id1_11_0_,
        roles0_.roles as roles2_11_0_ 
    from
        user_roles roles0_ 
    where
        roles0_.user_id=?
Hibernate: 
    select
        roles0_.user_id as user_id1_11_0_,
        roles0_.roles as roles2_11_0_ 
    from
        user_roles roles0_ 
    where
        roles0_.user_id=?
Hibernate: 
    select
        roles0_.user_id as user_id1_11_0_,
        roles0_.roles as roles2_11_0_ 
    from
        user_roles roles0_ 
    where
        roles0_.user_id=?
Hibernate: 
    insert 
    into
        story_pin
        (created_at, updated_at, category, content, user_id, image, latitude, longitude, title) 
    values
        (?, ?, ?, ?, ?, ?, ?, ?, ?)
Hibernate: 
    select
        user0_.id as id1_10_,
        user0_.created_at as created_2_10_,
        user0_.updated_at as updated_3_10_,
        user0_.age as age4_10_,
        user0_.background_image as backgrou5_10_,
        user0_.email as email6_10_,
        user0_.gender as gender7_10_,
        user0_.hobby as hobby8_10_,
        user0_.introduce as introduc9_10_,
        user0_.job as job10_10_,
        user0_.name as name11_10_,
        user0_.nick_name as nick_na12_10_,
        user0_.phone_num as phone_n13_10_,
        user0_.profile_image as profile14_10_,
        user0_.res_red_number as res_red15_10_,
        user0_.score as score16_10_ 
    from
        user user0_
Hibernate: 
    select
        roles0_.user_id as user_id1_11_0_,
        roles0_.roles as roles2_11_0_ 
    from
        user_roles roles0_ 
    where
        roles0_.user_id=?
Hibernate: 
    select
        roles0_.user_id as user_id1_11_0_,
        roles0_.roles as roles2_11_0_ 
    from
        user_roles roles0_ 
    where
        roles0_.user_id=?
Hibernate: 
    select
        roles0_.user_id as user_id1_11_0_,
        roles0_.roles as roles2_11_0_ 
    from
        user_roles roles0_ 
    where
        roles0_.user_id=?
Hibernate: 
    select
        roles0_.user_id as user_id1_11_0_,
        roles0_.roles as roles2_11_0_ 
    from
        user_roles roles0_ 
    where
        roles0_.user_id=?
Hibernate: 
    select
        roles0_.user_id as user_id1_11_0_,
        roles0_.roles as roles2_11_0_ 
    from
        user_roles roles0_ 
    where
        roles0_.user_id=?
Hibernate: 
    insert 
    into
        story_pin
        (created_at, updated_at, category, content, user_id, image, latitude, longitude, title) 
    values
        (?, ?, ?, ?, ?, ?, ?, ?, ?)
Hibernate: 
    select
        user0_.id as id1_10_,
        user0_.created_at as created_2_10_,
        user0_.updated_at as updated_3_10_,
        user0_.age as age4_10_,
        user0_.background_image as backgrou5_10_,
        user0_.email as email6_10_,
        user0_.gender as gender7_10_,
        user0_.hobby as hobby8_10_,
        user0_.introduce as introduc9_10_,
        user0_.job as job10_10_,
        user0_.name as name11_10_,
        user0_.nick_name as nick_na12_10_,
        user0_.phone_num as phone_n13_10_,
        user0_.profile_image as profile14_10_,
        user0_.res_red_number as res_red15_10_,
        user0_.score as score16_10_ 
    from
        user user0_
Hibernate: 
    select
        roles0_.user_id as user_id1_11_0_,
        roles0_.roles as roles2_11_0_ 
    from
        user_roles roles0_ 
    where
        roles0_.user_id=?
Hibernate: 
    select
        roles0_.user_id as user_id1_11_0_,
        roles0_.roles as roles2_11_0_ 
    from
        user_roles roles0_ 
    where
        roles0_.user_id=?
Hibernate: 
    select
        roles0_.user_id as user_id1_11_0_,
        roles0_.roles as roles2_11_0_ 
    from
        user_roles roles0_ 
    where
        roles0_.user_id=?
Hibernate: 
    select
        roles0_.user_id as user_id1_11_0_,
        roles0_.roles as roles2_11_0_ 
    from
        user_roles roles0_ 
    where
        roles0_.user_id=?
Hibernate: 
    select
        roles0_.user_id as user_id1_11_0_,
        roles0_.roles as roles2_11_0_ 
    from
        user_roles roles0_ 
    where
        roles0_.user_id=?
Hibernate: 
    insert 
    into
        story_pin
        (created_at, updated_at, category, content, user_id, image, latitude, longitude, title) 
    values
        (?, ?, ?, ?, ?, ?, ?, ?, ?)
Hibernate: 
    select
        user0_.id as id1_10_,
        user0_.created_at as created_2_10_,
        user0_.updated_at as updated_3_10_,
        user0_.age as age4_10_,
        user0_.background_image as backgrou5_10_,
        user0_.email as email6_10_,
        user0_.gender as gender7_10_,
        user0_.hobby as hobby8_10_,
        user0_.introduce as introduc9_10_,
        user0_.job as job10_10_,
        user0_.name as name11_10_,
        user0_.nick_name as nick_na12_10_,
        user0_.phone_num as phone_n13_10_,
        user0_.profile_image as profile14_10_,
        user0_.res_red_number as res_red15_10_,
        user0_.score as score16_10_ 
    from
        user user0_
Hibernate: 
    select
        roles0_.user_id as user_id1_11_0_,
        roles0_.roles as roles2_11_0_ 
    from
        user_roles roles0_ 
    where
        roles0_.user_id=?
Hibernate: 
    select
        roles0_.user_id as user_id1_11_0_,
        roles0_.roles as roles2_11_0_ 
    from
        user_roles roles0_ 
    where
        roles0_.user_id=?
Hibernate: 
    select
        roles0_.user_id as user_id1_11_0_,
        roles0_.roles as roles2_11_0_ 
    from
        user_roles roles0_ 
    where
        roles0_.user_id=?
Hibernate: 
    select
        roles0_.user_id as user_id1_11_0_,
        roles0_.roles as roles2_11_0_ 
    from
        user_roles roles0_ 
    where
        roles0_.user_id=?
Hibernate: 
    select
        roles0_.user_id as user_id1_11_0_,
        roles0_.roles as roles2_11_0_ 
    from
        user_roles roles0_ 
    where
        roles0_.user_id=?
Hibernate: 
    insert 
    into
        story_pin
        (created_at, updated_at, category, content, user_id, image, latitude, longitude, title) 
    values
        (?, ?, ?, ?, ?, ?, ?, ?, ?)
Hibernate: 
    select
        user0_.id as id1_10_,
        user0_.created_at as created_2_10_,
        user0_.updated_at as updated_3_10_,
        user0_.age as age4_10_,
        user0_.background_image as backgrou5_10_,
        user0_.email as email6_10_,
        user0_.gender as gender7_10_,
        user0_.hobby as hobby8_10_,
        user0_.introduce as introduc9_10_,
        user0_.job as job10_10_,
        user0_.name as name11_10_,
        user0_.nick_name as nick_na12_10_,
        user0_.phone_num as phone_n13_10_,
        user0_.profile_image as profile14_10_,
        user0_.res_red_number as res_red15_10_,
        user0_.score as score16_10_ 
    from
        user user0_
Hibernate: 
    select
        roles0_.user_id as user_id1_11_0_,
        roles0_.roles as roles2_11_0_ 
    from
        user_roles roles0_ 
    where
        roles0_.user_id=?
Hibernate: 
    select
        roles0_.user_id as user_id1_11_0_,
        roles0_.roles as roles2_11_0_ 
    from
        user_roles roles0_ 
    where
        roles0_.user_id=?
Hibernate: 
    select
        roles0_.user_id as user_id1_11_0_,
        roles0_.roles as roles2_11_0_ 
    from
        user_roles roles0_ 
    where
        roles0_.user_id=?
Hibernate: 
    select
        roles0_.user_id as user_id1_11_0_,
        roles0_.roles as roles2_11_0_ 
    from
        user_roles roles0_ 
    where
        roles0_.user_id=?
Hibernate: 
    select
        roles0_.user_id as user_id1_11_0_,
        roles0_.roles as roles2_11_0_ 
    from
        user_roles roles0_ 
    where
        roles0_.user_id=?
Hibernate: 
    insert 
    into
        story_pin
        (created_at, updated_at, category, content, user_id, image, latitude, longitude, title) 
    values
        (?, ?, ?, ?, ?, ?, ?, ?, ?)
Hibernate: 
    select
        user0_.id as id1_10_,
        user0_.created_at as created_2_10_,
        user0_.updated_at as updated_3_10_,
        user0_.age as age4_10_,
        user0_.background_image as backgrou5_10_,
        user0_.email as email6_10_,
        user0_.gender as gender7_10_,
        user0_.hobby as hobby8_10_,
        user0_.introduce as introduc9_10_,
        user0_.job as job10_10_,
        user0_.name as name11_10_,
        user0_.nick_name as nick_na12_10_,
        user0_.phone_num as phone_n13_10_,
        user0_.profile_image as profile14_10_,
        user0_.res_red_number as res_red15_10_,
        user0_.score as score16_10_ 
    from
        user user0_
Hibernate: 
    select
        roles0_.user_id as user_id1_11_0_,
        roles0_.roles as roles2_11_0_ 
    from
        user_roles roles0_ 
    where
        roles0_.user_id=?
Hibernate: 
    select
        roles0_.user_id as user_id1_11_0_,
        roles0_.roles as roles2_11_0_ 
    from
        user_roles roles0_ 
    where
        roles0_.user_id=?
Hibernate: 
    select
        roles0_.user_id as user_id1_11_0_,
        roles0_.roles as roles2_11_0_ 
    from
        user_roles roles0_ 
    where
        roles0_.user_id=?
Hibernate: 
    select
        roles0_.user_id as user_id1_11_0_,
        roles0_.roles as roles2_11_0_ 
    from
        user_roles roles0_ 
    where
        roles0_.user_id=?
Hibernate: 
    select
        roles0_.user_id as user_id1_11_0_,
        roles0_.roles as roles2_11_0_ 
    from
        user_roles roles0_ 
    where
        roles0_.user_id=?
Hibernate: 
    insert 
    into
        story_pin
        (created_at, updated_at, category, content, user_id, image, latitude, longitude, title) 
    values
        (?, ?, ?, ?, ?, ?, ?, ?, ?)
Hibernate: 
    select
        user0_.id as id1_10_,
        user0_.created_at as created_2_10_,
        user0_.updated_at as updated_3_10_,
        user0_.age as age4_10_,
        user0_.background_image as backgrou5_10_,
        user0_.email as email6_10_,
        user0_.gender as gender7_10_,
        user0_.hobby as hobby8_10_,
        user0_.introduce as introduc9_10_,
        user0_.job as job10_10_,
        user0_.name as name11_10_,
        user0_.nick_name as nick_na12_10_,
        user0_.phone_num as phone_n13_10_,
        user0_.profile_image as profile14_10_,
        user0_.res_red_number as res_red15_10_,
        user0_.score as score16_10_ 
    from
        user user0_
Hibernate: 
    select
        roles0_.user_id as user_id1_11_0_,
        roles0_.roles as roles2_11_0_ 
    from
        user_roles roles0_ 
    where
        roles0_.user_id=?
Hibernate: 
    select
        roles0_.user_id as user_id1_11_0_,
        roles0_.roles as roles2_11_0_ 
    from
        user_roles roles0_ 
    where
        roles0_.user_id=?
Hibernate: 
    select
        roles0_.user_id as user_id1_11_0_,
        roles0_.roles as roles2_11_0_ 
    from
        user_roles roles0_ 
    where
        roles0_.user_id=?
Hibernate: 
    select
        roles0_.user_id as user_id1_11_0_,
        roles0_.roles as roles2_11_0_ 
    from
        user_roles roles0_ 
    where
        roles0_.user_id=?
Hibernate: 
    select
        roles0_.user_id as user_id1_11_0_,
        roles0_.roles as roles2_11_0_ 
    from
        user_roles roles0_ 
    where
        roles0_.user_id=?
Hibernate: 
    insert 
    into
        story_pin
        (created_at, updated_at, category, content, user_id, image, latitude, longitude, title) 
    values
        (?, ?, ?, ?, ?, ?, ?, ?, ?)
Hibernate: 
    select
        user0_.id as id1_10_,
        user0_.created_at as created_2_10_,
        user0_.updated_at as updated_3_10_,
        user0_.age as age4_10_,
        user0_.background_image as backgrou5_10_,
        user0_.email as email6_10_,
        user0_.gender as gender7_10_,
        user0_.hobby as hobby8_10_,
        user0_.introduce as introduc9_10_,
        user0_.job as job10_10_,
        user0_.name as name11_10_,
        user0_.nick_name as nick_na12_10_,
        user0_.phone_num as phone_n13_10_,
        user0_.profile_image as profile14_10_,
        user0_.res_red_number as res_red15_10_,
        user0_.score as score16_10_ 
    from
        user user0_
Hibernate: 
    select
        roles0_.user_id as user_id1_11_0_,
        roles0_.roles as roles2_11_0_ 
    from
        user_roles roles0_ 
    where
        roles0_.user_id=?
Hibernate: 
    select
        roles0_.user_id as user_id1_11_0_,
        roles0_.roles as roles2_11_0_ 
    from
        user_roles roles0_ 
    where
        roles0_.user_id=?
Hibernate: 
    select
        roles0_.user_id as user_id1_11_0_,
        roles0_.roles as roles2_11_0_ 
    from
        user_roles roles0_ 
    where
        roles0_.user_id=?
Hibernate: 
    select
        roles0_.user_id as user_id1_11_0_,
        roles0_.roles as roles2_11_0_ 
    from
        user_roles roles0_ 
    where
        roles0_.user_id=?
Hibernate: 
    select
        roles0_.user_id as user_id1_11_0_,
        roles0_.roles as roles2_11_0_ 
    from
        user_roles roles0_ 
    where
        roles0_.user_id=?
Hibernate: 
    insert 
    into
        story_pin
        (created_at, updated_at, category, content, user_id, image, latitude, longitude, title) 
    values
        (?, ?, ?, ?, ?, ?, ?, ?, ?)
Hibernate: 
    select
        user0_.id as id1_10_,
        user0_.created_at as created_2_10_,
        user0_.updated_at as updated_3_10_,
        user0_.age as age4_10_,
        user0_.background_image as backgrou5_10_,
        user0_.email as email6_10_,
        user0_.gender as gender7_10_,
        user0_.hobby as hobby8_10_,
        user0_.introduce as introduc9_10_,
        user0_.job as job10_10_,
        user0_.name as name11_10_,
        user0_.nick_name as nick_na12_10_,
        user0_.phone_num as phone_n13_10_,
        user0_.profile_image as profile14_10_,
        user0_.res_red_number as res_red15_10_,
        user0_.score as score16_10_ 
    from
        user user0_
Hibernate: 
    select
        roles0_.user_id as user_id1_11_0_,
        roles0_.roles as roles2_11_0_ 
    from
        user_roles roles0_ 
    where
        roles0_.user_id=?
Hibernate: 
    select
        roles0_.user_id as user_id1_11_0_,
        roles0_.roles as roles2_11_0_ 
    from
        user_roles roles0_ 
    where
        roles0_.user_id=?
Hibernate: 
    select
        roles0_.user_id as user_id1_11_0_,
        roles0_.roles as roles2_11_0_ 
    from
        user_roles roles0_ 
    where
        roles0_.user_id=?
Hibernate: 
    select
        roles0_.user_id as user_id1_11_0_,
        roles0_.roles as roles2_11_0_ 
    from
        user_roles roles0_ 
    where
        roles0_.user_id=?
Hibernate: 
    select
        roles0_.user_id as user_id1_11_0_,
        roles0_.roles as roles2_11_0_ 
    from
        user_roles roles0_ 
    where
        roles0_.user_id=?
Hibernate: 
    insert 
    into
        story_pin
        (created_at, updated_at, category, content, user_id, image, latitude, longitude, title) 
    values
        (?, ?, ?, ?, ?, ?, ?, ?, ?)
Hibernate: 
    select
        user0_.id as id1_10_,
        user0_.created_at as created_2_10_,
        user0_.updated_at as updated_3_10_,
        user0_.age as age4_10_,
        user0_.background_image as backgrou5_10_,
        user0_.email as email6_10_,
        user0_.gender as gender7_10_,
        user0_.hobby as hobby8_10_,
        user0_.introduce as introduc9_10_,
        user0_.job as job10_10_,
        user0_.name as name11_10_,
        user0_.nick_name as nick_na12_10_,
        user0_.phone_num as phone_n13_10_,
        user0_.profile_image as profile14_10_,
        user0_.res_red_number as res_red15_10_,
        user0_.score as score16_10_ 
    from
        user user0_
Hibernate: 
    select
        roles0_.user_id as user_id1_11_0_,
        roles0_.roles as roles2_11_0_ 
    from
        user_roles roles0_ 
    where
        roles0_.user_id=?
Hibernate: 
    select
        roles0_.user_id as user_id1_11_0_,
        roles0_.roles as roles2_11_0_ 
    from
        user_roles roles0_ 
    where
        roles0_.user_id=?
Hibernate: 
    select
        roles0_.user_id as user_id1_11_0_,
        roles0_.roles as roles2_11_0_ 
    from
        user_roles roles0_ 
    where
        roles0_.user_id=?
Hibernate: 
    select
        roles0_.user_id as user_id1_11_0_,
        roles0_.roles as roles2_11_0_ 
    from
        user_roles roles0_ 
    where
        roles0_.user_id=?
Hibernate: 
    select
        roles0_.user_id as user_id1_11_0_,
        roles0_.roles as roles2_11_0_ 
    from
        user_roles roles0_ 
    where
        roles0_.user_id=?
Hibernate: 
    insert 
    into
        story_pin
        (created_at, updated_at, category, content, user_id, image, latitude, longitude, title) 
    values
        (?, ?, ?, ?, ?, ?, ?, ?, ?)
Hibernate: 
    select
        user0_.id as id1_10_,
        user0_.created_at as created_2_10_,
        user0_.updated_at as updated_3_10_,
        user0_.age as age4_10_,
        user0_.background_image as backgrou5_10_,
        user0_.email as email6_10_,
        user0_.gender as gender7_10_,
        user0_.hobby as hobby8_10_,
        user0_.introduce as introduc9_10_,
        user0_.job as job10_10_,
        user0_.name as name11_10_,
        user0_.nick_name as nick_na12_10_,
        user0_.phone_num as phone_n13_10_,
        user0_.profile_image as profile14_10_,
        user0_.res_red_number as res_red15_10_,
        user0_.score as score16_10_ 
    from
        user user0_
Hibernate: 
    select
        roles0_.user_id as user_id1_11_0_,
        roles0_.roles as roles2_11_0_ 
    from
        user_roles roles0_ 
    where
        roles0_.user_id=?
Hibernate: 
    select
        roles0_.user_id as user_id1_11_0_,
        roles0_.roles as roles2_11_0_ 
    from
        user_roles roles0_ 
    where
        roles0_.user_id=?
Hibernate: 
    select
        roles0_.user_id as user_id1_11_0_,
        roles0_.roles as roles2_11_0_ 
    from
        user_roles roles0_ 
    where
        roles0_.user_id=?
Hibernate: 
    select
        roles0_.user_id as user_id1_11_0_,
        roles0_.roles as roles2_11_0_ 
    from
        user_roles roles0_ 
    where
        roles0_.user_id=?
Hibernate: 
    select
        roles0_.user_id as user_id1_11_0_,
        roles0_.roles as roles2_11_0_ 
    from
        user_roles roles0_ 
    where
        roles0_.user_id=?
Hibernate: 
    insert 
    into
        story_pin
        (created_at, updated_at, category, content, user_id, image, latitude, longitude, title) 
    values
        (?, ?, ?, ?, ?, ?, ?, ?, ?)
Hibernate: 
    select
        user0_.id as id1_10_,
        user0_.created_at as created_2_10_,
        user0_.updated_at as updated_3_10_,
        user0_.age as age4_10_,
        user0_.background_image as backgrou5_10_,
        user0_.email as email6_10_,
        user0_.gender as gender7_10_,
        user0_.hobby as hobby8_10_,
        user0_.introduce as introduc9_10_,
        user0_.job as job10_10_,
        user0_.name as name11_10_,
        user0_.nick_name as nick_na12_10_,
        user0_.phone_num as phone_n13_10_,
        user0_.profile_image as profile14_10_,
        user0_.res_red_number as res_red15_10_,
        user0_.score as score16_10_ 
    from
        user user0_
Hibernate: 
    select
        roles0_.user_id as user_id1_11_0_,
        roles0_.roles as roles2_11_0_ 
    from
        user_roles roles0_ 
    where
        roles0_.user_id=?
Hibernate: 
    select
        roles0_.user_id as user_id1_11_0_,
        roles0_.roles as roles2_11_0_ 
    from
        user_roles roles0_ 
    where
        roles0_.user_id=?
Hibernate: 
    select
        roles0_.user_id as user_id1_11_0_,
        roles0_.roles as roles2_11_0_ 
    from
        user_roles roles0_ 
    where
        roles0_.user_id=?
Hibernate: 
    select
        roles0_.user_id as user_id1_11_0_,
        roles0_.roles as roles2_11_0_ 
    from
        user_roles roles0_ 
    where
        roles0_.user_id=?
Hibernate: 
    select
        roles0_.user_id as user_id1_11_0_,
        roles0_.roles as roles2_11_0_ 
    from
        user_roles roles0_ 
    where
        roles0_.user_id=?
Hibernate: 
    insert 
    into
        story_pin
        (created_at, updated_at, category, content, user_id, image, latitude, longitude, title) 
    values
        (?, ?, ?, ?, ?, ?, ?, ?, ?)
Hibernate: 
    select
        user0_.id as id1_10_,
        user0_.created_at as created_2_10_,
        user0_.updated_at as updated_3_10_,
        user0_.age as age4_10_,
        user0_.background_image as backgrou5_10_,
        user0_.email as email6_10_,
        user0_.gender as gender7_10_,
        user0_.hobby as hobby8_10_,
        user0_.introduce as introduc9_10_,
        user0_.job as job10_10_,
        user0_.name as name11_10_,
        user0_.nick_name as nick_na12_10_,
        user0_.phone_num as phone_n13_10_,
        user0_.profile_image as profile14_10_,
        user0_.res_red_number as res_red15_10_,
        user0_.score as score16_10_ 
    from
        user user0_
Hibernate: 
    select
        roles0_.user_id as user_id1_11_0_,
        roles0_.roles as roles2_11_0_ 
    from
        user_roles roles0_ 
    where
        roles0_.user_id=?
Hibernate: 
    select
        roles0_.user_id as user_id1_11_0_,
        roles0_.roles as roles2_11_0_ 
    from
        user_roles roles0_ 
    where
        roles0_.user_id=?
Hibernate: 
    select
        roles0_.user_id as user_id1_11_0_,
        roles0_.roles as roles2_11_0_ 
    from
        user_roles roles0_ 
    where
        roles0_.user_id=?
Hibernate: 
    select
        roles0_.user_id as user_id1_11_0_,
        roles0_.roles as roles2_11_0_ 
    from
        user_roles roles0_ 
    where
        roles0_.user_id=?
Hibernate: 
    select
        roles0_.user_id as user_id1_11_0_,
        roles0_.roles as roles2_11_0_ 
    from
        user_roles roles0_ 
    where
        roles0_.user_id=?
Hibernate: 
    insert 
    into
        story_pin
        (created_at, updated_at, category, content, user_id, image, latitude, longitude, title) 
    values
        (?, ?, ?, ?, ?, ?, ?, ?, ?)
Hibernate: 
    select
        user0_.id as id1_10_,
        user0_.created_at as created_2_10_,
        user0_.updated_at as updated_3_10_,
        user0_.age as age4_10_,
        user0_.background_image as backgrou5_10_,
        user0_.email as email6_10_,
        user0_.gender as gender7_10_,
        user0_.hobby as hobby8_10_,
        user0_.introduce as introduc9_10_,
        user0_.job as job10_10_,
        user0_.name as name11_10_,
        user0_.nick_name as nick_na12_10_,
        user0_.phone_num as phone_n13_10_,
        user0_.profile_image as profile14_10_,
        user0_.res_red_number as res_red15_10_,
        user0_.score as score16_10_ 
    from
        user user0_
Hibernate: 
    select
        roles0_.user_id as user_id1_11_0_,
        roles0_.roles as roles2_11_0_ 
    from
        user_roles roles0_ 
    where
        roles0_.user_id=?
Hibernate: 
    select
        roles0_.user_id as user_id1_11_0_,
        roles0_.roles as roles2_11_0_ 
    from
        user_roles roles0_ 
    where
        roles0_.user_id=?
Hibernate: 
    select
        roles0_.user_id as user_id1_11_0_,
        roles0_.roles as roles2_11_0_ 
    from
        user_roles roles0_ 
    where
        roles0_.user_id=?
Hibernate: 
    select
        roles0_.user_id as user_id1_11_0_,
        roles0_.roles as roles2_11_0_ 
    from
        user_roles roles0_ 
    where
        roles0_.user_id=?
Hibernate: 
    select
        roles0_.user_id as user_id1_11_0_,
        roles0_.roles as roles2_11_0_ 
    from
        user_roles roles0_ 
    where
        roles0_.user_id=?
Hibernate: 
    insert 
    into
        story_pin
        (created_at, updated_at, category, content, user_id, image, latitude, longitude, title) 
    values
        (?, ?, ?, ?, ?, ?, ?, ?, ?)
Hibernate: 
    select
        user0_.id as id1_10_,
        user0_.created_at as created_2_10_,
        user0_.updated_at as updated_3_10_,
        user0_.age as age4_10_,
        user0_.background_image as backgrou5_10_,
        user0_.email as email6_10_,
        user0_.gender as gender7_10_,
        user0_.hobby as hobby8_10_,
        user0_.introduce as introduc9_10_,
        user0_.job as job10_10_,
        user0_.name as name11_10_,
        user0_.nick_name as nick_na12_10_,
        user0_.phone_num as phone_n13_10_,
        user0_.profile_image as profile14_10_,
        user0_.res_red_number as res_red15_10_,
        user0_.score as score16_10_ 
    from
        user user0_
Hibernate: 
    select
        roles0_.user_id as user_id1_11_0_,
        roles0_.roles as roles2_11_0_ 
    from
        user_roles roles0_ 
    where
        roles0_.user_id=?
Hibernate: 
    select
        roles0_.user_id as user_id1_11_0_,
        roles0_.roles as roles2_11_0_ 
    from
        user_roles roles0_ 
    where
        roles0_.user_id=?
Hibernate: 
    select
        roles0_.user_id as user_id1_11_0_,
        roles0_.roles as roles2_11_0_ 
    from
        user_roles roles0_ 
    where
        roles0_.user_id=?
Hibernate: 
    select
        roles0_.user_id as user_id1_11_0_,
        roles0_.roles as roles2_11_0_ 
    from
        user_roles roles0_ 
    where
        roles0_.user_id=?
Hibernate: 
    select
        roles0_.user_id as user_id1_11_0_,
        roles0_.roles as roles2_11_0_ 
    from
        user_roles roles0_ 
    where
        roles0_.user_id=?
Hibernate: 
    insert 
    into
        story_pin
        (created_at, updated_at, category, content, user_id, image, latitude, longitude, title) 
    values
        (?, ?, ?, ?, ?, ?, ?, ?, ?)
Hibernate: 
    select
        user0_.id as id1_10_,
        user0_.created_at as created_2_10_,
        user0_.updated_at as updated_3_10_,
        user0_.age as age4_10_,
        user0_.background_image as backgrou5_10_,
        user0_.email as email6_10_,
        user0_.gender as gender7_10_,
        user0_.hobby as hobby8_10_,
        user0_.introduce as introduc9_10_,
        user0_.job as job10_10_,
        user0_.name as name11_10_,
        user0_.nick_name as nick_na12_10_,
        user0_.phone_num as phone_n13_10_,
        user0_.profile_image as profile14_10_,
        user0_.res_red_number as res_red15_10_,
        user0_.score as score16_10_ 
    from
        user user0_
Hibernate: 
    select
        roles0_.user_id as user_id1_11_0_,
        roles0_.roles as roles2_11_0_ 
    from
        user_roles roles0_ 
    where
        roles0_.user_id=?
Hibernate: 
    select
        roles0_.user_id as user_id1_11_0_,
        roles0_.roles as roles2_11_0_ 
    from
        user_roles roles0_ 
    where
        roles0_.user_id=?
Hibernate: 
    select
        roles0_.user_id as user_id1_11_0_,
        roles0_.roles as roles2_11_0_ 
    from
        user_roles roles0_ 
    where
        roles0_.user_id=?
Hibernate: 
    select
        roles0_.user_id as user_id1_11_0_,
        roles0_.roles as roles2_11_0_ 
    from
        user_roles roles0_ 
    where
        roles0_.user_id=?
Hibernate: 
    select
        roles0_.user_id as user_id1_11_0_,
        roles0_.roles as roles2_11_0_ 
    from
        user_roles roles0_ 
    where
        roles0_.user_id=?
Hibernate: 
    insert 
    into
        story_pin
        (created_at, updated_at, category, content, user_id, image, latitude, longitude, title) 
    values
        (?, ?, ?, ?, ?, ?, ?, ?, ?)
Hibernate: 
    select
        user0_.id as id1_10_,
        user0_.created_at as created_2_10_,
        user0_.updated_at as updated_3_10_,
        user0_.age as age4_10_,
        user0_.background_image as backgrou5_10_,
        user0_.email as email6_10_,
        user0_.gender as gender7_10_,
        user0_.hobby as hobby8_10_,
        user0_.introduce as introduc9_10_,
        user0_.job as job10_10_,
        user0_.name as name11_10_,
        user0_.nick_name as nick_na12_10_,
        user0_.phone_num as phone_n13_10_,
        user0_.profile_image as profile14_10_,
        user0_.res_red_number as res_red15_10_,
        user0_.score as score16_10_ 
    from
        user user0_
Hibernate: 
    select
        roles0_.user_id as user_id1_11_0_,
        roles0_.roles as roles2_11_0_ 
    from
        user_roles roles0_ 
    where
        roles0_.user_id=?
Hibernate: 
    select
        roles0_.user_id as user_id1_11_0_,
        roles0_.roles as roles2_11_0_ 
    from
        user_roles roles0_ 
    where
        roles0_.user_id=?
Hibernate: 
    select
        roles0_.user_id as user_id1_11_0_,
        roles0_.roles as roles2_11_0_ 
    from
        user_roles roles0_ 
    where
        roles0_.user_id=?
Hibernate: 
    select
        roles0_.user_id as user_id1_11_0_,
        roles0_.roles as roles2_11_0_ 
    from
        user_roles roles0_ 
    where
        roles0_.user_id=?
Hibernate: 
    select
        roles0_.user_id as user_id1_11_0_,
        roles0_.roles as roles2_11_0_ 
    from
        user_roles roles0_ 
    where
        roles0_.user_id=?
Hibernate: 
    insert 
    into
        story_pin
        (created_at, updated_at, category, content, user_id, image, latitude, longitude, title) 
    values
        (?, ?, ?, ?, ?, ?, ?, ?, ?)
Hibernate: 
    select
        user0_.id as id1_10_,
        user0_.created_at as created_2_10_,
        user0_.updated_at as updated_3_10_,
        user0_.age as age4_10_,
        user0_.background_image as backgrou5_10_,
        user0_.email as email6_10_,
        user0_.gender as gender7_10_,
        user0_.hobby as hobby8_10_,
        user0_.introduce as introduc9_10_,
        user0_.job as job10_10_,
        user0_.name as name11_10_,
        user0_.nick_name as nick_na12_10_,
        user0_.phone_num as phone_n13_10_,
        user0_.profile_image as profile14_10_,
        user0_.res_red_number as res_red15_10_,
        user0_.score as score16_10_ 
    from
        user user0_
Hibernate: 
    select
        roles0_.user_id as user_id1_11_0_,
        roles0_.roles as roles2_11_0_ 
    from
        user_roles roles0_ 
    where
        roles0_.user_id=?
Hibernate: 
    select
        roles0_.user_id as user_id1_11_0_,
        roles0_.roles as roles2_11_0_ 
    from
        user_roles roles0_ 
    where
        roles0_.user_id=?
Hibernate: 
    select
        roles0_.user_id as user_id1_11_0_,
        roles0_.roles as roles2_11_0_ 
    from
        user_roles roles0_ 
    where
        roles0_.user_id=?
Hibernate: 
    select
        roles0_.user_id as user_id1_11_0_,
        roles0_.roles as roles2_11_0_ 
    from
        user_roles roles0_ 
    where
        roles0_.user_id=?
Hibernate: 
    select
        roles0_.user_id as user_id1_11_0_,
        roles0_.roles as roles2_11_0_ 
    from
        user_roles roles0_ 
    where
        roles0_.user_id=?
Hibernate: 
    insert 
    into
        story_pin
        (created_at, updated_at, category, content, user_id, image, latitude, longitude, title) 
    values
        (?, ?, ?, ?, ?, ?, ?, ?, ?)
Hibernate: 
    select
        user0_.id as id1_10_,
        user0_.created_at as created_2_10_,
        user0_.updated_at as updated_3_10_,
        user0_.age as age4_10_,
        user0_.background_image as backgrou5_10_,
        user0_.email as email6_10_,
        user0_.gender as gender7_10_,
        user0_.hobby as hobby8_10_,
        user0_.introduce as introduc9_10_,
        user0_.job as job10_10_,
        user0_.name as name11_10_,
        user0_.nick_name as nick_na12_10_,
        user0_.phone_num as phone_n13_10_,
        user0_.profile_image as profile14_10_,
        user0_.res_red_number as res_red15_10_,
        user0_.score as score16_10_ 
    from
        user user0_
Hibernate: 
    select
        roles0_.user_id as user_id1_11_0_,
        roles0_.roles as roles2_11_0_ 
    from
        user_roles roles0_ 
    where
        roles0_.user_id=?
Hibernate: 
    select
        roles0_.user_id as user_id1_11_0_,
        roles0_.roles as roles2_11_0_ 
    from
        user_roles roles0_ 
    where
        roles0_.user_id=?
Hibernate: 
    select
        roles0_.user_id as user_id1_11_0_,
        roles0_.roles as roles2_11_0_ 
    from
        user_roles roles0_ 
    where
        roles0_.user_id=?
Hibernate: 
    select
        roles0_.user_id as user_id1_11_0_,
        roles0_.roles as roles2_11_0_ 
    from
        user_roles roles0_ 
    where
        roles0_.user_id=?
Hibernate: 
    select
        roles0_.user_id as user_id1_11_0_,
        roles0_.roles as roles2_11_0_ 
    from
        user_roles roles0_ 
    where
        roles0_.user_id=?
Hibernate: 
    insert 
    into
        story_pin
        (created_at, updated_at, category, content, user_id, image, latitude, longitude, title) 
    values
        (?, ?, ?, ?, ?, ?, ?, ?, ?)
Hibernate: 
    select
        user0_.id as id1_10_,
        user0_.created_at as created_2_10_,
        user0_.updated_at as updated_3_10_,
        user0_.age as age4_10_,
        user0_.background_image as backgrou5_10_,
        user0_.email as email6_10_,
        user0_.gender as gender7_10_,
        user0_.hobby as hobby8_10_,
        user0_.introduce as introduc9_10_,
        user0_.job as job10_10_,
        user0_.name as name11_10_,
        user0_.nick_name as nick_na12_10_,
        user0_.phone_num as phone_n13_10_,
        user0_.profile_image as profile14_10_,
        user0_.res_red_number as res_red15_10_,
        user0_.score as score16_10_ 
    from
        user user0_
Hibernate: 
    select
        roles0_.user_id as user_id1_11_0_,
        roles0_.roles as roles2_11_0_ 
    from
        user_roles roles0_ 
    where
        roles0_.user_id=?
Hibernate: 
    select
        roles0_.user_id as user_id1_11_0_,
        roles0_.roles as roles2_11_0_ 
    from
        user_roles roles0_ 
    where
        roles0_.user_id=?
Hibernate: 
    select
        roles0_.user_id as user_id1_11_0_,
        roles0_.roles as roles2_11_0_ 
    from
        user_roles roles0_ 
    where
        roles0_.user_id=?
Hibernate: 
    select
        roles0_.user_id as user_id1_11_0_,
        roles0_.roles as roles2_11_0_ 
    from
        user_roles roles0_ 
    where
        roles0_.user_id=?
Hibernate: 
    select
        roles0_.user_id as user_id1_11_0_,
        roles0_.roles as roles2_11_0_ 
    from
        user_roles roles0_ 
    where
        roles0_.user_id=?
Hibernate: 
    insert 
    into
        story_pin
        (created_at, updated_at, category, content, user_id, image, latitude, longitude, title) 
    values
        (?, ?, ?, ?, ?, ?, ?, ?, ?)
Hibernate: 
    select
        user0_.id as id1_10_,
        user0_.created_at as created_2_10_,
        user0_.updated_at as updated_3_10_,
        user0_.age as age4_10_,
        user0_.background_image as backgrou5_10_,
        user0_.email as email6_10_,
        user0_.gender as gender7_10_,
        user0_.hobby as hobby8_10_,
        user0_.introduce as introduc9_10_,
        user0_.job as job10_10_,
        user0_.name as name11_10_,
        user0_.nick_name as nick_na12_10_,
        user0_.phone_num as phone_n13_10_,
        user0_.profile_image as profile14_10_,
        user0_.res_red_number as res_red15_10_,
        user0_.score as score16_10_ 
    from
        user user0_
Hibernate: 
    select
        roles0_.user_id as user_id1_11_0_,
        roles0_.roles as roles2_11_0_ 
    from
        user_roles roles0_ 
    where
        roles0_.user_id=?
Hibernate: 
    select
        roles0_.user_id as user_id1_11_0_,
        roles0_.roles as roles2_11_0_ 
    from
        user_roles roles0_ 
    where
        roles0_.user_id=?
Hibernate: 
    select
        roles0_.user_id as user_id1_11_0_,
        roles0_.roles as roles2_11_0_ 
    from
        user_roles roles0_ 
    where
        roles0_.user_id=?
Hibernate: 
    select
        roles0_.user_id as user_id1_11_0_,
        roles0_.roles as roles2_11_0_ 
    from
        user_roles roles0_ 
    where
        roles0_.user_id=?
Hibernate: 
    select
        roles0_.user_id as user_id1_11_0_,
        roles0_.roles as roles2_11_0_ 
    from
        user_roles roles0_ 
    where
        roles0_.user_id=?
Hibernate: 
    insert 
    into
        story_pin
        (created_at, updated_at, category, content, user_id, image, latitude, longitude, title) 
    values
        (?, ?, ?, ?, ?, ?, ?, ?, ?)
Hibernate: 
    select
        user0_.id as id1_10_,
        user0_.created_at as created_2_10_,
        user0_.updated_at as updated_3_10_,
        user0_.age as age4_10_,
        user0_.background_image as backgrou5_10_,
        user0_.email as email6_10_,
        user0_.gender as gender7_10_,
        user0_.hobby as hobby8_10_,
        user0_.introduce as introduc9_10_,
        user0_.job as job10_10_,
        user0_.name as name11_10_,
        user0_.nick_name as nick_na12_10_,
        user0_.phone_num as phone_n13_10_,
        user0_.profile_image as profile14_10_,
        user0_.res_red_number as res_red15_10_,
        user0_.score as score16_10_ 
    from
        user user0_
Hibernate: 
    select
        roles0_.user_id as user_id1_11_0_,
        roles0_.roles as roles2_11_0_ 
    from
        user_roles roles0_ 
    where
        roles0_.user_id=?
Hibernate: 
    select
        roles0_.user_id as user_id1_11_0_,
        roles0_.roles as roles2_11_0_ 
    from
        user_roles roles0_ 
    where
        roles0_.user_id=?
Hibernate: 
    select
        roles0_.user_id as user_id1_11_0_,
        roles0_.roles as roles2_11_0_ 
    from
        user_roles roles0_ 
    where
        roles0_.user_id=?
Hibernate: 
    select
        roles0_.user_id as user_id1_11_0_,
        roles0_.roles as roles2_11_0_ 
    from
        user_roles roles0_ 
    where
        roles0_.user_id=?
Hibernate: 
    select
        roles0_.user_id as user_id1_11_0_,
        roles0_.roles as roles2_11_0_ 
    from
        user_roles roles0_ 
    where
        roles0_.user_id=?
Hibernate: 
    insert 
    into
        story_pin
        (created_at, updated_at, category, content, user_id, image, latitude, longitude, title) 
    values
        (?, ?, ?, ?, ?, ?, ?, ?, ?)
Hibernate: 
    select
        user0_.id as id1_10_,
        user0_.created_at as created_2_10_,
        user0_.updated_at as updated_3_10_,
        user0_.age as age4_10_,
        user0_.background_image as backgrou5_10_,
        user0_.email as email6_10_,
        user0_.gender as gender7_10_,
        user0_.hobby as hobby8_10_,
        user0_.introduce as introduc9_10_,
        user0_.job as job10_10_,
        user0_.name as name11_10_,
        user0_.nick_name as nick_na12_10_,
        user0_.phone_num as phone_n13_10_,
        user0_.profile_image as profile14_10_,
        user0_.res_red_number as res_red15_10_,
        user0_.score as score16_10_ 
    from
        user user0_
Hibernate: 
    select
        roles0_.user_id as user_id1_11_0_,
        roles0_.roles as roles2_11_0_ 
    from
        user_roles roles0_ 
    where
        roles0_.user_id=?
Hibernate: 
    select
        roles0_.user_id as user_id1_11_0_,
        roles0_.roles as roles2_11_0_ 
    from
        user_roles roles0_ 
    where
        roles0_.user_id=?
Hibernate: 
    select
        roles0_.user_id as user_id1_11_0_,
        roles0_.roles as roles2_11_0_ 
    from
        user_roles roles0_ 
    where
        roles0_.user_id=?
Hibernate: 
    select
        roles0_.user_id as user_id1_11_0_,
        roles0_.roles as roles2_11_0_ 
    from
        user_roles roles0_ 
    where
        roles0_.user_id=?
Hibernate: 
    select
        roles0_.user_id as user_id1_11_0_,
        roles0_.roles as roles2_11_0_ 
    from
        user_roles roles0_ 
    where
        roles0_.user_id=?
Hibernate: 
    insert 
    into
        story_pin
        (created_at, updated_at, category, content, user_id, image, latitude, longitude, title) 
    values
        (?, ?, ?, ?, ?, ?, ?, ?, ?)
Hibernate: 
    select
        user0_.id as id1_10_,
        user0_.created_at as created_2_10_,
        user0_.updated_at as updated_3_10_,
        user0_.age as age4_10_,
        user0_.background_image as backgrou5_10_,
        user0_.email as email6_10_,
        user0_.gender as gender7_10_,
        user0_.hobby as hobby8_10_,
        user0_.introduce as introduc9_10_,
        user0_.job as job10_10_,
        user0_.name as name11_10_,
        user0_.nick_name as nick_na12_10_,
        user0_.phone_num as phone_n13_10_,
        user0_.profile_image as profile14_10_,
        user0_.res_red_number as res_red15_10_,
        user0_.score as score16_10_ 
    from
        user user0_
Hibernate: 
    select
        roles0_.user_id as user_id1_11_0_,
        roles0_.roles as roles2_11_0_ 
    from
        user_roles roles0_ 
    where
        roles0_.user_id=?
Hibernate: 
    select
        roles0_.user_id as user_id1_11_0_,
        roles0_.roles as roles2_11_0_ 
    from
        user_roles roles0_ 
    where
        roles0_.user_id=?
Hibernate: 
    select
        roles0_.user_id as user_id1_11_0_,
        roles0_.roles as roles2_11_0_ 
    from
        user_roles roles0_ 
    where
        roles0_.user_id=?
Hibernate: 
    select
        roles0_.user_id as user_id1_11_0_,
        roles0_.roles as roles2_11_0_ 
    from
        user_roles roles0_ 
    where
        roles0_.user_id=?
Hibernate: 
    select
        roles0_.user_id as user_id1_11_0_,
        roles0_.roles as roles2_11_0_ 
    from
        user_roles roles0_ 
    where
        roles0_.user_id=?
Hibernate: 
    insert 
    into
        story_pin
        (created_at, updated_at, category, content, user_id, image, latitude, longitude, title) 
    values
        (?, ?, ?, ?, ?, ?, ?, ?, ?)
Hibernate: 
    select
        user0_.id as id1_10_,
        user0_.created_at as created_2_10_,
        user0_.updated_at as updated_3_10_,
        user0_.age as age4_10_,
        user0_.background_image as backgrou5_10_,
        user0_.email as email6_10_,
        user0_.gender as gender7_10_,
        user0_.hobby as hobby8_10_,
        user0_.introduce as introduc9_10_,
        user0_.job as job10_10_,
        user0_.name as name11_10_,
        user0_.nick_name as nick_na12_10_,
        user0_.phone_num as phone_n13_10_,
        user0_.profile_image as profile14_10_,
        user0_.res_red_number as res_red15_10_,
        user0_.score as score16_10_ 
    from
        user user0_
Hibernate: 
    select
        roles0_.user_id as user_id1_11_0_,
        roles0_.roles as roles2_11_0_ 
    from
        user_roles roles0_ 
    where
        roles0_.user_id=?
Hibernate: 
    select
        roles0_.user_id as user_id1_11_0_,
        roles0_.roles as roles2_11_0_ 
    from
        user_roles roles0_ 
    where
        roles0_.user_id=?
Hibernate: 
    select
        roles0_.user_id as user_id1_11_0_,
        roles0_.roles as roles2_11_0_ 
    from
        user_roles roles0_ 
    where
        roles0_.user_id=?
Hibernate: 
    select
        roles0_.user_id as user_id1_11_0_,
        roles0_.roles as roles2_11_0_ 
    from
        user_roles roles0_ 
    where
        roles0_.user_id=?
Hibernate: 
    select
        roles0_.user_id as user_id1_11_0_,
        roles0_.roles as roles2_11_0_ 
    from
        user_roles roles0_ 
    where
        roles0_.user_id=?
Hibernate: 
    insert 
    into
        story_pin
        (created_at, updated_at, category, content, user_id, image, latitude, longitude, title) 
    values
        (?, ?, ?, ?, ?, ?, ?, ?, ?)
Hibernate: 
    select
        user0_.id as id1_10_,
        user0_.created_at as created_2_10_,
        user0_.updated_at as updated_3_10_,
        user0_.age as age4_10_,
        user0_.background_image as backgrou5_10_,
        user0_.email as email6_10_,
        user0_.gender as gender7_10_,
        user0_.hobby as hobby8_10_,
        user0_.introduce as introduc9_10_,
        user0_.job as job10_10_,
        user0_.name as name11_10_,
        user0_.nick_name as nick_na12_10_,
        user0_.phone_num as phone_n13_10_,
        user0_.profile_image as profile14_10_,
        user0_.res_red_number as res_red15_10_,
        user0_.score as score16_10_ 
    from
        user user0_
Hibernate: 
    select
        roles0_.user_id as user_id1_11_0_,
        roles0_.roles as roles2_11_0_ 
    from
        user_roles roles0_ 
    where
        roles0_.user_id=?
Hibernate: 
    select
        roles0_.user_id as user_id1_11_0_,
        roles0_.roles as roles2_11_0_ 
    from
        user_roles roles0_ 
    where
        roles0_.user_id=?
Hibernate: 
    select
        roles0_.user_id as user_id1_11_0_,
        roles0_.roles as roles2_11_0_ 
    from
        user_roles roles0_ 
    where
        roles0_.user_id=?
Hibernate: 
    select
        roles0_.user_id as user_id1_11_0_,
        roles0_.roles as roles2_11_0_ 
    from
        user_roles roles0_ 
    where
        roles0_.user_id=?
Hibernate: 
    select
        roles0_.user_id as user_id1_11_0_,
        roles0_.roles as roles2_11_0_ 
    from
        user_roles roles0_ 
    where
        roles0_.user_id=?
Hibernate: 
    insert 
    into
        story_pin
        (created_at, updated_at, category, content, user_id, image, latitude, longitude, title) 
    values
        (?, ?, ?, ?, ?, ?, ?, ?, ?)
Hibernate: 
    select
        user0_.id as id1_10_,
        user0_.created_at as created_2_10_,
        user0_.updated_at as updated_3_10_,
        user0_.age as age4_10_,
        user0_.background_image as backgrou5_10_,
        user0_.email as email6_10_,
        user0_.gender as gender7_10_,
        user0_.hobby as hobby8_10_,
        user0_.introduce as introduc9_10_,
        user0_.job as job10_10_,
        user0_.name as name11_10_,
        user0_.nick_name as nick_na12_10_,
        user0_.phone_num as phone_n13_10_,
        user0_.profile_image as profile14_10_,
        user0_.res_red_number as res_red15_10_,
        user0_.score as score16_10_ 
    from
        user user0_
Hibernate: 
    select
        roles0_.user_id as user_id1_11_0_,
        roles0_.roles as roles2_11_0_ 
    from
        user_roles roles0_ 
    where
        roles0_.user_id=?
Hibernate: 
    select
        roles0_.user_id as user_id1_11_0_,
        roles0_.roles as roles2_11_0_ 
    from
        user_roles roles0_ 
    where
        roles0_.user_id=?
Hibernate: 
    select
        roles0_.user_id as user_id1_11_0_,
        roles0_.roles as roles2_11_0_ 
    from
        user_roles roles0_ 
    where
        roles0_.user_id=?
Hibernate: 
    select
        roles0_.user_id as user_id1_11_0_,
        roles0_.roles as roles2_11_0_ 
    from
        user_roles roles0_ 
    where
        roles0_.user_id=?
Hibernate: 
    select
        roles0_.user_id as user_id1_11_0_,
        roles0_.roles as roles2_11_0_ 
    from
        user_roles roles0_ 
    where
        roles0_.user_id=?
Hibernate: 
    insert 
    into
        story_pin
        (created_at, updated_at, category, content, user_id, image, latitude, longitude, title) 
    values
        (?, ?, ?, ?, ?, ?, ?, ?, ?)
Hibernate: 
    select
        user0_.id as id1_10_,
        user0_.created_at as created_2_10_,
        user0_.updated_at as updated_3_10_,
        user0_.age as age4_10_,
        user0_.background_image as backgrou5_10_,
        user0_.email as email6_10_,
        user0_.gender as gender7_10_,
        user0_.hobby as hobby8_10_,
        user0_.introduce as introduc9_10_,
        user0_.job as job10_10_,
        user0_.name as name11_10_,
        user0_.nick_name as nick_na12_10_,
        user0_.phone_num as phone_n13_10_,
        user0_.profile_image as profile14_10_,
        user0_.res_red_number as res_red15_10_,
        user0_.score as score16_10_ 
    from
        user user0_
Hibernate: 
    select
        roles0_.user_id as user_id1_11_0_,
        roles0_.roles as roles2_11_0_ 
    from
        user_roles roles0_ 
    where
        roles0_.user_id=?
Hibernate: 
    select
        roles0_.user_id as user_id1_11_0_,
        roles0_.roles as roles2_11_0_ 
    from
        user_roles roles0_ 
    where
        roles0_.user_id=?
Hibernate: 
    select
        roles0_.user_id as user_id1_11_0_,
        roles0_.roles as roles2_11_0_ 
    from
        user_roles roles0_ 
    where
        roles0_.user_id=?
Hibernate: 
    select
        roles0_.user_id as user_id1_11_0_,
        roles0_.roles as roles2_11_0_ 
    from
        user_roles roles0_ 
    where
        roles0_.user_id=?
Hibernate: 
    select
        roles0_.user_id as user_id1_11_0_,
        roles0_.roles as roles2_11_0_ 
    from
        user_roles roles0_ 
    where
        roles0_.user_id=?
Hibernate: 
    insert 
    into
        story_pin
        (created_at, updated_at, category, content, user_id, image, latitude, longitude, title) 
    values
        (?, ?, ?, ?, ?, ?, ?, ?, ?)
Hibernate: 
    select
        user0_.id as id1_10_,
        user0_.created_at as created_2_10_,
        user0_.updated_at as updated_3_10_,
        user0_.age as age4_10_,
        user0_.background_image as backgrou5_10_,
        user0_.email as email6_10_,
        user0_.gender as gender7_10_,
        user0_.hobby as hobby8_10_,
        user0_.introduce as introduc9_10_,
        user0_.job as job10_10_,
        user0_.name as name11_10_,
        user0_.nick_name as nick_na12_10_,
        user0_.phone_num as phone_n13_10_,
        user0_.profile_image as profile14_10_,
        user0_.res_red_number as res_red15_10_,
        user0_.score as score16_10_ 
    from
        user user0_
Hibernate: 
    select
        roles0_.user_id as user_id1_11_0_,
        roles0_.roles as roles2_11_0_ 
    from
        user_roles roles0_ 
    where
        roles0_.user_id=?
Hibernate: 
    select
        roles0_.user_id as user_id1_11_0_,
        roles0_.roles as roles2_11_0_ 
    from
        user_roles roles0_ 
    where
        roles0_.user_id=?
Hibernate: 
    select
        roles0_.user_id as user_id1_11_0_,
        roles0_.roles as roles2_11_0_ 
    from
        user_roles roles0_ 
    where
        roles0_.user_id=?
Hibernate: 
    select
        roles0_.user_id as user_id1_11_0_,
        roles0_.roles as roles2_11_0_ 
    from
        user_roles roles0_ 
    where
        roles0_.user_id=?
Hibernate: 
    select
        roles0_.user_id as user_id1_11_0_,
        roles0_.roles as roles2_11_0_ 
    from
        user_roles roles0_ 
    where
        roles0_.user_id=?
Hibernate: 
    insert 
    into
        story_pin
        (created_at, updated_at, category, content, user_id, image, latitude, longitude, title) 
    values
        (?, ?, ?, ?, ?, ?, ?, ?, ?)
Hibernate: 
    select
        user0_.id as id1_10_,
        user0_.created_at as created_2_10_,
        user0_.updated_at as updated_3_10_,
        user0_.age as age4_10_,
        user0_.background_image as backgrou5_10_,
        user0_.email as email6_10_,
        user0_.gender as gender7_10_,
        user0_.hobby as hobby8_10_,
        user0_.introduce as introduc9_10_,
        user0_.job as job10_10_,
        user0_.name as name11_10_,
        user0_.nick_name as nick_na12_10_,
        user0_.phone_num as phone_n13_10_,
        user0_.profile_image as profile14_10_,
        user0_.res_red_number as res_red15_10_,
        user0_.score as score16_10_ 
    from
        user user0_
Hibernate: 
    select
        roles0_.user_id as user_id1_11_0_,
        roles0_.roles as roles2_11_0_ 
    from
        user_roles roles0_ 
    where
        roles0_.user_id=?
Hibernate: 
    select
        roles0_.user_id as user_id1_11_0_,
        roles0_.roles as roles2_11_0_ 
    from
        user_roles roles0_ 
    where
        roles0_.user_id=?
Hibernate: 
    select
        roles0_.user_id as user_id1_11_0_,
        roles0_.roles as roles2_11_0_ 
    from
        user_roles roles0_ 
    where
        roles0_.user_id=?
Hibernate: 
    select
        roles0_.user_id as user_id1_11_0_,
        roles0_.roles as roles2_11_0_ 
    from
        user_roles roles0_ 
    where
        roles0_.user_id=?
Hibernate: 
    select
        roles0_.user_id as user_id1_11_0_,
        roles0_.roles as roles2_11_0_ 
    from
        user_roles roles0_ 
    where
        roles0_.user_id=?
Hibernate: 
    insert 
    into
        story_pin
        (created_at, updated_at, category, content, user_id, image, latitude, longitude, title) 
    values
        (?, ?, ?, ?, ?, ?, ?, ?, ?)
Hibernate: 
    select
        user0_.id as id1_10_,
        user0_.created_at as created_2_10_,
        user0_.updated_at as updated_3_10_,
        user0_.age as age4_10_,
        user0_.background_image as backgrou5_10_,
        user0_.email as email6_10_,
        user0_.gender as gender7_10_,
        user0_.hobby as hobby8_10_,
        user0_.introduce as introduc9_10_,
        user0_.job as job10_10_,
        user0_.name as name11_10_,
        user0_.nick_name as nick_na12_10_,
        user0_.phone_num as phone_n13_10_,
        user0_.profile_image as profile14_10_,
        user0_.res_red_number as res_red15_10_,
        user0_.score as score16_10_ 
    from
        user user0_
Hibernate: 
    select
        roles0_.user_id as user_id1_11_0_,
        roles0_.roles as roles2_11_0_ 
    from
        user_roles roles0_ 
    where
        roles0_.user_id=?
Hibernate: 
    select
        roles0_.user_id as user_id1_11_0_,
        roles0_.roles as roles2_11_0_ 
    from
        user_roles roles0_ 
    where
        roles0_.user_id=?
Hibernate: 
    select
        roles0_.user_id as user_id1_11_0_,
        roles0_.roles as roles2_11_0_ 
    from
        user_roles roles0_ 
    where
        roles0_.user_id=?
Hibernate: 
    select
        roles0_.user_id as user_id1_11_0_,
        roles0_.roles as roles2_11_0_ 
    from
        user_roles roles0_ 
    where
        roles0_.user_id=?
Hibernate: 
    select
        roles0_.user_id as user_id1_11_0_,
        roles0_.roles as roles2_11_0_ 
    from
        user_roles roles0_ 
    where
        roles0_.user_id=?
Hibernate: 
    insert 
    into
        story_pin
        (created_at, updated_at, category, content, user_id, image, latitude, longitude, title) 
    values
        (?, ?, ?, ?, ?, ?, ?, ?, ?)
Hibernate: 
    select
        user0_.id as id1_10_,
        user0_.created_at as created_2_10_,
        user0_.updated_at as updated_3_10_,
        user0_.age as age4_10_,
        user0_.background_image as backgrou5_10_,
        user0_.email as email6_10_,
        user0_.gender as gender7_10_,
        user0_.hobby as hobby8_10_,
        user0_.introduce as introduc9_10_,
        user0_.job as job10_10_,
        user0_.name as name11_10_,
        user0_.nick_name as nick_na12_10_,
        user0_.phone_num as phone_n13_10_,
        user0_.profile_image as profile14_10_,
        user0_.res_red_number as res_red15_10_,
        user0_.score as score16_10_ 
    from
        user user0_
Hibernate: 
    select
        roles0_.user_id as user_id1_11_0_,
        roles0_.roles as roles2_11_0_ 
    from
        user_roles roles0_ 
    where
        roles0_.user_id=?
Hibernate: 
    select
        roles0_.user_id as user_id1_11_0_,
        roles0_.roles as roles2_11_0_ 
    from
        user_roles roles0_ 
    where
        roles0_.user_id=?
Hibernate: 
    select
        roles0_.user_id as user_id1_11_0_,
        roles0_.roles as roles2_11_0_ 
    from
        user_roles roles0_ 
    where
        roles0_.user_id=?
Hibernate: 
    select
        roles0_.user_id as user_id1_11_0_,
        roles0_.roles as roles2_11_0_ 
    from
        user_roles roles0_ 
    where
        roles0_.user_id=?
Hibernate: 
    select
        roles0_.user_id as user_id1_11_0_,
        roles0_.roles as roles2_11_0_ 
    from
        user_roles roles0_ 
    where
        roles0_.user_id=?
Hibernate: 
    insert 
    into
        story_pin
        (created_at, updated_at, category, content, user_id, image, latitude, longitude, title) 
    values
        (?, ?, ?, ?, ?, ?, ?, ?, ?)
Hibernate: 
    select
        user0_.id as id1_10_,
        user0_.created_at as created_2_10_,
        user0_.updated_at as updated_3_10_,
        user0_.age as age4_10_,
        user0_.background_image as backgrou5_10_,
        user0_.email as email6_10_,
        user0_.gender as gender7_10_,
        user0_.hobby as hobby8_10_,
        user0_.introduce as introduc9_10_,
        user0_.job as job10_10_,
        user0_.name as name11_10_,
        user0_.nick_name as nick_na12_10_,
        user0_.phone_num as phone_n13_10_,
        user0_.profile_image as profile14_10_,
        user0_.res_red_number as res_red15_10_,
        user0_.score as score16_10_ 
    from
        user user0_
Hibernate: 
    select
        roles0_.user_id as user_id1_11_0_,
        roles0_.roles as roles2_11_0_ 
    from
        user_roles roles0_ 
    where
        roles0_.user_id=?
Hibernate: 
    select
        roles0_.user_id as user_id1_11_0_,
        roles0_.roles as roles2_11_0_ 
    from
        user_roles roles0_ 
    where
        roles0_.user_id=?
Hibernate: 
    select
        roles0_.user_id as user_id1_11_0_,
        roles0_.roles as roles2_11_0_ 
    from
        user_roles roles0_ 
    where
        roles0_.user_id=?
Hibernate: 
    select
        roles0_.user_id as user_id1_11_0_,
        roles0_.roles as roles2_11_0_ 
    from
        user_roles roles0_ 
    where
        roles0_.user_id=?
Hibernate: 
    select
        roles0_.user_id as user_id1_11_0_,
        roles0_.roles as roles2_11_0_ 
    from
        user_roles roles0_ 
    where
        roles0_.user_id=?
Hibernate: 
    insert 
    into
        story_pin
        (created_at, updated_at, category, content, user_id, image, latitude, longitude, title) 
    values
        (?, ?, ?, ?, ?, ?, ?, ?, ?)
Hibernate: 
    select
        user0_.id as id1_10_,
        user0_.created_at as created_2_10_,
        user0_.updated_at as updated_3_10_,
        user0_.age as age4_10_,
        user0_.background_image as backgrou5_10_,
        user0_.email as email6_10_,
        user0_.gender as gender7_10_,
        user0_.hobby as hobby8_10_,
        user0_.introduce as introduc9_10_,
        user0_.job as job10_10_,
        user0_.name as name11_10_,
        user0_.nick_name as nick_na12_10_,
        user0_.phone_num as phone_n13_10_,
        user0_.profile_image as profile14_10_,
        user0_.res_red_number as res_red15_10_,
        user0_.score as score16_10_ 
    from
        user user0_
Hibernate: 
    select
        roles0_.user_id as user_id1_11_0_,
        roles0_.roles as roles2_11_0_ 
    from
        user_roles roles0_ 
    where
        roles0_.user_id=?
Hibernate: 
    select
        roles0_.user_id as user_id1_11_0_,
        roles0_.roles as roles2_11_0_ 
    from
        user_roles roles0_ 
    where
        roles0_.user_id=?
Hibernate: 
    select
        roles0_.user_id as user_id1_11_0_,
        roles0_.roles as roles2_11_0_ 
    from
        user_roles roles0_ 
    where
        roles0_.user_id=?
Hibernate: 
    select
        roles0_.user_id as user_id1_11_0_,
        roles0_.roles as roles2_11_0_ 
    from
        user_roles roles0_ 
    where
        roles0_.user_id=?
Hibernate: 
    select
        roles0_.user_id as user_id1_11_0_,
        roles0_.roles as roles2_11_0_ 
    from
        user_roles roles0_ 
    where
        roles0_.user_id=?
Hibernate: 
    insert 
    into
        story_pin
        (created_at, updated_at, category, content, user_id, image, latitude, longitude, title) 
    values
        (?, ?, ?, ?, ?, ?, ?, ?, ?)
Hibernate: 
    select
        user0_.id as id1_10_,
        user0_.created_at as created_2_10_,
        user0_.updated_at as updated_3_10_,
        user0_.age as age4_10_,
        user0_.background_image as backgrou5_10_,
        user0_.email as email6_10_,
        user0_.gender as gender7_10_,
        user0_.hobby as hobby8_10_,
        user0_.introduce as introduc9_10_,
        user0_.job as job10_10_,
        user0_.name as name11_10_,
        user0_.nick_name as nick_na12_10_,
        user0_.phone_num as phone_n13_10_,
        user0_.profile_image as profile14_10_,
        user0_.res_red_number as res_red15_10_,
        user0_.score as score16_10_ 
    from
        user user0_
Hibernate: 
    select
        roles0_.user_id as user_id1_11_0_,
        roles0_.roles as roles2_11_0_ 
    from
        user_roles roles0_ 
    where
        roles0_.user_id=?
Hibernate: 
    select
        roles0_.user_id as user_id1_11_0_,
        roles0_.roles as roles2_11_0_ 
    from
        user_roles roles0_ 
    where
        roles0_.user_id=?
Hibernate: 
    select
        roles0_.user_id as user_id1_11_0_,
        roles0_.roles as roles2_11_0_ 
    from
        user_roles roles0_ 
    where
        roles0_.user_id=?
Hibernate: 
    select
        roles0_.user_id as user_id1_11_0_,
        roles0_.roles as roles2_11_0_ 
    from
        user_roles roles0_ 
    where
        roles0_.user_id=?
Hibernate: 
    select
        roles0_.user_id as user_id1_11_0_,
        roles0_.roles as roles2_11_0_ 
    from
        user_roles roles0_ 
    where
        roles0_.user_id=?
Hibernate: 
    insert 
    into
        story_pin
        (created_at, updated_at, category, content, user_id, image, latitude, longitude, title) 
    values
        (?, ?, ?, ?, ?, ?, ?, ?, ?)
Hibernate: 
    select
        user0_.id as id1_10_,
        user0_.created_at as created_2_10_,
        user0_.updated_at as updated_3_10_,
        user0_.age as age4_10_,
        user0_.background_image as backgrou5_10_,
        user0_.email as email6_10_,
        user0_.gender as gender7_10_,
        user0_.hobby as hobby8_10_,
        user0_.introduce as introduc9_10_,
        user0_.job as job10_10_,
        user0_.name as name11_10_,
        user0_.nick_name as nick_na12_10_,
        user0_.phone_num as phone_n13_10_,
        user0_.profile_image as profile14_10_,
        user0_.res_red_number as res_red15_10_,
        user0_.score as score16_10_ 
    from
        user user0_
Hibernate: 
    select
        roles0_.user_id as user_id1_11_0_,
        roles0_.roles as roles2_11_0_ 
    from
        user_roles roles0_ 
    where
        roles0_.user_id=?
Hibernate: 
    select
        roles0_.user_id as user_id1_11_0_,
        roles0_.roles as roles2_11_0_ 
    from
        user_roles roles0_ 
    where
        roles0_.user_id=?
Hibernate: 
    select
        roles0_.user_id as user_id1_11_0_,
        roles0_.roles as roles2_11_0_ 
    from
        user_roles roles0_ 
    where
        roles0_.user_id=?
Hibernate: 
    select
        roles0_.user_id as user_id1_11_0_,
        roles0_.roles as roles2_11_0_ 
    from
        user_roles roles0_ 
    where
        roles0_.user_id=?
Hibernate: 
    select
        roles0_.user_id as user_id1_11_0_,
        roles0_.roles as roles2_11_0_ 
    from
        user_roles roles0_ 
    where
        roles0_.user_id=?
Hibernate: 
    insert 
    into
        story_pin
        (created_at, updated_at, category, content, user_id, image, latitude, longitude, title) 
    values
        (?, ?, ?, ?, ?, ?, ?, ?, ?)
Hibernate: 
    select
        user0_.id as id1_10_,
        user0_.created_at as created_2_10_,
        user0_.updated_at as updated_3_10_,
        user0_.age as age4_10_,
        user0_.background_image as backgrou5_10_,
        user0_.email as email6_10_,
        user0_.gender as gender7_10_,
        user0_.hobby as hobby8_10_,
        user0_.introduce as introduc9_10_,
        user0_.job as job10_10_,
        user0_.name as name11_10_,
        user0_.nick_name as nick_na12_10_,
        user0_.phone_num as phone_n13_10_,
        user0_.profile_image as profile14_10_,
        user0_.res_red_number as res_red15_10_,
        user0_.score as score16_10_ 
    from
        user user0_
Hibernate: 
    select
        roles0_.user_id as user_id1_11_0_,
        roles0_.roles as roles2_11_0_ 
    from
        user_roles roles0_ 
    where
        roles0_.user_id=?
Hibernate: 
    select
        roles0_.user_id as user_id1_11_0_,
        roles0_.roles as roles2_11_0_ 
    from
        user_roles roles0_ 
    where
        roles0_.user_id=?
Hibernate: 
    select
        roles0_.user_id as user_id1_11_0_,
        roles0_.roles as roles2_11_0_ 
    from
        user_roles roles0_ 
    where
        roles0_.user_id=?
Hibernate: 
    select
        roles0_.user_id as user_id1_11_0_,
        roles0_.roles as roles2_11_0_ 
    from
        user_roles roles0_ 
    where
        roles0_.user_id=?
Hibernate: 
    select
        roles0_.user_id as user_id1_11_0_,
        roles0_.roles as roles2_11_0_ 
    from
        user_roles roles0_ 
    where
        roles0_.user_id=?
Hibernate: 
    insert 
    into
        story_pin
        (created_at, updated_at, category, content, user_id, image, latitude, longitude, title) 
    values
        (?, ?, ?, ?, ?, ?, ?, ?, ?)
Hibernate: 
    select
        user0_.id as id1_10_,
        user0_.created_at as created_2_10_,
        user0_.updated_at as updated_3_10_,
        user0_.age as age4_10_,
        user0_.background_image as backgrou5_10_,
        user0_.email as email6_10_,
        user0_.gender as gender7_10_,
        user0_.hobby as hobby8_10_,
        user0_.introduce as introduc9_10_,
        user0_.job as job10_10_,
        user0_.name as name11_10_,
        user0_.nick_name as nick_na12_10_,
        user0_.phone_num as phone_n13_10_,
        user0_.profile_image as profile14_10_,
        user0_.res_red_number as res_red15_10_,
        user0_.score as score16_10_ 
    from
        user user0_
Hibernate: 
    select
        roles0_.user_id as user_id1_11_0_,
        roles0_.roles as roles2_11_0_ 
    from
        user_roles roles0_ 
    where
        roles0_.user_id=?
Hibernate: 
    select
        roles0_.user_id as user_id1_11_0_,
        roles0_.roles as roles2_11_0_ 
    from
        user_roles roles0_ 
    where
        roles0_.user_id=?
Hibernate: 
    select
        roles0_.user_id as user_id1_11_0_,
        roles0_.roles as roles2_11_0_ 
    from
        user_roles roles0_ 
    where
        roles0_.user_id=?
Hibernate: 
    select
        roles0_.user_id as user_id1_11_0_,
        roles0_.roles as roles2_11_0_ 
    from
        user_roles roles0_ 
    where
        roles0_.user_id=?
Hibernate: 
    select
        roles0_.user_id as user_id1_11_0_,
        roles0_.roles as roles2_11_0_ 
    from
        user_roles roles0_ 
    where
        roles0_.user_id=?
Hibernate: 
    insert 
    into
        story_pin
        (created_at, updated_at, category, content, user_id, image, latitude, longitude, title) 
    values
        (?, ?, ?, ?, ?, ?, ?, ?, ?)
Hibernate: 
    select
        user0_.id as id1_10_,
        user0_.created_at as created_2_10_,
        user0_.updated_at as updated_3_10_,
        user0_.age as age4_10_,
        user0_.background_image as backgrou5_10_,
        user0_.email as email6_10_,
        user0_.gender as gender7_10_,
        user0_.hobby as hobby8_10_,
        user0_.introduce as introduc9_10_,
        user0_.job as job10_10_,
        user0_.name as name11_10_,
        user0_.nick_name as nick_na12_10_,
        user0_.phone_num as phone_n13_10_,
        user0_.profile_image as profile14_10_,
        user0_.res_red_number as res_red15_10_,
        user0_.score as score16_10_ 
    from
        user user0_
Hibernate: 
    select
        roles0_.user_id as user_id1_11_0_,
        roles0_.roles as roles2_11_0_ 
    from
        user_roles roles0_ 
    where
        roles0_.user_id=?
Hibernate: 
    select
        roles0_.user_id as user_id1_11_0_,
        roles0_.roles as roles2_11_0_ 
    from
        user_roles roles0_ 
    where
        roles0_.user_id=?
Hibernate: 
    select
        roles0_.user_id as user_id1_11_0_,
        roles0_.roles as roles2_11_0_ 
    from
        user_roles roles0_ 
    where
        roles0_.user_id=?
Hibernate: 
    select
        roles0_.user_id as user_id1_11_0_,
        roles0_.roles as roles2_11_0_ 
    from
        user_roles roles0_ 
    where
        roles0_.user_id=?
Hibernate: 
    select
        roles0_.user_id as user_id1_11_0_,
        roles0_.roles as roles2_11_0_ 
    from
        user_roles roles0_ 
    where
        roles0_.user_id=?
Hibernate: 
    insert 
    into
        story_pin
        (created_at, updated_at, category, content, user_id, image, latitude, longitude, title) 
    values
        (?, ?, ?, ?, ?, ?, ?, ?, ?)
Hibernate: 
    select
        user0_.id as id1_10_,
        user0_.created_at as created_2_10_,
        user0_.updated_at as updated_3_10_,
        user0_.age as age4_10_,
        user0_.background_image as backgrou5_10_,
        user0_.email as email6_10_,
        user0_.gender as gender7_10_,
        user0_.hobby as hobby8_10_,
        user0_.introduce as introduc9_10_,
        user0_.job as job10_10_,
        user0_.name as name11_10_,
        user0_.nick_name as nick_na12_10_,
        user0_.phone_num as phone_n13_10_,
        user0_.profile_image as profile14_10_,
        user0_.res_red_number as res_red15_10_,
        user0_.score as score16_10_ 
    from
        user user0_
Hibernate: 
    select
        roles0_.user_id as user_id1_11_0_,
        roles0_.roles as roles2_11_0_ 
    from
        user_roles roles0_ 
    where
        roles0_.user_id=?
Hibernate: 
    select
        roles0_.user_id as user_id1_11_0_,
        roles0_.roles as roles2_11_0_ 
    from
        user_roles roles0_ 
    where
        roles0_.user_id=?
Hibernate: 
    select
        roles0_.user_id as user_id1_11_0_,
        roles0_.roles as roles2_11_0_ 
    from
        user_roles roles0_ 
    where
        roles0_.user_id=?
Hibernate: 
    select
        roles0_.user_id as user_id1_11_0_,
        roles0_.roles as roles2_11_0_ 
    from
        user_roles roles0_ 
    where
        roles0_.user_id=?
Hibernate: 
    select
        roles0_.user_id as user_id1_11_0_,
        roles0_.roles as roles2_11_0_ 
    from
        user_roles roles0_ 
    where
        roles0_.user_id=?
Hibernate: 
    insert 
    into
        story_pin
        (created_at, updated_at, category, content, user_id, image, latitude, longitude, title) 
    values
        (?, ?, ?, ?, ?, ?, ?, ?, ?)
Hibernate: 
    select
        user0_.id as id1_10_,
        user0_.created_at as created_2_10_,
        user0_.updated_at as updated_3_10_,
        user0_.age as age4_10_,
        user0_.background_image as backgrou5_10_,
        user0_.email as email6_10_,
        user0_.gender as gender7_10_,
        user0_.hobby as hobby8_10_,
        user0_.introduce as introduc9_10_,
        user0_.job as job10_10_,
        user0_.name as name11_10_,
        user0_.nick_name as nick_na12_10_,
        user0_.phone_num as phone_n13_10_,
        user0_.profile_image as profile14_10_,
        user0_.res_red_number as res_red15_10_,
        user0_.score as score16_10_ 
    from
        user user0_
Hibernate: 
    select
        roles0_.user_id as user_id1_11_0_,
        roles0_.roles as roles2_11_0_ 
    from
        user_roles roles0_ 
    where
        roles0_.user_id=?
Hibernate: 
    select
        roles0_.user_id as user_id1_11_0_,
        roles0_.roles as roles2_11_0_ 
    from
        user_roles roles0_ 
    where
        roles0_.user_id=?
Hibernate: 
    select
        roles0_.user_id as user_id1_11_0_,
        roles0_.roles as roles2_11_0_ 
    from
        user_roles roles0_ 
    where
        roles0_.user_id=?
Hibernate: 
    select
        roles0_.user_id as user_id1_11_0_,
        roles0_.roles as roles2_11_0_ 
    from
        user_roles roles0_ 
    where
        roles0_.user_id=?
Hibernate: 
    select
        roles0_.user_id as user_id1_11_0_,
        roles0_.roles as roles2_11_0_ 
    from
        user_roles roles0_ 
    where
        roles0_.user_id=?
Hibernate: 
    insert 
    into
        story_pin
        (created_at, updated_at, category, content, user_id, image, latitude, longitude, title) 
    values
        (?, ?, ?, ?, ?, ?, ?, ?, ?)
Hibernate: 
    select
        user0_.id as id1_10_,
        user0_.created_at as created_2_10_,
        user0_.updated_at as updated_3_10_,
        user0_.age as age4_10_,
        user0_.background_image as backgrou5_10_,
        user0_.email as email6_10_,
        user0_.gender as gender7_10_,
        user0_.hobby as hobby8_10_,
        user0_.introduce as introduc9_10_,
        user0_.job as job10_10_,
        user0_.name as name11_10_,
        user0_.nick_name as nick_na12_10_,
        user0_.phone_num as phone_n13_10_,
        user0_.profile_image as profile14_10_,
        user0_.res_red_number as res_red15_10_,
        user0_.score as score16_10_ 
    from
        user user0_
Hibernate: 
    select
        roles0_.user_id as user_id1_11_0_,
        roles0_.roles as roles2_11_0_ 
    from
        user_roles roles0_ 
    where
        roles0_.user_id=?
Hibernate: 
    select
        roles0_.user_id as user_id1_11_0_,
        roles0_.roles as roles2_11_0_ 
    from
        user_roles roles0_ 
    where
        roles0_.user_id=?
Hibernate: 
    select
        roles0_.user_id as user_id1_11_0_,
        roles0_.roles as roles2_11_0_ 
    from
        user_roles roles0_ 
    where
        roles0_.user_id=?
Hibernate: 
    select
        roles0_.user_id as user_id1_11_0_,
        roles0_.roles as roles2_11_0_ 
    from
        user_roles roles0_ 
    where
        roles0_.user_id=?
Hibernate: 
    select
        roles0_.user_id as user_id1_11_0_,
        roles0_.roles as roles2_11_0_ 
    from
        user_roles roles0_ 
    where
        roles0_.user_id=?
Hibernate: 
    insert 
    into
        story_pin
        (created_at, updated_at, category, content, user_id, image, latitude, longitude, title) 
    values
        (?, ?, ?, ?, ?, ?, ?, ?, ?)
Hibernate: 
    select
        user0_.id as id1_10_,
        user0_.created_at as created_2_10_,
        user0_.updated_at as updated_3_10_,
        user0_.age as age4_10_,
        user0_.background_image as backgrou5_10_,
        user0_.email as email6_10_,
        user0_.gender as gender7_10_,
        user0_.hobby as hobby8_10_,
        user0_.introduce as introduc9_10_,
        user0_.job as job10_10_,
        user0_.name as name11_10_,
        user0_.nick_name as nick_na12_10_,
        user0_.phone_num as phone_n13_10_,
        user0_.profile_image as profile14_10_,
        user0_.res_red_number as res_red15_10_,
        user0_.score as score16_10_ 
    from
        user user0_
Hibernate: 
    select
        roles0_.user_id as user_id1_11_0_,
        roles0_.roles as roles2_11_0_ 
    from
        user_roles roles0_ 
    where
        roles0_.user_id=?
Hibernate: 
    select
        roles0_.user_id as user_id1_11_0_,
        roles0_.roles as roles2_11_0_ 
    from
        user_roles roles0_ 
    where
        roles0_.user_id=?
Hibernate: 
    select
        roles0_.user_id as user_id1_11_0_,
        roles0_.roles as roles2_11_0_ 
    from
        user_roles roles0_ 
    where
        roles0_.user_id=?
Hibernate: 
    select
        roles0_.user_id as user_id1_11_0_,
        roles0_.roles as roles2_11_0_ 
    from
        user_roles roles0_ 
    where
        roles0_.user_id=?
Hibernate: 
    select
        roles0_.user_id as user_id1_11_0_,
        roles0_.roles as roles2_11_0_ 
    from
        user_roles roles0_ 
    where
        roles0_.user_id=?
Hibernate: 
    insert 
    into
        story_pin
        (created_at, updated_at, category, content, user_id, image, latitude, longitude, title) 
    values
        (?, ?, ?, ?, ?, ?, ?, ?, ?)
Hibernate: 
    select
        user0_.id as id1_10_,
        user0_.created_at as created_2_10_,
        user0_.updated_at as updated_3_10_,
        user0_.age as age4_10_,
        user0_.background_image as backgrou5_10_,
        user0_.email as email6_10_,
        user0_.gender as gender7_10_,
        user0_.hobby as hobby8_10_,
        user0_.introduce as introduc9_10_,
        user0_.job as job10_10_,
        user0_.name as name11_10_,
        user0_.nick_name as nick_na12_10_,
        user0_.phone_num as phone_n13_10_,
        user0_.profile_image as profile14_10_,
        user0_.res_red_number as res_red15_10_,
        user0_.score as score16_10_ 
    from
        user user0_
Hibernate: 
    select
        roles0_.user_id as user_id1_11_0_,
        roles0_.roles as roles2_11_0_ 
    from
        user_roles roles0_ 
    where
        roles0_.user_id=?
Hibernate: 
    select
        roles0_.user_id as user_id1_11_0_,
        roles0_.roles as roles2_11_0_ 
    from
        user_roles roles0_ 
    where
        roles0_.user_id=?
Hibernate: 
    select
        roles0_.user_id as user_id1_11_0_,
        roles0_.roles as roles2_11_0_ 
    from
        user_roles roles0_ 
    where
        roles0_.user_id=?
Hibernate: 
    select
        roles0_.user_id as user_id1_11_0_,
        roles0_.roles as roles2_11_0_ 
    from
        user_roles roles0_ 
    where
        roles0_.user_id=?
Hibernate: 
    select
        roles0_.user_id as user_id1_11_0_,
        roles0_.roles as roles2_11_0_ 
    from
        user_roles roles0_ 
    where
        roles0_.user_id=?
Hibernate: 
    insert 
    into
        story_pin
        (created_at, updated_at, category, content, user_id, image, latitude, longitude, title) 
    values
        (?, ?, ?, ?, ?, ?, ?, ?, ?)
Hibernate: 
    select
        user0_.id as id1_10_,
        user0_.created_at as created_2_10_,
        user0_.updated_at as updated_3_10_,
        user0_.age as age4_10_,
        user0_.background_image as backgrou5_10_,
        user0_.email as email6_10_,
        user0_.gender as gender7_10_,
        user0_.hobby as hobby8_10_,
        user0_.introduce as introduc9_10_,
        user0_.job as job10_10_,
        user0_.name as name11_10_,
        user0_.nick_name as nick_na12_10_,
        user0_.phone_num as phone_n13_10_,
        user0_.profile_image as profile14_10_,
        user0_.res_red_number as res_red15_10_,
        user0_.score as score16_10_ 
    from
        user user0_
Hibernate: 
    select
        roles0_.user_id as user_id1_11_0_,
        roles0_.roles as roles2_11_0_ 
    from
        user_roles roles0_ 
    where
        roles0_.user_id=?
Hibernate: 
    select
        roles0_.user_id as user_id1_11_0_,
        roles0_.roles as roles2_11_0_ 
    from
        user_roles roles0_ 
    where
        roles0_.user_id=?
Hibernate: 
    select
        roles0_.user_id as user_id1_11_0_,
        roles0_.roles as roles2_11_0_ 
    from
        user_roles roles0_ 
    where
        roles0_.user_id=?
Hibernate: 
    select
        roles0_.user_id as user_id1_11_0_,
        roles0_.roles as roles2_11_0_ 
    from
        user_roles roles0_ 
    where
        roles0_.user_id=?
Hibernate: 
    select
        roles0_.user_id as user_id1_11_0_,
        roles0_.roles as roles2_11_0_ 
    from
        user_roles roles0_ 
    where
        roles0_.user_id=?
Hibernate: 
    insert 
    into
        story_pin
        (created_at, updated_at, category, content, user_id, image, latitude, longitude, title) 
    values
        (?, ?, ?, ?, ?, ?, ?, ?, ?)
Hibernate: 
    select
        user0_.id as id1_10_,
        user0_.created_at as created_2_10_,
        user0_.updated_at as updated_3_10_,
        user0_.age as age4_10_,
        user0_.background_image as backgrou5_10_,
        user0_.email as email6_10_,
        user0_.gender as gender7_10_,
        user0_.hobby as hobby8_10_,
        user0_.introduce as introduc9_10_,
        user0_.job as job10_10_,
        user0_.name as name11_10_,
        user0_.nick_name as nick_na12_10_,
        user0_.phone_num as phone_n13_10_,
        user0_.profile_image as profile14_10_,
        user0_.res_red_number as res_red15_10_,
        user0_.score as score16_10_ 
    from
        user user0_
Hibernate: 
    select
        roles0_.user_id as user_id1_11_0_,
        roles0_.roles as roles2_11_0_ 
    from
        user_roles roles0_ 
    where
        roles0_.user_id=?
Hibernate: 
    select
        roles0_.user_id as user_id1_11_0_,
        roles0_.roles as roles2_11_0_ 
    from
        user_roles roles0_ 
    where
        roles0_.user_id=?
Hibernate: 
    select
        roles0_.user_id as user_id1_11_0_,
        roles0_.roles as roles2_11_0_ 
    from
        user_roles roles0_ 
    where
        roles0_.user_id=?
Hibernate: 
    select
        roles0_.user_id as user_id1_11_0_,
        roles0_.roles as roles2_11_0_ 
    from
        user_roles roles0_ 
    where
        roles0_.user_id=?
Hibernate: 
    select
        roles0_.user_id as user_id1_11_0_,
        roles0_.roles as roles2_11_0_ 
    from
        user_roles roles0_ 
    where
        roles0_.user_id=?
Hibernate: 
    insert 
    into
        story_pin
        (created_at, updated_at, category, content, user_id, image, latitude, longitude, title) 
    values
        (?, ?, ?, ?, ?, ?, ?, ?, ?)
Hibernate: 
    select
        user0_.id as id1_10_,
        user0_.created_at as created_2_10_,
        user0_.updated_at as updated_3_10_,
        user0_.age as age4_10_,
        user0_.background_image as backgrou5_10_,
        user0_.email as email6_10_,
        user0_.gender as gender7_10_,
        user0_.hobby as hobby8_10_,
        user0_.introduce as introduc9_10_,
        user0_.job as job10_10_,
        user0_.name as name11_10_,
        user0_.nick_name as nick_na12_10_,
        user0_.phone_num as phone_n13_10_,
        user0_.profile_image as profile14_10_,
        user0_.res_red_number as res_red15_10_,
        user0_.score as score16_10_ 
    from
        user user0_
Hibernate: 
    select
        roles0_.user_id as user_id1_11_0_,
        roles0_.roles as roles2_11_0_ 
    from
        user_roles roles0_ 
    where
        roles0_.user_id=?
Hibernate: 
    select
        roles0_.user_id as user_id1_11_0_,
        roles0_.roles as roles2_11_0_ 
    from
        user_roles roles0_ 
    where
        roles0_.user_id=?
Hibernate: 
    select
        roles0_.user_id as user_id1_11_0_,
        roles0_.roles as roles2_11_0_ 
    from
        user_roles roles0_ 
    where
        roles0_.user_id=?
Hibernate: 
    select
        roles0_.user_id as user_id1_11_0_,
        roles0_.roles as roles2_11_0_ 
    from
        user_roles roles0_ 
    where
        roles0_.user_id=?
Hibernate: 
    select
        roles0_.user_id as user_id1_11_0_,
        roles0_.roles as roles2_11_0_ 
    from
        user_roles roles0_ 
    where
        roles0_.user_id=?
Hibernate: 
    insert 
    into
        story_pin
        (created_at, updated_at, category, content, user_id, image, latitude, longitude, title) 
    values
        (?, ?, ?, ?, ?, ?, ?, ?, ?)
Hibernate: 
    select
        user0_.id as id1_10_,
        user0_.created_at as created_2_10_,
        user0_.updated_at as updated_3_10_,
        user0_.age as age4_10_,
        user0_.background_image as backgrou5_10_,
        user0_.email as email6_10_,
        user0_.gender as gender7_10_,
        user0_.hobby as hobby8_10_,
        user0_.introduce as introduc9_10_,
        user0_.job as job10_10_,
        user0_.name as name11_10_,
        user0_.nick_name as nick_na12_10_,
        user0_.phone_num as phone_n13_10_,
        user0_.profile_image as profile14_10_,
        user0_.res_red_number as res_red15_10_,
        user0_.score as score16_10_ 
    from
        user user0_
Hibernate: 
    select
        roles0_.user_id as user_id1_11_0_,
        roles0_.roles as roles2_11_0_ 
    from
        user_roles roles0_ 
    where
        roles0_.user_id=?
Hibernate: 
    select
        roles0_.user_id as user_id1_11_0_,
        roles0_.roles as roles2_11_0_ 
    from
        user_roles roles0_ 
    where
        roles0_.user_id=?
Hibernate: 
    select
        roles0_.user_id as user_id1_11_0_,
        roles0_.roles as roles2_11_0_ 
    from
        user_roles roles0_ 
    where
        roles0_.user_id=?
Hibernate: 
    select
        roles0_.user_id as user_id1_11_0_,
        roles0_.roles as roles2_11_0_ 
    from
        user_roles roles0_ 
    where
        roles0_.user_id=?
Hibernate: 
    select
        roles0_.user_id as user_id1_11_0_,
        roles0_.roles as roles2_11_0_ 
    from
        user_roles roles0_ 
    where
        roles0_.user_id=?
Hibernate: 
    insert 
    into
        story_pin
        (created_at, updated_at, category, content, user_id, image, latitude, longitude, title) 
    values
        (?, ?, ?, ?, ?, ?, ?, ?, ?)
Hibernate: 
    select
        user0_.id as id1_10_,
        user0_.created_at as created_2_10_,
        user0_.updated_at as updated_3_10_,
        user0_.age as age4_10_,
        user0_.background_image as backgrou5_10_,
        user0_.email as email6_10_,
        user0_.gender as gender7_10_,
        user0_.hobby as hobby8_10_,
        user0_.introduce as introduc9_10_,
        user0_.job as job10_10_,
        user0_.name as name11_10_,
        user0_.nick_name as nick_na12_10_,
        user0_.phone_num as phone_n13_10_,
        user0_.profile_image as profile14_10_,
        user0_.res_red_number as res_red15_10_,
        user0_.score as score16_10_ 
    from
        user user0_
Hibernate: 
    select
        roles0_.user_id as user_id1_11_0_,
        roles0_.roles as roles2_11_0_ 
    from
        user_roles roles0_ 
    where
        roles0_.user_id=?
Hibernate: 
    select
        roles0_.user_id as user_id1_11_0_,
        roles0_.roles as roles2_11_0_ 
    from
        user_roles roles0_ 
    where
        roles0_.user_id=?
Hibernate: 
    select
        roles0_.user_id as user_id1_11_0_,
        roles0_.roles as roles2_11_0_ 
    from
        user_roles roles0_ 
    where
        roles0_.user_id=?
Hibernate: 
    select
        roles0_.user_id as user_id1_11_0_,
        roles0_.roles as roles2_11_0_ 
    from
        user_roles roles0_ 
    where
        roles0_.user_id=?
Hibernate: 
    select
        roles0_.user_id as user_id1_11_0_,
        roles0_.roles as roles2_11_0_ 
    from
        user_roles roles0_ 
    where
        roles0_.user_id=?
Hibernate: 
    insert 
    into
        story_pin
        (created_at, updated_at, category, content, user_id, image, latitude, longitude, title) 
    values
        (?, ?, ?, ?, ?, ?, ?, ?, ?)
Hibernate: 
    select
        user0_.id as id1_10_,
        user0_.created_at as created_2_10_,
        user0_.updated_at as updated_3_10_,
        user0_.age as age4_10_,
        user0_.background_image as backgrou5_10_,
        user0_.email as email6_10_,
        user0_.gender as gender7_10_,
        user0_.hobby as hobby8_10_,
        user0_.introduce as introduc9_10_,
        user0_.job as job10_10_,
        user0_.name as name11_10_,
        user0_.nick_name as nick_na12_10_,
        user0_.phone_num as phone_n13_10_,
        user0_.profile_image as profile14_10_,
        user0_.res_red_number as res_red15_10_,
        user0_.score as score16_10_ 
    from
        user user0_
Hibernate: 
    select
        roles0_.user_id as user_id1_11_0_,
        roles0_.roles as roles2_11_0_ 
    from
        user_roles roles0_ 
    where
        roles0_.user_id=?
Hibernate: 
    select
        roles0_.user_id as user_id1_11_0_,
        roles0_.roles as roles2_11_0_ 
    from
        user_roles roles0_ 
    where
        roles0_.user_id=?
Hibernate: 
    select
        roles0_.user_id as user_id1_11_0_,
        roles0_.roles as roles2_11_0_ 
    from
        user_roles roles0_ 
    where
        roles0_.user_id=?
Hibernate: 
    select
        roles0_.user_id as user_id1_11_0_,
        roles0_.roles as roles2_11_0_ 
    from
        user_roles roles0_ 
    where
        roles0_.user_id=?
Hibernate: 
    select
        roles0_.user_id as user_id1_11_0_,
        roles0_.roles as roles2_11_0_ 
    from
        user_roles roles0_ 
    where
        roles0_.user_id=?
Hibernate: 
    insert 
    into
        story_pin
        (created_at, updated_at, category, content, user_id, image, latitude, longitude, title) 
    values
        (?, ?, ?, ?, ?, ?, ?, ?, ?)
Hibernate: 
    select
        user0_.id as id1_10_,
        user0_.created_at as created_2_10_,
        user0_.updated_at as updated_3_10_,
        user0_.age as age4_10_,
        user0_.background_image as backgrou5_10_,
        user0_.email as email6_10_,
        user0_.gender as gender7_10_,
        user0_.hobby as hobby8_10_,
        user0_.introduce as introduc9_10_,
        user0_.job as job10_10_,
        user0_.name as name11_10_,
        user0_.nick_name as nick_na12_10_,
        user0_.phone_num as phone_n13_10_,
        user0_.profile_image as profile14_10_,
        user0_.res_red_number as res_red15_10_,
        user0_.score as score16_10_ 
    from
        user user0_
Hibernate: 
    select
        roles0_.user_id as user_id1_11_0_,
        roles0_.roles as roles2_11_0_ 
    from
        user_roles roles0_ 
    where
        roles0_.user_id=?
Hibernate: 
    select
        roles0_.user_id as user_id1_11_0_,
        roles0_.roles as roles2_11_0_ 
    from
        user_roles roles0_ 
    where
        roles0_.user_id=?
Hibernate: 
    select
        roles0_.user_id as user_id1_11_0_,
        roles0_.roles as roles2_11_0_ 
    from
        user_roles roles0_ 
    where
        roles0_.user_id=?
Hibernate: 
    select
        roles0_.user_id as user_id1_11_0_,
        roles0_.roles as roles2_11_0_ 
    from
        user_roles roles0_ 
    where
        roles0_.user_id=?
Hibernate: 
    select
        roles0_.user_id as user_id1_11_0_,
        roles0_.roles as roles2_11_0_ 
    from
        user_roles roles0_ 
    where
        roles0_.user_id=?
Hibernate: 
    insert 
    into
        story_pin
        (created_at, updated_at, category, content, user_id, image, latitude, longitude, title) 
    values
        (?, ?, ?, ?, ?, ?, ?, ?, ?)
Hibernate: 
    select
        user0_.id as id1_10_,
        user0_.created_at as created_2_10_,
        user0_.updated_at as updated_3_10_,
        user0_.age as age4_10_,
        user0_.background_image as backgrou5_10_,
        user0_.email as email6_10_,
        user0_.gender as gender7_10_,
        user0_.hobby as hobby8_10_,
        user0_.introduce as introduc9_10_,
        user0_.job as job10_10_,
        user0_.name as name11_10_,
        user0_.nick_name as nick_na12_10_,
        user0_.phone_num as phone_n13_10_,
        user0_.profile_image as profile14_10_,
        user0_.res_red_number as res_red15_10_,
        user0_.score as score16_10_ 
    from
        user user0_
Hibernate: 
    select
        roles0_.user_id as user_id1_11_0_,
        roles0_.roles as roles2_11_0_ 
    from
        user_roles roles0_ 
    where
        roles0_.user_id=?
Hibernate: 
    select
        roles0_.user_id as user_id1_11_0_,
        roles0_.roles as roles2_11_0_ 
    from
        user_roles roles0_ 
    where
        roles0_.user_id=?
Hibernate: 
    select
        roles0_.user_id as user_id1_11_0_,
        roles0_.roles as roles2_11_0_ 
    from
        user_roles roles0_ 
    where
        roles0_.user_id=?
Hibernate: 
    select
        roles0_.user_id as user_id1_11_0_,
        roles0_.roles as roles2_11_0_ 
    from
        user_roles roles0_ 
    where
        roles0_.user_id=?
Hibernate: 
    select
        roles0_.user_id as user_id1_11_0_,
        roles0_.roles as roles2_11_0_ 
    from
        user_roles roles0_ 
    where
        roles0_.user_id=?
Hibernate: 
    insert 
    into
        story_pin
        (created_at, updated_at, category, content, user_id, image, latitude, longitude, title) 
    values
        (?, ?, ?, ?, ?, ?, ?, ?, ?)
Hibernate: 
    select
        user0_.id as id1_10_,
        user0_.created_at as created_2_10_,
        user0_.updated_at as updated_3_10_,
        user0_.age as age4_10_,
        user0_.background_image as backgrou5_10_,
        user0_.email as email6_10_,
        user0_.gender as gender7_10_,
        user0_.hobby as hobby8_10_,
        user0_.introduce as introduc9_10_,
        user0_.job as job10_10_,
        user0_.name as name11_10_,
        user0_.nick_name as nick_na12_10_,
        user0_.phone_num as phone_n13_10_,
        user0_.profile_image as profile14_10_,
        user0_.res_red_number as res_red15_10_,
        user0_.score as score16_10_ 
    from
        user user0_
Hibernate: 
    select
        roles0_.user_id as user_id1_11_0_,
        roles0_.roles as roles2_11_0_ 
    from
        user_roles roles0_ 
    where
        roles0_.user_id=?
Hibernate: 
    select
        roles0_.user_id as user_id1_11_0_,
        roles0_.roles as roles2_11_0_ 
    from
        user_roles roles0_ 
    where
        roles0_.user_id=?
Hibernate: 
    select
        roles0_.user_id as user_id1_11_0_,
        roles0_.roles as roles2_11_0_ 
    from
        user_roles roles0_ 
    where
        roles0_.user_id=?
Hibernate: 
    select
        roles0_.user_id as user_id1_11_0_,
        roles0_.roles as roles2_11_0_ 
    from
        user_roles roles0_ 
    where
        roles0_.user_id=?
Hibernate: 
    select
        roles0_.user_id as user_id1_11_0_,
        roles0_.roles as roles2_11_0_ 
    from
        user_roles roles0_ 
    where
        roles0_.user_id=?
Hibernate: 
    insert 
    into
        story_pin
        (created_at, updated_at, category, content, user_id, image, latitude, longitude, title) 
    values
        (?, ?, ?, ?, ?, ?, ?, ?, ?)
Hibernate: 
    select
        user0_.id as id1_10_,
        user0_.created_at as created_2_10_,
        user0_.updated_at as updated_3_10_,
        user0_.age as age4_10_,
        user0_.background_image as backgrou5_10_,
        user0_.email as email6_10_,
        user0_.gender as gender7_10_,
        user0_.hobby as hobby8_10_,
        user0_.introduce as introduc9_10_,
        user0_.job as job10_10_,
        user0_.name as name11_10_,
        user0_.nick_name as nick_na12_10_,
        user0_.phone_num as phone_n13_10_,
        user0_.profile_image as profile14_10_,
        user0_.res_red_number as res_red15_10_,
        user0_.score as score16_10_ 
    from
        user user0_
Hibernate: 
    select
        roles0_.user_id as user_id1_11_0_,
        roles0_.roles as roles2_11_0_ 
    from
        user_roles roles0_ 
    where
        roles0_.user_id=?
Hibernate: 
    select
        roles0_.user_id as user_id1_11_0_,
        roles0_.roles as roles2_11_0_ 
    from
        user_roles roles0_ 
    where
        roles0_.user_id=?
Hibernate: 
    select
        roles0_.user_id as user_id1_11_0_,
        roles0_.roles as roles2_11_0_ 
    from
        user_roles roles0_ 
    where
        roles0_.user_id=?
Hibernate: 
    select
        roles0_.user_id as user_id1_11_0_,
        roles0_.roles as roles2_11_0_ 
    from
        user_roles roles0_ 
    where
        roles0_.user_id=?
Hibernate: 
    select
        roles0_.user_id as user_id1_11_0_,
        roles0_.roles as roles2_11_0_ 
    from
        user_roles roles0_ 
    where
        roles0_.user_id=?
Hibernate: 
    insert 
    into
        story_pin
        (created_at, updated_at, category, content, user_id, image, latitude, longitude, title) 
    values
        (?, ?, ?, ?, ?, ?, ?, ?, ?)
Hibernate: 
    select
        user0_.id as id1_10_,
        user0_.created_at as created_2_10_,
        user0_.updated_at as updated_3_10_,
        user0_.age as age4_10_,
        user0_.background_image as backgrou5_10_,
        user0_.email as email6_10_,
        user0_.gender as gender7_10_,
        user0_.hobby as hobby8_10_,
        user0_.introduce as introduc9_10_,
        user0_.job as job10_10_,
        user0_.name as name11_10_,
        user0_.nick_name as nick_na12_10_,
        user0_.phone_num as phone_n13_10_,
        user0_.profile_image as profile14_10_,
        user0_.res_red_number as res_red15_10_,
        user0_.score as score16_10_ 
    from
        user user0_
Hibernate: 
    select
        roles0_.user_id as user_id1_11_0_,
        roles0_.roles as roles2_11_0_ 
    from
        user_roles roles0_ 
    where
        roles0_.user_id=?
Hibernate: 
    select
        roles0_.user_id as user_id1_11_0_,
        roles0_.roles as roles2_11_0_ 
    from
        user_roles roles0_ 
    where
        roles0_.user_id=?
Hibernate: 
    select
        roles0_.user_id as user_id1_11_0_,
        roles0_.roles as roles2_11_0_ 
    from
        user_roles roles0_ 
    where
        roles0_.user_id=?
Hibernate: 
    select
        roles0_.user_id as user_id1_11_0_,
        roles0_.roles as roles2_11_0_ 
    from
        user_roles roles0_ 
    where
        roles0_.user_id=?
Hibernate: 
    select
        roles0_.user_id as user_id1_11_0_,
        roles0_.roles as roles2_11_0_ 
    from
        user_roles roles0_ 
    where
        roles0_.user_id=?
Hibernate: 
    insert 
    into
        story_pin
        (created_at, updated_at, category, content, user_id, image, latitude, longitude, title) 
    values
        (?, ?, ?, ?, ?, ?, ?, ?, ?)
Hibernate: 
    select
        user0_.id as id1_10_,
        user0_.created_at as created_2_10_,
        user0_.updated_at as updated_3_10_,
        user0_.age as age4_10_,
        user0_.background_image as backgrou5_10_,
        user0_.email as email6_10_,
        user0_.gender as gender7_10_,
        user0_.hobby as hobby8_10_,
        user0_.introduce as introduc9_10_,
        user0_.job as job10_10_,
        user0_.name as name11_10_,
        user0_.nick_name as nick_na12_10_,
        user0_.phone_num as phone_n13_10_,
        user0_.profile_image as profile14_10_,
        user0_.res_red_number as res_red15_10_,
        user0_.score as score16_10_ 
    from
        user user0_
Hibernate: 
    select
        roles0_.user_id as user_id1_11_0_,
        roles0_.roles as roles2_11_0_ 
    from
        user_roles roles0_ 
    where
        roles0_.user_id=?
Hibernate: 
    select
        roles0_.user_id as user_id1_11_0_,
        roles0_.roles as roles2_11_0_ 
    from
        user_roles roles0_ 
    where
        roles0_.user_id=?
Hibernate: 
    select
        roles0_.user_id as user_id1_11_0_,
        roles0_.roles as roles2_11_0_ 
    from
        user_roles roles0_ 
    where
        roles0_.user_id=?
Hibernate: 
    select
        roles0_.user_id as user_id1_11_0_,
        roles0_.roles as roles2_11_0_ 
    from
        user_roles roles0_ 
    where
        roles0_.user_id=?
Hibernate: 
    select
        roles0_.user_id as user_id1_11_0_,
        roles0_.roles as roles2_11_0_ 
    from
        user_roles roles0_ 
    where
        roles0_.user_id=?
Hibernate: 
    insert 
    into
        story_pin
        (created_at, updated_at, category, content, user_id, image, latitude, longitude, title) 
    values
        (?, ?, ?, ?, ?, ?, ?, ?, ?)
Hibernate: 
    select
        user0_.id as id1_10_,
        user0_.created_at as created_2_10_,
        user0_.updated_at as updated_3_10_,
        user0_.age as age4_10_,
        user0_.background_image as backgrou5_10_,
        user0_.email as email6_10_,
        user0_.gender as gender7_10_,
        user0_.hobby as hobby8_10_,
        user0_.introduce as introduc9_10_,
        user0_.job as job10_10_,
        user0_.name as name11_10_,
        user0_.nick_name as nick_na12_10_,
        user0_.phone_num as phone_n13_10_,
        user0_.profile_image as profile14_10_,
        user0_.res_red_number as res_red15_10_,
        user0_.score as score16_10_ 
    from
        user user0_
Hibernate: 
    select
        roles0_.user_id as user_id1_11_0_,
        roles0_.roles as roles2_11_0_ 
    from
        user_roles roles0_ 
    where
        roles0_.user_id=?
Hibernate: 
    select
        roles0_.user_id as user_id1_11_0_,
        roles0_.roles as roles2_11_0_ 
    from
        user_roles roles0_ 
    where
        roles0_.user_id=?
Hibernate: 
    select
        roles0_.user_id as user_id1_11_0_,
        roles0_.roles as roles2_11_0_ 
    from
        user_roles roles0_ 
    where
        roles0_.user_id=?
Hibernate: 
    select
        roles0_.user_id as user_id1_11_0_,
        roles0_.roles as roles2_11_0_ 
    from
        user_roles roles0_ 
    where
        roles0_.user_id=?
Hibernate: 
    select
        roles0_.user_id as user_id1_11_0_,
        roles0_.roles as roles2_11_0_ 
    from
        user_roles roles0_ 
    where
        roles0_.user_id=?
Hibernate: 
    insert 
    into
        story_pin
        (created_at, updated_at, category, content, user_id, image, latitude, longitude, title) 
    values
        (?, ?, ?, ?, ?, ?, ?, ?, ?)
Hibernate: 
    select
        user0_.id as id1_10_,
        user0_.created_at as created_2_10_,
        user0_.updated_at as updated_3_10_,
        user0_.age as age4_10_,
        user0_.background_image as backgrou5_10_,
        user0_.email as email6_10_,
        user0_.gender as gender7_10_,
        user0_.hobby as hobby8_10_,
        user0_.introduce as introduc9_10_,
        user0_.job as job10_10_,
        user0_.name as name11_10_,
        user0_.nick_name as nick_na12_10_,
        user0_.phone_num as phone_n13_10_,
        user0_.profile_image as profile14_10_,
        user0_.res_red_number as res_red15_10_,
        user0_.score as score16_10_ 
    from
        user user0_
Hibernate: 
    select
        roles0_.user_id as user_id1_11_0_,
        roles0_.roles as roles2_11_0_ 
    from
        user_roles roles0_ 
    where
        roles0_.user_id=?
Hibernate: 
    select
        roles0_.user_id as user_id1_11_0_,
        roles0_.roles as roles2_11_0_ 
    from
        user_roles roles0_ 
    where
        roles0_.user_id=?
Hibernate: 
    select
        roles0_.user_id as user_id1_11_0_,
        roles0_.roles as roles2_11_0_ 
    from
        user_roles roles0_ 
    where
        roles0_.user_id=?
Hibernate: 
    select
        roles0_.user_id as user_id1_11_0_,
        roles0_.roles as roles2_11_0_ 
    from
        user_roles roles0_ 
    where
        roles0_.user_id=?
Hibernate: 
    select
        roles0_.user_id as user_id1_11_0_,
        roles0_.roles as roles2_11_0_ 
    from
        user_roles roles0_ 
    where
        roles0_.user_id=?
Hibernate: 
    insert 
    into
        story_pin
        (created_at, updated_at, category, content, user_id, image, latitude, longitude, title) 
    values
        (?, ?, ?, ?, ?, ?, ?, ?, ?)
Hibernate: 
    select
        user0_.id as id1_10_,
        user0_.created_at as created_2_10_,
        user0_.updated_at as updated_3_10_,
        user0_.age as age4_10_,
        user0_.background_image as backgrou5_10_,
        user0_.email as email6_10_,
        user0_.gender as gender7_10_,
        user0_.hobby as hobby8_10_,
        user0_.introduce as introduc9_10_,
        user0_.job as job10_10_,
        user0_.name as name11_10_,
        user0_.nick_name as nick_na12_10_,
        user0_.phone_num as phone_n13_10_,
        user0_.profile_image as profile14_10_,
        user0_.res_red_number as res_red15_10_,
        user0_.score as score16_10_ 
    from
        user user0_
Hibernate: 
    select
        roles0_.user_id as user_id1_11_0_,
        roles0_.roles as roles2_11_0_ 
    from
        user_roles roles0_ 
    where
        roles0_.user_id=?
Hibernate: 
    select
        roles0_.user_id as user_id1_11_0_,
        roles0_.roles as roles2_11_0_ 
    from
        user_roles roles0_ 
    where
        roles0_.user_id=?
Hibernate: 
    select
        roles0_.user_id as user_id1_11_0_,
        roles0_.roles as roles2_11_0_ 
    from
        user_roles roles0_ 
    where
        roles0_.user_id=?
Hibernate: 
    select
        roles0_.user_id as user_id1_11_0_,
        roles0_.roles as roles2_11_0_ 
    from
        user_roles roles0_ 
    where
        roles0_.user_id=?
Hibernate: 
    select
        roles0_.user_id as user_id1_11_0_,
        roles0_.roles as roles2_11_0_ 
    from
        user_roles roles0_ 
    where
        roles0_.user_id=?
Hibernate: 
    insert 
    into
        story_pin
        (created_at, updated_at, category, content, user_id, image, latitude, longitude, title) 
    values
        (?, ?, ?, ?, ?, ?, ?, ?, ?)
Hibernate: 
    select
        user0_.id as id1_10_,
        user0_.created_at as created_2_10_,
        user0_.updated_at as updated_3_10_,
        user0_.age as age4_10_,
        user0_.background_image as backgrou5_10_,
        user0_.email as email6_10_,
        user0_.gender as gender7_10_,
        user0_.hobby as hobby8_10_,
        user0_.introduce as introduc9_10_,
        user0_.job as job10_10_,
        user0_.name as name11_10_,
        user0_.nick_name as nick_na12_10_,
        user0_.phone_num as phone_n13_10_,
        user0_.profile_image as profile14_10_,
        user0_.res_red_number as res_red15_10_,
        user0_.score as score16_10_ 
    from
        user user0_
Hibernate: 
    select
        roles0_.user_id as user_id1_11_0_,
        roles0_.roles as roles2_11_0_ 
    from
        user_roles roles0_ 
    where
        roles0_.user_id=?
Hibernate: 
    select
        roles0_.user_id as user_id1_11_0_,
        roles0_.roles as roles2_11_0_ 
    from
        user_roles roles0_ 
    where
        roles0_.user_id=?
Hibernate: 
    select
        roles0_.user_id as user_id1_11_0_,
        roles0_.roles as roles2_11_0_ 
    from
        user_roles roles0_ 
    where
        roles0_.user_id=?
Hibernate: 
    select
        roles0_.user_id as user_id1_11_0_,
        roles0_.roles as roles2_11_0_ 
    from
        user_roles roles0_ 
    where
        roles0_.user_id=?
Hibernate: 
    select
        roles0_.user_id as user_id1_11_0_,
        roles0_.roles as roles2_11_0_ 
    from
        user_roles roles0_ 
    where
        roles0_.user_id=?
Hibernate: 
    insert 
    into
        story_pin
        (created_at, updated_at, category, content, user_id, image, latitude, longitude, title) 
    values
        (?, ?, ?, ?, ?, ?, ?, ?, ?)
Hibernate: 
    select
        user0_.id as id1_10_,
        user0_.created_at as created_2_10_,
        user0_.updated_at as updated_3_10_,
        user0_.age as age4_10_,
        user0_.background_image as backgrou5_10_,
        user0_.email as email6_10_,
        user0_.gender as gender7_10_,
        user0_.hobby as hobby8_10_,
        user0_.introduce as introduc9_10_,
        user0_.job as job10_10_,
        user0_.name as name11_10_,
        user0_.nick_name as nick_na12_10_,
        user0_.phone_num as phone_n13_10_,
        user0_.profile_image as profile14_10_,
        user0_.res_red_number as res_red15_10_,
        user0_.score as score16_10_ 
    from
        user user0_
Hibernate: 
    select
        roles0_.user_id as user_id1_11_0_,
        roles0_.roles as roles2_11_0_ 
    from
        user_roles roles0_ 
    where
        roles0_.user_id=?
Hibernate: 
    select
        roles0_.user_id as user_id1_11_0_,
        roles0_.roles as roles2_11_0_ 
    from
        user_roles roles0_ 
    where
        roles0_.user_id=?
Hibernate: 
    select
        roles0_.user_id as user_id1_11_0_,
        roles0_.roles as roles2_11_0_ 
    from
        user_roles roles0_ 
    where
        roles0_.user_id=?
Hibernate: 
    select
        roles0_.user_id as user_id1_11_0_,
        roles0_.roles as roles2_11_0_ 
    from
        user_roles roles0_ 
    where
        roles0_.user_id=?
Hibernate: 
    select
        roles0_.user_id as user_id1_11_0_,
        roles0_.roles as roles2_11_0_ 
    from
        user_roles roles0_ 
    where
        roles0_.user_id=?
Hibernate: 
    insert 
    into
        story_pin
        (created_at, updated_at, category, content, user_id, image, latitude, longitude, title) 
    values
        (?, ?, ?, ?, ?, ?, ?, ?, ?)
Hibernate: 
    select
        user0_.id as id1_10_,
        user0_.created_at as created_2_10_,
        user0_.updated_at as updated_3_10_,
        user0_.age as age4_10_,
        user0_.background_image as backgrou5_10_,
        user0_.email as email6_10_,
        user0_.gender as gender7_10_,
        user0_.hobby as hobby8_10_,
        user0_.introduce as introduc9_10_,
        user0_.job as job10_10_,
        user0_.name as name11_10_,
        user0_.nick_name as nick_na12_10_,
        user0_.phone_num as phone_n13_10_,
        user0_.profile_image as profile14_10_,
        user0_.res_red_number as res_red15_10_,
        user0_.score as score16_10_ 
    from
        user user0_
Hibernate: 
    select
        roles0_.user_id as user_id1_11_0_,
        roles0_.roles as roles2_11_0_ 
    from
        user_roles roles0_ 
    where
        roles0_.user_id=?
Hibernate: 
    select
        roles0_.user_id as user_id1_11_0_,
        roles0_.roles as roles2_11_0_ 
    from
        user_roles roles0_ 
    where
        roles0_.user_id=?
Hibernate: 
    select
        roles0_.user_id as user_id1_11_0_,
        roles0_.roles as roles2_11_0_ 
    from
        user_roles roles0_ 
    where
        roles0_.user_id=?
Hibernate: 
    select
        roles0_.user_id as user_id1_11_0_,
        roles0_.roles as roles2_11_0_ 
    from
        user_roles roles0_ 
    where
        roles0_.user_id=?
Hibernate: 
    select
        roles0_.user_id as user_id1_11_0_,
        roles0_.roles as roles2_11_0_ 
    from
        user_roles roles0_ 
    where
        roles0_.user_id=?
Hibernate: 
    insert 
    into
        story_pin
        (created_at, updated_at, category, content, user_id, image, latitude, longitude, title) 
    values
        (?, ?, ?, ?, ?, ?, ?, ?, ?)
Hibernate: 
    select
        user0_.id as id1_10_,
        user0_.created_at as created_2_10_,
        user0_.updated_at as updated_3_10_,
        user0_.age as age4_10_,
        user0_.background_image as backgrou5_10_,
        user0_.email as email6_10_,
        user0_.gender as gender7_10_,
        user0_.hobby as hobby8_10_,
        user0_.introduce as introduc9_10_,
        user0_.job as job10_10_,
        user0_.name as name11_10_,
        user0_.nick_name as nick_na12_10_,
        user0_.phone_num as phone_n13_10_,
        user0_.profile_image as profile14_10_,
        user0_.res_red_number as res_red15_10_,
        user0_.score as score16_10_ 
    from
        user user0_
Hibernate: 
    select
        roles0_.user_id as user_id1_11_0_,
        roles0_.roles as roles2_11_0_ 
    from
        user_roles roles0_ 
    where
        roles0_.user_id=?
Hibernate: 
    select
        roles0_.user_id as user_id1_11_0_,
        roles0_.roles as roles2_11_0_ 
    from
        user_roles roles0_ 
    where
        roles0_.user_id=?
Hibernate: 
    select
        roles0_.user_id as user_id1_11_0_,
        roles0_.roles as roles2_11_0_ 
    from
        user_roles roles0_ 
    where
        roles0_.user_id=?
Hibernate: 
    select
        roles0_.user_id as user_id1_11_0_,
        roles0_.roles as roles2_11_0_ 
    from
        user_roles roles0_ 
    where
        roles0_.user_id=?
Hibernate: 
    select
        roles0_.user_id as user_id1_11_0_,
        roles0_.roles as roles2_11_0_ 
    from
        user_roles roles0_ 
    where
        roles0_.user_id=?
Hibernate: 
    insert 
    into
        story_pin
        (created_at, updated_at, category, content, user_id, image, latitude, longitude, title) 
    values
        (?, ?, ?, ?, ?, ?, ?, ?, ?)
Hibernate: 
    select
        user0_.id as id1_10_,
        user0_.created_at as created_2_10_,
        user0_.updated_at as updated_3_10_,
        user0_.age as age4_10_,
        user0_.background_image as backgrou5_10_,
        user0_.email as email6_10_,
        user0_.gender as gender7_10_,
        user0_.hobby as hobby8_10_,
        user0_.introduce as introduc9_10_,
        user0_.job as job10_10_,
        user0_.name as name11_10_,
        user0_.nick_name as nick_na12_10_,
        user0_.phone_num as phone_n13_10_,
        user0_.profile_image as profile14_10_,
        user0_.res_red_number as res_red15_10_,
        user0_.score as score16_10_ 
    from
        user user0_
Hibernate: 
    select
        roles0_.user_id as user_id1_11_0_,
        roles0_.roles as roles2_11_0_ 
    from
        user_roles roles0_ 
    where
        roles0_.user_id=?
Hibernate: 
    select
        roles0_.user_id as user_id1_11_0_,
        roles0_.roles as roles2_11_0_ 
    from
        user_roles roles0_ 
    where
        roles0_.user_id=?
Hibernate: 
    select
        roles0_.user_id as user_id1_11_0_,
        roles0_.roles as roles2_11_0_ 
    from
        user_roles roles0_ 
    where
        roles0_.user_id=?
Hibernate: 
    select
        roles0_.user_id as user_id1_11_0_,
        roles0_.roles as roles2_11_0_ 
    from
        user_roles roles0_ 
    where
        roles0_.user_id=?
Hibernate: 
    select
        roles0_.user_id as user_id1_11_0_,
        roles0_.roles as roles2_11_0_ 
    from
        user_roles roles0_ 
    where
        roles0_.user_id=?
Hibernate: 
    insert 
    into
        story_pin
        (created_at, updated_at, category, content, user_id, image, latitude, longitude, title) 
    values
        (?, ?, ?, ?, ?, ?, ?, ?, ?)
Hibernate: 
    select
        user0_.id as id1_10_,
        user0_.created_at as created_2_10_,
        user0_.updated_at as updated_3_10_,
        user0_.age as age4_10_,
        user0_.background_image as backgrou5_10_,
        user0_.email as email6_10_,
        user0_.gender as gender7_10_,
        user0_.hobby as hobby8_10_,
        user0_.introduce as introduc9_10_,
        user0_.job as job10_10_,
        user0_.name as name11_10_,
        user0_.nick_name as nick_na12_10_,
        user0_.phone_num as phone_n13_10_,
        user0_.profile_image as profile14_10_,
        user0_.res_red_number as res_red15_10_,
        user0_.score as score16_10_ 
    from
        user user0_
Hibernate: 
    select
        roles0_.user_id as user_id1_11_0_,
        roles0_.roles as roles2_11_0_ 
    from
        user_roles roles0_ 
    where
        roles0_.user_id=?
Hibernate: 
    select
        roles0_.user_id as user_id1_11_0_,
        roles0_.roles as roles2_11_0_ 
    from
        user_roles roles0_ 
    where
        roles0_.user_id=?
Hibernate: 
    select
        roles0_.user_id as user_id1_11_0_,
        roles0_.roles as roles2_11_0_ 
    from
        user_roles roles0_ 
    where
        roles0_.user_id=?
Hibernate: 
    select
        roles0_.user_id as user_id1_11_0_,
        roles0_.roles as roles2_11_0_ 
    from
        user_roles roles0_ 
    where
        roles0_.user_id=?
Hibernate: 
    select
        roles0_.user_id as user_id1_11_0_,
        roles0_.roles as roles2_11_0_ 
    from
        user_roles roles0_ 
    where
        roles0_.user_id=?
Hibernate: 
    insert 
    into
        story_pin
        (created_at, updated_at, category, content, user_id, image, latitude, longitude, title) 
    values
        (?, ?, ?, ?, ?, ?, ?, ?, ?)
Hibernate: 
    select
        user0_.id as id1_10_,
        user0_.created_at as created_2_10_,
        user0_.updated_at as updated_3_10_,
        user0_.age as age4_10_,
        user0_.background_image as backgrou5_10_,
        user0_.email as email6_10_,
        user0_.gender as gender7_10_,
        user0_.hobby as hobby8_10_,
        user0_.introduce as introduc9_10_,
        user0_.job as job10_10_,
        user0_.name as name11_10_,
        user0_.nick_name as nick_na12_10_,
        user0_.phone_num as phone_n13_10_,
        user0_.profile_image as profile14_10_,
        user0_.res_red_number as res_red15_10_,
        user0_.score as score16_10_ 
    from
        user user0_
Hibernate: 
    select
        roles0_.user_id as user_id1_11_0_,
        roles0_.roles as roles2_11_0_ 
    from
        user_roles roles0_ 
    where
        roles0_.user_id=?
Hibernate: 
    select
        roles0_.user_id as user_id1_11_0_,
        roles0_.roles as roles2_11_0_ 
    from
        user_roles roles0_ 
    where
        roles0_.user_id=?
Hibernate: 
    select
        roles0_.user_id as user_id1_11_0_,
        roles0_.roles as roles2_11_0_ 
    from
        user_roles roles0_ 
    where
        roles0_.user_id=?
Hibernate: 
    select
        roles0_.user_id as user_id1_11_0_,
        roles0_.roles as roles2_11_0_ 
    from
        user_roles roles0_ 
    where
        roles0_.user_id=?
Hibernate: 
    select
        roles0_.user_id as user_id1_11_0_,
        roles0_.roles as roles2_11_0_ 
    from
        user_roles roles0_ 
    where
        roles0_.user_id=?
Hibernate: 
    insert 
    into
        story_pin
        (created_at, updated_at, category, content, user_id, image, latitude, longitude, title) 
    values
        (?, ?, ?, ?, ?, ?, ?, ?, ?)
Hibernate: 
    select
        user0_.id as id1_10_,
        user0_.created_at as created_2_10_,
        user0_.updated_at as updated_3_10_,
        user0_.age as age4_10_,
        user0_.background_image as backgrou5_10_,
        user0_.email as email6_10_,
        user0_.gender as gender7_10_,
        user0_.hobby as hobby8_10_,
        user0_.introduce as introduc9_10_,
        user0_.job as job10_10_,
        user0_.name as name11_10_,
        user0_.nick_name as nick_na12_10_,
        user0_.phone_num as phone_n13_10_,
        user0_.profile_image as profile14_10_,
        user0_.res_red_number as res_red15_10_,
        user0_.score as score16_10_ 
    from
        user user0_
Hibernate: 
    select
        roles0_.user_id as user_id1_11_0_,
        roles0_.roles as roles2_11_0_ 
    from
        user_roles roles0_ 
    where
        roles0_.user_id=?
Hibernate: 
    select
        roles0_.user_id as user_id1_11_0_,
        roles0_.roles as roles2_11_0_ 
    from
        user_roles roles0_ 
    where
        roles0_.user_id=?
Hibernate: 
    select
        roles0_.user_id as user_id1_11_0_,
        roles0_.roles as roles2_11_0_ 
    from
        user_roles roles0_ 
    where
        roles0_.user_id=?
Hibernate: 
    select
        roles0_.user_id as user_id1_11_0_,
        roles0_.roles as roles2_11_0_ 
    from
        user_roles roles0_ 
    where
        roles0_.user_id=?
Hibernate: 
    select
        roles0_.user_id as user_id1_11_0_,
        roles0_.roles as roles2_11_0_ 
    from
        user_roles roles0_ 
    where
        roles0_.user_id=?
Hibernate: 
    insert 
    into
        story_pin
        (created_at, updated_at, category, content, user_id, image, latitude, longitude, title) 
    values
        (?, ?, ?, ?, ?, ?, ?, ?, ?)
Hibernate: 
    select
        user0_.id as id1_10_,
        user0_.created_at as created_2_10_,
        user0_.updated_at as updated_3_10_,
        user0_.age as age4_10_,
        user0_.background_image as backgrou5_10_,
        user0_.email as email6_10_,
        user0_.gender as gender7_10_,
        user0_.hobby as hobby8_10_,
        user0_.introduce as introduc9_10_,
        user0_.job as job10_10_,
        user0_.name as name11_10_,
        user0_.nick_name as nick_na12_10_,
        user0_.phone_num as phone_n13_10_,
        user0_.profile_image as profile14_10_,
        user0_.res_red_number as res_red15_10_,
        user0_.score as score16_10_ 
    from
        user user0_
Hibernate: 
    select
        roles0_.user_id as user_id1_11_0_,
        roles0_.roles as roles2_11_0_ 
    from
        user_roles roles0_ 
    where
        roles0_.user_id=?
Hibernate: 
    select
        roles0_.user_id as user_id1_11_0_,
        roles0_.roles as roles2_11_0_ 
    from
        user_roles roles0_ 
    where
        roles0_.user_id=?
Hibernate: 
    select
        roles0_.user_id as user_id1_11_0_,
        roles0_.roles as roles2_11_0_ 
    from
        user_roles roles0_ 
    where
        roles0_.user_id=?
Hibernate: 
    select
        roles0_.user_id as user_id1_11_0_,
        roles0_.roles as roles2_11_0_ 
    from
        user_roles roles0_ 
    where
        roles0_.user_id=?
Hibernate: 
    select
        roles0_.user_id as user_id1_11_0_,
        roles0_.roles as roles2_11_0_ 
    from
        user_roles roles0_ 
    where
        roles0_.user_id=?
Hibernate: 
    insert 
    into
        story_pin
        (created_at, updated_at, category, content, user_id, image, latitude, longitude, title) 
    values
        (?, ?, ?, ?, ?, ?, ?, ?, ?)
Hibernate: 
    select
        user0_.id as id1_10_,
        user0_.created_at as created_2_10_,
        user0_.updated_at as updated_3_10_,
        user0_.age as age4_10_,
        user0_.background_image as backgrou5_10_,
        user0_.email as email6_10_,
        user0_.gender as gender7_10_,
        user0_.hobby as hobby8_10_,
        user0_.introduce as introduc9_10_,
        user0_.job as job10_10_,
        user0_.name as name11_10_,
        user0_.nick_name as nick_na12_10_,
        user0_.phone_num as phone_n13_10_,
        user0_.profile_image as profile14_10_,
        user0_.res_red_number as res_red15_10_,
        user0_.score as score16_10_ 
    from
        user user0_
Hibernate: 
    select
        roles0_.user_id as user_id1_11_0_,
        roles0_.roles as roles2_11_0_ 
    from
        user_roles roles0_ 
    where
        roles0_.user_id=?
Hibernate: 
    select
        roles0_.user_id as user_id1_11_0_,
        roles0_.roles as roles2_11_0_ 
    from
        user_roles roles0_ 
    where
        roles0_.user_id=?
Hibernate: 
    select
        roles0_.user_id as user_id1_11_0_,
        roles0_.roles as roles2_11_0_ 
    from
        user_roles roles0_ 
    where
        roles0_.user_id=?
Hibernate: 
    select
        roles0_.user_id as user_id1_11_0_,
        roles0_.roles as roles2_11_0_ 
    from
        user_roles roles0_ 
    where
        roles0_.user_id=?
Hibernate: 
    select
        roles0_.user_id as user_id1_11_0_,
        roles0_.roles as roles2_11_0_ 
    from
        user_roles roles0_ 
    where
        roles0_.user_id=?
Hibernate: 
    insert 
    into
        story_pin
        (created_at, updated_at, category, content, user_id, image, latitude, longitude, title) 
    values
        (?, ?, ?, ?, ?, ?, ?, ?, ?)
Hibernate: 
    select
        user0_.id as id1_10_,
        user0_.created_at as created_2_10_,
        user0_.updated_at as updated_3_10_,
        user0_.age as age4_10_,
        user0_.background_image as backgrou5_10_,
        user0_.email as email6_10_,
        user0_.gender as gender7_10_,
        user0_.hobby as hobby8_10_,
        user0_.introduce as introduc9_10_,
        user0_.job as job10_10_,
        user0_.name as name11_10_,
        user0_.nick_name as nick_na12_10_,
        user0_.phone_num as phone_n13_10_,
        user0_.profile_image as profile14_10_,
        user0_.res_red_number as res_red15_10_,
        user0_.score as score16_10_ 
    from
        user user0_
Hibernate: 
    select
        roles0_.user_id as user_id1_11_0_,
        roles0_.roles as roles2_11_0_ 
    from
        user_roles roles0_ 
    where
        roles0_.user_id=?
Hibernate: 
    select
        roles0_.user_id as user_id1_11_0_,
        roles0_.roles as roles2_11_0_ 
    from
        user_roles roles0_ 
    where
        roles0_.user_id=?
Hibernate: 
    select
        roles0_.user_id as user_id1_11_0_,
        roles0_.roles as roles2_11_0_ 
    from
        user_roles roles0_ 
    where
        roles0_.user_id=?
Hibernate: 
    select
        roles0_.user_id as user_id1_11_0_,
        roles0_.roles as roles2_11_0_ 
    from
        user_roles roles0_ 
    where
        roles0_.user_id=?
Hibernate: 
    select
        roles0_.user_id as user_id1_11_0_,
        roles0_.roles as roles2_11_0_ 
    from
        user_roles roles0_ 
    where
        roles0_.user_id=?
Hibernate: 
    insert 
    into
        story_pin
        (created_at, updated_at, category, content, user_id, image, latitude, longitude, title) 
    values
        (?, ?, ?, ?, ?, ?, ?, ?, ?)
Hibernate: 
    select
        user0_.id as id1_10_,
        user0_.created_at as created_2_10_,
        user0_.updated_at as updated_3_10_,
        user0_.age as age4_10_,
        user0_.background_image as backgrou5_10_,
        user0_.email as email6_10_,
        user0_.gender as gender7_10_,
        user0_.hobby as hobby8_10_,
        user0_.introduce as introduc9_10_,
        user0_.job as job10_10_,
        user0_.name as name11_10_,
        user0_.nick_name as nick_na12_10_,
        user0_.phone_num as phone_n13_10_,
        user0_.profile_image as profile14_10_,
        user0_.res_red_number as res_red15_10_,
        user0_.score as score16_10_ 
    from
        user user0_
Hibernate: 
    select
        roles0_.user_id as user_id1_11_0_,
        roles0_.roles as roles2_11_0_ 
    from
        user_roles roles0_ 
    where
        roles0_.user_id=?
Hibernate: 
    select
        roles0_.user_id as user_id1_11_0_,
        roles0_.roles as roles2_11_0_ 
    from
        user_roles roles0_ 
    where
        roles0_.user_id=?
Hibernate: 
    select
        roles0_.user_id as user_id1_11_0_,
        roles0_.roles as roles2_11_0_ 
    from
        user_roles roles0_ 
    where
        roles0_.user_id=?
Hibernate: 
    select
        roles0_.user_id as user_id1_11_0_,
        roles0_.roles as roles2_11_0_ 
    from
        user_roles roles0_ 
    where
        roles0_.user_id=?
Hibernate: 
    select
        roles0_.user_id as user_id1_11_0_,
        roles0_.roles as roles2_11_0_ 
    from
        user_roles roles0_ 
    where
        roles0_.user_id=?
Hibernate: 
    insert 
    into
        story_pin
        (created_at, updated_at, category, content, user_id, image, latitude, longitude, title) 
    values
        (?, ?, ?, ?, ?, ?, ?, ?, ?)
Hibernate: 
    select
        user0_.id as id1_10_,
        user0_.created_at as created_2_10_,
        user0_.updated_at as updated_3_10_,
        user0_.age as age4_10_,
        user0_.background_image as backgrou5_10_,
        user0_.email as email6_10_,
        user0_.gender as gender7_10_,
        user0_.hobby as hobby8_10_,
        user0_.introduce as introduc9_10_,
        user0_.job as job10_10_,
        user0_.name as name11_10_,
        user0_.nick_name as nick_na12_10_,
        user0_.phone_num as phone_n13_10_,
        user0_.profile_image as profile14_10_,
        user0_.res_red_number as res_red15_10_,
        user0_.score as score16_10_ 
    from
        user user0_
Hibernate: 
    select
        roles0_.user_id as user_id1_11_0_,
        roles0_.roles as roles2_11_0_ 
    from
        user_roles roles0_ 
    where
        roles0_.user_id=?
Hibernate: 
    select
        roles0_.user_id as user_id1_11_0_,
        roles0_.roles as roles2_11_0_ 
    from
        user_roles roles0_ 
    where
        roles0_.user_id=?
Hibernate: 
    select
        roles0_.user_id as user_id1_11_0_,
        roles0_.roles as roles2_11_0_ 
    from
        user_roles roles0_ 
    where
        roles0_.user_id=?
Hibernate: 
    select
        roles0_.user_id as user_id1_11_0_,
        roles0_.roles as roles2_11_0_ 
    from
        user_roles roles0_ 
    where
        roles0_.user_id=?
Hibernate: 
    select
        roles0_.user_id as user_id1_11_0_,
        roles0_.roles as roles2_11_0_ 
    from
        user_roles roles0_ 
    where
        roles0_.user_id=?
Hibernate: 
    insert 
    into
        story_pin
        (created_at, updated_at, category, content, user_id, image, latitude, longitude, title) 
    values
        (?, ?, ?, ?, ?, ?, ?, ?, ?)
Hibernate: 
    select
        user0_.id as id1_10_,
        user0_.created_at as created_2_10_,
        user0_.updated_at as updated_3_10_,
        user0_.age as age4_10_,
        user0_.background_image as backgrou5_10_,
        user0_.email as email6_10_,
        user0_.gender as gender7_10_,
        user0_.hobby as hobby8_10_,
        user0_.introduce as introduc9_10_,
        user0_.job as job10_10_,
        user0_.name as name11_10_,
        user0_.nick_name as nick_na12_10_,
        user0_.phone_num as phone_n13_10_,
        user0_.profile_image as profile14_10_,
        user0_.res_red_number as res_red15_10_,
        user0_.score as score16_10_ 
    from
        user user0_
Hibernate: 
    select
        roles0_.user_id as user_id1_11_0_,
        roles0_.roles as roles2_11_0_ 
    from
        user_roles roles0_ 
    where
        roles0_.user_id=?
Hibernate: 
    select
        roles0_.user_id as user_id1_11_0_,
        roles0_.roles as roles2_11_0_ 
    from
        user_roles roles0_ 
    where
        roles0_.user_id=?
Hibernate: 
    select
        roles0_.user_id as user_id1_11_0_,
        roles0_.roles as roles2_11_0_ 
    from
        user_roles roles0_ 
    where
        roles0_.user_id=?
Hibernate: 
    select
        roles0_.user_id as user_id1_11_0_,
        roles0_.roles as roles2_11_0_ 
    from
        user_roles roles0_ 
    where
        roles0_.user_id=?
Hibernate: 
    select
        roles0_.user_id as user_id1_11_0_,
        roles0_.roles as roles2_11_0_ 
    from
        user_roles roles0_ 
    where
        roles0_.user_id=?
Hibernate: 
    insert 
    into
        story_pin
        (created_at, updated_at, category, content, user_id, image, latitude, longitude, title) 
    values
        (?, ?, ?, ?, ?, ?, ?, ?, ?)
Hibernate: 
    select
        user0_.id as id1_10_,
        user0_.created_at as created_2_10_,
        user0_.updated_at as updated_3_10_,
        user0_.age as age4_10_,
        user0_.background_image as backgrou5_10_,
        user0_.email as email6_10_,
        user0_.gender as gender7_10_,
        user0_.hobby as hobby8_10_,
        user0_.introduce as introduc9_10_,
        user0_.job as job10_10_,
        user0_.name as name11_10_,
        user0_.nick_name as nick_na12_10_,
        user0_.phone_num as phone_n13_10_,
        user0_.profile_image as profile14_10_,
        user0_.res_red_number as res_red15_10_,
        user0_.score as score16_10_ 
    from
        user user0_
Hibernate: 
    select
        roles0_.user_id as user_id1_11_0_,
        roles0_.roles as roles2_11_0_ 
    from
        user_roles roles0_ 
    where
        roles0_.user_id=?
Hibernate: 
    select
        roles0_.user_id as user_id1_11_0_,
        roles0_.roles as roles2_11_0_ 
    from
        user_roles roles0_ 
    where
        roles0_.user_id=?
Hibernate: 
    select
        roles0_.user_id as user_id1_11_0_,
        roles0_.roles as roles2_11_0_ 
    from
        user_roles roles0_ 
    where
        roles0_.user_id=?
Hibernate: 
    select
        roles0_.user_id as user_id1_11_0_,
        roles0_.roles as roles2_11_0_ 
    from
        user_roles roles0_ 
    where
        roles0_.user_id=?
Hibernate: 
    select
        roles0_.user_id as user_id1_11_0_,
        roles0_.roles as roles2_11_0_ 
    from
        user_roles roles0_ 
    where
        roles0_.user_id=?
Hibernate: 
    insert 
    into
        story_pin
        (created_at, updated_at, category, content, user_id, image, latitude, longitude, title) 
    values
        (?, ?, ?, ?, ?, ?, ?, ?, ?)
Hibernate: 
    select
        user0_.id as id1_10_,
        user0_.created_at as created_2_10_,
        user0_.updated_at as updated_3_10_,
        user0_.age as age4_10_,
        user0_.background_image as backgrou5_10_,
        user0_.email as email6_10_,
        user0_.gender as gender7_10_,
        user0_.hobby as hobby8_10_,
        user0_.introduce as introduc9_10_,
        user0_.job as job10_10_,
        user0_.name as name11_10_,
        user0_.nick_name as nick_na12_10_,
        user0_.phone_num as phone_n13_10_,
        user0_.profile_image as profile14_10_,
        user0_.res_red_number as res_red15_10_,
        user0_.score as score16_10_ 
    from
        user user0_
Hibernate: 
    select
        roles0_.user_id as user_id1_11_0_,
        roles0_.roles as roles2_11_0_ 
    from
        user_roles roles0_ 
    where
        roles0_.user_id=?
Hibernate: 
    select
        roles0_.user_id as user_id1_11_0_,
        roles0_.roles as roles2_11_0_ 
    from
        user_roles roles0_ 
    where
        roles0_.user_id=?
Hibernate: 
    select
        roles0_.user_id as user_id1_11_0_,
        roles0_.roles as roles2_11_0_ 
    from
        user_roles roles0_ 
    where
        roles0_.user_id=?
Hibernate: 
    select
        roles0_.user_id as user_id1_11_0_,
        roles0_.roles as roles2_11_0_ 
    from
        user_roles roles0_ 
    where
        roles0_.user_id=?
Hibernate: 
    select
        roles0_.user_id as user_id1_11_0_,
        roles0_.roles as roles2_11_0_ 
    from
        user_roles roles0_ 
    where
        roles0_.user_id=?
Hibernate: 
    insert 
    into
        story_pin
        (created_at, updated_at, category, content, user_id, image, latitude, longitude, title) 
    values
        (?, ?, ?, ?, ?, ?, ?, ?, ?)
Hibernate: 
    select
        user0_.id as id1_10_,
        user0_.created_at as created_2_10_,
        user0_.updated_at as updated_3_10_,
        user0_.age as age4_10_,
        user0_.background_image as backgrou5_10_,
        user0_.email as email6_10_,
        user0_.gender as gender7_10_,
        user0_.hobby as hobby8_10_,
        user0_.introduce as introduc9_10_,
        user0_.job as job10_10_,
        user0_.name as name11_10_,
        user0_.nick_name as nick_na12_10_,
        user0_.phone_num as phone_n13_10_,
        user0_.profile_image as profile14_10_,
        user0_.res_red_number as res_red15_10_,
        user0_.score as score16_10_ 
    from
        user user0_
Hibernate: 
    select
        roles0_.user_id as user_id1_11_0_,
        roles0_.roles as roles2_11_0_ 
    from
        user_roles roles0_ 
    where
        roles0_.user_id=?
Hibernate: 
    select
        roles0_.user_id as user_id1_11_0_,
        roles0_.roles as roles2_11_0_ 
    from
        user_roles roles0_ 
    where
        roles0_.user_id=?
Hibernate: 
    select
        roles0_.user_id as user_id1_11_0_,
        roles0_.roles as roles2_11_0_ 
    from
        user_roles roles0_ 
    where
        roles0_.user_id=?
Hibernate: 
    select
        roles0_.user_id as user_id1_11_0_,
        roles0_.roles as roles2_11_0_ 
    from
        user_roles roles0_ 
    where
        roles0_.user_id=?
Hibernate: 
    select
        roles0_.user_id as user_id1_11_0_,
        roles0_.roles as roles2_11_0_ 
    from
        user_roles roles0_ 
    where
        roles0_.user_id=?
Hibernate: 
    insert 
    into
        story_pin
        (created_at, updated_at, category, content, user_id, image, latitude, longitude, title) 
    values
        (?, ?, ?, ?, ?, ?, ?, ?, ?)
Hibernate: 
    select
        user0_.id as id1_10_,
        user0_.created_at as created_2_10_,
        user0_.updated_at as updated_3_10_,
        user0_.age as age4_10_,
        user0_.background_image as backgrou5_10_,
        user0_.email as email6_10_,
        user0_.gender as gender7_10_,
        user0_.hobby as hobby8_10_,
        user0_.introduce as introduc9_10_,
        user0_.job as job10_10_,
        user0_.name as name11_10_,
        user0_.nick_name as nick_na12_10_,
        user0_.phone_num as phone_n13_10_,
        user0_.profile_image as profile14_10_,
        user0_.res_red_number as res_red15_10_,
        user0_.score as score16_10_ 
    from
        user user0_
Hibernate: 
    select
        roles0_.user_id as user_id1_11_0_,
        roles0_.roles as roles2_11_0_ 
    from
        user_roles roles0_ 
    where
        roles0_.user_id=?
Hibernate: 
    select
        roles0_.user_id as user_id1_11_0_,
        roles0_.roles as roles2_11_0_ 
    from
        user_roles roles0_ 
    where
        roles0_.user_id=?
Hibernate: 
    select
        roles0_.user_id as user_id1_11_0_,
        roles0_.roles as roles2_11_0_ 
    from
        user_roles roles0_ 
    where
        roles0_.user_id=?
Hibernate: 
    select
        roles0_.user_id as user_id1_11_0_,
        roles0_.roles as roles2_11_0_ 
    from
        user_roles roles0_ 
    where
        roles0_.user_id=?
Hibernate: 
    select
        roles0_.user_id as user_id1_11_0_,
        roles0_.roles as roles2_11_0_ 
    from
        user_roles roles0_ 
    where
        roles0_.user_id=?
Hibernate: 
    insert 
    into
        story_pin
        (created_at, updated_at, category, content, user_id, image, latitude, longitude, title) 
    values
        (?, ?, ?, ?, ?, ?, ?, ?, ?)
Hibernate: 
    select
        user0_.id as id1_10_,
        user0_.created_at as created_2_10_,
        user0_.updated_at as updated_3_10_,
        user0_.age as age4_10_,
        user0_.background_image as backgrou5_10_,
        user0_.email as email6_10_,
        user0_.gender as gender7_10_,
        user0_.hobby as hobby8_10_,
        user0_.introduce as introduc9_10_,
        user0_.job as job10_10_,
        user0_.name as name11_10_,
        user0_.nick_name as nick_na12_10_,
        user0_.phone_num as phone_n13_10_,
        user0_.profile_image as profile14_10_,
        user0_.res_red_number as res_red15_10_,
        user0_.score as score16_10_ 
    from
        user user0_
Hibernate: 
    select
        roles0_.user_id as user_id1_11_0_,
        roles0_.roles as roles2_11_0_ 
    from
        user_roles roles0_ 
    where
        roles0_.user_id=?
Hibernate: 
    select
        roles0_.user_id as user_id1_11_0_,
        roles0_.roles as roles2_11_0_ 
    from
        user_roles roles0_ 
    where
        roles0_.user_id=?
Hibernate: 
    select
        roles0_.user_id as user_id1_11_0_,
        roles0_.roles as roles2_11_0_ 
    from
        user_roles roles0_ 
    where
        roles0_.user_id=?
Hibernate: 
    select
        roles0_.user_id as user_id1_11_0_,
        roles0_.roles as roles2_11_0_ 
    from
        user_roles roles0_ 
    where
        roles0_.user_id=?
Hibernate: 
    select
        roles0_.user_id as user_id1_11_0_,
        roles0_.roles as roles2_11_0_ 
    from
        user_roles roles0_ 
    where
        roles0_.user_id=?
Hibernate: 
    insert 
    into
        story_pin
        (created_at, updated_at, category, content, user_id, image, latitude, longitude, title) 
    values
        (?, ?, ?, ?, ?, ?, ?, ?, ?)
Hibernate: 
    select
        user0_.id as id1_10_,
        user0_.created_at as created_2_10_,
        user0_.updated_at as updated_3_10_,
        user0_.age as age4_10_,
        user0_.background_image as backgrou5_10_,
        user0_.email as email6_10_,
        user0_.gender as gender7_10_,
        user0_.hobby as hobby8_10_,
        user0_.introduce as introduc9_10_,
        user0_.job as job10_10_,
        user0_.name as name11_10_,
        user0_.nick_name as nick_na12_10_,
        user0_.phone_num as phone_n13_10_,
        user0_.profile_image as profile14_10_,
        user0_.res_red_number as res_red15_10_,
        user0_.score as score16_10_ 
    from
        user user0_
Hibernate: 
    select
        roles0_.user_id as user_id1_11_0_,
        roles0_.roles as roles2_11_0_ 
    from
        user_roles roles0_ 
    where
        roles0_.user_id=?
Hibernate: 
    select
        roles0_.user_id as user_id1_11_0_,
        roles0_.roles as roles2_11_0_ 
    from
        user_roles roles0_ 
    where
        roles0_.user_id=?
Hibernate: 
    select
        roles0_.user_id as user_id1_11_0_,
        roles0_.roles as roles2_11_0_ 
    from
        user_roles roles0_ 
    where
        roles0_.user_id=?
Hibernate: 
    select
        roles0_.user_id as user_id1_11_0_,
        roles0_.roles as roles2_11_0_ 
    from
        user_roles roles0_ 
    where
        roles0_.user_id=?
Hibernate: 
    select
        roles0_.user_id as user_id1_11_0_,
        roles0_.roles as roles2_11_0_ 
    from
        user_roles roles0_ 
    where
        roles0_.user_id=?
Hibernate: 
    insert 
    into
        story_pin
        (created_at, updated_at, category, content, user_id, image, latitude, longitude, title) 
    values
        (?, ?, ?, ?, ?, ?, ?, ?, ?)
Hibernate: 
    select
        user0_.id as id1_10_,
        user0_.created_at as created_2_10_,
        user0_.updated_at as updated_3_10_,
        user0_.age as age4_10_,
        user0_.background_image as backgrou5_10_,
        user0_.email as email6_10_,
        user0_.gender as gender7_10_,
        user0_.hobby as hobby8_10_,
        user0_.introduce as introduc9_10_,
        user0_.job as job10_10_,
        user0_.name as name11_10_,
        user0_.nick_name as nick_na12_10_,
        user0_.phone_num as phone_n13_10_,
        user0_.profile_image as profile14_10_,
        user0_.res_red_number as res_red15_10_,
        user0_.score as score16_10_ 
    from
        user user0_
Hibernate: 
    select
        roles0_.user_id as user_id1_11_0_,
        roles0_.roles as roles2_11_0_ 
    from
        user_roles roles0_ 
    where
        roles0_.user_id=?
Hibernate: 
    select
        roles0_.user_id as user_id1_11_0_,
        roles0_.roles as roles2_11_0_ 
    from
        user_roles roles0_ 
    where
        roles0_.user_id=?
Hibernate: 
    select
        roles0_.user_id as user_id1_11_0_,
        roles0_.roles as roles2_11_0_ 
    from
        user_roles roles0_ 
    where
        roles0_.user_id=?
Hibernate: 
    select
        roles0_.user_id as user_id1_11_0_,
        roles0_.roles as roles2_11_0_ 
    from
        user_roles roles0_ 
    where
        roles0_.user_id=?
Hibernate: 
    select
        roles0_.user_id as user_id1_11_0_,
        roles0_.roles as roles2_11_0_ 
    from
        user_roles roles0_ 
    where
        roles0_.user_id=?
Hibernate: 
    insert 
    into
        story_pin
        (created_at, updated_at, category, content, user_id, image, latitude, longitude, title) 
    values
        (?, ?, ?, ?, ?, ?, ?, ?, ?)
Hibernate: 
    select
        user0_.id as id1_10_,
        user0_.created_at as created_2_10_,
        user0_.updated_at as updated_3_10_,
        user0_.age as age4_10_,
        user0_.background_image as backgrou5_10_,
        user0_.email as email6_10_,
        user0_.gender as gender7_10_,
        user0_.hobby as hobby8_10_,
        user0_.introduce as introduc9_10_,
        user0_.job as job10_10_,
        user0_.name as name11_10_,
        user0_.nick_name as nick_na12_10_,
        user0_.phone_num as phone_n13_10_,
        user0_.profile_image as profile14_10_,
        user0_.res_red_number as res_red15_10_,
        user0_.score as score16_10_ 
    from
        user user0_
Hibernate: 
    select
        roles0_.user_id as user_id1_11_0_,
        roles0_.roles as roles2_11_0_ 
    from
        user_roles roles0_ 
    where
        roles0_.user_id=?
Hibernate: 
    select
        roles0_.user_id as user_id1_11_0_,
        roles0_.roles as roles2_11_0_ 
    from
        user_roles roles0_ 
    where
        roles0_.user_id=?
Hibernate: 
    select
        roles0_.user_id as user_id1_11_0_,
        roles0_.roles as roles2_11_0_ 
    from
        user_roles roles0_ 
    where
        roles0_.user_id=?
Hibernate: 
    select
        roles0_.user_id as user_id1_11_0_,
        roles0_.roles as roles2_11_0_ 
    from
        user_roles roles0_ 
    where
        roles0_.user_id=?
Hibernate: 
    select
        roles0_.user_id as user_id1_11_0_,
        roles0_.roles as roles2_11_0_ 
    from
        user_roles roles0_ 
    where
        roles0_.user_id=?
Hibernate: 
    insert 
    into
        story_pin
        (created_at, updated_at, category, content, user_id, image, latitude, longitude, title) 
    values
        (?, ?, ?, ?, ?, ?, ?, ?, ?)
Hibernate: 
    select
        user0_.id as id1_10_,
        user0_.created_at as created_2_10_,
        user0_.updated_at as updated_3_10_,
        user0_.age as age4_10_,
        user0_.background_image as backgrou5_10_,
        user0_.email as email6_10_,
        user0_.gender as gender7_10_,
        user0_.hobby as hobby8_10_,
        user0_.introduce as introduc9_10_,
        user0_.job as job10_10_,
        user0_.name as name11_10_,
        user0_.nick_name as nick_na12_10_,
        user0_.phone_num as phone_n13_10_,
        user0_.profile_image as profile14_10_,
        user0_.res_red_number as res_red15_10_,
        user0_.score as score16_10_ 
    from
        user user0_
Hibernate: 
    select
        roles0_.user_id as user_id1_11_0_,
        roles0_.roles as roles2_11_0_ 
    from
        user_roles roles0_ 
    where
        roles0_.user_id=?
Hibernate: 
    select
        roles0_.user_id as user_id1_11_0_,
        roles0_.roles as roles2_11_0_ 
    from
        user_roles roles0_ 
    where
        roles0_.user_id=?
Hibernate: 
    select
        roles0_.user_id as user_id1_11_0_,
        roles0_.roles as roles2_11_0_ 
    from
        user_roles roles0_ 
    where
        roles0_.user_id=?
Hibernate: 
    select
        roles0_.user_id as user_id1_11_0_,
        roles0_.roles as roles2_11_0_ 
    from
        user_roles roles0_ 
    where
        roles0_.user_id=?
Hibernate: 
    select
        roles0_.user_id as user_id1_11_0_,
        roles0_.roles as roles2_11_0_ 
    from
        user_roles roles0_ 
    where
        roles0_.user_id=?
Hibernate: 
    insert 
    into
        story_pin
        (created_at, updated_at, category, content, user_id, image, latitude, longitude, title) 
    values
        (?, ?, ?, ?, ?, ?, ?, ?, ?)
Hibernate: 
    select
        user0_.id as id1_10_,
        user0_.created_at as created_2_10_,
        user0_.updated_at as updated_3_10_,
        user0_.age as age4_10_,
        user0_.background_image as backgrou5_10_,
        user0_.email as email6_10_,
        user0_.gender as gender7_10_,
        user0_.hobby as hobby8_10_,
        user0_.introduce as introduc9_10_,
        user0_.job as job10_10_,
        user0_.name as name11_10_,
        user0_.nick_name as nick_na12_10_,
        user0_.phone_num as phone_n13_10_,
        user0_.profile_image as profile14_10_,
        user0_.res_red_number as res_red15_10_,
        user0_.score as score16_10_ 
    from
        user user0_
Hibernate: 
    select
        roles0_.user_id as user_id1_11_0_,
        roles0_.roles as roles2_11_0_ 
    from
        user_roles roles0_ 
    where
        roles0_.user_id=?
Hibernate: 
    select
        roles0_.user_id as user_id1_11_0_,
        roles0_.roles as roles2_11_0_ 
    from
        user_roles roles0_ 
    where
        roles0_.user_id=?
Hibernate: 
    select
        roles0_.user_id as user_id1_11_0_,
        roles0_.roles as roles2_11_0_ 
    from
        user_roles roles0_ 
    where
        roles0_.user_id=?
Hibernate: 
    select
        roles0_.user_id as user_id1_11_0_,
        roles0_.roles as roles2_11_0_ 
    from
        user_roles roles0_ 
    where
        roles0_.user_id=?
Hibernate: 
    select
        roles0_.user_id as user_id1_11_0_,
        roles0_.roles as roles2_11_0_ 
    from
        user_roles roles0_ 
    where
        roles0_.user_id=?
Hibernate: 
    insert 
    into
        story_pin
        (created_at, updated_at, category, content, user_id, image, latitude, longitude, title) 
    values
        (?, ?, ?, ?, ?, ?, ?, ?, ?)
Hibernate: 
    select
        user0_.id as id1_10_,
        user0_.created_at as created_2_10_,
        user0_.updated_at as updated_3_10_,
        user0_.age as age4_10_,
        user0_.background_image as backgrou5_10_,
        user0_.email as email6_10_,
        user0_.gender as gender7_10_,
        user0_.hobby as hobby8_10_,
        user0_.introduce as introduc9_10_,
        user0_.job as job10_10_,
        user0_.name as name11_10_,
        user0_.nick_name as nick_na12_10_,
        user0_.phone_num as phone_n13_10_,
        user0_.profile_image as profile14_10_,
        user0_.res_red_number as res_red15_10_,
        user0_.score as score16_10_ 
    from
        user user0_
Hibernate: 
    select
        roles0_.user_id as user_id1_11_0_,
        roles0_.roles as roles2_11_0_ 
    from
        user_roles roles0_ 
    where
        roles0_.user_id=?
Hibernate: 
    select
        roles0_.user_id as user_id1_11_0_,
        roles0_.roles as roles2_11_0_ 
    from
        user_roles roles0_ 
    where
        roles0_.user_id=?
Hibernate: 
    select
        roles0_.user_id as user_id1_11_0_,
        roles0_.roles as roles2_11_0_ 
    from
        user_roles roles0_ 
    where
        roles0_.user_id=?
Hibernate: 
    select
        roles0_.user_id as user_id1_11_0_,
        roles0_.roles as roles2_11_0_ 
    from
        user_roles roles0_ 
    where
        roles0_.user_id=?
Hibernate: 
    select
        roles0_.user_id as user_id1_11_0_,
        roles0_.roles as roles2_11_0_ 
    from
        user_roles roles0_ 
    where
        roles0_.user_id=?
Hibernate: 
    insert 
    into
        story_pin
        (created_at, updated_at, category, content, user_id, image, latitude, longitude, title) 
    values
        (?, ?, ?, ?, ?, ?, ?, ?, ?)
Hibernate: 
    select
        user0_.id as id1_10_,
        user0_.created_at as created_2_10_,
        user0_.updated_at as updated_3_10_,
        user0_.age as age4_10_,
        user0_.background_image as backgrou5_10_,
        user0_.email as email6_10_,
        user0_.gender as gender7_10_,
        user0_.hobby as hobby8_10_,
        user0_.introduce as introduc9_10_,
        user0_.job as job10_10_,
        user0_.name as name11_10_,
        user0_.nick_name as nick_na12_10_,
        user0_.phone_num as phone_n13_10_,
        user0_.profile_image as profile14_10_,
        user0_.res_red_number as res_red15_10_,
        user0_.score as score16_10_ 
    from
        user user0_
Hibernate: 
    select
        roles0_.user_id as user_id1_11_0_,
        roles0_.roles as roles2_11_0_ 
    from
        user_roles roles0_ 
    where
        roles0_.user_id=?
Hibernate: 
    select
        roles0_.user_id as user_id1_11_0_,
        roles0_.roles as roles2_11_0_ 
    from
        user_roles roles0_ 
    where
        roles0_.user_id=?
Hibernate: 
    select
        roles0_.user_id as user_id1_11_0_,
        roles0_.roles as roles2_11_0_ 
    from
        user_roles roles0_ 
    where
        roles0_.user_id=?
Hibernate: 
    select
        roles0_.user_id as user_id1_11_0_,
        roles0_.roles as roles2_11_0_ 
    from
        user_roles roles0_ 
    where
        roles0_.user_id=?
Hibernate: 
    select
        roles0_.user_id as user_id1_11_0_,
        roles0_.roles as roles2_11_0_ 
    from
        user_roles roles0_ 
    where
        roles0_.user_id=?
Hibernate: 
    insert 
    into
        story_pin
        (created_at, updated_at, category, content, user_id, image, latitude, longitude, title) 
    values
        (?, ?, ?, ?, ?, ?, ?, ?, ?)
Hibernate: 
    select
        user0_.id as id1_10_,
        user0_.created_at as created_2_10_,
        user0_.updated_at as updated_3_10_,
        user0_.age as age4_10_,
        user0_.background_image as backgrou5_10_,
        user0_.email as email6_10_,
        user0_.gender as gender7_10_,
        user0_.hobby as hobby8_10_,
        user0_.introduce as introduc9_10_,
        user0_.job as job10_10_,
        user0_.name as name11_10_,
        user0_.nick_name as nick_na12_10_,
        user0_.phone_num as phone_n13_10_,
        user0_.profile_image as profile14_10_,
        user0_.res_red_number as res_red15_10_,
        user0_.score as score16_10_ 
    from
        user user0_
Hibernate: 
    select
        roles0_.user_id as user_id1_11_0_,
        roles0_.roles as roles2_11_0_ 
    from
        user_roles roles0_ 
    where
        roles0_.user_id=?
Hibernate: 
    select
        roles0_.user_id as user_id1_11_0_,
        roles0_.roles as roles2_11_0_ 
    from
        user_roles roles0_ 
    where
        roles0_.user_id=?
Hibernate: 
    select
        roles0_.user_id as user_id1_11_0_,
        roles0_.roles as roles2_11_0_ 
    from
        user_roles roles0_ 
    where
        roles0_.user_id=?
Hibernate: 
    select
        roles0_.user_id as user_id1_11_0_,
        roles0_.roles as roles2_11_0_ 
    from
        user_roles roles0_ 
    where
        roles0_.user_id=?
Hibernate: 
    select
        roles0_.user_id as user_id1_11_0_,
        roles0_.roles as roles2_11_0_ 
    from
        user_roles roles0_ 
    where
        roles0_.user_id=?
Hibernate: 
    insert 
    into
        story_pin
        (created_at, updated_at, category, content, user_id, image, latitude, longitude, title) 
    values
        (?, ?, ?, ?, ?, ?, ?, ?, ?)
Hibernate: 
    select
        user0_.id as id1_10_,
        user0_.created_at as created_2_10_,
        user0_.updated_at as updated_3_10_,
        user0_.age as age4_10_,
        user0_.background_image as backgrou5_10_,
        user0_.email as email6_10_,
        user0_.gender as gender7_10_,
        user0_.hobby as hobby8_10_,
        user0_.introduce as introduc9_10_,
        user0_.job as job10_10_,
        user0_.name as name11_10_,
        user0_.nick_name as nick_na12_10_,
        user0_.phone_num as phone_n13_10_,
        user0_.profile_image as profile14_10_,
        user0_.res_red_number as res_red15_10_,
        user0_.score as score16_10_ 
    from
        user user0_
Hibernate: 
    select
        roles0_.user_id as user_id1_11_0_,
        roles0_.roles as roles2_11_0_ 
    from
        user_roles roles0_ 
    where
        roles0_.user_id=?
Hibernate: 
    select
        roles0_.user_id as user_id1_11_0_,
        roles0_.roles as roles2_11_0_ 
    from
        user_roles roles0_ 
    where
        roles0_.user_id=?
Hibernate: 
    select
        roles0_.user_id as user_id1_11_0_,
        roles0_.roles as roles2_11_0_ 
    from
        user_roles roles0_ 
    where
        roles0_.user_id=?
Hibernate: 
    select
        roles0_.user_id as user_id1_11_0_,
        roles0_.roles as roles2_11_0_ 
    from
        user_roles roles0_ 
    where
        roles0_.user_id=?
Hibernate: 
    select
        roles0_.user_id as user_id1_11_0_,
        roles0_.roles as roles2_11_0_ 
    from
        user_roles roles0_ 
    where
        roles0_.user_id=?
Hibernate: 
    insert 
    into
        story_pin
        (created_at, updated_at, category, content, user_id, image, latitude, longitude, title) 
    values
        (?, ?, ?, ?, ?, ?, ?, ?, ?)
Hibernate: 
    select
        user0_.id as id1_10_,
        user0_.created_at as created_2_10_,
        user0_.updated_at as updated_3_10_,
        user0_.age as age4_10_,
        user0_.background_image as backgrou5_10_,
        user0_.email as email6_10_,
        user0_.gender as gender7_10_,
        user0_.hobby as hobby8_10_,
        user0_.introduce as introduc9_10_,
        user0_.job as job10_10_,
        user0_.name as name11_10_,
        user0_.nick_name as nick_na12_10_,
        user0_.phone_num as phone_n13_10_,
        user0_.profile_image as profile14_10_,
        user0_.res_red_number as res_red15_10_,
        user0_.score as score16_10_ 
    from
        user user0_
Hibernate: 
    select
        roles0_.user_id as user_id1_11_0_,
        roles0_.roles as roles2_11_0_ 
    from
        user_roles roles0_ 
    where
        roles0_.user_id=?
Hibernate: 
    select
        roles0_.user_id as user_id1_11_0_,
        roles0_.roles as roles2_11_0_ 
    from
        user_roles roles0_ 
    where
        roles0_.user_id=?
Hibernate: 
    select
        roles0_.user_id as user_id1_11_0_,
        roles0_.roles as roles2_11_0_ 
    from
        user_roles roles0_ 
    where
        roles0_.user_id=?
Hibernate: 
    select
        roles0_.user_id as user_id1_11_0_,
        roles0_.roles as roles2_11_0_ 
    from
        user_roles roles0_ 
    where
        roles0_.user_id=?
Hibernate: 
    select
        roles0_.user_id as user_id1_11_0_,
        roles0_.roles as roles2_11_0_ 
    from
        user_roles roles0_ 
    where
        roles0_.user_id=?
Hibernate: 
    insert 
    into
        story_pin
        (created_at, updated_at, category, content, user_id, image, latitude, longitude, title) 
    values
        (?, ?, ?, ?, ?, ?, ?, ?, ?)
Hibernate: 
    select
        user0_.id as id1_10_,
        user0_.created_at as created_2_10_,
        user0_.updated_at as updated_3_10_,
        user0_.age as age4_10_,
        user0_.background_image as backgrou5_10_,
        user0_.email as email6_10_,
        user0_.gender as gender7_10_,
        user0_.hobby as hobby8_10_,
        user0_.introduce as introduc9_10_,
        user0_.job as job10_10_,
        user0_.name as name11_10_,
        user0_.nick_name as nick_na12_10_,
        user0_.phone_num as phone_n13_10_,
        user0_.profile_image as profile14_10_,
        user0_.res_red_number as res_red15_10_,
        user0_.score as score16_10_ 
    from
        user user0_
Hibernate: 
    select
        roles0_.user_id as user_id1_11_0_,
        roles0_.roles as roles2_11_0_ 
    from
        user_roles roles0_ 
    where
        roles0_.user_id=?
Hibernate: 
    select
        roles0_.user_id as user_id1_11_0_,
        roles0_.roles as roles2_11_0_ 
    from
        user_roles roles0_ 
    where
        roles0_.user_id=?
Hibernate: 
    select
        roles0_.user_id as user_id1_11_0_,
        roles0_.roles as roles2_11_0_ 
    from
        user_roles roles0_ 
    where
        roles0_.user_id=?
Hibernate: 
    select
        roles0_.user_id as user_id1_11_0_,
        roles0_.roles as roles2_11_0_ 
    from
        user_roles roles0_ 
    where
        roles0_.user_id=?
Hibernate: 
    select
        roles0_.user_id as user_id1_11_0_,
        roles0_.roles as roles2_11_0_ 
    from
        user_roles roles0_ 
    where
        roles0_.user_id=?
Hibernate: 
    insert 
    into
        story_pin
        (created_at, updated_at, category, content, user_id, image, latitude, longitude, title) 
    values
        (?, ?, ?, ?, ?, ?, ?, ?, ?)
Hibernate: 
    select
        user0_.id as id1_10_,
        user0_.created_at as created_2_10_,
        user0_.updated_at as updated_3_10_,
        user0_.age as age4_10_,
        user0_.background_image as backgrou5_10_,
        user0_.email as email6_10_,
        user0_.gender as gender7_10_,
        user0_.hobby as hobby8_10_,
        user0_.introduce as introduc9_10_,
        user0_.job as job10_10_,
        user0_.name as name11_10_,
        user0_.nick_name as nick_na12_10_,
        user0_.phone_num as phone_n13_10_,
        user0_.profile_image as profile14_10_,
        user0_.res_red_number as res_red15_10_,
        user0_.score as score16_10_ 
    from
        user user0_
Hibernate: 
    select
        roles0_.user_id as user_id1_11_0_,
        roles0_.roles as roles2_11_0_ 
    from
        user_roles roles0_ 
    where
        roles0_.user_id=?
Hibernate: 
    select
        roles0_.user_id as user_id1_11_0_,
        roles0_.roles as roles2_11_0_ 
    from
        user_roles roles0_ 
    where
        roles0_.user_id=?
Hibernate: 
    select
        roles0_.user_id as user_id1_11_0_,
        roles0_.roles as roles2_11_0_ 
    from
        user_roles roles0_ 
    where
        roles0_.user_id=?
Hibernate: 
    select
        roles0_.user_id as user_id1_11_0_,
        roles0_.roles as roles2_11_0_ 
    from
        user_roles roles0_ 
    where
        roles0_.user_id=?
Hibernate: 
    select
        roles0_.user_id as user_id1_11_0_,
        roles0_.roles as roles2_11_0_ 
    from
        user_roles roles0_ 
    where
        roles0_.user_id=?
Hibernate: 
    insert 
    into
        story_pin
        (created_at, updated_at, category, content, user_id, image, latitude, longitude, title) 
    values
        (?, ?, ?, ?, ?, ?, ?, ?, ?)
Hibernate: 
    select
        user0_.id as id1_10_,
        user0_.created_at as created_2_10_,
        user0_.updated_at as updated_3_10_,
        user0_.age as age4_10_,
        user0_.background_image as backgrou5_10_,
        user0_.email as email6_10_,
        user0_.gender as gender7_10_,
        user0_.hobby as hobby8_10_,
        user0_.introduce as introduc9_10_,
        user0_.job as job10_10_,
        user0_.name as name11_10_,
        user0_.nick_name as nick_na12_10_,
        user0_.phone_num as phone_n13_10_,
        user0_.profile_image as profile14_10_,
        user0_.res_red_number as res_red15_10_,
        user0_.score as score16_10_ 
    from
        user user0_
Hibernate: 
    select
        roles0_.user_id as user_id1_11_0_,
        roles0_.roles as roles2_11_0_ 
    from
        user_roles roles0_ 
    where
        roles0_.user_id=?
Hibernate: 
    select
        roles0_.user_id as user_id1_11_0_,
        roles0_.roles as roles2_11_0_ 
    from
        user_roles roles0_ 
    where
        roles0_.user_id=?
Hibernate: 
    select
        roles0_.user_id as user_id1_11_0_,
        roles0_.roles as roles2_11_0_ 
    from
        user_roles roles0_ 
    where
        roles0_.user_id=?
Hibernate: 
    select
        roles0_.user_id as user_id1_11_0_,
        roles0_.roles as roles2_11_0_ 
    from
        user_roles roles0_ 
    where
        roles0_.user_id=?
Hibernate: 
    select
        roles0_.user_id as user_id1_11_0_,
        roles0_.roles as roles2_11_0_ 
    from
        user_roles roles0_ 
    where
        roles0_.user_id=?
Hibernate: 
    insert 
    into
        story_pin
        (created_at, updated_at, category, content, user_id, image, latitude, longitude, title) 
    values
        (?, ?, ?, ?, ?, ?, ?, ?, ?)
Hibernate: 
    select
        user0_.id as id1_10_,
        user0_.created_at as created_2_10_,
        user0_.updated_at as updated_3_10_,
        user0_.age as age4_10_,
        user0_.background_image as backgrou5_10_,
        user0_.email as email6_10_,
        user0_.gender as gender7_10_,
        user0_.hobby as hobby8_10_,
        user0_.introduce as introduc9_10_,
        user0_.job as job10_10_,
        user0_.name as name11_10_,
        user0_.nick_name as nick_na12_10_,
        user0_.phone_num as phone_n13_10_,
        user0_.profile_image as profile14_10_,
        user0_.res_red_number as res_red15_10_,
        user0_.score as score16_10_ 
    from
        user user0_
Hibernate: 
    select
        roles0_.user_id as user_id1_11_0_,
        roles0_.roles as roles2_11_0_ 
    from
        user_roles roles0_ 
    where
        roles0_.user_id=?
Hibernate: 
    select
        roles0_.user_id as user_id1_11_0_,
        roles0_.roles as roles2_11_0_ 
    from
        user_roles roles0_ 
    where
        roles0_.user_id=?
Hibernate: 
    select
        roles0_.user_id as user_id1_11_0_,
        roles0_.roles as roles2_11_0_ 
    from
        user_roles roles0_ 
    where
        roles0_.user_id=?
Hibernate: 
    select
        roles0_.user_id as user_id1_11_0_,
        roles0_.roles as roles2_11_0_ 
    from
        user_roles roles0_ 
    where
        roles0_.user_id=?
Hibernate: 
    select
        roles0_.user_id as user_id1_11_0_,
        roles0_.roles as roles2_11_0_ 
    from
        user_roles roles0_ 
    where
        roles0_.user_id=?
Hibernate: 
    insert 
    into
        story_pin
        (created_at, updated_at, category, content, user_id, image, latitude, longitude, title) 
    values
        (?, ?, ?, ?, ?, ?, ?, ?, ?)
Hibernate: 
    select
        user0_.id as id1_10_,
        user0_.created_at as created_2_10_,
        user0_.updated_at as updated_3_10_,
        user0_.age as age4_10_,
        user0_.background_image as backgrou5_10_,
        user0_.email as email6_10_,
        user0_.gender as gender7_10_,
        user0_.hobby as hobby8_10_,
        user0_.introduce as introduc9_10_,
        user0_.job as job10_10_,
        user0_.name as name11_10_,
        user0_.nick_name as nick_na12_10_,
        user0_.phone_num as phone_n13_10_,
        user0_.profile_image as profile14_10_,
        user0_.res_red_number as res_red15_10_,
        user0_.score as score16_10_ 
    from
        user user0_
Hibernate: 
    select
        roles0_.user_id as user_id1_11_0_,
        roles0_.roles as roles2_11_0_ 
    from
        user_roles roles0_ 
    where
        roles0_.user_id=?
Hibernate: 
    select
        roles0_.user_id as user_id1_11_0_,
        roles0_.roles as roles2_11_0_ 
    from
        user_roles roles0_ 
    where
        roles0_.user_id=?
Hibernate: 
    select
        roles0_.user_id as user_id1_11_0_,
        roles0_.roles as roles2_11_0_ 
    from
        user_roles roles0_ 
    where
        roles0_.user_id=?
Hibernate: 
    select
        roles0_.user_id as user_id1_11_0_,
        roles0_.roles as roles2_11_0_ 
    from
        user_roles roles0_ 
    where
        roles0_.user_id=?
Hibernate: 
    select
        roles0_.user_id as user_id1_11_0_,
        roles0_.roles as roles2_11_0_ 
    from
        user_roles roles0_ 
    where
        roles0_.user_id=?
Hibernate: 
    insert 
    into
        story_pin
        (created_at, updated_at, category, content, user_id, image, latitude, longitude, title) 
    values
        (?, ?, ?, ?, ?, ?, ?, ?, ?)
Hibernate: 
    select
        user0_.id as id1_10_,
        user0_.created_at as created_2_10_,
        user0_.updated_at as updated_3_10_,
        user0_.age as age4_10_,
        user0_.background_image as backgrou5_10_,
        user0_.email as email6_10_,
        user0_.gender as gender7_10_,
        user0_.hobby as hobby8_10_,
        user0_.introduce as introduc9_10_,
        user0_.job as job10_10_,
        user0_.name as name11_10_,
        user0_.nick_name as nick_na12_10_,
        user0_.phone_num as phone_n13_10_,
        user0_.profile_image as profile14_10_,
        user0_.res_red_number as res_red15_10_,
        user0_.score as score16_10_ 
    from
        user user0_
Hibernate: 
    select
        roles0_.user_id as user_id1_11_0_,
        roles0_.roles as roles2_11_0_ 
    from
        user_roles roles0_ 
    where
        roles0_.user_id=?
Hibernate: 
    select
        roles0_.user_id as user_id1_11_0_,
        roles0_.roles as roles2_11_0_ 
    from
        user_roles roles0_ 
    where
        roles0_.user_id=?
Hibernate: 
    select
        roles0_.user_id as user_id1_11_0_,
        roles0_.roles as roles2_11_0_ 
    from
        user_roles roles0_ 
    where
        roles0_.user_id=?
Hibernate: 
    select
        roles0_.user_id as user_id1_11_0_,
        roles0_.roles as roles2_11_0_ 
    from
        user_roles roles0_ 
    where
        roles0_.user_id=?
Hibernate: 
    select
        roles0_.user_id as user_id1_11_0_,
        roles0_.roles as roles2_11_0_ 
    from
        user_roles roles0_ 
    where
        roles0_.user_id=?
Hibernate: 
    insert 
    into
        story_pin
        (created_at, updated_at, category, content, user_id, image, latitude, longitude, title) 
    values
        (?, ?, ?, ?, ?, ?, ?, ?, ?)
Hibernate: 
    select
        user0_.id as id1_10_,
        user0_.created_at as created_2_10_,
        user0_.updated_at as updated_3_10_,
        user0_.age as age4_10_,
        user0_.background_image as backgrou5_10_,
        user0_.email as email6_10_,
        user0_.gender as gender7_10_,
        user0_.hobby as hobby8_10_,
        user0_.introduce as introduc9_10_,
        user0_.job as job10_10_,
        user0_.name as name11_10_,
        user0_.nick_name as nick_na12_10_,
        user0_.phone_num as phone_n13_10_,
        user0_.profile_image as profile14_10_,
        user0_.res_red_number as res_red15_10_,
        user0_.score as score16_10_ 
    from
        user user0_
Hibernate: 
    select
        roles0_.user_id as user_id1_11_0_,
        roles0_.roles as roles2_11_0_ 
    from
        user_roles roles0_ 
    where
        roles0_.user_id=?
Hibernate: 
    select
        roles0_.user_id as user_id1_11_0_,
        roles0_.roles as roles2_11_0_ 
    from
        user_roles roles0_ 
    where
        roles0_.user_id=?
Hibernate: 
    select
        roles0_.user_id as user_id1_11_0_,
        roles0_.roles as roles2_11_0_ 
    from
        user_roles roles0_ 
    where
        roles0_.user_id=?
Hibernate: 
    select
        roles0_.user_id as user_id1_11_0_,
        roles0_.roles as roles2_11_0_ 
    from
        user_roles roles0_ 
    where
        roles0_.user_id=?
Hibernate: 
    select
        roles0_.user_id as user_id1_11_0_,
        roles0_.roles as roles2_11_0_ 
    from
        user_roles roles0_ 
    where
        roles0_.user_id=?
Hibernate: 
    insert 
    into
        story_pin
        (created_at, updated_at, category, content, user_id, image, latitude, longitude, title) 
    values
        (?, ?, ?, ?, ?, ?, ?, ?, ?)
Hibernate: 
    select
        user0_.id as id1_10_,
        user0_.created_at as created_2_10_,
        user0_.updated_at as updated_3_10_,
        user0_.age as age4_10_,
        user0_.background_image as backgrou5_10_,
        user0_.email as email6_10_,
        user0_.gender as gender7_10_,
        user0_.hobby as hobby8_10_,
        user0_.introduce as introduc9_10_,
        user0_.job as job10_10_,
        user0_.name as name11_10_,
        user0_.nick_name as nick_na12_10_,
        user0_.phone_num as phone_n13_10_,
        user0_.profile_image as profile14_10_,
        user0_.res_red_number as res_red15_10_,
        user0_.score as score16_10_ 
    from
        user user0_
Hibernate: 
    select
        roles0_.user_id as user_id1_11_0_,
        roles0_.roles as roles2_11_0_ 
    from
        user_roles roles0_ 
    where
        roles0_.user_id=?
Hibernate: 
    select
        roles0_.user_id as user_id1_11_0_,
        roles0_.roles as roles2_11_0_ 
    from
        user_roles roles0_ 
    where
        roles0_.user_id=?
Hibernate: 
    select
        roles0_.user_id as user_id1_11_0_,
        roles0_.roles as roles2_11_0_ 
    from
        user_roles roles0_ 
    where
        roles0_.user_id=?
Hibernate: 
    select
        roles0_.user_id as user_id1_11_0_,
        roles0_.roles as roles2_11_0_ 
    from
        user_roles roles0_ 
    where
        roles0_.user_id=?
Hibernate: 
    select
        roles0_.user_id as user_id1_11_0_,
        roles0_.roles as roles2_11_0_ 
    from
        user_roles roles0_ 
    where
        roles0_.user_id=?
Hibernate: 
    insert 
    into
        story_pin
        (created_at, updated_at, category, content, user_id, image, latitude, longitude, title) 
    values
        (?, ?, ?, ?, ?, ?, ?, ?, ?)
Hibernate: 
    select
        user0_.id as id1_10_,
        user0_.created_at as created_2_10_,
        user0_.updated_at as updated_3_10_,
        user0_.age as age4_10_,
        user0_.background_image as backgrou5_10_,
        user0_.email as email6_10_,
        user0_.gender as gender7_10_,
        user0_.hobby as hobby8_10_,
        user0_.introduce as introduc9_10_,
        user0_.job as job10_10_,
        user0_.name as name11_10_,
        user0_.nick_name as nick_na12_10_,
        user0_.phone_num as phone_n13_10_,
        user0_.profile_image as profile14_10_,
        user0_.res_red_number as res_red15_10_,
        user0_.score as score16_10_ 
    from
        user user0_
Hibernate: 
    select
        roles0_.user_id as user_id1_11_0_,
        roles0_.roles as roles2_11_0_ 
    from
        user_roles roles0_ 
    where
        roles0_.user_id=?
Hibernate: 
    select
        roles0_.user_id as user_id1_11_0_,
        roles0_.roles as roles2_11_0_ 
    from
        user_roles roles0_ 
    where
        roles0_.user_id=?
Hibernate: 
    select
        roles0_.user_id as user_id1_11_0_,
        roles0_.roles as roles2_11_0_ 
    from
        user_roles roles0_ 
    where
        roles0_.user_id=?
Hibernate: 
    select
        roles0_.user_id as user_id1_11_0_,
        roles0_.roles as roles2_11_0_ 
    from
        user_roles roles0_ 
    where
        roles0_.user_id=?
Hibernate: 
    select
        roles0_.user_id as user_id1_11_0_,
        roles0_.roles as roles2_11_0_ 
    from
        user_roles roles0_ 
    where
        roles0_.user_id=?
Hibernate: 
    insert 
    into
        story_pin
        (created_at, updated_at, category, content, user_id, image, latitude, longitude, title) 
    values
        (?, ?, ?, ?, ?, ?, ?, ?, ?)
Hibernate: 
    select
        user0_.id as id1_10_,
        user0_.created_at as created_2_10_,
        user0_.updated_at as updated_3_10_,
        user0_.age as age4_10_,
        user0_.background_image as backgrou5_10_,
        user0_.email as email6_10_,
        user0_.gender as gender7_10_,
        user0_.hobby as hobby8_10_,
        user0_.introduce as introduc9_10_,
        user0_.job as job10_10_,
        user0_.name as name11_10_,
        user0_.nick_name as nick_na12_10_,
        user0_.phone_num as phone_n13_10_,
        user0_.profile_image as profile14_10_,
        user0_.res_red_number as res_red15_10_,
        user0_.score as score16_10_ 
    from
        user user0_
Hibernate: 
    select
        roles0_.user_id as user_id1_11_0_,
        roles0_.roles as roles2_11_0_ 
    from
        user_roles roles0_ 
    where
        roles0_.user_id=?
Hibernate: 
    select
        roles0_.user_id as user_id1_11_0_,
        roles0_.roles as roles2_11_0_ 
    from
        user_roles roles0_ 
    where
        roles0_.user_id=?
Hibernate: 
    select
        roles0_.user_id as user_id1_11_0_,
        roles0_.roles as roles2_11_0_ 
    from
        user_roles roles0_ 
    where
        roles0_.user_id=?
Hibernate: 
    select
        roles0_.user_id as user_id1_11_0_,
        roles0_.roles as roles2_11_0_ 
    from
        user_roles roles0_ 
    where
        roles0_.user_id=?
Hibernate: 
    select
        roles0_.user_id as user_id1_11_0_,
        roles0_.roles as roles2_11_0_ 
    from
        user_roles roles0_ 
    where
        roles0_.user_id=?
Hibernate: 
    insert 
    into
        story_pin
        (created_at, updated_at, category, content, user_id, image, latitude, longitude, title) 
    values
        (?, ?, ?, ?, ?, ?, ?, ?, ?)
Hibernate: 
    select
        user0_.id as id1_10_,
        user0_.created_at as created_2_10_,
        user0_.updated_at as updated_3_10_,
        user0_.age as age4_10_,
        user0_.background_image as backgrou5_10_,
        user0_.email as email6_10_,
        user0_.gender as gender7_10_,
        user0_.hobby as hobby8_10_,
        user0_.introduce as introduc9_10_,
        user0_.job as job10_10_,
        user0_.name as name11_10_,
        user0_.nick_name as nick_na12_10_,
        user0_.phone_num as phone_n13_10_,
        user0_.profile_image as profile14_10_,
        user0_.res_red_number as res_red15_10_,
        user0_.score as score16_10_ 
    from
        user user0_
Hibernate: 
    select
        roles0_.user_id as user_id1_11_0_,
        roles0_.roles as roles2_11_0_ 
    from
        user_roles roles0_ 
    where
        roles0_.user_id=?
Hibernate: 
    select
        roles0_.user_id as user_id1_11_0_,
        roles0_.roles as roles2_11_0_ 
    from
        user_roles roles0_ 
    where
        roles0_.user_id=?
Hibernate: 
    select
        roles0_.user_id as user_id1_11_0_,
        roles0_.roles as roles2_11_0_ 
    from
        user_roles roles0_ 
    where
        roles0_.user_id=?
Hibernate: 
    select
        roles0_.user_id as user_id1_11_0_,
        roles0_.roles as roles2_11_0_ 
    from
        user_roles roles0_ 
    where
        roles0_.user_id=?
Hibernate: 
    select
        roles0_.user_id as user_id1_11_0_,
        roles0_.roles as roles2_11_0_ 
    from
        user_roles roles0_ 
    where
        roles0_.user_id=?
Hibernate: 
    insert 
    into
        story_pin
        (created_at, updated_at, category, content, user_id, image, latitude, longitude, title) 
    values
        (?, ?, ?, ?, ?, ?, ?, ?, ?)
Hibernate: 
    select
        user0_.id as id1_10_,
        user0_.created_at as created_2_10_,
        user0_.updated_at as updated_3_10_,
        user0_.age as age4_10_,
        user0_.background_image as backgrou5_10_,
        user0_.email as email6_10_,
        user0_.gender as gender7_10_,
        user0_.hobby as hobby8_10_,
        user0_.introduce as introduc9_10_,
        user0_.job as job10_10_,
        user0_.name as name11_10_,
        user0_.nick_name as nick_na12_10_,
        user0_.phone_num as phone_n13_10_,
        user0_.profile_image as profile14_10_,
        user0_.res_red_number as res_red15_10_,
        user0_.score as score16_10_ 
    from
        user user0_
Hibernate: 
    select
        roles0_.user_id as user_id1_11_0_,
        roles0_.roles as roles2_11_0_ 
    from
        user_roles roles0_ 
    where
        roles0_.user_id=?
Hibernate: 
    select
        roles0_.user_id as user_id1_11_0_,
        roles0_.roles as roles2_11_0_ 
    from
        user_roles roles0_ 
    where
        roles0_.user_id=?
Hibernate: 
    select
        roles0_.user_id as user_id1_11_0_,
        roles0_.roles as roles2_11_0_ 
    from
        user_roles roles0_ 
    where
        roles0_.user_id=?
Hibernate: 
    select
        roles0_.user_id as user_id1_11_0_,
        roles0_.roles as roles2_11_0_ 
    from
        user_roles roles0_ 
    where
        roles0_.user_id=?
Hibernate: 
    select
        roles0_.user_id as user_id1_11_0_,
        roles0_.roles as roles2_11_0_ 
    from
        user_roles roles0_ 
    where
        roles0_.user_id=?
Hibernate: 
    insert 
    into
        story_pin
        (created_at, updated_at, category, content, user_id, image, latitude, longitude, title) 
    values
        (?, ?, ?, ?, ?, ?, ?, ?, ?)
Hibernate: 
    select
        user0_.id as id1_10_,
        user0_.created_at as created_2_10_,
        user0_.updated_at as updated_3_10_,
        user0_.age as age4_10_,
        user0_.background_image as backgrou5_10_,
        user0_.email as email6_10_,
        user0_.gender as gender7_10_,
        user0_.hobby as hobby8_10_,
        user0_.introduce as introduc9_10_,
        user0_.job as job10_10_,
        user0_.name as name11_10_,
        user0_.nick_name as nick_na12_10_,
        user0_.phone_num as phone_n13_10_,
        user0_.profile_image as profile14_10_,
        user0_.res_red_number as res_red15_10_,
        user0_.score as score16_10_ 
    from
        user user0_
Hibernate: 
    select
        roles0_.user_id as user_id1_11_0_,
        roles0_.roles as roles2_11_0_ 
    from
        user_roles roles0_ 
    where
        roles0_.user_id=?
Hibernate: 
    select
        roles0_.user_id as user_id1_11_0_,
        roles0_.roles as roles2_11_0_ 
    from
        user_roles roles0_ 
    where
        roles0_.user_id=?
Hibernate: 
    select
        roles0_.user_id as user_id1_11_0_,
        roles0_.roles as roles2_11_0_ 
    from
        user_roles roles0_ 
    where
        roles0_.user_id=?
Hibernate: 
    select
        roles0_.user_id as user_id1_11_0_,
        roles0_.roles as roles2_11_0_ 
    from
        user_roles roles0_ 
    where
        roles0_.user_id=?
Hibernate: 
    select
        roles0_.user_id as user_id1_11_0_,
        roles0_.roles as roles2_11_0_ 
    from
        user_roles roles0_ 
    where
        roles0_.user_id=?
Hibernate: 
    insert 
    into
        story_pin
        (created_at, updated_at, category, content, user_id, image, latitude, longitude, title) 
    values
        (?, ?, ?, ?, ?, ?, ?, ?, ?)
Hibernate: 
    select
        user0_.id as id1_10_,
        user0_.created_at as created_2_10_,
        user0_.updated_at as updated_3_10_,
        user0_.age as age4_10_,
        user0_.background_image as backgrou5_10_,
        user0_.email as email6_10_,
        user0_.gender as gender7_10_,
        user0_.hobby as hobby8_10_,
        user0_.introduce as introduc9_10_,
        user0_.job as job10_10_,
        user0_.name as name11_10_,
        user0_.nick_name as nick_na12_10_,
        user0_.phone_num as phone_n13_10_,
        user0_.profile_image as profile14_10_,
        user0_.res_red_number as res_red15_10_,
        user0_.score as score16_10_ 
    from
        user user0_
Hibernate: 
    select
        roles0_.user_id as user_id1_11_0_,
        roles0_.roles as roles2_11_0_ 
    from
        user_roles roles0_ 
    where
        roles0_.user_id=?
Hibernate: 
    select
        roles0_.user_id as user_id1_11_0_,
        roles0_.roles as roles2_11_0_ 
    from
        user_roles roles0_ 
    where
        roles0_.user_id=?
Hibernate: 
    select
        roles0_.user_id as user_id1_11_0_,
        roles0_.roles as roles2_11_0_ 
    from
        user_roles roles0_ 
    where
        roles0_.user_id=?
Hibernate: 
    select
        roles0_.user_id as user_id1_11_0_,
        roles0_.roles as roles2_11_0_ 
    from
        user_roles roles0_ 
    where
        roles0_.user_id=?
Hibernate: 
    select
        roles0_.user_id as user_id1_11_0_,
        roles0_.roles as roles2_11_0_ 
    from
        user_roles roles0_ 
    where
        roles0_.user_id=?
Hibernate: 
    insert 
    into
        story_pin
        (created_at, updated_at, category, content, user_id, image, latitude, longitude, title) 
    values
        (?, ?, ?, ?, ?, ?, ?, ?, ?)
Hibernate: 
    select
        user0_.id as id1_10_,
        user0_.created_at as created_2_10_,
        user0_.updated_at as updated_3_10_,
        user0_.age as age4_10_,
        user0_.background_image as backgrou5_10_,
        user0_.email as email6_10_,
        user0_.gender as gender7_10_,
        user0_.hobby as hobby8_10_,
        user0_.introduce as introduc9_10_,
        user0_.job as job10_10_,
        user0_.name as name11_10_,
        user0_.nick_name as nick_na12_10_,
        user0_.phone_num as phone_n13_10_,
        user0_.profile_image as profile14_10_,
        user0_.res_red_number as res_red15_10_,
        user0_.score as score16_10_ 
    from
        user user0_
Hibernate: 
    select
        roles0_.user_id as user_id1_11_0_,
        roles0_.roles as roles2_11_0_ 
    from
        user_roles roles0_ 
    where
        roles0_.user_id=?
Hibernate: 
    select
        roles0_.user_id as user_id1_11_0_,
        roles0_.roles as roles2_11_0_ 
    from
        user_roles roles0_ 
    where
        roles0_.user_id=?
Hibernate: 
    select
        roles0_.user_id as user_id1_11_0_,
        roles0_.roles as roles2_11_0_ 
    from
        user_roles roles0_ 
    where
        roles0_.user_id=?
Hibernate: 
    select
        roles0_.user_id as user_id1_11_0_,
        roles0_.roles as roles2_11_0_ 
    from
        user_roles roles0_ 
    where
        roles0_.user_id=?
Hibernate: 
    select
        roles0_.user_id as user_id1_11_0_,
        roles0_.roles as roles2_11_0_ 
    from
        user_roles roles0_ 
    where
        roles0_.user_id=?
Hibernate: 
    insert 
    into
        story_pin
        (created_at, updated_at, category, content, user_id, image, latitude, longitude, title) 
    values
        (?, ?, ?, ?, ?, ?, ?, ?, ?)
Hibernate: 
    select
        user0_.id as id1_10_,
        user0_.created_at as created_2_10_,
        user0_.updated_at as updated_3_10_,
        user0_.age as age4_10_,
        user0_.background_image as backgrou5_10_,
        user0_.email as email6_10_,
        user0_.gender as gender7_10_,
        user0_.hobby as hobby8_10_,
        user0_.introduce as introduc9_10_,
        user0_.job as job10_10_,
        user0_.name as name11_10_,
        user0_.nick_name as nick_na12_10_,
        user0_.phone_num as phone_n13_10_,
        user0_.profile_image as profile14_10_,
        user0_.res_red_number as res_red15_10_,
        user0_.score as score16_10_ 
    from
        user user0_
Hibernate: 
    select
        roles0_.user_id as user_id1_11_0_,
        roles0_.roles as roles2_11_0_ 
    from
        user_roles roles0_ 
    where
        roles0_.user_id=?
Hibernate: 
    select
        roles0_.user_id as user_id1_11_0_,
        roles0_.roles as roles2_11_0_ 
    from
        user_roles roles0_ 
    where
        roles0_.user_id=?
Hibernate: 
    select
        roles0_.user_id as user_id1_11_0_,
        roles0_.roles as roles2_11_0_ 
    from
        user_roles roles0_ 
    where
        roles0_.user_id=?
Hibernate: 
    select
        roles0_.user_id as user_id1_11_0_,
        roles0_.roles as roles2_11_0_ 
    from
        user_roles roles0_ 
    where
        roles0_.user_id=?
Hibernate: 
    select
        roles0_.user_id as user_id1_11_0_,
        roles0_.roles as roles2_11_0_ 
    from
        user_roles roles0_ 
    where
        roles0_.user_id=?
Hibernate: 
    insert 
    into
        story_pin
        (created_at, updated_at, category, content, user_id, image, latitude, longitude, title) 
    values
        (?, ?, ?, ?, ?, ?, ?, ?, ?)
Hibernate: 
    select
        user0_.id as id1_10_,
        user0_.created_at as created_2_10_,
        user0_.updated_at as updated_3_10_,
        user0_.age as age4_10_,
        user0_.background_image as backgrou5_10_,
        user0_.email as email6_10_,
        user0_.gender as gender7_10_,
        user0_.hobby as hobby8_10_,
        user0_.introduce as introduc9_10_,
        user0_.job as job10_10_,
        user0_.name as name11_10_,
        user0_.nick_name as nick_na12_10_,
        user0_.phone_num as phone_n13_10_,
        user0_.profile_image as profile14_10_,
        user0_.res_red_number as res_red15_10_,
        user0_.score as score16_10_ 
    from
        user user0_
Hibernate: 
    select
        roles0_.user_id as user_id1_11_0_,
        roles0_.roles as roles2_11_0_ 
    from
        user_roles roles0_ 
    where
        roles0_.user_id=?
Hibernate: 
    select
        roles0_.user_id as user_id1_11_0_,
        roles0_.roles as roles2_11_0_ 
    from
        user_roles roles0_ 
    where
        roles0_.user_id=?
Hibernate: 
    select
        roles0_.user_id as user_id1_11_0_,
        roles0_.roles as roles2_11_0_ 
    from
        user_roles roles0_ 
    where
        roles0_.user_id=?
Hibernate: 
    select
        roles0_.user_id as user_id1_11_0_,
        roles0_.roles as roles2_11_0_ 
    from
        user_roles roles0_ 
    where
        roles0_.user_id=?
Hibernate: 
    select
        roles0_.user_id as user_id1_11_0_,
        roles0_.roles as roles2_11_0_ 
    from
        user_roles roles0_ 
    where
        roles0_.user_id=?
Hibernate: 
    insert 
    into
        story_pin
        (created_at, updated_at, category, content, user_id, image, latitude, longitude, title) 
    values
        (?, ?, ?, ?, ?, ?, ?, ?, ?)
Hibernate: 
    select
        user0_.id as id1_10_,
        user0_.created_at as created_2_10_,
        user0_.updated_at as updated_3_10_,
        user0_.age as age4_10_,
        user0_.background_image as backgrou5_10_,
        user0_.email as email6_10_,
        user0_.gender as gender7_10_,
        user0_.hobby as hobby8_10_,
        user0_.introduce as introduc9_10_,
        user0_.job as job10_10_,
        user0_.name as name11_10_,
        user0_.nick_name as nick_na12_10_,
        user0_.phone_num as phone_n13_10_,
        user0_.profile_image as profile14_10_,
        user0_.res_red_number as res_red15_10_,
        user0_.score as score16_10_ 
    from
        user user0_
Hibernate: 
    select
        roles0_.user_id as user_id1_11_0_,
        roles0_.roles as roles2_11_0_ 
    from
        user_roles roles0_ 
    where
        roles0_.user_id=?
Hibernate: 
    select
        roles0_.user_id as user_id1_11_0_,
        roles0_.roles as roles2_11_0_ 
    from
        user_roles roles0_ 
    where
        roles0_.user_id=?
Hibernate: 
    select
        roles0_.user_id as user_id1_11_0_,
        roles0_.roles as roles2_11_0_ 
    from
        user_roles roles0_ 
    where
        roles0_.user_id=?
Hibernate: 
    select
        roles0_.user_id as user_id1_11_0_,
        roles0_.roles as roles2_11_0_ 
    from
        user_roles roles0_ 
    where
        roles0_.user_id=?
Hibernate: 
    select
        roles0_.user_id as user_id1_11_0_,
        roles0_.roles as roles2_11_0_ 
    from
        user_roles roles0_ 
    where
        roles0_.user_id=?
Hibernate: 
    insert 
    into
        story_pin
        (created_at, updated_at, category, content, user_id, image, latitude, longitude, title) 
    values
        (?, ?, ?, ?, ?, ?, ?, ?, ?)
Hibernate: 
    select
        user0_.id as id1_10_,
        user0_.created_at as created_2_10_,
        user0_.updated_at as updated_3_10_,
        user0_.age as age4_10_,
        user0_.background_image as backgrou5_10_,
        user0_.email as email6_10_,
        user0_.gender as gender7_10_,
        user0_.hobby as hobby8_10_,
        user0_.introduce as introduc9_10_,
        user0_.job as job10_10_,
        user0_.name as name11_10_,
        user0_.nick_name as nick_na12_10_,
        user0_.phone_num as phone_n13_10_,
        user0_.profile_image as profile14_10_,
        user0_.res_red_number as res_red15_10_,
        user0_.score as score16_10_ 
    from
        user user0_
Hibernate: 
    select
        roles0_.user_id as user_id1_11_0_,
        roles0_.roles as roles2_11_0_ 
    from
        user_roles roles0_ 
    where
        roles0_.user_id=?
Hibernate: 
    select
        roles0_.user_id as user_id1_11_0_,
        roles0_.roles as roles2_11_0_ 
    from
        user_roles roles0_ 
    where
        roles0_.user_id=?
Hibernate: 
    select
        roles0_.user_id as user_id1_11_0_,
        roles0_.roles as roles2_11_0_ 
    from
        user_roles roles0_ 
    where
        roles0_.user_id=?
Hibernate: 
    select
        roles0_.user_id as user_id1_11_0_,
        roles0_.roles as roles2_11_0_ 
    from
        user_roles roles0_ 
    where
        roles0_.user_id=?
Hibernate: 
    select
        roles0_.user_id as user_id1_11_0_,
        roles0_.roles as roles2_11_0_ 
    from
        user_roles roles0_ 
    where
        roles0_.user_id=?
Hibernate: 
    insert 
    into
        story_pin
        (created_at, updated_at, category, content, user_id, image, latitude, longitude, title) 
    values
        (?, ?, ?, ?, ?, ?, ?, ?, ?)
Hibernate: 
    select
        user0_.id as id1_10_,
        user0_.created_at as created_2_10_,
        user0_.updated_at as updated_3_10_,
        user0_.age as age4_10_,
        user0_.background_image as backgrou5_10_,
        user0_.email as email6_10_,
        user0_.gender as gender7_10_,
        user0_.hobby as hobby8_10_,
        user0_.introduce as introduc9_10_,
        user0_.job as job10_10_,
        user0_.name as name11_10_,
        user0_.nick_name as nick_na12_10_,
        user0_.phone_num as phone_n13_10_,
        user0_.profile_image as profile14_10_,
        user0_.res_red_number as res_red15_10_,
        user0_.score as score16_10_ 
    from
        user user0_
Hibernate: 
    select
        roles0_.user_id as user_id1_11_0_,
        roles0_.roles as roles2_11_0_ 
    from
        user_roles roles0_ 
    where
        roles0_.user_id=?
Hibernate: 
    select
        roles0_.user_id as user_id1_11_0_,
        roles0_.roles as roles2_11_0_ 
    from
        user_roles roles0_ 
    where
        roles0_.user_id=?
Hibernate: 
    select
        roles0_.user_id as user_id1_11_0_,
        roles0_.roles as roles2_11_0_ 
    from
        user_roles roles0_ 
    where
        roles0_.user_id=?
Hibernate: 
    select
        roles0_.user_id as user_id1_11_0_,
        roles0_.roles as roles2_11_0_ 
    from
        user_roles roles0_ 
    where
        roles0_.user_id=?
Hibernate: 
    select
        roles0_.user_id as user_id1_11_0_,
        roles0_.roles as roles2_11_0_ 
    from
        user_roles roles0_ 
    where
        roles0_.user_id=?
Hibernate: 
    insert 
    into
        story_pin
        (created_at, updated_at, category, content, user_id, image, latitude, longitude, title) 
    values
        (?, ?, ?, ?, ?, ?, ?, ?, ?)
Hibernate: 
    select
        user0_.id as id1_10_,
        user0_.created_at as created_2_10_,
        user0_.updated_at as updated_3_10_,
        user0_.age as age4_10_,
        user0_.background_image as backgrou5_10_,
        user0_.email as email6_10_,
        user0_.gender as gender7_10_,
        user0_.hobby as hobby8_10_,
        user0_.introduce as introduc9_10_,
        user0_.job as job10_10_,
        user0_.name as name11_10_,
        user0_.nick_name as nick_na12_10_,
        user0_.phone_num as phone_n13_10_,
        user0_.profile_image as profile14_10_,
        user0_.res_red_number as res_red15_10_,
        user0_.score as score16_10_ 
    from
        user user0_
Hibernate: 
    select
        roles0_.user_id as user_id1_11_0_,
        roles0_.roles as roles2_11_0_ 
    from
        user_roles roles0_ 
    where
        roles0_.user_id=?
Hibernate: 
    select
        roles0_.user_id as user_id1_11_0_,
        roles0_.roles as roles2_11_0_ 
    from
        user_roles roles0_ 
    where
        roles0_.user_id=?
Hibernate: 
    select
        roles0_.user_id as user_id1_11_0_,
        roles0_.roles as roles2_11_0_ 
    from
        user_roles roles0_ 
    where
        roles0_.user_id=?
Hibernate: 
    select
        roles0_.user_id as user_id1_11_0_,
        roles0_.roles as roles2_11_0_ 
    from
        user_roles roles0_ 
    where
        roles0_.user_id=?
Hibernate: 
    select
        roles0_.user_id as user_id1_11_0_,
        roles0_.roles as roles2_11_0_ 
    from
        user_roles roles0_ 
    where
        roles0_.user_id=?
Hibernate: 
    insert 
    into
        story_pin
        (created_at, updated_at, category, content, user_id, image, latitude, longitude, title) 
    values
        (?, ?, ?, ?, ?, ?, ?, ?, ?)
Hibernate: 
    select
        user0_.id as id1_10_,
        user0_.created_at as created_2_10_,
        user0_.updated_at as updated_3_10_,
        user0_.age as age4_10_,
        user0_.background_image as backgrou5_10_,
        user0_.email as email6_10_,
        user0_.gender as gender7_10_,
        user0_.hobby as hobby8_10_,
        user0_.introduce as introduc9_10_,
        user0_.job as job10_10_,
        user0_.name as name11_10_,
        user0_.nick_name as nick_na12_10_,
        user0_.phone_num as phone_n13_10_,
        user0_.profile_image as profile14_10_,
        user0_.res_red_number as res_red15_10_,
        user0_.score as score16_10_ 
    from
        user user0_
Hibernate: 
    select
        roles0_.user_id as user_id1_11_0_,
        roles0_.roles as roles2_11_0_ 
    from
        user_roles roles0_ 
    where
        roles0_.user_id=?
Hibernate: 
    select
        roles0_.user_id as user_id1_11_0_,
        roles0_.roles as roles2_11_0_ 
    from
        user_roles roles0_ 
    where
        roles0_.user_id=?
Hibernate: 
    select
        roles0_.user_id as user_id1_11_0_,
        roles0_.roles as roles2_11_0_ 
    from
        user_roles roles0_ 
    where
        roles0_.user_id=?
Hibernate: 
    select
        roles0_.user_id as user_id1_11_0_,
        roles0_.roles as roles2_11_0_ 
    from
        user_roles roles0_ 
    where
        roles0_.user_id=?
Hibernate: 
    select
        roles0_.user_id as user_id1_11_0_,
        roles0_.roles as roles2_11_0_ 
    from
        user_roles roles0_ 
    where
        roles0_.user_id=?
Hibernate: 
    insert 
    into
        story_pin
        (created_at, updated_at, category, content, user_id, image, latitude, longitude, title) 
    values
        (?, ?, ?, ?, ?, ?, ?, ?, ?)
Hibernate: 
    select
        user0_.id as id1_10_,
        user0_.created_at as created_2_10_,
        user0_.updated_at as updated_3_10_,
        user0_.age as age4_10_,
        user0_.background_image as backgrou5_10_,
        user0_.email as email6_10_,
        user0_.gender as gender7_10_,
        user0_.hobby as hobby8_10_,
        user0_.introduce as introduc9_10_,
        user0_.job as job10_10_,
        user0_.name as name11_10_,
        user0_.nick_name as nick_na12_10_,
        user0_.phone_num as phone_n13_10_,
        user0_.profile_image as profile14_10_,
        user0_.res_red_number as res_red15_10_,
        user0_.score as score16_10_ 
    from
        user user0_
Hibernate: 
    select
        roles0_.user_id as user_id1_11_0_,
        roles0_.roles as roles2_11_0_ 
    from
        user_roles roles0_ 
    where
        roles0_.user_id=?
Hibernate: 
    select
        roles0_.user_id as user_id1_11_0_,
        roles0_.roles as roles2_11_0_ 
    from
        user_roles roles0_ 
    where
        roles0_.user_id=?
Hibernate: 
    select
        roles0_.user_id as user_id1_11_0_,
        roles0_.roles as roles2_11_0_ 
    from
        user_roles roles0_ 
    where
        roles0_.user_id=?
Hibernate: 
    select
        roles0_.user_id as user_id1_11_0_,
        roles0_.roles as roles2_11_0_ 
    from
        user_roles roles0_ 
    where
        roles0_.user_id=?
Hibernate: 
    select
        roles0_.user_id as user_id1_11_0_,
        roles0_.roles as roles2_11_0_ 
    from
        user_roles roles0_ 
    where
        roles0_.user_id=?
Hibernate: 
    insert 
    into
        story_pin
        (created_at, updated_at, category, content, user_id, image, latitude, longitude, title) 
    values
        (?, ?, ?, ?, ?, ?, ?, ?, ?)
Hibernate: 
    select
        user0_.id as id1_10_,
        user0_.created_at as created_2_10_,
        user0_.updated_at as updated_3_10_,
        user0_.age as age4_10_,
        user0_.background_image as backgrou5_10_,
        user0_.email as email6_10_,
        user0_.gender as gender7_10_,
        user0_.hobby as hobby8_10_,
        user0_.introduce as introduc9_10_,
        user0_.job as job10_10_,
        user0_.name as name11_10_,
        user0_.nick_name as nick_na12_10_,
        user0_.phone_num as phone_n13_10_,
        user0_.profile_image as profile14_10_,
        user0_.res_red_number as res_red15_10_,
        user0_.score as score16_10_ 
    from
        user user0_
Hibernate: 
    select
        roles0_.user_id as user_id1_11_0_,
        roles0_.roles as roles2_11_0_ 
    from
        user_roles roles0_ 
    where
        roles0_.user_id=?
Hibernate: 
    select
        roles0_.user_id as user_id1_11_0_,
        roles0_.roles as roles2_11_0_ 
    from
        user_roles roles0_ 
    where
        roles0_.user_id=?
Hibernate: 
    select
        roles0_.user_id as user_id1_11_0_,
        roles0_.roles as roles2_11_0_ 
    from
        user_roles roles0_ 
    where
        roles0_.user_id=?
Hibernate: 
    select
        roles0_.user_id as user_id1_11_0_,
        roles0_.roles as roles2_11_0_ 
    from
        user_roles roles0_ 
    where
        roles0_.user_id=?
Hibernate: 
    select
        roles0_.user_id as user_id1_11_0_,
        roles0_.roles as roles2_11_0_ 
    from
        user_roles roles0_ 
    where
        roles0_.user_id=?
Hibernate: 
    insert 
    into
        story_pin
        (created_at, updated_at, category, content, user_id, image, latitude, longitude, title) 
    values
        (?, ?, ?, ?, ?, ?, ?, ?, ?)
Hibernate: 
    select
        user0_.id as id1_10_,
        user0_.created_at as created_2_10_,
        user0_.updated_at as updated_3_10_,
        user0_.age as age4_10_,
        user0_.background_image as backgrou5_10_,
        user0_.email as email6_10_,
        user0_.gender as gender7_10_,
        user0_.hobby as hobby8_10_,
        user0_.introduce as introduc9_10_,
        user0_.job as job10_10_,
        user0_.name as name11_10_,
        user0_.nick_name as nick_na12_10_,
        user0_.phone_num as phone_n13_10_,
        user0_.profile_image as profile14_10_,
        user0_.res_red_number as res_red15_10_,
        user0_.score as score16_10_ 
    from
        user user0_
Hibernate: 
    select
        roles0_.user_id as user_id1_11_0_,
        roles0_.roles as roles2_11_0_ 
    from
        user_roles roles0_ 
    where
        roles0_.user_id=?
Hibernate: 
    select
        roles0_.user_id as user_id1_11_0_,
        roles0_.roles as roles2_11_0_ 
    from
        user_roles roles0_ 
    where
        roles0_.user_id=?
Hibernate: 
    select
        roles0_.user_id as user_id1_11_0_,
        roles0_.roles as roles2_11_0_ 
    from
        user_roles roles0_ 
    where
        roles0_.user_id=?
Hibernate: 
    select
        roles0_.user_id as user_id1_11_0_,
        roles0_.roles as roles2_11_0_ 
    from
        user_roles roles0_ 
    where
        roles0_.user_id=?
Hibernate: 
    select
        roles0_.user_id as user_id1_11_0_,
        roles0_.roles as roles2_11_0_ 
    from
        user_roles roles0_ 
    where
        roles0_.user_id=?
Hibernate: 
    insert 
    into
        story_pin
        (created_at, updated_at, category, content, user_id, image, latitude, longitude, title) 
    values
        (?, ?, ?, ?, ?, ?, ?, ?, ?)
Hibernate: 
    select
        user0_.id as id1_10_,
        user0_.created_at as created_2_10_,
        user0_.updated_at as updated_3_10_,
        user0_.age as age4_10_,
        user0_.background_image as backgrou5_10_,
        user0_.email as email6_10_,
        user0_.gender as gender7_10_,
        user0_.hobby as hobby8_10_,
        user0_.introduce as introduc9_10_,
        user0_.job as job10_10_,
        user0_.name as name11_10_,
        user0_.nick_name as nick_na12_10_,
        user0_.phone_num as phone_n13_10_,
        user0_.profile_image as profile14_10_,
        user0_.res_red_number as res_red15_10_,
        user0_.score as score16_10_ 
    from
        user user0_
Hibernate: 
    select
        roles0_.user_id as user_id1_11_0_,
        roles0_.roles as roles2_11_0_ 
    from
        user_roles roles0_ 
    where
        roles0_.user_id=?
Hibernate: 
    select
        roles0_.user_id as user_id1_11_0_,
        roles0_.roles as roles2_11_0_ 
    from
        user_roles roles0_ 
    where
        roles0_.user_id=?
Hibernate: 
    select
        roles0_.user_id as user_id1_11_0_,
        roles0_.roles as roles2_11_0_ 
    from
        user_roles roles0_ 
    where
        roles0_.user_id=?
Hibernate: 
    select
        roles0_.user_id as user_id1_11_0_,
        roles0_.roles as roles2_11_0_ 
    from
        user_roles roles0_ 
    where
        roles0_.user_id=?
Hibernate: 
    select
        roles0_.user_id as user_id1_11_0_,
        roles0_.roles as roles2_11_0_ 
    from
        user_roles roles0_ 
    where
        roles0_.user_id=?
Hibernate: 
    insert 
    into
        story_pin
        (created_at, updated_at, category, content, user_id, image, latitude, longitude, title) 
    values
        (?, ?, ?, ?, ?, ?, ?, ?, ?)
Hibernate: 
    select
        user0_.id as id1_10_,
        user0_.created_at as created_2_10_,
        user0_.updated_at as updated_3_10_,
        user0_.age as age4_10_,
        user0_.background_image as backgrou5_10_,
        user0_.email as email6_10_,
        user0_.gender as gender7_10_,
        user0_.hobby as hobby8_10_,
        user0_.introduce as introduc9_10_,
        user0_.job as job10_10_,
        user0_.name as name11_10_,
        user0_.nick_name as nick_na12_10_,
        user0_.phone_num as phone_n13_10_,
        user0_.profile_image as profile14_10_,
        user0_.res_red_number as res_red15_10_,
        user0_.score as score16_10_ 
    from
        user user0_
Hibernate: 
    select
        roles0_.user_id as user_id1_11_0_,
        roles0_.roles as roles2_11_0_ 
    from
        user_roles roles0_ 
    where
        roles0_.user_id=?
Hibernate: 
    select
        roles0_.user_id as user_id1_11_0_,
        roles0_.roles as roles2_11_0_ 
    from
        user_roles roles0_ 
    where
        roles0_.user_id=?
Hibernate: 
    select
        roles0_.user_id as user_id1_11_0_,
        roles0_.roles as roles2_11_0_ 
    from
        user_roles roles0_ 
    where
        roles0_.user_id=?
Hibernate: 
    select
        roles0_.user_id as user_id1_11_0_,
        roles0_.roles as roles2_11_0_ 
    from
        user_roles roles0_ 
    where
        roles0_.user_id=?
Hibernate: 
    select
        roles0_.user_id as user_id1_11_0_,
        roles0_.roles as roles2_11_0_ 
    from
        user_roles roles0_ 
    where
        roles0_.user_id=?
Hibernate: 
    insert 
    into
        story_pin
        (created_at, updated_at, category, content, user_id, image, latitude, longitude, title) 
    values
        (?, ?, ?, ?, ?, ?, ?, ?, ?)
Hibernate: 
    select
        user0_.id as id1_10_,
        user0_.created_at as created_2_10_,
        user0_.updated_at as updated_3_10_,
        user0_.age as age4_10_,
        user0_.background_image as backgrou5_10_,
        user0_.email as email6_10_,
        user0_.gender as gender7_10_,
        user0_.hobby as hobby8_10_,
        user0_.introduce as introduc9_10_,
        user0_.job as job10_10_,
        user0_.name as name11_10_,
        user0_.nick_name as nick_na12_10_,
        user0_.phone_num as phone_n13_10_,
        user0_.profile_image as profile14_10_,
        user0_.res_red_number as res_red15_10_,
        user0_.score as score16_10_ 
    from
        user user0_
Hibernate: 
    select
        roles0_.user_id as user_id1_11_0_,
        roles0_.roles as roles2_11_0_ 
    from
        user_roles roles0_ 
    where
        roles0_.user_id=?
Hibernate: 
    select
        roles0_.user_id as user_id1_11_0_,
        roles0_.roles as roles2_11_0_ 
    from
        user_roles roles0_ 
    where
        roles0_.user_id=?
Hibernate: 
    select
        roles0_.user_id as user_id1_11_0_,
        roles0_.roles as roles2_11_0_ 
    from
        user_roles roles0_ 
    where
        roles0_.user_id=?
Hibernate: 
    select
        roles0_.user_id as user_id1_11_0_,
        roles0_.roles as roles2_11_0_ 
    from
        user_roles roles0_ 
    where
        roles0_.user_id=?
Hibernate: 
    select
        roles0_.user_id as user_id1_11_0_,
        roles0_.roles as roles2_11_0_ 
    from
        user_roles roles0_ 
    where
        roles0_.user_id=?
Hibernate: 
    insert 
    into
        story_pin
        (created_at, updated_at, category, content, user_id, image, latitude, longitude, title) 
    values
        (?, ?, ?, ?, ?, ?, ?, ?, ?)
Hibernate: 
    select
        user0_.id as id1_10_,
        user0_.created_at as created_2_10_,
        user0_.updated_at as updated_3_10_,
        user0_.age as age4_10_,
        user0_.background_image as backgrou5_10_,
        user0_.email as email6_10_,
        user0_.gender as gender7_10_,
        user0_.hobby as hobby8_10_,
        user0_.introduce as introduc9_10_,
        user0_.job as job10_10_,
        user0_.name as name11_10_,
        user0_.nick_name as nick_na12_10_,
        user0_.phone_num as phone_n13_10_,
        user0_.profile_image as profile14_10_,
        user0_.res_red_number as res_red15_10_,
        user0_.score as score16_10_ 
    from
        user user0_
Hibernate: 
    select
        roles0_.user_id as user_id1_11_0_,
        roles0_.roles as roles2_11_0_ 
    from
        user_roles roles0_ 
    where
        roles0_.user_id=?
Hibernate: 
    select
        roles0_.user_id as user_id1_11_0_,
        roles0_.roles as roles2_11_0_ 
    from
        user_roles roles0_ 
    where
        roles0_.user_id=?
Hibernate: 
    select
        roles0_.user_id as user_id1_11_0_,
        roles0_.roles as roles2_11_0_ 
    from
        user_roles roles0_ 
    where
        roles0_.user_id=?
Hibernate: 
    select
        roles0_.user_id as user_id1_11_0_,
        roles0_.roles as roles2_11_0_ 
    from
        user_roles roles0_ 
    where
        roles0_.user_id=?
Hibernate: 
    select
        roles0_.user_id as user_id1_11_0_,
        roles0_.roles as roles2_11_0_ 
    from
        user_roles roles0_ 
    where
        roles0_.user_id=?
Hibernate: 
    insert 
    into
        story_pin
        (created_at, updated_at, category, content, user_id, image, latitude, longitude, title) 
    values
        (?, ?, ?, ?, ?, ?, ?, ?, ?)
Hibernate: 
    select
        user0_.id as id1_10_,
        user0_.created_at as created_2_10_,
        user0_.updated_at as updated_3_10_,
        user0_.age as age4_10_,
        user0_.background_image as backgrou5_10_,
        user0_.email as email6_10_,
        user0_.gender as gender7_10_,
        user0_.hobby as hobby8_10_,
        user0_.introduce as introduc9_10_,
        user0_.job as job10_10_,
        user0_.name as name11_10_,
        user0_.nick_name as nick_na12_10_,
        user0_.phone_num as phone_n13_10_,
        user0_.profile_image as profile14_10_,
        user0_.res_red_number as res_red15_10_,
        user0_.score as score16_10_ 
    from
        user user0_
Hibernate: 
    select
        roles0_.user_id as user_id1_11_0_,
        roles0_.roles as roles2_11_0_ 
    from
        user_roles roles0_ 
    where
        roles0_.user_id=?
Hibernate: 
    select
        roles0_.user_id as user_id1_11_0_,
        roles0_.roles as roles2_11_0_ 
    from
        user_roles roles0_ 
    where
        roles0_.user_id=?
Hibernate: 
    select
        roles0_.user_id as user_id1_11_0_,
        roles0_.roles as roles2_11_0_ 
    from
        user_roles roles0_ 
    where
        roles0_.user_id=?
Hibernate: 
    select
        roles0_.user_id as user_id1_11_0_,
        roles0_.roles as roles2_11_0_ 
    from
        user_roles roles0_ 
    where
        roles0_.user_id=?
Hibernate: 
    select
        roles0_.user_id as user_id1_11_0_,
        roles0_.roles as roles2_11_0_ 
    from
        user_roles roles0_ 
    where
        roles0_.user_id=?
Hibernate: 
    insert 
    into
        story_pin
        (created_at, updated_at, category, content, user_id, image, latitude, longitude, title) 
    values
        (?, ?, ?, ?, ?, ?, ?, ?, ?)
Hibernate: 
    select
        user0_.id as id1_10_,
        user0_.created_at as created_2_10_,
        user0_.updated_at as updated_3_10_,
        user0_.age as age4_10_,
        user0_.background_image as backgrou5_10_,
        user0_.email as email6_10_,
        user0_.gender as gender7_10_,
        user0_.hobby as hobby8_10_,
        user0_.introduce as introduc9_10_,
        user0_.job as job10_10_,
        user0_.name as name11_10_,
        user0_.nick_name as nick_na12_10_,
        user0_.phone_num as phone_n13_10_,
        user0_.profile_image as profile14_10_,
        user0_.res_red_number as res_red15_10_,
        user0_.score as score16_10_ 
    from
        user user0_
Hibernate: 
    select
        roles0_.user_id as user_id1_11_0_,
        roles0_.roles as roles2_11_0_ 
    from
        user_roles roles0_ 
    where
        roles0_.user_id=?
Hibernate: 
    select
        roles0_.user_id as user_id1_11_0_,
        roles0_.roles as roles2_11_0_ 
    from
        user_roles roles0_ 
    where
        roles0_.user_id=?
Hibernate: 
    select
        roles0_.user_id as user_id1_11_0_,
        roles0_.roles as roles2_11_0_ 
    from
        user_roles roles0_ 
    where
        roles0_.user_id=?
Hibernate: 
    select
        roles0_.user_id as user_id1_11_0_,
        roles0_.roles as roles2_11_0_ 
    from
        user_roles roles0_ 
    where
        roles0_.user_id=?
Hibernate: 
    select
        roles0_.user_id as user_id1_11_0_,
        roles0_.roles as roles2_11_0_ 
    from
        user_roles roles0_ 
    where
        roles0_.user_id=?
Hibernate: 
    insert 
    into
        story_pin
        (created_at, updated_at, category, content, user_id, image, latitude, longitude, title) 
    values
        (?, ?, ?, ?, ?, ?, ?, ?, ?)
Hibernate: 
    select
        user0_.id as id1_10_,
        user0_.created_at as created_2_10_,
        user0_.updated_at as updated_3_10_,
        user0_.age as age4_10_,
        user0_.background_image as backgrou5_10_,
        user0_.email as email6_10_,
        user0_.gender as gender7_10_,
        user0_.hobby as hobby8_10_,
        user0_.introduce as introduc9_10_,
        user0_.job as job10_10_,
        user0_.name as name11_10_,
        user0_.nick_name as nick_na12_10_,
        user0_.phone_num as phone_n13_10_,
        user0_.profile_image as profile14_10_,
        user0_.res_red_number as res_red15_10_,
        user0_.score as score16_10_ 
    from
        user user0_
Hibernate: 
    select
        roles0_.user_id as user_id1_11_0_,
        roles0_.roles as roles2_11_0_ 
    from
        user_roles roles0_ 
    where
        roles0_.user_id=?
Hibernate: 
    select
        roles0_.user_id as user_id1_11_0_,
        roles0_.roles as roles2_11_0_ 
    from
        user_roles roles0_ 
    where
        roles0_.user_id=?
Hibernate: 
    select
        roles0_.user_id as user_id1_11_0_,
        roles0_.roles as roles2_11_0_ 
    from
        user_roles roles0_ 
    where
        roles0_.user_id=?
Hibernate: 
    select
        roles0_.user_id as user_id1_11_0_,
        roles0_.roles as roles2_11_0_ 
    from
        user_roles roles0_ 
    where
        roles0_.user_id=?
Hibernate: 
    select
        roles0_.user_id as user_id1_11_0_,
        roles0_.roles as roles2_11_0_ 
    from
        user_roles roles0_ 
    where
        roles0_.user_id=?
Hibernate: 
    insert 
    into
        story_pin
        (created_at, updated_at, category, content, user_id, image, latitude, longitude, title) 
    values
        (?, ?, ?, ?, ?, ?, ?, ?, ?)
Hibernate: 
    select
        user0_.id as id1_10_,
        user0_.created_at as created_2_10_,
        user0_.updated_at as updated_3_10_,
        user0_.age as age4_10_,
        user0_.background_image as backgrou5_10_,
        user0_.email as email6_10_,
        user0_.gender as gender7_10_,
        user0_.hobby as hobby8_10_,
        user0_.introduce as introduc9_10_,
        user0_.job as job10_10_,
        user0_.name as name11_10_,
        user0_.nick_name as nick_na12_10_,
        user0_.phone_num as phone_n13_10_,
        user0_.profile_image as profile14_10_,
        user0_.res_red_number as res_red15_10_,
        user0_.score as score16_10_ 
    from
        user user0_
Hibernate: 
    select
        roles0_.user_id as user_id1_11_0_,
        roles0_.roles as roles2_11_0_ 
    from
        user_roles roles0_ 
    where
        roles0_.user_id=?
Hibernate: 
    select
        roles0_.user_id as user_id1_11_0_,
        roles0_.roles as roles2_11_0_ 
    from
        user_roles roles0_ 
    where
        roles0_.user_id=?
Hibernate: 
    select
        roles0_.user_id as user_id1_11_0_,
        roles0_.roles as roles2_11_0_ 
    from
        user_roles roles0_ 
    where
        roles0_.user_id=?
Hibernate: 
    select
        roles0_.user_id as user_id1_11_0_,
        roles0_.roles as roles2_11_0_ 
    from
        user_roles roles0_ 
    where
        roles0_.user_id=?
Hibernate: 
    select
        roles0_.user_id as user_id1_11_0_,
        roles0_.roles as roles2_11_0_ 
    from
        user_roles roles0_ 
    where
        roles0_.user_id=?
Hibernate: 
    insert 
    into
        story_pin
        (created_at, updated_at, category, content, user_id, image, latitude, longitude, title) 
    values
        (?, ?, ?, ?, ?, ?, ?, ?, ?)
Hibernate: 
    select
        user0_.id as id1_10_,
        user0_.created_at as created_2_10_,
        user0_.updated_at as updated_3_10_,
        user0_.age as age4_10_,
        user0_.background_image as backgrou5_10_,
        user0_.email as email6_10_,
        user0_.gender as gender7_10_,
        user0_.hobby as hobby8_10_,
        user0_.introduce as introduc9_10_,
        user0_.job as job10_10_,
        user0_.name as name11_10_,
        user0_.nick_name as nick_na12_10_,
        user0_.phone_num as phone_n13_10_,
        user0_.profile_image as profile14_10_,
        user0_.res_red_number as res_red15_10_,
        user0_.score as score16_10_ 
    from
        user user0_
Hibernate: 
    select
        roles0_.user_id as user_id1_11_0_,
        roles0_.roles as roles2_11_0_ 
    from
        user_roles roles0_ 
    where
        roles0_.user_id=?
Hibernate: 
    select
        roles0_.user_id as user_id1_11_0_,
        roles0_.roles as roles2_11_0_ 
    from
        user_roles roles0_ 
    where
        roles0_.user_id=?
Hibernate: 
    select
        roles0_.user_id as user_id1_11_0_,
        roles0_.roles as roles2_11_0_ 
    from
        user_roles roles0_ 
    where
        roles0_.user_id=?
Hibernate: 
    select
        roles0_.user_id as user_id1_11_0_,
        roles0_.roles as roles2_11_0_ 
    from
        user_roles roles0_ 
    where
        roles0_.user_id=?
Hibernate: 
    select
        roles0_.user_id as user_id1_11_0_,
        roles0_.roles as roles2_11_0_ 
    from
        user_roles roles0_ 
    where
        roles0_.user_id=?
Hibernate: 
    insert 
    into
        story_pin
        (created_at, updated_at, category, content, user_id, image, latitude, longitude, title) 
    values
        (?, ?, ?, ?, ?, ?, ?, ?, ?)
Hibernate: 
    select
        user0_.id as id1_10_,
        user0_.created_at as created_2_10_,
        user0_.updated_at as updated_3_10_,
        user0_.age as age4_10_,
        user0_.background_image as backgrou5_10_,
        user0_.email as email6_10_,
        user0_.gender as gender7_10_,
        user0_.hobby as hobby8_10_,
        user0_.introduce as introduc9_10_,
        user0_.job as job10_10_,
        user0_.name as name11_10_,
        user0_.nick_name as nick_na12_10_,
        user0_.phone_num as phone_n13_10_,
        user0_.profile_image as profile14_10_,
        user0_.res_red_number as res_red15_10_,
        user0_.score as score16_10_ 
    from
        user user0_
Hibernate: 
    select
        roles0_.user_id as user_id1_11_0_,
        roles0_.roles as roles2_11_0_ 
    from
        user_roles roles0_ 
    where
        roles0_.user_id=?
Hibernate: 
    select
        roles0_.user_id as user_id1_11_0_,
        roles0_.roles as roles2_11_0_ 
    from
        user_roles roles0_ 
    where
        roles0_.user_id=?
Hibernate: 
    select
        roles0_.user_id as user_id1_11_0_,
        roles0_.roles as roles2_11_0_ 
    from
        user_roles roles0_ 
    where
        roles0_.user_id=?
Hibernate: 
    select
        roles0_.user_id as user_id1_11_0_,
        roles0_.roles as roles2_11_0_ 
    from
        user_roles roles0_ 
    where
        roles0_.user_id=?
Hibernate: 
    select
        roles0_.user_id as user_id1_11_0_,
        roles0_.roles as roles2_11_0_ 
    from
        user_roles roles0_ 
    where
        roles0_.user_id=?
Hibernate: 
    insert 
    into
        story_pin
        (created_at, updated_at, category, content, user_id, image, latitude, longitude, title) 
    values
        (?, ?, ?, ?, ?, ?, ?, ?, ?)
Hibernate: 
    select
        user0_.id as id1_10_,
        user0_.created_at as created_2_10_,
        user0_.updated_at as updated_3_10_,
        user0_.age as age4_10_,
        user0_.background_image as backgrou5_10_,
        user0_.email as email6_10_,
        user0_.gender as gender7_10_,
        user0_.hobby as hobby8_10_,
        user0_.introduce as introduc9_10_,
        user0_.job as job10_10_,
        user0_.name as name11_10_,
        user0_.nick_name as nick_na12_10_,
        user0_.phone_num as phone_n13_10_,
        user0_.profile_image as profile14_10_,
        user0_.res_red_number as res_red15_10_,
        user0_.score as score16_10_ 
    from
        user user0_
Hibernate: 
    select
        roles0_.user_id as user_id1_11_0_,
        roles0_.roles as roles2_11_0_ 
    from
        user_roles roles0_ 
    where
        roles0_.user_id=?
Hibernate: 
    select
        roles0_.user_id as user_id1_11_0_,
        roles0_.roles as roles2_11_0_ 
    from
        user_roles roles0_ 
    where
        roles0_.user_id=?
Hibernate: 
    select
        roles0_.user_id as user_id1_11_0_,
        roles0_.roles as roles2_11_0_ 
    from
        user_roles roles0_ 
    where
        roles0_.user_id=?
Hibernate: 
    select
        roles0_.user_id as user_id1_11_0_,
        roles0_.roles as roles2_11_0_ 
    from
        user_roles roles0_ 
    where
        roles0_.user_id=?
Hibernate: 
    select
        roles0_.user_id as user_id1_11_0_,
        roles0_.roles as roles2_11_0_ 
    from
        user_roles roles0_ 
    where
        roles0_.user_id=?
Hibernate: 
    insert 
    into
        story_pin
        (created_at, updated_at, category, content, user_id, image, latitude, longitude, title) 
    values
        (?, ?, ?, ?, ?, ?, ?, ?, ?)
Hibernate: 
    select
        user0_.id as id1_10_,
        user0_.created_at as created_2_10_,
        user0_.updated_at as updated_3_10_,
        user0_.age as age4_10_,
        user0_.background_image as backgrou5_10_,
        user0_.email as email6_10_,
        user0_.gender as gender7_10_,
        user0_.hobby as hobby8_10_,
        user0_.introduce as introduc9_10_,
        user0_.job as job10_10_,
        user0_.name as name11_10_,
        user0_.nick_name as nick_na12_10_,
        user0_.phone_num as phone_n13_10_,
        user0_.profile_image as profile14_10_,
        user0_.res_red_number as res_red15_10_,
        user0_.score as score16_10_ 
    from
        user user0_
Hibernate: 
    select
        roles0_.user_id as user_id1_11_0_,
        roles0_.roles as roles2_11_0_ 
    from
        user_roles roles0_ 
    where
        roles0_.user_id=?
Hibernate: 
    select
        roles0_.user_id as user_id1_11_0_,
        roles0_.roles as roles2_11_0_ 
    from
        user_roles roles0_ 
    where
        roles0_.user_id=?
Hibernate: 
    select
        roles0_.user_id as user_id1_11_0_,
        roles0_.roles as roles2_11_0_ 
    from
        user_roles roles0_ 
    where
        roles0_.user_id=?
Hibernate: 
    select
        roles0_.user_id as user_id1_11_0_,
        roles0_.roles as roles2_11_0_ 
    from
        user_roles roles0_ 
    where
        roles0_.user_id=?
Hibernate: 
    select
        roles0_.user_id as user_id1_11_0_,
        roles0_.roles as roles2_11_0_ 
    from
        user_roles roles0_ 
    where
        roles0_.user_id=?
Hibernate: 
    insert 
    into
        story_pin
        (created_at, updated_at, category, content, user_id, image, latitude, longitude, title) 
    values
        (?, ?, ?, ?, ?, ?, ?, ?, ?)
Hibernate: 
    select
        user0_.id as id1_10_,
        user0_.created_at as created_2_10_,
        user0_.updated_at as updated_3_10_,
        user0_.age as age4_10_,
        user0_.background_image as backgrou5_10_,
        user0_.email as email6_10_,
        user0_.gender as gender7_10_,
        user0_.hobby as hobby8_10_,
        user0_.introduce as introduc9_10_,
        user0_.job as job10_10_,
        user0_.name as name11_10_,
        user0_.nick_name as nick_na12_10_,
        user0_.phone_num as phone_n13_10_,
        user0_.profile_image as profile14_10_,
        user0_.res_red_number as res_red15_10_,
        user0_.score as score16_10_ 
    from
        user user0_
Hibernate: 
    select
        roles0_.user_id as user_id1_11_0_,
        roles0_.roles as roles2_11_0_ 
    from
        user_roles roles0_ 
    where
        roles0_.user_id=?
Hibernate: 
    select
        roles0_.user_id as user_id1_11_0_,
        roles0_.roles as roles2_11_0_ 
    from
        user_roles roles0_ 
    where
        roles0_.user_id=?
Hibernate: 
    select
        roles0_.user_id as user_id1_11_0_,
        roles0_.roles as roles2_11_0_ 
    from
        user_roles roles0_ 
    where
        roles0_.user_id=?
Hibernate: 
    select
        roles0_.user_id as user_id1_11_0_,
        roles0_.roles as roles2_11_0_ 
    from
        user_roles roles0_ 
    where
        roles0_.user_id=?
Hibernate: 
    select
        roles0_.user_id as user_id1_11_0_,
        roles0_.roles as roles2_11_0_ 
    from
        user_roles roles0_ 
    where
        roles0_.user_id=?
Hibernate: 
    insert 
    into
        story_pin
        (created_at, updated_at, category, content, user_id, image, latitude, longitude, title) 
    values
        (?, ?, ?, ?, ?, ?, ?, ?, ?)
Hibernate: 
    select
        user0_.id as id1_10_,
        user0_.created_at as created_2_10_,
        user0_.updated_at as updated_3_10_,
        user0_.age as age4_10_,
        user0_.background_image as backgrou5_10_,
        user0_.email as email6_10_,
        user0_.gender as gender7_10_,
        user0_.hobby as hobby8_10_,
        user0_.introduce as introduc9_10_,
        user0_.job as job10_10_,
        user0_.name as name11_10_,
        user0_.nick_name as nick_na12_10_,
        user0_.phone_num as phone_n13_10_,
        user0_.profile_image as profile14_10_,
        user0_.res_red_number as res_red15_10_,
        user0_.score as score16_10_ 
    from
        user user0_
Hibernate: 
    select
        roles0_.user_id as user_id1_11_0_,
        roles0_.roles as roles2_11_0_ 
    from
        user_roles roles0_ 
    where
        roles0_.user_id=?
Hibernate: 
    select
        roles0_.user_id as user_id1_11_0_,
        roles0_.roles as roles2_11_0_ 
    from
        user_roles roles0_ 
    where
        roles0_.user_id=?
Hibernate: 
    select
        roles0_.user_id as user_id1_11_0_,
        roles0_.roles as roles2_11_0_ 
    from
        user_roles roles0_ 
    where
        roles0_.user_id=?
Hibernate: 
    select
        roles0_.user_id as user_id1_11_0_,
        roles0_.roles as roles2_11_0_ 
    from
        user_roles roles0_ 
    where
        roles0_.user_id=?
Hibernate: 
    select
        roles0_.user_id as user_id1_11_0_,
        roles0_.roles as roles2_11_0_ 
    from
        user_roles roles0_ 
    where
        roles0_.user_id=?
Hibernate: 
    insert 
    into
        story_pin
        (created_at, updated_at, category, content, user_id, image, latitude, longitude, title) 
    values
        (?, ?, ?, ?, ?, ?, ?, ?, ?)
Hibernate: 
    select
        user0_.id as id1_10_,
        user0_.created_at as created_2_10_,
        user0_.updated_at as updated_3_10_,
        user0_.age as age4_10_,
        user0_.background_image as backgrou5_10_,
        user0_.email as email6_10_,
        user0_.gender as gender7_10_,
        user0_.hobby as hobby8_10_,
        user0_.introduce as introduc9_10_,
        user0_.job as job10_10_,
        user0_.name as name11_10_,
        user0_.nick_name as nick_na12_10_,
        user0_.phone_num as phone_n13_10_,
        user0_.profile_image as profile14_10_,
        user0_.res_red_number as res_red15_10_,
        user0_.score as score16_10_ 
    from
        user user0_
Hibernate: 
    select
        roles0_.user_id as user_id1_11_0_,
        roles0_.roles as roles2_11_0_ 
    from
        user_roles roles0_ 
    where
        roles0_.user_id=?
Hibernate: 
    select
        roles0_.user_id as user_id1_11_0_,
        roles0_.roles as roles2_11_0_ 
    from
        user_roles roles0_ 
    where
        roles0_.user_id=?
Hibernate: 
    select
        roles0_.user_id as user_id1_11_0_,
        roles0_.roles as roles2_11_0_ 
    from
        user_roles roles0_ 
    where
        roles0_.user_id=?
Hibernate: 
    select
        roles0_.user_id as user_id1_11_0_,
        roles0_.roles as roles2_11_0_ 
    from
        user_roles roles0_ 
    where
        roles0_.user_id=?
Hibernate: 
    select
        roles0_.user_id as user_id1_11_0_,
        roles0_.roles as roles2_11_0_ 
    from
        user_roles roles0_ 
    where
        roles0_.user_id=?
Hibernate: 
    insert 
    into
        story_pin
        (created_at, updated_at, category, content, user_id, image, latitude, longitude, title) 
    values
        (?, ?, ?, ?, ?, ?, ?, ?, ?)
Hibernate: 
    select
        user0_.id as id1_10_,
        user0_.created_at as created_2_10_,
        user0_.updated_at as updated_3_10_,
        user0_.age as age4_10_,
        user0_.background_image as backgrou5_10_,
        user0_.email as email6_10_,
        user0_.gender as gender7_10_,
        user0_.hobby as hobby8_10_,
        user0_.introduce as introduc9_10_,
        user0_.job as job10_10_,
        user0_.name as name11_10_,
        user0_.nick_name as nick_na12_10_,
        user0_.phone_num as phone_n13_10_,
        user0_.profile_image as profile14_10_,
        user0_.res_red_number as res_red15_10_,
        user0_.score as score16_10_ 
    from
        user user0_
Hibernate: 
    select
        roles0_.user_id as user_id1_11_0_,
        roles0_.roles as roles2_11_0_ 
    from
        user_roles roles0_ 
    where
        roles0_.user_id=?
Hibernate: 
    select
        roles0_.user_id as user_id1_11_0_,
        roles0_.roles as roles2_11_0_ 
    from
        user_roles roles0_ 
    where
        roles0_.user_id=?
Hibernate: 
    select
        roles0_.user_id as user_id1_11_0_,
        roles0_.roles as roles2_11_0_ 
    from
        user_roles roles0_ 
    where
        roles0_.user_id=?
Hibernate: 
    select
        roles0_.user_id as user_id1_11_0_,
        roles0_.roles as roles2_11_0_ 
    from
        user_roles roles0_ 
    where
        roles0_.user_id=?
Hibernate: 
    select
        roles0_.user_id as user_id1_11_0_,
        roles0_.roles as roles2_11_0_ 
    from
        user_roles roles0_ 
    where
        roles0_.user_id=?
Hibernate: 
    insert 
    into
        story_pin
        (created_at, updated_at, category, content, user_id, image, latitude, longitude, title) 
    values
        (?, ?, ?, ?, ?, ?, ?, ?, ?)
Hibernate: 
    select
        user0_.id as id1_10_,
        user0_.created_at as created_2_10_,
        user0_.updated_at as updated_3_10_,
        user0_.age as age4_10_,
        user0_.background_image as backgrou5_10_,
        user0_.email as email6_10_,
        user0_.gender as gender7_10_,
        user0_.hobby as hobby8_10_,
        user0_.introduce as introduc9_10_,
        user0_.job as job10_10_,
        user0_.name as name11_10_,
        user0_.nick_name as nick_na12_10_,
        user0_.phone_num as phone_n13_10_,
        user0_.profile_image as profile14_10_,
        user0_.res_red_number as res_red15_10_,
        user0_.score as score16_10_ 
    from
        user user0_
Hibernate: 
    select
        roles0_.user_id as user_id1_11_0_,
        roles0_.roles as roles2_11_0_ 
    from
        user_roles roles0_ 
    where
        roles0_.user_id=?
Hibernate: 
    select
        roles0_.user_id as user_id1_11_0_,
        roles0_.roles as roles2_11_0_ 
    from
        user_roles roles0_ 
    where
        roles0_.user_id=?
Hibernate: 
    select
        roles0_.user_id as user_id1_11_0_,
        roles0_.roles as roles2_11_0_ 
    from
        user_roles roles0_ 
    where
        roles0_.user_id=?
Hibernate: 
    select
        roles0_.user_id as user_id1_11_0_,
        roles0_.roles as roles2_11_0_ 
    from
        user_roles roles0_ 
    where
        roles0_.user_id=?
Hibernate: 
    select
        roles0_.user_id as user_id1_11_0_,
        roles0_.roles as roles2_11_0_ 
    from
        user_roles roles0_ 
    where
        roles0_.user_id=?
Hibernate: 
    insert 
    into
        story_pin
        (created_at, updated_at, category, content, user_id, image, latitude, longitude, title) 
    values
        (?, ?, ?, ?, ?, ?, ?, ?, ?)
Hibernate: 
    select
        user0_.id as id1_10_,
        user0_.created_at as created_2_10_,
        user0_.updated_at as updated_3_10_,
        user0_.age as age4_10_,
        user0_.background_image as backgrou5_10_,
        user0_.email as email6_10_,
        user0_.gender as gender7_10_,
        user0_.hobby as hobby8_10_,
        user0_.introduce as introduc9_10_,
        user0_.job as job10_10_,
        user0_.name as name11_10_,
        user0_.nick_name as nick_na12_10_,
        user0_.phone_num as phone_n13_10_,
        user0_.profile_image as profile14_10_,
        user0_.res_red_number as res_red15_10_,
        user0_.score as score16_10_ 
    from
        user user0_
Hibernate: 
    select
        roles0_.user_id as user_id1_11_0_,
        roles0_.roles as roles2_11_0_ 
    from
        user_roles roles0_ 
    where
        roles0_.user_id=?
Hibernate: 
    select
        roles0_.user_id as user_id1_11_0_,
        roles0_.roles as roles2_11_0_ 
    from
        user_roles roles0_ 
    where
        roles0_.user_id=?
Hibernate: 
    select
        roles0_.user_id as user_id1_11_0_,
        roles0_.roles as roles2_11_0_ 
    from
        user_roles roles0_ 
    where
        roles0_.user_id=?
Hibernate: 
    select
        roles0_.user_id as user_id1_11_0_,
        roles0_.roles as roles2_11_0_ 
    from
        user_roles roles0_ 
    where
        roles0_.user_id=?
Hibernate: 
    select
        roles0_.user_id as user_id1_11_0_,
        roles0_.roles as roles2_11_0_ 
    from
        user_roles roles0_ 
    where
        roles0_.user_id=?
Hibernate: 
    select
        user0_.id as id1_10_,
        user0_.created_at as created_2_10_,
        user0_.updated_at as updated_3_10_,
        user0_.age as age4_10_,
        user0_.background_image as backgrou5_10_,
        user0_.email as email6_10_,
        user0_.gender as gender7_10_,
        user0_.hobby as hobby8_10_,
        user0_.introduce as introduc9_10_,
        user0_.job as job10_10_,
        user0_.name as name11_10_,
        user0_.nick_name as nick_na12_10_,
        user0_.phone_num as phone_n13_10_,
        user0_.profile_image as profile14_10_,
        user0_.res_red_number as res_red15_10_,
        user0_.score as score16_10_ 
    from
        user user0_
Hibernate: 
    select
        roles0_.user_id as user_id1_11_0_,
        roles0_.roles as roles2_11_0_ 
    from
        user_roles roles0_ 
    where
        roles0_.user_id=?
Hibernate: 
    select
        roles0_.user_id as user_id1_11_0_,
        roles0_.roles as roles2_11_0_ 
    from
        user_roles roles0_ 
    where
        roles0_.user_id=?
Hibernate: 
    select
        roles0_.user_id as user_id1_11_0_,
        roles0_.roles as roles2_11_0_ 
    from
        user_roles roles0_ 
    where
        roles0_.user_id=?
Hibernate: 
    select
        roles0_.user_id as user_id1_11_0_,
        roles0_.roles as roles2_11_0_ 
    from
        user_roles roles0_ 
    where
        roles0_.user_id=?
Hibernate: 
    select
        roles0_.user_id as user_id1_11_0_,
        roles0_.roles as roles2_11_0_ 
    from
        user_roles roles0_ 
    where
        roles0_.user_id=?
Hibernate: 
    insert 
    into
        story_pin_like
        (created_at, updated_at, story_pin_id, user_id) 
    values
        (?, ?, ?, ?)
Hibernate: 
    insert 
    into
        story_pin_comment
        (created_at, updated_at, content, story_pin_id, user_id) 
    values
        (?, ?, ?, ?, ?)
Hibernate: 
    select
        user0_.id as id1_10_,
        user0_.created_at as created_2_10_,
        user0_.updated_at as updated_3_10_,
        user0_.age as age4_10_,
        user0_.background_image as backgrou5_10_,
        user0_.email as email6_10_,
        user0_.gender as gender7_10_,
        user0_.hobby as hobby8_10_,
        user0_.introduce as introduc9_10_,
        user0_.job as job10_10_,
        user0_.name as name11_10_,
        user0_.nick_name as nick_na12_10_,
        user0_.phone_num as phone_n13_10_,
        user0_.profile_image as profile14_10_,
        user0_.res_red_number as res_red15_10_,
        user0_.score as score16_10_ 
    from
        user user0_
Hibernate: 
    select
        roles0_.user_id as user_id1_11_0_,
        roles0_.roles as roles2_11_0_ 
    from
        user_roles roles0_ 
    where
        roles0_.user_id=?
Hibernate: 
    select
        roles0_.user_id as user_id1_11_0_,
        roles0_.roles as roles2_11_0_ 
    from
        user_roles roles0_ 
    where
        roles0_.user_id=?
Hibernate: 
    select
        roles0_.user_id as user_id1_11_0_,
        roles0_.roles as roles2_11_0_ 
    from
        user_roles roles0_ 
    where
        roles0_.user_id=?
Hibernate: 
    select
        roles0_.user_id as user_id1_11_0_,
        roles0_.roles as roles2_11_0_ 
    from
        user_roles roles0_ 
    where
        roles0_.user_id=?
Hibernate: 
    select
        roles0_.user_id as user_id1_11_0_,
        roles0_.roles as roles2_11_0_ 
    from
        user_roles roles0_ 
    where
        roles0_.user_id=?
Hibernate: 
    select
        user0_.id as id1_10_,
        user0_.created_at as created_2_10_,
        user0_.updated_at as updated_3_10_,
        user0_.age as age4_10_,
        user0_.background_image as backgrou5_10_,
        user0_.email as email6_10_,
        user0_.gender as gender7_10_,
        user0_.hobby as hobby8_10_,
        user0_.introduce as introduc9_10_,
        user0_.job as job10_10_,
        user0_.name as name11_10_,
        user0_.nick_name as nick_na12_10_,
        user0_.phone_num as phone_n13_10_,
        user0_.profile_image as profile14_10_,
        user0_.res_red_number as res_red15_10_,
        user0_.score as score16_10_ 
    from
        user user0_
Hibernate: 
    select
        roles0_.user_id as user_id1_11_0_,
        roles0_.roles as roles2_11_0_ 
    from
        user_roles roles0_ 
    where
        roles0_.user_id=?
Hibernate: 
    select
        roles0_.user_id as user_id1_11_0_,
        roles0_.roles as roles2_11_0_ 
    from
        user_roles roles0_ 
    where
        roles0_.user_id=?
Hibernate: 
    select
        roles0_.user_id as user_id1_11_0_,
        roles0_.roles as roles2_11_0_ 
    from
        user_roles roles0_ 
    where
        roles0_.user_id=?
Hibernate: 
    select
        roles0_.user_id as user_id1_11_0_,
        roles0_.roles as roles2_11_0_ 
    from
        user_roles roles0_ 
    where
        roles0_.user_id=?
Hibernate: 
    select
        roles0_.user_id as user_id1_11_0_,
        roles0_.roles as roles2_11_0_ 
    from
        user_roles roles0_ 
    where
        roles0_.user_id=?
Hibernate: 
    insert 
    into
        story_pin_like
        (created_at, updated_at, story_pin_id, user_id) 
    values
        (?, ?, ?, ?)
Hibernate: 
    insert 
    into
        story_pin_comment
        (created_at, updated_at, content, story_pin_id, user_id) 
    values
        (?, ?, ?, ?, ?)
Hibernate: 
    select
        user0_.id as id1_10_,
        user0_.created_at as created_2_10_,
        user0_.updated_at as updated_3_10_,
        user0_.age as age4_10_,
        user0_.background_image as backgrou5_10_,
        user0_.email as email6_10_,
        user0_.gender as gender7_10_,
        user0_.hobby as hobby8_10_,
        user0_.introduce as introduc9_10_,
        user0_.job as job10_10_,
        user0_.name as name11_10_,
        user0_.nick_name as nick_na12_10_,
        user0_.phone_num as phone_n13_10_,
        user0_.profile_image as profile14_10_,
        user0_.res_red_number as res_red15_10_,
        user0_.score as score16_10_ 
    from
        user user0_
Hibernate: 
    select
        roles0_.user_id as user_id1_11_0_,
        roles0_.roles as roles2_11_0_ 
    from
        user_roles roles0_ 
    where
        roles0_.user_id=?
Hibernate: 
    select
        roles0_.user_id as user_id1_11_0_,
        roles0_.roles as roles2_11_0_ 
    from
        user_roles roles0_ 
    where
        roles0_.user_id=?
Hibernate: 
    select
        roles0_.user_id as user_id1_11_0_,
        roles0_.roles as roles2_11_0_ 
    from
        user_roles roles0_ 
    where
        roles0_.user_id=?
Hibernate: 
    select
        roles0_.user_id as user_id1_11_0_,
        roles0_.roles as roles2_11_0_ 
    from
        user_roles roles0_ 
    where
        roles0_.user_id=?
Hibernate: 
    select
        roles0_.user_id as user_id1_11_0_,
        roles0_.roles as roles2_11_0_ 
    from
        user_roles roles0_ 
    where
        roles0_.user_id=?
Hibernate: 
    select
        user0_.id as id1_10_,
        user0_.created_at as created_2_10_,
        user0_.updated_at as updated_3_10_,
        user0_.age as age4_10_,
        user0_.background_image as backgrou5_10_,
        user0_.email as email6_10_,
        user0_.gender as gender7_10_,
        user0_.hobby as hobby8_10_,
        user0_.introduce as introduc9_10_,
        user0_.job as job10_10_,
        user0_.name as name11_10_,
        user0_.nick_name as nick_na12_10_,
        user0_.phone_num as phone_n13_10_,
        user0_.profile_image as profile14_10_,
        user0_.res_red_number as res_red15_10_,
        user0_.score as score16_10_ 
    from
        user user0_
Hibernate: 
    select
        roles0_.user_id as user_id1_11_0_,
        roles0_.roles as roles2_11_0_ 
    from
        user_roles roles0_ 
    where
        roles0_.user_id=?
Hibernate: 
    select
        roles0_.user_id as user_id1_11_0_,
        roles0_.roles as roles2_11_0_ 
    from
        user_roles roles0_ 
    where
        roles0_.user_id=?
Hibernate: 
    select
        roles0_.user_id as user_id1_11_0_,
        roles0_.roles as roles2_11_0_ 
    from
        user_roles roles0_ 
    where
        roles0_.user_id=?
Hibernate: 
    select
        roles0_.user_id as user_id1_11_0_,
        roles0_.roles as roles2_11_0_ 
    from
        user_roles roles0_ 
    where
        roles0_.user_id=?
Hibernate: 
    select
        roles0_.user_id as user_id1_11_0_,
        roles0_.roles as roles2_11_0_ 
    from
        user_roles roles0_ 
    where
        roles0_.user_id=?
Hibernate: 
    insert 
    into
        story_pin_like
        (created_at, updated_at, story_pin_id, user_id) 
    values
        (?, ?, ?, ?)
Hibernate: 
    insert 
    into
        story_pin_comment
        (created_at, updated_at, content, story_pin_id, user_id) 
    values
        (?, ?, ?, ?, ?)
Hibernate: 
    select
        user0_.id as id1_10_,
        user0_.created_at as created_2_10_,
        user0_.updated_at as updated_3_10_,
        user0_.age as age4_10_,
        user0_.background_image as backgrou5_10_,
        user0_.email as email6_10_,
        user0_.gender as gender7_10_,
        user0_.hobby as hobby8_10_,
        user0_.introduce as introduc9_10_,
        user0_.job as job10_10_,
        user0_.name as name11_10_,
        user0_.nick_name as nick_na12_10_,
        user0_.phone_num as phone_n13_10_,
        user0_.profile_image as profile14_10_,
        user0_.res_red_number as res_red15_10_,
        user0_.score as score16_10_ 
    from
        user user0_
Hibernate: 
    select
        roles0_.user_id as user_id1_11_0_,
        roles0_.roles as roles2_11_0_ 
    from
        user_roles roles0_ 
    where
        roles0_.user_id=?
Hibernate: 
    select
        roles0_.user_id as user_id1_11_0_,
        roles0_.roles as roles2_11_0_ 
    from
        user_roles roles0_ 
    where
        roles0_.user_id=?
Hibernate: 
    select
        roles0_.user_id as user_id1_11_0_,
        roles0_.roles as roles2_11_0_ 
    from
        user_roles roles0_ 
    where
        roles0_.user_id=?
Hibernate: 
    select
        roles0_.user_id as user_id1_11_0_,
        roles0_.roles as roles2_11_0_ 
    from
        user_roles roles0_ 
    where
        roles0_.user_id=?
Hibernate: 
    select
        roles0_.user_id as user_id1_11_0_,
        roles0_.roles as roles2_11_0_ 
    from
        user_roles roles0_ 
    where
        roles0_.user_id=?
Hibernate: 
    select
        user0_.id as id1_10_,
        user0_.created_at as created_2_10_,
        user0_.updated_at as updated_3_10_,
        user0_.age as age4_10_,
        user0_.background_image as backgrou5_10_,
        user0_.email as email6_10_,
        user0_.gender as gender7_10_,
        user0_.hobby as hobby8_10_,
        user0_.introduce as introduc9_10_,
        user0_.job as job10_10_,
        user0_.name as name11_10_,
        user0_.nick_name as nick_na12_10_,
        user0_.phone_num as phone_n13_10_,
        user0_.profile_image as profile14_10_,
        user0_.res_red_number as res_red15_10_,
        user0_.score as score16_10_ 
    from
        user user0_
Hibernate: 
    select
        roles0_.user_id as user_id1_11_0_,
        roles0_.roles as roles2_11_0_ 
    from
        user_roles roles0_ 
    where
        roles0_.user_id=?
Hibernate: 
    select
        roles0_.user_id as user_id1_11_0_,
        roles0_.roles as roles2_11_0_ 
    from
        user_roles roles0_ 
    where
        roles0_.user_id=?
Hibernate: 
    select
        roles0_.user_id as user_id1_11_0_,
        roles0_.roles as roles2_11_0_ 
    from
        user_roles roles0_ 
    where
        roles0_.user_id=?
Hibernate: 
    select
        roles0_.user_id as user_id1_11_0_,
        roles0_.roles as roles2_11_0_ 
    from
        user_roles roles0_ 
    where
        roles0_.user_id=?
Hibernate: 
    select
        roles0_.user_id as user_id1_11_0_,
        roles0_.roles as roles2_11_0_ 
    from
        user_roles roles0_ 
    where
        roles0_.user_id=?
Hibernate: 
    insert 
    into
        story_pin_like
        (created_at, updated_at, story_pin_id, user_id) 
    values
        (?, ?, ?, ?)
Hibernate: 
    insert 
    into
        story_pin_comment
        (created_at, updated_at, content, story_pin_id, user_id) 
    values
        (?, ?, ?, ?, ?)
Hibernate: 
    select
        user0_.id as id1_10_,
        user0_.created_at as created_2_10_,
        user0_.updated_at as updated_3_10_,
        user0_.age as age4_10_,
        user0_.background_image as backgrou5_10_,
        user0_.email as email6_10_,
        user0_.gender as gender7_10_,
        user0_.hobby as hobby8_10_,
        user0_.introduce as introduc9_10_,
        user0_.job as job10_10_,
        user0_.name as name11_10_,
        user0_.nick_name as nick_na12_10_,
        user0_.phone_num as phone_n13_10_,
        user0_.profile_image as profile14_10_,
        user0_.res_red_number as res_red15_10_,
        user0_.score as score16_10_ 
    from
        user user0_
Hibernate: 
    select
        roles0_.user_id as user_id1_11_0_,
        roles0_.roles as roles2_11_0_ 
    from
        user_roles roles0_ 
    where
        roles0_.user_id=?
Hibernate: 
    select
        roles0_.user_id as user_id1_11_0_,
        roles0_.roles as roles2_11_0_ 
    from
        user_roles roles0_ 
    where
        roles0_.user_id=?
Hibernate: 
    select
        roles0_.user_id as user_id1_11_0_,
        roles0_.roles as roles2_11_0_ 
    from
        user_roles roles0_ 
    where
        roles0_.user_id=?
Hibernate: 
    select
        roles0_.user_id as user_id1_11_0_,
        roles0_.roles as roles2_11_0_ 
    from
        user_roles roles0_ 
    where
        roles0_.user_id=?
Hibernate: 
    select
        roles0_.user_id as user_id1_11_0_,
        roles0_.roles as roles2_11_0_ 
    from
        user_roles roles0_ 
    where
        roles0_.user_id=?
Hibernate: 
    select
        user0_.id as id1_10_,
        user0_.created_at as created_2_10_,
        user0_.updated_at as updated_3_10_,
        user0_.age as age4_10_,
        user0_.background_image as backgrou5_10_,
        user0_.email as email6_10_,
        user0_.gender as gender7_10_,
        user0_.hobby as hobby8_10_,
        user0_.introduce as introduc9_10_,
        user0_.job as job10_10_,
        user0_.name as name11_10_,
        user0_.nick_name as nick_na12_10_,
        user0_.phone_num as phone_n13_10_,
        user0_.profile_image as profile14_10_,
        user0_.res_red_number as res_red15_10_,
        user0_.score as score16_10_ 
    from
        user user0_
Hibernate: 
    select
        roles0_.user_id as user_id1_11_0_,
        roles0_.roles as roles2_11_0_ 
    from
        user_roles roles0_ 
    where
        roles0_.user_id=?
Hibernate: 
    select
        roles0_.user_id as user_id1_11_0_,
        roles0_.roles as roles2_11_0_ 
    from
        user_roles roles0_ 
    where
        roles0_.user_id=?
Hibernate: 
    select
        roles0_.user_id as user_id1_11_0_,
        roles0_.roles as roles2_11_0_ 
    from
        user_roles roles0_ 
    where
        roles0_.user_id=?
Hibernate: 
    select
        roles0_.user_id as user_id1_11_0_,
        roles0_.roles as roles2_11_0_ 
    from
        user_roles roles0_ 
    where
        roles0_.user_id=?
Hibernate: 
    select
        roles0_.user_id as user_id1_11_0_,
        roles0_.roles as roles2_11_0_ 
    from
        user_roles roles0_ 
    where
        roles0_.user_id=?
Hibernate: 
    insert 
    into
        story_pin_like
        (created_at, updated_at, story_pin_id, user_id) 
    values
        (?, ?, ?, ?)
Hibernate: 
    insert 
    into
        story_pin_comment
        (created_at, updated_at, content, story_pin_id, user_id) 
    values
        (?, ?, ?, ?, ?)
Hibernate: 
    select
        user0_.id as id1_10_,
        user0_.created_at as created_2_10_,
        user0_.updated_at as updated_3_10_,
        user0_.age as age4_10_,
        user0_.background_image as backgrou5_10_,
        user0_.email as email6_10_,
        user0_.gender as gender7_10_,
        user0_.hobby as hobby8_10_,
        user0_.introduce as introduc9_10_,
        user0_.job as job10_10_,
        user0_.name as name11_10_,
        user0_.nick_name as nick_na12_10_,
        user0_.phone_num as phone_n13_10_,
        user0_.profile_image as profile14_10_,
        user0_.res_red_number as res_red15_10_,
        user0_.score as score16_10_ 
    from
        user user0_
Hibernate: 
    select
        roles0_.user_id as user_id1_11_0_,
        roles0_.roles as roles2_11_0_ 
    from
        user_roles roles0_ 
    where
        roles0_.user_id=?
Hibernate: 
    select
        roles0_.user_id as user_id1_11_0_,
        roles0_.roles as roles2_11_0_ 
    from
        user_roles roles0_ 
    where
        roles0_.user_id=?
Hibernate: 
    select
        roles0_.user_id as user_id1_11_0_,
        roles0_.roles as roles2_11_0_ 
    from
        user_roles roles0_ 
    where
        roles0_.user_id=?
Hibernate: 
    select
        roles0_.user_id as user_id1_11_0_,
        roles0_.roles as roles2_11_0_ 
    from
        user_roles roles0_ 
    where
        roles0_.user_id=?
Hibernate: 
    select
        roles0_.user_id as user_id1_11_0_,
        roles0_.roles as roles2_11_0_ 
    from
        user_roles roles0_ 
    where
        roles0_.user_id=?
Hibernate: 
    select
        user0_.id as id1_10_,
        user0_.created_at as created_2_10_,
        user0_.updated_at as updated_3_10_,
        user0_.age as age4_10_,
        user0_.background_image as backgrou5_10_,
        user0_.email as email6_10_,
        user0_.gender as gender7_10_,
        user0_.hobby as hobby8_10_,
        user0_.introduce as introduc9_10_,
        user0_.job as job10_10_,
        user0_.name as name11_10_,
        user0_.nick_name as nick_na12_10_,
        user0_.phone_num as phone_n13_10_,
        user0_.profile_image as profile14_10_,
        user0_.res_red_number as res_red15_10_,
        user0_.score as score16_10_ 
    from
        user user0_
Hibernate: 
    select
        roles0_.user_id as user_id1_11_0_,
        roles0_.roles as roles2_11_0_ 
    from
        user_roles roles0_ 
    where
        roles0_.user_id=?
Hibernate: 
    select
        roles0_.user_id as user_id1_11_0_,
        roles0_.roles as roles2_11_0_ 
    from
        user_roles roles0_ 
    where
        roles0_.user_id=?
Hibernate: 
    select
        roles0_.user_id as user_id1_11_0_,
        roles0_.roles as roles2_11_0_ 
    from
        user_roles roles0_ 
    where
        roles0_.user_id=?
Hibernate: 
    select
        roles0_.user_id as user_id1_11_0_,
        roles0_.roles as roles2_11_0_ 
    from
        user_roles roles0_ 
    where
        roles0_.user_id=?
Hibernate: 
    select
        roles0_.user_id as user_id1_11_0_,
        roles0_.roles as roles2_11_0_ 
    from
        user_roles roles0_ 
    where
        roles0_.user_id=?
Hibernate: 
    insert 
    into
        story_pin_like
        (created_at, updated_at, story_pin_id, user_id) 
    values
        (?, ?, ?, ?)
Hibernate: 
    insert 
    into
        story_pin_comment
        (created_at, updated_at, content, story_pin_id, user_id) 
    values
        (?, ?, ?, ?, ?)
Hibernate: 
    select
        user0_.id as id1_10_,
        user0_.created_at as created_2_10_,
        user0_.updated_at as updated_3_10_,
        user0_.age as age4_10_,
        user0_.background_image as backgrou5_10_,
        user0_.email as email6_10_,
        user0_.gender as gender7_10_,
        user0_.hobby as hobby8_10_,
        user0_.introduce as introduc9_10_,
        user0_.job as job10_10_,
        user0_.name as name11_10_,
        user0_.nick_name as nick_na12_10_,
        user0_.phone_num as phone_n13_10_,
        user0_.profile_image as profile14_10_,
        user0_.res_red_number as res_red15_10_,
        user0_.score as score16_10_ 
    from
        user user0_
Hibernate: 
    select
        roles0_.user_id as user_id1_11_0_,
        roles0_.roles as roles2_11_0_ 
    from
        user_roles roles0_ 
    where
        roles0_.user_id=?
Hibernate: 
    select
        roles0_.user_id as user_id1_11_0_,
        roles0_.roles as roles2_11_0_ 
    from
        user_roles roles0_ 
    where
        roles0_.user_id=?
Hibernate: 
    select
        roles0_.user_id as user_id1_11_0_,
        roles0_.roles as roles2_11_0_ 
    from
        user_roles roles0_ 
    where
        roles0_.user_id=?
Hibernate: 
    select
        roles0_.user_id as user_id1_11_0_,
        roles0_.roles as roles2_11_0_ 
    from
        user_roles roles0_ 
    where
        roles0_.user_id=?
Hibernate: 
    select
        roles0_.user_id as user_id1_11_0_,
        roles0_.roles as roles2_11_0_ 
    from
        user_roles roles0_ 
    where
        roles0_.user_id=?
Hibernate: 
    select
        user0_.id as id1_10_,
        user0_.created_at as created_2_10_,
        user0_.updated_at as updated_3_10_,
        user0_.age as age4_10_,
        user0_.background_image as backgrou5_10_,
        user0_.email as email6_10_,
        user0_.gender as gender7_10_,
        user0_.hobby as hobby8_10_,
        user0_.introduce as introduc9_10_,
        user0_.job as job10_10_,
        user0_.name as name11_10_,
        user0_.nick_name as nick_na12_10_,
        user0_.phone_num as phone_n13_10_,
        user0_.profile_image as profile14_10_,
        user0_.res_red_number as res_red15_10_,
        user0_.score as score16_10_ 
    from
        user user0_
Hibernate: 
    select
        roles0_.user_id as user_id1_11_0_,
        roles0_.roles as roles2_11_0_ 
    from
        user_roles roles0_ 
    where
        roles0_.user_id=?
Hibernate: 
    select
        roles0_.user_id as user_id1_11_0_,
        roles0_.roles as roles2_11_0_ 
    from
        user_roles roles0_ 
    where
        roles0_.user_id=?
Hibernate: 
    select
        roles0_.user_id as user_id1_11_0_,
        roles0_.roles as roles2_11_0_ 
    from
        user_roles roles0_ 
    where
        roles0_.user_id=?
Hibernate: 
    select
        roles0_.user_id as user_id1_11_0_,
        roles0_.roles as roles2_11_0_ 
    from
        user_roles roles0_ 
    where
        roles0_.user_id=?
Hibernate: 
    select
        roles0_.user_id as user_id1_11_0_,
        roles0_.roles as roles2_11_0_ 
    from
        user_roles roles0_ 
    where
        roles0_.user_id=?
Hibernate: 
    insert 
    into
        story_pin_like
        (created_at, updated_at, story_pin_id, user_id) 
    values
        (?, ?, ?, ?)
Hibernate: 
    insert 
    into
        story_pin_comment
        (created_at, updated_at, content, story_pin_id, user_id) 
    values
        (?, ?, ?, ?, ?)
Hibernate: 
    select
        user0_.id as id1_10_,
        user0_.created_at as created_2_10_,
        user0_.updated_at as updated_3_10_,
        user0_.age as age4_10_,
        user0_.background_image as backgrou5_10_,
        user0_.email as email6_10_,
        user0_.gender as gender7_10_,
        user0_.hobby as hobby8_10_,
        user0_.introduce as introduc9_10_,
        user0_.job as job10_10_,
        user0_.name as name11_10_,
        user0_.nick_name as nick_na12_10_,
        user0_.phone_num as phone_n13_10_,
        user0_.profile_image as profile14_10_,
        user0_.res_red_number as res_red15_10_,
        user0_.score as score16_10_ 
    from
        user user0_
Hibernate: 
    select
        roles0_.user_id as user_id1_11_0_,
        roles0_.roles as roles2_11_0_ 
    from
        user_roles roles0_ 
    where
        roles0_.user_id=?
Hibernate: 
    select
        roles0_.user_id as user_id1_11_0_,
        roles0_.roles as roles2_11_0_ 
    from
        user_roles roles0_ 
    where
        roles0_.user_id=?
Hibernate: 
    select
        roles0_.user_id as user_id1_11_0_,
        roles0_.roles as roles2_11_0_ 
    from
        user_roles roles0_ 
    where
        roles0_.user_id=?
Hibernate: 
    select
        roles0_.user_id as user_id1_11_0_,
        roles0_.roles as roles2_11_0_ 
    from
        user_roles roles0_ 
    where
        roles0_.user_id=?
Hibernate: 
    select
        roles0_.user_id as user_id1_11_0_,
        roles0_.roles as roles2_11_0_ 
    from
        user_roles roles0_ 
    where
        roles0_.user_id=?
Hibernate: 
    select
        user0_.id as id1_10_,
        user0_.created_at as created_2_10_,
        user0_.updated_at as updated_3_10_,
        user0_.age as age4_10_,
        user0_.background_image as backgrou5_10_,
        user0_.email as email6_10_,
        user0_.gender as gender7_10_,
        user0_.hobby as hobby8_10_,
        user0_.introduce as introduc9_10_,
        user0_.job as job10_10_,
        user0_.name as name11_10_,
        user0_.nick_name as nick_na12_10_,
        user0_.phone_num as phone_n13_10_,
        user0_.profile_image as profile14_10_,
        user0_.res_red_number as res_red15_10_,
        user0_.score as score16_10_ 
    from
        user user0_
Hibernate: 
    select
        roles0_.user_id as user_id1_11_0_,
        roles0_.roles as roles2_11_0_ 
    from
        user_roles roles0_ 
    where
        roles0_.user_id=?
Hibernate: 
    select
        roles0_.user_id as user_id1_11_0_,
        roles0_.roles as roles2_11_0_ 
    from
        user_roles roles0_ 
    where
        roles0_.user_id=?
Hibernate: 
    select
        roles0_.user_id as user_id1_11_0_,
        roles0_.roles as roles2_11_0_ 
    from
        user_roles roles0_ 
    where
        roles0_.user_id=?
Hibernate: 
    select
        roles0_.user_id as user_id1_11_0_,
        roles0_.roles as roles2_11_0_ 
    from
        user_roles roles0_ 
    where
        roles0_.user_id=?
Hibernate: 
    select
        roles0_.user_id as user_id1_11_0_,
        roles0_.roles as roles2_11_0_ 
    from
        user_roles roles0_ 
    where
        roles0_.user_id=?
Hibernate: 
    insert 
    into
        story_pin_like
        (created_at, updated_at, story_pin_id, user_id) 
    values
        (?, ?, ?, ?)
Hibernate: 
    insert 
    into
        story_pin_comment
        (created_at, updated_at, content, story_pin_id, user_id) 
    values
        (?, ?, ?, ?, ?)
Hibernate: 
    select
        user0_.id as id1_10_,
        user0_.created_at as created_2_10_,
        user0_.updated_at as updated_3_10_,
        user0_.age as age4_10_,
        user0_.background_image as backgrou5_10_,
        user0_.email as email6_10_,
        user0_.gender as gender7_10_,
        user0_.hobby as hobby8_10_,
        user0_.introduce as introduc9_10_,
        user0_.job as job10_10_,
        user0_.name as name11_10_,
        user0_.nick_name as nick_na12_10_,
        user0_.phone_num as phone_n13_10_,
        user0_.profile_image as profile14_10_,
        user0_.res_red_number as res_red15_10_,
        user0_.score as score16_10_ 
    from
        user user0_
Hibernate: 
    select
        roles0_.user_id as user_id1_11_0_,
        roles0_.roles as roles2_11_0_ 
    from
        user_roles roles0_ 
    where
        roles0_.user_id=?
Hibernate: 
    select
        roles0_.user_id as user_id1_11_0_,
        roles0_.roles as roles2_11_0_ 
    from
        user_roles roles0_ 
    where
        roles0_.user_id=?
Hibernate: 
    select
        roles0_.user_id as user_id1_11_0_,
        roles0_.roles as roles2_11_0_ 
    from
        user_roles roles0_ 
    where
        roles0_.user_id=?
Hibernate: 
    select
        roles0_.user_id as user_id1_11_0_,
        roles0_.roles as roles2_11_0_ 
    from
        user_roles roles0_ 
    where
        roles0_.user_id=?
Hibernate: 
    select
        roles0_.user_id as user_id1_11_0_,
        roles0_.roles as roles2_11_0_ 
    from
        user_roles roles0_ 
    where
        roles0_.user_id=?
Hibernate: 
    select
        user0_.id as id1_10_,
        user0_.created_at as created_2_10_,
        user0_.updated_at as updated_3_10_,
        user0_.age as age4_10_,
        user0_.background_image as backgrou5_10_,
        user0_.email as email6_10_,
        user0_.gender as gender7_10_,
        user0_.hobby as hobby8_10_,
        user0_.introduce as introduc9_10_,
        user0_.job as job10_10_,
        user0_.name as name11_10_,
        user0_.nick_name as nick_na12_10_,
        user0_.phone_num as phone_n13_10_,
        user0_.profile_image as profile14_10_,
        user0_.res_red_number as res_red15_10_,
        user0_.score as score16_10_ 
    from
        user user0_
Hibernate: 
    select
        roles0_.user_id as user_id1_11_0_,
        roles0_.roles as roles2_11_0_ 
    from
        user_roles roles0_ 
    where
        roles0_.user_id=?
Hibernate: 
    select
        roles0_.user_id as user_id1_11_0_,
        roles0_.roles as roles2_11_0_ 
    from
        user_roles roles0_ 
    where
        roles0_.user_id=?
Hibernate: 
    select
        roles0_.user_id as user_id1_11_0_,
        roles0_.roles as roles2_11_0_ 
    from
        user_roles roles0_ 
    where
        roles0_.user_id=?
Hibernate: 
    select
        roles0_.user_id as user_id1_11_0_,
        roles0_.roles as roles2_11_0_ 
    from
        user_roles roles0_ 
    where
        roles0_.user_id=?
Hibernate: 
    select
        roles0_.user_id as user_id1_11_0_,
        roles0_.roles as roles2_11_0_ 
    from
        user_roles roles0_ 
    where
        roles0_.user_id=?
Hibernate: 
    insert 
    into
        story_pin_like
        (created_at, updated_at, story_pin_id, user_id) 
    values
        (?, ?, ?, ?)
Hibernate: 
    insert 
    into
        story_pin_comment
        (created_at, updated_at, content, story_pin_id, user_id) 
    values
        (?, ?, ?, ?, ?)
Hibernate: 
    select
        user0_.id as id1_10_,
        user0_.created_at as created_2_10_,
        user0_.updated_at as updated_3_10_,
        user0_.age as age4_10_,
        user0_.background_image as backgrou5_10_,
        user0_.email as email6_10_,
        user0_.gender as gender7_10_,
        user0_.hobby as hobby8_10_,
        user0_.introduce as introduc9_10_,
        user0_.job as job10_10_,
        user0_.name as name11_10_,
        user0_.nick_name as nick_na12_10_,
        user0_.phone_num as phone_n13_10_,
        user0_.profile_image as profile14_10_,
        user0_.res_red_number as res_red15_10_,
        user0_.score as score16_10_ 
    from
        user user0_
Hibernate: 
    select
        roles0_.user_id as user_id1_11_0_,
        roles0_.roles as roles2_11_0_ 
    from
        user_roles roles0_ 
    where
        roles0_.user_id=?
Hibernate: 
    select
        roles0_.user_id as user_id1_11_0_,
        roles0_.roles as roles2_11_0_ 
    from
        user_roles roles0_ 
    where
        roles0_.user_id=?
Hibernate: 
    select
        roles0_.user_id as user_id1_11_0_,
        roles0_.roles as roles2_11_0_ 
    from
        user_roles roles0_ 
    where
        roles0_.user_id=?
Hibernate: 
    select
        roles0_.user_id as user_id1_11_0_,
        roles0_.roles as roles2_11_0_ 
    from
        user_roles roles0_ 
    where
        roles0_.user_id=?
Hibernate: 
    select
        roles0_.user_id as user_id1_11_0_,
        roles0_.roles as roles2_11_0_ 
    from
        user_roles roles0_ 
    where
        roles0_.user_id=?
Hibernate: 
    select
        user0_.id as id1_10_,
        user0_.created_at as created_2_10_,
        user0_.updated_at as updated_3_10_,
        user0_.age as age4_10_,
        user0_.background_image as backgrou5_10_,
        user0_.email as email6_10_,
        user0_.gender as gender7_10_,
        user0_.hobby as hobby8_10_,
        user0_.introduce as introduc9_10_,
        user0_.job as job10_10_,
        user0_.name as name11_10_,
        user0_.nick_name as nick_na12_10_,
        user0_.phone_num as phone_n13_10_,
        user0_.profile_image as profile14_10_,
        user0_.res_red_number as res_red15_10_,
        user0_.score as score16_10_ 
    from
        user user0_
Hibernate: 
    select
        roles0_.user_id as user_id1_11_0_,
        roles0_.roles as roles2_11_0_ 
    from
        user_roles roles0_ 
    where
        roles0_.user_id=?
Hibernate: 
    select
        roles0_.user_id as user_id1_11_0_,
        roles0_.roles as roles2_11_0_ 
    from
        user_roles roles0_ 
    where
        roles0_.user_id=?
Hibernate: 
    select
        roles0_.user_id as user_id1_11_0_,
        roles0_.roles as roles2_11_0_ 
    from
        user_roles roles0_ 
    where
        roles0_.user_id=?
Hibernate: 
    select
        roles0_.user_id as user_id1_11_0_,
        roles0_.roles as roles2_11_0_ 
    from
        user_roles roles0_ 
    where
        roles0_.user_id=?
Hibernate: 
    select
        roles0_.user_id as user_id1_11_0_,
        roles0_.roles as roles2_11_0_ 
    from
        user_roles roles0_ 
    where
        roles0_.user_id=?
Hibernate: 
    insert 
    into
        story_pin_like
        (created_at, updated_at, story_pin_id, user_id) 
    values
        (?, ?, ?, ?)
Hibernate: 
    insert 
    into
        story_pin_comment
        (created_at, updated_at, content, story_pin_id, user_id) 
    values
        (?, ?, ?, ?, ?)
Hibernate: 
    select
        user0_.id as id1_10_,
        user0_.created_at as created_2_10_,
        user0_.updated_at as updated_3_10_,
        user0_.age as age4_10_,
        user0_.background_image as backgrou5_10_,
        user0_.email as email6_10_,
        user0_.gender as gender7_10_,
        user0_.hobby as hobby8_10_,
        user0_.introduce as introduc9_10_,
        user0_.job as job10_10_,
        user0_.name as name11_10_,
        user0_.nick_name as nick_na12_10_,
        user0_.phone_num as phone_n13_10_,
        user0_.profile_image as profile14_10_,
        user0_.res_red_number as res_red15_10_,
        user0_.score as score16_10_ 
    from
        user user0_
Hibernate: 
    select
        roles0_.user_id as user_id1_11_0_,
        roles0_.roles as roles2_11_0_ 
    from
        user_roles roles0_ 
    where
        roles0_.user_id=?
Hibernate: 
    select
        roles0_.user_id as user_id1_11_0_,
        roles0_.roles as roles2_11_0_ 
    from
        user_roles roles0_ 
    where
        roles0_.user_id=?
Hibernate: 
    select
        roles0_.user_id as user_id1_11_0_,
        roles0_.roles as roles2_11_0_ 
    from
        user_roles roles0_ 
    where
        roles0_.user_id=?
Hibernate: 
    select
        roles0_.user_id as user_id1_11_0_,
        roles0_.roles as roles2_11_0_ 
    from
        user_roles roles0_ 
    where
        roles0_.user_id=?
Hibernate: 
    select
        roles0_.user_id as user_id1_11_0_,
        roles0_.roles as roles2_11_0_ 
    from
        user_roles roles0_ 
    where
        roles0_.user_id=?
Hibernate: 
    select
        user0_.id as id1_10_,
        user0_.created_at as created_2_10_,
        user0_.updated_at as updated_3_10_,
        user0_.age as age4_10_,
        user0_.background_image as backgrou5_10_,
        user0_.email as email6_10_,
        user0_.gender as gender7_10_,
        user0_.hobby as hobby8_10_,
        user0_.introduce as introduc9_10_,
        user0_.job as job10_10_,
        user0_.name as name11_10_,
        user0_.nick_name as nick_na12_10_,
        user0_.phone_num as phone_n13_10_,
        user0_.profile_image as profile14_10_,
        user0_.res_red_number as res_red15_10_,
        user0_.score as score16_10_ 
    from
        user user0_
Hibernate: 
    select
        roles0_.user_id as user_id1_11_0_,
        roles0_.roles as roles2_11_0_ 
    from
        user_roles roles0_ 
    where
        roles0_.user_id=?
Hibernate: 
    select
        roles0_.user_id as user_id1_11_0_,
        roles0_.roles as roles2_11_0_ 
    from
        user_roles roles0_ 
    where
        roles0_.user_id=?
Hibernate: 
    select
        roles0_.user_id as user_id1_11_0_,
        roles0_.roles as roles2_11_0_ 
    from
        user_roles roles0_ 
    where
        roles0_.user_id=?
Hibernate: 
    select
        roles0_.user_id as user_id1_11_0_,
        roles0_.roles as roles2_11_0_ 
    from
        user_roles roles0_ 
    where
        roles0_.user_id=?
Hibernate: 
    select
        roles0_.user_id as user_id1_11_0_,
        roles0_.roles as roles2_11_0_ 
    from
        user_roles roles0_ 
    where
        roles0_.user_id=?
Hibernate: 
    insert 
    into
        story_pin_like
        (created_at, updated_at, story_pin_id, user_id) 
    values
        (?, ?, ?, ?)
Hibernate: 
    insert 
    into
        story_pin_comment
        (created_at, updated_at, content, story_pin_id, user_id) 
    values
        (?, ?, ?, ?, ?)
Hibernate: 
    select
        user0_.id as id1_10_,
        user0_.created_at as created_2_10_,
        user0_.updated_at as updated_3_10_,
        user0_.age as age4_10_,
        user0_.background_image as backgrou5_10_,
        user0_.email as email6_10_,
        user0_.gender as gender7_10_,
        user0_.hobby as hobby8_10_,
        user0_.introduce as introduc9_10_,
        user0_.job as job10_10_,
        user0_.name as name11_10_,
        user0_.nick_name as nick_na12_10_,
        user0_.phone_num as phone_n13_10_,
        user0_.profile_image as profile14_10_,
        user0_.res_red_number as res_red15_10_,
        user0_.score as score16_10_ 
    from
        user user0_
Hibernate: 
    select
        roles0_.user_id as user_id1_11_0_,
        roles0_.roles as roles2_11_0_ 
    from
        user_roles roles0_ 
    where
        roles0_.user_id=?
Hibernate: 
    select
        roles0_.user_id as user_id1_11_0_,
        roles0_.roles as roles2_11_0_ 
    from
        user_roles roles0_ 
    where
        roles0_.user_id=?
Hibernate: 
    select
        roles0_.user_id as user_id1_11_0_,
        roles0_.roles as roles2_11_0_ 
    from
        user_roles roles0_ 
    where
        roles0_.user_id=?
Hibernate: 
    select
        roles0_.user_id as user_id1_11_0_,
        roles0_.roles as roles2_11_0_ 
    from
        user_roles roles0_ 
    where
        roles0_.user_id=?
Hibernate: 
    select
        roles0_.user_id as user_id1_11_0_,
        roles0_.roles as roles2_11_0_ 
    from
        user_roles roles0_ 
    where
        roles0_.user_id=?
Hibernate: 
    select
        user0_.id as id1_10_,
        user0_.created_at as created_2_10_,
        user0_.updated_at as updated_3_10_,
        user0_.age as age4_10_,
        user0_.background_image as backgrou5_10_,
        user0_.email as email6_10_,
        user0_.gender as gender7_10_,
        user0_.hobby as hobby8_10_,
        user0_.introduce as introduc9_10_,
        user0_.job as job10_10_,
        user0_.name as name11_10_,
        user0_.nick_name as nick_na12_10_,
        user0_.phone_num as phone_n13_10_,
        user0_.profile_image as profile14_10_,
        user0_.res_red_number as res_red15_10_,
        user0_.score as score16_10_ 
    from
        user user0_
Hibernate: 
    select
        roles0_.user_id as user_id1_11_0_,
        roles0_.roles as roles2_11_0_ 
    from
        user_roles roles0_ 
    where
        roles0_.user_id=?
Hibernate: 
    select
        roles0_.user_id as user_id1_11_0_,
        roles0_.roles as roles2_11_0_ 
    from
        user_roles roles0_ 
    where
        roles0_.user_id=?
Hibernate: 
    select
        roles0_.user_id as user_id1_11_0_,
        roles0_.roles as roles2_11_0_ 
    from
        user_roles roles0_ 
    where
        roles0_.user_id=?
Hibernate: 
    select
        roles0_.user_id as user_id1_11_0_,
        roles0_.roles as roles2_11_0_ 
    from
        user_roles roles0_ 
    where
        roles0_.user_id=?
Hibernate: 
    select
        roles0_.user_id as user_id1_11_0_,
        roles0_.roles as roles2_11_0_ 
    from
        user_roles roles0_ 
    where
        roles0_.user_id=?
Hibernate: 
    insert 
    into
        story_pin_like
        (created_at, updated_at, story_pin_id, user_id) 
    values
        (?, ?, ?, ?)
Hibernate: 
    insert 
    into
        story_pin_comment
        (created_at, updated_at, content, story_pin_id, user_id) 
    values
        (?, ?, ?, ?, ?)
Hibernate: 
    select
        user0_.id as id1_10_,
        user0_.created_at as created_2_10_,
        user0_.updated_at as updated_3_10_,
        user0_.age as age4_10_,
        user0_.background_image as backgrou5_10_,
        user0_.email as email6_10_,
        user0_.gender as gender7_10_,
        user0_.hobby as hobby8_10_,
        user0_.introduce as introduc9_10_,
        user0_.job as job10_10_,
        user0_.name as name11_10_,
        user0_.nick_name as nick_na12_10_,
        user0_.phone_num as phone_n13_10_,
        user0_.profile_image as profile14_10_,
        user0_.res_red_number as res_red15_10_,
        user0_.score as score16_10_ 
    from
        user user0_
Hibernate: 
    select
        roles0_.user_id as user_id1_11_0_,
        roles0_.roles as roles2_11_0_ 
    from
        user_roles roles0_ 
    where
        roles0_.user_id=?
Hibernate: 
    select
        roles0_.user_id as user_id1_11_0_,
        roles0_.roles as roles2_11_0_ 
    from
        user_roles roles0_ 
    where
        roles0_.user_id=?
Hibernate: 
    select
        roles0_.user_id as user_id1_11_0_,
        roles0_.roles as roles2_11_0_ 
    from
        user_roles roles0_ 
    where
        roles0_.user_id=?
Hibernate: 
    select
        roles0_.user_id as user_id1_11_0_,
        roles0_.roles as roles2_11_0_ 
    from
        user_roles roles0_ 
    where
        roles0_.user_id=?
Hibernate: 
    select
        roles0_.user_id as user_id1_11_0_,
        roles0_.roles as roles2_11_0_ 
    from
        user_roles roles0_ 
    where
        roles0_.user_id=?
Hibernate: 
    select
        user0_.id as id1_10_,
        user0_.created_at as created_2_10_,
        user0_.updated_at as updated_3_10_,
        user0_.age as age4_10_,
        user0_.background_image as backgrou5_10_,
        user0_.email as email6_10_,
        user0_.gender as gender7_10_,
        user0_.hobby as hobby8_10_,
        user0_.introduce as introduc9_10_,
        user0_.job as job10_10_,
        user0_.name as name11_10_,
        user0_.nick_name as nick_na12_10_,
        user0_.phone_num as phone_n13_10_,
        user0_.profile_image as profile14_10_,
        user0_.res_red_number as res_red15_10_,
        user0_.score as score16_10_ 
    from
        user user0_
Hibernate: 
    select
        roles0_.user_id as user_id1_11_0_,
        roles0_.roles as roles2_11_0_ 
    from
        user_roles roles0_ 
    where
        roles0_.user_id=?
Hibernate: 
    select
        roles0_.user_id as user_id1_11_0_,
        roles0_.roles as roles2_11_0_ 
    from
        user_roles roles0_ 
    where
        roles0_.user_id=?
Hibernate: 
    select
        roles0_.user_id as user_id1_11_0_,
        roles0_.roles as roles2_11_0_ 
    from
        user_roles roles0_ 
    where
        roles0_.user_id=?
Hibernate: 
    select
        roles0_.user_id as user_id1_11_0_,
        roles0_.roles as roles2_11_0_ 
    from
        user_roles roles0_ 
    where
        roles0_.user_id=?
Hibernate: 
    select
        roles0_.user_id as user_id1_11_0_,
        roles0_.roles as roles2_11_0_ 
    from
        user_roles roles0_ 
    where
        roles0_.user_id=?
Hibernate: 
    insert 
    into
        story_pin_like
        (created_at, updated_at, story_pin_id, user_id) 
    values
        (?, ?, ?, ?)
Hibernate: 
    insert 
    into
        story_pin_comment
        (created_at, updated_at, content, story_pin_id, user_id) 
    values
        (?, ?, ?, ?, ?)
Hibernate: 
    select
        user0_.id as id1_10_,
        user0_.created_at as created_2_10_,
        user0_.updated_at as updated_3_10_,
        user0_.age as age4_10_,
        user0_.background_image as backgrou5_10_,
        user0_.email as email6_10_,
        user0_.gender as gender7_10_,
        user0_.hobby as hobby8_10_,
        user0_.introduce as introduc9_10_,
        user0_.job as job10_10_,
        user0_.name as name11_10_,
        user0_.nick_name as nick_na12_10_,
        user0_.phone_num as phone_n13_10_,
        user0_.profile_image as profile14_10_,
        user0_.res_red_number as res_red15_10_,
        user0_.score as score16_10_ 
    from
        user user0_
Hibernate: 
    select
        roles0_.user_id as user_id1_11_0_,
        roles0_.roles as roles2_11_0_ 
    from
        user_roles roles0_ 
    where
        roles0_.user_id=?
Hibernate: 
    select
        roles0_.user_id as user_id1_11_0_,
        roles0_.roles as roles2_11_0_ 
    from
        user_roles roles0_ 
    where
        roles0_.user_id=?
Hibernate: 
    select
        roles0_.user_id as user_id1_11_0_,
        roles0_.roles as roles2_11_0_ 
    from
        user_roles roles0_ 
    where
        roles0_.user_id=?
Hibernate: 
    select
        roles0_.user_id as user_id1_11_0_,
        roles0_.roles as roles2_11_0_ 
    from
        user_roles roles0_ 
    where
        roles0_.user_id=?
Hibernate: 
    select
        roles0_.user_id as user_id1_11_0_,
        roles0_.roles as roles2_11_0_ 
    from
        user_roles roles0_ 
    where
        roles0_.user_id=?
Hibernate: 
    select
        user0_.id as id1_10_,
        user0_.created_at as created_2_10_,
        user0_.updated_at as updated_3_10_,
        user0_.age as age4_10_,
        user0_.background_image as backgrou5_10_,
        user0_.email as email6_10_,
        user0_.gender as gender7_10_,
        user0_.hobby as hobby8_10_,
        user0_.introduce as introduc9_10_,
        user0_.job as job10_10_,
        user0_.name as name11_10_,
        user0_.nick_name as nick_na12_10_,
        user0_.phone_num as phone_n13_10_,
        user0_.profile_image as profile14_10_,
        user0_.res_red_number as res_red15_10_,
        user0_.score as score16_10_ 
    from
        user user0_
Hibernate: 
    select
        roles0_.user_id as user_id1_11_0_,
        roles0_.roles as roles2_11_0_ 
    from
        user_roles roles0_ 
    where
        roles0_.user_id=?
Hibernate: 
    select
        roles0_.user_id as user_id1_11_0_,
        roles0_.roles as roles2_11_0_ 
    from
        user_roles roles0_ 
    where
        roles0_.user_id=?
Hibernate: 
    select
        roles0_.user_id as user_id1_11_0_,
        roles0_.roles as roles2_11_0_ 
    from
        user_roles roles0_ 
    where
        roles0_.user_id=?
Hibernate: 
    select
        roles0_.user_id as user_id1_11_0_,
        roles0_.roles as roles2_11_0_ 
    from
        user_roles roles0_ 
    where
        roles0_.user_id=?
Hibernate: 
    select
        roles0_.user_id as user_id1_11_0_,
        roles0_.roles as roles2_11_0_ 
    from
        user_roles roles0_ 
    where
        roles0_.user_id=?
Hibernate: 
    insert 
    into
        story_pin_like
        (created_at, updated_at, story_pin_id, user_id) 
    values
        (?, ?, ?, ?)
Hibernate: 
    insert 
    into
        story_pin_comment
        (created_at, updated_at, content, story_pin_id, user_id) 
    values
        (?, ?, ?, ?, ?)
Hibernate: 
    select
        user0_.id as id1_10_,
        user0_.created_at as created_2_10_,
        user0_.updated_at as updated_3_10_,
        user0_.age as age4_10_,
        user0_.background_image as backgrou5_10_,
        user0_.email as email6_10_,
        user0_.gender as gender7_10_,
        user0_.hobby as hobby8_10_,
        user0_.introduce as introduc9_10_,
        user0_.job as job10_10_,
        user0_.name as name11_10_,
        user0_.nick_name as nick_na12_10_,
        user0_.phone_num as phone_n13_10_,
        user0_.profile_image as profile14_10_,
        user0_.res_red_number as res_red15_10_,
        user0_.score as score16_10_ 
    from
        user user0_
Hibernate: 
    select
        roles0_.user_id as user_id1_11_0_,
        roles0_.roles as roles2_11_0_ 
    from
        user_roles roles0_ 
    where
        roles0_.user_id=?
Hibernate: 
    select
        roles0_.user_id as user_id1_11_0_,
        roles0_.roles as roles2_11_0_ 
    from
        user_roles roles0_ 
    where
        roles0_.user_id=?
Hibernate: 
    select
        roles0_.user_id as user_id1_11_0_,
        roles0_.roles as roles2_11_0_ 
    from
        user_roles roles0_ 
    where
        roles0_.user_id=?
Hibernate: 
    select
        roles0_.user_id as user_id1_11_0_,
        roles0_.roles as roles2_11_0_ 
    from
        user_roles roles0_ 
    where
        roles0_.user_id=?
Hibernate: 
    select
        roles0_.user_id as user_id1_11_0_,
        roles0_.roles as roles2_11_0_ 
    from
        user_roles roles0_ 
    where
        roles0_.user_id=?
Hibernate: 
    select
        user0_.id as id1_10_,
        user0_.created_at as created_2_10_,
        user0_.updated_at as updated_3_10_,
        user0_.age as age4_10_,
        user0_.background_image as backgrou5_10_,
        user0_.email as email6_10_,
        user0_.gender as gender7_10_,
        user0_.hobby as hobby8_10_,
        user0_.introduce as introduc9_10_,
        user0_.job as job10_10_,
        user0_.name as name11_10_,
        user0_.nick_name as nick_na12_10_,
        user0_.phone_num as phone_n13_10_,
        user0_.profile_image as profile14_10_,
        user0_.res_red_number as res_red15_10_,
        user0_.score as score16_10_ 
    from
        user user0_
Hibernate: 
    select
        roles0_.user_id as user_id1_11_0_,
        roles0_.roles as roles2_11_0_ 
    from
        user_roles roles0_ 
    where
        roles0_.user_id=?
Hibernate: 
    select
        roles0_.user_id as user_id1_11_0_,
        roles0_.roles as roles2_11_0_ 
    from
        user_roles roles0_ 
    where
        roles0_.user_id=?
Hibernate: 
    select
        roles0_.user_id as user_id1_11_0_,
        roles0_.roles as roles2_11_0_ 
    from
        user_roles roles0_ 
    where
        roles0_.user_id=?
Hibernate: 
    select
        roles0_.user_id as user_id1_11_0_,
        roles0_.roles as roles2_11_0_ 
    from
        user_roles roles0_ 
    where
        roles0_.user_id=?
Hibernate: 
    select
        roles0_.user_id as user_id1_11_0_,
        roles0_.roles as roles2_11_0_ 
    from
        user_roles roles0_ 
    where
        roles0_.user_id=?
Hibernate: 
    insert 
    into
        story_pin_like
        (created_at, updated_at, story_pin_id, user_id) 
    values
        (?, ?, ?, ?)
Hibernate: 
    insert 
    into
        story_pin_comment
        (created_at, updated_at, content, story_pin_id, user_id) 
    values
        (?, ?, ?, ?, ?)
Hibernate: 
    select
        user0_.id as id1_10_,
        user0_.created_at as created_2_10_,
        user0_.updated_at as updated_3_10_,
        user0_.age as age4_10_,
        user0_.background_image as backgrou5_10_,
        user0_.email as email6_10_,
        user0_.gender as gender7_10_,
        user0_.hobby as hobby8_10_,
        user0_.introduce as introduc9_10_,
        user0_.job as job10_10_,
        user0_.name as name11_10_,
        user0_.nick_name as nick_na12_10_,
        user0_.phone_num as phone_n13_10_,
        user0_.profile_image as profile14_10_,
        user0_.res_red_number as res_red15_10_,
        user0_.score as score16_10_ 
    from
        user user0_
Hibernate: 
    select
        roles0_.user_id as user_id1_11_0_,
        roles0_.roles as roles2_11_0_ 
    from
        user_roles roles0_ 
    where
        roles0_.user_id=?
Hibernate: 
    select
        roles0_.user_id as user_id1_11_0_,
        roles0_.roles as roles2_11_0_ 
    from
        user_roles roles0_ 
    where
        roles0_.user_id=?
Hibernate: 
    select
        roles0_.user_id as user_id1_11_0_,
        roles0_.roles as roles2_11_0_ 
    from
        user_roles roles0_ 
    where
        roles0_.user_id=?
Hibernate: 
    select
        roles0_.user_id as user_id1_11_0_,
        roles0_.roles as roles2_11_0_ 
    from
        user_roles roles0_ 
    where
        roles0_.user_id=?
Hibernate: 
    select
        roles0_.user_id as user_id1_11_0_,
        roles0_.roles as roles2_11_0_ 
    from
        user_roles roles0_ 
    where
        roles0_.user_id=?
Hibernate: 
    select
        user0_.id as id1_10_,
        user0_.created_at as created_2_10_,
        user0_.updated_at as updated_3_10_,
        user0_.age as age4_10_,
        user0_.background_image as backgrou5_10_,
        user0_.email as email6_10_,
        user0_.gender as gender7_10_,
        user0_.hobby as hobby8_10_,
        user0_.introduce as introduc9_10_,
        user0_.job as job10_10_,
        user0_.name as name11_10_,
        user0_.nick_name as nick_na12_10_,
        user0_.phone_num as phone_n13_10_,
        user0_.profile_image as profile14_10_,
        user0_.res_red_number as res_red15_10_,
        user0_.score as score16_10_ 
    from
        user user0_
Hibernate: 
    select
        roles0_.user_id as user_id1_11_0_,
        roles0_.roles as roles2_11_0_ 
    from
        user_roles roles0_ 
    where
        roles0_.user_id=?
Hibernate: 
    select
        roles0_.user_id as user_id1_11_0_,
        roles0_.roles as roles2_11_0_ 
    from
        user_roles roles0_ 
    where
        roles0_.user_id=?
Hibernate: 
    select
        roles0_.user_id as user_id1_11_0_,
        roles0_.roles as roles2_11_0_ 
    from
        user_roles roles0_ 
    where
        roles0_.user_id=?
Hibernate: 
    select
        roles0_.user_id as user_id1_11_0_,
        roles0_.roles as roles2_11_0_ 
    from
        user_roles roles0_ 
    where
        roles0_.user_id=?
Hibernate: 
    select
        roles0_.user_id as user_id1_11_0_,
        roles0_.roles as roles2_11_0_ 
    from
        user_roles roles0_ 
    where
        roles0_.user_id=?
Hibernate: 
    insert 
    into
        story_pin_like
        (created_at, updated_at, story_pin_id, user_id) 
    values
        (?, ?, ?, ?)
Hibernate: 
    insert 
    into
        story_pin_comment
        (created_at, updated_at, content, story_pin_id, user_id) 
    values
        (?, ?, ?, ?, ?)
Hibernate: 
    select
        user0_.id as id1_10_,
        user0_.created_at as created_2_10_,
        user0_.updated_at as updated_3_10_,
        user0_.age as age4_10_,
        user0_.background_image as backgrou5_10_,
        user0_.email as email6_10_,
        user0_.gender as gender7_10_,
        user0_.hobby as hobby8_10_,
        user0_.introduce as introduc9_10_,
        user0_.job as job10_10_,
        user0_.name as name11_10_,
        user0_.nick_name as nick_na12_10_,
        user0_.phone_num as phone_n13_10_,
        user0_.profile_image as profile14_10_,
        user0_.res_red_number as res_red15_10_,
        user0_.score as score16_10_ 
    from
        user user0_
Hibernate: 
    select
        roles0_.user_id as user_id1_11_0_,
        roles0_.roles as roles2_11_0_ 
    from
        user_roles roles0_ 
    where
        roles0_.user_id=?
Hibernate: 
    select
        roles0_.user_id as user_id1_11_0_,
        roles0_.roles as roles2_11_0_ 
    from
        user_roles roles0_ 
    where
        roles0_.user_id=?
Hibernate: 
    select
        roles0_.user_id as user_id1_11_0_,
        roles0_.roles as roles2_11_0_ 
    from
        user_roles roles0_ 
    where
        roles0_.user_id=?
Hibernate: 
    select
        roles0_.user_id as user_id1_11_0_,
        roles0_.roles as roles2_11_0_ 
    from
        user_roles roles0_ 
    where
        roles0_.user_id=?
Hibernate: 
    select
        roles0_.user_id as user_id1_11_0_,
        roles0_.roles as roles2_11_0_ 
    from
        user_roles roles0_ 
    where
        roles0_.user_id=?
Hibernate: 
    select
        user0_.id as id1_10_,
        user0_.created_at as created_2_10_,
        user0_.updated_at as updated_3_10_,
        user0_.age as age4_10_,
        user0_.background_image as backgrou5_10_,
        user0_.email as email6_10_,
        user0_.gender as gender7_10_,
        user0_.hobby as hobby8_10_,
        user0_.introduce as introduc9_10_,
        user0_.job as job10_10_,
        user0_.name as name11_10_,
        user0_.nick_name as nick_na12_10_,
        user0_.phone_num as phone_n13_10_,
        user0_.profile_image as profile14_10_,
        user0_.res_red_number as res_red15_10_,
        user0_.score as score16_10_ 
    from
        user user0_
Hibernate: 
    select
        roles0_.user_id as user_id1_11_0_,
        roles0_.roles as roles2_11_0_ 
    from
        user_roles roles0_ 
    where
        roles0_.user_id=?
Hibernate: 
    select
        roles0_.user_id as user_id1_11_0_,
        roles0_.roles as roles2_11_0_ 
    from
        user_roles roles0_ 
    where
        roles0_.user_id=?
Hibernate: 
    select
        roles0_.user_id as user_id1_11_0_,
        roles0_.roles as roles2_11_0_ 
    from
        user_roles roles0_ 
    where
        roles0_.user_id=?
Hibernate: 
    select
        roles0_.user_id as user_id1_11_0_,
        roles0_.roles as roles2_11_0_ 
    from
        user_roles roles0_ 
    where
        roles0_.user_id=?
Hibernate: 
    select
        roles0_.user_id as user_id1_11_0_,
        roles0_.roles as roles2_11_0_ 
    from
        user_roles roles0_ 
    where
        roles0_.user_id=?
Hibernate: 
    insert 
    into
        story_pin_like
        (created_at, updated_at, story_pin_id, user_id) 
    values
        (?, ?, ?, ?)
Hibernate: 
    insert 
    into
        story_pin_comment
        (created_at, updated_at, content, story_pin_id, user_id) 
    values
        (?, ?, ?, ?, ?)
Hibernate: 
    select
        user0_.id as id1_10_,
        user0_.created_at as created_2_10_,
        user0_.updated_at as updated_3_10_,
        user0_.age as age4_10_,
        user0_.background_image as backgrou5_10_,
        user0_.email as email6_10_,
        user0_.gender as gender7_10_,
        user0_.hobby as hobby8_10_,
        user0_.introduce as introduc9_10_,
        user0_.job as job10_10_,
        user0_.name as name11_10_,
        user0_.nick_name as nick_na12_10_,
        user0_.phone_num as phone_n13_10_,
        user0_.profile_image as profile14_10_,
        user0_.res_red_number as res_red15_10_,
        user0_.score as score16_10_ 
    from
        user user0_
Hibernate: 
    select
        roles0_.user_id as user_id1_11_0_,
        roles0_.roles as roles2_11_0_ 
    from
        user_roles roles0_ 
    where
        roles0_.user_id=?
Hibernate: 
    select
        roles0_.user_id as user_id1_11_0_,
        roles0_.roles as roles2_11_0_ 
    from
        user_roles roles0_ 
    where
        roles0_.user_id=?
Hibernate: 
    select
        roles0_.user_id as user_id1_11_0_,
        roles0_.roles as roles2_11_0_ 
    from
        user_roles roles0_ 
    where
        roles0_.user_id=?
Hibernate: 
    select
        roles0_.user_id as user_id1_11_0_,
        roles0_.roles as roles2_11_0_ 
    from
        user_roles roles0_ 
    where
        roles0_.user_id=?
Hibernate: 
    select
        roles0_.user_id as user_id1_11_0_,
        roles0_.roles as roles2_11_0_ 
    from
        user_roles roles0_ 
    where
        roles0_.user_id=?
Hibernate: 
    select
        user0_.id as id1_10_,
        user0_.created_at as created_2_10_,
        user0_.updated_at as updated_3_10_,
        user0_.age as age4_10_,
        user0_.background_image as backgrou5_10_,
        user0_.email as email6_10_,
        user0_.gender as gender7_10_,
        user0_.hobby as hobby8_10_,
        user0_.introduce as introduc9_10_,
        user0_.job as job10_10_,
        user0_.name as name11_10_,
        user0_.nick_name as nick_na12_10_,
        user0_.phone_num as phone_n13_10_,
        user0_.profile_image as profile14_10_,
        user0_.res_red_number as res_red15_10_,
        user0_.score as score16_10_ 
    from
        user user0_
Hibernate: 
    select
        roles0_.user_id as user_id1_11_0_,
        roles0_.roles as roles2_11_0_ 
    from
        user_roles roles0_ 
    where
        roles0_.user_id=?
Hibernate: 
    select
        roles0_.user_id as user_id1_11_0_,
        roles0_.roles as roles2_11_0_ 
    from
        user_roles roles0_ 
    where
        roles0_.user_id=?
Hibernate: 
    select
        roles0_.user_id as user_id1_11_0_,
        roles0_.roles as roles2_11_0_ 
    from
        user_roles roles0_ 
    where
        roles0_.user_id=?
Hibernate: 
    select
        roles0_.user_id as user_id1_11_0_,
        roles0_.roles as roles2_11_0_ 
    from
        user_roles roles0_ 
    where
        roles0_.user_id=?
Hibernate: 
    select
        roles0_.user_id as user_id1_11_0_,
        roles0_.roles as roles2_11_0_ 
    from
        user_roles roles0_ 
    where
        roles0_.user_id=?
Hibernate: 
    insert 
    into
        story_pin_like
        (created_at, updated_at, story_pin_id, user_id) 
    values
        (?, ?, ?, ?)
Hibernate: 
    insert 
    into
        story_pin_comment
        (created_at, updated_at, content, story_pin_id, user_id) 
    values
        (?, ?, ?, ?, ?)
Hibernate: 
    select
        user0_.id as id1_10_,
        user0_.created_at as created_2_10_,
        user0_.updated_at as updated_3_10_,
        user0_.age as age4_10_,
        user0_.background_image as backgrou5_10_,
        user0_.email as email6_10_,
        user0_.gender as gender7_10_,
        user0_.hobby as hobby8_10_,
        user0_.introduce as introduc9_10_,
        user0_.job as job10_10_,
        user0_.name as name11_10_,
        user0_.nick_name as nick_na12_10_,
        user0_.phone_num as phone_n13_10_,
        user0_.profile_image as profile14_10_,
        user0_.res_red_number as res_red15_10_,
        user0_.score as score16_10_ 
    from
        user user0_
Hibernate: 
    select
        roles0_.user_id as user_id1_11_0_,
        roles0_.roles as roles2_11_0_ 
    from
        user_roles roles0_ 
    where
        roles0_.user_id=?
Hibernate: 
    select
        roles0_.user_id as user_id1_11_0_,
        roles0_.roles as roles2_11_0_ 
    from
        user_roles roles0_ 
    where
        roles0_.user_id=?
Hibernate: 
    select
        roles0_.user_id as user_id1_11_0_,
        roles0_.roles as roles2_11_0_ 
    from
        user_roles roles0_ 
    where
        roles0_.user_id=?
Hibernate: 
    select
        roles0_.user_id as user_id1_11_0_,
        roles0_.roles as roles2_11_0_ 
    from
        user_roles roles0_ 
    where
        roles0_.user_id=?
Hibernate: 
    select
        roles0_.user_id as user_id1_11_0_,
        roles0_.roles as roles2_11_0_ 
    from
        user_roles roles0_ 
    where
        roles0_.user_id=?
Hibernate: 
    select
        user0_.id as id1_10_,
        user0_.created_at as created_2_10_,
        user0_.updated_at as updated_3_10_,
        user0_.age as age4_10_,
        user0_.background_image as backgrou5_10_,
        user0_.email as email6_10_,
        user0_.gender as gender7_10_,
        user0_.hobby as hobby8_10_,
        user0_.introduce as introduc9_10_,
        user0_.job as job10_10_,
        user0_.name as name11_10_,
        user0_.nick_name as nick_na12_10_,
        user0_.phone_num as phone_n13_10_,
        user0_.profile_image as profile14_10_,
        user0_.res_red_number as res_red15_10_,
        user0_.score as score16_10_ 
    from
        user user0_
Hibernate: 
    select
        roles0_.user_id as user_id1_11_0_,
        roles0_.roles as roles2_11_0_ 
    from
        user_roles roles0_ 
    where
        roles0_.user_id=?
Hibernate: 
    select
        roles0_.user_id as user_id1_11_0_,
        roles0_.roles as roles2_11_0_ 
    from
        user_roles roles0_ 
    where
        roles0_.user_id=?
Hibernate: 
    select
        roles0_.user_id as user_id1_11_0_,
        roles0_.roles as roles2_11_0_ 
    from
        user_roles roles0_ 
    where
        roles0_.user_id=?
Hibernate: 
    select
        roles0_.user_id as user_id1_11_0_,
        roles0_.roles as roles2_11_0_ 
    from
        user_roles roles0_ 
    where
        roles0_.user_id=?
Hibernate: 
    select
        roles0_.user_id as user_id1_11_0_,
        roles0_.roles as roles2_11_0_ 
    from
        user_roles roles0_ 
    where
        roles0_.user_id=?
Hibernate: 
    insert 
    into
        story_pin_like
        (created_at, updated_at, story_pin_id, user_id) 
    values
        (?, ?, ?, ?)
Hibernate: 
    insert 
    into
        story_pin_comment
        (created_at, updated_at, content, story_pin_id, user_id) 
    values
        (?, ?, ?, ?, ?)
Hibernate: 
    select
        user0_.id as id1_10_,
        user0_.created_at as created_2_10_,
        user0_.updated_at as updated_3_10_,
        user0_.age as age4_10_,
        user0_.background_image as backgrou5_10_,
        user0_.email as email6_10_,
        user0_.gender as gender7_10_,
        user0_.hobby as hobby8_10_,
        user0_.introduce as introduc9_10_,
        user0_.job as job10_10_,
        user0_.name as name11_10_,
        user0_.nick_name as nick_na12_10_,
        user0_.phone_num as phone_n13_10_,
        user0_.profile_image as profile14_10_,
        user0_.res_red_number as res_red15_10_,
        user0_.score as score16_10_ 
    from
        user user0_
Hibernate: 
    select
        roles0_.user_id as user_id1_11_0_,
        roles0_.roles as roles2_11_0_ 
    from
        user_roles roles0_ 
    where
        roles0_.user_id=?
Hibernate: 
    select
        roles0_.user_id as user_id1_11_0_,
        roles0_.roles as roles2_11_0_ 
    from
        user_roles roles0_ 
    where
        roles0_.user_id=?
Hibernate: 
    select
        roles0_.user_id as user_id1_11_0_,
        roles0_.roles as roles2_11_0_ 
    from
        user_roles roles0_ 
    where
        roles0_.user_id=?
Hibernate: 
    select
        roles0_.user_id as user_id1_11_0_,
        roles0_.roles as roles2_11_0_ 
    from
        user_roles roles0_ 
    where
        roles0_.user_id=?
Hibernate: 
    select
        roles0_.user_id as user_id1_11_0_,
        roles0_.roles as roles2_11_0_ 
    from
        user_roles roles0_ 
    where
        roles0_.user_id=?
Hibernate: 
    select
        user0_.id as id1_10_,
        user0_.created_at as created_2_10_,
        user0_.updated_at as updated_3_10_,
        user0_.age as age4_10_,
        user0_.background_image as backgrou5_10_,
        user0_.email as email6_10_,
        user0_.gender as gender7_10_,
        user0_.hobby as hobby8_10_,
        user0_.introduce as introduc9_10_,
        user0_.job as job10_10_,
        user0_.name as name11_10_,
        user0_.nick_name as nick_na12_10_,
        user0_.phone_num as phone_n13_10_,
        user0_.profile_image as profile14_10_,
        user0_.res_red_number as res_red15_10_,
        user0_.score as score16_10_ 
    from
        user user0_
Hibernate: 
    select
        roles0_.user_id as user_id1_11_0_,
        roles0_.roles as roles2_11_0_ 
    from
        user_roles roles0_ 
    where
        roles0_.user_id=?
Hibernate: 
    select
        roles0_.user_id as user_id1_11_0_,
        roles0_.roles as roles2_11_0_ 
    from
        user_roles roles0_ 
    where
        roles0_.user_id=?
Hibernate: 
    select
        roles0_.user_id as user_id1_11_0_,
        roles0_.roles as roles2_11_0_ 
    from
        user_roles roles0_ 
    where
        roles0_.user_id=?
Hibernate: 
    select
        roles0_.user_id as user_id1_11_0_,
        roles0_.roles as roles2_11_0_ 
    from
        user_roles roles0_ 
    where
        roles0_.user_id=?
Hibernate: 
    select
        roles0_.user_id as user_id1_11_0_,
        roles0_.roles as roles2_11_0_ 
    from
        user_roles roles0_ 
    where
        roles0_.user_id=?
Hibernate: 
    insert 
    into
        story_pin_like
        (created_at, updated_at, story_pin_id, user_id) 
    values
        (?, ?, ?, ?)
Hibernate: 
    insert 
    into
        story_pin_comment
        (created_at, updated_at, content, story_pin_id, user_id) 
    values
        (?, ?, ?, ?, ?)
Hibernate: 
    select
        user0_.id as id1_10_,
        user0_.created_at as created_2_10_,
        user0_.updated_at as updated_3_10_,
        user0_.age as age4_10_,
        user0_.background_image as backgrou5_10_,
        user0_.email as email6_10_,
        user0_.gender as gender7_10_,
        user0_.hobby as hobby8_10_,
        user0_.introduce as introduc9_10_,
        user0_.job as job10_10_,
        user0_.name as name11_10_,
        user0_.nick_name as nick_na12_10_,
        user0_.phone_num as phone_n13_10_,
        user0_.profile_image as profile14_10_,
        user0_.res_red_number as res_red15_10_,
        user0_.score as score16_10_ 
    from
        user user0_
Hibernate: 
    select
        roles0_.user_id as user_id1_11_0_,
        roles0_.roles as roles2_11_0_ 
    from
        user_roles roles0_ 
    where
        roles0_.user_id=?
Hibernate: 
    select
        roles0_.user_id as user_id1_11_0_,
        roles0_.roles as roles2_11_0_ 
    from
        user_roles roles0_ 
    where
        roles0_.user_id=?
Hibernate: 
    select
        roles0_.user_id as user_id1_11_0_,
        roles0_.roles as roles2_11_0_ 
    from
        user_roles roles0_ 
    where
        roles0_.user_id=?
Hibernate: 
    select
        roles0_.user_id as user_id1_11_0_,
        roles0_.roles as roles2_11_0_ 
    from
        user_roles roles0_ 
    where
        roles0_.user_id=?
Hibernate: 
    select
        roles0_.user_id as user_id1_11_0_,
        roles0_.roles as roles2_11_0_ 
    from
        user_roles roles0_ 
    where
        roles0_.user_id=?
Hibernate: 
    select
        user0_.id as id1_10_,
        user0_.created_at as created_2_10_,
        user0_.updated_at as updated_3_10_,
        user0_.age as age4_10_,
        user0_.background_image as backgrou5_10_,
        user0_.email as email6_10_,
        user0_.gender as gender7_10_,
        user0_.hobby as hobby8_10_,
        user0_.introduce as introduc9_10_,
        user0_.job as job10_10_,
        user0_.name as name11_10_,
        user0_.nick_name as nick_na12_10_,
        user0_.phone_num as phone_n13_10_,
        user0_.profile_image as profile14_10_,
        user0_.res_red_number as res_red15_10_,
        user0_.score as score16_10_ 
    from
        user user0_
Hibernate: 
    select
        roles0_.user_id as user_id1_11_0_,
        roles0_.roles as roles2_11_0_ 
    from
        user_roles roles0_ 
    where
        roles0_.user_id=?
Hibernate: 
    select
        roles0_.user_id as user_id1_11_0_,
        roles0_.roles as roles2_11_0_ 
    from
        user_roles roles0_ 
    where
        roles0_.user_id=?
Hibernate: 
    select
        roles0_.user_id as user_id1_11_0_,
        roles0_.roles as roles2_11_0_ 
    from
        user_roles roles0_ 
    where
        roles0_.user_id=?
Hibernate: 
    select
        roles0_.user_id as user_id1_11_0_,
        roles0_.roles as roles2_11_0_ 
    from
        user_roles roles0_ 
    where
        roles0_.user_id=?
Hibernate: 
    select
        roles0_.user_id as user_id1_11_0_,
        roles0_.roles as roles2_11_0_ 
    from
        user_roles roles0_ 
    where
        roles0_.user_id=?
Hibernate: 
    insert 
    into
        story_pin_like
        (created_at, updated_at, story_pin_id, user_id) 
    values
        (?, ?, ?, ?)
Hibernate: 
    insert 
    into
        story_pin_comment
        (created_at, updated_at, content, story_pin_id, user_id) 
    values
        (?, ?, ?, ?, ?)
Hibernate: 
    select
        user0_.id as id1_10_,
        user0_.created_at as created_2_10_,
        user0_.updated_at as updated_3_10_,
        user0_.age as age4_10_,
        user0_.background_image as backgrou5_10_,
        user0_.email as email6_10_,
        user0_.gender as gender7_10_,
        user0_.hobby as hobby8_10_,
        user0_.introduce as introduc9_10_,
        user0_.job as job10_10_,
        user0_.name as name11_10_,
        user0_.nick_name as nick_na12_10_,
        user0_.phone_num as phone_n13_10_,
        user0_.profile_image as profile14_10_,
        user0_.res_red_number as res_red15_10_,
        user0_.score as score16_10_ 
    from
        user user0_
Hibernate: 
    select
        roles0_.user_id as user_id1_11_0_,
        roles0_.roles as roles2_11_0_ 
    from
        user_roles roles0_ 
    where
        roles0_.user_id=?
Hibernate: 
    select
        roles0_.user_id as user_id1_11_0_,
        roles0_.roles as roles2_11_0_ 
    from
        user_roles roles0_ 
    where
        roles0_.user_id=?
Hibernate: 
    select
        roles0_.user_id as user_id1_11_0_,
        roles0_.roles as roles2_11_0_ 
    from
        user_roles roles0_ 
    where
        roles0_.user_id=?
Hibernate: 
    select
        roles0_.user_id as user_id1_11_0_,
        roles0_.roles as roles2_11_0_ 
    from
        user_roles roles0_ 
    where
        roles0_.user_id=?
Hibernate: 
    select
        roles0_.user_id as user_id1_11_0_,
        roles0_.roles as roles2_11_0_ 
    from
        user_roles roles0_ 
    where
        roles0_.user_id=?
Hibernate: 
    select
        user0_.id as id1_10_,
        user0_.created_at as created_2_10_,
        user0_.updated_at as updated_3_10_,
        user0_.age as age4_10_,
        user0_.background_image as backgrou5_10_,
        user0_.email as email6_10_,
        user0_.gender as gender7_10_,
        user0_.hobby as hobby8_10_,
        user0_.introduce as introduc9_10_,
        user0_.job as job10_10_,
        user0_.name as name11_10_,
        user0_.nick_name as nick_na12_10_,
        user0_.phone_num as phone_n13_10_,
        user0_.profile_image as profile14_10_,
        user0_.res_red_number as res_red15_10_,
        user0_.score as score16_10_ 
    from
        user user0_
Hibernate: 
    select
        roles0_.user_id as user_id1_11_0_,
        roles0_.roles as roles2_11_0_ 
    from
        user_roles roles0_ 
    where
        roles0_.user_id=?
Hibernate: 
    select
        roles0_.user_id as user_id1_11_0_,
        roles0_.roles as roles2_11_0_ 
    from
        user_roles roles0_ 
    where
        roles0_.user_id=?
Hibernate: 
    select
        roles0_.user_id as user_id1_11_0_,
        roles0_.roles as roles2_11_0_ 
    from
        user_roles roles0_ 
    where
        roles0_.user_id=?
Hibernate: 
    select
        roles0_.user_id as user_id1_11_0_,
        roles0_.roles as roles2_11_0_ 
    from
        user_roles roles0_ 
    where
        roles0_.user_id=?
Hibernate: 
    select
        roles0_.user_id as user_id1_11_0_,
        roles0_.roles as roles2_11_0_ 
    from
        user_roles roles0_ 
    where
        roles0_.user_id=?
Hibernate: 
    insert 
    into
        story_pin_like
        (created_at, updated_at, story_pin_id, user_id) 
    values
        (?, ?, ?, ?)
Hibernate: 
    insert 
    into
        story_pin_comment
        (created_at, updated_at, content, story_pin_id, user_id) 
    values
        (?, ?, ?, ?, ?)
Hibernate: 
    select
        user0_.id as id1_10_,
        user0_.created_at as created_2_10_,
        user0_.updated_at as updated_3_10_,
        user0_.age as age4_10_,
        user0_.background_image as backgrou5_10_,
        user0_.email as email6_10_,
        user0_.gender as gender7_10_,
        user0_.hobby as hobby8_10_,
        user0_.introduce as introduc9_10_,
        user0_.job as job10_10_,
        user0_.name as name11_10_,
        user0_.nick_name as nick_na12_10_,
        user0_.phone_num as phone_n13_10_,
        user0_.profile_image as profile14_10_,
        user0_.res_red_number as res_red15_10_,
        user0_.score as score16_10_ 
    from
        user user0_
Hibernate: 
    select
        roles0_.user_id as user_id1_11_0_,
        roles0_.roles as roles2_11_0_ 
    from
        user_roles roles0_ 
    where
        roles0_.user_id=?
Hibernate: 
    select
        roles0_.user_id as user_id1_11_0_,
        roles0_.roles as roles2_11_0_ 
    from
        user_roles roles0_ 
    where
        roles0_.user_id=?
Hibernate: 
    select
        roles0_.user_id as user_id1_11_0_,
        roles0_.roles as roles2_11_0_ 
    from
        user_roles roles0_ 
    where
        roles0_.user_id=?
Hibernate: 
    select
        roles0_.user_id as user_id1_11_0_,
        roles0_.roles as roles2_11_0_ 
    from
        user_roles roles0_ 
    where
        roles0_.user_id=?
Hibernate: 
    select
        roles0_.user_id as user_id1_11_0_,
        roles0_.roles as roles2_11_0_ 
    from
        user_roles roles0_ 
    where
        roles0_.user_id=?
Hibernate: 
    select
        user0_.id as id1_10_,
        user0_.created_at as created_2_10_,
        user0_.updated_at as updated_3_10_,
        user0_.age as age4_10_,
        user0_.background_image as backgrou5_10_,
        user0_.email as email6_10_,
        user0_.gender as gender7_10_,
        user0_.hobby as hobby8_10_,
        user0_.introduce as introduc9_10_,
        user0_.job as job10_10_,
        user0_.name as name11_10_,
        user0_.nick_name as nick_na12_10_,
        user0_.phone_num as phone_n13_10_,
        user0_.profile_image as profile14_10_,
        user0_.res_red_number as res_red15_10_,
        user0_.score as score16_10_ 
    from
        user user0_
Hibernate: 
    select
        roles0_.user_id as user_id1_11_0_,
        roles0_.roles as roles2_11_0_ 
    from
        user_roles roles0_ 
    where
        roles0_.user_id=?
Hibernate: 
    select
        roles0_.user_id as user_id1_11_0_,
        roles0_.roles as roles2_11_0_ 
    from
        user_roles roles0_ 
    where
        roles0_.user_id=?
Hibernate: 
    select
        roles0_.user_id as user_id1_11_0_,
        roles0_.roles as roles2_11_0_ 
    from
        user_roles roles0_ 
    where
        roles0_.user_id=?
Hibernate: 
    select
        roles0_.user_id as user_id1_11_0_,
        roles0_.roles as roles2_11_0_ 
    from
        user_roles roles0_ 
    where
        roles0_.user_id=?
Hibernate: 
    select
        roles0_.user_id as user_id1_11_0_,
        roles0_.roles as roles2_11_0_ 
    from
        user_roles roles0_ 
    where
        roles0_.user_id=?
Hibernate: 
    insert 
    into
        story_pin_like
        (created_at, updated_at, story_pin_id, user_id) 
    values
        (?, ?, ?, ?)
Hibernate: 
    insert 
    into
        story_pin_comment
        (created_at, updated_at, content, story_pin_id, user_id) 
    values
        (?, ?, ?, ?, ?)
Hibernate: 
    select
        user0_.id as id1_10_,
        user0_.created_at as created_2_10_,
        user0_.updated_at as updated_3_10_,
        user0_.age as age4_10_,
        user0_.background_image as backgrou5_10_,
        user0_.email as email6_10_,
        user0_.gender as gender7_10_,
        user0_.hobby as hobby8_10_,
        user0_.introduce as introduc9_10_,
        user0_.job as job10_10_,
        user0_.name as name11_10_,
        user0_.nick_name as nick_na12_10_,
        user0_.phone_num as phone_n13_10_,
        user0_.profile_image as profile14_10_,
        user0_.res_red_number as res_red15_10_,
        user0_.score as score16_10_ 
    from
        user user0_
Hibernate: 
    select
        roles0_.user_id as user_id1_11_0_,
        roles0_.roles as roles2_11_0_ 
    from
        user_roles roles0_ 
    where
        roles0_.user_id=?
Hibernate: 
    select
        roles0_.user_id as user_id1_11_0_,
        roles0_.roles as roles2_11_0_ 
    from
        user_roles roles0_ 
    where
        roles0_.user_id=?
Hibernate: 
    select
        roles0_.user_id as user_id1_11_0_,
        roles0_.roles as roles2_11_0_ 
    from
        user_roles roles0_ 
    where
        roles0_.user_id=?
Hibernate: 
    select
        roles0_.user_id as user_id1_11_0_,
        roles0_.roles as roles2_11_0_ 
    from
        user_roles roles0_ 
    where
        roles0_.user_id=?
Hibernate: 
    select
        roles0_.user_id as user_id1_11_0_,
        roles0_.roles as roles2_11_0_ 
    from
        user_roles roles0_ 
    where
        roles0_.user_id=?
Hibernate: 
    select
        user0_.id as id1_10_,
        user0_.created_at as created_2_10_,
        user0_.updated_at as updated_3_10_,
        user0_.age as age4_10_,
        user0_.background_image as backgrou5_10_,
        user0_.email as email6_10_,
        user0_.gender as gender7_10_,
        user0_.hobby as hobby8_10_,
        user0_.introduce as introduc9_10_,
        user0_.job as job10_10_,
        user0_.name as name11_10_,
        user0_.nick_name as nick_na12_10_,
        user0_.phone_num as phone_n13_10_,
        user0_.profile_image as profile14_10_,
        user0_.res_red_number as res_red15_10_,
        user0_.score as score16_10_ 
    from
        user user0_
Hibernate: 
    select
        roles0_.user_id as user_id1_11_0_,
        roles0_.roles as roles2_11_0_ 
    from
        user_roles roles0_ 
    where
        roles0_.user_id=?
Hibernate: 
    select
        roles0_.user_id as user_id1_11_0_,
        roles0_.roles as roles2_11_0_ 
    from
        user_roles roles0_ 
    where
        roles0_.user_id=?
Hibernate: 
    select
        roles0_.user_id as user_id1_11_0_,
        roles0_.roles as roles2_11_0_ 
    from
        user_roles roles0_ 
    where
        roles0_.user_id=?
Hibernate: 
    select
        roles0_.user_id as user_id1_11_0_,
        roles0_.roles as roles2_11_0_ 
    from
        user_roles roles0_ 
    where
        roles0_.user_id=?
Hibernate: 
    select
        roles0_.user_id as user_id1_11_0_,
        roles0_.roles as roles2_11_0_ 
    from
        user_roles roles0_ 
    where
        roles0_.user_id=?
Hibernate: 
    insert 
    into
        story_pin_like
        (created_at, updated_at, story_pin_id, user_id) 
    values
        (?, ?, ?, ?)
Hibernate: 
    insert 
    into
        story_pin_comment
        (created_at, updated_at, content, story_pin_id, user_id) 
    values
        (?, ?, ?, ?, ?)
Hibernate: 
    select
        user0_.id as id1_10_,
        user0_.created_at as created_2_10_,
        user0_.updated_at as updated_3_10_,
        user0_.age as age4_10_,
        user0_.background_image as backgrou5_10_,
        user0_.email as email6_10_,
        user0_.gender as gender7_10_,
        user0_.hobby as hobby8_10_,
        user0_.introduce as introduc9_10_,
        user0_.job as job10_10_,
        user0_.name as name11_10_,
        user0_.nick_name as nick_na12_10_,
        user0_.phone_num as phone_n13_10_,
        user0_.profile_image as profile14_10_,
        user0_.res_red_number as res_red15_10_,
        user0_.score as score16_10_ 
    from
        user user0_
Hibernate: 
    select
        roles0_.user_id as user_id1_11_0_,
        roles0_.roles as roles2_11_0_ 
    from
        user_roles roles0_ 
    where
        roles0_.user_id=?
Hibernate: 
    select
        roles0_.user_id as user_id1_11_0_,
        roles0_.roles as roles2_11_0_ 
    from
        user_roles roles0_ 
    where
        roles0_.user_id=?
Hibernate: 
    select
        roles0_.user_id as user_id1_11_0_,
        roles0_.roles as roles2_11_0_ 
    from
        user_roles roles0_ 
    where
        roles0_.user_id=?
Hibernate: 
    select
        roles0_.user_id as user_id1_11_0_,
        roles0_.roles as roles2_11_0_ 
    from
        user_roles roles0_ 
    where
        roles0_.user_id=?
Hibernate: 
    select
        roles0_.user_id as user_id1_11_0_,
        roles0_.roles as roles2_11_0_ 
    from
        user_roles roles0_ 
    where
        roles0_.user_id=?
Hibernate: 
    select
        user0_.id as id1_10_,
        user0_.created_at as created_2_10_,
        user0_.updated_at as updated_3_10_,
        user0_.age as age4_10_,
        user0_.background_image as backgrou5_10_,
        user0_.email as email6_10_,
        user0_.gender as gender7_10_,
        user0_.hobby as hobby8_10_,
        user0_.introduce as introduc9_10_,
        user0_.job as job10_10_,
        user0_.name as name11_10_,
        user0_.nick_name as nick_na12_10_,
        user0_.phone_num as phone_n13_10_,
        user0_.profile_image as profile14_10_,
        user0_.res_red_number as res_red15_10_,
        user0_.score as score16_10_ 
    from
        user user0_
Hibernate: 
    select
        roles0_.user_id as user_id1_11_0_,
        roles0_.roles as roles2_11_0_ 
    from
        user_roles roles0_ 
    where
        roles0_.user_id=?
Hibernate: 
    select
        roles0_.user_id as user_id1_11_0_,
        roles0_.roles as roles2_11_0_ 
    from
        user_roles roles0_ 
    where
        roles0_.user_id=?
Hibernate: 
    select
        roles0_.user_id as user_id1_11_0_,
        roles0_.roles as roles2_11_0_ 
    from
        user_roles roles0_ 
    where
        roles0_.user_id=?
Hibernate: 
    select
        roles0_.user_id as user_id1_11_0_,
        roles0_.roles as roles2_11_0_ 
    from
        user_roles roles0_ 
    where
        roles0_.user_id=?
Hibernate: 
    select
        roles0_.user_id as user_id1_11_0_,
        roles0_.roles as roles2_11_0_ 
    from
        user_roles roles0_ 
    where
        roles0_.user_id=?
Hibernate: 
    insert 
    into
        story_pin_like
        (created_at, updated_at, story_pin_id, user_id) 
    values
        (?, ?, ?, ?)
Hibernate: 
    insert 
    into
        story_pin_comment
        (created_at, updated_at, content, story_pin_id, user_id) 
    values
        (?, ?, ?, ?, ?)
Hibernate: 
    select
        user0_.id as id1_10_,
        user0_.created_at as created_2_10_,
        user0_.updated_at as updated_3_10_,
        user0_.age as age4_10_,
        user0_.background_image as backgrou5_10_,
        user0_.email as email6_10_,
        user0_.gender as gender7_10_,
        user0_.hobby as hobby8_10_,
        user0_.introduce as introduc9_10_,
        user0_.job as job10_10_,
        user0_.name as name11_10_,
        user0_.nick_name as nick_na12_10_,
        user0_.phone_num as phone_n13_10_,
        user0_.profile_image as profile14_10_,
        user0_.res_red_number as res_red15_10_,
        user0_.score as score16_10_ 
    from
        user user0_
Hibernate: 
    select
        roles0_.user_id as user_id1_11_0_,
        roles0_.roles as roles2_11_0_ 
    from
        user_roles roles0_ 
    where
        roles0_.user_id=?
Hibernate: 
    select
        roles0_.user_id as user_id1_11_0_,
        roles0_.roles as roles2_11_0_ 
    from
        user_roles roles0_ 
    where
        roles0_.user_id=?
Hibernate: 
    select
        roles0_.user_id as user_id1_11_0_,
        roles0_.roles as roles2_11_0_ 
    from
        user_roles roles0_ 
    where
        roles0_.user_id=?
Hibernate: 
    select
        roles0_.user_id as user_id1_11_0_,
        roles0_.roles as roles2_11_0_ 
    from
        user_roles roles0_ 
    where
        roles0_.user_id=?
Hibernate: 
    select
        roles0_.user_id as user_id1_11_0_,
        roles0_.roles as roles2_11_0_ 
    from
        user_roles roles0_ 
    where
        roles0_.user_id=?
Hibernate: 
    select
        user0_.id as id1_10_,
        user0_.created_at as created_2_10_,
        user0_.updated_at as updated_3_10_,
        user0_.age as age4_10_,
        user0_.background_image as backgrou5_10_,
        user0_.email as email6_10_,
        user0_.gender as gender7_10_,
        user0_.hobby as hobby8_10_,
        user0_.introduce as introduc9_10_,
        user0_.job as job10_10_,
        user0_.name as name11_10_,
        user0_.nick_name as nick_na12_10_,
        user0_.phone_num as phone_n13_10_,
        user0_.profile_image as profile14_10_,
        user0_.res_red_number as res_red15_10_,
        user0_.score as score16_10_ 
    from
        user user0_
Hibernate: 
    select
        roles0_.user_id as user_id1_11_0_,
        roles0_.roles as roles2_11_0_ 
    from
        user_roles roles0_ 
    where
        roles0_.user_id=?
Hibernate: 
    select
        roles0_.user_id as user_id1_11_0_,
        roles0_.roles as roles2_11_0_ 
    from
        user_roles roles0_ 
    where
        roles0_.user_id=?
Hibernate: 
    select
        roles0_.user_id as user_id1_11_0_,
        roles0_.roles as roles2_11_0_ 
    from
        user_roles roles0_ 
    where
        roles0_.user_id=?
Hibernate: 
    select
        roles0_.user_id as user_id1_11_0_,
        roles0_.roles as roles2_11_0_ 
    from
        user_roles roles0_ 
    where
        roles0_.user_id=?
Hibernate: 
    select
        roles0_.user_id as user_id1_11_0_,
        roles0_.roles as roles2_11_0_ 
    from
        user_roles roles0_ 
    where
        roles0_.user_id=?
Hibernate: 
    insert 
    into
        story_pin_like
        (created_at, updated_at, story_pin_id, user_id) 
    values
        (?, ?, ?, ?)
Hibernate: 
    insert 
    into
        story_pin_comment
        (created_at, updated_at, content, story_pin_id, user_id) 
    values
        (?, ?, ?, ?, ?)
Hibernate: 
    select
        user0_.id as id1_10_,
        user0_.created_at as created_2_10_,
        user0_.updated_at as updated_3_10_,
        user0_.age as age4_10_,
        user0_.background_image as backgrou5_10_,
        user0_.email as email6_10_,
        user0_.gender as gender7_10_,
        user0_.hobby as hobby8_10_,
        user0_.introduce as introduc9_10_,
        user0_.job as job10_10_,
        user0_.name as name11_10_,
        user0_.nick_name as nick_na12_10_,
        user0_.phone_num as phone_n13_10_,
        user0_.profile_image as profile14_10_,
        user0_.res_red_number as res_red15_10_,
        user0_.score as score16_10_ 
    from
        user user0_
Hibernate: 
    select
        roles0_.user_id as user_id1_11_0_,
        roles0_.roles as roles2_11_0_ 
    from
        user_roles roles0_ 
    where
        roles0_.user_id=?
Hibernate: 
    select
        roles0_.user_id as user_id1_11_0_,
        roles0_.roles as roles2_11_0_ 
    from
        user_roles roles0_ 
    where
        roles0_.user_id=?
Hibernate: 
    select
        roles0_.user_id as user_id1_11_0_,
        roles0_.roles as roles2_11_0_ 
    from
        user_roles roles0_ 
    where
        roles0_.user_id=?
Hibernate: 
    select
        roles0_.user_id as user_id1_11_0_,
        roles0_.roles as roles2_11_0_ 
    from
        user_roles roles0_ 
    where
        roles0_.user_id=?
Hibernate: 
    select
        roles0_.user_id as user_id1_11_0_,
        roles0_.roles as roles2_11_0_ 
    from
        user_roles roles0_ 
    where
        roles0_.user_id=?
Hibernate: 
    select
        user0_.id as id1_10_,
        user0_.created_at as created_2_10_,
        user0_.updated_at as updated_3_10_,
        user0_.age as age4_10_,
        user0_.background_image as backgrou5_10_,
        user0_.email as email6_10_,
        user0_.gender as gender7_10_,
        user0_.hobby as hobby8_10_,
        user0_.introduce as introduc9_10_,
        user0_.job as job10_10_,
        user0_.name as name11_10_,
        user0_.nick_name as nick_na12_10_,
        user0_.phone_num as phone_n13_10_,
        user0_.profile_image as profile14_10_,
        user0_.res_red_number as res_red15_10_,
        user0_.score as score16_10_ 
    from
        user user0_
Hibernate: 
    select
        roles0_.user_id as user_id1_11_0_,
        roles0_.roles as roles2_11_0_ 
    from
        user_roles roles0_ 
    where
        roles0_.user_id=?
Hibernate: 
    select
        roles0_.user_id as user_id1_11_0_,
        roles0_.roles as roles2_11_0_ 
    from
        user_roles roles0_ 
    where
        roles0_.user_id=?
Hibernate: 
    select
        roles0_.user_id as user_id1_11_0_,
        roles0_.roles as roles2_11_0_ 
    from
        user_roles roles0_ 
    where
        roles0_.user_id=?
Hibernate: 
    select
        roles0_.user_id as user_id1_11_0_,
        roles0_.roles as roles2_11_0_ 
    from
        user_roles roles0_ 
    where
        roles0_.user_id=?
Hibernate: 
    select
        roles0_.user_id as user_id1_11_0_,
        roles0_.roles as roles2_11_0_ 
    from
        user_roles roles0_ 
    where
        roles0_.user_id=?
Hibernate: 
    insert 
    into
        story_pin_like
        (created_at, updated_at, story_pin_id, user_id) 
    values
        (?, ?, ?, ?)
Hibernate: 
    insert 
    into
        story_pin_comment
        (created_at, updated_at, content, story_pin_id, user_id) 
    values
        (?, ?, ?, ?, ?)
Hibernate: 
    select
        user0_.id as id1_10_,
        user0_.created_at as created_2_10_,
        user0_.updated_at as updated_3_10_,
        user0_.age as age4_10_,
        user0_.background_image as backgrou5_10_,
        user0_.email as email6_10_,
        user0_.gender as gender7_10_,
        user0_.hobby as hobby8_10_,
        user0_.introduce as introduc9_10_,
        user0_.job as job10_10_,
        user0_.name as name11_10_,
        user0_.nick_name as nick_na12_10_,
        user0_.phone_num as phone_n13_10_,
        user0_.profile_image as profile14_10_,
        user0_.res_red_number as res_red15_10_,
        user0_.score as score16_10_ 
    from
        user user0_
Hibernate: 
    select
        roles0_.user_id as user_id1_11_0_,
        roles0_.roles as roles2_11_0_ 
    from
        user_roles roles0_ 
    where
        roles0_.user_id=?
Hibernate: 
    select
        roles0_.user_id as user_id1_11_0_,
        roles0_.roles as roles2_11_0_ 
    from
        user_roles roles0_ 
    where
        roles0_.user_id=?
Hibernate: 
    select
        roles0_.user_id as user_id1_11_0_,
        roles0_.roles as roles2_11_0_ 
    from
        user_roles roles0_ 
    where
        roles0_.user_id=?
Hibernate: 
    select
        roles0_.user_id as user_id1_11_0_,
        roles0_.roles as roles2_11_0_ 
    from
        user_roles roles0_ 
    where
        roles0_.user_id=?
Hibernate: 
    select
        roles0_.user_id as user_id1_11_0_,
        roles0_.roles as roles2_11_0_ 
    from
        user_roles roles0_ 
    where
        roles0_.user_id=?
Hibernate: 
    select
        user0_.id as id1_10_,
        user0_.created_at as created_2_10_,
        user0_.updated_at as updated_3_10_,
        user0_.age as age4_10_,
        user0_.background_image as backgrou5_10_,
        user0_.email as email6_10_,
        user0_.gender as gender7_10_,
        user0_.hobby as hobby8_10_,
        user0_.introduce as introduc9_10_,
        user0_.job as job10_10_,
        user0_.name as name11_10_,
        user0_.nick_name as nick_na12_10_,
        user0_.phone_num as phone_n13_10_,
        user0_.profile_image as profile14_10_,
        user0_.res_red_number as res_red15_10_,
        user0_.score as score16_10_ 
    from
        user user0_
Hibernate: 
    select
        roles0_.user_id as user_id1_11_0_,
        roles0_.roles as roles2_11_0_ 
    from
        user_roles roles0_ 
    where
        roles0_.user_id=?
Hibernate: 
    select
        roles0_.user_id as user_id1_11_0_,
        roles0_.roles as roles2_11_0_ 
    from
        user_roles roles0_ 
    where
        roles0_.user_id=?
Hibernate: 
    select
        roles0_.user_id as user_id1_11_0_,
        roles0_.roles as roles2_11_0_ 
    from
        user_roles roles0_ 
    where
        roles0_.user_id=?
Hibernate: 
    select
        roles0_.user_id as user_id1_11_0_,
        roles0_.roles as roles2_11_0_ 
    from
        user_roles roles0_ 
    where
        roles0_.user_id=?
Hibernate: 
    select
        roles0_.user_id as user_id1_11_0_,
        roles0_.roles as roles2_11_0_ 
    from
        user_roles roles0_ 
    where
        roles0_.user_id=?
Hibernate: 
    insert 
    into
        story_pin_like
        (created_at, updated_at, story_pin_id, user_id) 
    values
        (?, ?, ?, ?)
Hibernate: 
    insert 
    into
        story_pin_comment
        (created_at, updated_at, content, story_pin_id, user_id) 
    values
        (?, ?, ?, ?, ?)
Hibernate: 
    select
        user0_.id as id1_10_,
        user0_.created_at as created_2_10_,
        user0_.updated_at as updated_3_10_,
        user0_.age as age4_10_,
        user0_.background_image as backgrou5_10_,
        user0_.email as email6_10_,
        user0_.gender as gender7_10_,
        user0_.hobby as hobby8_10_,
        user0_.introduce as introduc9_10_,
        user0_.job as job10_10_,
        user0_.name as name11_10_,
        user0_.nick_name as nick_na12_10_,
        user0_.phone_num as phone_n13_10_,
        user0_.profile_image as profile14_10_,
        user0_.res_red_number as res_red15_10_,
        user0_.score as score16_10_ 
    from
        user user0_
Hibernate: 
    select
        roles0_.user_id as user_id1_11_0_,
        roles0_.roles as roles2_11_0_ 
    from
        user_roles roles0_ 
    where
        roles0_.user_id=?
Hibernate: 
    select
        roles0_.user_id as user_id1_11_0_,
        roles0_.roles as roles2_11_0_ 
    from
        user_roles roles0_ 
    where
        roles0_.user_id=?
Hibernate: 
    select
        roles0_.user_id as user_id1_11_0_,
        roles0_.roles as roles2_11_0_ 
    from
        user_roles roles0_ 
    where
        roles0_.user_id=?
Hibernate: 
    select
        roles0_.user_id as user_id1_11_0_,
        roles0_.roles as roles2_11_0_ 
    from
        user_roles roles0_ 
    where
        roles0_.user_id=?
Hibernate: 
    select
        roles0_.user_id as user_id1_11_0_,
        roles0_.roles as roles2_11_0_ 
    from
        user_roles roles0_ 
    where
        roles0_.user_id=?
Hibernate: 
    select
        user0_.id as id1_10_,
        user0_.created_at as created_2_10_,
        user0_.updated_at as updated_3_10_,
        user0_.age as age4_10_,
        user0_.background_image as backgrou5_10_,
        user0_.email as email6_10_,
        user0_.gender as gender7_10_,
        user0_.hobby as hobby8_10_,
        user0_.introduce as introduc9_10_,
        user0_.job as job10_10_,
        user0_.name as name11_10_,
        user0_.nick_name as nick_na12_10_,
        user0_.phone_num as phone_n13_10_,
        user0_.profile_image as profile14_10_,
        user0_.res_red_number as res_red15_10_,
        user0_.score as score16_10_ 
    from
        user user0_
Hibernate: 
    select
        roles0_.user_id as user_id1_11_0_,
        roles0_.roles as roles2_11_0_ 
    from
        user_roles roles0_ 
    where
        roles0_.user_id=?
Hibernate: 
    select
        roles0_.user_id as user_id1_11_0_,
        roles0_.roles as roles2_11_0_ 
    from
        user_roles roles0_ 
    where
        roles0_.user_id=?
Hibernate: 
    select
        roles0_.user_id as user_id1_11_0_,
        roles0_.roles as roles2_11_0_ 
    from
        user_roles roles0_ 
    where
        roles0_.user_id=?
Hibernate: 
    select
        roles0_.user_id as user_id1_11_0_,
        roles0_.roles as roles2_11_0_ 
    from
        user_roles roles0_ 
    where
        roles0_.user_id=?
Hibernate: 
    select
        roles0_.user_id as user_id1_11_0_,
        roles0_.roles as roles2_11_0_ 
    from
        user_roles roles0_ 
    where
        roles0_.user_id=?
Hibernate: 
    insert 
    into
        story_pin_like
        (created_at, updated_at, story_pin_id, user_id) 
    values
        (?, ?, ?, ?)
Hibernate: 
    insert 
    into
        story_pin_comment
        (created_at, updated_at, content, story_pin_id, user_id) 
    values
        (?, ?, ?, ?, ?)
Hibernate: 
    select
        user0_.id as id1_10_,
        user0_.created_at as created_2_10_,
        user0_.updated_at as updated_3_10_,
        user0_.age as age4_10_,
        user0_.background_image as backgrou5_10_,
        user0_.email as email6_10_,
        user0_.gender as gender7_10_,
        user0_.hobby as hobby8_10_,
        user0_.introduce as introduc9_10_,
        user0_.job as job10_10_,
        user0_.name as name11_10_,
        user0_.nick_name as nick_na12_10_,
        user0_.phone_num as phone_n13_10_,
        user0_.profile_image as profile14_10_,
        user0_.res_red_number as res_red15_10_,
        user0_.score as score16_10_ 
    from
        user user0_
Hibernate: 
    select
        roles0_.user_id as user_id1_11_0_,
        roles0_.roles as roles2_11_0_ 
    from
        user_roles roles0_ 
    where
        roles0_.user_id=?
Hibernate: 
    select
        roles0_.user_id as user_id1_11_0_,
        roles0_.roles as roles2_11_0_ 
    from
        user_roles roles0_ 
    where
        roles0_.user_id=?
Hibernate: 
    select
        roles0_.user_id as user_id1_11_0_,
        roles0_.roles as roles2_11_0_ 
    from
        user_roles roles0_ 
    where
        roles0_.user_id=?
Hibernate: 
    select
        roles0_.user_id as user_id1_11_0_,
        roles0_.roles as roles2_11_0_ 
    from
        user_roles roles0_ 
    where
        roles0_.user_id=?
Hibernate: 
    select
        roles0_.user_id as user_id1_11_0_,
        roles0_.roles as roles2_11_0_ 
    from
        user_roles roles0_ 
    where
        roles0_.user_id=?
Hibernate: 
    select
        user0_.id as id1_10_,
        user0_.created_at as created_2_10_,
        user0_.updated_at as updated_3_10_,
        user0_.age as age4_10_,
        user0_.background_image as backgrou5_10_,
        user0_.email as email6_10_,
        user0_.gender as gender7_10_,
        user0_.hobby as hobby8_10_,
        user0_.introduce as introduc9_10_,
        user0_.job as job10_10_,
        user0_.name as name11_10_,
        user0_.nick_name as nick_na12_10_,
        user0_.phone_num as phone_n13_10_,
        user0_.profile_image as profile14_10_,
        user0_.res_red_number as res_red15_10_,
        user0_.score as score16_10_ 
    from
        user user0_
Hibernate: 
    select
        roles0_.user_id as user_id1_11_0_,
        roles0_.roles as roles2_11_0_ 
    from
        user_roles roles0_ 
    where
        roles0_.user_id=?
Hibernate: 
    select
        roles0_.user_id as user_id1_11_0_,
        roles0_.roles as roles2_11_0_ 
    from
        user_roles roles0_ 
    where
        roles0_.user_id=?
Hibernate: 
    select
        roles0_.user_id as user_id1_11_0_,
        roles0_.roles as roles2_11_0_ 
    from
        user_roles roles0_ 
    where
        roles0_.user_id=?
Hibernate: 
    select
        roles0_.user_id as user_id1_11_0_,
        roles0_.roles as roles2_11_0_ 
    from
        user_roles roles0_ 
    where
        roles0_.user_id=?
Hibernate: 
    select
        roles0_.user_id as user_id1_11_0_,
        roles0_.roles as roles2_11_0_ 
    from
        user_roles roles0_ 
    where
        roles0_.user_id=?
Hibernate: 
    insert 
    into
        story_pin_like
        (created_at, updated_at, story_pin_id, user_id) 
    values
        (?, ?, ?, ?)
Hibernate: 
    insert 
    into
        story_pin_comment
        (created_at, updated_at, content, story_pin_id, user_id) 
    values
        (?, ?, ?, ?, ?)
Hibernate: 
    select
        user0_.id as id1_10_,
        user0_.created_at as created_2_10_,
        user0_.updated_at as updated_3_10_,
        user0_.age as age4_10_,
        user0_.background_image as backgrou5_10_,
        user0_.email as email6_10_,
        user0_.gender as gender7_10_,
        user0_.hobby as hobby8_10_,
        user0_.introduce as introduc9_10_,
        user0_.job as job10_10_,
        user0_.name as name11_10_,
        user0_.nick_name as nick_na12_10_,
        user0_.phone_num as phone_n13_10_,
        user0_.profile_image as profile14_10_,
        user0_.res_red_number as res_red15_10_,
        user0_.score as score16_10_ 
    from
        user user0_
Hibernate: 
    select
        roles0_.user_id as user_id1_11_0_,
        roles0_.roles as roles2_11_0_ 
    from
        user_roles roles0_ 
    where
        roles0_.user_id=?
Hibernate: 
    select
        roles0_.user_id as user_id1_11_0_,
        roles0_.roles as roles2_11_0_ 
    from
        user_roles roles0_ 
    where
        roles0_.user_id=?
Hibernate: 
    select
        roles0_.user_id as user_id1_11_0_,
        roles0_.roles as roles2_11_0_ 
    from
        user_roles roles0_ 
    where
        roles0_.user_id=?
Hibernate: 
    select
        roles0_.user_id as user_id1_11_0_,
        roles0_.roles as roles2_11_0_ 
    from
        user_roles roles0_ 
    where
        roles0_.user_id=?
Hibernate: 
    select
        roles0_.user_id as user_id1_11_0_,
        roles0_.roles as roles2_11_0_ 
    from
        user_roles roles0_ 
    where
        roles0_.user_id=?
Hibernate: 
    select
        user0_.id as id1_10_,
        user0_.created_at as created_2_10_,
        user0_.updated_at as updated_3_10_,
        user0_.age as age4_10_,
        user0_.background_image as backgrou5_10_,
        user0_.email as email6_10_,
        user0_.gender as gender7_10_,
        user0_.hobby as hobby8_10_,
        user0_.introduce as introduc9_10_,
        user0_.job as job10_10_,
        user0_.name as name11_10_,
        user0_.nick_name as nick_na12_10_,
        user0_.phone_num as phone_n13_10_,
        user0_.profile_image as profile14_10_,
        user0_.res_red_number as res_red15_10_,
        user0_.score as score16_10_ 
    from
        user user0_
Hibernate: 
    select
        roles0_.user_id as user_id1_11_0_,
        roles0_.roles as roles2_11_0_ 
    from
        user_roles roles0_ 
    where
        roles0_.user_id=?
Hibernate: 
    select
        roles0_.user_id as user_id1_11_0_,
        roles0_.roles as roles2_11_0_ 
    from
        user_roles roles0_ 
    where
        roles0_.user_id=?
Hibernate: 
    select
        roles0_.user_id as user_id1_11_0_,
        roles0_.roles as roles2_11_0_ 
    from
        user_roles roles0_ 
    where
        roles0_.user_id=?
Hibernate: 
    select
        roles0_.user_id as user_id1_11_0_,
        roles0_.roles as roles2_11_0_ 
    from
        user_roles roles0_ 
    where
        roles0_.user_id=?
Hibernate: 
    select
        roles0_.user_id as user_id1_11_0_,
        roles0_.roles as roles2_11_0_ 
    from
        user_roles roles0_ 
    where
        roles0_.user_id=?
Hibernate: 
    insert 
    into
        story_pin_like
        (created_at, updated_at, story_pin_id, user_id) 
    values
        (?, ?, ?, ?)
Hibernate: 
    insert 
    into
        story_pin_comment
        (created_at, updated_at, content, story_pin_id, user_id) 
    values
        (?, ?, ?, ?, ?)
Hibernate: 
    select
        user0_.id as id1_10_,
        user0_.created_at as created_2_10_,
        user0_.updated_at as updated_3_10_,
        user0_.age as age4_10_,
        user0_.background_image as backgrou5_10_,
        user0_.email as email6_10_,
        user0_.gender as gender7_10_,
        user0_.hobby as hobby8_10_,
        user0_.introduce as introduc9_10_,
        user0_.job as job10_10_,
        user0_.name as name11_10_,
        user0_.nick_name as nick_na12_10_,
        user0_.phone_num as phone_n13_10_,
        user0_.profile_image as profile14_10_,
        user0_.res_red_number as res_red15_10_,
        user0_.score as score16_10_ 
    from
        user user0_
Hibernate: 
    select
        roles0_.user_id as user_id1_11_0_,
        roles0_.roles as roles2_11_0_ 
    from
        user_roles roles0_ 
    where
        roles0_.user_id=?
Hibernate: 
    select
        roles0_.user_id as user_id1_11_0_,
        roles0_.roles as roles2_11_0_ 
    from
        user_roles roles0_ 
    where
        roles0_.user_id=?
Hibernate: 
    select
        roles0_.user_id as user_id1_11_0_,
        roles0_.roles as roles2_11_0_ 
    from
        user_roles roles0_ 
    where
        roles0_.user_id=?
Hibernate: 
    select
        roles0_.user_id as user_id1_11_0_,
        roles0_.roles as roles2_11_0_ 
    from
        user_roles roles0_ 
    where
        roles0_.user_id=?
Hibernate: 
    select
        roles0_.user_id as user_id1_11_0_,
        roles0_.roles as roles2_11_0_ 
    from
        user_roles roles0_ 
    where
        roles0_.user_id=?
Hibernate: 
    select
        user0_.id as id1_10_,
        user0_.created_at as created_2_10_,
        user0_.updated_at as updated_3_10_,
        user0_.age as age4_10_,
        user0_.background_image as backgrou5_10_,
        user0_.email as email6_10_,
        user0_.gender as gender7_10_,
        user0_.hobby as hobby8_10_,
        user0_.introduce as introduc9_10_,
        user0_.job as job10_10_,
        user0_.name as name11_10_,
        user0_.nick_name as nick_na12_10_,
        user0_.phone_num as phone_n13_10_,
        user0_.profile_image as profile14_10_,
        user0_.res_red_number as res_red15_10_,
        user0_.score as score16_10_ 
    from
        user user0_
Hibernate: 
    select
        roles0_.user_id as user_id1_11_0_,
        roles0_.roles as roles2_11_0_ 
    from
        user_roles roles0_ 
    where
        roles0_.user_id=?
Hibernate: 
    select
        roles0_.user_id as user_id1_11_0_,
        roles0_.roles as roles2_11_0_ 
    from
        user_roles roles0_ 
    where
        roles0_.user_id=?
Hibernate: 
    select
        roles0_.user_id as user_id1_11_0_,
        roles0_.roles as roles2_11_0_ 
    from
        user_roles roles0_ 
    where
        roles0_.user_id=?
Hibernate: 
    select
        roles0_.user_id as user_id1_11_0_,
        roles0_.roles as roles2_11_0_ 
    from
        user_roles roles0_ 
    where
        roles0_.user_id=?
Hibernate: 
    select
        roles0_.user_id as user_id1_11_0_,
        roles0_.roles as roles2_11_0_ 
    from
        user_roles roles0_ 
    where
        roles0_.user_id=?
Hibernate: 
    insert 
    into
        story_pin_like
        (created_at, updated_at, story_pin_id, user_id) 
    values
        (?, ?, ?, ?)
Hibernate: 
    insert 
    into
        story_pin_comment
        (created_at, updated_at, content, story_pin_id, user_id) 
    values
        (?, ?, ?, ?, ?)
Hibernate: 
    select
        user0_.id as id1_10_,
        user0_.created_at as created_2_10_,
        user0_.updated_at as updated_3_10_,
        user0_.age as age4_10_,
        user0_.background_image as backgrou5_10_,
        user0_.email as email6_10_,
        user0_.gender as gender7_10_,
        user0_.hobby as hobby8_10_,
        user0_.introduce as introduc9_10_,
        user0_.job as job10_10_,
        user0_.name as name11_10_,
        user0_.nick_name as nick_na12_10_,
        user0_.phone_num as phone_n13_10_,
        user0_.profile_image as profile14_10_,
        user0_.res_red_number as res_red15_10_,
        user0_.score as score16_10_ 
    from
        user user0_
Hibernate: 
    select
        roles0_.user_id as user_id1_11_0_,
        roles0_.roles as roles2_11_0_ 
    from
        user_roles roles0_ 
    where
        roles0_.user_id=?
Hibernate: 
    select
        roles0_.user_id as user_id1_11_0_,
        roles0_.roles as roles2_11_0_ 
    from
        user_roles roles0_ 
    where
        roles0_.user_id=?
Hibernate: 
    select
        roles0_.user_id as user_id1_11_0_,
        roles0_.roles as roles2_11_0_ 
    from
        user_roles roles0_ 
    where
        roles0_.user_id=?
Hibernate: 
    select
        roles0_.user_id as user_id1_11_0_,
        roles0_.roles as roles2_11_0_ 
    from
        user_roles roles0_ 
    where
        roles0_.user_id=?
Hibernate: 
    select
        roles0_.user_id as user_id1_11_0_,
        roles0_.roles as roles2_11_0_ 
    from
        user_roles roles0_ 
    where
        roles0_.user_id=?
Hibernate: 
    select
        user0_.id as id1_10_,
        user0_.created_at as created_2_10_,
        user0_.updated_at as updated_3_10_,
        user0_.age as age4_10_,
        user0_.background_image as backgrou5_10_,
        user0_.email as email6_10_,
        user0_.gender as gender7_10_,
        user0_.hobby as hobby8_10_,
        user0_.introduce as introduc9_10_,
        user0_.job as job10_10_,
        user0_.name as name11_10_,
        user0_.nick_name as nick_na12_10_,
        user0_.phone_num as phone_n13_10_,
        user0_.profile_image as profile14_10_,
        user0_.res_red_number as res_red15_10_,
        user0_.score as score16_10_ 
    from
        user user0_
Hibernate: 
    select
        roles0_.user_id as user_id1_11_0_,
        roles0_.roles as roles2_11_0_ 
    from
        user_roles roles0_ 
    where
        roles0_.user_id=?
Hibernate: 
    select
        roles0_.user_id as user_id1_11_0_,
        roles0_.roles as roles2_11_0_ 
    from
        user_roles roles0_ 
    where
        roles0_.user_id=?
Hibernate: 
    select
        roles0_.user_id as user_id1_11_0_,
        roles0_.roles as roles2_11_0_ 
    from
        user_roles roles0_ 
    where
        roles0_.user_id=?
Hibernate: 
    select
        roles0_.user_id as user_id1_11_0_,
        roles0_.roles as roles2_11_0_ 
    from
        user_roles roles0_ 
    where
        roles0_.user_id=?
Hibernate: 
    select
        roles0_.user_id as user_id1_11_0_,
        roles0_.roles as roles2_11_0_ 
    from
        user_roles roles0_ 
    where
        roles0_.user_id=?
Hibernate: 
    insert 
    into
        story_pin_like
        (created_at, updated_at, story_pin_id, user_id) 
    values
        (?, ?, ?, ?)
Hibernate: 
    insert 
    into
        story_pin_comment
        (created_at, updated_at, content, story_pin_id, user_id) 
    values
        (?, ?, ?, ?, ?)
Hibernate: 
    select
        user0_.id as id1_10_,
        user0_.created_at as created_2_10_,
        user0_.updated_at as updated_3_10_,
        user0_.age as age4_10_,
        user0_.background_image as backgrou5_10_,
        user0_.email as email6_10_,
        user0_.gender as gender7_10_,
        user0_.hobby as hobby8_10_,
        user0_.introduce as introduc9_10_,
        user0_.job as job10_10_,
        user0_.name as name11_10_,
        user0_.nick_name as nick_na12_10_,
        user0_.phone_num as phone_n13_10_,
        user0_.profile_image as profile14_10_,
        user0_.res_red_number as res_red15_10_,
        user0_.score as score16_10_ 
    from
        user user0_
Hibernate: 
    select
        roles0_.user_id as user_id1_11_0_,
        roles0_.roles as roles2_11_0_ 
    from
        user_roles roles0_ 
    where
        roles0_.user_id=?
Hibernate: 
    select
        roles0_.user_id as user_id1_11_0_,
        roles0_.roles as roles2_11_0_ 
    from
        user_roles roles0_ 
    where
        roles0_.user_id=?
Hibernate: 
    select
        roles0_.user_id as user_id1_11_0_,
        roles0_.roles as roles2_11_0_ 
    from
        user_roles roles0_ 
    where
        roles0_.user_id=?
Hibernate: 
    select
        roles0_.user_id as user_id1_11_0_,
        roles0_.roles as roles2_11_0_ 
    from
        user_roles roles0_ 
    where
        roles0_.user_id=?
Hibernate: 
    select
        roles0_.user_id as user_id1_11_0_,
        roles0_.roles as roles2_11_0_ 
    from
        user_roles roles0_ 
    where
        roles0_.user_id=?
Hibernate: 
    select
        user0_.id as id1_10_,
        user0_.created_at as created_2_10_,
        user0_.updated_at as updated_3_10_,
        user0_.age as age4_10_,
        user0_.background_image as backgrou5_10_,
        user0_.email as email6_10_,
        user0_.gender as gender7_10_,
        user0_.hobby as hobby8_10_,
        user0_.introduce as introduc9_10_,
        user0_.job as job10_10_,
        user0_.name as name11_10_,
        user0_.nick_name as nick_na12_10_,
        user0_.phone_num as phone_n13_10_,
        user0_.profile_image as profile14_10_,
        user0_.res_red_number as res_red15_10_,
        user0_.score as score16_10_ 
    from
        user user0_
Hibernate: 
    select
        roles0_.user_id as user_id1_11_0_,
        roles0_.roles as roles2_11_0_ 
    from
        user_roles roles0_ 
    where
        roles0_.user_id=?
Hibernate: 
    select
        roles0_.user_id as user_id1_11_0_,
        roles0_.roles as roles2_11_0_ 
    from
        user_roles roles0_ 
    where
        roles0_.user_id=?
Hibernate: 
    select
        roles0_.user_id as user_id1_11_0_,
        roles0_.roles as roles2_11_0_ 
    from
        user_roles roles0_ 
    where
        roles0_.user_id=?
Hibernate: 
    select
        roles0_.user_id as user_id1_11_0_,
        roles0_.roles as roles2_11_0_ 
    from
        user_roles roles0_ 
    where
        roles0_.user_id=?
Hibernate: 
    select
        roles0_.user_id as user_id1_11_0_,
        roles0_.roles as roles2_11_0_ 
    from
        user_roles roles0_ 
    where
        roles0_.user_id=?
Hibernate: 
    insert 
    into
        story_pin_like
        (created_at, updated_at, story_pin_id, user_id) 
    values
        (?, ?, ?, ?)
Hibernate: 
    insert 
    into
        story_pin_comment
        (created_at, updated_at, content, story_pin_id, user_id) 
    values
        (?, ?, ?, ?, ?)
Hibernate: 
    select
        user0_.id as id1_10_,
        user0_.created_at as created_2_10_,
        user0_.updated_at as updated_3_10_,
        user0_.age as age4_10_,
        user0_.background_image as backgrou5_10_,
        user0_.email as email6_10_,
        user0_.gender as gender7_10_,
        user0_.hobby as hobby8_10_,
        user0_.introduce as introduc9_10_,
        user0_.job as job10_10_,
        user0_.name as name11_10_,
        user0_.nick_name as nick_na12_10_,
        user0_.phone_num as phone_n13_10_,
        user0_.profile_image as profile14_10_,
        user0_.res_red_number as res_red15_10_,
        user0_.score as score16_10_ 
    from
        user user0_
Hibernate: 
    select
        roles0_.user_id as user_id1_11_0_,
        roles0_.roles as roles2_11_0_ 
    from
        user_roles roles0_ 
    where
        roles0_.user_id=?
Hibernate: 
    select
        roles0_.user_id as user_id1_11_0_,
        roles0_.roles as roles2_11_0_ 
    from
        user_roles roles0_ 
    where
        roles0_.user_id=?
Hibernate: 
    select
        roles0_.user_id as user_id1_11_0_,
        roles0_.roles as roles2_11_0_ 
    from
        user_roles roles0_ 
    where
        roles0_.user_id=?
Hibernate: 
    select
        roles0_.user_id as user_id1_11_0_,
        roles0_.roles as roles2_11_0_ 
    from
        user_roles roles0_ 
    where
        roles0_.user_id=?
Hibernate: 
    select
        roles0_.user_id as user_id1_11_0_,
        roles0_.roles as roles2_11_0_ 
    from
        user_roles roles0_ 
    where
        roles0_.user_id=?
Hibernate: 
    select
        user0_.id as id1_10_,
        user0_.created_at as created_2_10_,
        user0_.updated_at as updated_3_10_,
        user0_.age as age4_10_,
        user0_.background_image as backgrou5_10_,
        user0_.email as email6_10_,
        user0_.gender as gender7_10_,
        user0_.hobby as hobby8_10_,
        user0_.introduce as introduc9_10_,
        user0_.job as job10_10_,
        user0_.name as name11_10_,
        user0_.nick_name as nick_na12_10_,
        user0_.phone_num as phone_n13_10_,
        user0_.profile_image as profile14_10_,
        user0_.res_red_number as res_red15_10_,
        user0_.score as score16_10_ 
    from
        user user0_
Hibernate: 
    select
        roles0_.user_id as user_id1_11_0_,
        roles0_.roles as roles2_11_0_ 
    from
        user_roles roles0_ 
    where
        roles0_.user_id=?
Hibernate: 
    select
        roles0_.user_id as user_id1_11_0_,
        roles0_.roles as roles2_11_0_ 
    from
        user_roles roles0_ 
    where
        roles0_.user_id=?
Hibernate: 
    select
        roles0_.user_id as user_id1_11_0_,
        roles0_.roles as roles2_11_0_ 
    from
        user_roles roles0_ 
    where
        roles0_.user_id=?
Hibernate: 
    select
        roles0_.user_id as user_id1_11_0_,
        roles0_.roles as roles2_11_0_ 
    from
        user_roles roles0_ 
    where
        roles0_.user_id=?
Hibernate: 
    select
        roles0_.user_id as user_id1_11_0_,
        roles0_.roles as roles2_11_0_ 
    from
        user_roles roles0_ 
    where
        roles0_.user_id=?
Hibernate: 
    insert 
    into
        story_pin_like
        (created_at, updated_at, story_pin_id, user_id) 
    values
        (?, ?, ?, ?)
Hibernate: 
    insert 
    into
        story_pin_comment
        (created_at, updated_at, content, story_pin_id, user_id) 
    values
        (?, ?, ?, ?, ?)
Hibernate: 
    select
        user0_.id as id1_10_,
        user0_.created_at as created_2_10_,
        user0_.updated_at as updated_3_10_,
        user0_.age as age4_10_,
        user0_.background_image as backgrou5_10_,
        user0_.email as email6_10_,
        user0_.gender as gender7_10_,
        user0_.hobby as hobby8_10_,
        user0_.introduce as introduc9_10_,
        user0_.job as job10_10_,
        user0_.name as name11_10_,
        user0_.nick_name as nick_na12_10_,
        user0_.phone_num as phone_n13_10_,
        user0_.profile_image as profile14_10_,
        user0_.res_red_number as res_red15_10_,
        user0_.score as score16_10_ 
    from
        user user0_
Hibernate: 
    select
        roles0_.user_id as user_id1_11_0_,
        roles0_.roles as roles2_11_0_ 
    from
        user_roles roles0_ 
    where
        roles0_.user_id=?
Hibernate: 
    select
        roles0_.user_id as user_id1_11_0_,
        roles0_.roles as roles2_11_0_ 
    from
        user_roles roles0_ 
    where
        roles0_.user_id=?
Hibernate: 
    select
        roles0_.user_id as user_id1_11_0_,
        roles0_.roles as roles2_11_0_ 
    from
        user_roles roles0_ 
    where
        roles0_.user_id=?
Hibernate: 
    select
        roles0_.user_id as user_id1_11_0_,
        roles0_.roles as roles2_11_0_ 
    from
        user_roles roles0_ 
    where
        roles0_.user_id=?
Hibernate: 
    select
        roles0_.user_id as user_id1_11_0_,
        roles0_.roles as roles2_11_0_ 
    from
        user_roles roles0_ 
    where
        roles0_.user_id=?
Hibernate: 
    select
        user0_.id as id1_10_,
        user0_.created_at as created_2_10_,
        user0_.updated_at as updated_3_10_,
        user0_.age as age4_10_,
        user0_.background_image as backgrou5_10_,
        user0_.email as email6_10_,
        user0_.gender as gender7_10_,
        user0_.hobby as hobby8_10_,
        user0_.introduce as introduc9_10_,
        user0_.job as job10_10_,
        user0_.name as name11_10_,
        user0_.nick_name as nick_na12_10_,
        user0_.phone_num as phone_n13_10_,
        user0_.profile_image as profile14_10_,
        user0_.res_red_number as res_red15_10_,
        user0_.score as score16_10_ 
    from
        user user0_
Hibernate: 
    select
        roles0_.user_id as user_id1_11_0_,
        roles0_.roles as roles2_11_0_ 
    from
        user_roles roles0_ 
    where
        roles0_.user_id=?
Hibernate: 
    select
        roles0_.user_id as user_id1_11_0_,
        roles0_.roles as roles2_11_0_ 
    from
        user_roles roles0_ 
    where
        roles0_.user_id=?
Hibernate: 
    select
        roles0_.user_id as user_id1_11_0_,
        roles0_.roles as roles2_11_0_ 
    from
        user_roles roles0_ 
    where
        roles0_.user_id=?
Hibernate: 
    select
        roles0_.user_id as user_id1_11_0_,
        roles0_.roles as roles2_11_0_ 
    from
        user_roles roles0_ 
    where
        roles0_.user_id=?
Hibernate: 
    select
        roles0_.user_id as user_id1_11_0_,
        roles0_.roles as roles2_11_0_ 
    from
        user_roles roles0_ 
    where
        roles0_.user_id=?
Hibernate: 
    insert 
    into
        story_pin_like
        (created_at, updated_at, story_pin_id, user_id) 
    values
        (?, ?, ?, ?)
Hibernate: 
    insert 
    into
        story_pin_comment
        (created_at, updated_at, content, story_pin_id, user_id) 
    values
        (?, ?, ?, ?, ?)
Hibernate: 
    select
        user0_.id as id1_10_,
        user0_.created_at as created_2_10_,
        user0_.updated_at as updated_3_10_,
        user0_.age as age4_10_,
        user0_.background_image as backgrou5_10_,
        user0_.email as email6_10_,
        user0_.gender as gender7_10_,
        user0_.hobby as hobby8_10_,
        user0_.introduce as introduc9_10_,
        user0_.job as job10_10_,
        user0_.name as name11_10_,
        user0_.nick_name as nick_na12_10_,
        user0_.phone_num as phone_n13_10_,
        user0_.profile_image as profile14_10_,
        user0_.res_red_number as res_red15_10_,
        user0_.score as score16_10_ 
    from
        user user0_
Hibernate: 
    select
        roles0_.user_id as user_id1_11_0_,
        roles0_.roles as roles2_11_0_ 
    from
        user_roles roles0_ 
    where
        roles0_.user_id=?
Hibernate: 
    select
        roles0_.user_id as user_id1_11_0_,
        roles0_.roles as roles2_11_0_ 
    from
        user_roles roles0_ 
    where
        roles0_.user_id=?
Hibernate: 
    select
        roles0_.user_id as user_id1_11_0_,
        roles0_.roles as roles2_11_0_ 
    from
        user_roles roles0_ 
    where
        roles0_.user_id=?
Hibernate: 
    select
        roles0_.user_id as user_id1_11_0_,
        roles0_.roles as roles2_11_0_ 
    from
        user_roles roles0_ 
    where
        roles0_.user_id=?
Hibernate: 
    select
        roles0_.user_id as user_id1_11_0_,
        roles0_.roles as roles2_11_0_ 
    from
        user_roles roles0_ 
    where
        roles0_.user_id=?
Hibernate: 
    select
        user0_.id as id1_10_,
        user0_.created_at as created_2_10_,
        user0_.updated_at as updated_3_10_,
        user0_.age as age4_10_,
        user0_.background_image as backgrou5_10_,
        user0_.email as email6_10_,
        user0_.gender as gender7_10_,
        user0_.hobby as hobby8_10_,
        user0_.introduce as introduc9_10_,
        user0_.job as job10_10_,
        user0_.name as name11_10_,
        user0_.nick_name as nick_na12_10_,
        user0_.phone_num as phone_n13_10_,
        user0_.profile_image as profile14_10_,
        user0_.res_red_number as res_red15_10_,
        user0_.score as score16_10_ 
    from
        user user0_
Hibernate: 
    select
        roles0_.user_id as user_id1_11_0_,
        roles0_.roles as roles2_11_0_ 
    from
        user_roles roles0_ 
    where
        roles0_.user_id=?
Hibernate: 
    select
        roles0_.user_id as user_id1_11_0_,
        roles0_.roles as roles2_11_0_ 
    from
        user_roles roles0_ 
    where
        roles0_.user_id=?
Hibernate: 
    select
        roles0_.user_id as user_id1_11_0_,
        roles0_.roles as roles2_11_0_ 
    from
        user_roles roles0_ 
    where
        roles0_.user_id=?
Hibernate: 
    select
        roles0_.user_id as user_id1_11_0_,
        roles0_.roles as roles2_11_0_ 
    from
        user_roles roles0_ 
    where
        roles0_.user_id=?
Hibernate: 
    select
        roles0_.user_id as user_id1_11_0_,
        roles0_.roles as roles2_11_0_ 
    from
        user_roles roles0_ 
    where
        roles0_.user_id=?
Hibernate: 
    insert 
    into
        story_pin_like
        (created_at, updated_at, story_pin_id, user_id) 
    values
        (?, ?, ?, ?)
Hibernate: 
    insert 
    into
        story_pin_comment
        (created_at, updated_at, content, story_pin_id, user_id) 
    values
        (?, ?, ?, ?, ?)
Hibernate: 
    select
        user0_.id as id1_10_,
        user0_.created_at as created_2_10_,
        user0_.updated_at as updated_3_10_,
        user0_.age as age4_10_,
        user0_.background_image as backgrou5_10_,
        user0_.email as email6_10_,
        user0_.gender as gender7_10_,
        user0_.hobby as hobby8_10_,
        user0_.introduce as introduc9_10_,
        user0_.job as job10_10_,
        user0_.name as name11_10_,
        user0_.nick_name as nick_na12_10_,
        user0_.phone_num as phone_n13_10_,
        user0_.profile_image as profile14_10_,
        user0_.res_red_number as res_red15_10_,
        user0_.score as score16_10_ 
    from
        user user0_
Hibernate: 
    select
        roles0_.user_id as user_id1_11_0_,
        roles0_.roles as roles2_11_0_ 
    from
        user_roles roles0_ 
    where
        roles0_.user_id=?
Hibernate: 
    select
        roles0_.user_id as user_id1_11_0_,
        roles0_.roles as roles2_11_0_ 
    from
        user_roles roles0_ 
    where
        roles0_.user_id=?
Hibernate: 
    select
        roles0_.user_id as user_id1_11_0_,
        roles0_.roles as roles2_11_0_ 
    from
        user_roles roles0_ 
    where
        roles0_.user_id=?
Hibernate: 
    select
        roles0_.user_id as user_id1_11_0_,
        roles0_.roles as roles2_11_0_ 
    from
        user_roles roles0_ 
    where
        roles0_.user_id=?
Hibernate: 
    select
        roles0_.user_id as user_id1_11_0_,
        roles0_.roles as roles2_11_0_ 
    from
        user_roles roles0_ 
    where
        roles0_.user_id=?
Hibernate: 
    select
        user0_.id as id1_10_,
        user0_.created_at as created_2_10_,
        user0_.updated_at as updated_3_10_,
        user0_.age as age4_10_,
        user0_.background_image as backgrou5_10_,
        user0_.email as email6_10_,
        user0_.gender as gender7_10_,
        user0_.hobby as hobby8_10_,
        user0_.introduce as introduc9_10_,
        user0_.job as job10_10_,
        user0_.name as name11_10_,
        user0_.nick_name as nick_na12_10_,
        user0_.phone_num as phone_n13_10_,
        user0_.profile_image as profile14_10_,
        user0_.res_red_number as res_red15_10_,
        user0_.score as score16_10_ 
    from
        user user0_
Hibernate: 
    select
        roles0_.user_id as user_id1_11_0_,
        roles0_.roles as roles2_11_0_ 
    from
        user_roles roles0_ 
    where
        roles0_.user_id=?
Hibernate: 
    select
        roles0_.user_id as user_id1_11_0_,
        roles0_.roles as roles2_11_0_ 
    from
        user_roles roles0_ 
    where
        roles0_.user_id=?
Hibernate: 
    select
        roles0_.user_id as user_id1_11_0_,
        roles0_.roles as roles2_11_0_ 
    from
        user_roles roles0_ 
    where
        roles0_.user_id=?
Hibernate: 
    select
        roles0_.user_id as user_id1_11_0_,
        roles0_.roles as roles2_11_0_ 
    from
        user_roles roles0_ 
    where
        roles0_.user_id=?
Hibernate: 
    select
        roles0_.user_id as user_id1_11_0_,
        roles0_.roles as roles2_11_0_ 
    from
        user_roles roles0_ 
    where
        roles0_.user_id=?
Hibernate: 
    insert 
    into
        story_pin_like
        (created_at, updated_at, story_pin_id, user_id) 
    values
        (?, ?, ?, ?)
Hibernate: 
    insert 
    into
        story_pin_comment
        (created_at, updated_at, content, story_pin_id, user_id) 
    values
        (?, ?, ?, ?, ?)
Hibernate: 
    select
        user0_.id as id1_10_,
        user0_.created_at as created_2_10_,
        user0_.updated_at as updated_3_10_,
        user0_.age as age4_10_,
        user0_.background_image as backgrou5_10_,
        user0_.email as email6_10_,
        user0_.gender as gender7_10_,
        user0_.hobby as hobby8_10_,
        user0_.introduce as introduc9_10_,
        user0_.job as job10_10_,
        user0_.name as name11_10_,
        user0_.nick_name as nick_na12_10_,
        user0_.phone_num as phone_n13_10_,
        user0_.profile_image as profile14_10_,
        user0_.res_red_number as res_red15_10_,
        user0_.score as score16_10_ 
    from
        user user0_
Hibernate: 
    select
        roles0_.user_id as user_id1_11_0_,
        roles0_.roles as roles2_11_0_ 
    from
        user_roles roles0_ 
    where
        roles0_.user_id=?
Hibernate: 
    select
        roles0_.user_id as user_id1_11_0_,
        roles0_.roles as roles2_11_0_ 
    from
        user_roles roles0_ 
    where
        roles0_.user_id=?
Hibernate: 
    select
        roles0_.user_id as user_id1_11_0_,
        roles0_.roles as roles2_11_0_ 
    from
        user_roles roles0_ 
    where
        roles0_.user_id=?
Hibernate: 
    select
        roles0_.user_id as user_id1_11_0_,
        roles0_.roles as roles2_11_0_ 
    from
        user_roles roles0_ 
    where
        roles0_.user_id=?
Hibernate: 
    select
        roles0_.user_id as user_id1_11_0_,
        roles0_.roles as roles2_11_0_ 
    from
        user_roles roles0_ 
    where
        roles0_.user_id=?
Hibernate: 
    select
        user0_.id as id1_10_,
        user0_.created_at as created_2_10_,
        user0_.updated_at as updated_3_10_,
        user0_.age as age4_10_,
        user0_.background_image as backgrou5_10_,
        user0_.email as email6_10_,
        user0_.gender as gender7_10_,
        user0_.hobby as hobby8_10_,
        user0_.introduce as introduc9_10_,
        user0_.job as job10_10_,
        user0_.name as name11_10_,
        user0_.nick_name as nick_na12_10_,
        user0_.phone_num as phone_n13_10_,
        user0_.profile_image as profile14_10_,
        user0_.res_red_number as res_red15_10_,
        user0_.score as score16_10_ 
    from
        user user0_
Hibernate: 
    select
        roles0_.user_id as user_id1_11_0_,
        roles0_.roles as roles2_11_0_ 
    from
        user_roles roles0_ 
    where
        roles0_.user_id=?
Hibernate: 
    select
        roles0_.user_id as user_id1_11_0_,
        roles0_.roles as roles2_11_0_ 
    from
        user_roles roles0_ 
    where
        roles0_.user_id=?
Hibernate: 
    select
        roles0_.user_id as user_id1_11_0_,
        roles0_.roles as roles2_11_0_ 
    from
        user_roles roles0_ 
    where
        roles0_.user_id=?
Hibernate: 
    select
        roles0_.user_id as user_id1_11_0_,
        roles0_.roles as roles2_11_0_ 
    from
        user_roles roles0_ 
    where
        roles0_.user_id=?
Hibernate: 
    select
        roles0_.user_id as user_id1_11_0_,
        roles0_.roles as roles2_11_0_ 
    from
        user_roles roles0_ 
    where
        roles0_.user_id=?
Hibernate: 
    insert 
    into
        story_pin_like
        (created_at, updated_at, story_pin_id, user_id) 
    values
        (?, ?, ?, ?)
Hibernate: 
    insert 
    into
        story_pin_comment
        (created_at, updated_at, content, story_pin_id, user_id) 
    values
        (?, ?, ?, ?, ?)
Hibernate: 
    select
        user0_.id as id1_10_,
        user0_.created_at as created_2_10_,
        user0_.updated_at as updated_3_10_,
        user0_.age as age4_10_,
        user0_.background_image as backgrou5_10_,
        user0_.email as email6_10_,
        user0_.gender as gender7_10_,
        user0_.hobby as hobby8_10_,
        user0_.introduce as introduc9_10_,
        user0_.job as job10_10_,
        user0_.name as name11_10_,
        user0_.nick_name as nick_na12_10_,
        user0_.phone_num as phone_n13_10_,
        user0_.profile_image as profile14_10_,
        user0_.res_red_number as res_red15_10_,
        user0_.score as score16_10_ 
    from
        user user0_
Hibernate: 
    select
        roles0_.user_id as user_id1_11_0_,
        roles0_.roles as roles2_11_0_ 
    from
        user_roles roles0_ 
    where
        roles0_.user_id=?
Hibernate: 
    select
        roles0_.user_id as user_id1_11_0_,
        roles0_.roles as roles2_11_0_ 
    from
        user_roles roles0_ 
    where
        roles0_.user_id=?
Hibernate: 
    select
        roles0_.user_id as user_id1_11_0_,
        roles0_.roles as roles2_11_0_ 
    from
        user_roles roles0_ 
    where
        roles0_.user_id=?
Hibernate: 
    select
        roles0_.user_id as user_id1_11_0_,
        roles0_.roles as roles2_11_0_ 
    from
        user_roles roles0_ 
    where
        roles0_.user_id=?
Hibernate: 
    select
        roles0_.user_id as user_id1_11_0_,
        roles0_.roles as roles2_11_0_ 
    from
        user_roles roles0_ 
    where
        roles0_.user_id=?
Hibernate: 
    select
        user0_.id as id1_10_,
        user0_.created_at as created_2_10_,
        user0_.updated_at as updated_3_10_,
        user0_.age as age4_10_,
        user0_.background_image as backgrou5_10_,
        user0_.email as email6_10_,
        user0_.gender as gender7_10_,
        user0_.hobby as hobby8_10_,
        user0_.introduce as introduc9_10_,
        user0_.job as job10_10_,
        user0_.name as name11_10_,
        user0_.nick_name as nick_na12_10_,
        user0_.phone_num as phone_n13_10_,
        user0_.profile_image as profile14_10_,
        user0_.res_red_number as res_red15_10_,
        user0_.score as score16_10_ 
    from
        user user0_
Hibernate: 
    select
        roles0_.user_id as user_id1_11_0_,
        roles0_.roles as roles2_11_0_ 
    from
        user_roles roles0_ 
    where
        roles0_.user_id=?
Hibernate: 
    select
        roles0_.user_id as user_id1_11_0_,
        roles0_.roles as roles2_11_0_ 
    from
        user_roles roles0_ 
    where
        roles0_.user_id=?
Hibernate: 
    select
        roles0_.user_id as user_id1_11_0_,
        roles0_.roles as roles2_11_0_ 
    from
        user_roles roles0_ 
    where
        roles0_.user_id=?
Hibernate: 
    select
        roles0_.user_id as user_id1_11_0_,
        roles0_.roles as roles2_11_0_ 
    from
        user_roles roles0_ 
    where
        roles0_.user_id=?
Hibernate: 
    select
        roles0_.user_id as user_id1_11_0_,
        roles0_.roles as roles2_11_0_ 
    from
        user_roles roles0_ 
    where
        roles0_.user_id=?
Hibernate: 
    insert 
    into
        story_pin_like
        (created_at, updated_at, story_pin_id, user_id) 
    values
        (?, ?, ?, ?)
Hibernate: 
    insert 
    into
        story_pin_comment
        (created_at, updated_at, content, story_pin_id, user_id) 
    values
        (?, ?, ?, ?, ?)
Hibernate: 
    select
        user0_.id as id1_10_,
        user0_.created_at as created_2_10_,
        user0_.updated_at as updated_3_10_,
        user0_.age as age4_10_,
        user0_.background_image as backgrou5_10_,
        user0_.email as email6_10_,
        user0_.gender as gender7_10_,
        user0_.hobby as hobby8_10_,
        user0_.introduce as introduc9_10_,
        user0_.job as job10_10_,
        user0_.name as name11_10_,
        user0_.nick_name as nick_na12_10_,
        user0_.phone_num as phone_n13_10_,
        user0_.profile_image as profile14_10_,
        user0_.res_red_number as res_red15_10_,
        user0_.score as score16_10_ 
    from
        user user0_
Hibernate: 
    select
        roles0_.user_id as user_id1_11_0_,
        roles0_.roles as roles2_11_0_ 
    from
        user_roles roles0_ 
    where
        roles0_.user_id=?
Hibernate: 
    select
        roles0_.user_id as user_id1_11_0_,
        roles0_.roles as roles2_11_0_ 
    from
        user_roles roles0_ 
    where
        roles0_.user_id=?
Hibernate: 
    select
        roles0_.user_id as user_id1_11_0_,
        roles0_.roles as roles2_11_0_ 
    from
        user_roles roles0_ 
    where
        roles0_.user_id=?
Hibernate: 
    select
        roles0_.user_id as user_id1_11_0_,
        roles0_.roles as roles2_11_0_ 
    from
        user_roles roles0_ 
    where
        roles0_.user_id=?
Hibernate: 
    select
        roles0_.user_id as user_id1_11_0_,
        roles0_.roles as roles2_11_0_ 
    from
        user_roles roles0_ 
    where
        roles0_.user_id=?
Hibernate: 
    select
        user0_.id as id1_10_,
        user0_.created_at as created_2_10_,
        user0_.updated_at as updated_3_10_,
        user0_.age as age4_10_,
        user0_.background_image as backgrou5_10_,
        user0_.email as email6_10_,
        user0_.gender as gender7_10_,
        user0_.hobby as hobby8_10_,
        user0_.introduce as introduc9_10_,
        user0_.job as job10_10_,
        user0_.name as name11_10_,
        user0_.nick_name as nick_na12_10_,
        user0_.phone_num as phone_n13_10_,
        user0_.profile_image as profile14_10_,
        user0_.res_red_number as res_red15_10_,
        user0_.score as score16_10_ 
    from
        user user0_
Hibernate: 
    select
        roles0_.user_id as user_id1_11_0_,
        roles0_.roles as roles2_11_0_ 
    from
        user_roles roles0_ 
    where
        roles0_.user_id=?
Hibernate: 
    select
        roles0_.user_id as user_id1_11_0_,
        roles0_.roles as roles2_11_0_ 
    from
        user_roles roles0_ 
    where
        roles0_.user_id=?
Hibernate: 
    select
        roles0_.user_id as user_id1_11_0_,
        roles0_.roles as roles2_11_0_ 
    from
        user_roles roles0_ 
    where
        roles0_.user_id=?
Hibernate: 
    select
        roles0_.user_id as user_id1_11_0_,
        roles0_.roles as roles2_11_0_ 
    from
        user_roles roles0_ 
    where
        roles0_.user_id=?
Hibernate: 
    select
        roles0_.user_id as user_id1_11_0_,
        roles0_.roles as roles2_11_0_ 
    from
        user_roles roles0_ 
    where
        roles0_.user_id=?
Hibernate: 
    insert 
    into
        story_pin_like
        (created_at, updated_at, story_pin_id, user_id) 
    values
        (?, ?, ?, ?)
Hibernate: 
    insert 
    into
        story_pin_comment
        (created_at, updated_at, content, story_pin_id, user_id) 
    values
        (?, ?, ?, ?, ?)
Hibernate: 
    select
        user0_.id as id1_10_,
        user0_.created_at as created_2_10_,
        user0_.updated_at as updated_3_10_,
        user0_.age as age4_10_,
        user0_.background_image as backgrou5_10_,
        user0_.email as email6_10_,
        user0_.gender as gender7_10_,
        user0_.hobby as hobby8_10_,
        user0_.introduce as introduc9_10_,
        user0_.job as job10_10_,
        user0_.name as name11_10_,
        user0_.nick_name as nick_na12_10_,
        user0_.phone_num as phone_n13_10_,
        user0_.profile_image as profile14_10_,
        user0_.res_red_number as res_red15_10_,
        user0_.score as score16_10_ 
    from
        user user0_
Hibernate: 
    select
        roles0_.user_id as user_id1_11_0_,
        roles0_.roles as roles2_11_0_ 
    from
        user_roles roles0_ 
    where
        roles0_.user_id=?
Hibernate: 
    select
        roles0_.user_id as user_id1_11_0_,
        roles0_.roles as roles2_11_0_ 
    from
        user_roles roles0_ 
    where
        roles0_.user_id=?
Hibernate: 
    select
        roles0_.user_id as user_id1_11_0_,
        roles0_.roles as roles2_11_0_ 
    from
        user_roles roles0_ 
    where
        roles0_.user_id=?
Hibernate: 
    select
        roles0_.user_id as user_id1_11_0_,
        roles0_.roles as roles2_11_0_ 
    from
        user_roles roles0_ 
    where
        roles0_.user_id=?
Hibernate: 
    select
        roles0_.user_id as user_id1_11_0_,
        roles0_.roles as roles2_11_0_ 
    from
        user_roles roles0_ 
    where
        roles0_.user_id=?
Hibernate: 
    select
        user0_.id as id1_10_,
        user0_.created_at as created_2_10_,
        user0_.updated_at as updated_3_10_,
        user0_.age as age4_10_,
        user0_.background_image as backgrou5_10_,
        user0_.email as email6_10_,
        user0_.gender as gender7_10_,
        user0_.hobby as hobby8_10_,
        user0_.introduce as introduc9_10_,
        user0_.job as job10_10_,
        user0_.name as name11_10_,
        user0_.nick_name as nick_na12_10_,
        user0_.phone_num as phone_n13_10_,
        user0_.profile_image as profile14_10_,
        user0_.res_red_number as res_red15_10_,
        user0_.score as score16_10_ 
    from
        user user0_
Hibernate: 
    select
        roles0_.user_id as user_id1_11_0_,
        roles0_.roles as roles2_11_0_ 
    from
        user_roles roles0_ 
    where
        roles0_.user_id=?
Hibernate: 
    select
        roles0_.user_id as user_id1_11_0_,
        roles0_.roles as roles2_11_0_ 
    from
        user_roles roles0_ 
    where
        roles0_.user_id=?
Hibernate: 
    select
        roles0_.user_id as user_id1_11_0_,
        roles0_.roles as roles2_11_0_ 
    from
        user_roles roles0_ 
    where
        roles0_.user_id=?
Hibernate: 
    select
        roles0_.user_id as user_id1_11_0_,
        roles0_.roles as roles2_11_0_ 
    from
        user_roles roles0_ 
    where
        roles0_.user_id=?
Hibernate: 
    select
        roles0_.user_id as user_id1_11_0_,
        roles0_.roles as roles2_11_0_ 
    from
        user_roles roles0_ 
    where
        roles0_.user_id=?
Hibernate: 
    insert 
    into
        story_pin_like
        (created_at, updated_at, story_pin_id, user_id) 
    values
        (?, ?, ?, ?)
Hibernate: 
    insert 
    into
        story_pin_comment
        (created_at, updated_at, content, story_pin_id, user_id) 
    values
        (?, ?, ?, ?, ?)
Hibernate: 
    select
        user0_.id as id1_10_,
        user0_.created_at as created_2_10_,
        user0_.updated_at as updated_3_10_,
        user0_.age as age4_10_,
        user0_.background_image as backgrou5_10_,
        user0_.email as email6_10_,
        user0_.gender as gender7_10_,
        user0_.hobby as hobby8_10_,
        user0_.introduce as introduc9_10_,
        user0_.job as job10_10_,
        user0_.name as name11_10_,
        user0_.nick_name as nick_na12_10_,
        user0_.phone_num as phone_n13_10_,
        user0_.profile_image as profile14_10_,
        user0_.res_red_number as res_red15_10_,
        user0_.score as score16_10_ 
    from
        user user0_
Hibernate: 
    select
        roles0_.user_id as user_id1_11_0_,
        roles0_.roles as roles2_11_0_ 
    from
        user_roles roles0_ 
    where
        roles0_.user_id=?
Hibernate: 
    select
        roles0_.user_id as user_id1_11_0_,
        roles0_.roles as roles2_11_0_ 
    from
        user_roles roles0_ 
    where
        roles0_.user_id=?
Hibernate: 
    select
        roles0_.user_id as user_id1_11_0_,
        roles0_.roles as roles2_11_0_ 
    from
        user_roles roles0_ 
    where
        roles0_.user_id=?
Hibernate: 
    select
        roles0_.user_id as user_id1_11_0_,
        roles0_.roles as roles2_11_0_ 
    from
        user_roles roles0_ 
    where
        roles0_.user_id=?
Hibernate: 
    select
        roles0_.user_id as user_id1_11_0_,
        roles0_.roles as roles2_11_0_ 
    from
        user_roles roles0_ 
    where
        roles0_.user_id=?
Hibernate: 
    select
        user0_.id as id1_10_,
        user0_.created_at as created_2_10_,
        user0_.updated_at as updated_3_10_,
        user0_.age as age4_10_,
        user0_.background_image as backgrou5_10_,
        user0_.email as email6_10_,
        user0_.gender as gender7_10_,
        user0_.hobby as hobby8_10_,
        user0_.introduce as introduc9_10_,
        user0_.job as job10_10_,
        user0_.name as name11_10_,
        user0_.nick_name as nick_na12_10_,
        user0_.phone_num as phone_n13_10_,
        user0_.profile_image as profile14_10_,
        user0_.res_red_number as res_red15_10_,
        user0_.score as score16_10_ 
    from
        user user0_
Hibernate: 
    select
        roles0_.user_id as user_id1_11_0_,
        roles0_.roles as roles2_11_0_ 
    from
        user_roles roles0_ 
    where
        roles0_.user_id=?
Hibernate: 
    select
        roles0_.user_id as user_id1_11_0_,
        roles0_.roles as roles2_11_0_ 
    from
        user_roles roles0_ 
    where
        roles0_.user_id=?
Hibernate: 
    select
        roles0_.user_id as user_id1_11_0_,
        roles0_.roles as roles2_11_0_ 
    from
        user_roles roles0_ 
    where
        roles0_.user_id=?
Hibernate: 
    select
        roles0_.user_id as user_id1_11_0_,
        roles0_.roles as roles2_11_0_ 
    from
        user_roles roles0_ 
    where
        roles0_.user_id=?
Hibernate: 
    select
        roles0_.user_id as user_id1_11_0_,
        roles0_.roles as roles2_11_0_ 
    from
        user_roles roles0_ 
    where
        roles0_.user_id=?
Hibernate: 
    insert 
    into
        story_pin_like
        (created_at, updated_at, story_pin_id, user_id) 
    values
        (?, ?, ?, ?)
Hibernate: 
    insert 
    into
        story_pin_comment
        (created_at, updated_at, content, story_pin_id, user_id) 
    values
        (?, ?, ?, ?, ?)
Hibernate: 
    select
        user0_.id as id1_10_,
        user0_.created_at as created_2_10_,
        user0_.updated_at as updated_3_10_,
        user0_.age as age4_10_,
        user0_.background_image as backgrou5_10_,
        user0_.email as email6_10_,
        user0_.gender as gender7_10_,
        user0_.hobby as hobby8_10_,
        user0_.introduce as introduc9_10_,
        user0_.job as job10_10_,
        user0_.name as name11_10_,
        user0_.nick_name as nick_na12_10_,
        user0_.phone_num as phone_n13_10_,
        user0_.profile_image as profile14_10_,
        user0_.res_red_number as res_red15_10_,
        user0_.score as score16_10_ 
    from
        user user0_
Hibernate: 
    select
        roles0_.user_id as user_id1_11_0_,
        roles0_.roles as roles2_11_0_ 
    from
        user_roles roles0_ 
    where
        roles0_.user_id=?
Hibernate: 
    select
        roles0_.user_id as user_id1_11_0_,
        roles0_.roles as roles2_11_0_ 
    from
        user_roles roles0_ 
    where
        roles0_.user_id=?
Hibernate: 
    select
        roles0_.user_id as user_id1_11_0_,
        roles0_.roles as roles2_11_0_ 
    from
        user_roles roles0_ 
    where
        roles0_.user_id=?
Hibernate: 
    select
        roles0_.user_id as user_id1_11_0_,
        roles0_.roles as roles2_11_0_ 
    from
        user_roles roles0_ 
    where
        roles0_.user_id=?
Hibernate: 
    select
        roles0_.user_id as user_id1_11_0_,
        roles0_.roles as roles2_11_0_ 
    from
        user_roles roles0_ 
    where
        roles0_.user_id=?
Hibernate: 
    select
        user0_.id as id1_10_,
        user0_.created_at as created_2_10_,
        user0_.updated_at as updated_3_10_,
        user0_.age as age4_10_,
        user0_.background_image as backgrou5_10_,
        user0_.email as email6_10_,
        user0_.gender as gender7_10_,
        user0_.hobby as hobby8_10_,
        user0_.introduce as introduc9_10_,
        user0_.job as job10_10_,
        user0_.name as name11_10_,
        user0_.nick_name as nick_na12_10_,
        user0_.phone_num as phone_n13_10_,
        user0_.profile_image as profile14_10_,
        user0_.res_red_number as res_red15_10_,
        user0_.score as score16_10_ 
    from
        user user0_
Hibernate: 
    select
        roles0_.user_id as user_id1_11_0_,
        roles0_.roles as roles2_11_0_ 
    from
        user_roles roles0_ 
    where
        roles0_.user_id=?
Hibernate: 
    select
        roles0_.user_id as user_id1_11_0_,
        roles0_.roles as roles2_11_0_ 
    from
        user_roles roles0_ 
    where
        roles0_.user_id=?
Hibernate: 
    select
        roles0_.user_id as user_id1_11_0_,
        roles0_.roles as roles2_11_0_ 
    from
        user_roles roles0_ 
    where
        roles0_.user_id=?
Hibernate: 
    select
        roles0_.user_id as user_id1_11_0_,
        roles0_.roles as roles2_11_0_ 
    from
        user_roles roles0_ 
    where
        roles0_.user_id=?
Hibernate: 
    select
        roles0_.user_id as user_id1_11_0_,
        roles0_.roles as roles2_11_0_ 
    from
        user_roles roles0_ 
    where
        roles0_.user_id=?
Hibernate: 
    insert 
    into
        story_pin_like
        (created_at, updated_at, story_pin_id, user_id) 
    values
        (?, ?, ?, ?)
Hibernate: 
    insert 
    into
        story_pin_comment
        (created_at, updated_at, content, story_pin_id, user_id) 
    values
        (?, ?, ?, ?, ?)
Hibernate: 
    select
        user0_.id as id1_10_,
        user0_.created_at as created_2_10_,
        user0_.updated_at as updated_3_10_,
        user0_.age as age4_10_,
        user0_.background_image as backgrou5_10_,
        user0_.email as email6_10_,
        user0_.gender as gender7_10_,
        user0_.hobby as hobby8_10_,
        user0_.introduce as introduc9_10_,
        user0_.job as job10_10_,
        user0_.name as name11_10_,
        user0_.nick_name as nick_na12_10_,
        user0_.phone_num as phone_n13_10_,
        user0_.profile_image as profile14_10_,
        user0_.res_red_number as res_red15_10_,
        user0_.score as score16_10_ 
    from
        user user0_
Hibernate: 
    select
        roles0_.user_id as user_id1_11_0_,
        roles0_.roles as roles2_11_0_ 
    from
        user_roles roles0_ 
    where
        roles0_.user_id=?
Hibernate: 
    select
        roles0_.user_id as user_id1_11_0_,
        roles0_.roles as roles2_11_0_ 
    from
        user_roles roles0_ 
    where
        roles0_.user_id=?
Hibernate: 
    select
        roles0_.user_id as user_id1_11_0_,
        roles0_.roles as roles2_11_0_ 
    from
        user_roles roles0_ 
    where
        roles0_.user_id=?
Hibernate: 
    select
        roles0_.user_id as user_id1_11_0_,
        roles0_.roles as roles2_11_0_ 
    from
        user_roles roles0_ 
    where
        roles0_.user_id=?
Hibernate: 
    select
        roles0_.user_id as user_id1_11_0_,
        roles0_.roles as roles2_11_0_ 
    from
        user_roles roles0_ 
    where
        roles0_.user_id=?
Hibernate: 
    select
        user0_.id as id1_10_,
        user0_.created_at as created_2_10_,
        user0_.updated_at as updated_3_10_,
        user0_.age as age4_10_,
        user0_.background_image as backgrou5_10_,
        user0_.email as email6_10_,
        user0_.gender as gender7_10_,
        user0_.hobby as hobby8_10_,
        user0_.introduce as introduc9_10_,
        user0_.job as job10_10_,
        user0_.name as name11_10_,
        user0_.nick_name as nick_na12_10_,
        user0_.phone_num as phone_n13_10_,
        user0_.profile_image as profile14_10_,
        user0_.res_red_number as res_red15_10_,
        user0_.score as score16_10_ 
    from
        user user0_
Hibernate: 
    select
        roles0_.user_id as user_id1_11_0_,
        roles0_.roles as roles2_11_0_ 
    from
        user_roles roles0_ 
    where
        roles0_.user_id=?
Hibernate: 
    select
        roles0_.user_id as user_id1_11_0_,
        roles0_.roles as roles2_11_0_ 
    from
        user_roles roles0_ 
    where
        roles0_.user_id=?
Hibernate: 
    select
        roles0_.user_id as user_id1_11_0_,
        roles0_.roles as roles2_11_0_ 
    from
        user_roles roles0_ 
    where
        roles0_.user_id=?
Hibernate: 
    select
        roles0_.user_id as user_id1_11_0_,
        roles0_.roles as roles2_11_0_ 
    from
        user_roles roles0_ 
    where
        roles0_.user_id=?
Hibernate: 
    select
        roles0_.user_id as user_id1_11_0_,
        roles0_.roles as roles2_11_0_ 
    from
        user_roles roles0_ 
    where
        roles0_.user_id=?
Hibernate: 
    insert 
    into
        story_pin_like
        (created_at, updated_at, story_pin_id, user_id) 
    values
        (?, ?, ?, ?)
Hibernate: 
    insert 
    into
        story_pin_comment
        (created_at, updated_at, content, story_pin_id, user_id) 
    values
        (?, ?, ?, ?, ?)
Hibernate: 
    select
        user0_.id as id1_10_,
        user0_.created_at as created_2_10_,
        user0_.updated_at as updated_3_10_,
        user0_.age as age4_10_,
        user0_.background_image as backgrou5_10_,
        user0_.email as email6_10_,
        user0_.gender as gender7_10_,
        user0_.hobby as hobby8_10_,
        user0_.introduce as introduc9_10_,
        user0_.job as job10_10_,
        user0_.name as name11_10_,
        user0_.nick_name as nick_na12_10_,
        user0_.phone_num as phone_n13_10_,
        user0_.profile_image as profile14_10_,
        user0_.res_red_number as res_red15_10_,
        user0_.score as score16_10_ 
    from
        user user0_
Hibernate: 
    select
        roles0_.user_id as user_id1_11_0_,
        roles0_.roles as roles2_11_0_ 
    from
        user_roles roles0_ 
    where
        roles0_.user_id=?
Hibernate: 
    select
        roles0_.user_id as user_id1_11_0_,
        roles0_.roles as roles2_11_0_ 
    from
        user_roles roles0_ 
    where
        roles0_.user_id=?
Hibernate: 
    select
        roles0_.user_id as user_id1_11_0_,
        roles0_.roles as roles2_11_0_ 
    from
        user_roles roles0_ 
    where
        roles0_.user_id=?
Hibernate: 
    select
        roles0_.user_id as user_id1_11_0_,
        roles0_.roles as roles2_11_0_ 
    from
        user_roles roles0_ 
    where
        roles0_.user_id=?
Hibernate: 
    select
        roles0_.user_id as user_id1_11_0_,
        roles0_.roles as roles2_11_0_ 
    from
        user_roles roles0_ 
    where
        roles0_.user_id=?
Hibernate: 
    select
        user0_.id as id1_10_,
        user0_.created_at as created_2_10_,
        user0_.updated_at as updated_3_10_,
        user0_.age as age4_10_,
        user0_.background_image as backgrou5_10_,
        user0_.email as email6_10_,
        user0_.gender as gender7_10_,
        user0_.hobby as hobby8_10_,
        user0_.introduce as introduc9_10_,
        user0_.job as job10_10_,
        user0_.name as name11_10_,
        user0_.nick_name as nick_na12_10_,
        user0_.phone_num as phone_n13_10_,
        user0_.profile_image as profile14_10_,
        user0_.res_red_number as res_red15_10_,
        user0_.score as score16_10_ 
    from
        user user0_
Hibernate: 
    select
        roles0_.user_id as user_id1_11_0_,
        roles0_.roles as roles2_11_0_ 
    from
        user_roles roles0_ 
    where
        roles0_.user_id=?
Hibernate: 
    select
        roles0_.user_id as user_id1_11_0_,
        roles0_.roles as roles2_11_0_ 
    from
        user_roles roles0_ 
    where
        roles0_.user_id=?
Hibernate: 
    select
        roles0_.user_id as user_id1_11_0_,
        roles0_.roles as roles2_11_0_ 
    from
        user_roles roles0_ 
    where
        roles0_.user_id=?
Hibernate: 
    select
        roles0_.user_id as user_id1_11_0_,
        roles0_.roles as roles2_11_0_ 
    from
        user_roles roles0_ 
    where
        roles0_.user_id=?
Hibernate: 
    select
        roles0_.user_id as user_id1_11_0_,
        roles0_.roles as roles2_11_0_ 
    from
        user_roles roles0_ 
    where
        roles0_.user_id=?
Hibernate: 
    insert 
    into
        story_pin_like
        (created_at, updated_at, story_pin_id, user_id) 
    values
        (?, ?, ?, ?)
Hibernate: 
    insert 
    into
        story_pin_comment
        (created_at, updated_at, content, story_pin_id, user_id) 
    values
        (?, ?, ?, ?, ?)
Hibernate: 
    select
        user0_.id as id1_10_,
        user0_.created_at as created_2_10_,
        user0_.updated_at as updated_3_10_,
        user0_.age as age4_10_,
        user0_.background_image as backgrou5_10_,
        user0_.email as email6_10_,
        user0_.gender as gender7_10_,
        user0_.hobby as hobby8_10_,
        user0_.introduce as introduc9_10_,
        user0_.job as job10_10_,
        user0_.name as name11_10_,
        user0_.nick_name as nick_na12_10_,
        user0_.phone_num as phone_n13_10_,
        user0_.profile_image as profile14_10_,
        user0_.res_red_number as res_red15_10_,
        user0_.score as score16_10_ 
    from
        user user0_
Hibernate: 
    select
        roles0_.user_id as user_id1_11_0_,
        roles0_.roles as roles2_11_0_ 
    from
        user_roles roles0_ 
    where
        roles0_.user_id=?
Hibernate: 
    select
        roles0_.user_id as user_id1_11_0_,
        roles0_.roles as roles2_11_0_ 
    from
        user_roles roles0_ 
    where
        roles0_.user_id=?
Hibernate: 
    select
        roles0_.user_id as user_id1_11_0_,
        roles0_.roles as roles2_11_0_ 
    from
        user_roles roles0_ 
    where
        roles0_.user_id=?
Hibernate: 
    select
        roles0_.user_id as user_id1_11_0_,
        roles0_.roles as roles2_11_0_ 
    from
        user_roles roles0_ 
    where
        roles0_.user_id=?
Hibernate: 
    select
        roles0_.user_id as user_id1_11_0_,
        roles0_.roles as roles2_11_0_ 
    from
        user_roles roles0_ 
    where
        roles0_.user_id=?
Hibernate: 
    select
        user0_.id as id1_10_,
        user0_.created_at as created_2_10_,
        user0_.updated_at as updated_3_10_,
        user0_.age as age4_10_,
        user0_.background_image as backgrou5_10_,
        user0_.email as email6_10_,
        user0_.gender as gender7_10_,
        user0_.hobby as hobby8_10_,
        user0_.introduce as introduc9_10_,
        user0_.job as job10_10_,
        user0_.name as name11_10_,
        user0_.nick_name as nick_na12_10_,
        user0_.phone_num as phone_n13_10_,
        user0_.profile_image as profile14_10_,
        user0_.res_red_number as res_red15_10_,
        user0_.score as score16_10_ 
    from
        user user0_
Hibernate: 
    select
        roles0_.user_id as user_id1_11_0_,
        roles0_.roles as roles2_11_0_ 
    from
        user_roles roles0_ 
    where
        roles0_.user_id=?
Hibernate: 
    select
        roles0_.user_id as user_id1_11_0_,
        roles0_.roles as roles2_11_0_ 
    from
        user_roles roles0_ 
    where
        roles0_.user_id=?
Hibernate: 
    select
        roles0_.user_id as user_id1_11_0_,
        roles0_.roles as roles2_11_0_ 
    from
        user_roles roles0_ 
    where
        roles0_.user_id=?
Hibernate: 
    select
        roles0_.user_id as user_id1_11_0_,
        roles0_.roles as roles2_11_0_ 
    from
        user_roles roles0_ 
    where
        roles0_.user_id=?
Hibernate: 
    select
        roles0_.user_id as user_id1_11_0_,
        roles0_.roles as roles2_11_0_ 
    from
        user_roles roles0_ 
    where
        roles0_.user_id=?
Hibernate: 
    insert 
    into
        story_pin_like
        (created_at, updated_at, story_pin_id, user_id) 
    values
        (?, ?, ?, ?)
Hibernate: 
    insert 
    into
        story_pin_comment
        (created_at, updated_at, content, story_pin_id, user_id) 
    values
        (?, ?, ?, ?, ?)
Hibernate: 
    select
        user0_.id as id1_10_,
        user0_.created_at as created_2_10_,
        user0_.updated_at as updated_3_10_,
        user0_.age as age4_10_,
        user0_.background_image as backgrou5_10_,
        user0_.email as email6_10_,
        user0_.gender as gender7_10_,
        user0_.hobby as hobby8_10_,
        user0_.introduce as introduc9_10_,
        user0_.job as job10_10_,
        user0_.name as name11_10_,
        user0_.nick_name as nick_na12_10_,
        user0_.phone_num as phone_n13_10_,
        user0_.profile_image as profile14_10_,
        user0_.res_red_number as res_red15_10_,
        user0_.score as score16_10_ 
    from
        user user0_
Hibernate: 
    select
        roles0_.user_id as user_id1_11_0_,
        roles0_.roles as roles2_11_0_ 
    from
        user_roles roles0_ 
    where
        roles0_.user_id=?
Hibernate: 
    select
        roles0_.user_id as user_id1_11_0_,
        roles0_.roles as roles2_11_0_ 
    from
        user_roles roles0_ 
    where
        roles0_.user_id=?
Hibernate: 
    select
        roles0_.user_id as user_id1_11_0_,
        roles0_.roles as roles2_11_0_ 
    from
        user_roles roles0_ 
    where
        roles0_.user_id=?
Hibernate: 
    select
        roles0_.user_id as user_id1_11_0_,
        roles0_.roles as roles2_11_0_ 
    from
        user_roles roles0_ 
    where
        roles0_.user_id=?
Hibernate: 
    select
        roles0_.user_id as user_id1_11_0_,
        roles0_.roles as roles2_11_0_ 
    from
        user_roles roles0_ 
    where
        roles0_.user_id=?
Hibernate: 
    select
        user0_.id as id1_10_,
        user0_.created_at as created_2_10_,
        user0_.updated_at as updated_3_10_,
        user0_.age as age4_10_,
        user0_.background_image as backgrou5_10_,
        user0_.email as email6_10_,
        user0_.gender as gender7_10_,
        user0_.hobby as hobby8_10_,
        user0_.introduce as introduc9_10_,
        user0_.job as job10_10_,
        user0_.name as name11_10_,
        user0_.nick_name as nick_na12_10_,
        user0_.phone_num as phone_n13_10_,
        user0_.profile_image as profile14_10_,
        user0_.res_red_number as res_red15_10_,
        user0_.score as score16_10_ 
    from
        user user0_
Hibernate: 
    select
        roles0_.user_id as user_id1_11_0_,
        roles0_.roles as roles2_11_0_ 
    from
        user_roles roles0_ 
    where
        roles0_.user_id=?
Hibernate: 
    select
        roles0_.user_id as user_id1_11_0_,
        roles0_.roles as roles2_11_0_ 
    from
        user_roles roles0_ 
    where
        roles0_.user_id=?
Hibernate: 
    select
        roles0_.user_id as user_id1_11_0_,
        roles0_.roles as roles2_11_0_ 
    from
        user_roles roles0_ 
    where
        roles0_.user_id=?
Hibernate: 
    select
        roles0_.user_id as user_id1_11_0_,
        roles0_.roles as roles2_11_0_ 
    from
        user_roles roles0_ 
    where
        roles0_.user_id=?
Hibernate: 
    select
        roles0_.user_id as user_id1_11_0_,
        roles0_.roles as roles2_11_0_ 
    from
        user_roles roles0_ 
    where
        roles0_.user_id=?
Hibernate: 
    insert 
    into
        story_pin_like
        (created_at, updated_at, story_pin_id, user_id) 
    values
        (?, ?, ?, ?)
Hibernate: 
    insert 
    into
        story_pin_comment
        (created_at, updated_at, content, story_pin_id, user_id) 
    values
        (?, ?, ?, ?, ?)
Hibernate: 
    select
        user0_.id as id1_10_,
        user0_.created_at as created_2_10_,
        user0_.updated_at as updated_3_10_,
        user0_.age as age4_10_,
        user0_.background_image as backgrou5_10_,
        user0_.email as email6_10_,
        user0_.gender as gender7_10_,
        user0_.hobby as hobby8_10_,
        user0_.introduce as introduc9_10_,
        user0_.job as job10_10_,
        user0_.name as name11_10_,
        user0_.nick_name as nick_na12_10_,
        user0_.phone_num as phone_n13_10_,
        user0_.profile_image as profile14_10_,
        user0_.res_red_number as res_red15_10_,
        user0_.score as score16_10_ 
    from
        user user0_
Hibernate: 
    select
        roles0_.user_id as user_id1_11_0_,
        roles0_.roles as roles2_11_0_ 
    from
        user_roles roles0_ 
    where
        roles0_.user_id=?
Hibernate: 
    select
        roles0_.user_id as user_id1_11_0_,
        roles0_.roles as roles2_11_0_ 
    from
        user_roles roles0_ 
    where
        roles0_.user_id=?
Hibernate: 
    select
        roles0_.user_id as user_id1_11_0_,
        roles0_.roles as roles2_11_0_ 
    from
        user_roles roles0_ 
    where
        roles0_.user_id=?
Hibernate: 
    select
        roles0_.user_id as user_id1_11_0_,
        roles0_.roles as roles2_11_0_ 
    from
        user_roles roles0_ 
    where
        roles0_.user_id=?
Hibernate: 
    select
        roles0_.user_id as user_id1_11_0_,
        roles0_.roles as roles2_11_0_ 
    from
        user_roles roles0_ 
    where
        roles0_.user_id=?
Hibernate: 
    select
        user0_.id as id1_10_,
        user0_.created_at as created_2_10_,
        user0_.updated_at as updated_3_10_,
        user0_.age as age4_10_,
        user0_.background_image as backgrou5_10_,
        user0_.email as email6_10_,
        user0_.gender as gender7_10_,
        user0_.hobby as hobby8_10_,
        user0_.introduce as introduc9_10_,
        user0_.job as job10_10_,
        user0_.name as name11_10_,
        user0_.nick_name as nick_na12_10_,
        user0_.phone_num as phone_n13_10_,
        user0_.profile_image as profile14_10_,
        user0_.res_red_number as res_red15_10_,
        user0_.score as score16_10_ 
    from
        user user0_
Hibernate: 
    select
        roles0_.user_id as user_id1_11_0_,
        roles0_.roles as roles2_11_0_ 
    from
        user_roles roles0_ 
    where
        roles0_.user_id=?
Hibernate: 
    select
        roles0_.user_id as user_id1_11_0_,
        roles0_.roles as roles2_11_0_ 
    from
        user_roles roles0_ 
    where
        roles0_.user_id=?
Hibernate: 
    select
        roles0_.user_id as user_id1_11_0_,
        roles0_.roles as roles2_11_0_ 
    from
        user_roles roles0_ 
    where
        roles0_.user_id=?
Hibernate: 
    select
        roles0_.user_id as user_id1_11_0_,
        roles0_.roles as roles2_11_0_ 
    from
        user_roles roles0_ 
    where
        roles0_.user_id=?
Hibernate: 
    select
        roles0_.user_id as user_id1_11_0_,
        roles0_.roles as roles2_11_0_ 
    from
        user_roles roles0_ 
    where
        roles0_.user_id=?
Hibernate: 
    insert 
    into
        story_pin_like
        (created_at, updated_at, story_pin_id, user_id) 
    values
        (?, ?, ?, ?)
Hibernate: 
    insert 
    into
        story_pin_comment
        (created_at, updated_at, content, story_pin_id, user_id) 
    values
        (?, ?, ?, ?, ?)
Hibernate: 
    select
        user0_.id as id1_10_,
        user0_.created_at as created_2_10_,
        user0_.updated_at as updated_3_10_,
        user0_.age as age4_10_,
        user0_.background_image as backgrou5_10_,
        user0_.email as email6_10_,
        user0_.gender as gender7_10_,
        user0_.hobby as hobby8_10_,
        user0_.introduce as introduc9_10_,
        user0_.job as job10_10_,
        user0_.name as name11_10_,
        user0_.nick_name as nick_na12_10_,
        user0_.phone_num as phone_n13_10_,
        user0_.profile_image as profile14_10_,
        user0_.res_red_number as res_red15_10_,
        user0_.score as score16_10_ 
    from
        user user0_
Hibernate: 
    select
        roles0_.user_id as user_id1_11_0_,
        roles0_.roles as roles2_11_0_ 
    from
        user_roles roles0_ 
    where
        roles0_.user_id=?
Hibernate: 
    select
        roles0_.user_id as user_id1_11_0_,
        roles0_.roles as roles2_11_0_ 
    from
        user_roles roles0_ 
    where
        roles0_.user_id=?
Hibernate: 
    select
        roles0_.user_id as user_id1_11_0_,
        roles0_.roles as roles2_11_0_ 
    from
        user_roles roles0_ 
    where
        roles0_.user_id=?
Hibernate: 
    select
        roles0_.user_id as user_id1_11_0_,
        roles0_.roles as roles2_11_0_ 
    from
        user_roles roles0_ 
    where
        roles0_.user_id=?
Hibernate: 
    select
        roles0_.user_id as user_id1_11_0_,
        roles0_.roles as roles2_11_0_ 
    from
        user_roles roles0_ 
    where
        roles0_.user_id=?
Hibernate: 
    select
        user0_.id as id1_10_,
        user0_.created_at as created_2_10_,
        user0_.updated_at as updated_3_10_,
        user0_.age as age4_10_,
        user0_.background_image as backgrou5_10_,
        user0_.email as email6_10_,
        user0_.gender as gender7_10_,
        user0_.hobby as hobby8_10_,
        user0_.introduce as introduc9_10_,
        user0_.job as job10_10_,
        user0_.name as name11_10_,
        user0_.nick_name as nick_na12_10_,
        user0_.phone_num as phone_n13_10_,
        user0_.profile_image as profile14_10_,
        user0_.res_red_number as res_red15_10_,
        user0_.score as score16_10_ 
    from
        user user0_
Hibernate: 
    select
        roles0_.user_id as user_id1_11_0_,
        roles0_.roles as roles2_11_0_ 
    from
        user_roles roles0_ 
    where
        roles0_.user_id=?
Hibernate: 
    select
        roles0_.user_id as user_id1_11_0_,
        roles0_.roles as roles2_11_0_ 
    from
        user_roles roles0_ 
    where
        roles0_.user_id=?
Hibernate: 
    select
        roles0_.user_id as user_id1_11_0_,
        roles0_.roles as roles2_11_0_ 
    from
        user_roles roles0_ 
    where
        roles0_.user_id=?
Hibernate: 
    select
        roles0_.user_id as user_id1_11_0_,
        roles0_.roles as roles2_11_0_ 
    from
        user_roles roles0_ 
    where
        roles0_.user_id=?
Hibernate: 
    select
        roles0_.user_id as user_id1_11_0_,
        roles0_.roles as roles2_11_0_ 
    from
        user_roles roles0_ 
    where
        roles0_.user_id=?
Hibernate: 
    insert 
    into
        story_pin_like
        (created_at, updated_at, story_pin_id, user_id) 
    values
        (?, ?, ?, ?)
Hibernate: 
    insert 
    into
        story_pin_comment
        (created_at, updated_at, content, story_pin_id, user_id) 
    values
        (?, ?, ?, ?, ?)
Hibernate: 
    select
        user0_.id as id1_10_,
        user0_.created_at as created_2_10_,
        user0_.updated_at as updated_3_10_,
        user0_.age as age4_10_,
        user0_.background_image as backgrou5_10_,
        user0_.email as email6_10_,
        user0_.gender as gender7_10_,
        user0_.hobby as hobby8_10_,
        user0_.introduce as introduc9_10_,
        user0_.job as job10_10_,
        user0_.name as name11_10_,
        user0_.nick_name as nick_na12_10_,
        user0_.phone_num as phone_n13_10_,
        user0_.profile_image as profile14_10_,
        user0_.res_red_number as res_red15_10_,
        user0_.score as score16_10_ 
    from
        user user0_
Hibernate: 
    select
        roles0_.user_id as user_id1_11_0_,
        roles0_.roles as roles2_11_0_ 
    from
        user_roles roles0_ 
    where
        roles0_.user_id=?
Hibernate: 
    select
        roles0_.user_id as user_id1_11_0_,
        roles0_.roles as roles2_11_0_ 
    from
        user_roles roles0_ 
    where
        roles0_.user_id=?
Hibernate: 
    select
        roles0_.user_id as user_id1_11_0_,
        roles0_.roles as roles2_11_0_ 
    from
        user_roles roles0_ 
    where
        roles0_.user_id=?
Hibernate: 
    select
        roles0_.user_id as user_id1_11_0_,
        roles0_.roles as roles2_11_0_ 
    from
        user_roles roles0_ 
    where
        roles0_.user_id=?
Hibernate: 
    select
        roles0_.user_id as user_id1_11_0_,
        roles0_.roles as roles2_11_0_ 
    from
        user_roles roles0_ 
    where
        roles0_.user_id=?
Hibernate: 
    select
        user0_.id as id1_10_,
        user0_.created_at as created_2_10_,
        user0_.updated_at as updated_3_10_,
        user0_.age as age4_10_,
        user0_.background_image as backgrou5_10_,
        user0_.email as email6_10_,
        user0_.gender as gender7_10_,
        user0_.hobby as hobby8_10_,
        user0_.introduce as introduc9_10_,
        user0_.job as job10_10_,
        user0_.name as name11_10_,
        user0_.nick_name as nick_na12_10_,
        user0_.phone_num as phone_n13_10_,
        user0_.profile_image as profile14_10_,
        user0_.res_red_number as res_red15_10_,
        user0_.score as score16_10_ 
    from
        user user0_
Hibernate: 
    select
        roles0_.user_id as user_id1_11_0_,
        roles0_.roles as roles2_11_0_ 
    from
        user_roles roles0_ 
    where
        roles0_.user_id=?
Hibernate: 
    select
        roles0_.user_id as user_id1_11_0_,
        roles0_.roles as roles2_11_0_ 
    from
        user_roles roles0_ 
    where
        roles0_.user_id=?
Hibernate: 
    select
        roles0_.user_id as user_id1_11_0_,
        roles0_.roles as roles2_11_0_ 
    from
        user_roles roles0_ 
    where
        roles0_.user_id=?
Hibernate: 
    select
        roles0_.user_id as user_id1_11_0_,
        roles0_.roles as roles2_11_0_ 
    from
        user_roles roles0_ 
    where
        roles0_.user_id=?
Hibernate: 
    select
        roles0_.user_id as user_id1_11_0_,
        roles0_.roles as roles2_11_0_ 
    from
        user_roles roles0_ 
    where
        roles0_.user_id=?
Hibernate: 
    insert 
    into
        story_pin_like
        (created_at, updated_at, story_pin_id, user_id) 
    values
        (?, ?, ?, ?)
Hibernate: 
    insert 
    into
        story_pin_comment
        (created_at, updated_at, content, story_pin_id, user_id) 
    values
        (?, ?, ?, ?, ?)
Hibernate: 
    select
        user0_.id as id1_10_,
        user0_.created_at as created_2_10_,
        user0_.updated_at as updated_3_10_,
        user0_.age as age4_10_,
        user0_.background_image as backgrou5_10_,
        user0_.email as email6_10_,
        user0_.gender as gender7_10_,
        user0_.hobby as hobby8_10_,
        user0_.introduce as introduc9_10_,
        user0_.job as job10_10_,
        user0_.name as name11_10_,
        user0_.nick_name as nick_na12_10_,
        user0_.phone_num as phone_n13_10_,
        user0_.profile_image as profile14_10_,
        user0_.res_red_number as res_red15_10_,
        user0_.score as score16_10_ 
    from
        user user0_
Hibernate: 
    select
        roles0_.user_id as user_id1_11_0_,
        roles0_.roles as roles2_11_0_ 
    from
        user_roles roles0_ 
    where
        roles0_.user_id=?
Hibernate: 
    select
        roles0_.user_id as user_id1_11_0_,
        roles0_.roles as roles2_11_0_ 
    from
        user_roles roles0_ 
    where
        roles0_.user_id=?
Hibernate: 
    select
        roles0_.user_id as user_id1_11_0_,
        roles0_.roles as roles2_11_0_ 
    from
        user_roles roles0_ 
    where
        roles0_.user_id=?
Hibernate: 
    select
        roles0_.user_id as user_id1_11_0_,
        roles0_.roles as roles2_11_0_ 
    from
        user_roles roles0_ 
    where
        roles0_.user_id=?
Hibernate: 
    select
        roles0_.user_id as user_id1_11_0_,
        roles0_.roles as roles2_11_0_ 
    from
        user_roles roles0_ 
    where
        roles0_.user_id=?
Hibernate: 
    select
        user0_.id as id1_10_,
        user0_.created_at as created_2_10_,
        user0_.updated_at as updated_3_10_,
        user0_.age as age4_10_,
        user0_.background_image as backgrou5_10_,
        user0_.email as email6_10_,
        user0_.gender as gender7_10_,
        user0_.hobby as hobby8_10_,
        user0_.introduce as introduc9_10_,
        user0_.job as job10_10_,
        user0_.name as name11_10_,
        user0_.nick_name as nick_na12_10_,
        user0_.phone_num as phone_n13_10_,
        user0_.profile_image as profile14_10_,
        user0_.res_red_number as res_red15_10_,
        user0_.score as score16_10_ 
    from
        user user0_
Hibernate: 
    select
        roles0_.user_id as user_id1_11_0_,
        roles0_.roles as roles2_11_0_ 
    from
        user_roles roles0_ 
    where
        roles0_.user_id=?
Hibernate: 
    select
        roles0_.user_id as user_id1_11_0_,
        roles0_.roles as roles2_11_0_ 
    from
        user_roles roles0_ 
    where
        roles0_.user_id=?
Hibernate: 
    select
        roles0_.user_id as user_id1_11_0_,
        roles0_.roles as roles2_11_0_ 
    from
        user_roles roles0_ 
    where
        roles0_.user_id=?
Hibernate: 
    select
        roles0_.user_id as user_id1_11_0_,
        roles0_.roles as roles2_11_0_ 
    from
        user_roles roles0_ 
    where
        roles0_.user_id=?
Hibernate: 
    select
        roles0_.user_id as user_id1_11_0_,
        roles0_.roles as roles2_11_0_ 
    from
        user_roles roles0_ 
    where
        roles0_.user_id=?
Hibernate: 
    insert 
    into
        story_pin_like
        (created_at, updated_at, story_pin_id, user_id) 
    values
        (?, ?, ?, ?)
Hibernate: 
    insert 
    into
        story_pin_comment
        (created_at, updated_at, content, story_pin_id, user_id) 
    values
        (?, ?, ?, ?, ?)
Hibernate: 
    select
        user0_.id as id1_10_,
        user0_.created_at as created_2_10_,
        user0_.updated_at as updated_3_10_,
        user0_.age as age4_10_,
        user0_.background_image as backgrou5_10_,
        user0_.email as email6_10_,
        user0_.gender as gender7_10_,
        user0_.hobby as hobby8_10_,
        user0_.introduce as introduc9_10_,
        user0_.job as job10_10_,
        user0_.name as name11_10_,
        user0_.nick_name as nick_na12_10_,
        user0_.phone_num as phone_n13_10_,
        user0_.profile_image as profile14_10_,
        user0_.res_red_number as res_red15_10_,
        user0_.score as score16_10_ 
    from
        user user0_
Hibernate: 
    select
        roles0_.user_id as user_id1_11_0_,
        roles0_.roles as roles2_11_0_ 
    from
        user_roles roles0_ 
    where
        roles0_.user_id=?
Hibernate: 
    select
        roles0_.user_id as user_id1_11_0_,
        roles0_.roles as roles2_11_0_ 
    from
        user_roles roles0_ 
    where
        roles0_.user_id=?
Hibernate: 
    select
        roles0_.user_id as user_id1_11_0_,
        roles0_.roles as roles2_11_0_ 
    from
        user_roles roles0_ 
    where
        roles0_.user_id=?
Hibernate: 
    select
        roles0_.user_id as user_id1_11_0_,
        roles0_.roles as roles2_11_0_ 
    from
        user_roles roles0_ 
    where
        roles0_.user_id=?
Hibernate: 
    select
        roles0_.user_id as user_id1_11_0_,
        roles0_.roles as roles2_11_0_ 
    from
        user_roles roles0_ 
    where
        roles0_.user_id=?
Hibernate: 
    select
        user0_.id as id1_10_,
        user0_.created_at as created_2_10_,
        user0_.updated_at as updated_3_10_,
        user0_.age as age4_10_,
        user0_.background_image as backgrou5_10_,
        user0_.email as email6_10_,
        user0_.gender as gender7_10_,
        user0_.hobby as hobby8_10_,
        user0_.introduce as introduc9_10_,
        user0_.job as job10_10_,
        user0_.name as name11_10_,
        user0_.nick_name as nick_na12_10_,
        user0_.phone_num as phone_n13_10_,
        user0_.profile_image as profile14_10_,
        user0_.res_red_number as res_red15_10_,
        user0_.score as score16_10_ 
    from
        user user0_
Hibernate: 
    select
        roles0_.user_id as user_id1_11_0_,
        roles0_.roles as roles2_11_0_ 
    from
        user_roles roles0_ 
    where
        roles0_.user_id=?
Hibernate: 
    select
        roles0_.user_id as user_id1_11_0_,
        roles0_.roles as roles2_11_0_ 
    from
        user_roles roles0_ 
    where
        roles0_.user_id=?
Hibernate: 
    select
        roles0_.user_id as user_id1_11_0_,
        roles0_.roles as roles2_11_0_ 
    from
        user_roles roles0_ 
    where
        roles0_.user_id=?
Hibernate: 
    select
        roles0_.user_id as user_id1_11_0_,
        roles0_.roles as roles2_11_0_ 
    from
        user_roles roles0_ 
    where
        roles0_.user_id=?
Hibernate: 
    select
        roles0_.user_id as user_id1_11_0_,
        roles0_.roles as roles2_11_0_ 
    from
        user_roles roles0_ 
    where
        roles0_.user_id=?
Hibernate: 
    insert 
    into
        story_pin_like
        (created_at, updated_at, story_pin_id, user_id) 
    values
        (?, ?, ?, ?)
Hibernate: 
    insert 
    into
        story_pin_comment
        (created_at, updated_at, content, story_pin_id, user_id) 
    values
        (?, ?, ?, ?, ?)
Hibernate: 
    select
        user0_.id as id1_10_,
        user0_.created_at as created_2_10_,
        user0_.updated_at as updated_3_10_,
        user0_.age as age4_10_,
        user0_.background_image as backgrou5_10_,
        user0_.email as email6_10_,
        user0_.gender as gender7_10_,
        user0_.hobby as hobby8_10_,
        user0_.introduce as introduc9_10_,
        user0_.job as job10_10_,
        user0_.name as name11_10_,
        user0_.nick_name as nick_na12_10_,
        user0_.phone_num as phone_n13_10_,
        user0_.profile_image as profile14_10_,
        user0_.res_red_number as res_red15_10_,
        user0_.score as score16_10_ 
    from
        user user0_
Hibernate: 
    select
        roles0_.user_id as user_id1_11_0_,
        roles0_.roles as roles2_11_0_ 
    from
        user_roles roles0_ 
    where
        roles0_.user_id=?
Hibernate: 
    select
        roles0_.user_id as user_id1_11_0_,
        roles0_.roles as roles2_11_0_ 
    from
        user_roles roles0_ 
    where
        roles0_.user_id=?
Hibernate: 
    select
        roles0_.user_id as user_id1_11_0_,
        roles0_.roles as roles2_11_0_ 
    from
        user_roles roles0_ 
    where
        roles0_.user_id=?
Hibernate: 
    select
        roles0_.user_id as user_id1_11_0_,
        roles0_.roles as roles2_11_0_ 
    from
        user_roles roles0_ 
    where
        roles0_.user_id=?
Hibernate: 
    select
        roles0_.user_id as user_id1_11_0_,
        roles0_.roles as roles2_11_0_ 
    from
        user_roles roles0_ 
    where
        roles0_.user_id=?
Hibernate: 
    select
        user0_.id as id1_10_,
        user0_.created_at as created_2_10_,
        user0_.updated_at as updated_3_10_,
        user0_.age as age4_10_,
        user0_.background_image as backgrou5_10_,
        user0_.email as email6_10_,
        user0_.gender as gender7_10_,
        user0_.hobby as hobby8_10_,
        user0_.introduce as introduc9_10_,
        user0_.job as job10_10_,
        user0_.name as name11_10_,
        user0_.nick_name as nick_na12_10_,
        user0_.phone_num as phone_n13_10_,
        user0_.profile_image as profile14_10_,
        user0_.res_red_number as res_red15_10_,
        user0_.score as score16_10_ 
    from
        user user0_
Hibernate: 
    select
        roles0_.user_id as user_id1_11_0_,
        roles0_.roles as roles2_11_0_ 
    from
        user_roles roles0_ 
    where
        roles0_.user_id=?
Hibernate: 
    select
        roles0_.user_id as user_id1_11_0_,
        roles0_.roles as roles2_11_0_ 
    from
        user_roles roles0_ 
    where
        roles0_.user_id=?
Hibernate: 
    select
        roles0_.user_id as user_id1_11_0_,
        roles0_.roles as roles2_11_0_ 
    from
        user_roles roles0_ 
    where
        roles0_.user_id=?
Hibernate: 
    select
        roles0_.user_id as user_id1_11_0_,
        roles0_.roles as roles2_11_0_ 
    from
        user_roles roles0_ 
    where
        roles0_.user_id=?
Hibernate: 
    select
        roles0_.user_id as user_id1_11_0_,
        roles0_.roles as roles2_11_0_ 
    from
        user_roles roles0_ 
    where
        roles0_.user_id=?
Hibernate: 
    insert 
    into
        story_pin_like
        (created_at, updated_at, story_pin_id, user_id) 
    values
        (?, ?, ?, ?)
Hibernate: 
    insert 
    into
        story_pin_comment
        (created_at, updated_at, content, story_pin_id, user_id) 
    values
        (?, ?, ?, ?, ?)
Hibernate: 
    select
        user0_.id as id1_10_,
        user0_.created_at as created_2_10_,
        user0_.updated_at as updated_3_10_,
        user0_.age as age4_10_,
        user0_.background_image as backgrou5_10_,
        user0_.email as email6_10_,
        user0_.gender as gender7_10_,
        user0_.hobby as hobby8_10_,
        user0_.introduce as introduc9_10_,
        user0_.job as job10_10_,
        user0_.name as name11_10_,
        user0_.nick_name as nick_na12_10_,
        user0_.phone_num as phone_n13_10_,
        user0_.profile_image as profile14_10_,
        user0_.res_red_number as res_red15_10_,
        user0_.score as score16_10_ 
    from
        user user0_
Hibernate: 
    select
        roles0_.user_id as user_id1_11_0_,
        roles0_.roles as roles2_11_0_ 
    from
        user_roles roles0_ 
    where
        roles0_.user_id=?
Hibernate: 
    select
        roles0_.user_id as user_id1_11_0_,
        roles0_.roles as roles2_11_0_ 
    from
        user_roles roles0_ 
    where
        roles0_.user_id=?
Hibernate: 
    select
        roles0_.user_id as user_id1_11_0_,
        roles0_.roles as roles2_11_0_ 
    from
        user_roles roles0_ 
    where
        roles0_.user_id=?
Hibernate: 
    select
        roles0_.user_id as user_id1_11_0_,
        roles0_.roles as roles2_11_0_ 
    from
        user_roles roles0_ 
    where
        roles0_.user_id=?
Hibernate: 
    select
        roles0_.user_id as user_id1_11_0_,
        roles0_.roles as roles2_11_0_ 
    from
        user_roles roles0_ 
    where
        roles0_.user_id=?
Hibernate: 
    select
        user0_.id as id1_10_,
        user0_.created_at as created_2_10_,
        user0_.updated_at as updated_3_10_,
        user0_.age as age4_10_,
        user0_.background_image as backgrou5_10_,
        user0_.email as email6_10_,
        user0_.gender as gender7_10_,
        user0_.hobby as hobby8_10_,
        user0_.introduce as introduc9_10_,
        user0_.job as job10_10_,
        user0_.name as name11_10_,
        user0_.nick_name as nick_na12_10_,
        user0_.phone_num as phone_n13_10_,
        user0_.profile_image as profile14_10_,
        user0_.res_red_number as res_red15_10_,
        user0_.score as score16_10_ 
    from
        user user0_
Hibernate: 
    select
        roles0_.user_id as user_id1_11_0_,
        roles0_.roles as roles2_11_0_ 
    from
        user_roles roles0_ 
    where
        roles0_.user_id=?
Hibernate: 
    select
        roles0_.user_id as user_id1_11_0_,
        roles0_.roles as roles2_11_0_ 
    from
        user_roles roles0_ 
    where
        roles0_.user_id=?
Hibernate: 
    select
        roles0_.user_id as user_id1_11_0_,
        roles0_.roles as roles2_11_0_ 
    from
        user_roles roles0_ 
    where
        roles0_.user_id=?
Hibernate: 
    select
        roles0_.user_id as user_id1_11_0_,
        roles0_.roles as roles2_11_0_ 
    from
        user_roles roles0_ 
    where
        roles0_.user_id=?
Hibernate: 
    select
        roles0_.user_id as user_id1_11_0_,
        roles0_.roles as roles2_11_0_ 
    from
        user_roles roles0_ 
    where
        roles0_.user_id=?
Hibernate: 
    insert 
    into
        story_pin_like
        (created_at, updated_at, story_pin_id, user_id) 
    values
        (?, ?, ?, ?)
Hibernate: 
    insert 
    into
        story_pin_comment
        (created_at, updated_at, content, story_pin_id, user_id) 
    values
        (?, ?, ?, ?, ?)
Hibernate: 
    select
        user0_.id as id1_10_,
        user0_.created_at as created_2_10_,
        user0_.updated_at as updated_3_10_,
        user0_.age as age4_10_,
        user0_.background_image as backgrou5_10_,
        user0_.email as email6_10_,
        user0_.gender as gender7_10_,
        user0_.hobby as hobby8_10_,
        user0_.introduce as introduc9_10_,
        user0_.job as job10_10_,
        user0_.name as name11_10_,
        user0_.nick_name as nick_na12_10_,
        user0_.phone_num as phone_n13_10_,
        user0_.profile_image as profile14_10_,
        user0_.res_red_number as res_red15_10_,
        user0_.score as score16_10_ 
    from
        user user0_
Hibernate: 
    select
        roles0_.user_id as user_id1_11_0_,
        roles0_.roles as roles2_11_0_ 
    from
        user_roles roles0_ 
    where
        roles0_.user_id=?
Hibernate: 
    select
        roles0_.user_id as user_id1_11_0_,
        roles0_.roles as roles2_11_0_ 
    from
        user_roles roles0_ 
    where
        roles0_.user_id=?
Hibernate: 
    select
        roles0_.user_id as user_id1_11_0_,
        roles0_.roles as roles2_11_0_ 
    from
        user_roles roles0_ 
    where
        roles0_.user_id=?
Hibernate: 
    select
        roles0_.user_id as user_id1_11_0_,
        roles0_.roles as roles2_11_0_ 
    from
        user_roles roles0_ 
    where
        roles0_.user_id=?
Hibernate: 
    select
        roles0_.user_id as user_id1_11_0_,
        roles0_.roles as roles2_11_0_ 
    from
        user_roles roles0_ 
    where
        roles0_.user_id=?
Hibernate: 
    select
        user0_.id as id1_10_,
        user0_.created_at as created_2_10_,
        user0_.updated_at as updated_3_10_,
        user0_.age as age4_10_,
        user0_.background_image as backgrou5_10_,
        user0_.email as email6_10_,
        user0_.gender as gender7_10_,
        user0_.hobby as hobby8_10_,
        user0_.introduce as introduc9_10_,
        user0_.job as job10_10_,
        user0_.name as name11_10_,
        user0_.nick_name as nick_na12_10_,
        user0_.phone_num as phone_n13_10_,
        user0_.profile_image as profile14_10_,
        user0_.res_red_number as res_red15_10_,
        user0_.score as score16_10_ 
    from
        user user0_
Hibernate: 
    select
        roles0_.user_id as user_id1_11_0_,
        roles0_.roles as roles2_11_0_ 
    from
        user_roles roles0_ 
    where
        roles0_.user_id=?
Hibernate: 
    select
        roles0_.user_id as user_id1_11_0_,
        roles0_.roles as roles2_11_0_ 
    from
        user_roles roles0_ 
    where
        roles0_.user_id=?
Hibernate: 
    select
        roles0_.user_id as user_id1_11_0_,
        roles0_.roles as roles2_11_0_ 
    from
        user_roles roles0_ 
    where
        roles0_.user_id=?
Hibernate: 
    select
        roles0_.user_id as user_id1_11_0_,
        roles0_.roles as roles2_11_0_ 
    from
        user_roles roles0_ 
    where
        roles0_.user_id=?
Hibernate: 
    select
        roles0_.user_id as user_id1_11_0_,
        roles0_.roles as roles2_11_0_ 
    from
        user_roles roles0_ 
    where
        roles0_.user_id=?
Hibernate: 
    insert 
    into
        story_pin_like
        (created_at, updated_at, story_pin_id, user_id) 
    values
        (?, ?, ?, ?)
Hibernate: 
    insert 
    into
        story_pin_comment
        (created_at, updated_at, content, story_pin_id, user_id) 
    values
        (?, ?, ?, ?, ?)
Hibernate: 
    select
        user0_.id as id1_10_,
        user0_.created_at as created_2_10_,
        user0_.updated_at as updated_3_10_,
        user0_.age as age4_10_,
        user0_.background_image as backgrou5_10_,
        user0_.email as email6_10_,
        user0_.gender as gender7_10_,
        user0_.hobby as hobby8_10_,
        user0_.introduce as introduc9_10_,
        user0_.job as job10_10_,
        user0_.name as name11_10_,
        user0_.nick_name as nick_na12_10_,
        user0_.phone_num as phone_n13_10_,
        user0_.profile_image as profile14_10_,
        user0_.res_red_number as res_red15_10_,
        user0_.score as score16_10_ 
    from
        user user0_
Hibernate: 
    select
        roles0_.user_id as user_id1_11_0_,
        roles0_.roles as roles2_11_0_ 
    from
        user_roles roles0_ 
    where
        roles0_.user_id=?
Hibernate: 
    select
        roles0_.user_id as user_id1_11_0_,
        roles0_.roles as roles2_11_0_ 
    from
        user_roles roles0_ 
    where
        roles0_.user_id=?
Hibernate: 
    select
        roles0_.user_id as user_id1_11_0_,
        roles0_.roles as roles2_11_0_ 
    from
        user_roles roles0_ 
    where
        roles0_.user_id=?
Hibernate: 
    select
        roles0_.user_id as user_id1_11_0_,
        roles0_.roles as roles2_11_0_ 
    from
        user_roles roles0_ 
    where
        roles0_.user_id=?
Hibernate: 
    select
        roles0_.user_id as user_id1_11_0_,
        roles0_.roles as roles2_11_0_ 
    from
        user_roles roles0_ 
    where
        roles0_.user_id=?
Hibernate: 
    select
        user0_.id as id1_10_,
        user0_.created_at as created_2_10_,
        user0_.updated_at as updated_3_10_,
        user0_.age as age4_10_,
        user0_.background_image as backgrou5_10_,
        user0_.email as email6_10_,
        user0_.gender as gender7_10_,
        user0_.hobby as hobby8_10_,
        user0_.introduce as introduc9_10_,
        user0_.job as job10_10_,
        user0_.name as name11_10_,
        user0_.nick_name as nick_na12_10_,
        user0_.phone_num as phone_n13_10_,
        user0_.profile_image as profile14_10_,
        user0_.res_red_number as res_red15_10_,
        user0_.score as score16_10_ 
    from
        user user0_
Hibernate: 
    select
        roles0_.user_id as user_id1_11_0_,
        roles0_.roles as roles2_11_0_ 
    from
        user_roles roles0_ 
    where
        roles0_.user_id=?
Hibernate: 
    select
        roles0_.user_id as user_id1_11_0_,
        roles0_.roles as roles2_11_0_ 
    from
        user_roles roles0_ 
    where
        roles0_.user_id=?
Hibernate: 
    select
        roles0_.user_id as user_id1_11_0_,
        roles0_.roles as roles2_11_0_ 
    from
        user_roles roles0_ 
    where
        roles0_.user_id=?
Hibernate: 
    select
        roles0_.user_id as user_id1_11_0_,
        roles0_.roles as roles2_11_0_ 
    from
        user_roles roles0_ 
    where
        roles0_.user_id=?
Hibernate: 
    select
        roles0_.user_id as user_id1_11_0_,
        roles0_.roles as roles2_11_0_ 
    from
        user_roles roles0_ 
    where
        roles0_.user_id=?
Hibernate: 
    insert 
    into
        story_pin_like
        (created_at, updated_at, story_pin_id, user_id) 
    values
        (?, ?, ?, ?)
Hibernate: 
    insert 
    into
        story_pin_comment
        (created_at, updated_at, content, story_pin_id, user_id) 
    values
        (?, ?, ?, ?, ?)
Hibernate: 
    select
        user0_.id as id1_10_,
        user0_.created_at as created_2_10_,
        user0_.updated_at as updated_3_10_,
        user0_.age as age4_10_,
        user0_.background_image as backgrou5_10_,
        user0_.email as email6_10_,
        user0_.gender as gender7_10_,
        user0_.hobby as hobby8_10_,
        user0_.introduce as introduc9_10_,
        user0_.job as job10_10_,
        user0_.name as name11_10_,
        user0_.nick_name as nick_na12_10_,
        user0_.phone_num as phone_n13_10_,
        user0_.profile_image as profile14_10_,
        user0_.res_red_number as res_red15_10_,
        user0_.score as score16_10_ 
    from
        user user0_
Hibernate: 
    select
        roles0_.user_id as user_id1_11_0_,
        roles0_.roles as roles2_11_0_ 
    from
        user_roles roles0_ 
    where
        roles0_.user_id=?
Hibernate: 
    select
        roles0_.user_id as user_id1_11_0_,
        roles0_.roles as roles2_11_0_ 
    from
        user_roles roles0_ 
    where
        roles0_.user_id=?
Hibernate: 
    select
        roles0_.user_id as user_id1_11_0_,
        roles0_.roles as roles2_11_0_ 
    from
        user_roles roles0_ 
    where
        roles0_.user_id=?
Hibernate: 
    select
        roles0_.user_id as user_id1_11_0_,
        roles0_.roles as roles2_11_0_ 
    from
        user_roles roles0_ 
    where
        roles0_.user_id=?
Hibernate: 
    select
        roles0_.user_id as user_id1_11_0_,
        roles0_.roles as roles2_11_0_ 
    from
        user_roles roles0_ 
    where
        roles0_.user_id=?
Hibernate: 
    select
        user0_.id as id1_10_,
        user0_.created_at as created_2_10_,
        user0_.updated_at as updated_3_10_,
        user0_.age as age4_10_,
        user0_.background_image as backgrou5_10_,
        user0_.email as email6_10_,
        user0_.gender as gender7_10_,
        user0_.hobby as hobby8_10_,
        user0_.introduce as introduc9_10_,
        user0_.job as job10_10_,
        user0_.name as name11_10_,
        user0_.nick_name as nick_na12_10_,
        user0_.phone_num as phone_n13_10_,
        user0_.profile_image as profile14_10_,
        user0_.res_red_number as res_red15_10_,
        user0_.score as score16_10_ 
    from
        user user0_
Hibernate: 
    select
        roles0_.user_id as user_id1_11_0_,
        roles0_.roles as roles2_11_0_ 
    from
        user_roles roles0_ 
    where
        roles0_.user_id=?
Hibernate: 
    select
        roles0_.user_id as user_id1_11_0_,
        roles0_.roles as roles2_11_0_ 
    from
        user_roles roles0_ 
    where
        roles0_.user_id=?
Hibernate: 
    select
        roles0_.user_id as user_id1_11_0_,
        roles0_.roles as roles2_11_0_ 
    from
        user_roles roles0_ 
    where
        roles0_.user_id=?
Hibernate: 
    select
        roles0_.user_id as user_id1_11_0_,
        roles0_.roles as roles2_11_0_ 
    from
        user_roles roles0_ 
    where
        roles0_.user_id=?
Hibernate: 
    select
        roles0_.user_id as user_id1_11_0_,
        roles0_.roles as roles2_11_0_ 
    from
        user_roles roles0_ 
    where
        roles0_.user_id=?
Hibernate: 
    insert 
    into
        story_pin_like
        (created_at, updated_at, story_pin_id, user_id) 
    values
        (?, ?, ?, ?)
Hibernate: 
    insert 
    into
        story_pin_comment
        (created_at, updated_at, content, story_pin_id, user_id) 
    values
        (?, ?, ?, ?, ?)
Hibernate: 
    select
        user0_.id as id1_10_,
        user0_.created_at as created_2_10_,
        user0_.updated_at as updated_3_10_,
        user0_.age as age4_10_,
        user0_.background_image as backgrou5_10_,
        user0_.email as email6_10_,
        user0_.gender as gender7_10_,
        user0_.hobby as hobby8_10_,
        user0_.introduce as introduc9_10_,
        user0_.job as job10_10_,
        user0_.name as name11_10_,
        user0_.nick_name as nick_na12_10_,
        user0_.phone_num as phone_n13_10_,
        user0_.profile_image as profile14_10_,
        user0_.res_red_number as res_red15_10_,
        user0_.score as score16_10_ 
    from
        user user0_
Hibernate: 
    select
        roles0_.user_id as user_id1_11_0_,
        roles0_.roles as roles2_11_0_ 
    from
        user_roles roles0_ 
    where
        roles0_.user_id=?
Hibernate: 
    select
        roles0_.user_id as user_id1_11_0_,
        roles0_.roles as roles2_11_0_ 
    from
        user_roles roles0_ 
    where
        roles0_.user_id=?
Hibernate: 
    select
        roles0_.user_id as user_id1_11_0_,
        roles0_.roles as roles2_11_0_ 
    from
        user_roles roles0_ 
    where
        roles0_.user_id=?
Hibernate: 
    select
        roles0_.user_id as user_id1_11_0_,
        roles0_.roles as roles2_11_0_ 
    from
        user_roles roles0_ 
    where
        roles0_.user_id=?
Hibernate: 
    select
        roles0_.user_id as user_id1_11_0_,
        roles0_.roles as roles2_11_0_ 
    from
        user_roles roles0_ 
    where
        roles0_.user_id=?
Hibernate: 
    select
        user0_.id as id1_10_,
        user0_.created_at as created_2_10_,
        user0_.updated_at as updated_3_10_,
        user0_.age as age4_10_,
        user0_.background_image as backgrou5_10_,
        user0_.email as email6_10_,
        user0_.gender as gender7_10_,
        user0_.hobby as hobby8_10_,
        user0_.introduce as introduc9_10_,
        user0_.job as job10_10_,
        user0_.name as name11_10_,
        user0_.nick_name as nick_na12_10_,
        user0_.phone_num as phone_n13_10_,
        user0_.profile_image as profile14_10_,
        user0_.res_red_number as res_red15_10_,
        user0_.score as score16_10_ 
    from
        user user0_
Hibernate: 
    select
        roles0_.user_id as user_id1_11_0_,
        roles0_.roles as roles2_11_0_ 
    from
        user_roles roles0_ 
    where
        roles0_.user_id=?
Hibernate: 
    select
        roles0_.user_id as user_id1_11_0_,
        roles0_.roles as roles2_11_0_ 
    from
        user_roles roles0_ 
    where
        roles0_.user_id=?
Hibernate: 
    select
        roles0_.user_id as user_id1_11_0_,
        roles0_.roles as roles2_11_0_ 
    from
        user_roles roles0_ 
    where
        roles0_.user_id=?
Hibernate: 
    select
        roles0_.user_id as user_id1_11_0_,
        roles0_.roles as roles2_11_0_ 
    from
        user_roles roles0_ 
    where
        roles0_.user_id=?
Hibernate: 
    select
        roles0_.user_id as user_id1_11_0_,
        roles0_.roles as roles2_11_0_ 
    from
        user_roles roles0_ 
    where
        roles0_.user_id=?
Hibernate: 
    insert 
    into
        story_pin_like
        (created_at, updated_at, story_pin_id, user_id) 
    values
        (?, ?, ?, ?)
Hibernate: 
    insert 
    into
        story_pin_comment
        (created_at, updated_at, content, story_pin_id, user_id) 
    values
        (?, ?, ?, ?, ?)
Hibernate: 
    select
        user0_.id as id1_10_,
        user0_.created_at as created_2_10_,
        user0_.updated_at as updated_3_10_,
        user0_.age as age4_10_,
        user0_.background_image as backgrou5_10_,
        user0_.email as email6_10_,
        user0_.gender as gender7_10_,
        user0_.hobby as hobby8_10_,
        user0_.introduce as introduc9_10_,
        user0_.job as job10_10_,
        user0_.name as name11_10_,
        user0_.nick_name as nick_na12_10_,
        user0_.phone_num as phone_n13_10_,
        user0_.profile_image as profile14_10_,
        user0_.res_red_number as res_red15_10_,
        user0_.score as score16_10_ 
    from
        user user0_
Hibernate: 
    select
        roles0_.user_id as user_id1_11_0_,
        roles0_.roles as roles2_11_0_ 
    from
        user_roles roles0_ 
    where
        roles0_.user_id=?
Hibernate: 
    select
        roles0_.user_id as user_id1_11_0_,
        roles0_.roles as roles2_11_0_ 
    from
        user_roles roles0_ 
    where
        roles0_.user_id=?
Hibernate: 
    select
        roles0_.user_id as user_id1_11_0_,
        roles0_.roles as roles2_11_0_ 
    from
        user_roles roles0_ 
    where
        roles0_.user_id=?
Hibernate: 
    select
        roles0_.user_id as user_id1_11_0_,
        roles0_.roles as roles2_11_0_ 
    from
        user_roles roles0_ 
    where
        roles0_.user_id=?
Hibernate: 
    select
        roles0_.user_id as user_id1_11_0_,
        roles0_.roles as roles2_11_0_ 
    from
        user_roles roles0_ 
    where
        roles0_.user_id=?
Hibernate: 
    select
        user0_.id as id1_10_,
        user0_.created_at as created_2_10_,
        user0_.updated_at as updated_3_10_,
        user0_.age as age4_10_,
        user0_.background_image as backgrou5_10_,
        user0_.email as email6_10_,
        user0_.gender as gender7_10_,
        user0_.hobby as hobby8_10_,
        user0_.introduce as introduc9_10_,
        user0_.job as job10_10_,
        user0_.name as name11_10_,
        user0_.nick_name as nick_na12_10_,
        user0_.phone_num as phone_n13_10_,
        user0_.profile_image as profile14_10_,
        user0_.res_red_number as res_red15_10_,
        user0_.score as score16_10_ 
    from
        user user0_
Hibernate: 
    select
        roles0_.user_id as user_id1_11_0_,
        roles0_.roles as roles2_11_0_ 
    from
        user_roles roles0_ 
    where
        roles0_.user_id=?
Hibernate: 
    select
        roles0_.user_id as user_id1_11_0_,
        roles0_.roles as roles2_11_0_ 
    from
        user_roles roles0_ 
    where
        roles0_.user_id=?
Hibernate: 
    select
        roles0_.user_id as user_id1_11_0_,
        roles0_.roles as roles2_11_0_ 
    from
        user_roles roles0_ 
    where
        roles0_.user_id=?
Hibernate: 
    select
        roles0_.user_id as user_id1_11_0_,
        roles0_.roles as roles2_11_0_ 
    from
        user_roles roles0_ 
    where
        roles0_.user_id=?
Hibernate: 
    select
        roles0_.user_id as user_id1_11_0_,
        roles0_.roles as roles2_11_0_ 
    from
        user_roles roles0_ 
    where
        roles0_.user_id=?
Hibernate: 
    insert 
    into
        story_pin_like
        (created_at, updated_at, story_pin_id, user_id) 
    values
        (?, ?, ?, ?)
Hibernate: 
    insert 
    into
        story_pin_comment
        (created_at, updated_at, content, story_pin_id, user_id) 
    values
        (?, ?, ?, ?, ?)
Hibernate: 
    select
        user0_.id as id1_10_,
        user0_.created_at as created_2_10_,
        user0_.updated_at as updated_3_10_,
        user0_.age as age4_10_,
        user0_.background_image as backgrou5_10_,
        user0_.email as email6_10_,
        user0_.gender as gender7_10_,
        user0_.hobby as hobby8_10_,
        user0_.introduce as introduc9_10_,
        user0_.job as job10_10_,
        user0_.name as name11_10_,
        user0_.nick_name as nick_na12_10_,
        user0_.phone_num as phone_n13_10_,
        user0_.profile_image as profile14_10_,
        user0_.res_red_number as res_red15_10_,
        user0_.score as score16_10_ 
    from
        user user0_
Hibernate: 
    select
        roles0_.user_id as user_id1_11_0_,
        roles0_.roles as roles2_11_0_ 
    from
        user_roles roles0_ 
    where
        roles0_.user_id=?
Hibernate: 
    select
        roles0_.user_id as user_id1_11_0_,
        roles0_.roles as roles2_11_0_ 
    from
        user_roles roles0_ 
    where
        roles0_.user_id=?
Hibernate: 
    select
        roles0_.user_id as user_id1_11_0_,
        roles0_.roles as roles2_11_0_ 
    from
        user_roles roles0_ 
    where
        roles0_.user_id=?
Hibernate: 
    select
        roles0_.user_id as user_id1_11_0_,
        roles0_.roles as roles2_11_0_ 
    from
        user_roles roles0_ 
    where
        roles0_.user_id=?
Hibernate: 
    select
        roles0_.user_id as user_id1_11_0_,
        roles0_.roles as roles2_11_0_ 
    from
        user_roles roles0_ 
    where
        roles0_.user_id=?
Hibernate: 
    select
        user0_.id as id1_10_,
        user0_.created_at as created_2_10_,
        user0_.updated_at as updated_3_10_,
        user0_.age as age4_10_,
        user0_.background_image as backgrou5_10_,
        user0_.email as email6_10_,
        user0_.gender as gender7_10_,
        user0_.hobby as hobby8_10_,
        user0_.introduce as introduc9_10_,
        user0_.job as job10_10_,
        user0_.name as name11_10_,
        user0_.nick_name as nick_na12_10_,
        user0_.phone_num as phone_n13_10_,
        user0_.profile_image as profile14_10_,
        user0_.res_red_number as res_red15_10_,
        user0_.score as score16_10_ 
    from
        user user0_
Hibernate: 
    select
        roles0_.user_id as user_id1_11_0_,
        roles0_.roles as roles2_11_0_ 
    from
        user_roles roles0_ 
    where
        roles0_.user_id=?
Hibernate: 
    select
        roles0_.user_id as user_id1_11_0_,
        roles0_.roles as roles2_11_0_ 
    from
        user_roles roles0_ 
    where
        roles0_.user_id=?
Hibernate: 
    select
        roles0_.user_id as user_id1_11_0_,
        roles0_.roles as roles2_11_0_ 
    from
        user_roles roles0_ 
    where
        roles0_.user_id=?
Hibernate: 
    select
        roles0_.user_id as user_id1_11_0_,
        roles0_.roles as roles2_11_0_ 
    from
        user_roles roles0_ 
    where
        roles0_.user_id=?
Hibernate: 
    select
        roles0_.user_id as user_id1_11_0_,
        roles0_.roles as roles2_11_0_ 
    from
        user_roles roles0_ 
    where
        roles0_.user_id=?
Hibernate: 
    insert 
    into
        story_pin_like
        (created_at, updated_at, story_pin_id, user_id) 
    values
        (?, ?, ?, ?)
Hibernate: 
    insert 
    into
        story_pin_comment
        (created_at, updated_at, content, story_pin_id, user_id) 
    values
        (?, ?, ?, ?, ?)
Hibernate: 
    select
        user0_.id as id1_10_,
        user0_.created_at as created_2_10_,
        user0_.updated_at as updated_3_10_,
        user0_.age as age4_10_,
        user0_.background_image as backgrou5_10_,
        user0_.email as email6_10_,
        user0_.gender as gender7_10_,
        user0_.hobby as hobby8_10_,
        user0_.introduce as introduc9_10_,
        user0_.job as job10_10_,
        user0_.name as name11_10_,
        user0_.nick_name as nick_na12_10_,
        user0_.phone_num as phone_n13_10_,
        user0_.profile_image as profile14_10_,
        user0_.res_red_number as res_red15_10_,
        user0_.score as score16_10_ 
    from
        user user0_
Hibernate: 
    select
        roles0_.user_id as user_id1_11_0_,
        roles0_.roles as roles2_11_0_ 
    from
        user_roles roles0_ 
    where
        roles0_.user_id=?
Hibernate: 
    select
        roles0_.user_id as user_id1_11_0_,
        roles0_.roles as roles2_11_0_ 
    from
        user_roles roles0_ 
    where
        roles0_.user_id=?
Hibernate: 
    select
        roles0_.user_id as user_id1_11_0_,
        roles0_.roles as roles2_11_0_ 
    from
        user_roles roles0_ 
    where
        roles0_.user_id=?
Hibernate: 
    select
        roles0_.user_id as user_id1_11_0_,
        roles0_.roles as roles2_11_0_ 
    from
        user_roles roles0_ 
    where
        roles0_.user_id=?
Hibernate: 
    select
        roles0_.user_id as user_id1_11_0_,
        roles0_.roles as roles2_11_0_ 
    from
        user_roles roles0_ 
    where
        roles0_.user_id=?
Hibernate: 
    select
        user0_.id as id1_10_,
        user0_.created_at as created_2_10_,
        user0_.updated_at as updated_3_10_,
        user0_.age as age4_10_,
        user0_.background_image as backgrou5_10_,
        user0_.email as email6_10_,
        user0_.gender as gender7_10_,
        user0_.hobby as hobby8_10_,
        user0_.introduce as introduc9_10_,
        user0_.job as job10_10_,
        user0_.name as name11_10_,
        user0_.nick_name as nick_na12_10_,
        user0_.phone_num as phone_n13_10_,
        user0_.profile_image as profile14_10_,
        user0_.res_red_number as res_red15_10_,
        user0_.score as score16_10_ 
    from
        user user0_
Hibernate: 
    select
        roles0_.user_id as user_id1_11_0_,
        roles0_.roles as roles2_11_0_ 
    from
        user_roles roles0_ 
    where
        roles0_.user_id=?
Hibernate: 
    select
        roles0_.user_id as user_id1_11_0_,
        roles0_.roles as roles2_11_0_ 
    from
        user_roles roles0_ 
    where
        roles0_.user_id=?
Hibernate: 
    select
        roles0_.user_id as user_id1_11_0_,
        roles0_.roles as roles2_11_0_ 
    from
        user_roles roles0_ 
    where
        roles0_.user_id=?
Hibernate: 
    select
        roles0_.user_id as user_id1_11_0_,
        roles0_.roles as roles2_11_0_ 
    from
        user_roles roles0_ 
    where
        roles0_.user_id=?
Hibernate: 
    select
        roles0_.user_id as user_id1_11_0_,
        roles0_.roles as roles2_11_0_ 
    from
        user_roles roles0_ 
    where
        roles0_.user_id=?
Hibernate: 
    insert 
    into
        story_pin_like
        (created_at, updated_at, story_pin_id, user_id) 
    values
        (?, ?, ?, ?)
Hibernate: 
    insert 
    into
        story_pin_comment
        (created_at, updated_at, content, story_pin_id, user_id) 
    values
        (?, ?, ?, ?, ?)
Hibernate: 
    select
        user0_.id as id1_10_,
        user0_.created_at as created_2_10_,
        user0_.updated_at as updated_3_10_,
        user0_.age as age4_10_,
        user0_.background_image as backgrou5_10_,
        user0_.email as email6_10_,
        user0_.gender as gender7_10_,
        user0_.hobby as hobby8_10_,
        user0_.introduce as introduc9_10_,
        user0_.job as job10_10_,
        user0_.name as name11_10_,
        user0_.nick_name as nick_na12_10_,
        user0_.phone_num as phone_n13_10_,
        user0_.profile_image as profile14_10_,
        user0_.res_red_number as res_red15_10_,
        user0_.score as score16_10_ 
    from
        user user0_
Hibernate: 
    select
        roles0_.user_id as user_id1_11_0_,
        roles0_.roles as roles2_11_0_ 
    from
        user_roles roles0_ 
    where
        roles0_.user_id=?
Hibernate: 
    select
        roles0_.user_id as user_id1_11_0_,
        roles0_.roles as roles2_11_0_ 
    from
        user_roles roles0_ 
    where
        roles0_.user_id=?
Hibernate: 
    select
        roles0_.user_id as user_id1_11_0_,
        roles0_.roles as roles2_11_0_ 
    from
        user_roles roles0_ 
    where
        roles0_.user_id=?
Hibernate: 
    select
        roles0_.user_id as user_id1_11_0_,
        roles0_.roles as roles2_11_0_ 
    from
        user_roles roles0_ 
    where
        roles0_.user_id=?
Hibernate: 
    select
        roles0_.user_id as user_id1_11_0_,
        roles0_.roles as roles2_11_0_ 
    from
        user_roles roles0_ 
    where
        roles0_.user_id=?
Hibernate: 
    select
        user0_.id as id1_10_,
        user0_.created_at as created_2_10_,
        user0_.updated_at as updated_3_10_,
        user0_.age as age4_10_,
        user0_.background_image as backgrou5_10_,
        user0_.email as email6_10_,
        user0_.gender as gender7_10_,
        user0_.hobby as hobby8_10_,
        user0_.introduce as introduc9_10_,
        user0_.job as job10_10_,
        user0_.name as name11_10_,
        user0_.nick_name as nick_na12_10_,
        user0_.phone_num as phone_n13_10_,
        user0_.profile_image as profile14_10_,
        user0_.res_red_number as res_red15_10_,
        user0_.score as score16_10_ 
    from
        user user0_
Hibernate: 
    select
        roles0_.user_id as user_id1_11_0_,
        roles0_.roles as roles2_11_0_ 
    from
        user_roles roles0_ 
    where
        roles0_.user_id=?
Hibernate: 
    select
        roles0_.user_id as user_id1_11_0_,
        roles0_.roles as roles2_11_0_ 
    from
        user_roles roles0_ 
    where
        roles0_.user_id=?
Hibernate: 
    select
        roles0_.user_id as user_id1_11_0_,
        roles0_.roles as roles2_11_0_ 
    from
        user_roles roles0_ 
    where
        roles0_.user_id=?
Hibernate: 
    select
        roles0_.user_id as user_id1_11_0_,
        roles0_.roles as roles2_11_0_ 
    from
        user_roles roles0_ 
    where
        roles0_.user_id=?
Hibernate: 
    select
        roles0_.user_id as user_id1_11_0_,
        roles0_.roles as roles2_11_0_ 
    from
        user_roles roles0_ 
    where
        roles0_.user_id=?
Hibernate: 
    insert 
    into
        story_pin_like
        (created_at, updated_at, story_pin_id, user_id) 
    values
        (?, ?, ?, ?)
Hibernate: 
    insert 
    into
        story_pin_comment
        (created_at, updated_at, content, story_pin_id, user_id) 
    values
        (?, ?, ?, ?, ?)
Hibernate: 
    select
        user0_.id as id1_10_,
        user0_.created_at as created_2_10_,
        user0_.updated_at as updated_3_10_,
        user0_.age as age4_10_,
        user0_.background_image as backgrou5_10_,
        user0_.email as email6_10_,
        user0_.gender as gender7_10_,
        user0_.hobby as hobby8_10_,
        user0_.introduce as introduc9_10_,
        user0_.job as job10_10_,
        user0_.name as name11_10_,
        user0_.nick_name as nick_na12_10_,
        user0_.phone_num as phone_n13_10_,
        user0_.profile_image as profile14_10_,
        user0_.res_red_number as res_red15_10_,
        user0_.score as score16_10_ 
    from
        user user0_
Hibernate: 
    select
        roles0_.user_id as user_id1_11_0_,
        roles0_.roles as roles2_11_0_ 
    from
        user_roles roles0_ 
    where
        roles0_.user_id=?
Hibernate: 
    select
        roles0_.user_id as user_id1_11_0_,
        roles0_.roles as roles2_11_0_ 
    from
        user_roles roles0_ 
    where
        roles0_.user_id=?
Hibernate: 
    select
        roles0_.user_id as user_id1_11_0_,
        roles0_.roles as roles2_11_0_ 
    from
        user_roles roles0_ 
    where
        roles0_.user_id=?
Hibernate: 
    select
        roles0_.user_id as user_id1_11_0_,
        roles0_.roles as roles2_11_0_ 
    from
        user_roles roles0_ 
    where
        roles0_.user_id=?
Hibernate: 
    select
        roles0_.user_id as user_id1_11_0_,
        roles0_.roles as roles2_11_0_ 
    from
        user_roles roles0_ 
    where
        roles0_.user_id=?
Hibernate: 
    select
        user0_.id as id1_10_,
        user0_.created_at as created_2_10_,
        user0_.updated_at as updated_3_10_,
        user0_.age as age4_10_,
        user0_.background_image as backgrou5_10_,
        user0_.email as email6_10_,
        user0_.gender as gender7_10_,
        user0_.hobby as hobby8_10_,
        user0_.introduce as introduc9_10_,
        user0_.job as job10_10_,
        user0_.name as name11_10_,
        user0_.nick_name as nick_na12_10_,
        user0_.phone_num as phone_n13_10_,
        user0_.profile_image as profile14_10_,
        user0_.res_red_number as res_red15_10_,
        user0_.score as score16_10_ 
    from
        user user0_
Hibernate: 
    select
        roles0_.user_id as user_id1_11_0_,
        roles0_.roles as roles2_11_0_ 
    from
        user_roles roles0_ 
    where
        roles0_.user_id=?
Hibernate: 
    select
        roles0_.user_id as user_id1_11_0_,
        roles0_.roles as roles2_11_0_ 
    from
        user_roles roles0_ 
    where
        roles0_.user_id=?
Hibernate: 
    select
        roles0_.user_id as user_id1_11_0_,
        roles0_.roles as roles2_11_0_ 
    from
        user_roles roles0_ 
    where
        roles0_.user_id=?
Hibernate: 
    select
        roles0_.user_id as user_id1_11_0_,
        roles0_.roles as roles2_11_0_ 
    from
        user_roles roles0_ 
    where
        roles0_.user_id=?
Hibernate: 
    select
        roles0_.user_id as user_id1_11_0_,
        roles0_.roles as roles2_11_0_ 
    from
        user_roles roles0_ 
    where
        roles0_.user_id=?
Hibernate: 
    insert 
    into
        story_pin_like
        (created_at, updated_at, story_pin_id, user_id) 
    values
        (?, ?, ?, ?)
Hibernate: 
    insert 
    into
        story_pin_comment
        (created_at, updated_at, content, story_pin_id, user_id) 
    values
        (?, ?, ?, ?, ?)
Hibernate: 
    select
        user0_.id as id1_10_,
        user0_.created_at as created_2_10_,
        user0_.updated_at as updated_3_10_,
        user0_.age as age4_10_,
        user0_.background_image as backgrou5_10_,
        user0_.email as email6_10_,
        user0_.gender as gender7_10_,
        user0_.hobby as hobby8_10_,
        user0_.introduce as introduc9_10_,
        user0_.job as job10_10_,
        user0_.name as name11_10_,
        user0_.nick_name as nick_na12_10_,
        user0_.phone_num as phone_n13_10_,
        user0_.profile_image as profile14_10_,
        user0_.res_red_number as res_red15_10_,
        user0_.score as score16_10_ 
    from
        user user0_
Hibernate: 
    select
        roles0_.user_id as user_id1_11_0_,
        roles0_.roles as roles2_11_0_ 
    from
        user_roles roles0_ 
    where
        roles0_.user_id=?
Hibernate: 
    select
        roles0_.user_id as user_id1_11_0_,
        roles0_.roles as roles2_11_0_ 
    from
        user_roles roles0_ 
    where
        roles0_.user_id=?
Hibernate: 
    select
        roles0_.user_id as user_id1_11_0_,
        roles0_.roles as roles2_11_0_ 
    from
        user_roles roles0_ 
    where
        roles0_.user_id=?
Hibernate: 
    select
        roles0_.user_id as user_id1_11_0_,
        roles0_.roles as roles2_11_0_ 
    from
        user_roles roles0_ 
    where
        roles0_.user_id=?
Hibernate: 
    select
        roles0_.user_id as user_id1_11_0_,
        roles0_.roles as roles2_11_0_ 
    from
        user_roles roles0_ 
    where
        roles0_.user_id=?
Hibernate: 
    select
        user0_.id as id1_10_,
        user0_.created_at as created_2_10_,
        user0_.updated_at as updated_3_10_,
        user0_.age as age4_10_,
        user0_.background_image as backgrou5_10_,
        user0_.email as email6_10_,
        user0_.gender as gender7_10_,
        user0_.hobby as hobby8_10_,
        user0_.introduce as introduc9_10_,
        user0_.job as job10_10_,
        user0_.name as name11_10_,
        user0_.nick_name as nick_na12_10_,
        user0_.phone_num as phone_n13_10_,
        user0_.profile_image as profile14_10_,
        user0_.res_red_number as res_red15_10_,
        user0_.score as score16_10_ 
    from
        user user0_
Hibernate: 
    select
        roles0_.user_id as user_id1_11_0_,
        roles0_.roles as roles2_11_0_ 
    from
        user_roles roles0_ 
    where
        roles0_.user_id=?
Hibernate: 
    select
        roles0_.user_id as user_id1_11_0_,
        roles0_.roles as roles2_11_0_ 
    from
        user_roles roles0_ 
    where
        roles0_.user_id=?
Hibernate: 
    select
        roles0_.user_id as user_id1_11_0_,
        roles0_.roles as roles2_11_0_ 
    from
        user_roles roles0_ 
    where
        roles0_.user_id=?
Hibernate: 
    select
        roles0_.user_id as user_id1_11_0_,
        roles0_.roles as roles2_11_0_ 
    from
        user_roles roles0_ 
    where
        roles0_.user_id=?
Hibernate: 
    select
        roles0_.user_id as user_id1_11_0_,
        roles0_.roles as roles2_11_0_ 
    from
        user_roles roles0_ 
    where
        roles0_.user_id=?
Hibernate: 
    insert 
    into
        story_pin_like
        (created_at, updated_at, story_pin_id, user_id) 
    values
        (?, ?, ?, ?)
Hibernate: 
    insert 
    into
        story_pin_comment
        (created_at, updated_at, content, story_pin_id, user_id) 
    values
        (?, ?, ?, ?, ?)
Hibernate: 
    select
        user0_.id as id1_10_,
        user0_.created_at as created_2_10_,
        user0_.updated_at as updated_3_10_,
        user0_.age as age4_10_,
        user0_.background_image as backgrou5_10_,
        user0_.email as email6_10_,
        user0_.gender as gender7_10_,
        user0_.hobby as hobby8_10_,
        user0_.introduce as introduc9_10_,
        user0_.job as job10_10_,
        user0_.name as name11_10_,
        user0_.nick_name as nick_na12_10_,
        user0_.phone_num as phone_n13_10_,
        user0_.profile_image as profile14_10_,
        user0_.res_red_number as res_red15_10_,
        user0_.score as score16_10_ 
    from
        user user0_
Hibernate: 
    select
        roles0_.user_id as user_id1_11_0_,
        roles0_.roles as roles2_11_0_ 
    from
        user_roles roles0_ 
    where
        roles0_.user_id=?
Hibernate: 
    select
        roles0_.user_id as user_id1_11_0_,
        roles0_.roles as roles2_11_0_ 
    from
        user_roles roles0_ 
    where
        roles0_.user_id=?
Hibernate: 
    select
        roles0_.user_id as user_id1_11_0_,
        roles0_.roles as roles2_11_0_ 
    from
        user_roles roles0_ 
    where
        roles0_.user_id=?
Hibernate: 
    select
        roles0_.user_id as user_id1_11_0_,
        roles0_.roles as roles2_11_0_ 
    from
        user_roles roles0_ 
    where
        roles0_.user_id=?
Hibernate: 
    select
        roles0_.user_id as user_id1_11_0_,
        roles0_.roles as roles2_11_0_ 
    from
        user_roles roles0_ 
    where
        roles0_.user_id=?
Hibernate: 
    select
        user0_.id as id1_10_,
        user0_.created_at as created_2_10_,
        user0_.updated_at as updated_3_10_,
        user0_.age as age4_10_,
        user0_.background_image as backgrou5_10_,
        user0_.email as email6_10_,
        user0_.gender as gender7_10_,
        user0_.hobby as hobby8_10_,
        user0_.introduce as introduc9_10_,
        user0_.job as job10_10_,
        user0_.name as name11_10_,
        user0_.nick_name as nick_na12_10_,
        user0_.phone_num as phone_n13_10_,
        user0_.profile_image as profile14_10_,
        user0_.res_red_number as res_red15_10_,
        user0_.score as score16_10_ 
    from
        user user0_
Hibernate: 
    select
        roles0_.user_id as user_id1_11_0_,
        roles0_.roles as roles2_11_0_ 
    from
        user_roles roles0_ 
    where
        roles0_.user_id=?
Hibernate: 
    select
        roles0_.user_id as user_id1_11_0_,
        roles0_.roles as roles2_11_0_ 
    from
        user_roles roles0_ 
    where
        roles0_.user_id=?
Hibernate: 
    select
        roles0_.user_id as user_id1_11_0_,
        roles0_.roles as roles2_11_0_ 
    from
        user_roles roles0_ 
    where
        roles0_.user_id=?
Hibernate: 
    select
        roles0_.user_id as user_id1_11_0_,
        roles0_.roles as roles2_11_0_ 
    from
        user_roles roles0_ 
    where
        roles0_.user_id=?
Hibernate: 
    select
        roles0_.user_id as user_id1_11_0_,
        roles0_.roles as roles2_11_0_ 
    from
        user_roles roles0_ 
    where
        roles0_.user_id=?
Hibernate: 
    insert 
    into
        story_pin_like
        (created_at, updated_at, story_pin_id, user_id) 
    values
        (?, ?, ?, ?)
Hibernate: 
    insert 
    into
        story_pin_comment
        (created_at, updated_at, content, story_pin_id, user_id) 
    values
        (?, ?, ?, ?, ?)
Hibernate: 
    select
        user0_.id as id1_10_,
        user0_.created_at as created_2_10_,
        user0_.updated_at as updated_3_10_,
        user0_.age as age4_10_,
        user0_.background_image as backgrou5_10_,
        user0_.email as email6_10_,
        user0_.gender as gender7_10_,
        user0_.hobby as hobby8_10_,
        user0_.introduce as introduc9_10_,
        user0_.job as job10_10_,
        user0_.name as name11_10_,
        user0_.nick_name as nick_na12_10_,
        user0_.phone_num as phone_n13_10_,
        user0_.profile_image as profile14_10_,
        user0_.res_red_number as res_red15_10_,
        user0_.score as score16_10_ 
    from
        user user0_
Hibernate: 
    select
        roles0_.user_id as user_id1_11_0_,
        roles0_.roles as roles2_11_0_ 
    from
        user_roles roles0_ 
    where
        roles0_.user_id=?
Hibernate: 
    select
        roles0_.user_id as user_id1_11_0_,
        roles0_.roles as roles2_11_0_ 
    from
        user_roles roles0_ 
    where
        roles0_.user_id=?
Hibernate: 
    select
        roles0_.user_id as user_id1_11_0_,
        roles0_.roles as roles2_11_0_ 
    from
        user_roles roles0_ 
    where
        roles0_.user_id=?
Hibernate: 
    select
        roles0_.user_id as user_id1_11_0_,
        roles0_.roles as roles2_11_0_ 
    from
        user_roles roles0_ 
    where
        roles0_.user_id=?
Hibernate: 
    select
        roles0_.user_id as user_id1_11_0_,
        roles0_.roles as roles2_11_0_ 
    from
        user_roles roles0_ 
    where
        roles0_.user_id=?
Hibernate: 
    select
        user0_.id as id1_10_,
        user0_.created_at as created_2_10_,
        user0_.updated_at as updated_3_10_,
        user0_.age as age4_10_,
        user0_.background_image as backgrou5_10_,
        user0_.email as email6_10_,
        user0_.gender as gender7_10_,
        user0_.hobby as hobby8_10_,
        user0_.introduce as introduc9_10_,
        user0_.job as job10_10_,
        user0_.name as name11_10_,
        user0_.nick_name as nick_na12_10_,
        user0_.phone_num as phone_n13_10_,
        user0_.profile_image as profile14_10_,
        user0_.res_red_number as res_red15_10_,
        user0_.score as score16_10_ 
    from
        user user0_
Hibernate: 
    select
        roles0_.user_id as user_id1_11_0_,
        roles0_.roles as roles2_11_0_ 
    from
        user_roles roles0_ 
    where
        roles0_.user_id=?
Hibernate: 
    select
        roles0_.user_id as user_id1_11_0_,
        roles0_.roles as roles2_11_0_ 
    from
        user_roles roles0_ 
    where
        roles0_.user_id=?
Hibernate: 
    select
        roles0_.user_id as user_id1_11_0_,
        roles0_.roles as roles2_11_0_ 
    from
        user_roles roles0_ 
    where
        roles0_.user_id=?
Hibernate: 
    select
        roles0_.user_id as user_id1_11_0_,
        roles0_.roles as roles2_11_0_ 
    from
        user_roles roles0_ 
    where
        roles0_.user_id=?
Hibernate: 
    select
        roles0_.user_id as user_id1_11_0_,
        roles0_.roles as roles2_11_0_ 
    from
        user_roles roles0_ 
    where
        roles0_.user_id=?
Hibernate: 
    insert 
    into
        story_pin_like
        (created_at, updated_at, story_pin_id, user_id) 
    values
        (?, ?, ?, ?)
Hibernate: 
    insert 
    into
        story_pin_comment
        (created_at, updated_at, content, story_pin_id, user_id) 
    values
        (?, ?, ?, ?, ?)
Hibernate: 
    select
        user0_.id as id1_10_,
        user0_.created_at as created_2_10_,
        user0_.updated_at as updated_3_10_,
        user0_.age as age4_10_,
        user0_.background_image as backgrou5_10_,
        user0_.email as email6_10_,
        user0_.gender as gender7_10_,
        user0_.hobby as hobby8_10_,
        user0_.introduce as introduc9_10_,
        user0_.job as job10_10_,
        user0_.name as name11_10_,
        user0_.nick_name as nick_na12_10_,
        user0_.phone_num as phone_n13_10_,
        user0_.profile_image as profile14_10_,
        user0_.res_red_number as res_red15_10_,
        user0_.score as score16_10_ 
    from
        user user0_
Hibernate: 
    select
        roles0_.user_id as user_id1_11_0_,
        roles0_.roles as roles2_11_0_ 
    from
        user_roles roles0_ 
    where
        roles0_.user_id=?
Hibernate: 
    select
        roles0_.user_id as user_id1_11_0_,
        roles0_.roles as roles2_11_0_ 
    from
        user_roles roles0_ 
    where
        roles0_.user_id=?
Hibernate: 
    select
        roles0_.user_id as user_id1_11_0_,
        roles0_.roles as roles2_11_0_ 
    from
        user_roles roles0_ 
    where
        roles0_.user_id=?
Hibernate: 
    select
        roles0_.user_id as user_id1_11_0_,
        roles0_.roles as roles2_11_0_ 
    from
        user_roles roles0_ 
    where
        roles0_.user_id=?
Hibernate: 
    select
        roles0_.user_id as user_id1_11_0_,
        roles0_.roles as roles2_11_0_ 
    from
        user_roles roles0_ 
    where
        roles0_.user_id=?
Hibernate: 
    select
        user0_.id as id1_10_,
        user0_.created_at as created_2_10_,
        user0_.updated_at as updated_3_10_,
        user0_.age as age4_10_,
        user0_.background_image as backgrou5_10_,
        user0_.email as email6_10_,
        user0_.gender as gender7_10_,
        user0_.hobby as hobby8_10_,
        user0_.introduce as introduc9_10_,
        user0_.job as job10_10_,
        user0_.name as name11_10_,
        user0_.nick_name as nick_na12_10_,
        user0_.phone_num as phone_n13_10_,
        user0_.profile_image as profile14_10_,
        user0_.res_red_number as res_red15_10_,
        user0_.score as score16_10_ 
    from
        user user0_
Hibernate: 
    select
        roles0_.user_id as user_id1_11_0_,
        roles0_.roles as roles2_11_0_ 
    from
        user_roles roles0_ 
    where
        roles0_.user_id=?
Hibernate: 
    select
        roles0_.user_id as user_id1_11_0_,
        roles0_.roles as roles2_11_0_ 
    from
        user_roles roles0_ 
    where
        roles0_.user_id=?
Hibernate: 
    select
        roles0_.user_id as user_id1_11_0_,
        roles0_.roles as roles2_11_0_ 
    from
        user_roles roles0_ 
    where
        roles0_.user_id=?
Hibernate: 
    select
        roles0_.user_id as user_id1_11_0_,
        roles0_.roles as roles2_11_0_ 
    from
        user_roles roles0_ 
    where
        roles0_.user_id=?
Hibernate: 
    select
        roles0_.user_id as user_id1_11_0_,
        roles0_.roles as roles2_11_0_ 
    from
        user_roles roles0_ 
    where
        roles0_.user_id=?
Hibernate: 
    insert 
    into
        story_pin_like
        (created_at, updated_at, story_pin_id, user_id) 
    values
        (?, ?, ?, ?)
Hibernate: 
    insert 
    into
        story_pin_comment
        (created_at, updated_at, content, story_pin_id, user_id) 
    values
        (?, ?, ?, ?, ?)
Hibernate: 
    select
        user0_.id as id1_10_,
        user0_.created_at as created_2_10_,
        user0_.updated_at as updated_3_10_,
        user0_.age as age4_10_,
        user0_.background_image as backgrou5_10_,
        user0_.email as email6_10_,
        user0_.gender as gender7_10_,
        user0_.hobby as hobby8_10_,
        user0_.introduce as introduc9_10_,
        user0_.job as job10_10_,
        user0_.name as name11_10_,
        user0_.nick_name as nick_na12_10_,
        user0_.phone_num as phone_n13_10_,
        user0_.profile_image as profile14_10_,
        user0_.res_red_number as res_red15_10_,
        user0_.score as score16_10_ 
    from
        user user0_
Hibernate: 
    select
        roles0_.user_id as user_id1_11_0_,
        roles0_.roles as roles2_11_0_ 
    from
        user_roles roles0_ 
    where
        roles0_.user_id=?
Hibernate: 
    select
        roles0_.user_id as user_id1_11_0_,
        roles0_.roles as roles2_11_0_ 
    from
        user_roles roles0_ 
    where
        roles0_.user_id=?
Hibernate: 
    select
        roles0_.user_id as user_id1_11_0_,
        roles0_.roles as roles2_11_0_ 
    from
        user_roles roles0_ 
    where
        roles0_.user_id=?
Hibernate: 
    select
        roles0_.user_id as user_id1_11_0_,
        roles0_.roles as roles2_11_0_ 
    from
        user_roles roles0_ 
    where
        roles0_.user_id=?
Hibernate: 
    select
        roles0_.user_id as user_id1_11_0_,
        roles0_.roles as roles2_11_0_ 
    from
        user_roles roles0_ 
    where
        roles0_.user_id=?
Hibernate: 
    select
        user0_.id as id1_10_,
        user0_.created_at as created_2_10_,
        user0_.updated_at as updated_3_10_,
        user0_.age as age4_10_,
        user0_.background_image as backgrou5_10_,
        user0_.email as email6_10_,
        user0_.gender as gender7_10_,
        user0_.hobby as hobby8_10_,
        user0_.introduce as introduc9_10_,
        user0_.job as job10_10_,
        user0_.name as name11_10_,
        user0_.nick_name as nick_na12_10_,
        user0_.phone_num as phone_n13_10_,
        user0_.profile_image as profile14_10_,
        user0_.res_red_number as res_red15_10_,
        user0_.score as score16_10_ 
    from
        user user0_
Hibernate: 
    select
        roles0_.user_id as user_id1_11_0_,
        roles0_.roles as roles2_11_0_ 
    from
        user_roles roles0_ 
    where
        roles0_.user_id=?
Hibernate: 
    select
        roles0_.user_id as user_id1_11_0_,
        roles0_.roles as roles2_11_0_ 
    from
        user_roles roles0_ 
    where
        roles0_.user_id=?
Hibernate: 
    select
        roles0_.user_id as user_id1_11_0_,
        roles0_.roles as roles2_11_0_ 
    from
        user_roles roles0_ 
    where
        roles0_.user_id=?
Hibernate: 
    select
        roles0_.user_id as user_id1_11_0_,
        roles0_.roles as roles2_11_0_ 
    from
        user_roles roles0_ 
    where
        roles0_.user_id=?
Hibernate: 
    select
        roles0_.user_id as user_id1_11_0_,
        roles0_.roles as roles2_11_0_ 
    from
        user_roles roles0_ 
    where
        roles0_.user_id=?
Hibernate: 
    insert 
    into
        story_pin_like
        (created_at, updated_at, story_pin_id, user_id) 
    values
        (?, ?, ?, ?)
Hibernate: 
    insert 
    into
        story_pin_comment
        (created_at, updated_at, content, story_pin_id, user_id) 
    values
        (?, ?, ?, ?, ?)
Hibernate: 
    select
        user0_.id as id1_10_,
        user0_.created_at as created_2_10_,
        user0_.updated_at as updated_3_10_,
        user0_.age as age4_10_,
        user0_.background_image as backgrou5_10_,
        user0_.email as email6_10_,
        user0_.gender as gender7_10_,
        user0_.hobby as hobby8_10_,
        user0_.introduce as introduc9_10_,
        user0_.job as job10_10_,
        user0_.name as name11_10_,
        user0_.nick_name as nick_na12_10_,
        user0_.phone_num as phone_n13_10_,
        user0_.profile_image as profile14_10_,
        user0_.res_red_number as res_red15_10_,
        user0_.score as score16_10_ 
    from
        user user0_
Hibernate: 
    select
        roles0_.user_id as user_id1_11_0_,
        roles0_.roles as roles2_11_0_ 
    from
        user_roles roles0_ 
    where
        roles0_.user_id=?
Hibernate: 
    select
        roles0_.user_id as user_id1_11_0_,
        roles0_.roles as roles2_11_0_ 
    from
        user_roles roles0_ 
    where
        roles0_.user_id=?
Hibernate: 
    select
        roles0_.user_id as user_id1_11_0_,
        roles0_.roles as roles2_11_0_ 
    from
        user_roles roles0_ 
    where
        roles0_.user_id=?
Hibernate: 
    select
        roles0_.user_id as user_id1_11_0_,
        roles0_.roles as roles2_11_0_ 
    from
        user_roles roles0_ 
    where
        roles0_.user_id=?
Hibernate: 
    select
        roles0_.user_id as user_id1_11_0_,
        roles0_.roles as roles2_11_0_ 
    from
        user_roles roles0_ 
    where
        roles0_.user_id=?
Hibernate: 
    select
        user0_.id as id1_10_,
        user0_.created_at as created_2_10_,
        user0_.updated_at as updated_3_10_,
        user0_.age as age4_10_,
        user0_.background_image as backgrou5_10_,
        user0_.email as email6_10_,
        user0_.gender as gender7_10_,
        user0_.hobby as hobby8_10_,
        user0_.introduce as introduc9_10_,
        user0_.job as job10_10_,
        user0_.name as name11_10_,
        user0_.nick_name as nick_na12_10_,
        user0_.phone_num as phone_n13_10_,
        user0_.profile_image as profile14_10_,
        user0_.res_red_number as res_red15_10_,
        user0_.score as score16_10_ 
    from
        user user0_
Hibernate: 
    select
        roles0_.user_id as user_id1_11_0_,
        roles0_.roles as roles2_11_0_ 
    from
        user_roles roles0_ 
    where
        roles0_.user_id=?
Hibernate: 
    select
        roles0_.user_id as user_id1_11_0_,
        roles0_.roles as roles2_11_0_ 
    from
        user_roles roles0_ 
    where
        roles0_.user_id=?
Hibernate: 
    select
        roles0_.user_id as user_id1_11_0_,
        roles0_.roles as roles2_11_0_ 
    from
        user_roles roles0_ 
    where
        roles0_.user_id=?
Hibernate: 
    select
        roles0_.user_id as user_id1_11_0_,
        roles0_.roles as roles2_11_0_ 
    from
        user_roles roles0_ 
    where
        roles0_.user_id=?
Hibernate: 
    select
        roles0_.user_id as user_id1_11_0_,
        roles0_.roles as roles2_11_0_ 
    from
        user_roles roles0_ 
    where
        roles0_.user_id=?
Hibernate: 
    insert 
    into
        story_pin_like
        (created_at, updated_at, story_pin_id, user_id) 
    values
        (?, ?, ?, ?)
Hibernate: 
    insert 
    into
        story_pin_comment
        (created_at, updated_at, content, story_pin_id, user_id) 
    values
        (?, ?, ?, ?, ?)
Hibernate: 
    select
        user0_.id as id1_10_,
        user0_.created_at as created_2_10_,
        user0_.updated_at as updated_3_10_,
        user0_.age as age4_10_,
        user0_.background_image as backgrou5_10_,
        user0_.email as email6_10_,
        user0_.gender as gender7_10_,
        user0_.hobby as hobby8_10_,
        user0_.introduce as introduc9_10_,
        user0_.job as job10_10_,
        user0_.name as name11_10_,
        user0_.nick_name as nick_na12_10_,
        user0_.phone_num as phone_n13_10_,
        user0_.profile_image as profile14_10_,
        user0_.res_red_number as res_red15_10_,
        user0_.score as score16_10_ 
    from
        user user0_
Hibernate: 
    select
        roles0_.user_id as user_id1_11_0_,
        roles0_.roles as roles2_11_0_ 
    from
        user_roles roles0_ 
    where
        roles0_.user_id=?
Hibernate: 
    select
        roles0_.user_id as user_id1_11_0_,
        roles0_.roles as roles2_11_0_ 
    from
        user_roles roles0_ 
    where
        roles0_.user_id=?
Hibernate: 
    select
        roles0_.user_id as user_id1_11_0_,
        roles0_.roles as roles2_11_0_ 
    from
        user_roles roles0_ 
    where
        roles0_.user_id=?
Hibernate: 
    select
        roles0_.user_id as user_id1_11_0_,
        roles0_.roles as roles2_11_0_ 
    from
        user_roles roles0_ 
    where
        roles0_.user_id=?
Hibernate: 
    select
        roles0_.user_id as user_id1_11_0_,
        roles0_.roles as roles2_11_0_ 
    from
        user_roles roles0_ 
    where
        roles0_.user_id=?
Hibernate: 
    select
        user0_.id as id1_10_,
        user0_.created_at as created_2_10_,
        user0_.updated_at as updated_3_10_,
        user0_.age as age4_10_,
        user0_.background_image as backgrou5_10_,
        user0_.email as email6_10_,
        user0_.gender as gender7_10_,
        user0_.hobby as hobby8_10_,
        user0_.introduce as introduc9_10_,
        user0_.job as job10_10_,
        user0_.name as name11_10_,
        user0_.nick_name as nick_na12_10_,
        user0_.phone_num as phone_n13_10_,
        user0_.profile_image as profile14_10_,
        user0_.res_red_number as res_red15_10_,
        user0_.score as score16_10_ 
    from
        user user0_
Hibernate: 
    select
        roles0_.user_id as user_id1_11_0_,
        roles0_.roles as roles2_11_0_ 
    from
        user_roles roles0_ 
    where
        roles0_.user_id=?
Hibernate: 
    select
        roles0_.user_id as user_id1_11_0_,
        roles0_.roles as roles2_11_0_ 
    from
        user_roles roles0_ 
    where
        roles0_.user_id=?
Hibernate: 
    select
        roles0_.user_id as user_id1_11_0_,
        roles0_.roles as roles2_11_0_ 
    from
        user_roles roles0_ 
    where
        roles0_.user_id=?
Hibernate: 
    select
        roles0_.user_id as user_id1_11_0_,
        roles0_.roles as roles2_11_0_ 
    from
        user_roles roles0_ 
    where
        roles0_.user_id=?
Hibernate: 
    select
        roles0_.user_id as user_id1_11_0_,
        roles0_.roles as roles2_11_0_ 
    from
        user_roles roles0_ 
    where
        roles0_.user_id=?
Hibernate: 
    insert 
    into
        story_pin_like
        (created_at, updated_at, story_pin_id, user_id) 
    values
        (?, ?, ?, ?)
Hibernate: 
    insert 
    into
        story_pin_comment
        (created_at, updated_at, content, story_pin_id, user_id) 
    values
        (?, ?, ?, ?, ?)
Hibernate: 
    select
        user0_.id as id1_10_,
        user0_.created_at as created_2_10_,
        user0_.updated_at as updated_3_10_,
        user0_.age as age4_10_,
        user0_.background_image as backgrou5_10_,
        user0_.email as email6_10_,
        user0_.gender as gender7_10_,
        user0_.hobby as hobby8_10_,
        user0_.introduce as introduc9_10_,
        user0_.job as job10_10_,
        user0_.name as name11_10_,
        user0_.nick_name as nick_na12_10_,
        user0_.phone_num as phone_n13_10_,
        user0_.profile_image as profile14_10_,
        user0_.res_red_number as res_red15_10_,
        user0_.score as score16_10_ 
    from
        user user0_
Hibernate: 
    select
        roles0_.user_id as user_id1_11_0_,
        roles0_.roles as roles2_11_0_ 
    from
        user_roles roles0_ 
    where
        roles0_.user_id=?
Hibernate: 
    select
        roles0_.user_id as user_id1_11_0_,
        roles0_.roles as roles2_11_0_ 
    from
        user_roles roles0_ 
    where
        roles0_.user_id=?
Hibernate: 
    select
        roles0_.user_id as user_id1_11_0_,
        roles0_.roles as roles2_11_0_ 
    from
        user_roles roles0_ 
    where
        roles0_.user_id=?
Hibernate: 
    select
        roles0_.user_id as user_id1_11_0_,
        roles0_.roles as roles2_11_0_ 
    from
        user_roles roles0_ 
    where
        roles0_.user_id=?
Hibernate: 
    select
        roles0_.user_id as user_id1_11_0_,
        roles0_.roles as roles2_11_0_ 
    from
        user_roles roles0_ 
    where
        roles0_.user_id=?
Hibernate: 
    select
        user0_.id as id1_10_,
        user0_.created_at as created_2_10_,
        user0_.updated_at as updated_3_10_,
        user0_.age as age4_10_,
        user0_.background_image as backgrou5_10_,
        user0_.email as email6_10_,
        user0_.gender as gender7_10_,
        user0_.hobby as hobby8_10_,
        user0_.introduce as introduc9_10_,
        user0_.job as job10_10_,
        user0_.name as name11_10_,
        user0_.nick_name as nick_na12_10_,
        user0_.phone_num as phone_n13_10_,
        user0_.profile_image as profile14_10_,
        user0_.res_red_number as res_red15_10_,
        user0_.score as score16_10_ 
    from
        user user0_
Hibernate: 
    select
        roles0_.user_id as user_id1_11_0_,
        roles0_.roles as roles2_11_0_ 
    from
        user_roles roles0_ 
    where
        roles0_.user_id=?
Hibernate: 
    select
        roles0_.user_id as user_id1_11_0_,
        roles0_.roles as roles2_11_0_ 
    from
        user_roles roles0_ 
    where
        roles0_.user_id=?
Hibernate: 
    select
        roles0_.user_id as user_id1_11_0_,
        roles0_.roles as roles2_11_0_ 
    from
        user_roles roles0_ 
    where
        roles0_.user_id=?
Hibernate: 
    select
        roles0_.user_id as user_id1_11_0_,
        roles0_.roles as roles2_11_0_ 
    from
        user_roles roles0_ 
    where
        roles0_.user_id=?
Hibernate: 
    select
        roles0_.user_id as user_id1_11_0_,
        roles0_.roles as roles2_11_0_ 
    from
        user_roles roles0_ 
    where
        roles0_.user_id=?
Hibernate: 
    insert 
    into
        story_pin_like
        (created_at, updated_at, story_pin_id, user_id) 
    values
        (?, ?, ?, ?)
Hibernate: 
    insert 
    into
        story_pin_comment
        (created_at, updated_at, content, story_pin_id, user_id) 
    values
        (?, ?, ?, ?, ?)
Hibernate: 
    select
        user0_.id as id1_10_,
        user0_.created_at as created_2_10_,
        user0_.updated_at as updated_3_10_,
        user0_.age as age4_10_,
        user0_.background_image as backgrou5_10_,
        user0_.email as email6_10_,
        user0_.gender as gender7_10_,
        user0_.hobby as hobby8_10_,
        user0_.introduce as introduc9_10_,
        user0_.job as job10_10_,
        user0_.name as name11_10_,
        user0_.nick_name as nick_na12_10_,
        user0_.phone_num as phone_n13_10_,
        user0_.profile_image as profile14_10_,
        user0_.res_red_number as res_red15_10_,
        user0_.score as score16_10_ 
    from
        user user0_
Hibernate: 
    select
        roles0_.user_id as user_id1_11_0_,
        roles0_.roles as roles2_11_0_ 
    from
        user_roles roles0_ 
    where
        roles0_.user_id=?
Hibernate: 
    select
        roles0_.user_id as user_id1_11_0_,
        roles0_.roles as roles2_11_0_ 
    from
        user_roles roles0_ 
    where
        roles0_.user_id=?
Hibernate: 
    select
        roles0_.user_id as user_id1_11_0_,
        roles0_.roles as roles2_11_0_ 
    from
        user_roles roles0_ 
    where
        roles0_.user_id=?
Hibernate: 
    select
        roles0_.user_id as user_id1_11_0_,
        roles0_.roles as roles2_11_0_ 
    from
        user_roles roles0_ 
    where
        roles0_.user_id=?
Hibernate: 
    select
        roles0_.user_id as user_id1_11_0_,
        roles0_.roles as roles2_11_0_ 
    from
        user_roles roles0_ 
    where
        roles0_.user_id=?
Hibernate: 
    select
        user0_.id as id1_10_,
        user0_.created_at as created_2_10_,
        user0_.updated_at as updated_3_10_,
        user0_.age as age4_10_,
        user0_.background_image as backgrou5_10_,
        user0_.email as email6_10_,
        user0_.gender as gender7_10_,
        user0_.hobby as hobby8_10_,
        user0_.introduce as introduc9_10_,
        user0_.job as job10_10_,
        user0_.name as name11_10_,
        user0_.nick_name as nick_na12_10_,
        user0_.phone_num as phone_n13_10_,
        user0_.profile_image as profile14_10_,
        user0_.res_red_number as res_red15_10_,
        user0_.score as score16_10_ 
    from
        user user0_
Hibernate: 
    select
        roles0_.user_id as user_id1_11_0_,
        roles0_.roles as roles2_11_0_ 
    from
        user_roles roles0_ 
    where
        roles0_.user_id=?
Hibernate: 
    select
        roles0_.user_id as user_id1_11_0_,
        roles0_.roles as roles2_11_0_ 
    from
        user_roles roles0_ 
    where
        roles0_.user_id=?
Hibernate: 
    select
        roles0_.user_id as user_id1_11_0_,
        roles0_.roles as roles2_11_0_ 
    from
        user_roles roles0_ 
    where
        roles0_.user_id=?
Hibernate: 
    select
        roles0_.user_id as user_id1_11_0_,
        roles0_.roles as roles2_11_0_ 
    from
        user_roles roles0_ 
    where
        roles0_.user_id=?
Hibernate: 
    select
        roles0_.user_id as user_id1_11_0_,
        roles0_.roles as roles2_11_0_ 
    from
        user_roles roles0_ 
    where
        roles0_.user_id=?
Hibernate: 
    insert 
    into
        story_pin_like
        (created_at, updated_at, story_pin_id, user_id) 
    values
        (?, ?, ?, ?)
Hibernate: 
    insert 
    into
        story_pin_comment
        (created_at, updated_at, content, story_pin_id, user_id) 
    values
        (?, ?, ?, ?, ?)
Hibernate: 
    select
        user0_.id as id1_10_,
        user0_.created_at as created_2_10_,
        user0_.updated_at as updated_3_10_,
        user0_.age as age4_10_,
        user0_.background_image as backgrou5_10_,
        user0_.email as email6_10_,
        user0_.gender as gender7_10_,
        user0_.hobby as hobby8_10_,
        user0_.introduce as introduc9_10_,
        user0_.job as job10_10_,
        user0_.name as name11_10_,
        user0_.nick_name as nick_na12_10_,
        user0_.phone_num as phone_n13_10_,
        user0_.profile_image as profile14_10_,
        user0_.res_red_number as res_red15_10_,
        user0_.score as score16_10_ 
    from
        user user0_
Hibernate: 
    select
        roles0_.user_id as user_id1_11_0_,
        roles0_.roles as roles2_11_0_ 
    from
        user_roles roles0_ 
    where
        roles0_.user_id=?
Hibernate: 
    select
        roles0_.user_id as user_id1_11_0_,
        roles0_.roles as roles2_11_0_ 
    from
        user_roles roles0_ 
    where
        roles0_.user_id=?
Hibernate: 
    select
        roles0_.user_id as user_id1_11_0_,
        roles0_.roles as roles2_11_0_ 
    from
        user_roles roles0_ 
    where
        roles0_.user_id=?
Hibernate: 
    select
        roles0_.user_id as user_id1_11_0_,
        roles0_.roles as roles2_11_0_ 
    from
        user_roles roles0_ 
    where
        roles0_.user_id=?
Hibernate: 
    select
        roles0_.user_id as user_id1_11_0_,
        roles0_.roles as roles2_11_0_ 
    from
        user_roles roles0_ 
    where
        roles0_.user_id=?
Hibernate: 
    select
        user0_.id as id1_10_,
        user0_.created_at as created_2_10_,
        user0_.updated_at as updated_3_10_,
        user0_.age as age4_10_,
        user0_.background_image as backgrou5_10_,
        user0_.email as email6_10_,
        user0_.gender as gender7_10_,
        user0_.hobby as hobby8_10_,
        user0_.introduce as introduc9_10_,
        user0_.job as job10_10_,
        user0_.name as name11_10_,
        user0_.nick_name as nick_na12_10_,
        user0_.phone_num as phone_n13_10_,
        user0_.profile_image as profile14_10_,
        user0_.res_red_number as res_red15_10_,
        user0_.score as score16_10_ 
    from
        user user0_
Hibernate: 
    select
        roles0_.user_id as user_id1_11_0_,
        roles0_.roles as roles2_11_0_ 
    from
        user_roles roles0_ 
    where
        roles0_.user_id=?
Hibernate: 
    select
        roles0_.user_id as user_id1_11_0_,
        roles0_.roles as roles2_11_0_ 
    from
        user_roles roles0_ 
    where
        roles0_.user_id=?
Hibernate: 
    select
        roles0_.user_id as user_id1_11_0_,
        roles0_.roles as roles2_11_0_ 
    from
        user_roles roles0_ 
    where
        roles0_.user_id=?
Hibernate: 
    select
        roles0_.user_id as user_id1_11_0_,
        roles0_.roles as roles2_11_0_ 
    from
        user_roles roles0_ 
    where
        roles0_.user_id=?
Hibernate: 
    select
        roles0_.user_id as user_id1_11_0_,
        roles0_.roles as roles2_11_0_ 
    from
        user_roles roles0_ 
    where
        roles0_.user_id=?
Hibernate: 
    insert 
    into
        story_pin_like
        (created_at, updated_at, story_pin_id, user_id) 
    values
        (?, ?, ?, ?)
Hibernate: 
    insert 
    into
        story_pin_comment
        (created_at, updated_at, content, story_pin_id, user_id) 
    values
        (?, ?, ?, ?, ?)
Hibernate: 
    select
        user0_.id as id1_10_,
        user0_.created_at as created_2_10_,
        user0_.updated_at as updated_3_10_,
        user0_.age as age4_10_,
        user0_.background_image as backgrou5_10_,
        user0_.email as email6_10_,
        user0_.gender as gender7_10_,
        user0_.hobby as hobby8_10_,
        user0_.introduce as introduc9_10_,
        user0_.job as job10_10_,
        user0_.name as name11_10_,
        user0_.nick_name as nick_na12_10_,
        user0_.phone_num as phone_n13_10_,
        user0_.profile_image as profile14_10_,
        user0_.res_red_number as res_red15_10_,
        user0_.score as score16_10_ 
    from
        user user0_
Hibernate: 
    select
        roles0_.user_id as user_id1_11_0_,
        roles0_.roles as roles2_11_0_ 
    from
        user_roles roles0_ 
    where
        roles0_.user_id=?
Hibernate: 
    select
        roles0_.user_id as user_id1_11_0_,
        roles0_.roles as roles2_11_0_ 
    from
        user_roles roles0_ 
    where
        roles0_.user_id=?
Hibernate: 
    select
        roles0_.user_id as user_id1_11_0_,
        roles0_.roles as roles2_11_0_ 
    from
        user_roles roles0_ 
    where
        roles0_.user_id=?
Hibernate: 
    select
        roles0_.user_id as user_id1_11_0_,
        roles0_.roles as roles2_11_0_ 
    from
        user_roles roles0_ 
    where
        roles0_.user_id=?
Hibernate: 
    select
        roles0_.user_id as user_id1_11_0_,
        roles0_.roles as roles2_11_0_ 
    from
        user_roles roles0_ 
    where
        roles0_.user_id=?
Hibernate: 
    select
        user0_.id as id1_10_,
        user0_.created_at as created_2_10_,
        user0_.updated_at as updated_3_10_,
        user0_.age as age4_10_,
        user0_.background_image as backgrou5_10_,
        user0_.email as email6_10_,
        user0_.gender as gender7_10_,
        user0_.hobby as hobby8_10_,
        user0_.introduce as introduc9_10_,
        user0_.job as job10_10_,
        user0_.name as name11_10_,
        user0_.nick_name as nick_na12_10_,
        user0_.phone_num as phone_n13_10_,
        user0_.profile_image as profile14_10_,
        user0_.res_red_number as res_red15_10_,
        user0_.score as score16_10_ 
    from
        user user0_
Hibernate: 
    select
        roles0_.user_id as user_id1_11_0_,
        roles0_.roles as roles2_11_0_ 
    from
        user_roles roles0_ 
    where
        roles0_.user_id=?
Hibernate: 
    select
        roles0_.user_id as user_id1_11_0_,
        roles0_.roles as roles2_11_0_ 
    from
        user_roles roles0_ 
    where
        roles0_.user_id=?
Hibernate: 
    select
        roles0_.user_id as user_id1_11_0_,
        roles0_.roles as roles2_11_0_ 
    from
        user_roles roles0_ 
    where
        roles0_.user_id=?
Hibernate: 
    select
        roles0_.user_id as user_id1_11_0_,
        roles0_.roles as roles2_11_0_ 
    from
        user_roles roles0_ 
    where
        roles0_.user_id=?
Hibernate: 
    select
        roles0_.user_id as user_id1_11_0_,
        roles0_.roles as roles2_11_0_ 
    from
        user_roles roles0_ 
    where
        roles0_.user_id=?
Hibernate: 
    insert 
    into
        story_pin_like
        (created_at, updated_at, story_pin_id, user_id) 
    values
        (?, ?, ?, ?)
Hibernate: 
    insert 
    into
        story_pin_comment
        (created_at, updated_at, content, story_pin_id, user_id) 
    values
        (?, ?, ?, ?, ?)
Hibernate: 
    select
        user0_.id as id1_10_,
        user0_.created_at as created_2_10_,
        user0_.updated_at as updated_3_10_,
        user0_.age as age4_10_,
        user0_.background_image as backgrou5_10_,
        user0_.email as email6_10_,
        user0_.gender as gender7_10_,
        user0_.hobby as hobby8_10_,
        user0_.introduce as introduc9_10_,
        user0_.job as job10_10_,
        user0_.name as name11_10_,
        user0_.nick_name as nick_na12_10_,
        user0_.phone_num as phone_n13_10_,
        user0_.profile_image as profile14_10_,
        user0_.res_red_number as res_red15_10_,
        user0_.score as score16_10_ 
    from
        user user0_
Hibernate: 
    select
        roles0_.user_id as user_id1_11_0_,
        roles0_.roles as roles2_11_0_ 
    from
        user_roles roles0_ 
    where
        roles0_.user_id=?
Hibernate: 
    select
        roles0_.user_id as user_id1_11_0_,
        roles0_.roles as roles2_11_0_ 
    from
        user_roles roles0_ 
    where
        roles0_.user_id=?
Hibernate: 
    select
        roles0_.user_id as user_id1_11_0_,
        roles0_.roles as roles2_11_0_ 
    from
        user_roles roles0_ 
    where
        roles0_.user_id=?
Hibernate: 
    select
        roles0_.user_id as user_id1_11_0_,
        roles0_.roles as roles2_11_0_ 
    from
        user_roles roles0_ 
    where
        roles0_.user_id=?
Hibernate: 
    select
        roles0_.user_id as user_id1_11_0_,
        roles0_.roles as roles2_11_0_ 
    from
        user_roles roles0_ 
    where
        roles0_.user_id=?
Hibernate: 
    select
        user0_.id as id1_10_,
        user0_.created_at as created_2_10_,
        user0_.updated_at as updated_3_10_,
        user0_.age as age4_10_,
        user0_.background_image as backgrou5_10_,
        user0_.email as email6_10_,
        user0_.gender as gender7_10_,
        user0_.hobby as hobby8_10_,
        user0_.introduce as introduc9_10_,
        user0_.job as job10_10_,
        user0_.name as name11_10_,
        user0_.nick_name as nick_na12_10_,
        user0_.phone_num as phone_n13_10_,
        user0_.profile_image as profile14_10_,
        user0_.res_red_number as res_red15_10_,
        user0_.score as score16_10_ 
    from
        user user0_
Hibernate: 
    select
        roles0_.user_id as user_id1_11_0_,
        roles0_.roles as roles2_11_0_ 
    from
        user_roles roles0_ 
    where
        roles0_.user_id=?
Hibernate: 
    select
        roles0_.user_id as user_id1_11_0_,
        roles0_.roles as roles2_11_0_ 
    from
        user_roles roles0_ 
    where
        roles0_.user_id=?
Hibernate: 
    select
        roles0_.user_id as user_id1_11_0_,
        roles0_.roles as roles2_11_0_ 
    from
        user_roles roles0_ 
    where
        roles0_.user_id=?
Hibernate: 
    select
        roles0_.user_id as user_id1_11_0_,
        roles0_.roles as roles2_11_0_ 
    from
        user_roles roles0_ 
    where
        roles0_.user_id=?
Hibernate: 
    select
        roles0_.user_id as user_id1_11_0_,
        roles0_.roles as roles2_11_0_ 
    from
        user_roles roles0_ 
    where
        roles0_.user_id=?
Hibernate: 
    insert 
    into
        story_pin_like
        (created_at, updated_at, story_pin_id, user_id) 
    values
        (?, ?, ?, ?)
Hibernate: 
    insert 
    into
        story_pin_comment
        (created_at, updated_at, content, story_pin_id, user_id) 
    values
        (?, ?, ?, ?, ?)
Hibernate: 
    select
        user0_.id as id1_10_,
        user0_.created_at as created_2_10_,
        user0_.updated_at as updated_3_10_,
        user0_.age as age4_10_,
        user0_.background_image as backgrou5_10_,
        user0_.email as email6_10_,
        user0_.gender as gender7_10_,
        user0_.hobby as hobby8_10_,
        user0_.introduce as introduc9_10_,
        user0_.job as job10_10_,
        user0_.name as name11_10_,
        user0_.nick_name as nick_na12_10_,
        user0_.phone_num as phone_n13_10_,
        user0_.profile_image as profile14_10_,
        user0_.res_red_number as res_red15_10_,
        user0_.score as score16_10_ 
    from
        user user0_
Hibernate: 
    select
        roles0_.user_id as user_id1_11_0_,
        roles0_.roles as roles2_11_0_ 
    from
        user_roles roles0_ 
    where
        roles0_.user_id=?
Hibernate: 
    select
        roles0_.user_id as user_id1_11_0_,
        roles0_.roles as roles2_11_0_ 
    from
        user_roles roles0_ 
    where
        roles0_.user_id=?
Hibernate: 
    select
        roles0_.user_id as user_id1_11_0_,
        roles0_.roles as roles2_11_0_ 
    from
        user_roles roles0_ 
    where
        roles0_.user_id=?
Hibernate: 
    select
        roles0_.user_id as user_id1_11_0_,
        roles0_.roles as roles2_11_0_ 
    from
        user_roles roles0_ 
    where
        roles0_.user_id=?
Hibernate: 
    select
        roles0_.user_id as user_id1_11_0_,
        roles0_.roles as roles2_11_0_ 
    from
        user_roles roles0_ 
    where
        roles0_.user_id=?
Hibernate: 
    select
        user0_.id as id1_10_,
        user0_.created_at as created_2_10_,
        user0_.updated_at as updated_3_10_,
        user0_.age as age4_10_,
        user0_.background_image as backgrou5_10_,
        user0_.email as email6_10_,
        user0_.gender as gender7_10_,
        user0_.hobby as hobby8_10_,
        user0_.introduce as introduc9_10_,
        user0_.job as job10_10_,
        user0_.name as name11_10_,
        user0_.nick_name as nick_na12_10_,
        user0_.phone_num as phone_n13_10_,
        user0_.profile_image as profile14_10_,
        user0_.res_red_number as res_red15_10_,
        user0_.score as score16_10_ 
    from
        user user0_
Hibernate: 
    select
        roles0_.user_id as user_id1_11_0_,
        roles0_.roles as roles2_11_0_ 
    from
        user_roles roles0_ 
    where
        roles0_.user_id=?
Hibernate: 
    select
        roles0_.user_id as user_id1_11_0_,
        roles0_.roles as roles2_11_0_ 
    from
        user_roles roles0_ 
    where
        roles0_.user_id=?
Hibernate: 
    select
        roles0_.user_id as user_id1_11_0_,
        roles0_.roles as roles2_11_0_ 
    from
        user_roles roles0_ 
    where
        roles0_.user_id=?
Hibernate: 
    select
        roles0_.user_id as user_id1_11_0_,
        roles0_.roles as roles2_11_0_ 
    from
        user_roles roles0_ 
    where
        roles0_.user_id=?
Hibernate: 
    select
        roles0_.user_id as user_id1_11_0_,
        roles0_.roles as roles2_11_0_ 
    from
        user_roles roles0_ 
    where
        roles0_.user_id=?
Hibernate: 
    insert 
    into
        story_pin_like
        (created_at, updated_at, story_pin_id, user_id) 
    values
        (?, ?, ?, ?)
Hibernate: 
    insert 
    into
        story_pin_comment
        (created_at, updated_at, content, story_pin_id, user_id) 
    values
        (?, ?, ?, ?, ?)
Hibernate: 
    select
        user0_.id as id1_10_,
        user0_.created_at as created_2_10_,
        user0_.updated_at as updated_3_10_,
        user0_.age as age4_10_,
        user0_.background_image as backgrou5_10_,
        user0_.email as email6_10_,
        user0_.gender as gender7_10_,
        user0_.hobby as hobby8_10_,
        user0_.introduce as introduc9_10_,
        user0_.job as job10_10_,
        user0_.name as name11_10_,
        user0_.nick_name as nick_na12_10_,
        user0_.phone_num as phone_n13_10_,
        user0_.profile_image as profile14_10_,
        user0_.res_red_number as res_red15_10_,
        user0_.score as score16_10_ 
    from
        user user0_
Hibernate: 
    select
        roles0_.user_id as user_id1_11_0_,
        roles0_.roles as roles2_11_0_ 
    from
        user_roles roles0_ 
    where
        roles0_.user_id=?
Hibernate: 
    select
        roles0_.user_id as user_id1_11_0_,
        roles0_.roles as roles2_11_0_ 
    from
        user_roles roles0_ 
    where
        roles0_.user_id=?
Hibernate: 
    select
        roles0_.user_id as user_id1_11_0_,
        roles0_.roles as roles2_11_0_ 
    from
        user_roles roles0_ 
    where
        roles0_.user_id=?
Hibernate: 
    select
        roles0_.user_id as user_id1_11_0_,
        roles0_.roles as roles2_11_0_ 
    from
        user_roles roles0_ 
    where
        roles0_.user_id=?
Hibernate: 
    select
        roles0_.user_id as user_id1_11_0_,
        roles0_.roles as roles2_11_0_ 
    from
        user_roles roles0_ 
    where
        roles0_.user_id=?
Hibernate: 
    select
        user0_.id as id1_10_,
        user0_.created_at as created_2_10_,
        user0_.updated_at as updated_3_10_,
        user0_.age as age4_10_,
        user0_.background_image as backgrou5_10_,
        user0_.email as email6_10_,
        user0_.gender as gender7_10_,
        user0_.hobby as hobby8_10_,
        user0_.introduce as introduc9_10_,
        user0_.job as job10_10_,
        user0_.name as name11_10_,
        user0_.nick_name as nick_na12_10_,
        user0_.phone_num as phone_n13_10_,
        user0_.profile_image as profile14_10_,
        user0_.res_red_number as res_red15_10_,
        user0_.score as score16_10_ 
    from
        user user0_
Hibernate: 
    select
        roles0_.user_id as user_id1_11_0_,
        roles0_.roles as roles2_11_0_ 
    from
        user_roles roles0_ 
    where
        roles0_.user_id=?
Hibernate: 
    select
        roles0_.user_id as user_id1_11_0_,
        roles0_.roles as roles2_11_0_ 
    from
        user_roles roles0_ 
    where
        roles0_.user_id=?
Hibernate: 
    select
        roles0_.user_id as user_id1_11_0_,
        roles0_.roles as roles2_11_0_ 
    from
        user_roles roles0_ 
    where
        roles0_.user_id=?
Hibernate: 
    select
        roles0_.user_id as user_id1_11_0_,
        roles0_.roles as roles2_11_0_ 
    from
        user_roles roles0_ 
    where
        roles0_.user_id=?
Hibernate: 
    select
        roles0_.user_id as user_id1_11_0_,
        roles0_.roles as roles2_11_0_ 
    from
        user_roles roles0_ 
    where
        roles0_.user_id=?
Hibernate: 
    insert 
    into
        story_pin_like
        (created_at, updated_at, story_pin_id, user_id) 
    values
        (?, ?, ?, ?)
Hibernate: 
    insert 
    into
        story_pin_comment
        (created_at, updated_at, content, story_pin_id, user_id) 
    values
        (?, ?, ?, ?, ?)
Hibernate: 
    select
        user0_.id as id1_10_,
        user0_.created_at as created_2_10_,
        user0_.updated_at as updated_3_10_,
        user0_.age as age4_10_,
        user0_.background_image as backgrou5_10_,
        user0_.email as email6_10_,
        user0_.gender as gender7_10_,
        user0_.hobby as hobby8_10_,
        user0_.introduce as introduc9_10_,
        user0_.job as job10_10_,
        user0_.name as name11_10_,
        user0_.nick_name as nick_na12_10_,
        user0_.phone_num as phone_n13_10_,
        user0_.profile_image as profile14_10_,
        user0_.res_red_number as res_red15_10_,
        user0_.score as score16_10_ 
    from
        user user0_
Hibernate: 
    select
        roles0_.user_id as user_id1_11_0_,
        roles0_.roles as roles2_11_0_ 
    from
        user_roles roles0_ 
    where
        roles0_.user_id=?
Hibernate: 
    select
        roles0_.user_id as user_id1_11_0_,
        roles0_.roles as roles2_11_0_ 
    from
        user_roles roles0_ 
    where
        roles0_.user_id=?
Hibernate: 
    select
        roles0_.user_id as user_id1_11_0_,
        roles0_.roles as roles2_11_0_ 
    from
        user_roles roles0_ 
    where
        roles0_.user_id=?
Hibernate: 
    select
        roles0_.user_id as user_id1_11_0_,
        roles0_.roles as roles2_11_0_ 
    from
        user_roles roles0_ 
    where
        roles0_.user_id=?
Hibernate: 
    select
        roles0_.user_id as user_id1_11_0_,
        roles0_.roles as roles2_11_0_ 
    from
        user_roles roles0_ 
    where
        roles0_.user_id=?
Hibernate: 
    select
        user0_.id as id1_10_,
        user0_.created_at as created_2_10_,
        user0_.updated_at as updated_3_10_,
        user0_.age as age4_10_,
        user0_.background_image as backgrou5_10_,
        user0_.email as email6_10_,
        user0_.gender as gender7_10_,
        user0_.hobby as hobby8_10_,
        user0_.introduce as introduc9_10_,
        user0_.job as job10_10_,
        user0_.name as name11_10_,
        user0_.nick_name as nick_na12_10_,
        user0_.phone_num as phone_n13_10_,
        user0_.profile_image as profile14_10_,
        user0_.res_red_number as res_red15_10_,
        user0_.score as score16_10_ 
    from
        user user0_
Hibernate: 
    select
        roles0_.user_id as user_id1_11_0_,
        roles0_.roles as roles2_11_0_ 
    from
        user_roles roles0_ 
    where
        roles0_.user_id=?
Hibernate: 
    select
        roles0_.user_id as user_id1_11_0_,
        roles0_.roles as roles2_11_0_ 
    from
        user_roles roles0_ 
    where
        roles0_.user_id=?
Hibernate: 
    select
        roles0_.user_id as user_id1_11_0_,
        roles0_.roles as roles2_11_0_ 
    from
        user_roles roles0_ 
    where
        roles0_.user_id=?
Hibernate: 
    select
        roles0_.user_id as user_id1_11_0_,
        roles0_.roles as roles2_11_0_ 
    from
        user_roles roles0_ 
    where
        roles0_.user_id=?
Hibernate: 
    select
        roles0_.user_id as user_id1_11_0_,
        roles0_.roles as roles2_11_0_ 
    from
        user_roles roles0_ 
    where
        roles0_.user_id=?
Hibernate: 
    insert 
    into
        story_pin_like
        (created_at, updated_at, story_pin_id, user_id) 
    values
        (?, ?, ?, ?)
Hibernate: 
    insert 
    into
        story_pin_comment
        (created_at, updated_at, content, story_pin_id, user_id) 
    values
        (?, ?, ?, ?, ?)
Hibernate: 
    select
        user0_.id as id1_10_,
        user0_.created_at as created_2_10_,
        user0_.updated_at as updated_3_10_,
        user0_.age as age4_10_,
        user0_.background_image as backgrou5_10_,
        user0_.email as email6_10_,
        user0_.gender as gender7_10_,
        user0_.hobby as hobby8_10_,
        user0_.introduce as introduc9_10_,
        user0_.job as job10_10_,
        user0_.name as name11_10_,
        user0_.nick_name as nick_na12_10_,
        user0_.phone_num as phone_n13_10_,
        user0_.profile_image as profile14_10_,
        user0_.res_red_number as res_red15_10_,
        user0_.score as score16_10_ 
    from
        user user0_
Hibernate: 
    select
        roles0_.user_id as user_id1_11_0_,
        roles0_.roles as roles2_11_0_ 
    from
        user_roles roles0_ 
    where
        roles0_.user_id=?
Hibernate: 
    select
        roles0_.user_id as user_id1_11_0_,
        roles0_.roles as roles2_11_0_ 
    from
        user_roles roles0_ 
    where
        roles0_.user_id=?
Hibernate: 
    select
        roles0_.user_id as user_id1_11_0_,
        roles0_.roles as roles2_11_0_ 
    from
        user_roles roles0_ 
    where
        roles0_.user_id=?
Hibernate: 
    select
        roles0_.user_id as user_id1_11_0_,
        roles0_.roles as roles2_11_0_ 
    from
        user_roles roles0_ 
    where
        roles0_.user_id=?
Hibernate: 
    select
        roles0_.user_id as user_id1_11_0_,
        roles0_.roles as roles2_11_0_ 
    from
        user_roles roles0_ 
    where
        roles0_.user_id=?
Hibernate: 
    select
        user0_.id as id1_10_,
        user0_.created_at as created_2_10_,
        user0_.updated_at as updated_3_10_,
        user0_.age as age4_10_,
        user0_.background_image as backgrou5_10_,
        user0_.email as email6_10_,
        user0_.gender as gender7_10_,
        user0_.hobby as hobby8_10_,
        user0_.introduce as introduc9_10_,
        user0_.job as job10_10_,
        user0_.name as name11_10_,
        user0_.nick_name as nick_na12_10_,
        user0_.phone_num as phone_n13_10_,
        user0_.profile_image as profile14_10_,
        user0_.res_red_number as res_red15_10_,
        user0_.score as score16_10_ 
    from
        user user0_
Hibernate: 
    select
        roles0_.user_id as user_id1_11_0_,
        roles0_.roles as roles2_11_0_ 
    from
        user_roles roles0_ 
    where
        roles0_.user_id=?
Hibernate: 
    select
        roles0_.user_id as user_id1_11_0_,
        roles0_.roles as roles2_11_0_ 
    from
        user_roles roles0_ 
    where
        roles0_.user_id=?
Hibernate: 
    select
        roles0_.user_id as user_id1_11_0_,
        roles0_.roles as roles2_11_0_ 
    from
        user_roles roles0_ 
    where
        roles0_.user_id=?
Hibernate: 
    select
        roles0_.user_id as user_id1_11_0_,
        roles0_.roles as roles2_11_0_ 
    from
        user_roles roles0_ 
    where
        roles0_.user_id=?
Hibernate: 
    select
        roles0_.user_id as user_id1_11_0_,
        roles0_.roles as roles2_11_0_ 
    from
        user_roles roles0_ 
    where
        roles0_.user_id=?
Hibernate: 
    insert 
    into
        story_pin_like
        (created_at, updated_at, story_pin_id, user_id) 
    values
        (?, ?, ?, ?)
Hibernate: 
    insert 
    into
        story_pin_comment
        (created_at, updated_at, content, story_pin_id, user_id) 
    values
        (?, ?, ?, ?, ?)
Hibernate: 
    select
        user0_.id as id1_10_,
        user0_.created_at as created_2_10_,
        user0_.updated_at as updated_3_10_,
        user0_.age as age4_10_,
        user0_.background_image as backgrou5_10_,
        user0_.email as email6_10_,
        user0_.gender as gender7_10_,
        user0_.hobby as hobby8_10_,
        user0_.introduce as introduc9_10_,
        user0_.job as job10_10_,
        user0_.name as name11_10_,
        user0_.nick_name as nick_na12_10_,
        user0_.phone_num as phone_n13_10_,
        user0_.profile_image as profile14_10_,
        user0_.res_red_number as res_red15_10_,
        user0_.score as score16_10_ 
    from
        user user0_
Hibernate: 
    select
        roles0_.user_id as user_id1_11_0_,
        roles0_.roles as roles2_11_0_ 
    from
        user_roles roles0_ 
    where
        roles0_.user_id=?
Hibernate: 
    select
        roles0_.user_id as user_id1_11_0_,
        roles0_.roles as roles2_11_0_ 
    from
        user_roles roles0_ 
    where
        roles0_.user_id=?
Hibernate: 
    select
        roles0_.user_id as user_id1_11_0_,
        roles0_.roles as roles2_11_0_ 
    from
        user_roles roles0_ 
    where
        roles0_.user_id=?
Hibernate: 
    select
        roles0_.user_id as user_id1_11_0_,
        roles0_.roles as roles2_11_0_ 
    from
        user_roles roles0_ 
    where
        roles0_.user_id=?
Hibernate: 
    select
        roles0_.user_id as user_id1_11_0_,
        roles0_.roles as roles2_11_0_ 
    from
        user_roles roles0_ 
    where
        roles0_.user_id=?
Hibernate: 
    select
        user0_.id as id1_10_,
        user0_.created_at as created_2_10_,
        user0_.updated_at as updated_3_10_,
        user0_.age as age4_10_,
        user0_.background_image as backgrou5_10_,
        user0_.email as email6_10_,
        user0_.gender as gender7_10_,
        user0_.hobby as hobby8_10_,
        user0_.introduce as introduc9_10_,
        user0_.job as job10_10_,
        user0_.name as name11_10_,
        user0_.nick_name as nick_na12_10_,
        user0_.phone_num as phone_n13_10_,
        user0_.profile_image as profile14_10_,
        user0_.res_red_number as res_red15_10_,
        user0_.score as score16_10_ 
    from
        user user0_
Hibernate: 
    select
        roles0_.user_id as user_id1_11_0_,
        roles0_.roles as roles2_11_0_ 
    from
        user_roles roles0_ 
    where
        roles0_.user_id=?
Hibernate: 
    select
        roles0_.user_id as user_id1_11_0_,
        roles0_.roles as roles2_11_0_ 
    from
        user_roles roles0_ 
    where
        roles0_.user_id=?
Hibernate: 
    select
        roles0_.user_id as user_id1_11_0_,
        roles0_.roles as roles2_11_0_ 
    from
        user_roles roles0_ 
    where
        roles0_.user_id=?
Hibernate: 
    select
        roles0_.user_id as user_id1_11_0_,
        roles0_.roles as roles2_11_0_ 
    from
        user_roles roles0_ 
    where
        roles0_.user_id=?
Hibernate: 
    select
        roles0_.user_id as user_id1_11_0_,
        roles0_.roles as roles2_11_0_ 
    from
        user_roles roles0_ 
    where
        roles0_.user_id=?
Hibernate: 
    insert 
    into
        story_pin_like
        (created_at, updated_at, story_pin_id, user_id) 
    values
        (?, ?, ?, ?)
Hibernate: 
    insert 
    into
        story_pin_comment
        (created_at, updated_at, content, story_pin_id, user_id) 
    values
        (?, ?, ?, ?, ?)
Hibernate: 
    select
        user0_.id as id1_10_,
        user0_.created_at as created_2_10_,
        user0_.updated_at as updated_3_10_,
        user0_.age as age4_10_,
        user0_.background_image as backgrou5_10_,
        user0_.email as email6_10_,
        user0_.gender as gender7_10_,
        user0_.hobby as hobby8_10_,
        user0_.introduce as introduc9_10_,
        user0_.job as job10_10_,
        user0_.name as name11_10_,
        user0_.nick_name as nick_na12_10_,
        user0_.phone_num as phone_n13_10_,
        user0_.profile_image as profile14_10_,
        user0_.res_red_number as res_red15_10_,
        user0_.score as score16_10_ 
    from
        user user0_
Hibernate: 
    select
        roles0_.user_id as user_id1_11_0_,
        roles0_.roles as roles2_11_0_ 
    from
        user_roles roles0_ 
    where
        roles0_.user_id=?
Hibernate: 
    select
        roles0_.user_id as user_id1_11_0_,
        roles0_.roles as roles2_11_0_ 
    from
        user_roles roles0_ 
    where
        roles0_.user_id=?
Hibernate: 
    select
        roles0_.user_id as user_id1_11_0_,
        roles0_.roles as roles2_11_0_ 
    from
        user_roles roles0_ 
    where
        roles0_.user_id=?
Hibernate: 
    select
        roles0_.user_id as user_id1_11_0_,
        roles0_.roles as roles2_11_0_ 
    from
        user_roles roles0_ 
    where
        roles0_.user_id=?
Hibernate: 
    select
        roles0_.user_id as user_id1_11_0_,
        roles0_.roles as roles2_11_0_ 
    from
        user_roles roles0_ 
    where
        roles0_.user_id=?
Hibernate: 
    select
        user0_.id as id1_10_,
        user0_.created_at as created_2_10_,
        user0_.updated_at as updated_3_10_,
        user0_.age as age4_10_,
        user0_.background_image as backgrou5_10_,
        user0_.email as email6_10_,
        user0_.gender as gender7_10_,
        user0_.hobby as hobby8_10_,
        user0_.introduce as introduc9_10_,
        user0_.job as job10_10_,
        user0_.name as name11_10_,
        user0_.nick_name as nick_na12_10_,
        user0_.phone_num as phone_n13_10_,
        user0_.profile_image as profile14_10_,
        user0_.res_red_number as res_red15_10_,
        user0_.score as score16_10_ 
    from
        user user0_
Hibernate: 
    select
        roles0_.user_id as user_id1_11_0_,
        roles0_.roles as roles2_11_0_ 
    from
        user_roles roles0_ 
    where
        roles0_.user_id=?
Hibernate: 
    select
        roles0_.user_id as user_id1_11_0_,
        roles0_.roles as roles2_11_0_ 
    from
        user_roles roles0_ 
    where
        roles0_.user_id=?
Hibernate: 
    select
        roles0_.user_id as user_id1_11_0_,
        roles0_.roles as roles2_11_0_ 
    from
        user_roles roles0_ 
    where
        roles0_.user_id=?
Hibernate: 
    select
        roles0_.user_id as user_id1_11_0_,
        roles0_.roles as roles2_11_0_ 
    from
        user_roles roles0_ 
    where
        roles0_.user_id=?
Hibernate: 
    select
        roles0_.user_id as user_id1_11_0_,
        roles0_.roles as roles2_11_0_ 
    from
        user_roles roles0_ 
    where
        roles0_.user_id=?
Hibernate: 
    insert 
    into
        story_pin_like
        (created_at, updated_at, story_pin_id, user_id) 
    values
        (?, ?, ?, ?)
Hibernate: 
    insert 
    into
        story_pin_comment
        (created_at, updated_at, content, story_pin_id, user_id) 
    values
        (?, ?, ?, ?, ?)
Hibernate: 
    select
        user0_.id as id1_10_,
        user0_.created_at as created_2_10_,
        user0_.updated_at as updated_3_10_,
        user0_.age as age4_10_,
        user0_.background_image as backgrou5_10_,
        user0_.email as email6_10_,
        user0_.gender as gender7_10_,
        user0_.hobby as hobby8_10_,
        user0_.introduce as introduc9_10_,
        user0_.job as job10_10_,
        user0_.name as name11_10_,
        user0_.nick_name as nick_na12_10_,
        user0_.phone_num as phone_n13_10_,
        user0_.profile_image as profile14_10_,
        user0_.res_red_number as res_red15_10_,
        user0_.score as score16_10_ 
    from
        user user0_
Hibernate: 
    select
        roles0_.user_id as user_id1_11_0_,
        roles0_.roles as roles2_11_0_ 
    from
        user_roles roles0_ 
    where
        roles0_.user_id=?
Hibernate: 
    select
        roles0_.user_id as user_id1_11_0_,
        roles0_.roles as roles2_11_0_ 
    from
        user_roles roles0_ 
    where
        roles0_.user_id=?
Hibernate: 
    select
        roles0_.user_id as user_id1_11_0_,
        roles0_.roles as roles2_11_0_ 
    from
        user_roles roles0_ 
    where
        roles0_.user_id=?
Hibernate: 
    select
        roles0_.user_id as user_id1_11_0_,
        roles0_.roles as roles2_11_0_ 
    from
        user_roles roles0_ 
    where
        roles0_.user_id=?
Hibernate: 
    select
        roles0_.user_id as user_id1_11_0_,
        roles0_.roles as roles2_11_0_ 
    from
        user_roles roles0_ 
    where
        roles0_.user_id=?
Hibernate: 
    select
        user0_.id as id1_10_,
        user0_.created_at as created_2_10_,
        user0_.updated_at as updated_3_10_,
        user0_.age as age4_10_,
        user0_.background_image as backgrou5_10_,
        user0_.email as email6_10_,
        user0_.gender as gender7_10_,
        user0_.hobby as hobby8_10_,
        user0_.introduce as introduc9_10_,
        user0_.job as job10_10_,
        user0_.name as name11_10_,
        user0_.nick_name as nick_na12_10_,
        user0_.phone_num as phone_n13_10_,
        user0_.profile_image as profile14_10_,
        user0_.res_red_number as res_red15_10_,
        user0_.score as score16_10_ 
    from
        user user0_
Hibernate: 
    select
        roles0_.user_id as user_id1_11_0_,
        roles0_.roles as roles2_11_0_ 
    from
        user_roles roles0_ 
    where
        roles0_.user_id=?
Hibernate: 
    select
        roles0_.user_id as user_id1_11_0_,
        roles0_.roles as roles2_11_0_ 
    from
        user_roles roles0_ 
    where
        roles0_.user_id=?
Hibernate: 
    select
        roles0_.user_id as user_id1_11_0_,
        roles0_.roles as roles2_11_0_ 
    from
        user_roles roles0_ 
    where
        roles0_.user_id=?
Hibernate: 
    select
        roles0_.user_id as user_id1_11_0_,
        roles0_.roles as roles2_11_0_ 
    from
        user_roles roles0_ 
    where
        roles0_.user_id=?
Hibernate: 
    select
        roles0_.user_id as user_id1_11_0_,
        roles0_.roles as roles2_11_0_ 
    from
        user_roles roles0_ 
    where
        roles0_.user_id=?
Hibernate: 
    insert 
    into
        story_pin_like
        (created_at, updated_at, story_pin_id, user_id) 
    values
        (?, ?, ?, ?)
Hibernate: 
    insert 
    into
        story_pin_comment
        (created_at, updated_at, content, story_pin_id, user_id) 
    values
        (?, ?, ?, ?, ?)
Hibernate: 
    select
        user0_.id as id1_10_,
        user0_.created_at as created_2_10_,
        user0_.updated_at as updated_3_10_,
        user0_.age as age4_10_,
        user0_.background_image as backgrou5_10_,
        user0_.email as email6_10_,
        user0_.gender as gender7_10_,
        user0_.hobby as hobby8_10_,
        user0_.introduce as introduc9_10_,
        user0_.job as job10_10_,
        user0_.name as name11_10_,
        user0_.nick_name as nick_na12_10_,
        user0_.phone_num as phone_n13_10_,
        user0_.profile_image as profile14_10_,
        user0_.res_red_number as res_red15_10_,
        user0_.score as score16_10_ 
    from
        user user0_
Hibernate: 
    select
        roles0_.user_id as user_id1_11_0_,
        roles0_.roles as roles2_11_0_ 
    from
        user_roles roles0_ 
    where
        roles0_.user_id=?
Hibernate: 
    select
        roles0_.user_id as user_id1_11_0_,
        roles0_.roles as roles2_11_0_ 
    from
        user_roles roles0_ 
    where
        roles0_.user_id=?
Hibernate: 
    select
        roles0_.user_id as user_id1_11_0_,
        roles0_.roles as roles2_11_0_ 
    from
        user_roles roles0_ 
    where
        roles0_.user_id=?
Hibernate: 
    select
        roles0_.user_id as user_id1_11_0_,
        roles0_.roles as roles2_11_0_ 
    from
        user_roles roles0_ 
    where
        roles0_.user_id=?
Hibernate: 
    select
        roles0_.user_id as user_id1_11_0_,
        roles0_.roles as roles2_11_0_ 
    from
        user_roles roles0_ 
    where
        roles0_.user_id=?
Hibernate: 
    select
        user0_.id as id1_10_,
        user0_.created_at as created_2_10_,
        user0_.updated_at as updated_3_10_,
        user0_.age as age4_10_,
        user0_.background_image as backgrou5_10_,
        user0_.email as email6_10_,
        user0_.gender as gender7_10_,
        user0_.hobby as hobby8_10_,
        user0_.introduce as introduc9_10_,
        user0_.job as job10_10_,
        user0_.name as name11_10_,
        user0_.nick_name as nick_na12_10_,
        user0_.phone_num as phone_n13_10_,
        user0_.profile_image as profile14_10_,
        user0_.res_red_number as res_red15_10_,
        user0_.score as score16_10_ 
    from
        user user0_
Hibernate: 
    select
        roles0_.user_id as user_id1_11_0_,
        roles0_.roles as roles2_11_0_ 
    from
        user_roles roles0_ 
    where
        roles0_.user_id=?
Hibernate: 
    select
        roles0_.user_id as user_id1_11_0_,
        roles0_.roles as roles2_11_0_ 
    from
        user_roles roles0_ 
    where
        roles0_.user_id=?
Hibernate: 
    select
        roles0_.user_id as user_id1_11_0_,
        roles0_.roles as roles2_11_0_ 
    from
        user_roles roles0_ 
    where
        roles0_.user_id=?
Hibernate: 
    select
        roles0_.user_id as user_id1_11_0_,
        roles0_.roles as roles2_11_0_ 
    from
        user_roles roles0_ 
    where
        roles0_.user_id=?
Hibernate: 
    select
        roles0_.user_id as user_id1_11_0_,
        roles0_.roles as roles2_11_0_ 
    from
        user_roles roles0_ 
    where
        roles0_.user_id=?
Hibernate: 
    insert 
    into
        story_pin_like
        (created_at, updated_at, story_pin_id, user_id) 
    values
        (?, ?, ?, ?)
Hibernate: 
    insert 
    into
        story_pin_comment
        (created_at, updated_at, content, story_pin_id, user_id) 
    values
        (?, ?, ?, ?, ?)
Hibernate: 
    select
        user0_.id as id1_10_,
        user0_.created_at as created_2_10_,
        user0_.updated_at as updated_3_10_,
        user0_.age as age4_10_,
        user0_.background_image as backgrou5_10_,
        user0_.email as email6_10_,
        user0_.gender as gender7_10_,
        user0_.hobby as hobby8_10_,
        user0_.introduce as introduc9_10_,
        user0_.job as job10_10_,
        user0_.name as name11_10_,
        user0_.nick_name as nick_na12_10_,
        user0_.phone_num as phone_n13_10_,
        user0_.profile_image as profile14_10_,
        user0_.res_red_number as res_red15_10_,
        user0_.score as score16_10_ 
    from
        user user0_
Hibernate: 
    select
        roles0_.user_id as user_id1_11_0_,
        roles0_.roles as roles2_11_0_ 
    from
        user_roles roles0_ 
    where
        roles0_.user_id=?
Hibernate: 
    select
        roles0_.user_id as user_id1_11_0_,
        roles0_.roles as roles2_11_0_ 
    from
        user_roles roles0_ 
    where
        roles0_.user_id=?
Hibernate: 
    select
        roles0_.user_id as user_id1_11_0_,
        roles0_.roles as roles2_11_0_ 
    from
        user_roles roles0_ 
    where
        roles0_.user_id=?
Hibernate: 
    select
        roles0_.user_id as user_id1_11_0_,
        roles0_.roles as roles2_11_0_ 
    from
        user_roles roles0_ 
    where
        roles0_.user_id=?
Hibernate: 
    select
        roles0_.user_id as user_id1_11_0_,
        roles0_.roles as roles2_11_0_ 
    from
        user_roles roles0_ 
    where
        roles0_.user_id=?
Hibernate: 
    select
        user0_.id as id1_10_,
        user0_.created_at as created_2_10_,
        user0_.updated_at as updated_3_10_,
        user0_.age as age4_10_,
        user0_.background_image as backgrou5_10_,
        user0_.email as email6_10_,
        user0_.gender as gender7_10_,
        user0_.hobby as hobby8_10_,
        user0_.introduce as introduc9_10_,
        user0_.job as job10_10_,
        user0_.name as name11_10_,
        user0_.nick_name as nick_na12_10_,
        user0_.phone_num as phone_n13_10_,
        user0_.profile_image as profile14_10_,
        user0_.res_red_number as res_red15_10_,
        user0_.score as score16_10_ 
    from
        user user0_
Hibernate: 
    select
        roles0_.user_id as user_id1_11_0_,
        roles0_.roles as roles2_11_0_ 
    from
        user_roles roles0_ 
    where
        roles0_.user_id=?
Hibernate: 
    select
        roles0_.user_id as user_id1_11_0_,
        roles0_.roles as roles2_11_0_ 
    from
        user_roles roles0_ 
    where
        roles0_.user_id=?
Hibernate: 
    select
        roles0_.user_id as user_id1_11_0_,
        roles0_.roles as roles2_11_0_ 
    from
        user_roles roles0_ 
    where
        roles0_.user_id=?
Hibernate: 
    select
        roles0_.user_id as user_id1_11_0_,
        roles0_.roles as roles2_11_0_ 
    from
        user_roles roles0_ 
    where
        roles0_.user_id=?
Hibernate: 
    select
        roles0_.user_id as user_id1_11_0_,
        roles0_.roles as roles2_11_0_ 
    from
        user_roles roles0_ 
    where
        roles0_.user_id=?
Hibernate: 
    insert 
    into
        story_pin_like
        (created_at, updated_at, story_pin_id, user_id) 
    values
        (?, ?, ?, ?)
Hibernate: 
    insert 
    into
        story_pin_comment
        (created_at, updated_at, content, story_pin_id, user_id) 
    values
        (?, ?, ?, ?, ?)
Hibernate: 
    select
        user0_.id as id1_10_,
        user0_.created_at as created_2_10_,
        user0_.updated_at as updated_3_10_,
        user0_.age as age4_10_,
        user0_.background_image as backgrou5_10_,
        user0_.email as email6_10_,
        user0_.gender as gender7_10_,
        user0_.hobby as hobby8_10_,
        user0_.introduce as introduc9_10_,
        user0_.job as job10_10_,
        user0_.name as name11_10_,
        user0_.nick_name as nick_na12_10_,
        user0_.phone_num as phone_n13_10_,
        user0_.profile_image as profile14_10_,
        user0_.res_red_number as res_red15_10_,
        user0_.score as score16_10_ 
    from
        user user0_
Hibernate: 
    select
        roles0_.user_id as user_id1_11_0_,
        roles0_.roles as roles2_11_0_ 
    from
        user_roles roles0_ 
    where
        roles0_.user_id=?
Hibernate: 
    select
        roles0_.user_id as user_id1_11_0_,
        roles0_.roles as roles2_11_0_ 
    from
        user_roles roles0_ 
    where
        roles0_.user_id=?
Hibernate: 
    select
        roles0_.user_id as user_id1_11_0_,
        roles0_.roles as roles2_11_0_ 
    from
        user_roles roles0_ 
    where
        roles0_.user_id=?
Hibernate: 
    select
        roles0_.user_id as user_id1_11_0_,
        roles0_.roles as roles2_11_0_ 
    from
        user_roles roles0_ 
    where
        roles0_.user_id=?
Hibernate: 
    select
        roles0_.user_id as user_id1_11_0_,
        roles0_.roles as roles2_11_0_ 
    from
        user_roles roles0_ 
    where
        roles0_.user_id=?
Hibernate: 
    select
        user0_.id as id1_10_,
        user0_.created_at as created_2_10_,
        user0_.updated_at as updated_3_10_,
        user0_.age as age4_10_,
        user0_.background_image as backgrou5_10_,
        user0_.email as email6_10_,
        user0_.gender as gender7_10_,
        user0_.hobby as hobby8_10_,
        user0_.introduce as introduc9_10_,
        user0_.job as job10_10_,
        user0_.name as name11_10_,
        user0_.nick_name as nick_na12_10_,
        user0_.phone_num as phone_n13_10_,
        user0_.profile_image as profile14_10_,
        user0_.res_red_number as res_red15_10_,
        user0_.score as score16_10_ 
    from
        user user0_
Hibernate: 
    select
        roles0_.user_id as user_id1_11_0_,
        roles0_.roles as roles2_11_0_ 
    from
        user_roles roles0_ 
    where
        roles0_.user_id=?
Hibernate: 
    select
        roles0_.user_id as user_id1_11_0_,
        roles0_.roles as roles2_11_0_ 
    from
        user_roles roles0_ 
    where
        roles0_.user_id=?
Hibernate: 
    select
        roles0_.user_id as user_id1_11_0_,
        roles0_.roles as roles2_11_0_ 
    from
        user_roles roles0_ 
    where
        roles0_.user_id=?
Hibernate: 
    select
        roles0_.user_id as user_id1_11_0_,
        roles0_.roles as roles2_11_0_ 
    from
        user_roles roles0_ 
    where
        roles0_.user_id=?
Hibernate: 
    select
        roles0_.user_id as user_id1_11_0_,
        roles0_.roles as roles2_11_0_ 
    from
        user_roles roles0_ 
    where
        roles0_.user_id=?
Hibernate: 
    insert 
    into
        story_pin_like
        (created_at, updated_at, story_pin_id, user_id) 
    values
        (?, ?, ?, ?)
Hibernate: 
    insert 
    into
        story_pin_comment
        (created_at, updated_at, content, story_pin_id, user_id) 
    values
        (?, ?, ?, ?, ?)
Hibernate: 
    select
        user0_.id as id1_10_,
        user0_.created_at as created_2_10_,
        user0_.updated_at as updated_3_10_,
        user0_.age as age4_10_,
        user0_.background_image as backgrou5_10_,
        user0_.email as email6_10_,
        user0_.gender as gender7_10_,
        user0_.hobby as hobby8_10_,
        user0_.introduce as introduc9_10_,
        user0_.job as job10_10_,
        user0_.name as name11_10_,
        user0_.nick_name as nick_na12_10_,
        user0_.phone_num as phone_n13_10_,
        user0_.profile_image as profile14_10_,
        user0_.res_red_number as res_red15_10_,
        user0_.score as score16_10_ 
    from
        user user0_
Hibernate: 
    select
        roles0_.user_id as user_id1_11_0_,
        roles0_.roles as roles2_11_0_ 
    from
        user_roles roles0_ 
    where
        roles0_.user_id=?
Hibernate: 
    select
        roles0_.user_id as user_id1_11_0_,
        roles0_.roles as roles2_11_0_ 
    from
        user_roles roles0_ 
    where
        roles0_.user_id=?
Hibernate: 
    select
        roles0_.user_id as user_id1_11_0_,
        roles0_.roles as roles2_11_0_ 
    from
        user_roles roles0_ 
    where
        roles0_.user_id=?
Hibernate: 
    select
        roles0_.user_id as user_id1_11_0_,
        roles0_.roles as roles2_11_0_ 
    from
        user_roles roles0_ 
    where
        roles0_.user_id=?
Hibernate: 
    select
        roles0_.user_id as user_id1_11_0_,
        roles0_.roles as roles2_11_0_ 
    from
        user_roles roles0_ 
    where
        roles0_.user_id=?
Hibernate: 
    select
        user0_.id as id1_10_,
        user0_.created_at as created_2_10_,
        user0_.updated_at as updated_3_10_,
        user0_.age as age4_10_,
        user0_.background_image as backgrou5_10_,
        user0_.email as email6_10_,
        user0_.gender as gender7_10_,
        user0_.hobby as hobby8_10_,
        user0_.introduce as introduc9_10_,
        user0_.job as job10_10_,
        user0_.name as name11_10_,
        user0_.nick_name as nick_na12_10_,
        user0_.phone_num as phone_n13_10_,
        user0_.profile_image as profile14_10_,
        user0_.res_red_number as res_red15_10_,
        user0_.score as score16_10_ 
    from
        user user0_
Hibernate: 
    select
        roles0_.user_id as user_id1_11_0_,
        roles0_.roles as roles2_11_0_ 
    from
        user_roles roles0_ 
    where
        roles0_.user_id=?
Hibernate: 
    select
        roles0_.user_id as user_id1_11_0_,
        roles0_.roles as roles2_11_0_ 
    from
        user_roles roles0_ 
    where
        roles0_.user_id=?
Hibernate: 
    select
        roles0_.user_id as user_id1_11_0_,
        roles0_.roles as roles2_11_0_ 
    from
        user_roles roles0_ 
    where
        roles0_.user_id=?
Hibernate: 
    select
        roles0_.user_id as user_id1_11_0_,
        roles0_.roles as roles2_11_0_ 
    from
        user_roles roles0_ 
    where
        roles0_.user_id=?
Hibernate: 
    select
        roles0_.user_id as user_id1_11_0_,
        roles0_.roles as roles2_11_0_ 
    from
        user_roles roles0_ 
    where
        roles0_.user_id=?
Hibernate: 
    insert 
    into
        story_pin_like
        (created_at, updated_at, story_pin_id, user_id) 
    values
        (?, ?, ?, ?)
Hibernate: 
    insert 
    into
        story_pin_comment
        (created_at, updated_at, content, story_pin_id, user_id) 
    values
        (?, ?, ?, ?, ?)
Hibernate: 
    select
        user0_.id as id1_10_,
        user0_.created_at as created_2_10_,
        user0_.updated_at as updated_3_10_,
        user0_.age as age4_10_,
        user0_.background_image as backgrou5_10_,
        user0_.email as email6_10_,
        user0_.gender as gender7_10_,
        user0_.hobby as hobby8_10_,
        user0_.introduce as introduc9_10_,
        user0_.job as job10_10_,
        user0_.name as name11_10_,
        user0_.nick_name as nick_na12_10_,
        user0_.phone_num as phone_n13_10_,
        user0_.profile_image as profile14_10_,
        user0_.res_red_number as res_red15_10_,
        user0_.score as score16_10_ 
    from
        user user0_
Hibernate: 
    select
        roles0_.user_id as user_id1_11_0_,
        roles0_.roles as roles2_11_0_ 
    from
        user_roles roles0_ 
    where
        roles0_.user_id=?
Hibernate: 
    select
        roles0_.user_id as user_id1_11_0_,
        roles0_.roles as roles2_11_0_ 
    from
        user_roles roles0_ 
    where
        roles0_.user_id=?
Hibernate: 
    select
        roles0_.user_id as user_id1_11_0_,
        roles0_.roles as roles2_11_0_ 
    from
        user_roles roles0_ 
    where
        roles0_.user_id=?
Hibernate: 
    select
        roles0_.user_id as user_id1_11_0_,
        roles0_.roles as roles2_11_0_ 
    from
        user_roles roles0_ 
    where
        roles0_.user_id=?
Hibernate: 
    select
        roles0_.user_id as user_id1_11_0_,
        roles0_.roles as roles2_11_0_ 
    from
        user_roles roles0_ 
    where
        roles0_.user_id=?
Hibernate: 
    select
        user0_.id as id1_10_,
        user0_.created_at as created_2_10_,
        user0_.updated_at as updated_3_10_,
        user0_.age as age4_10_,
        user0_.background_image as backgrou5_10_,
        user0_.email as email6_10_,
        user0_.gender as gender7_10_,
        user0_.hobby as hobby8_10_,
        user0_.introduce as introduc9_10_,
        user0_.job as job10_10_,
        user0_.name as name11_10_,
        user0_.nick_name as nick_na12_10_,
        user0_.phone_num as phone_n13_10_,
        user0_.profile_image as profile14_10_,
        user0_.res_red_number as res_red15_10_,
        user0_.score as score16_10_ 
    from
        user user0_
Hibernate: 
    select
        roles0_.user_id as user_id1_11_0_,
        roles0_.roles as roles2_11_0_ 
    from
        user_roles roles0_ 
    where
        roles0_.user_id=?
Hibernate: 
    select
        roles0_.user_id as user_id1_11_0_,
        roles0_.roles as roles2_11_0_ 
    from
        user_roles roles0_ 
    where
        roles0_.user_id=?
Hibernate: 
    select
        roles0_.user_id as user_id1_11_0_,
        roles0_.roles as roles2_11_0_ 
    from
        user_roles roles0_ 
    where
        roles0_.user_id=?
Hibernate: 
    select
        roles0_.user_id as user_id1_11_0_,
        roles0_.roles as roles2_11_0_ 
    from
        user_roles roles0_ 
    where
        roles0_.user_id=?
Hibernate: 
    select
        roles0_.user_id as user_id1_11_0_,
        roles0_.roles as roles2_11_0_ 
    from
        user_roles roles0_ 
    where
        roles0_.user_id=?
Hibernate: 
    insert 
    into
        story_pin_like
        (created_at, updated_at, story_pin_id, user_id) 
    values
        (?, ?, ?, ?)
Hibernate: 
    insert 
    into
        story_pin_comment
        (created_at, updated_at, content, story_pin_id, user_id) 
    values
        (?, ?, ?, ?, ?)
Hibernate: 
    select
        user0_.id as id1_10_,
        user0_.created_at as created_2_10_,
        user0_.updated_at as updated_3_10_,
        user0_.age as age4_10_,
        user0_.background_image as backgrou5_10_,
        user0_.email as email6_10_,
        user0_.gender as gender7_10_,
        user0_.hobby as hobby8_10_,
        user0_.introduce as introduc9_10_,
        user0_.job as job10_10_,
        user0_.name as name11_10_,
        user0_.nick_name as nick_na12_10_,
        user0_.phone_num as phone_n13_10_,
        user0_.profile_image as profile14_10_,
        user0_.res_red_number as res_red15_10_,
        user0_.score as score16_10_ 
    from
        user user0_
Hibernate: 
    select
        roles0_.user_id as user_id1_11_0_,
        roles0_.roles as roles2_11_0_ 
    from
        user_roles roles0_ 
    where
        roles0_.user_id=?
Hibernate: 
    select
        roles0_.user_id as user_id1_11_0_,
        roles0_.roles as roles2_11_0_ 
    from
        user_roles roles0_ 
    where
        roles0_.user_id=?
Hibernate: 
    select
        roles0_.user_id as user_id1_11_0_,
        roles0_.roles as roles2_11_0_ 
    from
        user_roles roles0_ 
    where
        roles0_.user_id=?
Hibernate: 
    select
        roles0_.user_id as user_id1_11_0_,
        roles0_.roles as roles2_11_0_ 
    from
        user_roles roles0_ 
    where
        roles0_.user_id=?
Hibernate: 
    select
        roles0_.user_id as user_id1_11_0_,
        roles0_.roles as roles2_11_0_ 
    from
        user_roles roles0_ 
    where
        roles0_.user_id=?
Hibernate: 
    select
        user0_.id as id1_10_,
        user0_.created_at as created_2_10_,
        user0_.updated_at as updated_3_10_,
        user0_.age as age4_10_,
        user0_.background_image as backgrou5_10_,
        user0_.email as email6_10_,
        user0_.gender as gender7_10_,
        user0_.hobby as hobby8_10_,
        user0_.introduce as introduc9_10_,
        user0_.job as job10_10_,
        user0_.name as name11_10_,
        user0_.nick_name as nick_na12_10_,
        user0_.phone_num as phone_n13_10_,
        user0_.profile_image as profile14_10_,
        user0_.res_red_number as res_red15_10_,
        user0_.score as score16_10_ 
    from
        user user0_
Hibernate: 
    select
        roles0_.user_id as user_id1_11_0_,
        roles0_.roles as roles2_11_0_ 
    from
        user_roles roles0_ 
    where
        roles0_.user_id=?
Hibernate: 
    select
        roles0_.user_id as user_id1_11_0_,
        roles0_.roles as roles2_11_0_ 
    from
        user_roles roles0_ 
    where
        roles0_.user_id=?
Hibernate: 
    select
        roles0_.user_id as user_id1_11_0_,
        roles0_.roles as roles2_11_0_ 
    from
        user_roles roles0_ 
    where
        roles0_.user_id=?
Hibernate: 
    select
        roles0_.user_id as user_id1_11_0_,
        roles0_.roles as roles2_11_0_ 
    from
        user_roles roles0_ 
    where
        roles0_.user_id=?
Hibernate: 
    select
        roles0_.user_id as user_id1_11_0_,
        roles0_.roles as roles2_11_0_ 
    from
        user_roles roles0_ 
    where
        roles0_.user_id=?
Hibernate: 
    insert 
    into
        story_pin_like
        (created_at, updated_at, story_pin_id, user_id) 
    values
        (?, ?, ?, ?)
Hibernate: 
    insert 
    into
        story_pin_comment
        (created_at, updated_at, content, story_pin_id, user_id) 
    values
        (?, ?, ?, ?, ?)
Hibernate: 
    select
        user0_.id as id1_10_,
        user0_.created_at as created_2_10_,
        user0_.updated_at as updated_3_10_,
        user0_.age as age4_10_,
        user0_.background_image as backgrou5_10_,
        user0_.email as email6_10_,
        user0_.gender as gender7_10_,
        user0_.hobby as hobby8_10_,
        user0_.introduce as introduc9_10_,
        user0_.job as job10_10_,
        user0_.name as name11_10_,
        user0_.nick_name as nick_na12_10_,
        user0_.phone_num as phone_n13_10_,
        user0_.profile_image as profile14_10_,
        user0_.res_red_number as res_red15_10_,
        user0_.score as score16_10_ 
    from
        user user0_
Hibernate: 
    select
        roles0_.user_id as user_id1_11_0_,
        roles0_.roles as roles2_11_0_ 
    from
        user_roles roles0_ 
    where
        roles0_.user_id=?
Hibernate: 
    select
        roles0_.user_id as user_id1_11_0_,
        roles0_.roles as roles2_11_0_ 
    from
        user_roles roles0_ 
    where
        roles0_.user_id=?
Hibernate: 
    select
        roles0_.user_id as user_id1_11_0_,
        roles0_.roles as roles2_11_0_ 
    from
        user_roles roles0_ 
    where
        roles0_.user_id=?
Hibernate: 
    select
        roles0_.user_id as user_id1_11_0_,
        roles0_.roles as roles2_11_0_ 
    from
        user_roles roles0_ 
    where
        roles0_.user_id=?
Hibernate: 
    select
        roles0_.user_id as user_id1_11_0_,
        roles0_.roles as roles2_11_0_ 
    from
        user_roles roles0_ 
    where
        roles0_.user_id=?
Hibernate: 
    select
        user0_.id as id1_10_,
        user0_.created_at as created_2_10_,
        user0_.updated_at as updated_3_10_,
        user0_.age as age4_10_,
        user0_.background_image as backgrou5_10_,
        user0_.email as email6_10_,
        user0_.gender as gender7_10_,
        user0_.hobby as hobby8_10_,
        user0_.introduce as introduc9_10_,
        user0_.job as job10_10_,
        user0_.name as name11_10_,
        user0_.nick_name as nick_na12_10_,
        user0_.phone_num as phone_n13_10_,
        user0_.profile_image as profile14_10_,
        user0_.res_red_number as res_red15_10_,
        user0_.score as score16_10_ 
    from
        user user0_
Hibernate: 
    select
        roles0_.user_id as user_id1_11_0_,
        roles0_.roles as roles2_11_0_ 
    from
        user_roles roles0_ 
    where
        roles0_.user_id=?
Hibernate: 
    select
        roles0_.user_id as user_id1_11_0_,
        roles0_.roles as roles2_11_0_ 
    from
        user_roles roles0_ 
    where
        roles0_.user_id=?
Hibernate: 
    select
        roles0_.user_id as user_id1_11_0_,
        roles0_.roles as roles2_11_0_ 
    from
        user_roles roles0_ 
    where
        roles0_.user_id=?
Hibernate: 
    select
        roles0_.user_id as user_id1_11_0_,
        roles0_.roles as roles2_11_0_ 
    from
        user_roles roles0_ 
    where
        roles0_.user_id=?
Hibernate: 
    select
        roles0_.user_id as user_id1_11_0_,
        roles0_.roles as roles2_11_0_ 
    from
        user_roles roles0_ 
    where
        roles0_.user_id=?
Hibernate: 
    insert 
    into
        story_pin_like
        (created_at, updated_at, story_pin_id, user_id) 
    values
        (?, ?, ?, ?)
Hibernate: 
    insert 
    into
        story_pin_comment
        (created_at, updated_at, content, story_pin_id, user_id) 
    values
        (?, ?, ?, ?, ?)
Hibernate: 
    select
        user0_.id as id1_10_,
        user0_.created_at as created_2_10_,
        user0_.updated_at as updated_3_10_,
        user0_.age as age4_10_,
        user0_.background_image as backgrou5_10_,
        user0_.email as email6_10_,
        user0_.gender as gender7_10_,
        user0_.hobby as hobby8_10_,
        user0_.introduce as introduc9_10_,
        user0_.job as job10_10_,
        user0_.name as name11_10_,
        user0_.nick_name as nick_na12_10_,
        user0_.phone_num as phone_n13_10_,
        user0_.profile_image as profile14_10_,
        user0_.res_red_number as res_red15_10_,
        user0_.score as score16_10_ 
    from
        user user0_
Hibernate: 
    select
        roles0_.user_id as user_id1_11_0_,
        roles0_.roles as roles2_11_0_ 
    from
        user_roles roles0_ 
    where
        roles0_.user_id=?
Hibernate: 
    select
        roles0_.user_id as user_id1_11_0_,
        roles0_.roles as roles2_11_0_ 
    from
        user_roles roles0_ 
    where
        roles0_.user_id=?
Hibernate: 
    select
        roles0_.user_id as user_id1_11_0_,
        roles0_.roles as roles2_11_0_ 
    from
        user_roles roles0_ 
    where
        roles0_.user_id=?
Hibernate: 
    select
        roles0_.user_id as user_id1_11_0_,
        roles0_.roles as roles2_11_0_ 
    from
        user_roles roles0_ 
    where
        roles0_.user_id=?
Hibernate: 
    select
        roles0_.user_id as user_id1_11_0_,
        roles0_.roles as roles2_11_0_ 
    from
        user_roles roles0_ 
    where
        roles0_.user_id=?
Hibernate: 
    select
        user0_.id as id1_10_,
        user0_.created_at as created_2_10_,
        user0_.updated_at as updated_3_10_,
        user0_.age as age4_10_,
        user0_.background_image as backgrou5_10_,
        user0_.email as email6_10_,
        user0_.gender as gender7_10_,
        user0_.hobby as hobby8_10_,
        user0_.introduce as introduc9_10_,
        user0_.job as job10_10_,
        user0_.name as name11_10_,
        user0_.nick_name as nick_na12_10_,
        user0_.phone_num as phone_n13_10_,
        user0_.profile_image as profile14_10_,
        user0_.res_red_number as res_red15_10_,
        user0_.score as score16_10_ 
    from
        user user0_
Hibernate: 
    select
        roles0_.user_id as user_id1_11_0_,
        roles0_.roles as roles2_11_0_ 
    from
        user_roles roles0_ 
    where
        roles0_.user_id=?
Hibernate: 
    select
        roles0_.user_id as user_id1_11_0_,
        roles0_.roles as roles2_11_0_ 
    from
        user_roles roles0_ 
    where
        roles0_.user_id=?
Hibernate: 
    select
        roles0_.user_id as user_id1_11_0_,
        roles0_.roles as roles2_11_0_ 
    from
        user_roles roles0_ 
    where
        roles0_.user_id=?
Hibernate: 
    select
        roles0_.user_id as user_id1_11_0_,
        roles0_.roles as roles2_11_0_ 
    from
        user_roles roles0_ 
    where
        roles0_.user_id=?
Hibernate: 
    select
        roles0_.user_id as user_id1_11_0_,
        roles0_.roles as roles2_11_0_ 
    from
        user_roles roles0_ 
    where
        roles0_.user_id=?
Hibernate: 
    insert 
    into
        story_pin_like
        (created_at, updated_at, story_pin_id, user_id) 
    values
        (?, ?, ?, ?)
Hibernate: 
    insert 
    into
        story_pin_comment
        (created_at, updated_at, content, story_pin_id, user_id) 
    values
        (?, ?, ?, ?, ?)
Hibernate: 
    select
        user0_.id as id1_10_,
        user0_.created_at as created_2_10_,
        user0_.updated_at as updated_3_10_,
        user0_.age as age4_10_,
        user0_.background_image as backgrou5_10_,
        user0_.email as email6_10_,
        user0_.gender as gender7_10_,
        user0_.hobby as hobby8_10_,
        user0_.introduce as introduc9_10_,
        user0_.job as job10_10_,
        user0_.name as name11_10_,
        user0_.nick_name as nick_na12_10_,
        user0_.phone_num as phone_n13_10_,
        user0_.profile_image as profile14_10_,
        user0_.res_red_number as res_red15_10_,
        user0_.score as score16_10_ 
    from
        user user0_
Hibernate: 
    select
        roles0_.user_id as user_id1_11_0_,
        roles0_.roles as roles2_11_0_ 
    from
        user_roles roles0_ 
    where
        roles0_.user_id=?
Hibernate: 
    select
        roles0_.user_id as user_id1_11_0_,
        roles0_.roles as roles2_11_0_ 
    from
        user_roles roles0_ 
    where
        roles0_.user_id=?
Hibernate: 
    select
        roles0_.user_id as user_id1_11_0_,
        roles0_.roles as roles2_11_0_ 
    from
        user_roles roles0_ 
    where
        roles0_.user_id=?
Hibernate: 
    select
        roles0_.user_id as user_id1_11_0_,
        roles0_.roles as roles2_11_0_ 
    from
        user_roles roles0_ 
    where
        roles0_.user_id=?
Hibernate: 
    select
        roles0_.user_id as user_id1_11_0_,
        roles0_.roles as roles2_11_0_ 
    from
        user_roles roles0_ 
    where
        roles0_.user_id=?
Hibernate: 
    select
        user0_.id as id1_10_,
        user0_.created_at as created_2_10_,
        user0_.updated_at as updated_3_10_,
        user0_.age as age4_10_,
        user0_.background_image as backgrou5_10_,
        user0_.email as email6_10_,
        user0_.gender as gender7_10_,
        user0_.hobby as hobby8_10_,
        user0_.introduce as introduc9_10_,
        user0_.job as job10_10_,
        user0_.name as name11_10_,
        user0_.nick_name as nick_na12_10_,
        user0_.phone_num as phone_n13_10_,
        user0_.profile_image as profile14_10_,
        user0_.res_red_number as res_red15_10_,
        user0_.score as score16_10_ 
    from
        user user0_
Hibernate: 
    select
        roles0_.user_id as user_id1_11_0_,
        roles0_.roles as roles2_11_0_ 
    from
        user_roles roles0_ 
    where
        roles0_.user_id=?
Hibernate: 
    select
        roles0_.user_id as user_id1_11_0_,
        roles0_.roles as roles2_11_0_ 
    from
        user_roles roles0_ 
    where
        roles0_.user_id=?
Hibernate: 
    select
        roles0_.user_id as user_id1_11_0_,
        roles0_.roles as roles2_11_0_ 
    from
        user_roles roles0_ 
    where
        roles0_.user_id=?
Hibernate: 
    select
        roles0_.user_id as user_id1_11_0_,
        roles0_.roles as roles2_11_0_ 
    from
        user_roles roles0_ 
    where
        roles0_.user_id=?
Hibernate: 
    select
        roles0_.user_id as user_id1_11_0_,
        roles0_.roles as roles2_11_0_ 
    from
        user_roles roles0_ 
    where
        roles0_.user_id=?
Hibernate: 
    insert 
    into
        story_pin_like
        (created_at, updated_at, story_pin_id, user_id) 
    values
        (?, ?, ?, ?)
Hibernate: 
    insert 
    into
        story_pin_comment
        (created_at, updated_at, content, story_pin_id, user_id) 
    values
        (?, ?, ?, ?, ?)
Hibernate: 
    select
        user0_.id as id1_10_,
        user0_.created_at as created_2_10_,
        user0_.updated_at as updated_3_10_,
        user0_.age as age4_10_,
        user0_.background_image as backgrou5_10_,
        user0_.email as email6_10_,
        user0_.gender as gender7_10_,
        user0_.hobby as hobby8_10_,
        user0_.introduce as introduc9_10_,
        user0_.job as job10_10_,
        user0_.name as name11_10_,
        user0_.nick_name as nick_na12_10_,
        user0_.phone_num as phone_n13_10_,
        user0_.profile_image as profile14_10_,
        user0_.res_red_number as res_red15_10_,
        user0_.score as score16_10_ 
    from
        user user0_
Hibernate: 
    select
        roles0_.user_id as user_id1_11_0_,
        roles0_.roles as roles2_11_0_ 
    from
        user_roles roles0_ 
    where
        roles0_.user_id=?
Hibernate: 
    select
        roles0_.user_id as user_id1_11_0_,
        roles0_.roles as roles2_11_0_ 
    from
        user_roles roles0_ 
    where
        roles0_.user_id=?
Hibernate: 
    select
        roles0_.user_id as user_id1_11_0_,
        roles0_.roles as roles2_11_0_ 
    from
        user_roles roles0_ 
    where
        roles0_.user_id=?
Hibernate: 
    select
        roles0_.user_id as user_id1_11_0_,
        roles0_.roles as roles2_11_0_ 
    from
        user_roles roles0_ 
    where
        roles0_.user_id=?
Hibernate: 
    select
        roles0_.user_id as user_id1_11_0_,
        roles0_.roles as roles2_11_0_ 
    from
        user_roles roles0_ 
    where
        roles0_.user_id=?
Hibernate: 
    select
        user0_.id as id1_10_,
        user0_.created_at as created_2_10_,
        user0_.updated_at as updated_3_10_,
        user0_.age as age4_10_,
        user0_.background_image as backgrou5_10_,
        user0_.email as email6_10_,
        user0_.gender as gender7_10_,
        user0_.hobby as hobby8_10_,
        user0_.introduce as introduc9_10_,
        user0_.job as job10_10_,
        user0_.name as name11_10_,
        user0_.nick_name as nick_na12_10_,
        user0_.phone_num as phone_n13_10_,
        user0_.profile_image as profile14_10_,
        user0_.res_red_number as res_red15_10_,
        user0_.score as score16_10_ 
    from
        user user0_
Hibernate: 
    select
        roles0_.user_id as user_id1_11_0_,
        roles0_.roles as roles2_11_0_ 
    from
        user_roles roles0_ 
    where
        roles0_.user_id=?
Hibernate: 
    select
        roles0_.user_id as user_id1_11_0_,
        roles0_.roles as roles2_11_0_ 
    from
        user_roles roles0_ 
    where
        roles0_.user_id=?
Hibernate: 
    select
        roles0_.user_id as user_id1_11_0_,
        roles0_.roles as roles2_11_0_ 
    from
        user_roles roles0_ 
    where
        roles0_.user_id=?
Hibernate: 
    select
        roles0_.user_id as user_id1_11_0_,
        roles0_.roles as roles2_11_0_ 
    from
        user_roles roles0_ 
    where
        roles0_.user_id=?
Hibernate: 
    select
        roles0_.user_id as user_id1_11_0_,
        roles0_.roles as roles2_11_0_ 
    from
        user_roles roles0_ 
    where
        roles0_.user_id=?
Hibernate: 
    insert 
    into
        story_pin_like
        (created_at, updated_at, story_pin_id, user_id) 
    values
        (?, ?, ?, ?)
Hibernate: 
    insert 
    into
        story_pin_comment
        (created_at, updated_at, content, story_pin_id, user_id) 
    values
        (?, ?, ?, ?, ?)
Hibernate: 
    select
        user0_.id as id1_10_,
        user0_.created_at as created_2_10_,
        user0_.updated_at as updated_3_10_,
        user0_.age as age4_10_,
        user0_.background_image as backgrou5_10_,
        user0_.email as email6_10_,
        user0_.gender as gender7_10_,
        user0_.hobby as hobby8_10_,
        user0_.introduce as introduc9_10_,
        user0_.job as job10_10_,
        user0_.name as name11_10_,
        user0_.nick_name as nick_na12_10_,
        user0_.phone_num as phone_n13_10_,
        user0_.profile_image as profile14_10_,
        user0_.res_red_number as res_red15_10_,
        user0_.score as score16_10_ 
    from
        user user0_
Hibernate: 
    select
        roles0_.user_id as user_id1_11_0_,
        roles0_.roles as roles2_11_0_ 
    from
        user_roles roles0_ 
    where
        roles0_.user_id=?
Hibernate: 
    select
        roles0_.user_id as user_id1_11_0_,
        roles0_.roles as roles2_11_0_ 
    from
        user_roles roles0_ 
    where
        roles0_.user_id=?
Hibernate: 
    select
        roles0_.user_id as user_id1_11_0_,
        roles0_.roles as roles2_11_0_ 
    from
        user_roles roles0_ 
    where
        roles0_.user_id=?
Hibernate: 
    select
        roles0_.user_id as user_id1_11_0_,
        roles0_.roles as roles2_11_0_ 
    from
        user_roles roles0_ 
    where
        roles0_.user_id=?
Hibernate: 
    select
        roles0_.user_id as user_id1_11_0_,
        roles0_.roles as roles2_11_0_ 
    from
        user_roles roles0_ 
    where
        roles0_.user_id=?
Hibernate: 
    select
        user0_.id as id1_10_,
        user0_.created_at as created_2_10_,
        user0_.updated_at as updated_3_10_,
        user0_.age as age4_10_,
        user0_.background_image as backgrou5_10_,
        user0_.email as email6_10_,
        user0_.gender as gender7_10_,
        user0_.hobby as hobby8_10_,
        user0_.introduce as introduc9_10_,
        user0_.job as job10_10_,
        user0_.name as name11_10_,
        user0_.nick_name as nick_na12_10_,
        user0_.phone_num as phone_n13_10_,
        user0_.profile_image as profile14_10_,
        user0_.res_red_number as res_red15_10_,
        user0_.score as score16_10_ 
    from
        user user0_
Hibernate: 
    select
        roles0_.user_id as user_id1_11_0_,
        roles0_.roles as roles2_11_0_ 
    from
        user_roles roles0_ 
    where
        roles0_.user_id=?
Hibernate: 
    select
        roles0_.user_id as user_id1_11_0_,
        roles0_.roles as roles2_11_0_ 
    from
        user_roles roles0_ 
    where
        roles0_.user_id=?
Hibernate: 
    select
        roles0_.user_id as user_id1_11_0_,
        roles0_.roles as roles2_11_0_ 
    from
        user_roles roles0_ 
    where
        roles0_.user_id=?
Hibernate: 
    select
        roles0_.user_id as user_id1_11_0_,
        roles0_.roles as roles2_11_0_ 
    from
        user_roles roles0_ 
    where
        roles0_.user_id=?
Hibernate: 
    select
        roles0_.user_id as user_id1_11_0_,
        roles0_.roles as roles2_11_0_ 
    from
        user_roles roles0_ 
    where
        roles0_.user_id=?
Hibernate: 
    insert 
    into
        story_pin_like
        (created_at, updated_at, story_pin_id, user_id) 
    values
        (?, ?, ?, ?)
Hibernate: 
    insert 
    into
        story_pin_comment
        (created_at, updated_at, content, story_pin_id, user_id) 
    values
        (?, ?, ?, ?, ?)
Hibernate: 
    select
        user0_.id as id1_10_,
        user0_.created_at as created_2_10_,
        user0_.updated_at as updated_3_10_,
        user0_.age as age4_10_,
        user0_.background_image as backgrou5_10_,
        user0_.email as email6_10_,
        user0_.gender as gender7_10_,
        user0_.hobby as hobby8_10_,
        user0_.introduce as introduc9_10_,
        user0_.job as job10_10_,
        user0_.name as name11_10_,
        user0_.nick_name as nick_na12_10_,
        user0_.phone_num as phone_n13_10_,
        user0_.profile_image as profile14_10_,
        user0_.res_red_number as res_red15_10_,
        user0_.score as score16_10_ 
    from
        user user0_
Hibernate: 
    select
        roles0_.user_id as user_id1_11_0_,
        roles0_.roles as roles2_11_0_ 
    from
        user_roles roles0_ 
    where
        roles0_.user_id=?
Hibernate: 
    select
        roles0_.user_id as user_id1_11_0_,
        roles0_.roles as roles2_11_0_ 
    from
        user_roles roles0_ 
    where
        roles0_.user_id=?
Hibernate: 
    select
        roles0_.user_id as user_id1_11_0_,
        roles0_.roles as roles2_11_0_ 
    from
        user_roles roles0_ 
    where
        roles0_.user_id=?
Hibernate: 
    select
        roles0_.user_id as user_id1_11_0_,
        roles0_.roles as roles2_11_0_ 
    from
        user_roles roles0_ 
    where
        roles0_.user_id=?
Hibernate: 
    select
        roles0_.user_id as user_id1_11_0_,
        roles0_.roles as roles2_11_0_ 
    from
        user_roles roles0_ 
    where
        roles0_.user_id=?
Hibernate: 
    select
        user0_.id as id1_10_,
        user0_.created_at as created_2_10_,
        user0_.updated_at as updated_3_10_,
        user0_.age as age4_10_,
        user0_.background_image as backgrou5_10_,
        user0_.email as email6_10_,
        user0_.gender as gender7_10_,
        user0_.hobby as hobby8_10_,
        user0_.introduce as introduc9_10_,
        user0_.job as job10_10_,
        user0_.name as name11_10_,
        user0_.nick_name as nick_na12_10_,
        user0_.phone_num as phone_n13_10_,
        user0_.profile_image as profile14_10_,
        user0_.res_red_number as res_red15_10_,
        user0_.score as score16_10_ 
    from
        user user0_
Hibernate: 
    select
        roles0_.user_id as user_id1_11_0_,
        roles0_.roles as roles2_11_0_ 
    from
        user_roles roles0_ 
    where
        roles0_.user_id=?
Hibernate: 
    select
        roles0_.user_id as user_id1_11_0_,
        roles0_.roles as roles2_11_0_ 
    from
        user_roles roles0_ 
    where
        roles0_.user_id=?
Hibernate: 
    select
        roles0_.user_id as user_id1_11_0_,
        roles0_.roles as roles2_11_0_ 
    from
        user_roles roles0_ 
    where
        roles0_.user_id=?
Hibernate: 
    select
        roles0_.user_id as user_id1_11_0_,
        roles0_.roles as roles2_11_0_ 
    from
        user_roles roles0_ 
    where
        roles0_.user_id=?
Hibernate: 
    select
        roles0_.user_id as user_id1_11_0_,
        roles0_.roles as roles2_11_0_ 
    from
        user_roles roles0_ 
    where
        roles0_.user_id=?
Hibernate: 
    insert 
    into
        story_pin_like
        (created_at, updated_at, story_pin_id, user_id) 
    values
        (?, ?, ?, ?)
Hibernate: 
    insert 
    into
        story_pin_comment
        (created_at, updated_at, content, story_pin_id, user_id) 
    values
        (?, ?, ?, ?, ?)
Hibernate: 
    select
        user0_.id as id1_10_,
        user0_.created_at as created_2_10_,
        user0_.updated_at as updated_3_10_,
        user0_.age as age4_10_,
        user0_.background_image as backgrou5_10_,
        user0_.email as email6_10_,
        user0_.gender as gender7_10_,
        user0_.hobby as hobby8_10_,
        user0_.introduce as introduc9_10_,
        user0_.job as job10_10_,
        user0_.name as name11_10_,
        user0_.nick_name as nick_na12_10_,
        user0_.phone_num as phone_n13_10_,
        user0_.profile_image as profile14_10_,
        user0_.res_red_number as res_red15_10_,
        user0_.score as score16_10_ 
    from
        user user0_
Hibernate: 
    select
        roles0_.user_id as user_id1_11_0_,
        roles0_.roles as roles2_11_0_ 
    from
        user_roles roles0_ 
    where
        roles0_.user_id=?
Hibernate: 
    select
        roles0_.user_id as user_id1_11_0_,
        roles0_.roles as roles2_11_0_ 
    from
        user_roles roles0_ 
    where
        roles0_.user_id=?
Hibernate: 
    select
        roles0_.user_id as user_id1_11_0_,
        roles0_.roles as roles2_11_0_ 
    from
        user_roles roles0_ 
    where
        roles0_.user_id=?
Hibernate: 
    select
        roles0_.user_id as user_id1_11_0_,
        roles0_.roles as roles2_11_0_ 
    from
        user_roles roles0_ 
    where
        roles0_.user_id=?
Hibernate: 
    select
        roles0_.user_id as user_id1_11_0_,
        roles0_.roles as roles2_11_0_ 
    from
        user_roles roles0_ 
    where
        roles0_.user_id=?
Hibernate: 
    select
        user0_.id as id1_10_,
        user0_.created_at as created_2_10_,
        user0_.updated_at as updated_3_10_,
        user0_.age as age4_10_,
        user0_.background_image as backgrou5_10_,
        user0_.email as email6_10_,
        user0_.gender as gender7_10_,
        user0_.hobby as hobby8_10_,
        user0_.introduce as introduc9_10_,
        user0_.job as job10_10_,
        user0_.name as name11_10_,
        user0_.nick_name as nick_na12_10_,
        user0_.phone_num as phone_n13_10_,
        user0_.profile_image as profile14_10_,
        user0_.res_red_number as res_red15_10_,
        user0_.score as score16_10_ 
    from
        user user0_
Hibernate: 
    select
        roles0_.user_id as user_id1_11_0_,
        roles0_.roles as roles2_11_0_ 
    from
        user_roles roles0_ 
    where
        roles0_.user_id=?
Hibernate: 
    select
        roles0_.user_id as user_id1_11_0_,
        roles0_.roles as roles2_11_0_ 
    from
        user_roles roles0_ 
    where
        roles0_.user_id=?
Hibernate: 
    select
        roles0_.user_id as user_id1_11_0_,
        roles0_.roles as roles2_11_0_ 
    from
        user_roles roles0_ 
    where
        roles0_.user_id=?
Hibernate: 
    select
        roles0_.user_id as user_id1_11_0_,
        roles0_.roles as roles2_11_0_ 
    from
        user_roles roles0_ 
    where
        roles0_.user_id=?
Hibernate: 
    select
        roles0_.user_id as user_id1_11_0_,
        roles0_.roles as roles2_11_0_ 
    from
        user_roles roles0_ 
    where
        roles0_.user_id=?
Hibernate: 
    insert 
    into
        story_pin_like
        (created_at, updated_at, story_pin_id, user_id) 
    values
        (?, ?, ?, ?)
Hibernate: 
    insert 
    into
        story_pin_comment
        (created_at, updated_at, content, story_pin_id, user_id) 
    values
        (?, ?, ?, ?, ?)
Hibernate: 
    select
        user0_.id as id1_10_,
        user0_.created_at as created_2_10_,
        user0_.updated_at as updated_3_10_,
        user0_.age as age4_10_,
        user0_.background_image as backgrou5_10_,
        user0_.email as email6_10_,
        user0_.gender as gender7_10_,
        user0_.hobby as hobby8_10_,
        user0_.introduce as introduc9_10_,
        user0_.job as job10_10_,
        user0_.name as name11_10_,
        user0_.nick_name as nick_na12_10_,
        user0_.phone_num as phone_n13_10_,
        user0_.profile_image as profile14_10_,
        user0_.res_red_number as res_red15_10_,
        user0_.score as score16_10_ 
    from
        user user0_
Hibernate: 
    select
        roles0_.user_id as user_id1_11_0_,
        roles0_.roles as roles2_11_0_ 
    from
        user_roles roles0_ 
    where
        roles0_.user_id=?
Hibernate: 
    select
        roles0_.user_id as user_id1_11_0_,
        roles0_.roles as roles2_11_0_ 
    from
        user_roles roles0_ 
    where
        roles0_.user_id=?
Hibernate: 
    select
        roles0_.user_id as user_id1_11_0_,
        roles0_.roles as roles2_11_0_ 
    from
        user_roles roles0_ 
    where
        roles0_.user_id=?
Hibernate: 
    select
        roles0_.user_id as user_id1_11_0_,
        roles0_.roles as roles2_11_0_ 
    from
        user_roles roles0_ 
    where
        roles0_.user_id=?
Hibernate: 
    select
        roles0_.user_id as user_id1_11_0_,
        roles0_.roles as roles2_11_0_ 
    from
        user_roles roles0_ 
    where
        roles0_.user_id=?
Hibernate: 
    select
        user0_.id as id1_10_,
        user0_.created_at as created_2_10_,
        user0_.updated_at as updated_3_10_,
        user0_.age as age4_10_,
        user0_.background_image as backgrou5_10_,
        user0_.email as email6_10_,
        user0_.gender as gender7_10_,
        user0_.hobby as hobby8_10_,
        user0_.introduce as introduc9_10_,
        user0_.job as job10_10_,
        user0_.name as name11_10_,
        user0_.nick_name as nick_na12_10_,
        user0_.phone_num as phone_n13_10_,
        user0_.profile_image as profile14_10_,
        user0_.res_red_number as res_red15_10_,
        user0_.score as score16_10_ 
    from
        user user0_
Hibernate: 
    select
        roles0_.user_id as user_id1_11_0_,
        roles0_.roles as roles2_11_0_ 
    from
        user_roles roles0_ 
    where
        roles0_.user_id=?
Hibernate: 
    select
        roles0_.user_id as user_id1_11_0_,
        roles0_.roles as roles2_11_0_ 
    from
        user_roles roles0_ 
    where
        roles0_.user_id=?
Hibernate: 
    select
        roles0_.user_id as user_id1_11_0_,
        roles0_.roles as roles2_11_0_ 
    from
        user_roles roles0_ 
    where
        roles0_.user_id=?
Hibernate: 
    select
        roles0_.user_id as user_id1_11_0_,
        roles0_.roles as roles2_11_0_ 
    from
        user_roles roles0_ 
    where
        roles0_.user_id=?
Hibernate: 
    select
        roles0_.user_id as user_id1_11_0_,
        roles0_.roles as roles2_11_0_ 
    from
        user_roles roles0_ 
    where
        roles0_.user_id=?
Hibernate: 
    insert 
    into
        story_pin_like
        (created_at, updated_at, story_pin_id, user_id) 
    values
        (?, ?, ?, ?)
Hibernate: 
    insert 
    into
        story_pin_comment
        (created_at, updated_at, content, story_pin_id, user_id) 
    values
        (?, ?, ?, ?, ?)
Hibernate: 
    select
        user0_.id as id1_10_,
        user0_.created_at as created_2_10_,
        user0_.updated_at as updated_3_10_,
        user0_.age as age4_10_,
        user0_.background_image as backgrou5_10_,
        user0_.email as email6_10_,
        user0_.gender as gender7_10_,
        user0_.hobby as hobby8_10_,
        user0_.introduce as introduc9_10_,
        user0_.job as job10_10_,
        user0_.name as name11_10_,
        user0_.nick_name as nick_na12_10_,
        user0_.phone_num as phone_n13_10_,
        user0_.profile_image as profile14_10_,
        user0_.res_red_number as res_red15_10_,
        user0_.score as score16_10_ 
    from
        user user0_
Hibernate: 
    select
        roles0_.user_id as user_id1_11_0_,
        roles0_.roles as roles2_11_0_ 
    from
        user_roles roles0_ 
    where
        roles0_.user_id=?
Hibernate: 
    select
        roles0_.user_id as user_id1_11_0_,
        roles0_.roles as roles2_11_0_ 
    from
        user_roles roles0_ 
    where
        roles0_.user_id=?
Hibernate: 
    select
        roles0_.user_id as user_id1_11_0_,
        roles0_.roles as roles2_11_0_ 
    from
        user_roles roles0_ 
    where
        roles0_.user_id=?
Hibernate: 
    select
        roles0_.user_id as user_id1_11_0_,
        roles0_.roles as roles2_11_0_ 
    from
        user_roles roles0_ 
    where
        roles0_.user_id=?
Hibernate: 
    select
        roles0_.user_id as user_id1_11_0_,
        roles0_.roles as roles2_11_0_ 
    from
        user_roles roles0_ 
    where
        roles0_.user_id=?
Hibernate: 
    select
        user0_.id as id1_10_,
        user0_.created_at as created_2_10_,
        user0_.updated_at as updated_3_10_,
        user0_.age as age4_10_,
        user0_.background_image as backgrou5_10_,
        user0_.email as email6_10_,
        user0_.gender as gender7_10_,
        user0_.hobby as hobby8_10_,
        user0_.introduce as introduc9_10_,
        user0_.job as job10_10_,
        user0_.name as name11_10_,
        user0_.nick_name as nick_na12_10_,
        user0_.phone_num as phone_n13_10_,
        user0_.profile_image as profile14_10_,
        user0_.res_red_number as res_red15_10_,
        user0_.score as score16_10_ 
    from
        user user0_
Hibernate: 
    select
        roles0_.user_id as user_id1_11_0_,
        roles0_.roles as roles2_11_0_ 
    from
        user_roles roles0_ 
    where
        roles0_.user_id=?
Hibernate: 
    select
        roles0_.user_id as user_id1_11_0_,
        roles0_.roles as roles2_11_0_ 
    from
        user_roles roles0_ 
    where
        roles0_.user_id=?
Hibernate: 
    select
        roles0_.user_id as user_id1_11_0_,
        roles0_.roles as roles2_11_0_ 
    from
        user_roles roles0_ 
    where
        roles0_.user_id=?
Hibernate: 
    select
        roles0_.user_id as user_id1_11_0_,
        roles0_.roles as roles2_11_0_ 
    from
        user_roles roles0_ 
    where
        roles0_.user_id=?
Hibernate: 
    select
        roles0_.user_id as user_id1_11_0_,
        roles0_.roles as roles2_11_0_ 
    from
        user_roles roles0_ 
    where
        roles0_.user_id=?
Hibernate: 
    insert 
    into
        story_pin_like
        (created_at, updated_at, story_pin_id, user_id) 
    values
        (?, ?, ?, ?)
Hibernate: 
    insert 
    into
        story_pin_comment
        (created_at, updated_at, content, story_pin_id, user_id) 
    values
        (?, ?, ?, ?, ?)
Hibernate: 
    select
        user0_.id as id1_10_,
        user0_.created_at as created_2_10_,
        user0_.updated_at as updated_3_10_,
        user0_.age as age4_10_,
        user0_.background_image as backgrou5_10_,
        user0_.email as email6_10_,
        user0_.gender as gender7_10_,
        user0_.hobby as hobby8_10_,
        user0_.introduce as introduc9_10_,
        user0_.job as job10_10_,
        user0_.name as name11_10_,
        user0_.nick_name as nick_na12_10_,
        user0_.phone_num as phone_n13_10_,
        user0_.profile_image as profile14_10_,
        user0_.res_red_number as res_red15_10_,
        user0_.score as score16_10_ 
    from
        user user0_
Hibernate: 
    select
        roles0_.user_id as user_id1_11_0_,
        roles0_.roles as roles2_11_0_ 
    from
        user_roles roles0_ 
    where
        roles0_.user_id=?
Hibernate: 
    select
        roles0_.user_id as user_id1_11_0_,
        roles0_.roles as roles2_11_0_ 
    from
        user_roles roles0_ 
    where
        roles0_.user_id=?
Hibernate: 
    select
        roles0_.user_id as user_id1_11_0_,
        roles0_.roles as roles2_11_0_ 
    from
        user_roles roles0_ 
    where
        roles0_.user_id=?
Hibernate: 
    select
        roles0_.user_id as user_id1_11_0_,
        roles0_.roles as roles2_11_0_ 
    from
        user_roles roles0_ 
    where
        roles0_.user_id=?
Hibernate: 
    select
        roles0_.user_id as user_id1_11_0_,
        roles0_.roles as roles2_11_0_ 
    from
        user_roles roles0_ 
    where
        roles0_.user_id=?
Hibernate: 
    select
        user0_.id as id1_10_,
        user0_.created_at as created_2_10_,
        user0_.updated_at as updated_3_10_,
        user0_.age as age4_10_,
        user0_.background_image as backgrou5_10_,
        user0_.email as email6_10_,
        user0_.gender as gender7_10_,
        user0_.hobby as hobby8_10_,
        user0_.introduce as introduc9_10_,
        user0_.job as job10_10_,
        user0_.name as name11_10_,
        user0_.nick_name as nick_na12_10_,
        user0_.phone_num as phone_n13_10_,
        user0_.profile_image as profile14_10_,
        user0_.res_red_number as res_red15_10_,
        user0_.score as score16_10_ 
    from
        user user0_
Hibernate: 
    select
        roles0_.user_id as user_id1_11_0_,
        roles0_.roles as roles2_11_0_ 
    from
        user_roles roles0_ 
    where
        roles0_.user_id=?
Hibernate: 
    select
        roles0_.user_id as user_id1_11_0_,
        roles0_.roles as roles2_11_0_ 
    from
        user_roles roles0_ 
    where
        roles0_.user_id=?
Hibernate: 
    select
        roles0_.user_id as user_id1_11_0_,
        roles0_.roles as roles2_11_0_ 
    from
        user_roles roles0_ 
    where
        roles0_.user_id=?
Hibernate: 
    select
        roles0_.user_id as user_id1_11_0_,
        roles0_.roles as roles2_11_0_ 
    from
        user_roles roles0_ 
    where
        roles0_.user_id=?
Hibernate: 
    select
        roles0_.user_id as user_id1_11_0_,
        roles0_.roles as roles2_11_0_ 
    from
        user_roles roles0_ 
    where
        roles0_.user_id=?
Hibernate: 
    insert 
    into
        story_pin_like
        (created_at, updated_at, story_pin_id, user_id) 
    values
        (?, ?, ?, ?)
Hibernate: 
    insert 
    into
        story_pin_comment
        (created_at, updated_at, content, story_pin_id, user_id) 
    values
        (?, ?, ?, ?, ?)
Hibernate: 
    select
        user0_.id as id1_10_,
        user0_.created_at as created_2_10_,
        user0_.updated_at as updated_3_10_,
        user0_.age as age4_10_,
        user0_.background_image as backgrou5_10_,
        user0_.email as email6_10_,
        user0_.gender as gender7_10_,
        user0_.hobby as hobby8_10_,
        user0_.introduce as introduc9_10_,
        user0_.job as job10_10_,
        user0_.name as name11_10_,
        user0_.nick_name as nick_na12_10_,
        user0_.phone_num as phone_n13_10_,
        user0_.profile_image as profile14_10_,
        user0_.res_red_number as res_red15_10_,
        user0_.score as score16_10_ 
    from
        user user0_
Hibernate: 
    select
        roles0_.user_id as user_id1_11_0_,
        roles0_.roles as roles2_11_0_ 
    from
        user_roles roles0_ 
    where
        roles0_.user_id=?
Hibernate: 
    select
        roles0_.user_id as user_id1_11_0_,
        roles0_.roles as roles2_11_0_ 
    from
        user_roles roles0_ 
    where
        roles0_.user_id=?
Hibernate: 
    select
        roles0_.user_id as user_id1_11_0_,
        roles0_.roles as roles2_11_0_ 
    from
        user_roles roles0_ 
    where
        roles0_.user_id=?
Hibernate: 
    select
        roles0_.user_id as user_id1_11_0_,
        roles0_.roles as roles2_11_0_ 
    from
        user_roles roles0_ 
    where
        roles0_.user_id=?
Hibernate: 
    select
        roles0_.user_id as user_id1_11_0_,
        roles0_.roles as roles2_11_0_ 
    from
        user_roles roles0_ 
    where
        roles0_.user_id=?
Hibernate: 
    select
        user0_.id as id1_10_,
        user0_.created_at as created_2_10_,
        user0_.updated_at as updated_3_10_,
        user0_.age as age4_10_,
        user0_.background_image as backgrou5_10_,
        user0_.email as email6_10_,
        user0_.gender as gender7_10_,
        user0_.hobby as hobby8_10_,
        user0_.introduce as introduc9_10_,
        user0_.job as job10_10_,
        user0_.name as name11_10_,
        user0_.nick_name as nick_na12_10_,
        user0_.phone_num as phone_n13_10_,
        user0_.profile_image as profile14_10_,
        user0_.res_red_number as res_red15_10_,
        user0_.score as score16_10_ 
    from
        user user0_
Hibernate: 
    select
        roles0_.user_id as user_id1_11_0_,
        roles0_.roles as roles2_11_0_ 
    from
        user_roles roles0_ 
    where
        roles0_.user_id=?
Hibernate: 
    select
        roles0_.user_id as user_id1_11_0_,
        roles0_.roles as roles2_11_0_ 
    from
        user_roles roles0_ 
    where
        roles0_.user_id=?
Hibernate: 
    select
        roles0_.user_id as user_id1_11_0_,
        roles0_.roles as roles2_11_0_ 
    from
        user_roles roles0_ 
    where
        roles0_.user_id=?
Hibernate: 
    select
        roles0_.user_id as user_id1_11_0_,
        roles0_.roles as roles2_11_0_ 
    from
        user_roles roles0_ 
    where
        roles0_.user_id=?
Hibernate: 
    select
        roles0_.user_id as user_id1_11_0_,
        roles0_.roles as roles2_11_0_ 
    from
        user_roles roles0_ 
    where
        roles0_.user_id=?
Hibernate: 
    insert 
    into
        story_pin_like
        (created_at, updated_at, story_pin_id, user_id) 
    values
        (?, ?, ?, ?)
Hibernate: 
    insert 
    into
        story_pin_comment
        (created_at, updated_at, content, story_pin_id, user_id) 
    values
        (?, ?, ?, ?, ?)
Hibernate: 
    select
        user0_.id as id1_10_,
        user0_.created_at as created_2_10_,
        user0_.updated_at as updated_3_10_,
        user0_.age as age4_10_,
        user0_.background_image as backgrou5_10_,
        user0_.email as email6_10_,
        user0_.gender as gender7_10_,
        user0_.hobby as hobby8_10_,
        user0_.introduce as introduc9_10_,
        user0_.job as job10_10_,
        user0_.name as name11_10_,
        user0_.nick_name as nick_na12_10_,
        user0_.phone_num as phone_n13_10_,
        user0_.profile_image as profile14_10_,
        user0_.res_red_number as res_red15_10_,
        user0_.score as score16_10_ 
    from
        user user0_
Hibernate: 
    select
        roles0_.user_id as user_id1_11_0_,
        roles0_.roles as roles2_11_0_ 
    from
        user_roles roles0_ 
    where
        roles0_.user_id=?
Hibernate: 
    select
        roles0_.user_id as user_id1_11_0_,
        roles0_.roles as roles2_11_0_ 
    from
        user_roles roles0_ 
    where
        roles0_.user_id=?
Hibernate: 
    select
        roles0_.user_id as user_id1_11_0_,
        roles0_.roles as roles2_11_0_ 
    from
        user_roles roles0_ 
    where
        roles0_.user_id=?
Hibernate: 
    select
        roles0_.user_id as user_id1_11_0_,
        roles0_.roles as roles2_11_0_ 
    from
        user_roles roles0_ 
    where
        roles0_.user_id=?
Hibernate: 
    select
        roles0_.user_id as user_id1_11_0_,
        roles0_.roles as roles2_11_0_ 
    from
        user_roles roles0_ 
    where
        roles0_.user_id=?
Hibernate: 
    select
        user0_.id as id1_10_,
        user0_.created_at as created_2_10_,
        user0_.updated_at as updated_3_10_,
        user0_.age as age4_10_,
        user0_.background_image as backgrou5_10_,
        user0_.email as email6_10_,
        user0_.gender as gender7_10_,
        user0_.hobby as hobby8_10_,
        user0_.introduce as introduc9_10_,
        user0_.job as job10_10_,
        user0_.name as name11_10_,
        user0_.nick_name as nick_na12_10_,
        user0_.phone_num as phone_n13_10_,
        user0_.profile_image as profile14_10_,
        user0_.res_red_number as res_red15_10_,
        user0_.score as score16_10_ 
    from
        user user0_
Hibernate: 
    select
        roles0_.user_id as user_id1_11_0_,
        roles0_.roles as roles2_11_0_ 
    from
        user_roles roles0_ 
    where
        roles0_.user_id=?
Hibernate: 
    select
        roles0_.user_id as user_id1_11_0_,
        roles0_.roles as roles2_11_0_ 
    from
        user_roles roles0_ 
    where
        roles0_.user_id=?
Hibernate: 
    select
        roles0_.user_id as user_id1_11_0_,
        roles0_.roles as roles2_11_0_ 
    from
        user_roles roles0_ 
    where
        roles0_.user_id=?
Hibernate: 
    select
        roles0_.user_id as user_id1_11_0_,
        roles0_.roles as roles2_11_0_ 
    from
        user_roles roles0_ 
    where
        roles0_.user_id=?
Hibernate: 
    select
        roles0_.user_id as user_id1_11_0_,
        roles0_.roles as roles2_11_0_ 
    from
        user_roles roles0_ 
    where
        roles0_.user_id=?
Hibernate: 
    insert 
    into
        story_pin_like
        (created_at, updated_at, story_pin_id, user_id) 
    values
        (?, ?, ?, ?)
Hibernate: 
    insert 
    into
        story_pin_comment
        (created_at, updated_at, content, story_pin_id, user_id) 
    values
        (?, ?, ?, ?, ?)
Hibernate: 
    select
        user0_.id as id1_10_,
        user0_.created_at as created_2_10_,
        user0_.updated_at as updated_3_10_,
        user0_.age as age4_10_,
        user0_.background_image as backgrou5_10_,
        user0_.email as email6_10_,
        user0_.gender as gender7_10_,
        user0_.hobby as hobby8_10_,
        user0_.introduce as introduc9_10_,
        user0_.job as job10_10_,
        user0_.name as name11_10_,
        user0_.nick_name as nick_na12_10_,
        user0_.phone_num as phone_n13_10_,
        user0_.profile_image as profile14_10_,
        user0_.res_red_number as res_red15_10_,
        user0_.score as score16_10_ 
    from
        user user0_
Hibernate: 
    select
        roles0_.user_id as user_id1_11_0_,
        roles0_.roles as roles2_11_0_ 
    from
        user_roles roles0_ 
    where
        roles0_.user_id=?
Hibernate: 
    select
        roles0_.user_id as user_id1_11_0_,
        roles0_.roles as roles2_11_0_ 
    from
        user_roles roles0_ 
    where
        roles0_.user_id=?
Hibernate: 
    select
        roles0_.user_id as user_id1_11_0_,
        roles0_.roles as roles2_11_0_ 
    from
        user_roles roles0_ 
    where
        roles0_.user_id=?
Hibernate: 
    select
        roles0_.user_id as user_id1_11_0_,
        roles0_.roles as roles2_11_0_ 
    from
        user_roles roles0_ 
    where
        roles0_.user_id=?
Hibernate: 
    select
        roles0_.user_id as user_id1_11_0_,
        roles0_.roles as roles2_11_0_ 
    from
        user_roles roles0_ 
    where
        roles0_.user_id=?
Hibernate: 
    select
        user0_.id as id1_10_,
        user0_.created_at as created_2_10_,
        user0_.updated_at as updated_3_10_,
        user0_.age as age4_10_,
        user0_.background_image as backgrou5_10_,
        user0_.email as email6_10_,
        user0_.gender as gender7_10_,
        user0_.hobby as hobby8_10_,
        user0_.introduce as introduc9_10_,
        user0_.job as job10_10_,
        user0_.name as name11_10_,
        user0_.nick_name as nick_na12_10_,
        user0_.phone_num as phone_n13_10_,
        user0_.profile_image as profile14_10_,
        user0_.res_red_number as res_red15_10_,
        user0_.score as score16_10_ 
    from
        user user0_
Hibernate: 
    select
        roles0_.user_id as user_id1_11_0_,
        roles0_.roles as roles2_11_0_ 
    from
        user_roles roles0_ 
    where
        roles0_.user_id=?
Hibernate: 
    select
        roles0_.user_id as user_id1_11_0_,
        roles0_.roles as roles2_11_0_ 
    from
        user_roles roles0_ 
    where
        roles0_.user_id=?
Hibernate: 
    select
        roles0_.user_id as user_id1_11_0_,
        roles0_.roles as roles2_11_0_ 
    from
        user_roles roles0_ 
    where
        roles0_.user_id=?
Hibernate: 
    select
        roles0_.user_id as user_id1_11_0_,
        roles0_.roles as roles2_11_0_ 
    from
        user_roles roles0_ 
    where
        roles0_.user_id=?
Hibernate: 
    select
        roles0_.user_id as user_id1_11_0_,
        roles0_.roles as roles2_11_0_ 
    from
        user_roles roles0_ 
    where
        roles0_.user_id=?
Hibernate: 
    insert 
    into
        story_pin_like
        (created_at, updated_at, story_pin_id, user_id) 
    values
        (?, ?, ?, ?)
Hibernate: 
    insert 
    into
        story_pin_comment
        (created_at, updated_at, content, story_pin_id, user_id) 
    values
        (?, ?, ?, ?, ?)
Hibernate: 
    select
        user0_.id as id1_10_,
        user0_.created_at as created_2_10_,
        user0_.updated_at as updated_3_10_,
        user0_.age as age4_10_,
        user0_.background_image as backgrou5_10_,
        user0_.email as email6_10_,
        user0_.gender as gender7_10_,
        user0_.hobby as hobby8_10_,
        user0_.introduce as introduc9_10_,
        user0_.job as job10_10_,
        user0_.name as name11_10_,
        user0_.nick_name as nick_na12_10_,
        user0_.phone_num as phone_n13_10_,
        user0_.profile_image as profile14_10_,
        user0_.res_red_number as res_red15_10_,
        user0_.score as score16_10_ 
    from
        user user0_
Hibernate: 
    select
        roles0_.user_id as user_id1_11_0_,
        roles0_.roles as roles2_11_0_ 
    from
        user_roles roles0_ 
    where
        roles0_.user_id=?
Hibernate: 
    select
        roles0_.user_id as user_id1_11_0_,
        roles0_.roles as roles2_11_0_ 
    from
        user_roles roles0_ 
    where
        roles0_.user_id=?
Hibernate: 
    select
        roles0_.user_id as user_id1_11_0_,
        roles0_.roles as roles2_11_0_ 
    from
        user_roles roles0_ 
    where
        roles0_.user_id=?
Hibernate: 
    select
        roles0_.user_id as user_id1_11_0_,
        roles0_.roles as roles2_11_0_ 
    from
        user_roles roles0_ 
    where
        roles0_.user_id=?
Hibernate: 
    select
        roles0_.user_id as user_id1_11_0_,
        roles0_.roles as roles2_11_0_ 
    from
        user_roles roles0_ 
    where
        roles0_.user_id=?
Hibernate: 
    select
        user0_.id as id1_10_,
        user0_.created_at as created_2_10_,
        user0_.updated_at as updated_3_10_,
        user0_.age as age4_10_,
        user0_.background_image as backgrou5_10_,
        user0_.email as email6_10_,
        user0_.gender as gender7_10_,
        user0_.hobby as hobby8_10_,
        user0_.introduce as introduc9_10_,
        user0_.job as job10_10_,
        user0_.name as name11_10_,
        user0_.nick_name as nick_na12_10_,
        user0_.phone_num as phone_n13_10_,
        user0_.profile_image as profile14_10_,
        user0_.res_red_number as res_red15_10_,
        user0_.score as score16_10_ 
    from
        user user0_
Hibernate: 
    select
        roles0_.user_id as user_id1_11_0_,
        roles0_.roles as roles2_11_0_ 
    from
        user_roles roles0_ 
    where
        roles0_.user_id=?
Hibernate: 
    select
        roles0_.user_id as user_id1_11_0_,
        roles0_.roles as roles2_11_0_ 
    from
        user_roles roles0_ 
    where
        roles0_.user_id=?
Hibernate: 
    select
        roles0_.user_id as user_id1_11_0_,
        roles0_.roles as roles2_11_0_ 
    from
        user_roles roles0_ 
    where
        roles0_.user_id=?
Hibernate: 
    select
        roles0_.user_id as user_id1_11_0_,
        roles0_.roles as roles2_11_0_ 
    from
        user_roles roles0_ 
    where
        roles0_.user_id=?
Hibernate: 
    select
        roles0_.user_id as user_id1_11_0_,
        roles0_.roles as roles2_11_0_ 
    from
        user_roles roles0_ 
    where
        roles0_.user_id=?
Hibernate: 
    insert 
    into
        story_pin_like
        (created_at, updated_at, story_pin_id, user_id) 
    values
        (?, ?, ?, ?)
Hibernate: 
    insert 
    into
        story_pin_comment
        (created_at, updated_at, content, story_pin_id, user_id) 
    values
        (?, ?, ?, ?, ?)
Hibernate: 
    select
        user0_.id as id1_10_,
        user0_.created_at as created_2_10_,
        user0_.updated_at as updated_3_10_,
        user0_.age as age4_10_,
        user0_.background_image as backgrou5_10_,
        user0_.email as email6_10_,
        user0_.gender as gender7_10_,
        user0_.hobby as hobby8_10_,
        user0_.introduce as introduc9_10_,
        user0_.job as job10_10_,
        user0_.name as name11_10_,
        user0_.nick_name as nick_na12_10_,
        user0_.phone_num as phone_n13_10_,
        user0_.profile_image as profile14_10_,
        user0_.res_red_number as res_red15_10_,
        user0_.score as score16_10_ 
    from
        user user0_
Hibernate: 
    select
        roles0_.user_id as user_id1_11_0_,
        roles0_.roles as roles2_11_0_ 
    from
        user_roles roles0_ 
    where
        roles0_.user_id=?
Hibernate: 
    select
        roles0_.user_id as user_id1_11_0_,
        roles0_.roles as roles2_11_0_ 
    from
        user_roles roles0_ 
    where
        roles0_.user_id=?
Hibernate: 
    select
        roles0_.user_id as user_id1_11_0_,
        roles0_.roles as roles2_11_0_ 
    from
        user_roles roles0_ 
    where
        roles0_.user_id=?
Hibernate: 
    select
        roles0_.user_id as user_id1_11_0_,
        roles0_.roles as roles2_11_0_ 
    from
        user_roles roles0_ 
    where
        roles0_.user_id=?
Hibernate: 
    select
        roles0_.user_id as user_id1_11_0_,
        roles0_.roles as roles2_11_0_ 
    from
        user_roles roles0_ 
    where
        roles0_.user_id=?
Hibernate: 
    select
        user0_.id as id1_10_,
        user0_.created_at as created_2_10_,
        user0_.updated_at as updated_3_10_,
        user0_.age as age4_10_,
        user0_.background_image as backgrou5_10_,
        user0_.email as email6_10_,
        user0_.gender as gender7_10_,
        user0_.hobby as hobby8_10_,
        user0_.introduce as introduc9_10_,
        user0_.job as job10_10_,
        user0_.name as name11_10_,
        user0_.nick_name as nick_na12_10_,
        user0_.phone_num as phone_n13_10_,
        user0_.profile_image as profile14_10_,
        user0_.res_red_number as res_red15_10_,
        user0_.score as score16_10_ 
    from
        user user0_
Hibernate: 
    select
        roles0_.user_id as user_id1_11_0_,
        roles0_.roles as roles2_11_0_ 
    from
        user_roles roles0_ 
    where
        roles0_.user_id=?
Hibernate: 
    select
        roles0_.user_id as user_id1_11_0_,
        roles0_.roles as roles2_11_0_ 
    from
        user_roles roles0_ 
    where
        roles0_.user_id=?
Hibernate: 
    select
        roles0_.user_id as user_id1_11_0_,
        roles0_.roles as roles2_11_0_ 
    from
        user_roles roles0_ 
    where
        roles0_.user_id=?
Hibernate: 
    select
        roles0_.user_id as user_id1_11_0_,
        roles0_.roles as roles2_11_0_ 
    from
        user_roles roles0_ 
    where
        roles0_.user_id=?
Hibernate: 
    select
        roles0_.user_id as user_id1_11_0_,
        roles0_.roles as roles2_11_0_ 
    from
        user_roles roles0_ 
    where
        roles0_.user_id=?
Hibernate: 
    insert 
    into
        story_pin_like
        (created_at, updated_at, story_pin_id, user_id) 
    values
        (?, ?, ?, ?)
Hibernate: 
    insert 
    into
        story_pin_comment
        (created_at, updated_at, content, story_pin_id, user_id) 
    values
        (?, ?, ?, ?, ?)
Hibernate: 
    select
        user0_.id as id1_10_,
        user0_.created_at as created_2_10_,
        user0_.updated_at as updated_3_10_,
        user0_.age as age4_10_,
        user0_.background_image as backgrou5_10_,
        user0_.email as email6_10_,
        user0_.gender as gender7_10_,
        user0_.hobby as hobby8_10_,
        user0_.introduce as introduc9_10_,
        user0_.job as job10_10_,
        user0_.name as name11_10_,
        user0_.nick_name as nick_na12_10_,
        user0_.phone_num as phone_n13_10_,
        user0_.profile_image as profile14_10_,
        user0_.res_red_number as res_red15_10_,
        user0_.score as score16_10_ 
    from
        user user0_
Hibernate: 
    select
        roles0_.user_id as user_id1_11_0_,
        roles0_.roles as roles2_11_0_ 
    from
        user_roles roles0_ 
    where
        roles0_.user_id=?
Hibernate: 
    select
        roles0_.user_id as user_id1_11_0_,
        roles0_.roles as roles2_11_0_ 
    from
        user_roles roles0_ 
    where
        roles0_.user_id=?
Hibernate: 
    select
        roles0_.user_id as user_id1_11_0_,
        roles0_.roles as roles2_11_0_ 
    from
        user_roles roles0_ 
    where
        roles0_.user_id=?
Hibernate: 
    select
        roles0_.user_id as user_id1_11_0_,
        roles0_.roles as roles2_11_0_ 
    from
        user_roles roles0_ 
    where
        roles0_.user_id=?
Hibernate: 
    select
        roles0_.user_id as user_id1_11_0_,
        roles0_.roles as roles2_11_0_ 
    from
        user_roles roles0_ 
    where
        roles0_.user_id=?
Hibernate: 
    select
        user0_.id as id1_10_,
        user0_.created_at as created_2_10_,
        user0_.updated_at as updated_3_10_,
        user0_.age as age4_10_,
        user0_.background_image as backgrou5_10_,
        user0_.email as email6_10_,
        user0_.gender as gender7_10_,
        user0_.hobby as hobby8_10_,
        user0_.introduce as introduc9_10_,
        user0_.job as job10_10_,
        user0_.name as name11_10_,
        user0_.nick_name as nick_na12_10_,
        user0_.phone_num as phone_n13_10_,
        user0_.profile_image as profile14_10_,
        user0_.res_red_number as res_red15_10_,
        user0_.score as score16_10_ 
    from
        user user0_
Hibernate: 
    select
        roles0_.user_id as user_id1_11_0_,
        roles0_.roles as roles2_11_0_ 
    from
        user_roles roles0_ 
    where
        roles0_.user_id=?
Hibernate: 
    select
        roles0_.user_id as user_id1_11_0_,
        roles0_.roles as roles2_11_0_ 
    from
        user_roles roles0_ 
    where
        roles0_.user_id=?
Hibernate: 
    select
        roles0_.user_id as user_id1_11_0_,
        roles0_.roles as roles2_11_0_ 
    from
        user_roles roles0_ 
    where
        roles0_.user_id=?
Hibernate: 
    select
        roles0_.user_id as user_id1_11_0_,
        roles0_.roles as roles2_11_0_ 
    from
        user_roles roles0_ 
    where
        roles0_.user_id=?
Hibernate: 
    select
        roles0_.user_id as user_id1_11_0_,
        roles0_.roles as roles2_11_0_ 
    from
        user_roles roles0_ 
    where
        roles0_.user_id=?
Hibernate: 
    insert 
    into
        story_pin_like
        (created_at, updated_at, story_pin_id, user_id) 
    values
        (?, ?, ?, ?)
Hibernate: 
    insert 
    into
        story_pin_comment
        (created_at, updated_at, content, story_pin_id, user_id) 
    values
        (?, ?, ?, ?, ?)
Hibernate: 
    select
        user0_.id as id1_10_,
        user0_.created_at as created_2_10_,
        user0_.updated_at as updated_3_10_,
        user0_.age as age4_10_,
        user0_.background_image as backgrou5_10_,
        user0_.email as email6_10_,
        user0_.gender as gender7_10_,
        user0_.hobby as hobby8_10_,
        user0_.introduce as introduc9_10_,
        user0_.job as job10_10_,
        user0_.name as name11_10_,
        user0_.nick_name as nick_na12_10_,
        user0_.phone_num as phone_n13_10_,
        user0_.profile_image as profile14_10_,
        user0_.res_red_number as res_red15_10_,
        user0_.score as score16_10_ 
    from
        user user0_
Hibernate: 
    select
        roles0_.user_id as user_id1_11_0_,
        roles0_.roles as roles2_11_0_ 
    from
        user_roles roles0_ 
    where
        roles0_.user_id=?
Hibernate: 
    select
        roles0_.user_id as user_id1_11_0_,
        roles0_.roles as roles2_11_0_ 
    from
        user_roles roles0_ 
    where
        roles0_.user_id=?
Hibernate: 
    select
        roles0_.user_id as user_id1_11_0_,
        roles0_.roles as roles2_11_0_ 
    from
        user_roles roles0_ 
    where
        roles0_.user_id=?
Hibernate: 
    select
        roles0_.user_id as user_id1_11_0_,
        roles0_.roles as roles2_11_0_ 
    from
        user_roles roles0_ 
    where
        roles0_.user_id=?
Hibernate: 
    select
        roles0_.user_id as user_id1_11_0_,
        roles0_.roles as roles2_11_0_ 
    from
        user_roles roles0_ 
    where
        roles0_.user_id=?
Hibernate: 
    select
        user0_.id as id1_10_,
        user0_.created_at as created_2_10_,
        user0_.updated_at as updated_3_10_,
        user0_.age as age4_10_,
        user0_.background_image as backgrou5_10_,
        user0_.email as email6_10_,
        user0_.gender as gender7_10_,
        user0_.hobby as hobby8_10_,
        user0_.introduce as introduc9_10_,
        user0_.job as job10_10_,
        user0_.name as name11_10_,
        user0_.nick_name as nick_na12_10_,
        user0_.phone_num as phone_n13_10_,
        user0_.profile_image as profile14_10_,
        user0_.res_red_number as res_red15_10_,
        user0_.score as score16_10_ 
    from
        user user0_
Hibernate: 
    select
        roles0_.user_id as user_id1_11_0_,
        roles0_.roles as roles2_11_0_ 
    from
        user_roles roles0_ 
    where
        roles0_.user_id=?
Hibernate: 
    select
        roles0_.user_id as user_id1_11_0_,
        roles0_.roles as roles2_11_0_ 
    from
        user_roles roles0_ 
    where
        roles0_.user_id=?
Hibernate: 
    select
        roles0_.user_id as user_id1_11_0_,
        roles0_.roles as roles2_11_0_ 
    from
        user_roles roles0_ 
    where
        roles0_.user_id=?
Hibernate: 
    select
        roles0_.user_id as user_id1_11_0_,
        roles0_.roles as roles2_11_0_ 
    from
        user_roles roles0_ 
    where
        roles0_.user_id=?
Hibernate: 
    select
        roles0_.user_id as user_id1_11_0_,
        roles0_.roles as roles2_11_0_ 
    from
        user_roles roles0_ 
    where
        roles0_.user_id=?
Hibernate: 
    insert 
    into
        story_pin_like
        (created_at, updated_at, story_pin_id, user_id) 
    values
        (?, ?, ?, ?)
Hibernate: 
    insert 
    into
        story_pin_comment
        (created_at, updated_at, content, story_pin_id, user_id) 
    values
        (?, ?, ?, ?, ?)
Hibernate: 
    select
        user0_.id as id1_10_,
        user0_.created_at as created_2_10_,
        user0_.updated_at as updated_3_10_,
        user0_.age as age4_10_,
        user0_.background_image as backgrou5_10_,
        user0_.email as email6_10_,
        user0_.gender as gender7_10_,
        user0_.hobby as hobby8_10_,
        user0_.introduce as introduc9_10_,
        user0_.job as job10_10_,
        user0_.name as name11_10_,
        user0_.nick_name as nick_na12_10_,
        user0_.phone_num as phone_n13_10_,
        user0_.profile_image as profile14_10_,
        user0_.res_red_number as res_red15_10_,
        user0_.score as score16_10_ 
    from
        user user0_
Hibernate: 
    select
        roles0_.user_id as user_id1_11_0_,
        roles0_.roles as roles2_11_0_ 
    from
        user_roles roles0_ 
    where
        roles0_.user_id=?
Hibernate: 
    select
        roles0_.user_id as user_id1_11_0_,
        roles0_.roles as roles2_11_0_ 
    from
        user_roles roles0_ 
    where
        roles0_.user_id=?
Hibernate: 
    select
        roles0_.user_id as user_id1_11_0_,
        roles0_.roles as roles2_11_0_ 
    from
        user_roles roles0_ 
    where
        roles0_.user_id=?
Hibernate: 
    select
        roles0_.user_id as user_id1_11_0_,
        roles0_.roles as roles2_11_0_ 
    from
        user_roles roles0_ 
    where
        roles0_.user_id=?
Hibernate: 
    select
        roles0_.user_id as user_id1_11_0_,
        roles0_.roles as roles2_11_0_ 
    from
        user_roles roles0_ 
    where
        roles0_.user_id=?
Hibernate: 
    select
        user0_.id as id1_10_,
        user0_.created_at as created_2_10_,
        user0_.updated_at as updated_3_10_,
        user0_.age as age4_10_,
        user0_.background_image as backgrou5_10_,
        user0_.email as email6_10_,
        user0_.gender as gender7_10_,
        user0_.hobby as hobby8_10_,
        user0_.introduce as introduc9_10_,
        user0_.job as job10_10_,
        user0_.name as name11_10_,
        user0_.nick_name as nick_na12_10_,
        user0_.phone_num as phone_n13_10_,
        user0_.profile_image as profile14_10_,
        user0_.res_red_number as res_red15_10_,
        user0_.score as score16_10_ 
    from
        user user0_
Hibernate: 
    select
        roles0_.user_id as user_id1_11_0_,
        roles0_.roles as roles2_11_0_ 
    from
        user_roles roles0_ 
    where
        roles0_.user_id=?
Hibernate: 
    select
        roles0_.user_id as user_id1_11_0_,
        roles0_.roles as roles2_11_0_ 
    from
        user_roles roles0_ 
    where
        roles0_.user_id=?
Hibernate: 
    select
        roles0_.user_id as user_id1_11_0_,
        roles0_.roles as roles2_11_0_ 
    from
        user_roles roles0_ 
    where
        roles0_.user_id=?
Hibernate: 
    select
        roles0_.user_id as user_id1_11_0_,
        roles0_.roles as roles2_11_0_ 
    from
        user_roles roles0_ 
    where
        roles0_.user_id=?
Hibernate: 
    select
        roles0_.user_id as user_id1_11_0_,
        roles0_.roles as roles2_11_0_ 
    from
        user_roles roles0_ 
    where
        roles0_.user_id=?
Hibernate: 
    insert 
    into
        story_pin_like
        (created_at, updated_at, story_pin_id, user_id) 
    values
        (?, ?, ?, ?)
Hibernate: 
    insert 
    into
        story_pin_comment
        (created_at, updated_at, content, story_pin_id, user_id) 
    values
        (?, ?, ?, ?, ?)
Hibernate: 
    select
        user0_.id as id1_10_,
        user0_.created_at as created_2_10_,
        user0_.updated_at as updated_3_10_,
        user0_.age as age4_10_,
        user0_.background_image as backgrou5_10_,
        user0_.email as email6_10_,
        user0_.gender as gender7_10_,
        user0_.hobby as hobby8_10_,
        user0_.introduce as introduc9_10_,
        user0_.job as job10_10_,
        user0_.name as name11_10_,
        user0_.nick_name as nick_na12_10_,
        user0_.phone_num as phone_n13_10_,
        user0_.profile_image as profile14_10_,
        user0_.res_red_number as res_red15_10_,
        user0_.score as score16_10_ 
    from
        user user0_
Hibernate: 
    select
        roles0_.user_id as user_id1_11_0_,
        roles0_.roles as roles2_11_0_ 
    from
        user_roles roles0_ 
    where
        roles0_.user_id=?
Hibernate: 
    select
        roles0_.user_id as user_id1_11_0_,
        roles0_.roles as roles2_11_0_ 
    from
        user_roles roles0_ 
    where
        roles0_.user_id=?
Hibernate: 
    select
        roles0_.user_id as user_id1_11_0_,
        roles0_.roles as roles2_11_0_ 
    from
        user_roles roles0_ 
    where
        roles0_.user_id=?
Hibernate: 
    select
        roles0_.user_id as user_id1_11_0_,
        roles0_.roles as roles2_11_0_ 
    from
        user_roles roles0_ 
    where
        roles0_.user_id=?
Hibernate: 
    select
        roles0_.user_id as user_id1_11_0_,
        roles0_.roles as roles2_11_0_ 
    from
        user_roles roles0_ 
    where
        roles0_.user_id=?
Hibernate: 
    select
        user0_.id as id1_10_,
        user0_.created_at as created_2_10_,
        user0_.updated_at as updated_3_10_,
        user0_.age as age4_10_,
        user0_.background_image as backgrou5_10_,
        user0_.email as email6_10_,
        user0_.gender as gender7_10_,
        user0_.hobby as hobby8_10_,
        user0_.introduce as introduc9_10_,
        user0_.job as job10_10_,
        user0_.name as name11_10_,
        user0_.nick_name as nick_na12_10_,
        user0_.phone_num as phone_n13_10_,
        user0_.profile_image as profile14_10_,
        user0_.res_red_number as res_red15_10_,
        user0_.score as score16_10_ 
    from
        user user0_
Hibernate: 
    select
        roles0_.user_id as user_id1_11_0_,
        roles0_.roles as roles2_11_0_ 
    from
        user_roles roles0_ 
    where
        roles0_.user_id=?
Hibernate: 
    select
        roles0_.user_id as user_id1_11_0_,
        roles0_.roles as roles2_11_0_ 
    from
        user_roles roles0_ 
    where
        roles0_.user_id=?
Hibernate: 
    select
        roles0_.user_id as user_id1_11_0_,
        roles0_.roles as roles2_11_0_ 
    from
        user_roles roles0_ 
    where
        roles0_.user_id=?
Hibernate: 
    select
        roles0_.user_id as user_id1_11_0_,
        roles0_.roles as roles2_11_0_ 
    from
        user_roles roles0_ 
    where
        roles0_.user_id=?
Hibernate: 
    select
        roles0_.user_id as user_id1_11_0_,
        roles0_.roles as roles2_11_0_ 
    from
        user_roles roles0_ 
    where
        roles0_.user_id=?
Hibernate: 
    insert 
    into
        story_pin_like
        (created_at, updated_at, story_pin_id, user_id) 
    values
        (?, ?, ?, ?)
Hibernate: 
    insert 
    into
        story_pin_comment
        (created_at, updated_at, content, story_pin_id, user_id) 
    values
        (?, ?, ?, ?, ?)
Hibernate: 
    select
        user0_.id as id1_10_,
        user0_.created_at as created_2_10_,
        user0_.updated_at as updated_3_10_,
        user0_.age as age4_10_,
        user0_.background_image as backgrou5_10_,
        user0_.email as email6_10_,
        user0_.gender as gender7_10_,
        user0_.hobby as hobby8_10_,
        user0_.introduce as introduc9_10_,
        user0_.job as job10_10_,
        user0_.name as name11_10_,
        user0_.nick_name as nick_na12_10_,
        user0_.phone_num as phone_n13_10_,
        user0_.profile_image as profile14_10_,
        user0_.res_red_number as res_red15_10_,
        user0_.score as score16_10_ 
    from
        user user0_
Hibernate: 
    select
        roles0_.user_id as user_id1_11_0_,
        roles0_.roles as roles2_11_0_ 
    from
        user_roles roles0_ 
    where
        roles0_.user_id=?
Hibernate: 
    select
        roles0_.user_id as user_id1_11_0_,
        roles0_.roles as roles2_11_0_ 
    from
        user_roles roles0_ 
    where
        roles0_.user_id=?
Hibernate: 
    select
        roles0_.user_id as user_id1_11_0_,
        roles0_.roles as roles2_11_0_ 
    from
        user_roles roles0_ 
    where
        roles0_.user_id=?
Hibernate: 
    select
        roles0_.user_id as user_id1_11_0_,
        roles0_.roles as roles2_11_0_ 
    from
        user_roles roles0_ 
    where
        roles0_.user_id=?
Hibernate: 
    select
        roles0_.user_id as user_id1_11_0_,
        roles0_.roles as roles2_11_0_ 
    from
        user_roles roles0_ 
    where
        roles0_.user_id=?
Hibernate: 
    select
        user0_.id as id1_10_,
        user0_.created_at as created_2_10_,
        user0_.updated_at as updated_3_10_,
        user0_.age as age4_10_,
        user0_.background_image as backgrou5_10_,
        user0_.email as email6_10_,
        user0_.gender as gender7_10_,
        user0_.hobby as hobby8_10_,
        user0_.introduce as introduc9_10_,
        user0_.job as job10_10_,
        user0_.name as name11_10_,
        user0_.nick_name as nick_na12_10_,
        user0_.phone_num as phone_n13_10_,
        user0_.profile_image as profile14_10_,
        user0_.res_red_number as res_red15_10_,
        user0_.score as score16_10_ 
    from
        user user0_
Hibernate: 
    select
        roles0_.user_id as user_id1_11_0_,
        roles0_.roles as roles2_11_0_ 
    from
        user_roles roles0_ 
    where
        roles0_.user_id=?
Hibernate: 
    select
        roles0_.user_id as user_id1_11_0_,
        roles0_.roles as roles2_11_0_ 
    from
        user_roles roles0_ 
    where
        roles0_.user_id=?
Hibernate: 
    select
        roles0_.user_id as user_id1_11_0_,
        roles0_.roles as roles2_11_0_ 
    from
        user_roles roles0_ 
    where
        roles0_.user_id=?
Hibernate: 
    select
        roles0_.user_id as user_id1_11_0_,
        roles0_.roles as roles2_11_0_ 
    from
        user_roles roles0_ 
    where
        roles0_.user_id=?
Hibernate: 
    select
        roles0_.user_id as user_id1_11_0_,
        roles0_.roles as roles2_11_0_ 
    from
        user_roles roles0_ 
    where
        roles0_.user_id=?
Hibernate: 
    insert 
    into
        story_pin_like
        (created_at, updated_at, story_pin_id, user_id) 
    values
        (?, ?, ?, ?)
Hibernate: 
    insert 
    into
        story_pin_comment
        (created_at, updated_at, content, story_pin_id, user_id) 
    values
        (?, ?, ?, ?, ?)
Hibernate: 
    select
        user0_.id as id1_10_,
        user0_.created_at as created_2_10_,
        user0_.updated_at as updated_3_10_,
        user0_.age as age4_10_,
        user0_.background_image as backgrou5_10_,
        user0_.email as email6_10_,
        user0_.gender as gender7_10_,
        user0_.hobby as hobby8_10_,
        user0_.introduce as introduc9_10_,
        user0_.job as job10_10_,
        user0_.name as name11_10_,
        user0_.nick_name as nick_na12_10_,
        user0_.phone_num as phone_n13_10_,
        user0_.profile_image as profile14_10_,
        user0_.res_red_number as res_red15_10_,
        user0_.score as score16_10_ 
    from
        user user0_
Hibernate: 
    select
        roles0_.user_id as user_id1_11_0_,
        roles0_.roles as roles2_11_0_ 
    from
        user_roles roles0_ 
    where
        roles0_.user_id=?
Hibernate: 
    select
        roles0_.user_id as user_id1_11_0_,
        roles0_.roles as roles2_11_0_ 
    from
        user_roles roles0_ 
    where
        roles0_.user_id=?
Hibernate: 
    select
        roles0_.user_id as user_id1_11_0_,
        roles0_.roles as roles2_11_0_ 
    from
        user_roles roles0_ 
    where
        roles0_.user_id=?
Hibernate: 
    select
        roles0_.user_id as user_id1_11_0_,
        roles0_.roles as roles2_11_0_ 
    from
        user_roles roles0_ 
    where
        roles0_.user_id=?
Hibernate: 
    select
        roles0_.user_id as user_id1_11_0_,
        roles0_.roles as roles2_11_0_ 
    from
        user_roles roles0_ 
    where
        roles0_.user_id=?
Hibernate: 
    select
        user0_.id as id1_10_,
        user0_.created_at as created_2_10_,
        user0_.updated_at as updated_3_10_,
        user0_.age as age4_10_,
        user0_.background_image as backgrou5_10_,
        user0_.email as email6_10_,
        user0_.gender as gender7_10_,
        user0_.hobby as hobby8_10_,
        user0_.introduce as introduc9_10_,
        user0_.job as job10_10_,
        user0_.name as name11_10_,
        user0_.nick_name as nick_na12_10_,
        user0_.phone_num as phone_n13_10_,
        user0_.profile_image as profile14_10_,
        user0_.res_red_number as res_red15_10_,
        user0_.score as score16_10_ 
    from
        user user0_
Hibernate: 
    select
        roles0_.user_id as user_id1_11_0_,
        roles0_.roles as roles2_11_0_ 
    from
        user_roles roles0_ 
    where
        roles0_.user_id=?
Hibernate: 
    select
        roles0_.user_id as user_id1_11_0_,
        roles0_.roles as roles2_11_0_ 
    from
        user_roles roles0_ 
    where
        roles0_.user_id=?
Hibernate: 
    select
        roles0_.user_id as user_id1_11_0_,
        roles0_.roles as roles2_11_0_ 
    from
        user_roles roles0_ 
    where
        roles0_.user_id=?
Hibernate: 
    select
        roles0_.user_id as user_id1_11_0_,
        roles0_.roles as roles2_11_0_ 
    from
        user_roles roles0_ 
    where
        roles0_.user_id=?
Hibernate: 
    select
        roles0_.user_id as user_id1_11_0_,
        roles0_.roles as roles2_11_0_ 
    from
        user_roles roles0_ 
    where
        roles0_.user_id=?
Hibernate: 
    insert 
    into
        story_pin_like
        (created_at, updated_at, story_pin_id, user_id) 
    values
        (?, ?, ?, ?)
Hibernate: 
    insert 
    into
        story_pin_comment
        (created_at, updated_at, content, story_pin_id, user_id) 
    values
        (?, ?, ?, ?, ?)
Hibernate: 
    select
        user0_.id as id1_10_,
        user0_.created_at as created_2_10_,
        user0_.updated_at as updated_3_10_,
        user0_.age as age4_10_,
        user0_.background_image as backgrou5_10_,
        user0_.email as email6_10_,
        user0_.gender as gender7_10_,
        user0_.hobby as hobby8_10_,
        user0_.introduce as introduc9_10_,
        user0_.job as job10_10_,
        user0_.name as name11_10_,
        user0_.nick_name as nick_na12_10_,
        user0_.phone_num as phone_n13_10_,
        user0_.profile_image as profile14_10_,
        user0_.res_red_number as res_red15_10_,
        user0_.score as score16_10_ 
    from
        user user0_
Hibernate: 
    select
        roles0_.user_id as user_id1_11_0_,
        roles0_.roles as roles2_11_0_ 
    from
        user_roles roles0_ 
    where
        roles0_.user_id=?
Hibernate: 
    select
        roles0_.user_id as user_id1_11_0_,
        roles0_.roles as roles2_11_0_ 
    from
        user_roles roles0_ 
    where
        roles0_.user_id=?
Hibernate: 
    select
        roles0_.user_id as user_id1_11_0_,
        roles0_.roles as roles2_11_0_ 
    from
        user_roles roles0_ 
    where
        roles0_.user_id=?
Hibernate: 
    select
        roles0_.user_id as user_id1_11_0_,
        roles0_.roles as roles2_11_0_ 
    from
        user_roles roles0_ 
    where
        roles0_.user_id=?
Hibernate: 
    select
        roles0_.user_id as user_id1_11_0_,
        roles0_.roles as roles2_11_0_ 
    from
        user_roles roles0_ 
    where
        roles0_.user_id=?
Hibernate: 
    select
        user0_.id as id1_10_,
        user0_.created_at as created_2_10_,
        user0_.updated_at as updated_3_10_,
        user0_.age as age4_10_,
        user0_.background_image as backgrou5_10_,
        user0_.email as email6_10_,
        user0_.gender as gender7_10_,
        user0_.hobby as hobby8_10_,
        user0_.introduce as introduc9_10_,
        user0_.job as job10_10_,
        user0_.name as name11_10_,
        user0_.nick_name as nick_na12_10_,
        user0_.phone_num as phone_n13_10_,
        user0_.profile_image as profile14_10_,
        user0_.res_red_number as res_red15_10_,
        user0_.score as score16_10_ 
    from
        user user0_
Hibernate: 
    select
        roles0_.user_id as user_id1_11_0_,
        roles0_.roles as roles2_11_0_ 
    from
        user_roles roles0_ 
    where
        roles0_.user_id=?
Hibernate: 
    select
        roles0_.user_id as user_id1_11_0_,
        roles0_.roles as roles2_11_0_ 
    from
        user_roles roles0_ 
    where
        roles0_.user_id=?
Hibernate: 
    select
        roles0_.user_id as user_id1_11_0_,
        roles0_.roles as roles2_11_0_ 
    from
        user_roles roles0_ 
    where
        roles0_.user_id=?
Hibernate: 
    select
        roles0_.user_id as user_id1_11_0_,
        roles0_.roles as roles2_11_0_ 
    from
        user_roles roles0_ 
    where
        roles0_.user_id=?
Hibernate: 
    select
        roles0_.user_id as user_id1_11_0_,
        roles0_.roles as roles2_11_0_ 
    from
        user_roles roles0_ 
    where
        roles0_.user_id=?
Hibernate: 
    insert 
    into
        story_pin_like
        (created_at, updated_at, story_pin_id, user_id) 
    values
        (?, ?, ?, ?)
Hibernate: 
    insert 
    into
        story_pin_comment
        (created_at, updated_at, content, story_pin_id, user_id) 
    values
        (?, ?, ?, ?, ?)
Hibernate: 
    select
        user0_.id as id1_10_,
        user0_.created_at as created_2_10_,
        user0_.updated_at as updated_3_10_,
        user0_.age as age4_10_,
        user0_.background_image as backgrou5_10_,
        user0_.email as email6_10_,
        user0_.gender as gender7_10_,
        user0_.hobby as hobby8_10_,
        user0_.introduce as introduc9_10_,
        user0_.job as job10_10_,
        user0_.name as name11_10_,
        user0_.nick_name as nick_na12_10_,
        user0_.phone_num as phone_n13_10_,
        user0_.profile_image as profile14_10_,
        user0_.res_red_number as res_red15_10_,
        user0_.score as score16_10_ 
    from
        user user0_
Hibernate: 
    select
        roles0_.user_id as user_id1_11_0_,
        roles0_.roles as roles2_11_0_ 
    from
        user_roles roles0_ 
    where
        roles0_.user_id=?
Hibernate: 
    select
        roles0_.user_id as user_id1_11_0_,
        roles0_.roles as roles2_11_0_ 
    from
        user_roles roles0_ 
    where
        roles0_.user_id=?
Hibernate: 
    select
        roles0_.user_id as user_id1_11_0_,
        roles0_.roles as roles2_11_0_ 
    from
        user_roles roles0_ 
    where
        roles0_.user_id=?
Hibernate: 
    select
        roles0_.user_id as user_id1_11_0_,
        roles0_.roles as roles2_11_0_ 
    from
        user_roles roles0_ 
    where
        roles0_.user_id=?
Hibernate: 
    select
        roles0_.user_id as user_id1_11_0_,
        roles0_.roles as roles2_11_0_ 
    from
        user_roles roles0_ 
    where
        roles0_.user_id=?
Hibernate: 
    select
        user0_.id as id1_10_,
        user0_.created_at as created_2_10_,
        user0_.updated_at as updated_3_10_,
        user0_.age as age4_10_,
        user0_.background_image as backgrou5_10_,
        user0_.email as email6_10_,
        user0_.gender as gender7_10_,
        user0_.hobby as hobby8_10_,
        user0_.introduce as introduc9_10_,
        user0_.job as job10_10_,
        user0_.name as name11_10_,
        user0_.nick_name as nick_na12_10_,
        user0_.phone_num as phone_n13_10_,
        user0_.profile_image as profile14_10_,
        user0_.res_red_number as res_red15_10_,
        user0_.score as score16_10_ 
    from
        user user0_
Hibernate: 
    select
        roles0_.user_id as user_id1_11_0_,
        roles0_.roles as roles2_11_0_ 
    from
        user_roles roles0_ 
    where
        roles0_.user_id=?
Hibernate: 
    select
        roles0_.user_id as user_id1_11_0_,
        roles0_.roles as roles2_11_0_ 
    from
        user_roles roles0_ 
    where
        roles0_.user_id=?
Hibernate: 
    select
        roles0_.user_id as user_id1_11_0_,
        roles0_.roles as roles2_11_0_ 
    from
        user_roles roles0_ 
    where
        roles0_.user_id=?
Hibernate: 
    select
        roles0_.user_id as user_id1_11_0_,
        roles0_.roles as roles2_11_0_ 
    from
        user_roles roles0_ 
    where
        roles0_.user_id=?
Hibernate: 
    select
        roles0_.user_id as user_id1_11_0_,
        roles0_.roles as roles2_11_0_ 
    from
        user_roles roles0_ 
    where
        roles0_.user_id=?
Hibernate: 
    insert 
    into
        story_pin_like
        (created_at, updated_at, story_pin_id, user_id) 
    values
        (?, ?, ?, ?)
Hibernate: 
    insert 
    into
        story_pin_comment
        (created_at, updated_at, content, story_pin_id, user_id) 
    values
        (?, ?, ?, ?, ?)
Hibernate: 
    select
        user0_.id as id1_10_,
        user0_.created_at as created_2_10_,
        user0_.updated_at as updated_3_10_,
        user0_.age as age4_10_,
        user0_.background_image as backgrou5_10_,
        user0_.email as email6_10_,
        user0_.gender as gender7_10_,
        user0_.hobby as hobby8_10_,
        user0_.introduce as introduc9_10_,
        user0_.job as job10_10_,
        user0_.name as name11_10_,
        user0_.nick_name as nick_na12_10_,
        user0_.phone_num as phone_n13_10_,
        user0_.profile_image as profile14_10_,
        user0_.res_red_number as res_red15_10_,
        user0_.score as score16_10_ 
    from
        user user0_
Hibernate: 
    select
        roles0_.user_id as user_id1_11_0_,
        roles0_.roles as roles2_11_0_ 
    from
        user_roles roles0_ 
    where
        roles0_.user_id=?
Hibernate: 
    select
        roles0_.user_id as user_id1_11_0_,
        roles0_.roles as roles2_11_0_ 
    from
        user_roles roles0_ 
    where
        roles0_.user_id=?
Hibernate: 
    select
        roles0_.user_id as user_id1_11_0_,
        roles0_.roles as roles2_11_0_ 
    from
        user_roles roles0_ 
    where
        roles0_.user_id=?
Hibernate: 
    select
        roles0_.user_id as user_id1_11_0_,
        roles0_.roles as roles2_11_0_ 
    from
        user_roles roles0_ 
    where
        roles0_.user_id=?
Hibernate: 
    select
        roles0_.user_id as user_id1_11_0_,
        roles0_.roles as roles2_11_0_ 
    from
        user_roles roles0_ 
    where
        roles0_.user_id=?
Hibernate: 
    select
        user0_.id as id1_10_,
        user0_.created_at as created_2_10_,
        user0_.updated_at as updated_3_10_,
        user0_.age as age4_10_,
        user0_.background_image as backgrou5_10_,
        user0_.email as email6_10_,
        user0_.gender as gender7_10_,
        user0_.hobby as hobby8_10_,
        user0_.introduce as introduc9_10_,
        user0_.job as job10_10_,
        user0_.name as name11_10_,
        user0_.nick_name as nick_na12_10_,
        user0_.phone_num as phone_n13_10_,
        user0_.profile_image as profile14_10_,
        user0_.res_red_number as res_red15_10_,
        user0_.score as score16_10_ 
    from
        user user0_
Hibernate: 
    select
        roles0_.user_id as user_id1_11_0_,
        roles0_.roles as roles2_11_0_ 
    from
        user_roles roles0_ 
    where
        roles0_.user_id=?
Hibernate: 
    select
        roles0_.user_id as user_id1_11_0_,
        roles0_.roles as roles2_11_0_ 
    from
        user_roles roles0_ 
    where
        roles0_.user_id=?
Hibernate: 
    select
        roles0_.user_id as user_id1_11_0_,
        roles0_.roles as roles2_11_0_ 
    from
        user_roles roles0_ 
    where
        roles0_.user_id=?
Hibernate: 
    select
        roles0_.user_id as user_id1_11_0_,
        roles0_.roles as roles2_11_0_ 
    from
        user_roles roles0_ 
    where
        roles0_.user_id=?
Hibernate: 
    select
        roles0_.user_id as user_id1_11_0_,
        roles0_.roles as roles2_11_0_ 
    from
        user_roles roles0_ 
    where
        roles0_.user_id=?
Hibernate: 
    insert 
    into
        story_pin_like
        (created_at, updated_at, story_pin_id, user_id) 
    values
        (?, ?, ?, ?)
Hibernate: 
    insert 
    into
        story_pin_comment
        (created_at, updated_at, content, story_pin_id, user_id) 
    values
        (?, ?, ?, ?, ?)
Hibernate: 
    select
        user0_.id as id1_10_,
        user0_.created_at as created_2_10_,
        user0_.updated_at as updated_3_10_,
        user0_.age as age4_10_,
        user0_.background_image as backgrou5_10_,
        user0_.email as email6_10_,
        user0_.gender as gender7_10_,
        user0_.hobby as hobby8_10_,
        user0_.introduce as introduc9_10_,
        user0_.job as job10_10_,
        user0_.name as name11_10_,
        user0_.nick_name as nick_na12_10_,
        user0_.phone_num as phone_n13_10_,
        user0_.profile_image as profile14_10_,
        user0_.res_red_number as res_red15_10_,
        user0_.score as score16_10_ 
    from
        user user0_
Hibernate: 
    select
        roles0_.user_id as user_id1_11_0_,
        roles0_.roles as roles2_11_0_ 
    from
        user_roles roles0_ 
    where
        roles0_.user_id=?
Hibernate: 
    select
        roles0_.user_id as user_id1_11_0_,
        roles0_.roles as roles2_11_0_ 
    from
        user_roles roles0_ 
    where
        roles0_.user_id=?
Hibernate: 
    select
        roles0_.user_id as user_id1_11_0_,
        roles0_.roles as roles2_11_0_ 
    from
        user_roles roles0_ 
    where
        roles0_.user_id=?
Hibernate: 
    select
        roles0_.user_id as user_id1_11_0_,
        roles0_.roles as roles2_11_0_ 
    from
        user_roles roles0_ 
    where
        roles0_.user_id=?
Hibernate: 
    select
        roles0_.user_id as user_id1_11_0_,
        roles0_.roles as roles2_11_0_ 
    from
        user_roles roles0_ 
    where
        roles0_.user_id=?
Hibernate: 
    select
        user0_.id as id1_10_,
        user0_.created_at as created_2_10_,
        user0_.updated_at as updated_3_10_,
        user0_.age as age4_10_,
        user0_.background_image as backgrou5_10_,
        user0_.email as email6_10_,
        user0_.gender as gender7_10_,
        user0_.hobby as hobby8_10_,
        user0_.introduce as introduc9_10_,
        user0_.job as job10_10_,
        user0_.name as name11_10_,
        user0_.nick_name as nick_na12_10_,
        user0_.phone_num as phone_n13_10_,
        user0_.profile_image as profile14_10_,
        user0_.res_red_number as res_red15_10_,
        user0_.score as score16_10_ 
    from
        user user0_
Hibernate: 
    select
        roles0_.user_id as user_id1_11_0_,
        roles0_.roles as roles2_11_0_ 
    from
        user_roles roles0_ 
    where
        roles0_.user_id=?
Hibernate: 
    select
        roles0_.user_id as user_id1_11_0_,
        roles0_.roles as roles2_11_0_ 
    from
        user_roles roles0_ 
    where
        roles0_.user_id=?
Hibernate: 
    select
        roles0_.user_id as user_id1_11_0_,
        roles0_.roles as roles2_11_0_ 
    from
        user_roles roles0_ 
    where
        roles0_.user_id=?
Hibernate: 
    select
        roles0_.user_id as user_id1_11_0_,
        roles0_.roles as roles2_11_0_ 
    from
        user_roles roles0_ 
    where
        roles0_.user_id=?
Hibernate: 
    select
        roles0_.user_id as user_id1_11_0_,
        roles0_.roles as roles2_11_0_ 
    from
        user_roles roles0_ 
    where
        roles0_.user_id=?
Hibernate: 
    insert 
    into
        story_pin_like
        (created_at, updated_at, story_pin_id, user_id) 
    values
        (?, ?, ?, ?)
Hibernate: 
    insert 
    into
        story_pin_comment
        (created_at, updated_at, content, story_pin_id, user_id) 
    values
        (?, ?, ?, ?, ?)
Hibernate: 
    select
        user0_.id as id1_10_,
        user0_.created_at as created_2_10_,
        user0_.updated_at as updated_3_10_,
        user0_.age as age4_10_,
        user0_.background_image as backgrou5_10_,
        user0_.email as email6_10_,
        user0_.gender as gender7_10_,
        user0_.hobby as hobby8_10_,
        user0_.introduce as introduc9_10_,
        user0_.job as job10_10_,
        user0_.name as name11_10_,
        user0_.nick_name as nick_na12_10_,
        user0_.phone_num as phone_n13_10_,
        user0_.profile_image as profile14_10_,
        user0_.res_red_number as res_red15_10_,
        user0_.score as score16_10_ 
    from
        user user0_
Hibernate: 
    select
        roles0_.user_id as user_id1_11_0_,
        roles0_.roles as roles2_11_0_ 
    from
        user_roles roles0_ 
    where
        roles0_.user_id=?
Hibernate: 
    select
        roles0_.user_id as user_id1_11_0_,
        roles0_.roles as roles2_11_0_ 
    from
        user_roles roles0_ 
    where
        roles0_.user_id=?
Hibernate: 
    select
        roles0_.user_id as user_id1_11_0_,
        roles0_.roles as roles2_11_0_ 
    from
        user_roles roles0_ 
    where
        roles0_.user_id=?
Hibernate: 
    select
        roles0_.user_id as user_id1_11_0_,
        roles0_.roles as roles2_11_0_ 
    from
        user_roles roles0_ 
    where
        roles0_.user_id=?
Hibernate: 
    select
        roles0_.user_id as user_id1_11_0_,
        roles0_.roles as roles2_11_0_ 
    from
        user_roles roles0_ 
    where
        roles0_.user_id=?
Hibernate: 
    select
        user0_.id as id1_10_,
        user0_.created_at as created_2_10_,
        user0_.updated_at as updated_3_10_,
        user0_.age as age4_10_,
        user0_.background_image as backgrou5_10_,
        user0_.email as email6_10_,
        user0_.gender as gender7_10_,
        user0_.hobby as hobby8_10_,
        user0_.introduce as introduc9_10_,
        user0_.job as job10_10_,
        user0_.name as name11_10_,
        user0_.nick_name as nick_na12_10_,
        user0_.phone_num as phone_n13_10_,
        user0_.profile_image as profile14_10_,
        user0_.res_red_number as res_red15_10_,
        user0_.score as score16_10_ 
    from
        user user0_
Hibernate: 
    select
        roles0_.user_id as user_id1_11_0_,
        roles0_.roles as roles2_11_0_ 
    from
        user_roles roles0_ 
    where
        roles0_.user_id=?
Hibernate: 
    select
        roles0_.user_id as user_id1_11_0_,
        roles0_.roles as roles2_11_0_ 
    from
        user_roles roles0_ 
    where
        roles0_.user_id=?
Hibernate: 
    select
        roles0_.user_id as user_id1_11_0_,
        roles0_.roles as roles2_11_0_ 
    from
        user_roles roles0_ 
    where
        roles0_.user_id=?
Hibernate: 
    select
        roles0_.user_id as user_id1_11_0_,
        roles0_.roles as roles2_11_0_ 
    from
        user_roles roles0_ 
    where
        roles0_.user_id=?
Hibernate: 
    select
        roles0_.user_id as user_id1_11_0_,
        roles0_.roles as roles2_11_0_ 
    from
        user_roles roles0_ 
    where
        roles0_.user_id=?
Hibernate: 
    insert 
    into
        story_pin_like
        (created_at, updated_at, story_pin_id, user_id) 
    values
        (?, ?, ?, ?)
Hibernate: 
    insert 
    into
        story_pin_comment
        (created_at, updated_at, content, story_pin_id, user_id) 
    values
        (?, ?, ?, ?, ?)
Hibernate: 
    select
        user0_.id as id1_10_,
        user0_.created_at as created_2_10_,
        user0_.updated_at as updated_3_10_,
        user0_.age as age4_10_,
        user0_.background_image as backgrou5_10_,
        user0_.email as email6_10_,
        user0_.gender as gender7_10_,
        user0_.hobby as hobby8_10_,
        user0_.introduce as introduc9_10_,
        user0_.job as job10_10_,
        user0_.name as name11_10_,
        user0_.nick_name as nick_na12_10_,
        user0_.phone_num as phone_n13_10_,
        user0_.profile_image as profile14_10_,
        user0_.res_red_number as res_red15_10_,
        user0_.score as score16_10_ 
    from
        user user0_
Hibernate: 
    select
        roles0_.user_id as user_id1_11_0_,
        roles0_.roles as roles2_11_0_ 
    from
        user_roles roles0_ 
    where
        roles0_.user_id=?
Hibernate: 
    select
        roles0_.user_id as user_id1_11_0_,
        roles0_.roles as roles2_11_0_ 
    from
        user_roles roles0_ 
    where
        roles0_.user_id=?
Hibernate: 
    select
        roles0_.user_id as user_id1_11_0_,
        roles0_.roles as roles2_11_0_ 
    from
        user_roles roles0_ 
    where
        roles0_.user_id=?
Hibernate: 
    select
        roles0_.user_id as user_id1_11_0_,
        roles0_.roles as roles2_11_0_ 
    from
        user_roles roles0_ 
    where
        roles0_.user_id=?
Hibernate: 
    select
        roles0_.user_id as user_id1_11_0_,
        roles0_.roles as roles2_11_0_ 
    from
        user_roles roles0_ 
    where
        roles0_.user_id=?
Hibernate: 
    select
        user0_.id as id1_10_,
        user0_.created_at as created_2_10_,
        user0_.updated_at as updated_3_10_,
        user0_.age as age4_10_,
        user0_.background_image as backgrou5_10_,
        user0_.email as email6_10_,
        user0_.gender as gender7_10_,
        user0_.hobby as hobby8_10_,
        user0_.introduce as introduc9_10_,
        user0_.job as job10_10_,
        user0_.name as name11_10_,
        user0_.nick_name as nick_na12_10_,
        user0_.phone_num as phone_n13_10_,
        user0_.profile_image as profile14_10_,
        user0_.res_red_number as res_red15_10_,
        user0_.score as score16_10_ 
    from
        user user0_
Hibernate: 
    select
        roles0_.user_id as user_id1_11_0_,
        roles0_.roles as roles2_11_0_ 
    from
        user_roles roles0_ 
    where
        roles0_.user_id=?
Hibernate: 
    select
        roles0_.user_id as user_id1_11_0_,
        roles0_.roles as roles2_11_0_ 
    from
        user_roles roles0_ 
    where
        roles0_.user_id=?
Hibernate: 
    select
        roles0_.user_id as user_id1_11_0_,
        roles0_.roles as roles2_11_0_ 
    from
        user_roles roles0_ 
    where
        roles0_.user_id=?
Hibernate: 
    select
        roles0_.user_id as user_id1_11_0_,
        roles0_.roles as roles2_11_0_ 
    from
        user_roles roles0_ 
    where
        roles0_.user_id=?
Hibernate: 
    select
        roles0_.user_id as user_id1_11_0_,
        roles0_.roles as roles2_11_0_ 
    from
        user_roles roles0_ 
    where
        roles0_.user_id=?
Hibernate: 
    insert 
    into
        story_pin_like
        (created_at, updated_at, story_pin_id, user_id) 
    values
        (?, ?, ?, ?)
Hibernate: 
    insert 
    into
        story_pin_comment
        (created_at, updated_at, content, story_pin_id, user_id) 
    values
        (?, ?, ?, ?, ?)
Hibernate: 
    select
        user0_.id as id1_10_,
        user0_.created_at as created_2_10_,
        user0_.updated_at as updated_3_10_,
        user0_.age as age4_10_,
        user0_.background_image as backgrou5_10_,
        user0_.email as email6_10_,
        user0_.gender as gender7_10_,
        user0_.hobby as hobby8_10_,
        user0_.introduce as introduc9_10_,
        user0_.job as job10_10_,
        user0_.name as name11_10_,
        user0_.nick_name as nick_na12_10_,
        user0_.phone_num as phone_n13_10_,
        user0_.profile_image as profile14_10_,
        user0_.res_red_number as res_red15_10_,
        user0_.score as score16_10_ 
    from
        user user0_
Hibernate: 
    select
        roles0_.user_id as user_id1_11_0_,
        roles0_.roles as roles2_11_0_ 
    from
        user_roles roles0_ 
    where
        roles0_.user_id=?
Hibernate: 
    select
        roles0_.user_id as user_id1_11_0_,
        roles0_.roles as roles2_11_0_ 
    from
        user_roles roles0_ 
    where
        roles0_.user_id=?
Hibernate: 
    select
        roles0_.user_id as user_id1_11_0_,
        roles0_.roles as roles2_11_0_ 
    from
        user_roles roles0_ 
    where
        roles0_.user_id=?
Hibernate: 
    select
        roles0_.user_id as user_id1_11_0_,
        roles0_.roles as roles2_11_0_ 
    from
        user_roles roles0_ 
    where
        roles0_.user_id=?
Hibernate: 
    select
        roles0_.user_id as user_id1_11_0_,
        roles0_.roles as roles2_11_0_ 
    from
        user_roles roles0_ 
    where
        roles0_.user_id=?
Hibernate: 
    select
        user0_.id as id1_10_,
        user0_.created_at as created_2_10_,
        user0_.updated_at as updated_3_10_,
        user0_.age as age4_10_,
        user0_.background_image as backgrou5_10_,
        user0_.email as email6_10_,
        user0_.gender as gender7_10_,
        user0_.hobby as hobby8_10_,
        user0_.introduce as introduc9_10_,
        user0_.job as job10_10_,
        user0_.name as name11_10_,
        user0_.nick_name as nick_na12_10_,
        user0_.phone_num as phone_n13_10_,
        user0_.profile_image as profile14_10_,
        user0_.res_red_number as res_red15_10_,
        user0_.score as score16_10_ 
    from
        user user0_
Hibernate: 
    select
        roles0_.user_id as user_id1_11_0_,
        roles0_.roles as roles2_11_0_ 
    from
        user_roles roles0_ 
    where
        roles0_.user_id=?
Hibernate: 
    select
        roles0_.user_id as user_id1_11_0_,
        roles0_.roles as roles2_11_0_ 
    from
        user_roles roles0_ 
    where
        roles0_.user_id=?
Hibernate: 
    select
        roles0_.user_id as user_id1_11_0_,
        roles0_.roles as roles2_11_0_ 
    from
        user_roles roles0_ 
    where
        roles0_.user_id=?
Hibernate: 
    select
        roles0_.user_id as user_id1_11_0_,
        roles0_.roles as roles2_11_0_ 
    from
        user_roles roles0_ 
    where
        roles0_.user_id=?
Hibernate: 
    select
        roles0_.user_id as user_id1_11_0_,
        roles0_.roles as roles2_11_0_ 
    from
        user_roles roles0_ 
    where
        roles0_.user_id=?
Hibernate: 
    insert 
    into
        story_pin_like
        (created_at, updated_at, story_pin_id, user_id) 
    values
        (?, ?, ?, ?)
Hibernate: 
    insert 
    into
        story_pin_comment
        (created_at, updated_at, content, story_pin_id, user_id) 
    values
        (?, ?, ?, ?, ?)
Hibernate: 
    select
        user0_.id as id1_10_,
        user0_.created_at as created_2_10_,
        user0_.updated_at as updated_3_10_,
        user0_.age as age4_10_,
        user0_.background_image as backgrou5_10_,
        user0_.email as email6_10_,
        user0_.gender as gender7_10_,
        user0_.hobby as hobby8_10_,
        user0_.introduce as introduc9_10_,
        user0_.job as job10_10_,
        user0_.name as name11_10_,
        user0_.nick_name as nick_na12_10_,
        user0_.phone_num as phone_n13_10_,
        user0_.profile_image as profile14_10_,
        user0_.res_red_number as res_red15_10_,
        user0_.score as score16_10_ 
    from
        user user0_
Hibernate: 
    select
        roles0_.user_id as user_id1_11_0_,
        roles0_.roles as roles2_11_0_ 
    from
        user_roles roles0_ 
    where
        roles0_.user_id=?
Hibernate: 
    select
        roles0_.user_id as user_id1_11_0_,
        roles0_.roles as roles2_11_0_ 
    from
        user_roles roles0_ 
    where
        roles0_.user_id=?
Hibernate: 
    select
        roles0_.user_id as user_id1_11_0_,
        roles0_.roles as roles2_11_0_ 
    from
        user_roles roles0_ 
    where
        roles0_.user_id=?
Hibernate: 
    select
        roles0_.user_id as user_id1_11_0_,
        roles0_.roles as roles2_11_0_ 
    from
        user_roles roles0_ 
    where
        roles0_.user_id=?
Hibernate: 
    select
        roles0_.user_id as user_id1_11_0_,
        roles0_.roles as roles2_11_0_ 
    from
        user_roles roles0_ 
    where
        roles0_.user_id=?
Hibernate: 
    select
        user0_.id as id1_10_,
        user0_.created_at as created_2_10_,
        user0_.updated_at as updated_3_10_,
        user0_.age as age4_10_,
        user0_.background_image as backgrou5_10_,
        user0_.email as email6_10_,
        user0_.gender as gender7_10_,
        user0_.hobby as hobby8_10_,
        user0_.introduce as introduc9_10_,
        user0_.job as job10_10_,
        user0_.name as name11_10_,
        user0_.nick_name as nick_na12_10_,
        user0_.phone_num as phone_n13_10_,
        user0_.profile_image as profile14_10_,
        user0_.res_red_number as res_red15_10_,
        user0_.score as score16_10_ 
    from
        user user0_
Hibernate: 
    select
        roles0_.user_id as user_id1_11_0_,
        roles0_.roles as roles2_11_0_ 
    from
        user_roles roles0_ 
    where
        roles0_.user_id=?
Hibernate: 
    select
        roles0_.user_id as user_id1_11_0_,
        roles0_.roles as roles2_11_0_ 
    from
        user_roles roles0_ 
    where
        roles0_.user_id=?
Hibernate: 
    select
        roles0_.user_id as user_id1_11_0_,
        roles0_.roles as roles2_11_0_ 
    from
        user_roles roles0_ 
    where
        roles0_.user_id=?
Hibernate: 
    select
        roles0_.user_id as user_id1_11_0_,
        roles0_.roles as roles2_11_0_ 
    from
        user_roles roles0_ 
    where
        roles0_.user_id=?
Hibernate: 
    select
        roles0_.user_id as user_id1_11_0_,
        roles0_.roles as roles2_11_0_ 
    from
        user_roles roles0_ 
    where
        roles0_.user_id=?
Hibernate: 
    insert 
    into
        story_pin_like
        (created_at, updated_at, story_pin_id, user_id) 
    values
        (?, ?, ?, ?)
Hibernate: 
    insert 
    into
        story_pin_comment
        (created_at, updated_at, content, story_pin_id, user_id) 
    values
        (?, ?, ?, ?, ?)
Hibernate: 
    select
        user0_.id as id1_10_,
        user0_.created_at as created_2_10_,
        user0_.updated_at as updated_3_10_,
        user0_.age as age4_10_,
        user0_.background_image as backgrou5_10_,
        user0_.email as email6_10_,
        user0_.gender as gender7_10_,
        user0_.hobby as hobby8_10_,
        user0_.introduce as introduc9_10_,
        user0_.job as job10_10_,
        user0_.name as name11_10_,
        user0_.nick_name as nick_na12_10_,
        user0_.phone_num as phone_n13_10_,
        user0_.profile_image as profile14_10_,
        user0_.res_red_number as res_red15_10_,
        user0_.score as score16_10_ 
    from
        user user0_
Hibernate: 
    select
        roles0_.user_id as user_id1_11_0_,
        roles0_.roles as roles2_11_0_ 
    from
        user_roles roles0_ 
    where
        roles0_.user_id=?
Hibernate: 
    select
        roles0_.user_id as user_id1_11_0_,
        roles0_.roles as roles2_11_0_ 
    from
        user_roles roles0_ 
    where
        roles0_.user_id=?
Hibernate: 
    select
        roles0_.user_id as user_id1_11_0_,
        roles0_.roles as roles2_11_0_ 
    from
        user_roles roles0_ 
    where
        roles0_.user_id=?
Hibernate: 
    select
        roles0_.user_id as user_id1_11_0_,
        roles0_.roles as roles2_11_0_ 
    from
        user_roles roles0_ 
    where
        roles0_.user_id=?
Hibernate: 
    select
        roles0_.user_id as user_id1_11_0_,
        roles0_.roles as roles2_11_0_ 
    from
        user_roles roles0_ 
    where
        roles0_.user_id=?
Hibernate: 
    select
        user0_.id as id1_10_,
        user0_.created_at as created_2_10_,
        user0_.updated_at as updated_3_10_,
        user0_.age as age4_10_,
        user0_.background_image as backgrou5_10_,
        user0_.email as email6_10_,
        user0_.gender as gender7_10_,
        user0_.hobby as hobby8_10_,
        user0_.introduce as introduc9_10_,
        user0_.job as job10_10_,
        user0_.name as name11_10_,
        user0_.nick_name as nick_na12_10_,
        user0_.phone_num as phone_n13_10_,
        user0_.profile_image as profile14_10_,
        user0_.res_red_number as res_red15_10_,
        user0_.score as score16_10_ 
    from
        user user0_
Hibernate: 
    select
        roles0_.user_id as user_id1_11_0_,
        roles0_.roles as roles2_11_0_ 
    from
        user_roles roles0_ 
    where
        roles0_.user_id=?
Hibernate: 
    select
        roles0_.user_id as user_id1_11_0_,
        roles0_.roles as roles2_11_0_ 
    from
        user_roles roles0_ 
    where
        roles0_.user_id=?
Hibernate: 
    select
        roles0_.user_id as user_id1_11_0_,
        roles0_.roles as roles2_11_0_ 
    from
        user_roles roles0_ 
    where
        roles0_.user_id=?
Hibernate: 
    select
        roles0_.user_id as user_id1_11_0_,
        roles0_.roles as roles2_11_0_ 
    from
        user_roles roles0_ 
    where
        roles0_.user_id=?
Hibernate: 
    select
        roles0_.user_id as user_id1_11_0_,
        roles0_.roles as roles2_11_0_ 
    from
        user_roles roles0_ 
    where
        roles0_.user_id=?
Hibernate: 
    insert 
    into
        story_pin_like
        (created_at, updated_at, story_pin_id, user_id) 
    values
        (?, ?, ?, ?)
Hibernate: 
    insert 
    into
        story_pin_comment
        (created_at, updated_at, content, story_pin_id, user_id) 
    values
        (?, ?, ?, ?, ?)
Hibernate: 
    select
        user0_.id as id1_10_,
        user0_.created_at as created_2_10_,
        user0_.updated_at as updated_3_10_,
        user0_.age as age4_10_,
        user0_.background_image as backgrou5_10_,
        user0_.email as email6_10_,
        user0_.gender as gender7_10_,
        user0_.hobby as hobby8_10_,
        user0_.introduce as introduc9_10_,
        user0_.job as job10_10_,
        user0_.name as name11_10_,
        user0_.nick_name as nick_na12_10_,
        user0_.phone_num as phone_n13_10_,
        user0_.profile_image as profile14_10_,
        user0_.res_red_number as res_red15_10_,
        user0_.score as score16_10_ 
    from
        user user0_
Hibernate: 
    select
        roles0_.user_id as user_id1_11_0_,
        roles0_.roles as roles2_11_0_ 
    from
        user_roles roles0_ 
    where
        roles0_.user_id=?
Hibernate: 
    select
        roles0_.user_id as user_id1_11_0_,
        roles0_.roles as roles2_11_0_ 
    from
        user_roles roles0_ 
    where
        roles0_.user_id=?
Hibernate: 
    select
        roles0_.user_id as user_id1_11_0_,
        roles0_.roles as roles2_11_0_ 
    from
        user_roles roles0_ 
    where
        roles0_.user_id=?
Hibernate: 
    select
        roles0_.user_id as user_id1_11_0_,
        roles0_.roles as roles2_11_0_ 
    from
        user_roles roles0_ 
    where
        roles0_.user_id=?
Hibernate: 
    select
        roles0_.user_id as user_id1_11_0_,
        roles0_.roles as roles2_11_0_ 
    from
        user_roles roles0_ 
    where
        roles0_.user_id=?
Hibernate: 
    select
        user0_.id as id1_10_,
        user0_.created_at as created_2_10_,
        user0_.updated_at as updated_3_10_,
        user0_.age as age4_10_,
        user0_.background_image as backgrou5_10_,
        user0_.email as email6_10_,
        user0_.gender as gender7_10_,
        user0_.hobby as hobby8_10_,
        user0_.introduce as introduc9_10_,
        user0_.job as job10_10_,
        user0_.name as name11_10_,
        user0_.nick_name as nick_na12_10_,
        user0_.phone_num as phone_n13_10_,
        user0_.profile_image as profile14_10_,
        user0_.res_red_number as res_red15_10_,
        user0_.score as score16_10_ 
    from
        user user0_
Hibernate: 
    select
        roles0_.user_id as user_id1_11_0_,
        roles0_.roles as roles2_11_0_ 
    from
        user_roles roles0_ 
    where
        roles0_.user_id=?
Hibernate: 
    select
        roles0_.user_id as user_id1_11_0_,
        roles0_.roles as roles2_11_0_ 
    from
        user_roles roles0_ 
    where
        roles0_.user_id=?
Hibernate: 
    select
        roles0_.user_id as user_id1_11_0_,
        roles0_.roles as roles2_11_0_ 
    from
        user_roles roles0_ 
    where
        roles0_.user_id=?
Hibernate: 
    select
        roles0_.user_id as user_id1_11_0_,
        roles0_.roles as roles2_11_0_ 
    from
        user_roles roles0_ 
    where
        roles0_.user_id=?
Hibernate: 
    select
        roles0_.user_id as user_id1_11_0_,
        roles0_.roles as roles2_11_0_ 
    from
        user_roles roles0_ 
    where
        roles0_.user_id=?
Hibernate: 
    insert 
    into
        story_pin_like
        (created_at, updated_at, story_pin_id, user_id) 
    values
        (?, ?, ?, ?)
Hibernate: 
    insert 
    into
        story_pin_comment
        (created_at, updated_at, content, story_pin_id, user_id) 
    values
        (?, ?, ?, ?, ?)
Hibernate: 
    select
        user0_.id as id1_10_,
        user0_.created_at as created_2_10_,
        user0_.updated_at as updated_3_10_,
        user0_.age as age4_10_,
        user0_.background_image as backgrou5_10_,
        user0_.email as email6_10_,
        user0_.gender as gender7_10_,
        user0_.hobby as hobby8_10_,
        user0_.introduce as introduc9_10_,
        user0_.job as job10_10_,
        user0_.name as name11_10_,
        user0_.nick_name as nick_na12_10_,
        user0_.phone_num as phone_n13_10_,
        user0_.profile_image as profile14_10_,
        user0_.res_red_number as res_red15_10_,
        user0_.score as score16_10_ 
    from
        user user0_
Hibernate: 
    select
        roles0_.user_id as user_id1_11_0_,
        roles0_.roles as roles2_11_0_ 
    from
        user_roles roles0_ 
    where
        roles0_.user_id=?
Hibernate: 
    select
        roles0_.user_id as user_id1_11_0_,
        roles0_.roles as roles2_11_0_ 
    from
        user_roles roles0_ 
    where
        roles0_.user_id=?
Hibernate: 
    select
        roles0_.user_id as user_id1_11_0_,
        roles0_.roles as roles2_11_0_ 
    from
        user_roles roles0_ 
    where
        roles0_.user_id=?
Hibernate: 
    select
        roles0_.user_id as user_id1_11_0_,
        roles0_.roles as roles2_11_0_ 
    from
        user_roles roles0_ 
    where
        roles0_.user_id=?
Hibernate: 
    select
        roles0_.user_id as user_id1_11_0_,
        roles0_.roles as roles2_11_0_ 
    from
        user_roles roles0_ 
    where
        roles0_.user_id=?
Hibernate: 
    select
        user0_.id as id1_10_,
        user0_.created_at as created_2_10_,
        user0_.updated_at as updated_3_10_,
        user0_.age as age4_10_,
        user0_.background_image as backgrou5_10_,
        user0_.email as email6_10_,
        user0_.gender as gender7_10_,
        user0_.hobby as hobby8_10_,
        user0_.introduce as introduc9_10_,
        user0_.job as job10_10_,
        user0_.name as name11_10_,
        user0_.nick_name as nick_na12_10_,
        user0_.phone_num as phone_n13_10_,
        user0_.profile_image as profile14_10_,
        user0_.res_red_number as res_red15_10_,
        user0_.score as score16_10_ 
    from
        user user0_
Hibernate: 
    select
        roles0_.user_id as user_id1_11_0_,
        roles0_.roles as roles2_11_0_ 
    from
        user_roles roles0_ 
    where
        roles0_.user_id=?
Hibernate: 
    select
        roles0_.user_id as user_id1_11_0_,
        roles0_.roles as roles2_11_0_ 
    from
        user_roles roles0_ 
    where
        roles0_.user_id=?
Hibernate: 
    select
        roles0_.user_id as user_id1_11_0_,
        roles0_.roles as roles2_11_0_ 
    from
        user_roles roles0_ 
    where
        roles0_.user_id=?
Hibernate: 
    select
        roles0_.user_id as user_id1_11_0_,
        roles0_.roles as roles2_11_0_ 
    from
        user_roles roles0_ 
    where
        roles0_.user_id=?
Hibernate: 
    select
        roles0_.user_id as user_id1_11_0_,
        roles0_.roles as roles2_11_0_ 
    from
        user_roles roles0_ 
    where
        roles0_.user_id=?
Hibernate: 
    insert 
    into
        story_pin_like
        (created_at, updated_at, story_pin_id, user_id) 
    values
        (?, ?, ?, ?)
Hibernate: 
    insert 
    into
        story_pin_comment
        (created_at, updated_at, content, story_pin_id, user_id) 
    values
        (?, ?, ?, ?, ?)
Hibernate: 
    select
        user0_.id as id1_10_,
        user0_.created_at as created_2_10_,
        user0_.updated_at as updated_3_10_,
        user0_.age as age4_10_,
        user0_.background_image as backgrou5_10_,
        user0_.email as email6_10_,
        user0_.gender as gender7_10_,
        user0_.hobby as hobby8_10_,
        user0_.introduce as introduc9_10_,
        user0_.job as job10_10_,
        user0_.name as name11_10_,
        user0_.nick_name as nick_na12_10_,
        user0_.phone_num as phone_n13_10_,
        user0_.profile_image as profile14_10_,
        user0_.res_red_number as res_red15_10_,
        user0_.score as score16_10_ 
    from
        user user0_
Hibernate: 
    select
        roles0_.user_id as user_id1_11_0_,
        roles0_.roles as roles2_11_0_ 
    from
        user_roles roles0_ 
    where
        roles0_.user_id=?
Hibernate: 
    select
        roles0_.user_id as user_id1_11_0_,
        roles0_.roles as roles2_11_0_ 
    from
        user_roles roles0_ 
    where
        roles0_.user_id=?
Hibernate: 
    select
        roles0_.user_id as user_id1_11_0_,
        roles0_.roles as roles2_11_0_ 
    from
        user_roles roles0_ 
    where
        roles0_.user_id=?
Hibernate: 
    select
        roles0_.user_id as user_id1_11_0_,
        roles0_.roles as roles2_11_0_ 
    from
        user_roles roles0_ 
    where
        roles0_.user_id=?
Hibernate: 
    select
        roles0_.user_id as user_id1_11_0_,
        roles0_.roles as roles2_11_0_ 
    from
        user_roles roles0_ 
    where
        roles0_.user_id=?
Hibernate: 
    select
        user0_.id as id1_10_,
        user0_.created_at as created_2_10_,
        user0_.updated_at as updated_3_10_,
        user0_.age as age4_10_,
        user0_.background_image as backgrou5_10_,
        user0_.email as email6_10_,
        user0_.gender as gender7_10_,
        user0_.hobby as hobby8_10_,
        user0_.introduce as introduc9_10_,
        user0_.job as job10_10_,
        user0_.name as name11_10_,
        user0_.nick_name as nick_na12_10_,
        user0_.phone_num as phone_n13_10_,
        user0_.profile_image as profile14_10_,
        user0_.res_red_number as res_red15_10_,
        user0_.score as score16_10_ 
    from
        user user0_
Hibernate: 
    select
        roles0_.user_id as user_id1_11_0_,
        roles0_.roles as roles2_11_0_ 
    from
        user_roles roles0_ 
    where
        roles0_.user_id=?
Hibernate: 
    select
        roles0_.user_id as user_id1_11_0_,
        roles0_.roles as roles2_11_0_ 
    from
        user_roles roles0_ 
    where
        roles0_.user_id=?
Hibernate: 
    select
        roles0_.user_id as user_id1_11_0_,
        roles0_.roles as roles2_11_0_ 
    from
        user_roles roles0_ 
    where
        roles0_.user_id=?
Hibernate: 
    select
        roles0_.user_id as user_id1_11_0_,
        roles0_.roles as roles2_11_0_ 
    from
        user_roles roles0_ 
    where
        roles0_.user_id=?
Hibernate: 
    select
        roles0_.user_id as user_id1_11_0_,
        roles0_.roles as roles2_11_0_ 
    from
        user_roles roles0_ 
    where
        roles0_.user_id=?
Hibernate: 
    insert 
    into
        story_pin_like
        (created_at, updated_at, story_pin_id, user_id) 
    values
        (?, ?, ?, ?)
Hibernate: 
    insert 
    into
        story_pin_comment
        (created_at, updated_at, content, story_pin_id, user_id) 
    values
        (?, ?, ?, ?, ?)
Hibernate: 
    select
        user0_.id as id1_10_,
        user0_.created_at as created_2_10_,
        user0_.updated_at as updated_3_10_,
        user0_.age as age4_10_,
        user0_.background_image as backgrou5_10_,
        user0_.email as email6_10_,
        user0_.gender as gender7_10_,
        user0_.hobby as hobby8_10_,
        user0_.introduce as introduc9_10_,
        user0_.job as job10_10_,
        user0_.name as name11_10_,
        user0_.nick_name as nick_na12_10_,
        user0_.phone_num as phone_n13_10_,
        user0_.profile_image as profile14_10_,
        user0_.res_red_number as res_red15_10_,
        user0_.score as score16_10_ 
    from
        user user0_
Hibernate: 
    select
        roles0_.user_id as user_id1_11_0_,
        roles0_.roles as roles2_11_0_ 
    from
        user_roles roles0_ 
    where
        roles0_.user_id=?
Hibernate: 
    select
        roles0_.user_id as user_id1_11_0_,
        roles0_.roles as roles2_11_0_ 
    from
        user_roles roles0_ 
    where
        roles0_.user_id=?
Hibernate: 
    select
        roles0_.user_id as user_id1_11_0_,
        roles0_.roles as roles2_11_0_ 
    from
        user_roles roles0_ 
    where
        roles0_.user_id=?
Hibernate: 
    select
        roles0_.user_id as user_id1_11_0_,
        roles0_.roles as roles2_11_0_ 
    from
        user_roles roles0_ 
    where
        roles0_.user_id=?
Hibernate: 
    select
        roles0_.user_id as user_id1_11_0_,
        roles0_.roles as roles2_11_0_ 
    from
        user_roles roles0_ 
    where
        roles0_.user_id=?
Hibernate: 
    select
        user0_.id as id1_10_,
        user0_.created_at as created_2_10_,
        user0_.updated_at as updated_3_10_,
        user0_.age as age4_10_,
        user0_.background_image as backgrou5_10_,
        user0_.email as email6_10_,
        user0_.gender as gender7_10_,
        user0_.hobby as hobby8_10_,
        user0_.introduce as introduc9_10_,
        user0_.job as job10_10_,
        user0_.name as name11_10_,
        user0_.nick_name as nick_na12_10_,
        user0_.phone_num as phone_n13_10_,
        user0_.profile_image as profile14_10_,
        user0_.res_red_number as res_red15_10_,
        user0_.score as score16_10_ 
    from
        user user0_
Hibernate: 
    select
        roles0_.user_id as user_id1_11_0_,
        roles0_.roles as roles2_11_0_ 
    from
        user_roles roles0_ 
    where
        roles0_.user_id=?
Hibernate: 
    select
        roles0_.user_id as user_id1_11_0_,
        roles0_.roles as roles2_11_0_ 
    from
        user_roles roles0_ 
    where
        roles0_.user_id=?
Hibernate: 
    select
        roles0_.user_id as user_id1_11_0_,
        roles0_.roles as roles2_11_0_ 
    from
        user_roles roles0_ 
    where
        roles0_.user_id=?
Hibernate: 
    select
        roles0_.user_id as user_id1_11_0_,
        roles0_.roles as roles2_11_0_ 
    from
        user_roles roles0_ 
    where
        roles0_.user_id=?
Hibernate: 
    select
        roles0_.user_id as user_id1_11_0_,
        roles0_.roles as roles2_11_0_ 
    from
        user_roles roles0_ 
    where
        roles0_.user_id=?
Hibernate: 
    insert 
    into
        story_pin_like
        (created_at, updated_at, story_pin_id, user_id) 
    values
        (?, ?, ?, ?)
Hibernate: 
    insert 
    into
        story_pin_comment
        (created_at, updated_at, content, story_pin_id, user_id) 
    values
        (?, ?, ?, ?, ?)
Hibernate: 
    select
        user0_.id as id1_10_,
        user0_.created_at as created_2_10_,
        user0_.updated_at as updated_3_10_,
        user0_.age as age4_10_,
        user0_.background_image as backgrou5_10_,
        user0_.email as email6_10_,
        user0_.gender as gender7_10_,
        user0_.hobby as hobby8_10_,
        user0_.introduce as introduc9_10_,
        user0_.job as job10_10_,
        user0_.name as name11_10_,
        user0_.nick_name as nick_na12_10_,
        user0_.phone_num as phone_n13_10_,
        user0_.profile_image as profile14_10_,
        user0_.res_red_number as res_red15_10_,
        user0_.score as score16_10_ 
    from
        user user0_
Hibernate: 
    select
        roles0_.user_id as user_id1_11_0_,
        roles0_.roles as roles2_11_0_ 
    from
        user_roles roles0_ 
    where
        roles0_.user_id=?
Hibernate: 
    select
        roles0_.user_id as user_id1_11_0_,
        roles0_.roles as roles2_11_0_ 
    from
        user_roles roles0_ 
    where
        roles0_.user_id=?
Hibernate: 
    select
        roles0_.user_id as user_id1_11_0_,
        roles0_.roles as roles2_11_0_ 
    from
        user_roles roles0_ 
    where
        roles0_.user_id=?
Hibernate: 
    select
        roles0_.user_id as user_id1_11_0_,
        roles0_.roles as roles2_11_0_ 
    from
        user_roles roles0_ 
    where
        roles0_.user_id=?
Hibernate: 
    select
        roles0_.user_id as user_id1_11_0_,
        roles0_.roles as roles2_11_0_ 
    from
        user_roles roles0_ 
    where
        roles0_.user_id=?
Hibernate: 
    select
        user0_.id as id1_10_,
        user0_.created_at as created_2_10_,
        user0_.updated_at as updated_3_10_,
        user0_.age as age4_10_,
        user0_.background_image as backgrou5_10_,
        user0_.email as email6_10_,
        user0_.gender as gender7_10_,
        user0_.hobby as hobby8_10_,
        user0_.introduce as introduc9_10_,
        user0_.job as job10_10_,
        user0_.name as name11_10_,
        user0_.nick_name as nick_na12_10_,
        user0_.phone_num as phone_n13_10_,
        user0_.profile_image as profile14_10_,
        user0_.res_red_number as res_red15_10_,
        user0_.score as score16_10_ 
    from
        user user0_
Hibernate: 
    select
        roles0_.user_id as user_id1_11_0_,
        roles0_.roles as roles2_11_0_ 
    from
        user_roles roles0_ 
    where
        roles0_.user_id=?
Hibernate: 
    select
        roles0_.user_id as user_id1_11_0_,
        roles0_.roles as roles2_11_0_ 
    from
        user_roles roles0_ 
    where
        roles0_.user_id=?
Hibernate: 
    select
        roles0_.user_id as user_id1_11_0_,
        roles0_.roles as roles2_11_0_ 
    from
        user_roles roles0_ 
    where
        roles0_.user_id=?
Hibernate: 
    select
        roles0_.user_id as user_id1_11_0_,
        roles0_.roles as roles2_11_0_ 
    from
        user_roles roles0_ 
    where
        roles0_.user_id=?
Hibernate: 
    select
        roles0_.user_id as user_id1_11_0_,
        roles0_.roles as roles2_11_0_ 
    from
        user_roles roles0_ 
    where
        roles0_.user_id=?
Hibernate: 
    insert 
    into
        story_pin_like
        (created_at, updated_at, story_pin_id, user_id) 
    values
        (?, ?, ?, ?)
Hibernate: 
    insert 
    into
        story_pin_comment
        (created_at, updated_at, content, story_pin_id, user_id) 
    values
        (?, ?, ?, ?, ?)
Hibernate: 
    select
        user0_.id as id1_10_,
        user0_.created_at as created_2_10_,
        user0_.updated_at as updated_3_10_,
        user0_.age as age4_10_,
        user0_.background_image as backgrou5_10_,
        user0_.email as email6_10_,
        user0_.gender as gender7_10_,
        user0_.hobby as hobby8_10_,
        user0_.introduce as introduc9_10_,
        user0_.job as job10_10_,
        user0_.name as name11_10_,
        user0_.nick_name as nick_na12_10_,
        user0_.phone_num as phone_n13_10_,
        user0_.profile_image as profile14_10_,
        user0_.res_red_number as res_red15_10_,
        user0_.score as score16_10_ 
    from
        user user0_
Hibernate: 
    select
        roles0_.user_id as user_id1_11_0_,
        roles0_.roles as roles2_11_0_ 
    from
        user_roles roles0_ 
    where
        roles0_.user_id=?
Hibernate: 
    select
        roles0_.user_id as user_id1_11_0_,
        roles0_.roles as roles2_11_0_ 
    from
        user_roles roles0_ 
    where
        roles0_.user_id=?
Hibernate: 
    select
        roles0_.user_id as user_id1_11_0_,
        roles0_.roles as roles2_11_0_ 
    from
        user_roles roles0_ 
    where
        roles0_.user_id=?
Hibernate: 
    select
        roles0_.user_id as user_id1_11_0_,
        roles0_.roles as roles2_11_0_ 
    from
        user_roles roles0_ 
    where
        roles0_.user_id=?
Hibernate: 
    select
        roles0_.user_id as user_id1_11_0_,
        roles0_.roles as roles2_11_0_ 
    from
        user_roles roles0_ 
    where
        roles0_.user_id=?
Hibernate: 
    select
        user0_.id as id1_10_,
        user0_.created_at as created_2_10_,
        user0_.updated_at as updated_3_10_,
        user0_.age as age4_10_,
        user0_.background_image as backgrou5_10_,
        user0_.email as email6_10_,
        user0_.gender as gender7_10_,
        user0_.hobby as hobby8_10_,
        user0_.introduce as introduc9_10_,
        user0_.job as job10_10_,
        user0_.name as name11_10_,
        user0_.nick_name as nick_na12_10_,
        user0_.phone_num as phone_n13_10_,
        user0_.profile_image as profile14_10_,
        user0_.res_red_number as res_red15_10_,
        user0_.score as score16_10_ 
    from
        user user0_
Hibernate: 
    select
        roles0_.user_id as user_id1_11_0_,
        roles0_.roles as roles2_11_0_ 
    from
        user_roles roles0_ 
    where
        roles0_.user_id=?
Hibernate: 
    select
        roles0_.user_id as user_id1_11_0_,
        roles0_.roles as roles2_11_0_ 
    from
        user_roles roles0_ 
    where
        roles0_.user_id=?
Hibernate: 
    select
        roles0_.user_id as user_id1_11_0_,
        roles0_.roles as roles2_11_0_ 
    from
        user_roles roles0_ 
    where
        roles0_.user_id=?
Hibernate: 
    select
        roles0_.user_id as user_id1_11_0_,
        roles0_.roles as roles2_11_0_ 
    from
        user_roles roles0_ 
    where
        roles0_.user_id=?
Hibernate: 
    select
        roles0_.user_id as user_id1_11_0_,
        roles0_.roles as roles2_11_0_ 
    from
        user_roles roles0_ 
    where
        roles0_.user_id=?
Hibernate: 
    insert 
    into
        story_pin_like
        (created_at, updated_at, story_pin_id, user_id) 
    values
        (?, ?, ?, ?)
Hibernate: 
    insert 
    into
        story_pin_comment
        (created_at, updated_at, content, story_pin_id, user_id) 
    values
        (?, ?, ?, ?, ?)
Hibernate: 
    select
        user0_.id as id1_10_,
        user0_.created_at as created_2_10_,
        user0_.updated_at as updated_3_10_,
        user0_.age as age4_10_,
        user0_.background_image as backgrou5_10_,
        user0_.email as email6_10_,
        user0_.gender as gender7_10_,
        user0_.hobby as hobby8_10_,
        user0_.introduce as introduc9_10_,
        user0_.job as job10_10_,
        user0_.name as name11_10_,
        user0_.nick_name as nick_na12_10_,
        user0_.phone_num as phone_n13_10_,
        user0_.profile_image as profile14_10_,
        user0_.res_red_number as res_red15_10_,
        user0_.score as score16_10_ 
    from
        user user0_
Hibernate: 
    select
        roles0_.user_id as user_id1_11_0_,
        roles0_.roles as roles2_11_0_ 
    from
        user_roles roles0_ 
    where
        roles0_.user_id=?
Hibernate: 
    select
        roles0_.user_id as user_id1_11_0_,
        roles0_.roles as roles2_11_0_ 
    from
        user_roles roles0_ 
    where
        roles0_.user_id=?
Hibernate: 
    select
        roles0_.user_id as user_id1_11_0_,
        roles0_.roles as roles2_11_0_ 
    from
        user_roles roles0_ 
    where
        roles0_.user_id=?
Hibernate: 
    select
        roles0_.user_id as user_id1_11_0_,
        roles0_.roles as roles2_11_0_ 
    from
        user_roles roles0_ 
    where
        roles0_.user_id=?
Hibernate: 
    select
        roles0_.user_id as user_id1_11_0_,
        roles0_.roles as roles2_11_0_ 
    from
        user_roles roles0_ 
    where
        roles0_.user_id=?
Hibernate: 
    select
        user0_.id as id1_10_,
        user0_.created_at as created_2_10_,
        user0_.updated_at as updated_3_10_,
        user0_.age as age4_10_,
        user0_.background_image as backgrou5_10_,
        user0_.email as email6_10_,
        user0_.gender as gender7_10_,
        user0_.hobby as hobby8_10_,
        user0_.introduce as introduc9_10_,
        user0_.job as job10_10_,
        user0_.name as name11_10_,
        user0_.nick_name as nick_na12_10_,
        user0_.phone_num as phone_n13_10_,
        user0_.profile_image as profile14_10_,
        user0_.res_red_number as res_red15_10_,
        user0_.score as score16_10_ 
    from
        user user0_
Hibernate: 
    select
        roles0_.user_id as user_id1_11_0_,
        roles0_.roles as roles2_11_0_ 
    from
        user_roles roles0_ 
    where
        roles0_.user_id=?
Hibernate: 
    select
        roles0_.user_id as user_id1_11_0_,
        roles0_.roles as roles2_11_0_ 
    from
        user_roles roles0_ 
    where
        roles0_.user_id=?
Hibernate: 
    select
        roles0_.user_id as user_id1_11_0_,
        roles0_.roles as roles2_11_0_ 
    from
        user_roles roles0_ 
    where
        roles0_.user_id=?
Hibernate: 
    select
        roles0_.user_id as user_id1_11_0_,
        roles0_.roles as roles2_11_0_ 
    from
        user_roles roles0_ 
    where
        roles0_.user_id=?
Hibernate: 
    select
        roles0_.user_id as user_id1_11_0_,
        roles0_.roles as roles2_11_0_ 
    from
        user_roles roles0_ 
    where
        roles0_.user_id=?
Hibernate: 
    insert 
    into
        story_pin_like
        (created_at, updated_at, story_pin_id, user_id) 
    values
        (?, ?, ?, ?)
Hibernate: 
    insert 
    into
        story_pin_comment
        (created_at, updated_at, content, story_pin_id, user_id) 
    values
        (?, ?, ?, ?, ?)
Hibernate: 
    select
        user0_.id as id1_10_,
        user0_.created_at as created_2_10_,
        user0_.updated_at as updated_3_10_,
        user0_.age as age4_10_,
        user0_.background_image as backgrou5_10_,
        user0_.email as email6_10_,
        user0_.gender as gender7_10_,
        user0_.hobby as hobby8_10_,
        user0_.introduce as introduc9_10_,
        user0_.job as job10_10_,
        user0_.name as name11_10_,
        user0_.nick_name as nick_na12_10_,
        user0_.phone_num as phone_n13_10_,
        user0_.profile_image as profile14_10_,
        user0_.res_red_number as res_red15_10_,
        user0_.score as score16_10_ 
    from
        user user0_
Hibernate: 
    select
        roles0_.user_id as user_id1_11_0_,
        roles0_.roles as roles2_11_0_ 
    from
        user_roles roles0_ 
    where
        roles0_.user_id=?
Hibernate: 
    select
        roles0_.user_id as user_id1_11_0_,
        roles0_.roles as roles2_11_0_ 
    from
        user_roles roles0_ 
    where
        roles0_.user_id=?
Hibernate: 
    select
        roles0_.user_id as user_id1_11_0_,
        roles0_.roles as roles2_11_0_ 
    from
        user_roles roles0_ 
    where
        roles0_.user_id=?
Hibernate: 
    select
        roles0_.user_id as user_id1_11_0_,
        roles0_.roles as roles2_11_0_ 
    from
        user_roles roles0_ 
    where
        roles0_.user_id=?
Hibernate: 
    select
        roles0_.user_id as user_id1_11_0_,
        roles0_.roles as roles2_11_0_ 
    from
        user_roles roles0_ 
    where
        roles0_.user_id=?
Hibernate: 
    select
        user0_.id as id1_10_,
        user0_.created_at as created_2_10_,
        user0_.updated_at as updated_3_10_,
        user0_.age as age4_10_,
        user0_.background_image as backgrou5_10_,
        user0_.email as email6_10_,
        user0_.gender as gender7_10_,
        user0_.hobby as hobby8_10_,
        user0_.introduce as introduc9_10_,
        user0_.job as job10_10_,
        user0_.name as name11_10_,
        user0_.nick_name as nick_na12_10_,
        user0_.phone_num as phone_n13_10_,
        user0_.profile_image as profile14_10_,
        user0_.res_red_number as res_red15_10_,
        user0_.score as score16_10_ 
    from
        user user0_
Hibernate: 
    select
        roles0_.user_id as user_id1_11_0_,
        roles0_.roles as roles2_11_0_ 
    from
        user_roles roles0_ 
    where
        roles0_.user_id=?
Hibernate: 
    select
        roles0_.user_id as user_id1_11_0_,
        roles0_.roles as roles2_11_0_ 
    from
        user_roles roles0_ 
    where
        roles0_.user_id=?
Hibernate: 
    select
        roles0_.user_id as user_id1_11_0_,
        roles0_.roles as roles2_11_0_ 
    from
        user_roles roles0_ 
    where
        roles0_.user_id=?
Hibernate: 
    select
        roles0_.user_id as user_id1_11_0_,
        roles0_.roles as roles2_11_0_ 
    from
        user_roles roles0_ 
    where
        roles0_.user_id=?
Hibernate: 
    select
        roles0_.user_id as user_id1_11_0_,
        roles0_.roles as roles2_11_0_ 
    from
        user_roles roles0_ 
    where
        roles0_.user_id=?
Hibernate: 
    insert 
    into
        story_pin_like
        (created_at, updated_at, story_pin_id, user_id) 
    values
        (?, ?, ?, ?)
Hibernate: 
    insert 
    into
        story_pin_comment
        (created_at, updated_at, content, story_pin_id, user_id) 
    values
        (?, ?, ?, ?, ?)
Hibernate: 
    select
        user0_.id as id1_10_,
        user0_.created_at as created_2_10_,
        user0_.updated_at as updated_3_10_,
        user0_.age as age4_10_,
        user0_.background_image as backgrou5_10_,
        user0_.email as email6_10_,
        user0_.gender as gender7_10_,
        user0_.hobby as hobby8_10_,
        user0_.introduce as introduc9_10_,
        user0_.job as job10_10_,
        user0_.name as name11_10_,
        user0_.nick_name as nick_na12_10_,
        user0_.phone_num as phone_n13_10_,
        user0_.profile_image as profile14_10_,
        user0_.res_red_number as res_red15_10_,
        user0_.score as score16_10_ 
    from
        user user0_
Hibernate: 
    select
        roles0_.user_id as user_id1_11_0_,
        roles0_.roles as roles2_11_0_ 
    from
        user_roles roles0_ 
    where
        roles0_.user_id=?
Hibernate: 
    select
        roles0_.user_id as user_id1_11_0_,
        roles0_.roles as roles2_11_0_ 
    from
        user_roles roles0_ 
    where
        roles0_.user_id=?
Hibernate: 
    select
        roles0_.user_id as user_id1_11_0_,
        roles0_.roles as roles2_11_0_ 
    from
        user_roles roles0_ 
    where
        roles0_.user_id=?
Hibernate: 
    select
        roles0_.user_id as user_id1_11_0_,
        roles0_.roles as roles2_11_0_ 
    from
        user_roles roles0_ 
    where
        roles0_.user_id=?
Hibernate: 
    select
        roles0_.user_id as user_id1_11_0_,
        roles0_.roles as roles2_11_0_ 
    from
        user_roles roles0_ 
    where
        roles0_.user_id=?
Hibernate: 
    select
        user0_.id as id1_10_,
        user0_.created_at as created_2_10_,
        user0_.updated_at as updated_3_10_,
        user0_.age as age4_10_,
        user0_.background_image as backgrou5_10_,
        user0_.email as email6_10_,
        user0_.gender as gender7_10_,
        user0_.hobby as hobby8_10_,
        user0_.introduce as introduc9_10_,
        user0_.job as job10_10_,
        user0_.name as name11_10_,
        user0_.nick_name as nick_na12_10_,
        user0_.phone_num as phone_n13_10_,
        user0_.profile_image as profile14_10_,
        user0_.res_red_number as res_red15_10_,
        user0_.score as score16_10_ 
    from
        user user0_
Hibernate: 
    select
        roles0_.user_id as user_id1_11_0_,
        roles0_.roles as roles2_11_0_ 
    from
        user_roles roles0_ 
    where
        roles0_.user_id=?
Hibernate: 
    select
        roles0_.user_id as user_id1_11_0_,
        roles0_.roles as roles2_11_0_ 
    from
        user_roles roles0_ 
    where
        roles0_.user_id=?
Hibernate: 
    select
        roles0_.user_id as user_id1_11_0_,
        roles0_.roles as roles2_11_0_ 
    from
        user_roles roles0_ 
    where
        roles0_.user_id=?
Hibernate: 
    select
        roles0_.user_id as user_id1_11_0_,
        roles0_.roles as roles2_11_0_ 
    from
        user_roles roles0_ 
    where
        roles0_.user_id=?
Hibernate: 
    select
        roles0_.user_id as user_id1_11_0_,
        roles0_.roles as roles2_11_0_ 
    from
        user_roles roles0_ 
    where
        roles0_.user_id=?
Hibernate: 
    insert 
    into
        story_pin_like
        (created_at, updated_at, story_pin_id, user_id) 
    values
        (?, ?, ?, ?)
Hibernate: 
    insert 
    into
        story_pin_comment
        (created_at, updated_at, content, story_pin_id, user_id) 
    values
        (?, ?, ?, ?, ?)
Hibernate: 
    select
        user0_.id as id1_10_,
        user0_.created_at as created_2_10_,
        user0_.updated_at as updated_3_10_,
        user0_.age as age4_10_,
        user0_.background_image as backgrou5_10_,
        user0_.email as email6_10_,
        user0_.gender as gender7_10_,
        user0_.hobby as hobby8_10_,
        user0_.introduce as introduc9_10_,
        user0_.job as job10_10_,
        user0_.name as name11_10_,
        user0_.nick_name as nick_na12_10_,
        user0_.phone_num as phone_n13_10_,
        user0_.profile_image as profile14_10_,
        user0_.res_red_number as res_red15_10_,
        user0_.score as score16_10_ 
    from
        user user0_
Hibernate: 
    select
        roles0_.user_id as user_id1_11_0_,
        roles0_.roles as roles2_11_0_ 
    from
        user_roles roles0_ 
    where
        roles0_.user_id=?
Hibernate: 
    select
        roles0_.user_id as user_id1_11_0_,
        roles0_.roles as roles2_11_0_ 
    from
        user_roles roles0_ 
    where
        roles0_.user_id=?
Hibernate: 
    select
        roles0_.user_id as user_id1_11_0_,
        roles0_.roles as roles2_11_0_ 
    from
        user_roles roles0_ 
    where
        roles0_.user_id=?
Hibernate: 
    select
        roles0_.user_id as user_id1_11_0_,
        roles0_.roles as roles2_11_0_ 
    from
        user_roles roles0_ 
    where
        roles0_.user_id=?
Hibernate: 
    select
        roles0_.user_id as user_id1_11_0_,
        roles0_.roles as roles2_11_0_ 
    from
        user_roles roles0_ 
    where
        roles0_.user_id=?
Hibernate: 
    select
        user0_.id as id1_10_,
        user0_.created_at as created_2_10_,
        user0_.updated_at as updated_3_10_,
        user0_.age as age4_10_,
        user0_.background_image as backgrou5_10_,
        user0_.email as email6_10_,
        user0_.gender as gender7_10_,
        user0_.hobby as hobby8_10_,
        user0_.introduce as introduc9_10_,
        user0_.job as job10_10_,
        user0_.name as name11_10_,
        user0_.nick_name as nick_na12_10_,
        user0_.phone_num as phone_n13_10_,
        user0_.profile_image as profile14_10_,
        user0_.res_red_number as res_red15_10_,
        user0_.score as score16_10_ 
    from
        user user0_
Hibernate: 
    select
        roles0_.user_id as user_id1_11_0_,
        roles0_.roles as roles2_11_0_ 
    from
        user_roles roles0_ 
    where
        roles0_.user_id=?
Hibernate: 
    select
        roles0_.user_id as user_id1_11_0_,
        roles0_.roles as roles2_11_0_ 
    from
        user_roles roles0_ 
    where
        roles0_.user_id=?
Hibernate: 
    select
        roles0_.user_id as user_id1_11_0_,
        roles0_.roles as roles2_11_0_ 
    from
        user_roles roles0_ 
    where
        roles0_.user_id=?
Hibernate: 
    select
        roles0_.user_id as user_id1_11_0_,
        roles0_.roles as roles2_11_0_ 
    from
        user_roles roles0_ 
    where
        roles0_.user_id=?
Hibernate: 
    select
        roles0_.user_id as user_id1_11_0_,
        roles0_.roles as roles2_11_0_ 
    from
        user_roles roles0_ 
    where
        roles0_.user_id=?
Hibernate: 
    insert 
    into
        story_pin_like
        (created_at, updated_at, story_pin_id, user_id) 
    values
        (?, ?, ?, ?)
Hibernate: 
    insert 
    into
        story_pin_comment
        (created_at, updated_at, content, story_pin_id, user_id) 
    values
        (?, ?, ?, ?, ?)
Hibernate: 
    select
        user0_.id as id1_10_,
        user0_.created_at as created_2_10_,
        user0_.updated_at as updated_3_10_,
        user0_.age as age4_10_,
        user0_.background_image as backgrou5_10_,
        user0_.email as email6_10_,
        user0_.gender as gender7_10_,
        user0_.hobby as hobby8_10_,
        user0_.introduce as introduc9_10_,
        user0_.job as job10_10_,
        user0_.name as name11_10_,
        user0_.nick_name as nick_na12_10_,
        user0_.phone_num as phone_n13_10_,
        user0_.profile_image as profile14_10_,
        user0_.res_red_number as res_red15_10_,
        user0_.score as score16_10_ 
    from
        user user0_
Hibernate: 
    select
        roles0_.user_id as user_id1_11_0_,
        roles0_.roles as roles2_11_0_ 
    from
        user_roles roles0_ 
    where
        roles0_.user_id=?
Hibernate: 
    select
        roles0_.user_id as user_id1_11_0_,
        roles0_.roles as roles2_11_0_ 
    from
        user_roles roles0_ 
    where
        roles0_.user_id=?
Hibernate: 
    select
        roles0_.user_id as user_id1_11_0_,
        roles0_.roles as roles2_11_0_ 
    from
        user_roles roles0_ 
    where
        roles0_.user_id=?
Hibernate: 
    select
        roles0_.user_id as user_id1_11_0_,
        roles0_.roles as roles2_11_0_ 
    from
        user_roles roles0_ 
    where
        roles0_.user_id=?
Hibernate: 
    select
        roles0_.user_id as user_id1_11_0_,
        roles0_.roles as roles2_11_0_ 
    from
        user_roles roles0_ 
    where
        roles0_.user_id=?
Hibernate: 
    select
        user0_.id as id1_10_,
        user0_.created_at as created_2_10_,
        user0_.updated_at as updated_3_10_,
        user0_.age as age4_10_,
        user0_.background_image as backgrou5_10_,
        user0_.email as email6_10_,
        user0_.gender as gender7_10_,
        user0_.hobby as hobby8_10_,
        user0_.introduce as introduc9_10_,
        user0_.job as job10_10_,
        user0_.name as name11_10_,
        user0_.nick_name as nick_na12_10_,
        user0_.phone_num as phone_n13_10_,
        user0_.profile_image as profile14_10_,
        user0_.res_red_number as res_red15_10_,
        user0_.score as score16_10_ 
    from
        user user0_
Hibernate: 
    select
        roles0_.user_id as user_id1_11_0_,
        roles0_.roles as roles2_11_0_ 
    from
        user_roles roles0_ 
    where
        roles0_.user_id=?
Hibernate: 
    select
        roles0_.user_id as user_id1_11_0_,
        roles0_.roles as roles2_11_0_ 
    from
        user_roles roles0_ 
    where
        roles0_.user_id=?
Hibernate: 
    select
        roles0_.user_id as user_id1_11_0_,
        roles0_.roles as roles2_11_0_ 
    from
        user_roles roles0_ 
    where
        roles0_.user_id=?
Hibernate: 
    select
        roles0_.user_id as user_id1_11_0_,
        roles0_.roles as roles2_11_0_ 
    from
        user_roles roles0_ 
    where
        roles0_.user_id=?
Hibernate: 
    select
        roles0_.user_id as user_id1_11_0_,
        roles0_.roles as roles2_11_0_ 
    from
        user_roles roles0_ 
    where
        roles0_.user_id=?
Hibernate: 
    insert 
    into
        story_pin_like
        (created_at, updated_at, story_pin_id, user_id) 
    values
        (?, ?, ?, ?)
Hibernate: 
    insert 
    into
        story_pin_comment
        (created_at, updated_at, content, story_pin_id, user_id) 
    values
        (?, ?, ?, ?, ?)
Hibernate: 
    select
        user0_.id as id1_10_,
        user0_.created_at as created_2_10_,
        user0_.updated_at as updated_3_10_,
        user0_.age as age4_10_,
        user0_.background_image as backgrou5_10_,
        user0_.email as email6_10_,
        user0_.gender as gender7_10_,
        user0_.hobby as hobby8_10_,
        user0_.introduce as introduc9_10_,
        user0_.job as job10_10_,
        user0_.name as name11_10_,
        user0_.nick_name as nick_na12_10_,
        user0_.phone_num as phone_n13_10_,
        user0_.profile_image as profile14_10_,
        user0_.res_red_number as res_red15_10_,
        user0_.score as score16_10_ 
    from
        user user0_
Hibernate: 
    select
        roles0_.user_id as user_id1_11_0_,
        roles0_.roles as roles2_11_0_ 
    from
        user_roles roles0_ 
    where
        roles0_.user_id=?
Hibernate: 
    select
        roles0_.user_id as user_id1_11_0_,
        roles0_.roles as roles2_11_0_ 
    from
        user_roles roles0_ 
    where
        roles0_.user_id=?
Hibernate: 
    select
        roles0_.user_id as user_id1_11_0_,
        roles0_.roles as roles2_11_0_ 
    from
        user_roles roles0_ 
    where
        roles0_.user_id=?
Hibernate: 
    select
        roles0_.user_id as user_id1_11_0_,
        roles0_.roles as roles2_11_0_ 
    from
        user_roles roles0_ 
    where
        roles0_.user_id=?
Hibernate: 
    select
        roles0_.user_id as user_id1_11_0_,
        roles0_.roles as roles2_11_0_ 
    from
        user_roles roles0_ 
    where
        roles0_.user_id=?
Hibernate: 
    select
        user0_.id as id1_10_,
        user0_.created_at as created_2_10_,
        user0_.updated_at as updated_3_10_,
        user0_.age as age4_10_,
        user0_.background_image as backgrou5_10_,
        user0_.email as email6_10_,
        user0_.gender as gender7_10_,
        user0_.hobby as hobby8_10_,
        user0_.introduce as introduc9_10_,
        user0_.job as job10_10_,
        user0_.name as name11_10_,
        user0_.nick_name as nick_na12_10_,
        user0_.phone_num as phone_n13_10_,
        user0_.profile_image as profile14_10_,
        user0_.res_red_number as res_red15_10_,
        user0_.score as score16_10_ 
    from
        user user0_
Hibernate: 
    select
        roles0_.user_id as user_id1_11_0_,
        roles0_.roles as roles2_11_0_ 
    from
        user_roles roles0_ 
    where
        roles0_.user_id=?
Hibernate: 
    select
        roles0_.user_id as user_id1_11_0_,
        roles0_.roles as roles2_11_0_ 
    from
        user_roles roles0_ 
    where
        roles0_.user_id=?
Hibernate: 
    select
        roles0_.user_id as user_id1_11_0_,
        roles0_.roles as roles2_11_0_ 
    from
        user_roles roles0_ 
    where
        roles0_.user_id=?
Hibernate: 
    select
        roles0_.user_id as user_id1_11_0_,
        roles0_.roles as roles2_11_0_ 
    from
        user_roles roles0_ 
    where
        roles0_.user_id=?
Hibernate: 
    select
        roles0_.user_id as user_id1_11_0_,
        roles0_.roles as roles2_11_0_ 
    from
        user_roles roles0_ 
    where
        roles0_.user_id=?
Hibernate: 
    insert 
    into
        story_pin_like
        (created_at, updated_at, story_pin_id, user_id) 
    values
        (?, ?, ?, ?)
Hibernate: 
    insert 
    into
        story_pin_comment
        (created_at, updated_at, content, story_pin_id, user_id) 
    values
        (?, ?, ?, ?, ?)
Hibernate: 
    select
        user0_.id as id1_10_,
        user0_.created_at as created_2_10_,
        user0_.updated_at as updated_3_10_,
        user0_.age as age4_10_,
        user0_.background_image as backgrou5_10_,
        user0_.email as email6_10_,
        user0_.gender as gender7_10_,
        user0_.hobby as hobby8_10_,
        user0_.introduce as introduc9_10_,
        user0_.job as job10_10_,
        user0_.name as name11_10_,
        user0_.nick_name as nick_na12_10_,
        user0_.phone_num as phone_n13_10_,
        user0_.profile_image as profile14_10_,
        user0_.res_red_number as res_red15_10_,
        user0_.score as score16_10_ 
    from
        user user0_
Hibernate: 
    select
        roles0_.user_id as user_id1_11_0_,
        roles0_.roles as roles2_11_0_ 
    from
        user_roles roles0_ 
    where
        roles0_.user_id=?
Hibernate: 
    select
        roles0_.user_id as user_id1_11_0_,
        roles0_.roles as roles2_11_0_ 
    from
        user_roles roles0_ 
    where
        roles0_.user_id=?
Hibernate: 
    select
        roles0_.user_id as user_id1_11_0_,
        roles0_.roles as roles2_11_0_ 
    from
        user_roles roles0_ 
    where
        roles0_.user_id=?
Hibernate: 
    select
        roles0_.user_id as user_id1_11_0_,
        roles0_.roles as roles2_11_0_ 
    from
        user_roles roles0_ 
    where
        roles0_.user_id=?
Hibernate: 
    select
        roles0_.user_id as user_id1_11_0_,
        roles0_.roles as roles2_11_0_ 
    from
        user_roles roles0_ 
    where
        roles0_.user_id=?
Hibernate: 
    select
        user0_.id as id1_10_,
        user0_.created_at as created_2_10_,
        user0_.updated_at as updated_3_10_,
        user0_.age as age4_10_,
        user0_.background_image as backgrou5_10_,
        user0_.email as email6_10_,
        user0_.gender as gender7_10_,
        user0_.hobby as hobby8_10_,
        user0_.introduce as introduc9_10_,
        user0_.job as job10_10_,
        user0_.name as name11_10_,
        user0_.nick_name as nick_na12_10_,
        user0_.phone_num as phone_n13_10_,
        user0_.profile_image as profile14_10_,
        user0_.res_red_number as res_red15_10_,
        user0_.score as score16_10_ 
    from
        user user0_
Hibernate: 
    select
        roles0_.user_id as user_id1_11_0_,
        roles0_.roles as roles2_11_0_ 
    from
        user_roles roles0_ 
    where
        roles0_.user_id=?
Hibernate: 
    select
        roles0_.user_id as user_id1_11_0_,
        roles0_.roles as roles2_11_0_ 
    from
        user_roles roles0_ 
    where
        roles0_.user_id=?
Hibernate: 
    select
        roles0_.user_id as user_id1_11_0_,
        roles0_.roles as roles2_11_0_ 
    from
        user_roles roles0_ 
    where
        roles0_.user_id=?
Hibernate: 
    select
        roles0_.user_id as user_id1_11_0_,
        roles0_.roles as roles2_11_0_ 
    from
        user_roles roles0_ 
    where
        roles0_.user_id=?
Hibernate: 
    select
        roles0_.user_id as user_id1_11_0_,
        roles0_.roles as roles2_11_0_ 
    from
        user_roles roles0_ 
    where
        roles0_.user_id=?
Hibernate: 
    insert 
    into
        story_pin_like
        (created_at, updated_at, story_pin_id, user_id) 
    values
        (?, ?, ?, ?)
Hibernate: 
    insert 
    into
        story_pin_comment
        (created_at, updated_at, content, story_pin_id, user_id) 
    values
        (?, ?, ?, ?, ?)
Hibernate: 
    select
        user0_.id as id1_10_,
        user0_.created_at as created_2_10_,
        user0_.updated_at as updated_3_10_,
        user0_.age as age4_10_,
        user0_.background_image as backgrou5_10_,
        user0_.email as email6_10_,
        user0_.gender as gender7_10_,
        user0_.hobby as hobby8_10_,
        user0_.introduce as introduc9_10_,
        user0_.job as job10_10_,
        user0_.name as name11_10_,
        user0_.nick_name as nick_na12_10_,
        user0_.phone_num as phone_n13_10_,
        user0_.profile_image as profile14_10_,
        user0_.res_red_number as res_red15_10_,
        user0_.score as score16_10_ 
    from
        user user0_
Hibernate: 
    select
        roles0_.user_id as user_id1_11_0_,
        roles0_.roles as roles2_11_0_ 
    from
        user_roles roles0_ 
    where
        roles0_.user_id=?
Hibernate: 
    select
        roles0_.user_id as user_id1_11_0_,
        roles0_.roles as roles2_11_0_ 
    from
        user_roles roles0_ 
    where
        roles0_.user_id=?
Hibernate: 
    select
        roles0_.user_id as user_id1_11_0_,
        roles0_.roles as roles2_11_0_ 
    from
        user_roles roles0_ 
    where
        roles0_.user_id=?
Hibernate: 
    select
        roles0_.user_id as user_id1_11_0_,
        roles0_.roles as roles2_11_0_ 
    from
        user_roles roles0_ 
    where
        roles0_.user_id=?
Hibernate: 
    select
        roles0_.user_id as user_id1_11_0_,
        roles0_.roles as roles2_11_0_ 
    from
        user_roles roles0_ 
    where
        roles0_.user_id=?
Hibernate: 
    select
        user0_.id as id1_10_,
        user0_.created_at as created_2_10_,
        user0_.updated_at as updated_3_10_,
        user0_.age as age4_10_,
        user0_.background_image as backgrou5_10_,
        user0_.email as email6_10_,
        user0_.gender as gender7_10_,
        user0_.hobby as hobby8_10_,
        user0_.introduce as introduc9_10_,
        user0_.job as job10_10_,
        user0_.name as name11_10_,
        user0_.nick_name as nick_na12_10_,
        user0_.phone_num as phone_n13_10_,
        user0_.profile_image as profile14_10_,
        user0_.res_red_number as res_red15_10_,
        user0_.score as score16_10_ 
    from
        user user0_
Hibernate: 
    select
        roles0_.user_id as user_id1_11_0_,
        roles0_.roles as roles2_11_0_ 
    from
        user_roles roles0_ 
    where
        roles0_.user_id=?
Hibernate: 
    select
        roles0_.user_id as user_id1_11_0_,
        roles0_.roles as roles2_11_0_ 
    from
        user_roles roles0_ 
    where
        roles0_.user_id=?
Hibernate: 
    select
        roles0_.user_id as user_id1_11_0_,
        roles0_.roles as roles2_11_0_ 
    from
        user_roles roles0_ 
    where
        roles0_.user_id=?
Hibernate: 
    select
        roles0_.user_id as user_id1_11_0_,
        roles0_.roles as roles2_11_0_ 
    from
        user_roles roles0_ 
    where
        roles0_.user_id=?
Hibernate: 
    select
        roles0_.user_id as user_id1_11_0_,
        roles0_.roles as roles2_11_0_ 
    from
        user_roles roles0_ 
    where
        roles0_.user_id=?
Hibernate: 
    insert 
    into
        story_pin_like
        (created_at, updated_at, story_pin_id, user_id) 
    values
        (?, ?, ?, ?)
Hibernate: 
    insert 
    into
        story_pin_comment
        (created_at, updated_at, content, story_pin_id, user_id) 
    values
        (?, ?, ?, ?, ?)
Hibernate: 
    select
        user0_.id as id1_10_,
        user0_.created_at as created_2_10_,
        user0_.updated_at as updated_3_10_,
        user0_.age as age4_10_,
        user0_.background_image as backgrou5_10_,
        user0_.email as email6_10_,
        user0_.gender as gender7_10_,
        user0_.hobby as hobby8_10_,
        user0_.introduce as introduc9_10_,
        user0_.job as job10_10_,
        user0_.name as name11_10_,
        user0_.nick_name as nick_na12_10_,
        user0_.phone_num as phone_n13_10_,
        user0_.profile_image as profile14_10_,
        user0_.res_red_number as res_red15_10_,
        user0_.score as score16_10_ 
    from
        user user0_
Hibernate: 
    select
        roles0_.user_id as user_id1_11_0_,
        roles0_.roles as roles2_11_0_ 
    from
        user_roles roles0_ 
    where
        roles0_.user_id=?
Hibernate: 
    select
        roles0_.user_id as user_id1_11_0_,
        roles0_.roles as roles2_11_0_ 
    from
        user_roles roles0_ 
    where
        roles0_.user_id=?
Hibernate: 
    select
        roles0_.user_id as user_id1_11_0_,
        roles0_.roles as roles2_11_0_ 
    from
        user_roles roles0_ 
    where
        roles0_.user_id=?
Hibernate: 
    select
        roles0_.user_id as user_id1_11_0_,
        roles0_.roles as roles2_11_0_ 
    from
        user_roles roles0_ 
    where
        roles0_.user_id=?
Hibernate: 
    select
        roles0_.user_id as user_id1_11_0_,
        roles0_.roles as roles2_11_0_ 
    from
        user_roles roles0_ 
    where
        roles0_.user_id=?
Hibernate: 
    select
        user0_.id as id1_10_,
        user0_.created_at as created_2_10_,
        user0_.updated_at as updated_3_10_,
        user0_.age as age4_10_,
        user0_.background_image as backgrou5_10_,
        user0_.email as email6_10_,
        user0_.gender as gender7_10_,
        user0_.hobby as hobby8_10_,
        user0_.introduce as introduc9_10_,
        user0_.job as job10_10_,
        user0_.name as name11_10_,
        user0_.nick_name as nick_na12_10_,
        user0_.phone_num as phone_n13_10_,
        user0_.profile_image as profile14_10_,
        user0_.res_red_number as res_red15_10_,
        user0_.score as score16_10_ 
    from
        user user0_
Hibernate: 
    select
        roles0_.user_id as user_id1_11_0_,
        roles0_.roles as roles2_11_0_ 
    from
        user_roles roles0_ 
    where
        roles0_.user_id=?
Hibernate: 
    select
        roles0_.user_id as user_id1_11_0_,
        roles0_.roles as roles2_11_0_ 
    from
        user_roles roles0_ 
    where
        roles0_.user_id=?
Hibernate: 
    select
        roles0_.user_id as user_id1_11_0_,
        roles0_.roles as roles2_11_0_ 
    from
        user_roles roles0_ 
    where
        roles0_.user_id=?
Hibernate: 
    select
        roles0_.user_id as user_id1_11_0_,
        roles0_.roles as roles2_11_0_ 
    from
        user_roles roles0_ 
    where
        roles0_.user_id=?
Hibernate: 
    select
        roles0_.user_id as user_id1_11_0_,
        roles0_.roles as roles2_11_0_ 
    from
        user_roles roles0_ 
    where
        roles0_.user_id=?
Hibernate: 
    insert 
    into
        story_pin_like
        (created_at, updated_at, story_pin_id, user_id) 
    values
        (?, ?, ?, ?)
Hibernate: 
    insert 
    into
        story_pin_comment
        (created_at, updated_at, content, story_pin_id, user_id) 
    values
        (?, ?, ?, ?, ?)
Hibernate: 
    select
        user0_.id as id1_10_,
        user0_.created_at as created_2_10_,
        user0_.updated_at as updated_3_10_,
        user0_.age as age4_10_,
        user0_.background_image as backgrou5_10_,
        user0_.email as email6_10_,
        user0_.gender as gender7_10_,
        user0_.hobby as hobby8_10_,
        user0_.introduce as introduc9_10_,
        user0_.job as job10_10_,
        user0_.name as name11_10_,
        user0_.nick_name as nick_na12_10_,
        user0_.phone_num as phone_n13_10_,
        user0_.profile_image as profile14_10_,
        user0_.res_red_number as res_red15_10_,
        user0_.score as score16_10_ 
    from
        user user0_
Hibernate: 
    select
        roles0_.user_id as user_id1_11_0_,
        roles0_.roles as roles2_11_0_ 
    from
        user_roles roles0_ 
    where
        roles0_.user_id=?
Hibernate: 
    select
        roles0_.user_id as user_id1_11_0_,
        roles0_.roles as roles2_11_0_ 
    from
        user_roles roles0_ 
    where
        roles0_.user_id=?
Hibernate: 
    select
        roles0_.user_id as user_id1_11_0_,
        roles0_.roles as roles2_11_0_ 
    from
        user_roles roles0_ 
    where
        roles0_.user_id=?
Hibernate: 
    select
        roles0_.user_id as user_id1_11_0_,
        roles0_.roles as roles2_11_0_ 
    from
        user_roles roles0_ 
    where
        roles0_.user_id=?
Hibernate: 
    select
        roles0_.user_id as user_id1_11_0_,
        roles0_.roles as roles2_11_0_ 
    from
        user_roles roles0_ 
    where
        roles0_.user_id=?
Hibernate: 
    select
        user0_.id as id1_10_,
        user0_.created_at as created_2_10_,
        user0_.updated_at as updated_3_10_,
        user0_.age as age4_10_,
        user0_.background_image as backgrou5_10_,
        user0_.email as email6_10_,
        user0_.gender as gender7_10_,
        user0_.hobby as hobby8_10_,
        user0_.introduce as introduc9_10_,
        user0_.job as job10_10_,
        user0_.name as name11_10_,
        user0_.nick_name as nick_na12_10_,
        user0_.phone_num as phone_n13_10_,
        user0_.profile_image as profile14_10_,
        user0_.res_red_number as res_red15_10_,
        user0_.score as score16_10_ 
    from
        user user0_
Hibernate: 
    select
        roles0_.user_id as user_id1_11_0_,
        roles0_.roles as roles2_11_0_ 
    from
        user_roles roles0_ 
    where
        roles0_.user_id=?
Hibernate: 
    select
        roles0_.user_id as user_id1_11_0_,
        roles0_.roles as roles2_11_0_ 
    from
        user_roles roles0_ 
    where
        roles0_.user_id=?
Hibernate: 
    select
        roles0_.user_id as user_id1_11_0_,
        roles0_.roles as roles2_11_0_ 
    from
        user_roles roles0_ 
    where
        roles0_.user_id=?
Hibernate: 
    select
        roles0_.user_id as user_id1_11_0_,
        roles0_.roles as roles2_11_0_ 
    from
        user_roles roles0_ 
    where
        roles0_.user_id=?
Hibernate: 
    select
        roles0_.user_id as user_id1_11_0_,
        roles0_.roles as roles2_11_0_ 
    from
        user_roles roles0_ 
    where
        roles0_.user_id=?
Hibernate: 
    insert 
    into
        story_pin_like
        (created_at, updated_at, story_pin_id, user_id) 
    values
        (?, ?, ?, ?)
Hibernate: 
    insert 
    into
        story_pin_comment
        (created_at, updated_at, content, story_pin_id, user_id) 
    values
        (?, ?, ?, ?, ?)
Hibernate: 
    select
        user0_.id as id1_10_,
        user0_.created_at as created_2_10_,
        user0_.updated_at as updated_3_10_,
        user0_.age as age4_10_,
        user0_.background_image as backgrou5_10_,
        user0_.email as email6_10_,
        user0_.gender as gender7_10_,
        user0_.hobby as hobby8_10_,
        user0_.introduce as introduc9_10_,
        user0_.job as job10_10_,
        user0_.name as name11_10_,
        user0_.nick_name as nick_na12_10_,
        user0_.phone_num as phone_n13_10_,
        user0_.profile_image as profile14_10_,
        user0_.res_red_number as res_red15_10_,
        user0_.score as score16_10_ 
    from
        user user0_
Hibernate: 
    select
        roles0_.user_id as user_id1_11_0_,
        roles0_.roles as roles2_11_0_ 
    from
        user_roles roles0_ 
    where
        roles0_.user_id=?
Hibernate: 
    select
        roles0_.user_id as user_id1_11_0_,
        roles0_.roles as roles2_11_0_ 
    from
        user_roles roles0_ 
    where
        roles0_.user_id=?
Hibernate: 
    select
        roles0_.user_id as user_id1_11_0_,
        roles0_.roles as roles2_11_0_ 
    from
        user_roles roles0_ 
    where
        roles0_.user_id=?
Hibernate: 
    select
        roles0_.user_id as user_id1_11_0_,
        roles0_.roles as roles2_11_0_ 
    from
        user_roles roles0_ 
    where
        roles0_.user_id=?
Hibernate: 
    select
        roles0_.user_id as user_id1_11_0_,
        roles0_.roles as roles2_11_0_ 
    from
        user_roles roles0_ 
    where
        roles0_.user_id=?
Hibernate: 
    select
        user0_.id as id1_10_,
        user0_.created_at as created_2_10_,
        user0_.updated_at as updated_3_10_,
        user0_.age as age4_10_,
        user0_.background_image as backgrou5_10_,
        user0_.email as email6_10_,
        user0_.gender as gender7_10_,
        user0_.hobby as hobby8_10_,
        user0_.introduce as introduc9_10_,
        user0_.job as job10_10_,
        user0_.name as name11_10_,
        user0_.nick_name as nick_na12_10_,
        user0_.phone_num as phone_n13_10_,
        user0_.profile_image as profile14_10_,
        user0_.res_red_number as res_red15_10_,
        user0_.score as score16_10_ 
    from
        user user0_
Hibernate: 
    select
        roles0_.user_id as user_id1_11_0_,
        roles0_.roles as roles2_11_0_ 
    from
        user_roles roles0_ 
    where
        roles0_.user_id=?
Hibernate: 
    select
        roles0_.user_id as user_id1_11_0_,
        roles0_.roles as roles2_11_0_ 
    from
        user_roles roles0_ 
    where
        roles0_.user_id=?
Hibernate: 
    select
        roles0_.user_id as user_id1_11_0_,
        roles0_.roles as roles2_11_0_ 
    from
        user_roles roles0_ 
    where
        roles0_.user_id=?
Hibernate: 
    select
        roles0_.user_id as user_id1_11_0_,
        roles0_.roles as roles2_11_0_ 
    from
        user_roles roles0_ 
    where
        roles0_.user_id=?
Hibernate: 
    select
        roles0_.user_id as user_id1_11_0_,
        roles0_.roles as roles2_11_0_ 
    from
        user_roles roles0_ 
    where
        roles0_.user_id=?
Hibernate: 
    insert 
    into
        story_pin_like
        (created_at, updated_at, story_pin_id, user_id) 
    values
        (?, ?, ?, ?)
Hibernate: 
    insert 
    into
        story_pin_comment
        (created_at, updated_at, content, story_pin_id, user_id) 
    values
        (?, ?, ?, ?, ?)
Hibernate: 
    select
        user0_.id as id1_10_,
        user0_.created_at as created_2_10_,
        user0_.updated_at as updated_3_10_,
        user0_.age as age4_10_,
        user0_.background_image as backgrou5_10_,
        user0_.email as email6_10_,
        user0_.gender as gender7_10_,
        user0_.hobby as hobby8_10_,
        user0_.introduce as introduc9_10_,
        user0_.job as job10_10_,
        user0_.name as name11_10_,
        user0_.nick_name as nick_na12_10_,
        user0_.phone_num as phone_n13_10_,
        user0_.profile_image as profile14_10_,
        user0_.res_red_number as res_red15_10_,
        user0_.score as score16_10_ 
    from
        user user0_
Hibernate: 
    select
        roles0_.user_id as user_id1_11_0_,
        roles0_.roles as roles2_11_0_ 
    from
        user_roles roles0_ 
    where
        roles0_.user_id=?
Hibernate: 
    select
        roles0_.user_id as user_id1_11_0_,
        roles0_.roles as roles2_11_0_ 
    from
        user_roles roles0_ 
    where
        roles0_.user_id=?
Hibernate: 
    select
        roles0_.user_id as user_id1_11_0_,
        roles0_.roles as roles2_11_0_ 
    from
        user_roles roles0_ 
    where
        roles0_.user_id=?
Hibernate: 
    select
        roles0_.user_id as user_id1_11_0_,
        roles0_.roles as roles2_11_0_ 
    from
        user_roles roles0_ 
    where
        roles0_.user_id=?
Hibernate: 
    select
        roles0_.user_id as user_id1_11_0_,
        roles0_.roles as roles2_11_0_ 
    from
        user_roles roles0_ 
    where
        roles0_.user_id=?
Hibernate: 
    select
        user0_.id as id1_10_,
        user0_.created_at as created_2_10_,
        user0_.updated_at as updated_3_10_,
        user0_.age as age4_10_,
        user0_.background_image as backgrou5_10_,
        user0_.email as email6_10_,
        user0_.gender as gender7_10_,
        user0_.hobby as hobby8_10_,
        user0_.introduce as introduc9_10_,
        user0_.job as job10_10_,
        user0_.name as name11_10_,
        user0_.nick_name as nick_na12_10_,
        user0_.phone_num as phone_n13_10_,
        user0_.profile_image as profile14_10_,
        user0_.res_red_number as res_red15_10_,
        user0_.score as score16_10_ 
    from
        user user0_
Hibernate: 
    select
        roles0_.user_id as user_id1_11_0_,
        roles0_.roles as roles2_11_0_ 
    from
        user_roles roles0_ 
    where
        roles0_.user_id=?
Hibernate: 
    select
        roles0_.user_id as user_id1_11_0_,
        roles0_.roles as roles2_11_0_ 
    from
        user_roles roles0_ 
    where
        roles0_.user_id=?
Hibernate: 
    select
        roles0_.user_id as user_id1_11_0_,
        roles0_.roles as roles2_11_0_ 
    from
        user_roles roles0_ 
    where
        roles0_.user_id=?
Hibernate: 
    select
        roles0_.user_id as user_id1_11_0_,
        roles0_.roles as roles2_11_0_ 
    from
        user_roles roles0_ 
    where
        roles0_.user_id=?
Hibernate: 
    select
        roles0_.user_id as user_id1_11_0_,
        roles0_.roles as roles2_11_0_ 
    from
        user_roles roles0_ 
    where
        roles0_.user_id=?
Hibernate: 
    insert 
    into
        story_pin_like
        (created_at, updated_at, story_pin_id, user_id) 
    values
        (?, ?, ?, ?)
Hibernate: 
    insert 
    into
        story_pin_comment
        (created_at, updated_at, content, story_pin_id, user_id) 
    values
        (?, ?, ?, ?, ?)
Hibernate: 
    select
        user0_.id as id1_10_,
        user0_.created_at as created_2_10_,
        user0_.updated_at as updated_3_10_,
        user0_.age as age4_10_,
        user0_.background_image as backgrou5_10_,
        user0_.email as email6_10_,
        user0_.gender as gender7_10_,
        user0_.hobby as hobby8_10_,
        user0_.introduce as introduc9_10_,
        user0_.job as job10_10_,
        user0_.name as name11_10_,
        user0_.nick_name as nick_na12_10_,
        user0_.phone_num as phone_n13_10_,
        user0_.profile_image as profile14_10_,
        user0_.res_red_number as res_red15_10_,
        user0_.score as score16_10_ 
    from
        user user0_
Hibernate: 
    select
        roles0_.user_id as user_id1_11_0_,
        roles0_.roles as roles2_11_0_ 
    from
        user_roles roles0_ 
    where
        roles0_.user_id=?
Hibernate: 
    select
        roles0_.user_id as user_id1_11_0_,
        roles0_.roles as roles2_11_0_ 
    from
        user_roles roles0_ 
    where
        roles0_.user_id=?
Hibernate: 
    select
        roles0_.user_id as user_id1_11_0_,
        roles0_.roles as roles2_11_0_ 
    from
        user_roles roles0_ 
    where
        roles0_.user_id=?
Hibernate: 
    select
        roles0_.user_id as user_id1_11_0_,
        roles0_.roles as roles2_11_0_ 
    from
        user_roles roles0_ 
    where
        roles0_.user_id=?
Hibernate: 
    select
        roles0_.user_id as user_id1_11_0_,
        roles0_.roles as roles2_11_0_ 
    from
        user_roles roles0_ 
    where
        roles0_.user_id=?
Hibernate: 
    select
        user0_.id as id1_10_,
        user0_.created_at as created_2_10_,
        user0_.updated_at as updated_3_10_,
        user0_.age as age4_10_,
        user0_.background_image as backgrou5_10_,
        user0_.email as email6_10_,
        user0_.gender as gender7_10_,
        user0_.hobby as hobby8_10_,
        user0_.introduce as introduc9_10_,
        user0_.job as job10_10_,
        user0_.name as name11_10_,
        user0_.nick_name as nick_na12_10_,
        user0_.phone_num as phone_n13_10_,
        user0_.profile_image as profile14_10_,
        user0_.res_red_number as res_red15_10_,
        user0_.score as score16_10_ 
    from
        user user0_
Hibernate: 
    select
        roles0_.user_id as user_id1_11_0_,
        roles0_.roles as roles2_11_0_ 
    from
        user_roles roles0_ 
    where
        roles0_.user_id=?
Hibernate: 
    select
        roles0_.user_id as user_id1_11_0_,
        roles0_.roles as roles2_11_0_ 
    from
        user_roles roles0_ 
    where
        roles0_.user_id=?
Hibernate: 
    select
        roles0_.user_id as user_id1_11_0_,
        roles0_.roles as roles2_11_0_ 
    from
        user_roles roles0_ 
    where
        roles0_.user_id=?
Hibernate: 
    select
        roles0_.user_id as user_id1_11_0_,
        roles0_.roles as roles2_11_0_ 
    from
        user_roles roles0_ 
    where
        roles0_.user_id=?
Hibernate: 
    select
        roles0_.user_id as user_id1_11_0_,
        roles0_.roles as roles2_11_0_ 
    from
        user_roles roles0_ 
    where
        roles0_.user_id=?
Hibernate: 
    insert 
    into
        story_pin_like
        (created_at, updated_at, story_pin_id, user_id) 
    values
        (?, ?, ?, ?)
Hibernate: 
    insert 
    into
        story_pin_comment
        (created_at, updated_at, content, story_pin_id, user_id) 
    values
        (?, ?, ?, ?, ?)
Hibernate: 
    select
        user0_.id as id1_10_,
        user0_.created_at as created_2_10_,
        user0_.updated_at as updated_3_10_,
        user0_.age as age4_10_,
        user0_.background_image as backgrou5_10_,
        user0_.email as email6_10_,
        user0_.gender as gender7_10_,
        user0_.hobby as hobby8_10_,
        user0_.introduce as introduc9_10_,
        user0_.job as job10_10_,
        user0_.name as name11_10_,
        user0_.nick_name as nick_na12_10_,
        user0_.phone_num as phone_n13_10_,
        user0_.profile_image as profile14_10_,
        user0_.res_red_number as res_red15_10_,
        user0_.score as score16_10_ 
    from
        user user0_
Hibernate: 
    select
        roles0_.user_id as user_id1_11_0_,
        roles0_.roles as roles2_11_0_ 
    from
        user_roles roles0_ 
    where
        roles0_.user_id=?
Hibernate: 
    select
        roles0_.user_id as user_id1_11_0_,
        roles0_.roles as roles2_11_0_ 
    from
        user_roles roles0_ 
    where
        roles0_.user_id=?
Hibernate: 
    select
        roles0_.user_id as user_id1_11_0_,
        roles0_.roles as roles2_11_0_ 
    from
        user_roles roles0_ 
    where
        roles0_.user_id=?
Hibernate: 
    select
        roles0_.user_id as user_id1_11_0_,
        roles0_.roles as roles2_11_0_ 
    from
        user_roles roles0_ 
    where
        roles0_.user_id=?
Hibernate: 
    select
        roles0_.user_id as user_id1_11_0_,
        roles0_.roles as roles2_11_0_ 
    from
        user_roles roles0_ 
    where
        roles0_.user_id=?
Hibernate: 
    select
        user0_.id as id1_10_,
        user0_.created_at as created_2_10_,
        user0_.updated_at as updated_3_10_,
        user0_.age as age4_10_,
        user0_.background_image as backgrou5_10_,
        user0_.email as email6_10_,
        user0_.gender as gender7_10_,
        user0_.hobby as hobby8_10_,
        user0_.introduce as introduc9_10_,
        user0_.job as job10_10_,
        user0_.name as name11_10_,
        user0_.nick_name as nick_na12_10_,
        user0_.phone_num as phone_n13_10_,
        user0_.profile_image as profile14_10_,
        user0_.res_red_number as res_red15_10_,
        user0_.score as score16_10_ 
    from
        user user0_
Hibernate: 
    select
        roles0_.user_id as user_id1_11_0_,
        roles0_.roles as roles2_11_0_ 
    from
        user_roles roles0_ 
    where
        roles0_.user_id=?
Hibernate: 
    select
        roles0_.user_id as user_id1_11_0_,
        roles0_.roles as roles2_11_0_ 
    from
        user_roles roles0_ 
    where
        roles0_.user_id=?
Hibernate: 
    select
        roles0_.user_id as user_id1_11_0_,
        roles0_.roles as roles2_11_0_ 
    from
        user_roles roles0_ 
    where
        roles0_.user_id=?
Hibernate: 
    select
        roles0_.user_id as user_id1_11_0_,
        roles0_.roles as roles2_11_0_ 
    from
        user_roles roles0_ 
    where
        roles0_.user_id=?
Hibernate: 
    select
        roles0_.user_id as user_id1_11_0_,
        roles0_.roles as roles2_11_0_ 
    from
        user_roles roles0_ 
    where
        roles0_.user_id=?
Hibernate: 
    insert 
    into
        story_pin_like
        (created_at, updated_at, story_pin_id, user_id) 
    values
        (?, ?, ?, ?)
Hibernate: 
    insert 
    into
        story_pin_comment
        (created_at, updated_at, content, story_pin_id, user_id) 
    values
        (?, ?, ?, ?, ?)
Hibernate: 
    select
        user0_.id as id1_10_,
        user0_.created_at as created_2_10_,
        user0_.updated_at as updated_3_10_,
        user0_.age as age4_10_,
        user0_.background_image as backgrou5_10_,
        user0_.email as email6_10_,
        user0_.gender as gender7_10_,
        user0_.hobby as hobby8_10_,
        user0_.introduce as introduc9_10_,
        user0_.job as job10_10_,
        user0_.name as name11_10_,
        user0_.nick_name as nick_na12_10_,
        user0_.phone_num as phone_n13_10_,
        user0_.profile_image as profile14_10_,
        user0_.res_red_number as res_red15_10_,
        user0_.score as score16_10_ 
    from
        user user0_
Hibernate: 
    select
        roles0_.user_id as user_id1_11_0_,
        roles0_.roles as roles2_11_0_ 
    from
        user_roles roles0_ 
    where
        roles0_.user_id=?
Hibernate: 
    select
        roles0_.user_id as user_id1_11_0_,
        roles0_.roles as roles2_11_0_ 
    from
        user_roles roles0_ 
    where
        roles0_.user_id=?
Hibernate: 
    select
        roles0_.user_id as user_id1_11_0_,
        roles0_.roles as roles2_11_0_ 
    from
        user_roles roles0_ 
    where
        roles0_.user_id=?
Hibernate: 
    select
        roles0_.user_id as user_id1_11_0_,
        roles0_.roles as roles2_11_0_ 
    from
        user_roles roles0_ 
    where
        roles0_.user_id=?
Hibernate: 
    select
        roles0_.user_id as user_id1_11_0_,
        roles0_.roles as roles2_11_0_ 
    from
        user_roles roles0_ 
    where
        roles0_.user_id=?
Hibernate: 
    select
        user0_.id as id1_10_,
        user0_.created_at as created_2_10_,
        user0_.updated_at as updated_3_10_,
        user0_.age as age4_10_,
        user0_.background_image as backgrou5_10_,
        user0_.email as email6_10_,
        user0_.gender as gender7_10_,
        user0_.hobby as hobby8_10_,
        user0_.introduce as introduc9_10_,
        user0_.job as job10_10_,
        user0_.name as name11_10_,
        user0_.nick_name as nick_na12_10_,
        user0_.phone_num as phone_n13_10_,
        user0_.profile_image as profile14_10_,
        user0_.res_red_number as res_red15_10_,
        user0_.score as score16_10_ 
    from
        user user0_
Hibernate: 
    select
        roles0_.user_id as user_id1_11_0_,
        roles0_.roles as roles2_11_0_ 
    from
        user_roles roles0_ 
    where
        roles0_.user_id=?
Hibernate: 
    select
        roles0_.user_id as user_id1_11_0_,
        roles0_.roles as roles2_11_0_ 
    from
        user_roles roles0_ 
    where
        roles0_.user_id=?
Hibernate: 
    select
        roles0_.user_id as user_id1_11_0_,
        roles0_.roles as roles2_11_0_ 
    from
        user_roles roles0_ 
    where
        roles0_.user_id=?
Hibernate: 
    select
        roles0_.user_id as user_id1_11_0_,
        roles0_.roles as roles2_11_0_ 
    from
        user_roles roles0_ 
    where
        roles0_.user_id=?
Hibernate: 
    select
        roles0_.user_id as user_id1_11_0_,
        roles0_.roles as roles2_11_0_ 
    from
        user_roles roles0_ 
    where
        roles0_.user_id=?
Hibernate: 
    insert 
    into
        story_pin_like
        (created_at, updated_at, story_pin_id, user_id) 
    values
        (?, ?, ?, ?)
Hibernate: 
    insert 
    into
        story_pin_comment
        (created_at, updated_at, content, story_pin_id, user_id) 
    values
        (?, ?, ?, ?, ?)
Hibernate: 
    select
        user0_.id as id1_10_,
        user0_.created_at as created_2_10_,
        user0_.updated_at as updated_3_10_,
        user0_.age as age4_10_,
        user0_.background_image as backgrou5_10_,
        user0_.email as email6_10_,
        user0_.gender as gender7_10_,
        user0_.hobby as hobby8_10_,
        user0_.introduce as introduc9_10_,
        user0_.job as job10_10_,
        user0_.name as name11_10_,
        user0_.nick_name as nick_na12_10_,
        user0_.phone_num as phone_n13_10_,
        user0_.profile_image as profile14_10_,
        user0_.res_red_number as res_red15_10_,
        user0_.score as score16_10_ 
    from
        user user0_
Hibernate: 
    select
        roles0_.user_id as user_id1_11_0_,
        roles0_.roles as roles2_11_0_ 
    from
        user_roles roles0_ 
    where
        roles0_.user_id=?
Hibernate: 
    select
        roles0_.user_id as user_id1_11_0_,
        roles0_.roles as roles2_11_0_ 
    from
        user_roles roles0_ 
    where
        roles0_.user_id=?
Hibernate: 
    select
        roles0_.user_id as user_id1_11_0_,
        roles0_.roles as roles2_11_0_ 
    from
        user_roles roles0_ 
    where
        roles0_.user_id=?
Hibernate: 
    select
        roles0_.user_id as user_id1_11_0_,
        roles0_.roles as roles2_11_0_ 
    from
        user_roles roles0_ 
    where
        roles0_.user_id=?
Hibernate: 
    select
        roles0_.user_id as user_id1_11_0_,
        roles0_.roles as roles2_11_0_ 
    from
        user_roles roles0_ 
    where
        roles0_.user_id=?
Hibernate: 
    select
        user0_.id as id1_10_,
        user0_.created_at as created_2_10_,
        user0_.updated_at as updated_3_10_,
        user0_.age as age4_10_,
        user0_.background_image as backgrou5_10_,
        user0_.email as email6_10_,
        user0_.gender as gender7_10_,
        user0_.hobby as hobby8_10_,
        user0_.introduce as introduc9_10_,
        user0_.job as job10_10_,
        user0_.name as name11_10_,
        user0_.nick_name as nick_na12_10_,
        user0_.phone_num as phone_n13_10_,
        user0_.profile_image as profile14_10_,
        user0_.res_red_number as res_red15_10_,
        user0_.score as score16_10_ 
    from
        user user0_
Hibernate: 
    select
        roles0_.user_id as user_id1_11_0_,
        roles0_.roles as roles2_11_0_ 
    from
        user_roles roles0_ 
    where
        roles0_.user_id=?
Hibernate: 
    select
        roles0_.user_id as user_id1_11_0_,
        roles0_.roles as roles2_11_0_ 
    from
        user_roles roles0_ 
    where
        roles0_.user_id=?
Hibernate: 
    select
        roles0_.user_id as user_id1_11_0_,
        roles0_.roles as roles2_11_0_ 
    from
        user_roles roles0_ 
    where
        roles0_.user_id=?
Hibernate: 
    select
        roles0_.user_id as user_id1_11_0_,
        roles0_.roles as roles2_11_0_ 
    from
        user_roles roles0_ 
    where
        roles0_.user_id=?
Hibernate: 
    select
        roles0_.user_id as user_id1_11_0_,
        roles0_.roles as roles2_11_0_ 
    from
        user_roles roles0_ 
    where
        roles0_.user_id=?
Hibernate: 
    insert 
    into
        story_pin_like
        (created_at, updated_at, story_pin_id, user_id) 
    values
        (?, ?, ?, ?)
Hibernate: 
    insert 
    into
        story_pin_comment
        (created_at, updated_at, content, story_pin_id, user_id) 
    values
        (?, ?, ?, ?, ?)
Hibernate: 
    select
        user0_.id as id1_10_,
        user0_.created_at as created_2_10_,
        user0_.updated_at as updated_3_10_,
        user0_.age as age4_10_,
        user0_.background_image as backgrou5_10_,
        user0_.email as email6_10_,
        user0_.gender as gender7_10_,
        user0_.hobby as hobby8_10_,
        user0_.introduce as introduc9_10_,
        user0_.job as job10_10_,
        user0_.name as name11_10_,
        user0_.nick_name as nick_na12_10_,
        user0_.phone_num as phone_n13_10_,
        user0_.profile_image as profile14_10_,
        user0_.res_red_number as res_red15_10_,
        user0_.score as score16_10_ 
    from
        user user0_
Hibernate: 
    select
        roles0_.user_id as user_id1_11_0_,
        roles0_.roles as roles2_11_0_ 
    from
        user_roles roles0_ 
    where
        roles0_.user_id=?
Hibernate: 
    select
        roles0_.user_id as user_id1_11_0_,
        roles0_.roles as roles2_11_0_ 
    from
        user_roles roles0_ 
    where
        roles0_.user_id=?
Hibernate: 
    select
        roles0_.user_id as user_id1_11_0_,
        roles0_.roles as roles2_11_0_ 
    from
        user_roles roles0_ 
    where
        roles0_.user_id=?
Hibernate: 
    select
        roles0_.user_id as user_id1_11_0_,
        roles0_.roles as roles2_11_0_ 
    from
        user_roles roles0_ 
    where
        roles0_.user_id=?
Hibernate: 
    select
        roles0_.user_id as user_id1_11_0_,
        roles0_.roles as roles2_11_0_ 
    from
        user_roles roles0_ 
    where
        roles0_.user_id=?
Hibernate: 
    select
        user0_.id as id1_10_,
        user0_.created_at as created_2_10_,
        user0_.updated_at as updated_3_10_,
        user0_.age as age4_10_,
        user0_.background_image as backgrou5_10_,
        user0_.email as email6_10_,
        user0_.gender as gender7_10_,
        user0_.hobby as hobby8_10_,
        user0_.introduce as introduc9_10_,
        user0_.job as job10_10_,
        user0_.name as name11_10_,
        user0_.nick_name as nick_na12_10_,
        user0_.phone_num as phone_n13_10_,
        user0_.profile_image as profile14_10_,
        user0_.res_red_number as res_red15_10_,
        user0_.score as score16_10_ 
    from
        user user0_
Hibernate: 
    select
        roles0_.user_id as user_id1_11_0_,
        roles0_.roles as roles2_11_0_ 
    from
        user_roles roles0_ 
    where
        roles0_.user_id=?
Hibernate: 
    select
        roles0_.user_id as user_id1_11_0_,
        roles0_.roles as roles2_11_0_ 
    from
        user_roles roles0_ 
    where
        roles0_.user_id=?
Hibernate: 
    select
        roles0_.user_id as user_id1_11_0_,
        roles0_.roles as roles2_11_0_ 
    from
        user_roles roles0_ 
    where
        roles0_.user_id=?
Hibernate: 
    select
        roles0_.user_id as user_id1_11_0_,
        roles0_.roles as roles2_11_0_ 
    from
        user_roles roles0_ 
    where
        roles0_.user_id=?
Hibernate: 
    select
        roles0_.user_id as user_id1_11_0_,
        roles0_.roles as roles2_11_0_ 
    from
        user_roles roles0_ 
    where
        roles0_.user_id=?
Hibernate: 
    insert 
    into
        story_pin_like
        (created_at, updated_at, story_pin_id, user_id) 
    values
        (?, ?, ?, ?)
Hibernate: 
    insert 
    into
        story_pin_comment
        (created_at, updated_at, content, story_pin_id, user_id) 
    values
        (?, ?, ?, ?, ?)
Hibernate: 
    select
        user0_.id as id1_10_,
        user0_.created_at as created_2_10_,
        user0_.updated_at as updated_3_10_,
        user0_.age as age4_10_,
        user0_.background_image as backgrou5_10_,
        user0_.email as email6_10_,
        user0_.gender as gender7_10_,
        user0_.hobby as hobby8_10_,
        user0_.introduce as introduc9_10_,
        user0_.job as job10_10_,
        user0_.name as name11_10_,
        user0_.nick_name as nick_na12_10_,
        user0_.phone_num as phone_n13_10_,
        user0_.profile_image as profile14_10_,
        user0_.res_red_number as res_red15_10_,
        user0_.score as score16_10_ 
    from
        user user0_
Hibernate: 
    select
        roles0_.user_id as user_id1_11_0_,
        roles0_.roles as roles2_11_0_ 
    from
        user_roles roles0_ 
    where
        roles0_.user_id=?
Hibernate: 
    select
        roles0_.user_id as user_id1_11_0_,
        roles0_.roles as roles2_11_0_ 
    from
        user_roles roles0_ 
    where
        roles0_.user_id=?
Hibernate: 
    select
        roles0_.user_id as user_id1_11_0_,
        roles0_.roles as roles2_11_0_ 
    from
        user_roles roles0_ 
    where
        roles0_.user_id=?
Hibernate: 
    select
        roles0_.user_id as user_id1_11_0_,
        roles0_.roles as roles2_11_0_ 
    from
        user_roles roles0_ 
    where
        roles0_.user_id=?
Hibernate: 
    select
        roles0_.user_id as user_id1_11_0_,
        roles0_.roles as roles2_11_0_ 
    from
        user_roles roles0_ 
    where
        roles0_.user_id=?
Hibernate: 
    select
        user0_.id as id1_10_,
        user0_.created_at as created_2_10_,
        user0_.updated_at as updated_3_10_,
        user0_.age as age4_10_,
        user0_.background_image as backgrou5_10_,
        user0_.email as email6_10_,
        user0_.gender as gender7_10_,
        user0_.hobby as hobby8_10_,
        user0_.introduce as introduc9_10_,
        user0_.job as job10_10_,
        user0_.name as name11_10_,
        user0_.nick_name as nick_na12_10_,
        user0_.phone_num as phone_n13_10_,
        user0_.profile_image as profile14_10_,
        user0_.res_red_number as res_red15_10_,
        user0_.score as score16_10_ 
    from
        user user0_
Hibernate: 
    select
        roles0_.user_id as user_id1_11_0_,
        roles0_.roles as roles2_11_0_ 
    from
        user_roles roles0_ 
    where
        roles0_.user_id=?
Hibernate: 
    select
        roles0_.user_id as user_id1_11_0_,
        roles0_.roles as roles2_11_0_ 
    from
        user_roles roles0_ 
    where
        roles0_.user_id=?
Hibernate: 
    select
        roles0_.user_id as user_id1_11_0_,
        roles0_.roles as roles2_11_0_ 
    from
        user_roles roles0_ 
    where
        roles0_.user_id=?
Hibernate: 
    select
        roles0_.user_id as user_id1_11_0_,
        roles0_.roles as roles2_11_0_ 
    from
        user_roles roles0_ 
    where
        roles0_.user_id=?
Hibernate: 
    select
        roles0_.user_id as user_id1_11_0_,
        roles0_.roles as roles2_11_0_ 
    from
        user_roles roles0_ 
    where
        roles0_.user_id=?
Hibernate: 
    insert 
    into
        story_pin_like
        (created_at, updated_at, story_pin_id, user_id) 
    values
        (?, ?, ?, ?)
Hibernate: 
    insert 
    into
        story_pin_comment
        (created_at, updated_at, content, story_pin_id, user_id) 
    values
        (?, ?, ?, ?, ?)
Hibernate: 
    select
        user0_.id as id1_10_,
        user0_.created_at as created_2_10_,
        user0_.updated_at as updated_3_10_,
        user0_.age as age4_10_,
        user0_.background_image as backgrou5_10_,
        user0_.email as email6_10_,
        user0_.gender as gender7_10_,
        user0_.hobby as hobby8_10_,
        user0_.introduce as introduc9_10_,
        user0_.job as job10_10_,
        user0_.name as name11_10_,
        user0_.nick_name as nick_na12_10_,
        user0_.phone_num as phone_n13_10_,
        user0_.profile_image as profile14_10_,
        user0_.res_red_number as res_red15_10_,
        user0_.score as score16_10_ 
    from
        user user0_
Hibernate: 
    select
        roles0_.user_id as user_id1_11_0_,
        roles0_.roles as roles2_11_0_ 
    from
        user_roles roles0_ 
    where
        roles0_.user_id=?
Hibernate: 
    select
        roles0_.user_id as user_id1_11_0_,
        roles0_.roles as roles2_11_0_ 
    from
        user_roles roles0_ 
    where
        roles0_.user_id=?
Hibernate: 
    select
        roles0_.user_id as user_id1_11_0_,
        roles0_.roles as roles2_11_0_ 
    from
        user_roles roles0_ 
    where
        roles0_.user_id=?
Hibernate: 
    select
        roles0_.user_id as user_id1_11_0_,
        roles0_.roles as roles2_11_0_ 
    from
        user_roles roles0_ 
    where
        roles0_.user_id=?
Hibernate: 
    select
        roles0_.user_id as user_id1_11_0_,
        roles0_.roles as roles2_11_0_ 
    from
        user_roles roles0_ 
    where
        roles0_.user_id=?
Hibernate: 
    select
        user0_.id as id1_10_,
        user0_.created_at as created_2_10_,
        user0_.updated_at as updated_3_10_,
        user0_.age as age4_10_,
        user0_.background_image as backgrou5_10_,
        user0_.email as email6_10_,
        user0_.gender as gender7_10_,
        user0_.hobby as hobby8_10_,
        user0_.introduce as introduc9_10_,
        user0_.job as job10_10_,
        user0_.name as name11_10_,
        user0_.nick_name as nick_na12_10_,
        user0_.phone_num as phone_n13_10_,
        user0_.profile_image as profile14_10_,
        user0_.res_red_number as res_red15_10_,
        user0_.score as score16_10_ 
    from
        user user0_
Hibernate: 
    select
        roles0_.user_id as user_id1_11_0_,
        roles0_.roles as roles2_11_0_ 
    from
        user_roles roles0_ 
    where
        roles0_.user_id=?
Hibernate: 
    select
        roles0_.user_id as user_id1_11_0_,
        roles0_.roles as roles2_11_0_ 
    from
        user_roles roles0_ 
    where
        roles0_.user_id=?
Hibernate: 
    select
        roles0_.user_id as user_id1_11_0_,
        roles0_.roles as roles2_11_0_ 
    from
        user_roles roles0_ 
    where
        roles0_.user_id=?
Hibernate: 
    select
        roles0_.user_id as user_id1_11_0_,
        roles0_.roles as roles2_11_0_ 
    from
        user_roles roles0_ 
    where
        roles0_.user_id=?
Hibernate: 
    select
        roles0_.user_id as user_id1_11_0_,
        roles0_.roles as roles2_11_0_ 
    from
        user_roles roles0_ 
    where
        roles0_.user_id=?
Hibernate: 
    insert 
    into
        story_pin_like
        (created_at, updated_at, story_pin_id, user_id) 
    values
        (?, ?, ?, ?)
Hibernate: 
    insert 
    into
        story_pin_comment
        (created_at, updated_at, content, story_pin_id, user_id) 
    values
        (?, ?, ?, ?, ?)
Hibernate: 
    select
        user0_.id as id1_10_,
        user0_.created_at as created_2_10_,
        user0_.updated_at as updated_3_10_,
        user0_.age as age4_10_,
        user0_.background_image as backgrou5_10_,
        user0_.email as email6_10_,
        user0_.gender as gender7_10_,
        user0_.hobby as hobby8_10_,
        user0_.introduce as introduc9_10_,
        user0_.job as job10_10_,
        user0_.name as name11_10_,
        user0_.nick_name as nick_na12_10_,
        user0_.phone_num as phone_n13_10_,
        user0_.profile_image as profile14_10_,
        user0_.res_red_number as res_red15_10_,
        user0_.score as score16_10_ 
    from
        user user0_
Hibernate: 
    select
        roles0_.user_id as user_id1_11_0_,
        roles0_.roles as roles2_11_0_ 
    from
        user_roles roles0_ 
    where
        roles0_.user_id=?
Hibernate: 
    select
        roles0_.user_id as user_id1_11_0_,
        roles0_.roles as roles2_11_0_ 
    from
        user_roles roles0_ 
    where
        roles0_.user_id=?
Hibernate: 
    select
        roles0_.user_id as user_id1_11_0_,
        roles0_.roles as roles2_11_0_ 
    from
        user_roles roles0_ 
    where
        roles0_.user_id=?
Hibernate: 
    select
        roles0_.user_id as user_id1_11_0_,
        roles0_.roles as roles2_11_0_ 
    from
        user_roles roles0_ 
    where
        roles0_.user_id=?
Hibernate: 
    select
        roles0_.user_id as user_id1_11_0_,
        roles0_.roles as roles2_11_0_ 
    from
        user_roles roles0_ 
    where
        roles0_.user_id=?
Hibernate: 
    select
        user0_.id as id1_10_,
        user0_.created_at as created_2_10_,
        user0_.updated_at as updated_3_10_,
        user0_.age as age4_10_,
        user0_.background_image as backgrou5_10_,
        user0_.email as email6_10_,
        user0_.gender as gender7_10_,
        user0_.hobby as hobby8_10_,
        user0_.introduce as introduc9_10_,
        user0_.job as job10_10_,
        user0_.name as name11_10_,
        user0_.nick_name as nick_na12_10_,
        user0_.phone_num as phone_n13_10_,
        user0_.profile_image as profile14_10_,
        user0_.res_red_number as res_red15_10_,
        user0_.score as score16_10_ 
    from
        user user0_
Hibernate: 
    select
        roles0_.user_id as user_id1_11_0_,
        roles0_.roles as roles2_11_0_ 
    from
        user_roles roles0_ 
    where
        roles0_.user_id=?
Hibernate: 
    select
        roles0_.user_id as user_id1_11_0_,
        roles0_.roles as roles2_11_0_ 
    from
        user_roles roles0_ 
    where
        roles0_.user_id=?
Hibernate: 
    select
        roles0_.user_id as user_id1_11_0_,
        roles0_.roles as roles2_11_0_ 
    from
        user_roles roles0_ 
    where
        roles0_.user_id=?
Hibernate: 
    select
        roles0_.user_id as user_id1_11_0_,
        roles0_.roles as roles2_11_0_ 
    from
        user_roles roles0_ 
    where
        roles0_.user_id=?
Hibernate: 
    select
        roles0_.user_id as user_id1_11_0_,
        roles0_.roles as roles2_11_0_ 
    from
        user_roles roles0_ 
    where
        roles0_.user_id=?
Hibernate: 
    insert 
    into
        story_pin_like
        (created_at, updated_at, story_pin_id, user_id) 
    values
        (?, ?, ?, ?)
Hibernate: 
    insert 
    into
        story_pin_comment
        (created_at, updated_at, content, story_pin_id, user_id) 
    values
        (?, ?, ?, ?, ?)
Hibernate: 
    select
        user0_.id as id1_10_,
        user0_.created_at as created_2_10_,
        user0_.updated_at as updated_3_10_,
        user0_.age as age4_10_,
        user0_.background_image as backgrou5_10_,
        user0_.email as email6_10_,
        user0_.gender as gender7_10_,
        user0_.hobby as hobby8_10_,
        user0_.introduce as introduc9_10_,
        user0_.job as job10_10_,
        user0_.name as name11_10_,
        user0_.nick_name as nick_na12_10_,
        user0_.phone_num as phone_n13_10_,
        user0_.profile_image as profile14_10_,
        user0_.res_red_number as res_red15_10_,
        user0_.score as score16_10_ 
    from
        user user0_
Hibernate: 
    select
        roles0_.user_id as user_id1_11_0_,
        roles0_.roles as roles2_11_0_ 
    from
        user_roles roles0_ 
    where
        roles0_.user_id=?
Hibernate: 
    select
        roles0_.user_id as user_id1_11_0_,
        roles0_.roles as roles2_11_0_ 
    from
        user_roles roles0_ 
    where
        roles0_.user_id=?
Hibernate: 
    select
        roles0_.user_id as user_id1_11_0_,
        roles0_.roles as roles2_11_0_ 
    from
        user_roles roles0_ 
    where
        roles0_.user_id=?
Hibernate: 
    select
        roles0_.user_id as user_id1_11_0_,
        roles0_.roles as roles2_11_0_ 
    from
        user_roles roles0_ 
    where
        roles0_.user_id=?
Hibernate: 
    select
        roles0_.user_id as user_id1_11_0_,
        roles0_.roles as roles2_11_0_ 
    from
        user_roles roles0_ 
    where
        roles0_.user_id=?
Hibernate: 
    select
        user0_.id as id1_10_,
        user0_.created_at as created_2_10_,
        user0_.updated_at as updated_3_10_,
        user0_.age as age4_10_,
        user0_.background_image as backgrou5_10_,
        user0_.email as email6_10_,
        user0_.gender as gender7_10_,
        user0_.hobby as hobby8_10_,
        user0_.introduce as introduc9_10_,
        user0_.job as job10_10_,
        user0_.name as name11_10_,
        user0_.nick_name as nick_na12_10_,
        user0_.phone_num as phone_n13_10_,
        user0_.profile_image as profile14_10_,
        user0_.res_red_number as res_red15_10_,
        user0_.score as score16_10_ 
    from
        user user0_
Hibernate: 
    select
        roles0_.user_id as user_id1_11_0_,
        roles0_.roles as roles2_11_0_ 
    from
        user_roles roles0_ 
    where
        roles0_.user_id=?
Hibernate: 
    select
        roles0_.user_id as user_id1_11_0_,
        roles0_.roles as roles2_11_0_ 
    from
        user_roles roles0_ 
    where
        roles0_.user_id=?
Hibernate: 
    select
        roles0_.user_id as user_id1_11_0_,
        roles0_.roles as roles2_11_0_ 
    from
        user_roles roles0_ 
    where
        roles0_.user_id=?
Hibernate: 
    select
        roles0_.user_id as user_id1_11_0_,
        roles0_.roles as roles2_11_0_ 
    from
        user_roles roles0_ 
    where
        roles0_.user_id=?
Hibernate: 
    select
        roles0_.user_id as user_id1_11_0_,
        roles0_.roles as roles2_11_0_ 
    from
        user_roles roles0_ 
    where
        roles0_.user_id=?
Hibernate: 
    insert 
    into
        story_pin_like
        (created_at, updated_at, story_pin_id, user_id) 
    values
        (?, ?, ?, ?)
Hibernate: 
    insert 
    into
        story_pin_comment
        (created_at, updated_at, content, story_pin_id, user_id) 
    values
        (?, ?, ?, ?, ?)
Hibernate: 
    select
        user0_.id as id1_10_,
        user0_.created_at as created_2_10_,
        user0_.updated_at as updated_3_10_,
        user0_.age as age4_10_,
        user0_.background_image as backgrou5_10_,
        user0_.email as email6_10_,
        user0_.gender as gender7_10_,
        user0_.hobby as hobby8_10_,
        user0_.introduce as introduc9_10_,
        user0_.job as job10_10_,
        user0_.name as name11_10_,
        user0_.nick_name as nick_na12_10_,
        user0_.phone_num as phone_n13_10_,
        user0_.profile_image as profile14_10_,
        user0_.res_red_number as res_red15_10_,
        user0_.score as score16_10_ 
    from
        user user0_
Hibernate: 
    select
        roles0_.user_id as user_id1_11_0_,
        roles0_.roles as roles2_11_0_ 
    from
        user_roles roles0_ 
    where
        roles0_.user_id=?
Hibernate: 
    select
        roles0_.user_id as user_id1_11_0_,
        roles0_.roles as roles2_11_0_ 
    from
        user_roles roles0_ 
    where
        roles0_.user_id=?
Hibernate: 
    select
        roles0_.user_id as user_id1_11_0_,
        roles0_.roles as roles2_11_0_ 
    from
        user_roles roles0_ 
    where
        roles0_.user_id=?
Hibernate: 
    select
        roles0_.user_id as user_id1_11_0_,
        roles0_.roles as roles2_11_0_ 
    from
        user_roles roles0_ 
    where
        roles0_.user_id=?
Hibernate: 
    select
        roles0_.user_id as user_id1_11_0_,
        roles0_.roles as roles2_11_0_ 
    from
        user_roles roles0_ 
    where
        roles0_.user_id=?
Hibernate: 
    select
        user0_.id as id1_10_,
        user0_.created_at as created_2_10_,
        user0_.updated_at as updated_3_10_,
        user0_.age as age4_10_,
        user0_.background_image as backgrou5_10_,
        user0_.email as email6_10_,
        user0_.gender as gender7_10_,
        user0_.hobby as hobby8_10_,
        user0_.introduce as introduc9_10_,
        user0_.job as job10_10_,
        user0_.name as name11_10_,
        user0_.nick_name as nick_na12_10_,
        user0_.phone_num as phone_n13_10_,
        user0_.profile_image as profile14_10_,
        user0_.res_red_number as res_red15_10_,
        user0_.score as score16_10_ 
    from
        user user0_
Hibernate: 
    select
        roles0_.user_id as user_id1_11_0_,
        roles0_.roles as roles2_11_0_ 
    from
        user_roles roles0_ 
    where
        roles0_.user_id=?
Hibernate: 
    select
        roles0_.user_id as user_id1_11_0_,
        roles0_.roles as roles2_11_0_ 
    from
        user_roles roles0_ 
    where
        roles0_.user_id=?
Hibernate: 
    select
        roles0_.user_id as user_id1_11_0_,
        roles0_.roles as roles2_11_0_ 
    from
        user_roles roles0_ 
    where
        roles0_.user_id=?
Hibernate: 
    select
        roles0_.user_id as user_id1_11_0_,
        roles0_.roles as roles2_11_0_ 
    from
        user_roles roles0_ 
    where
        roles0_.user_id=?
Hibernate: 
    select
        roles0_.user_id as user_id1_11_0_,
        roles0_.roles as roles2_11_0_ 
    from
        user_roles roles0_ 
    where
        roles0_.user_id=?
Hibernate: 
    insert 
    into
        story_pin_like
        (created_at, updated_at, story_pin_id, user_id) 
    values
        (?, ?, ?, ?)
Hibernate: 
    insert 
    into
        story_pin_comment
        (created_at, updated_at, content, story_pin_id, user_id) 
    values
        (?, ?, ?, ?, ?)
Hibernate: 
    select
        user0_.id as id1_10_,
        user0_.created_at as created_2_10_,
        user0_.updated_at as updated_3_10_,
        user0_.age as age4_10_,
        user0_.background_image as backgrou5_10_,
        user0_.email as email6_10_,
        user0_.gender as gender7_10_,
        user0_.hobby as hobby8_10_,
        user0_.introduce as introduc9_10_,
        user0_.job as job10_10_,
        user0_.name as name11_10_,
        user0_.nick_name as nick_na12_10_,
        user0_.phone_num as phone_n13_10_,
        user0_.profile_image as profile14_10_,
        user0_.res_red_number as res_red15_10_,
        user0_.score as score16_10_ 
    from
        user user0_
Hibernate: 
    select
        roles0_.user_id as user_id1_11_0_,
        roles0_.roles as roles2_11_0_ 
    from
        user_roles roles0_ 
    where
        roles0_.user_id=?
Hibernate: 
    select
        roles0_.user_id as user_id1_11_0_,
        roles0_.roles as roles2_11_0_ 
    from
        user_roles roles0_ 
    where
        roles0_.user_id=?
Hibernate: 
    select
        roles0_.user_id as user_id1_11_0_,
        roles0_.roles as roles2_11_0_ 
    from
        user_roles roles0_ 
    where
        roles0_.user_id=?
Hibernate: 
    select
        roles0_.user_id as user_id1_11_0_,
        roles0_.roles as roles2_11_0_ 
    from
        user_roles roles0_ 
    where
        roles0_.user_id=?
Hibernate: 
    select
        roles0_.user_id as user_id1_11_0_,
        roles0_.roles as roles2_11_0_ 
    from
        user_roles roles0_ 
    where
        roles0_.user_id=?
Hibernate: 
    select
        user0_.id as id1_10_,
        user0_.created_at as created_2_10_,
        user0_.updated_at as updated_3_10_,
        user0_.age as age4_10_,
        user0_.background_image as backgrou5_10_,
        user0_.email as email6_10_,
        user0_.gender as gender7_10_,
        user0_.hobby as hobby8_10_,
        user0_.introduce as introduc9_10_,
        user0_.job as job10_10_,
        user0_.name as name11_10_,
        user0_.nick_name as nick_na12_10_,
        user0_.phone_num as phone_n13_10_,
        user0_.profile_image as profile14_10_,
        user0_.res_red_number as res_red15_10_,
        user0_.score as score16_10_ 
    from
        user user0_
Hibernate: 
    select
        roles0_.user_id as user_id1_11_0_,
        roles0_.roles as roles2_11_0_ 
    from
        user_roles roles0_ 
    where
        roles0_.user_id=?
Hibernate: 
    select
        roles0_.user_id as user_id1_11_0_,
        roles0_.roles as roles2_11_0_ 
    from
        user_roles roles0_ 
    where
        roles0_.user_id=?
Hibernate: 
    select
        roles0_.user_id as user_id1_11_0_,
        roles0_.roles as roles2_11_0_ 
    from
        user_roles roles0_ 
    where
        roles0_.user_id=?
Hibernate: 
    select
        roles0_.user_id as user_id1_11_0_,
        roles0_.roles as roles2_11_0_ 
    from
        user_roles roles0_ 
    where
        roles0_.user_id=?
Hibernate: 
    select
        roles0_.user_id as user_id1_11_0_,
        roles0_.roles as roles2_11_0_ 
    from
        user_roles roles0_ 
    where
        roles0_.user_id=?
Hibernate: 
    insert 
    into
        story_pin_like
        (created_at, updated_at, story_pin_id, user_id) 
    values
        (?, ?, ?, ?)
Hibernate: 
    insert 
    into
        story_pin_comment
        (created_at, updated_at, content, story_pin_id, user_id) 
    values
        (?, ?, ?, ?, ?)
Hibernate: 
    select
        user0_.id as id1_10_,
        user0_.created_at as created_2_10_,
        user0_.updated_at as updated_3_10_,
        user0_.age as age4_10_,
        user0_.background_image as backgrou5_10_,
        user0_.email as email6_10_,
        user0_.gender as gender7_10_,
        user0_.hobby as hobby8_10_,
        user0_.introduce as introduc9_10_,
        user0_.job as job10_10_,
        user0_.name as name11_10_,
        user0_.nick_name as nick_na12_10_,
        user0_.phone_num as phone_n13_10_,
        user0_.profile_image as profile14_10_,
        user0_.res_red_number as res_red15_10_,
        user0_.score as score16_10_ 
    from
        user user0_
Hibernate: 
    select
        roles0_.user_id as user_id1_11_0_,
        roles0_.roles as roles2_11_0_ 
    from
        user_roles roles0_ 
    where
        roles0_.user_id=?
Hibernate: 
    select
        roles0_.user_id as user_id1_11_0_,
        roles0_.roles as roles2_11_0_ 
    from
        user_roles roles0_ 
    where
        roles0_.user_id=?
Hibernate: 
    select
        roles0_.user_id as user_id1_11_0_,
        roles0_.roles as roles2_11_0_ 
    from
        user_roles roles0_ 
    where
        roles0_.user_id=?
Hibernate: 
    select
        roles0_.user_id as user_id1_11_0_,
        roles0_.roles as roles2_11_0_ 
    from
        user_roles roles0_ 
    where
        roles0_.user_id=?
Hibernate: 
    select
        roles0_.user_id as user_id1_11_0_,
        roles0_.roles as roles2_11_0_ 
    from
        user_roles roles0_ 
    where
        roles0_.user_id=?
Hibernate: 
    select
        user0_.id as id1_10_,
        user0_.created_at as created_2_10_,
        user0_.updated_at as updated_3_10_,
        user0_.age as age4_10_,
        user0_.background_image as backgrou5_10_,
        user0_.email as email6_10_,
        user0_.gender as gender7_10_,
        user0_.hobby as hobby8_10_,
        user0_.introduce as introduc9_10_,
        user0_.job as job10_10_,
        user0_.name as name11_10_,
        user0_.nick_name as nick_na12_10_,
        user0_.phone_num as phone_n13_10_,
        user0_.profile_image as profile14_10_,
        user0_.res_red_number as res_red15_10_,
        user0_.score as score16_10_ 
    from
        user user0_
Hibernate: 
    select
        roles0_.user_id as user_id1_11_0_,
        roles0_.roles as roles2_11_0_ 
    from
        user_roles roles0_ 
    where
        roles0_.user_id=?
Hibernate: 
    select
        roles0_.user_id as user_id1_11_0_,
        roles0_.roles as roles2_11_0_ 
    from
        user_roles roles0_ 
    where
        roles0_.user_id=?
Hibernate: 
    select
        roles0_.user_id as user_id1_11_0_,
        roles0_.roles as roles2_11_0_ 
    from
        user_roles roles0_ 
    where
        roles0_.user_id=?
Hibernate: 
    select
        roles0_.user_id as user_id1_11_0_,
        roles0_.roles as roles2_11_0_ 
    from
        user_roles roles0_ 
    where
        roles0_.user_id=?
Hibernate: 
    select
        roles0_.user_id as user_id1_11_0_,
        roles0_.roles as roles2_11_0_ 
    from
        user_roles roles0_ 
    where
        roles0_.user_id=?
Hibernate: 
    insert 
    into
        story_pin_like
        (created_at, updated_at, story_pin_id, user_id) 
    values
        (?, ?, ?, ?)
Hibernate: 
    insert 
    into
        story_pin_comment
        (created_at, updated_at, content, story_pin_id, user_id) 
    values
        (?, ?, ?, ?, ?)
Hibernate: 
    select
        user0_.id as id1_10_,
        user0_.created_at as created_2_10_,
        user0_.updated_at as updated_3_10_,
        user0_.age as age4_10_,
        user0_.background_image as backgrou5_10_,
        user0_.email as email6_10_,
        user0_.gender as gender7_10_,
        user0_.hobby as hobby8_10_,
        user0_.introduce as introduc9_10_,
        user0_.job as job10_10_,
        user0_.name as name11_10_,
        user0_.nick_name as nick_na12_10_,
        user0_.phone_num as phone_n13_10_,
        user0_.profile_image as profile14_10_,
        user0_.res_red_number as res_red15_10_,
        user0_.score as score16_10_ 
    from
        user user0_
Hibernate: 
    select
        roles0_.user_id as user_id1_11_0_,
        roles0_.roles as roles2_11_0_ 
    from
        user_roles roles0_ 
    where
        roles0_.user_id=?
Hibernate: 
    select
        roles0_.user_id as user_id1_11_0_,
        roles0_.roles as roles2_11_0_ 
    from
        user_roles roles0_ 
    where
        roles0_.user_id=?
Hibernate: 
    select
        roles0_.user_id as user_id1_11_0_,
        roles0_.roles as roles2_11_0_ 
    from
        user_roles roles0_ 
    where
        roles0_.user_id=?
Hibernate: 
    select
        roles0_.user_id as user_id1_11_0_,
        roles0_.roles as roles2_11_0_ 
    from
        user_roles roles0_ 
    where
        roles0_.user_id=?
Hibernate: 
    select
        roles0_.user_id as user_id1_11_0_,
        roles0_.roles as roles2_11_0_ 
    from
        user_roles roles0_ 
    where
        roles0_.user_id=?
Hibernate: 
    select
        user0_.id as id1_10_,
        user0_.created_at as created_2_10_,
        user0_.updated_at as updated_3_10_,
        user0_.age as age4_10_,
        user0_.background_image as backgrou5_10_,
        user0_.email as email6_10_,
        user0_.gender as gender7_10_,
        user0_.hobby as hobby8_10_,
        user0_.introduce as introduc9_10_,
        user0_.job as job10_10_,
        user0_.name as name11_10_,
        user0_.nick_name as nick_na12_10_,
        user0_.phone_num as phone_n13_10_,
        user0_.profile_image as profile14_10_,
        user0_.res_red_number as res_red15_10_,
        user0_.score as score16_10_ 
    from
        user user0_
Hibernate: 
    select
        roles0_.user_id as user_id1_11_0_,
        roles0_.roles as roles2_11_0_ 
    from
        user_roles roles0_ 
    where
        roles0_.user_id=?
Hibernate: 
    select
        roles0_.user_id as user_id1_11_0_,
        roles0_.roles as roles2_11_0_ 
    from
        user_roles roles0_ 
    where
        roles0_.user_id=?
Hibernate: 
    select
        roles0_.user_id as user_id1_11_0_,
        roles0_.roles as roles2_11_0_ 
    from
        user_roles roles0_ 
    where
        roles0_.user_id=?
Hibernate: 
    select
        roles0_.user_id as user_id1_11_0_,
        roles0_.roles as roles2_11_0_ 
    from
        user_roles roles0_ 
    where
        roles0_.user_id=?
Hibernate: 
    select
        roles0_.user_id as user_id1_11_0_,
        roles0_.roles as roles2_11_0_ 
    from
        user_roles roles0_ 
    where
        roles0_.user_id=?
Hibernate: 
    insert 
    into
        story_pin_like
        (created_at, updated_at, story_pin_id, user_id) 
    values
        (?, ?, ?, ?)
Hibernate: 
    insert 
    into
        story_pin_comment
        (created_at, updated_at, content, story_pin_id, user_id) 
    values
        (?, ?, ?, ?, ?)
Hibernate: 
    select
        user0_.id as id1_10_,
        user0_.created_at as created_2_10_,
        user0_.updated_at as updated_3_10_,
        user0_.age as age4_10_,
        user0_.background_image as backgrou5_10_,
        user0_.email as email6_10_,
        user0_.gender as gender7_10_,
        user0_.hobby as hobby8_10_,
        user0_.introduce as introduc9_10_,
        user0_.job as job10_10_,
        user0_.name as name11_10_,
        user0_.nick_name as nick_na12_10_,
        user0_.phone_num as phone_n13_10_,
        user0_.profile_image as profile14_10_,
        user0_.res_red_number as res_red15_10_,
        user0_.score as score16_10_ 
    from
        user user0_
Hibernate: 
    select
        roles0_.user_id as user_id1_11_0_,
        roles0_.roles as roles2_11_0_ 
    from
        user_roles roles0_ 
    where
        roles0_.user_id=?
Hibernate: 
    select
        roles0_.user_id as user_id1_11_0_,
        roles0_.roles as roles2_11_0_ 
    from
        user_roles roles0_ 
    where
        roles0_.user_id=?
Hibernate: 
    select
        roles0_.user_id as user_id1_11_0_,
        roles0_.roles as roles2_11_0_ 
    from
        user_roles roles0_ 
    where
        roles0_.user_id=?
Hibernate: 
    select
        roles0_.user_id as user_id1_11_0_,
        roles0_.roles as roles2_11_0_ 
    from
        user_roles roles0_ 
    where
        roles0_.user_id=?
Hibernate: 
    select
        roles0_.user_id as user_id1_11_0_,
        roles0_.roles as roles2_11_0_ 
    from
        user_roles roles0_ 
    where
        roles0_.user_id=?
Hibernate: 
    select
        user0_.id as id1_10_,
        user0_.created_at as created_2_10_,
        user0_.updated_at as updated_3_10_,
        user0_.age as age4_10_,
        user0_.background_image as backgrou5_10_,
        user0_.email as email6_10_,
        user0_.gender as gender7_10_,
        user0_.hobby as hobby8_10_,
        user0_.introduce as introduc9_10_,
        user0_.job as job10_10_,
        user0_.name as name11_10_,
        user0_.nick_name as nick_na12_10_,
        user0_.phone_num as phone_n13_10_,
        user0_.profile_image as profile14_10_,
        user0_.res_red_number as res_red15_10_,
        user0_.score as score16_10_ 
    from
        user user0_
Hibernate: 
    select
        roles0_.user_id as user_id1_11_0_,
        roles0_.roles as roles2_11_0_ 
    from
        user_roles roles0_ 
    where
        roles0_.user_id=?
Hibernate: 
    select
        roles0_.user_id as user_id1_11_0_,
        roles0_.roles as roles2_11_0_ 
    from
        user_roles roles0_ 
    where
        roles0_.user_id=?
Hibernate: 
    select
        roles0_.user_id as user_id1_11_0_,
        roles0_.roles as roles2_11_0_ 
    from
        user_roles roles0_ 
    where
        roles0_.user_id=?
Hibernate: 
    select
        roles0_.user_id as user_id1_11_0_,
        roles0_.roles as roles2_11_0_ 
    from
        user_roles roles0_ 
    where
        roles0_.user_id=?
Hibernate: 
    select
        roles0_.user_id as user_id1_11_0_,
        roles0_.roles as roles2_11_0_ 
    from
        user_roles roles0_ 
    where
        roles0_.user_id=?
Hibernate: 
    insert 
    into
        story_pin_like
        (created_at, updated_at, story_pin_id, user_id) 
    values
        (?, ?, ?, ?)
Hibernate: 
    insert 
    into
        story_pin_comment
        (created_at, updated_at, content, story_pin_id, user_id) 
    values
        (?, ?, ?, ?, ?)
Hibernate: 
    select
        user0_.id as id1_10_,
        user0_.created_at as created_2_10_,
        user0_.updated_at as updated_3_10_,
        user0_.age as age4_10_,
        user0_.background_image as backgrou5_10_,
        user0_.email as email6_10_,
        user0_.gender as gender7_10_,
        user0_.hobby as hobby8_10_,
        user0_.introduce as introduc9_10_,
        user0_.job as job10_10_,
        user0_.name as name11_10_,
        user0_.nick_name as nick_na12_10_,
        user0_.phone_num as phone_n13_10_,
        user0_.profile_image as profile14_10_,
        user0_.res_red_number as res_red15_10_,
        user0_.score as score16_10_ 
    from
        user user0_
Hibernate: 
    select
        roles0_.user_id as user_id1_11_0_,
        roles0_.roles as roles2_11_0_ 
    from
        user_roles roles0_ 
    where
        roles0_.user_id=?
Hibernate: 
    select
        roles0_.user_id as user_id1_11_0_,
        roles0_.roles as roles2_11_0_ 
    from
        user_roles roles0_ 
    where
        roles0_.user_id=?
Hibernate: 
    select
        roles0_.user_id as user_id1_11_0_,
        roles0_.roles as roles2_11_0_ 
    from
        user_roles roles0_ 
    where
        roles0_.user_id=?
Hibernate: 
    select
        roles0_.user_id as user_id1_11_0_,
        roles0_.roles as roles2_11_0_ 
    from
        user_roles roles0_ 
    where
        roles0_.user_id=?
Hibernate: 
    select
        roles0_.user_id as user_id1_11_0_,
        roles0_.roles as roles2_11_0_ 
    from
        user_roles roles0_ 
    where
        roles0_.user_id=?
Hibernate: 
    select
        user0_.id as id1_10_,
        user0_.created_at as created_2_10_,
        user0_.updated_at as updated_3_10_,
        user0_.age as age4_10_,
        user0_.background_image as backgrou5_10_,
        user0_.email as email6_10_,
        user0_.gender as gender7_10_,
        user0_.hobby as hobby8_10_,
        user0_.introduce as introduc9_10_,
        user0_.job as job10_10_,
        user0_.name as name11_10_,
        user0_.nick_name as nick_na12_10_,
        user0_.phone_num as phone_n13_10_,
        user0_.profile_image as profile14_10_,
        user0_.res_red_number as res_red15_10_,
        user0_.score as score16_10_ 
    from
        user user0_
Hibernate: 
    select
        roles0_.user_id as user_id1_11_0_,
        roles0_.roles as roles2_11_0_ 
    from
        user_roles roles0_ 
    where
        roles0_.user_id=?
Hibernate: 
    select
        roles0_.user_id as user_id1_11_0_,
        roles0_.roles as roles2_11_0_ 
    from
        user_roles roles0_ 
    where
        roles0_.user_id=?
Hibernate: 
    select
        roles0_.user_id as user_id1_11_0_,
        roles0_.roles as roles2_11_0_ 
    from
        user_roles roles0_ 
    where
        roles0_.user_id=?
Hibernate: 
    select
        roles0_.user_id as user_id1_11_0_,
        roles0_.roles as roles2_11_0_ 
    from
        user_roles roles0_ 
    where
        roles0_.user_id=?
Hibernate: 
    select
        roles0_.user_id as user_id1_11_0_,
        roles0_.roles as roles2_11_0_ 
    from
        user_roles roles0_ 
    where
        roles0_.user_id=?
Hibernate: 
    insert 
    into
        story_pin_like
        (created_at, updated_at, story_pin_id, user_id) 
    values
        (?, ?, ?, ?)
Hibernate: 
    insert 
    into
        story_pin_comment
        (created_at, updated_at, content, story_pin_id, user_id) 
    values
        (?, ?, ?, ?, ?)
Hibernate: 
    select
        user0_.id as id1_10_,
        user0_.created_at as created_2_10_,
        user0_.updated_at as updated_3_10_,
        user0_.age as age4_10_,
        user0_.background_image as backgrou5_10_,
        user0_.email as email6_10_,
        user0_.gender as gender7_10_,
        user0_.hobby as hobby8_10_,
        user0_.introduce as introduc9_10_,
        user0_.job as job10_10_,
        user0_.name as name11_10_,
        user0_.nick_name as nick_na12_10_,
        user0_.phone_num as phone_n13_10_,
        user0_.profile_image as profile14_10_,
        user0_.res_red_number as res_red15_10_,
        user0_.score as score16_10_ 
    from
        user user0_
Hibernate: 
    select
        roles0_.user_id as user_id1_11_0_,
        roles0_.roles as roles2_11_0_ 
    from
        user_roles roles0_ 
    where
        roles0_.user_id=?
Hibernate: 
    select
        roles0_.user_id as user_id1_11_0_,
        roles0_.roles as roles2_11_0_ 
    from
        user_roles roles0_ 
    where
        roles0_.user_id=?
Hibernate: 
    select
        roles0_.user_id as user_id1_11_0_,
        roles0_.roles as roles2_11_0_ 
    from
        user_roles roles0_ 
    where
        roles0_.user_id=?
Hibernate: 
    select
        roles0_.user_id as user_id1_11_0_,
        roles0_.roles as roles2_11_0_ 
    from
        user_roles roles0_ 
    where
        roles0_.user_id=?
Hibernate: 
    select
        roles0_.user_id as user_id1_11_0_,
        roles0_.roles as roles2_11_0_ 
    from
        user_roles roles0_ 
    where
        roles0_.user_id=?
Hibernate: 
    select
        user0_.id as id1_10_,
        user0_.created_at as created_2_10_,
        user0_.updated_at as updated_3_10_,
        user0_.age as age4_10_,
        user0_.background_image as backgrou5_10_,
        user0_.email as email6_10_,
        user0_.gender as gender7_10_,
        user0_.hobby as hobby8_10_,
        user0_.introduce as introduc9_10_,
        user0_.job as job10_10_,
        user0_.name as name11_10_,
        user0_.nick_name as nick_na12_10_,
        user0_.phone_num as phone_n13_10_,
        user0_.profile_image as profile14_10_,
        user0_.res_red_number as res_red15_10_,
        user0_.score as score16_10_ 
    from
        user user0_
Hibernate: 
    select
        roles0_.user_id as user_id1_11_0_,
        roles0_.roles as roles2_11_0_ 
    from
        user_roles roles0_ 
    where
        roles0_.user_id=?
Hibernate: 
    select
        roles0_.user_id as user_id1_11_0_,
        roles0_.roles as roles2_11_0_ 
    from
        user_roles roles0_ 
    where
        roles0_.user_id=?
Hibernate: 
    select
        roles0_.user_id as user_id1_11_0_,
        roles0_.roles as roles2_11_0_ 
    from
        user_roles roles0_ 
    where
        roles0_.user_id=?
Hibernate: 
    select
        roles0_.user_id as user_id1_11_0_,
        roles0_.roles as roles2_11_0_ 
    from
        user_roles roles0_ 
    where
        roles0_.user_id=?
Hibernate: 
    select
        roles0_.user_id as user_id1_11_0_,
        roles0_.roles as roles2_11_0_ 
    from
        user_roles roles0_ 
    where
        roles0_.user_id=?
Hibernate: 
    insert 
    into
        story_pin_like
        (created_at, updated_at, story_pin_id, user_id) 
    values
        (?, ?, ?, ?)
Hibernate: 
    insert 
    into
        story_pin_comment
        (created_at, updated_at, content, story_pin_id, user_id) 
    values
        (?, ?, ?, ?, ?)
Hibernate: 
    select
        user0_.id as id1_10_,
        user0_.created_at as created_2_10_,
        user0_.updated_at as updated_3_10_,
        user0_.age as age4_10_,
        user0_.background_image as backgrou5_10_,
        user0_.email as email6_10_,
        user0_.gender as gender7_10_,
        user0_.hobby as hobby8_10_,
        user0_.introduce as introduc9_10_,
        user0_.job as job10_10_,
        user0_.name as name11_10_,
        user0_.nick_name as nick_na12_10_,
        user0_.phone_num as phone_n13_10_,
        user0_.profile_image as profile14_10_,
        user0_.res_red_number as res_red15_10_,
        user0_.score as score16_10_ 
    from
        user user0_
Hibernate: 
    select
        roles0_.user_id as user_id1_11_0_,
        roles0_.roles as roles2_11_0_ 
    from
        user_roles roles0_ 
    where
        roles0_.user_id=?
Hibernate: 
    select
        roles0_.user_id as user_id1_11_0_,
        roles0_.roles as roles2_11_0_ 
    from
        user_roles roles0_ 
    where
        roles0_.user_id=?
Hibernate: 
    select
        roles0_.user_id as user_id1_11_0_,
        roles0_.roles as roles2_11_0_ 
    from
        user_roles roles0_ 
    where
        roles0_.user_id=?
Hibernate: 
    select
        roles0_.user_id as user_id1_11_0_,
        roles0_.roles as roles2_11_0_ 
    from
        user_roles roles0_ 
    where
        roles0_.user_id=?
Hibernate: 
    select
        roles0_.user_id as user_id1_11_0_,
        roles0_.roles as roles2_11_0_ 
    from
        user_roles roles0_ 
    where
        roles0_.user_id=?
Hibernate: 
    select
        user0_.id as id1_10_,
        user0_.created_at as created_2_10_,
        user0_.updated_at as updated_3_10_,
        user0_.age as age4_10_,
        user0_.background_image as backgrou5_10_,
        user0_.email as email6_10_,
        user0_.gender as gender7_10_,
        user0_.hobby as hobby8_10_,
        user0_.introduce as introduc9_10_,
        user0_.job as job10_10_,
        user0_.name as name11_10_,
        user0_.nick_name as nick_na12_10_,
        user0_.phone_num as phone_n13_10_,
        user0_.profile_image as profile14_10_,
        user0_.res_red_number as res_red15_10_,
        user0_.score as score16_10_ 
    from
        user user0_
Hibernate: 
    select
        roles0_.user_id as user_id1_11_0_,
        roles0_.roles as roles2_11_0_ 
    from
        user_roles roles0_ 
    where
        roles0_.user_id=?
Hibernate: 
    select
        roles0_.user_id as user_id1_11_0_,
        roles0_.roles as roles2_11_0_ 
    from
        user_roles roles0_ 
    where
        roles0_.user_id=?
Hibernate: 
    select
        roles0_.user_id as user_id1_11_0_,
        roles0_.roles as roles2_11_0_ 
    from
        user_roles roles0_ 
    where
        roles0_.user_id=?
Hibernate: 
    select
        roles0_.user_id as user_id1_11_0_,
        roles0_.roles as roles2_11_0_ 
    from
        user_roles roles0_ 
    where
        roles0_.user_id=?
Hibernate: 
    select
        roles0_.user_id as user_id1_11_0_,
        roles0_.roles as roles2_11_0_ 
    from
        user_roles roles0_ 
    where
        roles0_.user_id=?
Hibernate: 
    insert 
    into
        story_pin_like
        (created_at, updated_at, story_pin_id, user_id) 
    values
        (?, ?, ?, ?)
Hibernate: 
    insert 
    into
        story_pin_comment
        (created_at, updated_at, content, story_pin_id, user_id) 
    values
        (?, ?, ?, ?, ?)
Hibernate: 
    select
        user0_.id as id1_10_,
        user0_.created_at as created_2_10_,
        user0_.updated_at as updated_3_10_,
        user0_.age as age4_10_,
        user0_.background_image as backgrou5_10_,
        user0_.email as email6_10_,
        user0_.gender as gender7_10_,
        user0_.hobby as hobby8_10_,
        user0_.introduce as introduc9_10_,
        user0_.job as job10_10_,
        user0_.name as name11_10_,
        user0_.nick_name as nick_na12_10_,
        user0_.phone_num as phone_n13_10_,
        user0_.profile_image as profile14_10_,
        user0_.res_red_number as res_red15_10_,
        user0_.score as score16_10_ 
    from
        user user0_
Hibernate: 
    select
        roles0_.user_id as user_id1_11_0_,
        roles0_.roles as roles2_11_0_ 
    from
        user_roles roles0_ 
    where
        roles0_.user_id=?
Hibernate: 
    select
        roles0_.user_id as user_id1_11_0_,
        roles0_.roles as roles2_11_0_ 
    from
        user_roles roles0_ 
    where
        roles0_.user_id=?
Hibernate: 
    select
        roles0_.user_id as user_id1_11_0_,
        roles0_.roles as roles2_11_0_ 
    from
        user_roles roles0_ 
    where
        roles0_.user_id=?
Hibernate: 
    select
        roles0_.user_id as user_id1_11_0_,
        roles0_.roles as roles2_11_0_ 
    from
        user_roles roles0_ 
    where
        roles0_.user_id=?
Hibernate: 
    select
        roles0_.user_id as user_id1_11_0_,
        roles0_.roles as roles2_11_0_ 
    from
        user_roles roles0_ 
    where
        roles0_.user_id=?
Hibernate: 
    select
        user0_.id as id1_10_,
        user0_.created_at as created_2_10_,
        user0_.updated_at as updated_3_10_,
        user0_.age as age4_10_,
        user0_.background_image as backgrou5_10_,
        user0_.email as email6_10_,
        user0_.gender as gender7_10_,
        user0_.hobby as hobby8_10_,
        user0_.introduce as introduc9_10_,
        user0_.job as job10_10_,
        user0_.name as name11_10_,
        user0_.nick_name as nick_na12_10_,
        user0_.phone_num as phone_n13_10_,
        user0_.profile_image as profile14_10_,
        user0_.res_red_number as res_red15_10_,
        user0_.score as score16_10_ 
    from
        user user0_
Hibernate: 
    select
        roles0_.user_id as user_id1_11_0_,
        roles0_.roles as roles2_11_0_ 
    from
        user_roles roles0_ 
    where
        roles0_.user_id=?
Hibernate: 
    select
        roles0_.user_id as user_id1_11_0_,
        roles0_.roles as roles2_11_0_ 
    from
        user_roles roles0_ 
    where
        roles0_.user_id=?
Hibernate: 
    select
        roles0_.user_id as user_id1_11_0_,
        roles0_.roles as roles2_11_0_ 
    from
        user_roles roles0_ 
    where
        roles0_.user_id=?
Hibernate: 
    select
        roles0_.user_id as user_id1_11_0_,
        roles0_.roles as roles2_11_0_ 
    from
        user_roles roles0_ 
    where
        roles0_.user_id=?
Hibernate: 
    select
        roles0_.user_id as user_id1_11_0_,
        roles0_.roles as roles2_11_0_ 
    from
        user_roles roles0_ 
    where
        roles0_.user_id=?
Hibernate: 
    insert 
    into
        story_pin_like
        (created_at, updated_at, story_pin_id, user_id) 
    values
        (?, ?, ?, ?)
Hibernate: 
    insert 
    into
        story_pin_comment
        (created_at, updated_at, content, story_pin_id, user_id) 
    values
        (?, ?, ?, ?, ?)
Hibernate: 
    select
        user0_.id as id1_10_,
        user0_.created_at as created_2_10_,
        user0_.updated_at as updated_3_10_,
        user0_.age as age4_10_,
        user0_.background_image as backgrou5_10_,
        user0_.email as email6_10_,
        user0_.gender as gender7_10_,
        user0_.hobby as hobby8_10_,
        user0_.introduce as introduc9_10_,
        user0_.job as job10_10_,
        user0_.name as name11_10_,
        user0_.nick_name as nick_na12_10_,
        user0_.phone_num as phone_n13_10_,
        user0_.profile_image as profile14_10_,
        user0_.res_red_number as res_red15_10_,
        user0_.score as score16_10_ 
    from
        user user0_
Hibernate: 
    select
        roles0_.user_id as user_id1_11_0_,
        roles0_.roles as roles2_11_0_ 
    from
        user_roles roles0_ 
    where
        roles0_.user_id=?
Hibernate: 
    select
        roles0_.user_id as user_id1_11_0_,
        roles0_.roles as roles2_11_0_ 
    from
        user_roles roles0_ 
    where
        roles0_.user_id=?
Hibernate: 
    select
        roles0_.user_id as user_id1_11_0_,
        roles0_.roles as roles2_11_0_ 
    from
        user_roles roles0_ 
    where
        roles0_.user_id=?
Hibernate: 
    select
        roles0_.user_id as user_id1_11_0_,
        roles0_.roles as roles2_11_0_ 
    from
        user_roles roles0_ 
    where
        roles0_.user_id=?
Hibernate: 
    select
        roles0_.user_id as user_id1_11_0_,
        roles0_.roles as roles2_11_0_ 
    from
        user_roles roles0_ 
    where
        roles0_.user_id=?
Hibernate: 
    select
        user0_.id as id1_10_,
        user0_.created_at as created_2_10_,
        user0_.updated_at as updated_3_10_,
        user0_.age as age4_10_,
        user0_.background_image as backgrou5_10_,
        user0_.email as email6_10_,
        user0_.gender as gender7_10_,
        user0_.hobby as hobby8_10_,
        user0_.introduce as introduc9_10_,
        user0_.job as job10_10_,
        user0_.name as name11_10_,
        user0_.nick_name as nick_na12_10_,
        user0_.phone_num as phone_n13_10_,
        user0_.profile_image as profile14_10_,
        user0_.res_red_number as res_red15_10_,
        user0_.score as score16_10_ 
    from
        user user0_
Hibernate: 
    select
        roles0_.user_id as user_id1_11_0_,
        roles0_.roles as roles2_11_0_ 
    from
        user_roles roles0_ 
    where
        roles0_.user_id=?
Hibernate: 
    select
        roles0_.user_id as user_id1_11_0_,
        roles0_.roles as roles2_11_0_ 
    from
        user_roles roles0_ 
    where
        roles0_.user_id=?
Hibernate: 
    select
        roles0_.user_id as user_id1_11_0_,
        roles0_.roles as roles2_11_0_ 
    from
        user_roles roles0_ 
    where
        roles0_.user_id=?
Hibernate: 
    select
        roles0_.user_id as user_id1_11_0_,
        roles0_.roles as roles2_11_0_ 
    from
        user_roles roles0_ 
    where
        roles0_.user_id=?
Hibernate: 
    select
        roles0_.user_id as user_id1_11_0_,
        roles0_.roles as roles2_11_0_ 
    from
        user_roles roles0_ 
    where
        roles0_.user_id=?
Hibernate: 
    insert 
    into
        story_pin_like
        (created_at, updated_at, story_pin_id, user_id) 
    values
        (?, ?, ?, ?)
Hibernate: 
    insert 
    into
        story_pin_comment
        (created_at, updated_at, content, story_pin_id, user_id) 
    values
        (?, ?, ?, ?, ?)
Hibernate: 
    select
        user0_.id as id1_10_,
        user0_.created_at as created_2_10_,
        user0_.updated_at as updated_3_10_,
        user0_.age as age4_10_,
        user0_.background_image as backgrou5_10_,
        user0_.email as email6_10_,
        user0_.gender as gender7_10_,
        user0_.hobby as hobby8_10_,
        user0_.introduce as introduc9_10_,
        user0_.job as job10_10_,
        user0_.name as name11_10_,
        user0_.nick_name as nick_na12_10_,
        user0_.phone_num as phone_n13_10_,
        user0_.profile_image as profile14_10_,
        user0_.res_red_number as res_red15_10_,
        user0_.score as score16_10_ 
    from
        user user0_
Hibernate: 
    select
        roles0_.user_id as user_id1_11_0_,
        roles0_.roles as roles2_11_0_ 
    from
        user_roles roles0_ 
    where
        roles0_.user_id=?
Hibernate: 
    select
        roles0_.user_id as user_id1_11_0_,
        roles0_.roles as roles2_11_0_ 
    from
        user_roles roles0_ 
    where
        roles0_.user_id=?
Hibernate: 
    select
        roles0_.user_id as user_id1_11_0_,
        roles0_.roles as roles2_11_0_ 
    from
        user_roles roles0_ 
    where
        roles0_.user_id=?
Hibernate: 
    select
        roles0_.user_id as user_id1_11_0_,
        roles0_.roles as roles2_11_0_ 
    from
        user_roles roles0_ 
    where
        roles0_.user_id=?
Hibernate: 
    select
        roles0_.user_id as user_id1_11_0_,
        roles0_.roles as roles2_11_0_ 
    from
        user_roles roles0_ 
    where
        roles0_.user_id=?
Hibernate: 
    select
        user0_.id as id1_10_,
        user0_.created_at as created_2_10_,
        user0_.updated_at as updated_3_10_,
        user0_.age as age4_10_,
        user0_.background_image as backgrou5_10_,
        user0_.email as email6_10_,
        user0_.gender as gender7_10_,
        user0_.hobby as hobby8_10_,
        user0_.introduce as introduc9_10_,
        user0_.job as job10_10_,
        user0_.name as name11_10_,
        user0_.nick_name as nick_na12_10_,
        user0_.phone_num as phone_n13_10_,
        user0_.profile_image as profile14_10_,
        user0_.res_red_number as res_red15_10_,
        user0_.score as score16_10_ 
    from
        user user0_
Hibernate: 
    select
        roles0_.user_id as user_id1_11_0_,
        roles0_.roles as roles2_11_0_ 
    from
        user_roles roles0_ 
    where
        roles0_.user_id=?
Hibernate: 
    select
        roles0_.user_id as user_id1_11_0_,
        roles0_.roles as roles2_11_0_ 
    from
        user_roles roles0_ 
    where
        roles0_.user_id=?
Hibernate: 
    select
        roles0_.user_id as user_id1_11_0_,
        roles0_.roles as roles2_11_0_ 
    from
        user_roles roles0_ 
    where
        roles0_.user_id=?
Hibernate: 
    select
        roles0_.user_id as user_id1_11_0_,
        roles0_.roles as roles2_11_0_ 
    from
        user_roles roles0_ 
    where
        roles0_.user_id=?
Hibernate: 
    select
        roles0_.user_id as user_id1_11_0_,
        roles0_.roles as roles2_11_0_ 
    from
        user_roles roles0_ 
    where
        roles0_.user_id=?
Hibernate: 
    insert 
    into
        story_pin_like
        (created_at, updated_at, story_pin_id, user_id) 
    values
        (?, ?, ?, ?)
Hibernate: 
    insert 
    into
        story_pin_comment
        (created_at, updated_at, content, story_pin_id, user_id) 
    values
        (?, ?, ?, ?, ?)
Hibernate: 
    select
        user0_.id as id1_10_,
        user0_.created_at as created_2_10_,
        user0_.updated_at as updated_3_10_,
        user0_.age as age4_10_,
        user0_.background_image as backgrou5_10_,
        user0_.email as email6_10_,
        user0_.gender as gender7_10_,
        user0_.hobby as hobby8_10_,
        user0_.introduce as introduc9_10_,
        user0_.job as job10_10_,
        user0_.name as name11_10_,
        user0_.nick_name as nick_na12_10_,
        user0_.phone_num as phone_n13_10_,
        user0_.profile_image as profile14_10_,
        user0_.res_red_number as res_red15_10_,
        user0_.score as score16_10_ 
    from
        user user0_
Hibernate: 
    select
        roles0_.user_id as user_id1_11_0_,
        roles0_.roles as roles2_11_0_ 
    from
        user_roles roles0_ 
    where
        roles0_.user_id=?
Hibernate: 
    select
        roles0_.user_id as user_id1_11_0_,
        roles0_.roles as roles2_11_0_ 
    from
        user_roles roles0_ 
    where
        roles0_.user_id=?
Hibernate: 
    select
        roles0_.user_id as user_id1_11_0_,
        roles0_.roles as roles2_11_0_ 
    from
        user_roles roles0_ 
    where
        roles0_.user_id=?
Hibernate: 
    select
        roles0_.user_id as user_id1_11_0_,
        roles0_.roles as roles2_11_0_ 
    from
        user_roles roles0_ 
    where
        roles0_.user_id=?
Hibernate: 
    select
        roles0_.user_id as user_id1_11_0_,
        roles0_.roles as roles2_11_0_ 
    from
        user_roles roles0_ 
    where
        roles0_.user_id=?
Hibernate: 
    select
        user0_.id as id1_10_,
        user0_.created_at as created_2_10_,
        user0_.updated_at as updated_3_10_,
        user0_.age as age4_10_,
        user0_.background_image as backgrou5_10_,
        user0_.email as email6_10_,
        user0_.gender as gender7_10_,
        user0_.hobby as hobby8_10_,
        user0_.introduce as introduc9_10_,
        user0_.job as job10_10_,
        user0_.name as name11_10_,
        user0_.nick_name as nick_na12_10_,
        user0_.phone_num as phone_n13_10_,
        user0_.profile_image as profile14_10_,
        user0_.res_red_number as res_red15_10_,
        user0_.score as score16_10_ 
    from
        user user0_
Hibernate: 
    select
        roles0_.user_id as user_id1_11_0_,
        roles0_.roles as roles2_11_0_ 
    from
        user_roles roles0_ 
    where
        roles0_.user_id=?
Hibernate: 
    select
        roles0_.user_id as user_id1_11_0_,
        roles0_.roles as roles2_11_0_ 
    from
        user_roles roles0_ 
    where
        roles0_.user_id=?
Hibernate: 
    select
        roles0_.user_id as user_id1_11_0_,
        roles0_.roles as roles2_11_0_ 
    from
        user_roles roles0_ 
    where
        roles0_.user_id=?
Hibernate: 
    select
        roles0_.user_id as user_id1_11_0_,
        roles0_.roles as roles2_11_0_ 
    from
        user_roles roles0_ 
    where
        roles0_.user_id=?
Hibernate: 
    select
        roles0_.user_id as user_id1_11_0_,
        roles0_.roles as roles2_11_0_ 
    from
        user_roles roles0_ 
    where
        roles0_.user_id=?
Hibernate: 
    insert 
    into
        story_pin_like
        (created_at, updated_at, story_pin_id, user_id) 
    values
        (?, ?, ?, ?)
Hibernate: 
    insert 
    into
        story_pin_comment
        (created_at, updated_at, content, story_pin_id, user_id) 
    values
        (?, ?, ?, ?, ?)
Hibernate: 
    select
        user0_.id as id1_10_,
        user0_.created_at as created_2_10_,
        user0_.updated_at as updated_3_10_,
        user0_.age as age4_10_,
        user0_.background_image as backgrou5_10_,
        user0_.email as email6_10_,
        user0_.gender as gender7_10_,
        user0_.hobby as hobby8_10_,
        user0_.introduce as introduc9_10_,
        user0_.job as job10_10_,
        user0_.name as name11_10_,
        user0_.nick_name as nick_na12_10_,
        user0_.phone_num as phone_n13_10_,
        user0_.profile_image as profile14_10_,
        user0_.res_red_number as res_red15_10_,
        user0_.score as score16_10_ 
    from
        user user0_
Hibernate: 
    select
        roles0_.user_id as user_id1_11_0_,
        roles0_.roles as roles2_11_0_ 
    from
        user_roles roles0_ 
    where
        roles0_.user_id=?
Hibernate: 
    select
        roles0_.user_id as user_id1_11_0_,
        roles0_.roles as roles2_11_0_ 
    from
        user_roles roles0_ 
    where
        roles0_.user_id=?
Hibernate: 
    select
        roles0_.user_id as user_id1_11_0_,
        roles0_.roles as roles2_11_0_ 
    from
        user_roles roles0_ 
    where
        roles0_.user_id=?
Hibernate: 
    select
        roles0_.user_id as user_id1_11_0_,
        roles0_.roles as roles2_11_0_ 
    from
        user_roles roles0_ 
    where
        roles0_.user_id=?
Hibernate: 
    select
        roles0_.user_id as user_id1_11_0_,
        roles0_.roles as roles2_11_0_ 
    from
        user_roles roles0_ 
    where
        roles0_.user_id=?
Hibernate: 
    select
        user0_.id as id1_10_,
        user0_.created_at as created_2_10_,
        user0_.updated_at as updated_3_10_,
        user0_.age as age4_10_,
        user0_.background_image as backgrou5_10_,
        user0_.email as email6_10_,
        user0_.gender as gender7_10_,
        user0_.hobby as hobby8_10_,
        user0_.introduce as introduc9_10_,
        user0_.job as job10_10_,
        user0_.name as name11_10_,
        user0_.nick_name as nick_na12_10_,
        user0_.phone_num as phone_n13_10_,
        user0_.profile_image as profile14_10_,
        user0_.res_red_number as res_red15_10_,
        user0_.score as score16_10_ 
    from
        user user0_
Hibernate: 
    select
        roles0_.user_id as user_id1_11_0_,
        roles0_.roles as roles2_11_0_ 
    from
        user_roles roles0_ 
    where
        roles0_.user_id=?
Hibernate: 
    select
        roles0_.user_id as user_id1_11_0_,
        roles0_.roles as roles2_11_0_ 
    from
        user_roles roles0_ 
    where
        roles0_.user_id=?
Hibernate: 
    select
        roles0_.user_id as user_id1_11_0_,
        roles0_.roles as roles2_11_0_ 
    from
        user_roles roles0_ 
    where
        roles0_.user_id=?
Hibernate: 
    select
        roles0_.user_id as user_id1_11_0_,
        roles0_.roles as roles2_11_0_ 
    from
        user_roles roles0_ 
    where
        roles0_.user_id=?
Hibernate: 
    select
        roles0_.user_id as user_id1_11_0_,
        roles0_.roles as roles2_11_0_ 
    from
        user_roles roles0_ 
    where
        roles0_.user_id=?
Hibernate: 
    insert 
    into
        story_pin_like
        (created_at, updated_at, story_pin_id, user_id) 
    values
        (?, ?, ?, ?)
Hibernate: 
    insert 
    into
        story_pin_comment
        (created_at, updated_at, content, story_pin_id, user_id) 
    values
        (?, ?, ?, ?, ?)
Hibernate: 
    select
        user0_.id as id1_10_,
        user0_.created_at as created_2_10_,
        user0_.updated_at as updated_3_10_,
        user0_.age as age4_10_,
        user0_.background_image as backgrou5_10_,
        user0_.email as email6_10_,
        user0_.gender as gender7_10_,
        user0_.hobby as hobby8_10_,
        user0_.introduce as introduc9_10_,
        user0_.job as job10_10_,
        user0_.name as name11_10_,
        user0_.nick_name as nick_na12_10_,
        user0_.phone_num as phone_n13_10_,
        user0_.profile_image as profile14_10_,
        user0_.res_red_number as res_red15_10_,
        user0_.score as score16_10_ 
    from
        user user0_
Hibernate: 
    select
        roles0_.user_id as user_id1_11_0_,
        roles0_.roles as roles2_11_0_ 
    from
        user_roles roles0_ 
    where
        roles0_.user_id=?
Hibernate: 
    select
        roles0_.user_id as user_id1_11_0_,
        roles0_.roles as roles2_11_0_ 
    from
        user_roles roles0_ 
    where
        roles0_.user_id=?
Hibernate: 
    select
        roles0_.user_id as user_id1_11_0_,
        roles0_.roles as roles2_11_0_ 
    from
        user_roles roles0_ 
    where
        roles0_.user_id=?
Hibernate: 
    select
        roles0_.user_id as user_id1_11_0_,
        roles0_.roles as roles2_11_0_ 
    from
        user_roles roles0_ 
    where
        roles0_.user_id=?
Hibernate: 
    select
        roles0_.user_id as user_id1_11_0_,
        roles0_.roles as roles2_11_0_ 
    from
        user_roles roles0_ 
    where
        roles0_.user_id=?
Hibernate: 
    select
        user0_.id as id1_10_,
        user0_.created_at as created_2_10_,
        user0_.updated_at as updated_3_10_,
        user0_.age as age4_10_,
        user0_.background_image as backgrou5_10_,
        user0_.email as email6_10_,
        user0_.gender as gender7_10_,
        user0_.hobby as hobby8_10_,
        user0_.introduce as introduc9_10_,
        user0_.job as job10_10_,
        user0_.name as name11_10_,
        user0_.nick_name as nick_na12_10_,
        user0_.phone_num as phone_n13_10_,
        user0_.profile_image as profile14_10_,
        user0_.res_red_number as res_red15_10_,
        user0_.score as score16_10_ 
    from
        user user0_
Hibernate: 
    select
        roles0_.user_id as user_id1_11_0_,
        roles0_.roles as roles2_11_0_ 
    from
        user_roles roles0_ 
    where
        roles0_.user_id=?
Hibernate: 
    select
        roles0_.user_id as user_id1_11_0_,
        roles0_.roles as roles2_11_0_ 
    from
        user_roles roles0_ 
    where
        roles0_.user_id=?
Hibernate: 
    select
        roles0_.user_id as user_id1_11_0_,
        roles0_.roles as roles2_11_0_ 
    from
        user_roles roles0_ 
    where
        roles0_.user_id=?
Hibernate: 
    select
        roles0_.user_id as user_id1_11_0_,
        roles0_.roles as roles2_11_0_ 
    from
        user_roles roles0_ 
    where
        roles0_.user_id=?
Hibernate: 
    select
        roles0_.user_id as user_id1_11_0_,
        roles0_.roles as roles2_11_0_ 
    from
        user_roles roles0_ 
    where
        roles0_.user_id=?
Hibernate: 
    insert 
    into
        story_pin_like
        (created_at, updated_at, story_pin_id, user_id) 
    values
        (?, ?, ?, ?)
Hibernate: 
    insert 
    into
        story_pin_comment
        (created_at, updated_at, content, story_pin_id, user_id) 
    values
        (?, ?, ?, ?, ?)
Hibernate: 
    select
        user0_.id as id1_10_,
        user0_.created_at as created_2_10_,
        user0_.updated_at as updated_3_10_,
        user0_.age as age4_10_,
        user0_.background_image as backgrou5_10_,
        user0_.email as email6_10_,
        user0_.gender as gender7_10_,
        user0_.hobby as hobby8_10_,
        user0_.introduce as introduc9_10_,
        user0_.job as job10_10_,
        user0_.name as name11_10_,
        user0_.nick_name as nick_na12_10_,
        user0_.phone_num as phone_n13_10_,
        user0_.profile_image as profile14_10_,
        user0_.res_red_number as res_red15_10_,
        user0_.score as score16_10_ 
    from
        user user0_
Hibernate: 
    select
        roles0_.user_id as user_id1_11_0_,
        roles0_.roles as roles2_11_0_ 
    from
        user_roles roles0_ 
    where
        roles0_.user_id=?
Hibernate: 
    select
        roles0_.user_id as user_id1_11_0_,
        roles0_.roles as roles2_11_0_ 
    from
        user_roles roles0_ 
    where
        roles0_.user_id=?
Hibernate: 
    select
        roles0_.user_id as user_id1_11_0_,
        roles0_.roles as roles2_11_0_ 
    from
        user_roles roles0_ 
    where
        roles0_.user_id=?
Hibernate: 
    select
        roles0_.user_id as user_id1_11_0_,
        roles0_.roles as roles2_11_0_ 
    from
        user_roles roles0_ 
    where
        roles0_.user_id=?
Hibernate: 
    select
        roles0_.user_id as user_id1_11_0_,
        roles0_.roles as roles2_11_0_ 
    from
        user_roles roles0_ 
    where
        roles0_.user_id=?
Hibernate: 
    select
        user0_.id as id1_10_,
        user0_.created_at as created_2_10_,
        user0_.updated_at as updated_3_10_,
        user0_.age as age4_10_,
        user0_.background_image as backgrou5_10_,
        user0_.email as email6_10_,
        user0_.gender as gender7_10_,
        user0_.hobby as hobby8_10_,
        user0_.introduce as introduc9_10_,
        user0_.job as job10_10_,
        user0_.name as name11_10_,
        user0_.nick_name as nick_na12_10_,
        user0_.phone_num as phone_n13_10_,
        user0_.profile_image as profile14_10_,
        user0_.res_red_number as res_red15_10_,
        user0_.score as score16_10_ 
    from
        user user0_
Hibernate: 
    select
        roles0_.user_id as user_id1_11_0_,
        roles0_.roles as roles2_11_0_ 
    from
        user_roles roles0_ 
    where
        roles0_.user_id=?
Hibernate: 
    select
        roles0_.user_id as user_id1_11_0_,
        roles0_.roles as roles2_11_0_ 
    from
        user_roles roles0_ 
    where
        roles0_.user_id=?
Hibernate: 
    select
        roles0_.user_id as user_id1_11_0_,
        roles0_.roles as roles2_11_0_ 
    from
        user_roles roles0_ 
    where
        roles0_.user_id=?
Hibernate: 
    select
        roles0_.user_id as user_id1_11_0_,
        roles0_.roles as roles2_11_0_ 
    from
        user_roles roles0_ 
    where
        roles0_.user_id=?
Hibernate: 
    select
        roles0_.user_id as user_id1_11_0_,
        roles0_.roles as roles2_11_0_ 
    from
        user_roles roles0_ 
    where
        roles0_.user_id=?
Hibernate: 
    insert 
    into
        story_pin_like
        (created_at, updated_at, story_pin_id, user_id) 
    values
        (?, ?, ?, ?)
Hibernate: 
    insert 
    into
        story_pin_comment
        (created_at, updated_at, content, story_pin_id, user_id) 
    values
        (?, ?, ?, ?, ?)
Hibernate: 
    select
        user0_.id as id1_10_,
        user0_.created_at as created_2_10_,
        user0_.updated_at as updated_3_10_,
        user0_.age as age4_10_,
        user0_.background_image as backgrou5_10_,
        user0_.email as email6_10_,
        user0_.gender as gender7_10_,
        user0_.hobby as hobby8_10_,
        user0_.introduce as introduc9_10_,
        user0_.job as job10_10_,
        user0_.name as name11_10_,
        user0_.nick_name as nick_na12_10_,
        user0_.phone_num as phone_n13_10_,
        user0_.profile_image as profile14_10_,
        user0_.res_red_number as res_red15_10_,
        user0_.score as score16_10_ 
    from
        user user0_
Hibernate: 
    select
        roles0_.user_id as user_id1_11_0_,
        roles0_.roles as roles2_11_0_ 
    from
        user_roles roles0_ 
    where
        roles0_.user_id=?
Hibernate: 
    select
        roles0_.user_id as user_id1_11_0_,
        roles0_.roles as roles2_11_0_ 
    from
        user_roles roles0_ 
    where
        roles0_.user_id=?
Hibernate: 
    select
        roles0_.user_id as user_id1_11_0_,
        roles0_.roles as roles2_11_0_ 
    from
        user_roles roles0_ 
    where
        roles0_.user_id=?
Hibernate: 
    select
        roles0_.user_id as user_id1_11_0_,
        roles0_.roles as roles2_11_0_ 
    from
        user_roles roles0_ 
    where
        roles0_.user_id=?
Hibernate: 
    select
        roles0_.user_id as user_id1_11_0_,
        roles0_.roles as roles2_11_0_ 
    from
        user_roles roles0_ 
    where
        roles0_.user_id=?
Hibernate: 
    select
        user0_.id as id1_10_,
        user0_.created_at as created_2_10_,
        user0_.updated_at as updated_3_10_,
        user0_.age as age4_10_,
        user0_.background_image as backgrou5_10_,
        user0_.email as email6_10_,
        user0_.gender as gender7_10_,
        user0_.hobby as hobby8_10_,
        user0_.introduce as introduc9_10_,
        user0_.job as job10_10_,
        user0_.name as name11_10_,
        user0_.nick_name as nick_na12_10_,
        user0_.phone_num as phone_n13_10_,
        user0_.profile_image as profile14_10_,
        user0_.res_red_number as res_red15_10_,
        user0_.score as score16_10_ 
    from
        user user0_
Hibernate: 
    select
        roles0_.user_id as user_id1_11_0_,
        roles0_.roles as roles2_11_0_ 
    from
        user_roles roles0_ 
    where
        roles0_.user_id=?
Hibernate: 
    select
        roles0_.user_id as user_id1_11_0_,
        roles0_.roles as roles2_11_0_ 
    from
        user_roles roles0_ 
    where
        roles0_.user_id=?
Hibernate: 
    select
        roles0_.user_id as user_id1_11_0_,
        roles0_.roles as roles2_11_0_ 
    from
        user_roles roles0_ 
    where
        roles0_.user_id=?
Hibernate: 
    select
        roles0_.user_id as user_id1_11_0_,
        roles0_.roles as roles2_11_0_ 
    from
        user_roles roles0_ 
    where
        roles0_.user_id=?
Hibernate: 
    select
        roles0_.user_id as user_id1_11_0_,
        roles0_.roles as roles2_11_0_ 
    from
        user_roles roles0_ 
    where
        roles0_.user_id=?
Hibernate: 
    insert 
    into
        story_pin_like
        (created_at, updated_at, story_pin_id, user_id) 
    values
        (?, ?, ?, ?)
Hibernate: 
    insert 
    into
        story_pin_comment
        (created_at, updated_at, content, story_pin_id, user_id) 
    values
        (?, ?, ?, ?, ?)
Hibernate: 
    select
        user0_.id as id1_10_,
        user0_.created_at as created_2_10_,
        user0_.updated_at as updated_3_10_,
        user0_.age as age4_10_,
        user0_.background_image as backgrou5_10_,
        user0_.email as email6_10_,
        user0_.gender as gender7_10_,
        user0_.hobby as hobby8_10_,
        user0_.introduce as introduc9_10_,
        user0_.job as job10_10_,
        user0_.name as name11_10_,
        user0_.nick_name as nick_na12_10_,
        user0_.phone_num as phone_n13_10_,
        user0_.profile_image as profile14_10_,
        user0_.res_red_number as res_red15_10_,
        user0_.score as score16_10_ 
    from
        user user0_
Hibernate: 
    select
        roles0_.user_id as user_id1_11_0_,
        roles0_.roles as roles2_11_0_ 
    from
        user_roles roles0_ 
    where
        roles0_.user_id=?
Hibernate: 
    select
        roles0_.user_id as user_id1_11_0_,
        roles0_.roles as roles2_11_0_ 
    from
        user_roles roles0_ 
    where
        roles0_.user_id=?
Hibernate: 
    select
        roles0_.user_id as user_id1_11_0_,
        roles0_.roles as roles2_11_0_ 
    from
        user_roles roles0_ 
    where
        roles0_.user_id=?
Hibernate: 
    select
        roles0_.user_id as user_id1_11_0_,
        roles0_.roles as roles2_11_0_ 
    from
        user_roles roles0_ 
    where
        roles0_.user_id=?
Hibernate: 
    select
        roles0_.user_id as user_id1_11_0_,
        roles0_.roles as roles2_11_0_ 
    from
        user_roles roles0_ 
    where
        roles0_.user_id=?
Hibernate: 
    select
        user0_.id as id1_10_,
        user0_.created_at as created_2_10_,
        user0_.updated_at as updated_3_10_,
        user0_.age as age4_10_,
        user0_.background_image as backgrou5_10_,
        user0_.email as email6_10_,
        user0_.gender as gender7_10_,
        user0_.hobby as hobby8_10_,
        user0_.introduce as introduc9_10_,
        user0_.job as job10_10_,
        user0_.name as name11_10_,
        user0_.nick_name as nick_na12_10_,
        user0_.phone_num as phone_n13_10_,
        user0_.profile_image as profile14_10_,
        user0_.res_red_number as res_red15_10_,
        user0_.score as score16_10_ 
    from
        user user0_
Hibernate: 
    select
        roles0_.user_id as user_id1_11_0_,
        roles0_.roles as roles2_11_0_ 
    from
        user_roles roles0_ 
    where
        roles0_.user_id=?
Hibernate: 
    select
        roles0_.user_id as user_id1_11_0_,
        roles0_.roles as roles2_11_0_ 
    from
        user_roles roles0_ 
    where
        roles0_.user_id=?
Hibernate: 
    select
        roles0_.user_id as user_id1_11_0_,
        roles0_.roles as roles2_11_0_ 
    from
        user_roles roles0_ 
    where
        roles0_.user_id=?
Hibernate: 
    select
        roles0_.user_id as user_id1_11_0_,
        roles0_.roles as roles2_11_0_ 
    from
        user_roles roles0_ 
    where
        roles0_.user_id=?
Hibernate: 
    select
        roles0_.user_id as user_id1_11_0_,
        roles0_.roles as roles2_11_0_ 
    from
        user_roles roles0_ 
    where
        roles0_.user_id=?
Hibernate: 
    insert 
    into
        story_pin_like
        (created_at, updated_at, story_pin_id, user_id) 
    values
        (?, ?, ?, ?)
Hibernate: 
    insert 
    into
        story_pin_comment
        (created_at, updated_at, content, story_pin_id, user_id) 
    values
        (?, ?, ?, ?, ?)
Hibernate: 
    select
        user0_.id as id1_10_,
        user0_.created_at as created_2_10_,
        user0_.updated_at as updated_3_10_,
        user0_.age as age4_10_,
        user0_.background_image as backgrou5_10_,
        user0_.email as email6_10_,
        user0_.gender as gender7_10_,
        user0_.hobby as hobby8_10_,
        user0_.introduce as introduc9_10_,
        user0_.job as job10_10_,
        user0_.name as name11_10_,
        user0_.nick_name as nick_na12_10_,
        user0_.phone_num as phone_n13_10_,
        user0_.profile_image as profile14_10_,
        user0_.res_red_number as res_red15_10_,
        user0_.score as score16_10_ 
    from
        user user0_
Hibernate: 
    select
        roles0_.user_id as user_id1_11_0_,
        roles0_.roles as roles2_11_0_ 
    from
        user_roles roles0_ 
    where
        roles0_.user_id=?
Hibernate: 
    select
        roles0_.user_id as user_id1_11_0_,
        roles0_.roles as roles2_11_0_ 
    from
        user_roles roles0_ 
    where
        roles0_.user_id=?
Hibernate: 
    select
        roles0_.user_id as user_id1_11_0_,
        roles0_.roles as roles2_11_0_ 
    from
        user_roles roles0_ 
    where
        roles0_.user_id=?
Hibernate: 
    select
        roles0_.user_id as user_id1_11_0_,
        roles0_.roles as roles2_11_0_ 
    from
        user_roles roles0_ 
    where
        roles0_.user_id=?
Hibernate: 
    select
        roles0_.user_id as user_id1_11_0_,
        roles0_.roles as roles2_11_0_ 
    from
        user_roles roles0_ 
    where
        roles0_.user_id=?
Hibernate: 
    select
        user0_.id as id1_10_,
        user0_.created_at as created_2_10_,
        user0_.updated_at as updated_3_10_,
        user0_.age as age4_10_,
        user0_.background_image as backgrou5_10_,
        user0_.email as email6_10_,
        user0_.gender as gender7_10_,
        user0_.hobby as hobby8_10_,
        user0_.introduce as introduc9_10_,
        user0_.job as job10_10_,
        user0_.name as name11_10_,
        user0_.nick_name as nick_na12_10_,
        user0_.phone_num as phone_n13_10_,
        user0_.profile_image as profile14_10_,
        user0_.res_red_number as res_red15_10_,
        user0_.score as score16_10_ 
    from
        user user0_
Hibernate: 
    select
        roles0_.user_id as user_id1_11_0_,
        roles0_.roles as roles2_11_0_ 
    from
        user_roles roles0_ 
    where
        roles0_.user_id=?
Hibernate: 
    select
        roles0_.user_id as user_id1_11_0_,
        roles0_.roles as roles2_11_0_ 
    from
        user_roles roles0_ 
    where
        roles0_.user_id=?
Hibernate: 
    select
        roles0_.user_id as user_id1_11_0_,
        roles0_.roles as roles2_11_0_ 
    from
        user_roles roles0_ 
    where
        roles0_.user_id=?
Hibernate: 
    select
        roles0_.user_id as user_id1_11_0_,
        roles0_.roles as roles2_11_0_ 
    from
        user_roles roles0_ 
    where
        roles0_.user_id=?
Hibernate: 
    select
        roles0_.user_id as user_id1_11_0_,
        roles0_.roles as roles2_11_0_ 
    from
        user_roles roles0_ 
    where
        roles0_.user_id=?
Hibernate: 
    insert 
    into
        story_pin_like
        (created_at, updated_at, story_pin_id, user_id) 
    values
        (?, ?, ?, ?)
Hibernate: 
    insert 
    into
        story_pin_comment
        (created_at, updated_at, content, story_pin_id, user_id) 
    values
        (?, ?, ?, ?, ?)
Hibernate: 
    select
        user0_.id as id1_10_,
        user0_.created_at as created_2_10_,
        user0_.updated_at as updated_3_10_,
        user0_.age as age4_10_,
        user0_.background_image as backgrou5_10_,
        user0_.email as email6_10_,
        user0_.gender as gender7_10_,
        user0_.hobby as hobby8_10_,
        user0_.introduce as introduc9_10_,
        user0_.job as job10_10_,
        user0_.name as name11_10_,
        user0_.nick_name as nick_na12_10_,
        user0_.phone_num as phone_n13_10_,
        user0_.profile_image as profile14_10_,
        user0_.res_red_number as res_red15_10_,
        user0_.score as score16_10_ 
    from
        user user0_
Hibernate: 
    select
        roles0_.user_id as user_id1_11_0_,
        roles0_.roles as roles2_11_0_ 
    from
        user_roles roles0_ 
    where
        roles0_.user_id=?
Hibernate: 
    select
        roles0_.user_id as user_id1_11_0_,
        roles0_.roles as roles2_11_0_ 
    from
        user_roles roles0_ 
    where
        roles0_.user_id=?
Hibernate: 
    select
        roles0_.user_id as user_id1_11_0_,
        roles0_.roles as roles2_11_0_ 
    from
        user_roles roles0_ 
    where
        roles0_.user_id=?
Hibernate: 
    select
        roles0_.user_id as user_id1_11_0_,
        roles0_.roles as roles2_11_0_ 
    from
        user_roles roles0_ 
    where
        roles0_.user_id=?
Hibernate: 
    select
        roles0_.user_id as user_id1_11_0_,
        roles0_.roles as roles2_11_0_ 
    from
        user_roles roles0_ 
    where
        roles0_.user_id=?
Hibernate: 
    select
        user0_.id as id1_10_,
        user0_.created_at as created_2_10_,
        user0_.updated_at as updated_3_10_,
        user0_.age as age4_10_,
        user0_.background_image as backgrou5_10_,
        user0_.email as email6_10_,
        user0_.gender as gender7_10_,
        user0_.hobby as hobby8_10_,
        user0_.introduce as introduc9_10_,
        user0_.job as job10_10_,
        user0_.name as name11_10_,
        user0_.nick_name as nick_na12_10_,
        user0_.phone_num as phone_n13_10_,
        user0_.profile_image as profile14_10_,
        user0_.res_red_number as res_red15_10_,
        user0_.score as score16_10_ 
    from
        user user0_
Hibernate: 
    select
        roles0_.user_id as user_id1_11_0_,
        roles0_.roles as roles2_11_0_ 
    from
        user_roles roles0_ 
    where
        roles0_.user_id=?
Hibernate: 
    select
        roles0_.user_id as user_id1_11_0_,
        roles0_.roles as roles2_11_0_ 
    from
        user_roles roles0_ 
    where
        roles0_.user_id=?
Hibernate: 
    select
        roles0_.user_id as user_id1_11_0_,
        roles0_.roles as roles2_11_0_ 
    from
        user_roles roles0_ 
    where
        roles0_.user_id=?
Hibernate: 
    select
        roles0_.user_id as user_id1_11_0_,
        roles0_.roles as roles2_11_0_ 
    from
        user_roles roles0_ 
    where
        roles0_.user_id=?
Hibernate: 
    select
        roles0_.user_id as user_id1_11_0_,
        roles0_.roles as roles2_11_0_ 
    from
        user_roles roles0_ 
    where
        roles0_.user_id=?
Hibernate: 
    insert 
    into
        story_pin_like
        (created_at, updated_at, story_pin_id, user_id) 
    values
        (?, ?, ?, ?)
Hibernate: 
    insert 
    into
        story_pin_comment
        (created_at, updated_at, content, story_pin_id, user_id) 
    values
        (?, ?, ?, ?, ?)
Hibernate: 
    select
        user0_.id as id1_10_,
        user0_.created_at as created_2_10_,
        user0_.updated_at as updated_3_10_,
        user0_.age as age4_10_,
        user0_.background_image as backgrou5_10_,
        user0_.email as email6_10_,
        user0_.gender as gender7_10_,
        user0_.hobby as hobby8_10_,
        user0_.introduce as introduc9_10_,
        user0_.job as job10_10_,
        user0_.name as name11_10_,
        user0_.nick_name as nick_na12_10_,
        user0_.phone_num as phone_n13_10_,
        user0_.profile_image as profile14_10_,
        user0_.res_red_number as res_red15_10_,
        user0_.score as score16_10_ 
    from
        user user0_
Hibernate: 
    select
        roles0_.user_id as user_id1_11_0_,
        roles0_.roles as roles2_11_0_ 
    from
        user_roles roles0_ 
    where
        roles0_.user_id=?
Hibernate: 
    select
        roles0_.user_id as user_id1_11_0_,
        roles0_.roles as roles2_11_0_ 
    from
        user_roles roles0_ 
    where
        roles0_.user_id=?
Hibernate: 
    select
        roles0_.user_id as user_id1_11_0_,
        roles0_.roles as roles2_11_0_ 
    from
        user_roles roles0_ 
    where
        roles0_.user_id=?
Hibernate: 
    select
        roles0_.user_id as user_id1_11_0_,
        roles0_.roles as roles2_11_0_ 
    from
        user_roles roles0_ 
    where
        roles0_.user_id=?
Hibernate: 
    select
        roles0_.user_id as user_id1_11_0_,
        roles0_.roles as roles2_11_0_ 
    from
        user_roles roles0_ 
    where
        roles0_.user_id=?
Hibernate: 
    select
        user0_.id as id1_10_,
        user0_.created_at as created_2_10_,
        user0_.updated_at as updated_3_10_,
        user0_.age as age4_10_,
        user0_.background_image as backgrou5_10_,
        user0_.email as email6_10_,
        user0_.gender as gender7_10_,
        user0_.hobby as hobby8_10_,
        user0_.introduce as introduc9_10_,
        user0_.job as job10_10_,
        user0_.name as name11_10_,
        user0_.nick_name as nick_na12_10_,
        user0_.phone_num as phone_n13_10_,
        user0_.profile_image as profile14_10_,
        user0_.res_red_number as res_red15_10_,
        user0_.score as score16_10_ 
    from
        user user0_
Hibernate: 
    select
        roles0_.user_id as user_id1_11_0_,
        roles0_.roles as roles2_11_0_ 
    from
        user_roles roles0_ 
    where
        roles0_.user_id=?
Hibernate: 
    select
        roles0_.user_id as user_id1_11_0_,
        roles0_.roles as roles2_11_0_ 
    from
        user_roles roles0_ 
    where
        roles0_.user_id=?
Hibernate: 
    select
        roles0_.user_id as user_id1_11_0_,
        roles0_.roles as roles2_11_0_ 
    from
        user_roles roles0_ 
    where
        roles0_.user_id=?
Hibernate: 
    select
        roles0_.user_id as user_id1_11_0_,
        roles0_.roles as roles2_11_0_ 
    from
        user_roles roles0_ 
    where
        roles0_.user_id=?
Hibernate: 
    select
        roles0_.user_id as user_id1_11_0_,
        roles0_.roles as roles2_11_0_ 
    from
        user_roles roles0_ 
    where
        roles0_.user_id=?
Hibernate: 
    insert 
    into
        story_pin_like
        (created_at, updated_at, story_pin_id, user_id) 
    values
        (?, ?, ?, ?)
Hibernate: 
    insert 
    into
        story_pin_comment
        (created_at, updated_at, content, story_pin_id, user_id) 
    values
        (?, ?, ?, ?, ?)
Hibernate: 
    select
        user0_.id as id1_10_,
        user0_.created_at as created_2_10_,
        user0_.updated_at as updated_3_10_,
        user0_.age as age4_10_,
        user0_.background_image as backgrou5_10_,
        user0_.email as email6_10_,
        user0_.gender as gender7_10_,
        user0_.hobby as hobby8_10_,
        user0_.introduce as introduc9_10_,
        user0_.job as job10_10_,
        user0_.name as name11_10_,
        user0_.nick_name as nick_na12_10_,
        user0_.phone_num as phone_n13_10_,
        user0_.profile_image as profile14_10_,
        user0_.res_red_number as res_red15_10_,
        user0_.score as score16_10_ 
    from
        user user0_
Hibernate: 
    select
        roles0_.user_id as user_id1_11_0_,
        roles0_.roles as roles2_11_0_ 
    from
        user_roles roles0_ 
    where
        roles0_.user_id=?
Hibernate: 
    select
        roles0_.user_id as user_id1_11_0_,
        roles0_.roles as roles2_11_0_ 
    from
        user_roles roles0_ 
    where
        roles0_.user_id=?
Hibernate: 
    select
        roles0_.user_id as user_id1_11_0_,
        roles0_.roles as roles2_11_0_ 
    from
        user_roles roles0_ 
    where
        roles0_.user_id=?
Hibernate: 
    select
        roles0_.user_id as user_id1_11_0_,
        roles0_.roles as roles2_11_0_ 
    from
        user_roles roles0_ 
    where
        roles0_.user_id=?
Hibernate: 
    select
        roles0_.user_id as user_id1_11_0_,
        roles0_.roles as roles2_11_0_ 
    from
        user_roles roles0_ 
    where
        roles0_.user_id=?
Hibernate: 
    select
        user0_.id as id1_10_,
        user0_.created_at as created_2_10_,
        user0_.updated_at as updated_3_10_,
        user0_.age as age4_10_,
        user0_.background_image as backgrou5_10_,
        user0_.email as email6_10_,
        user0_.gender as gender7_10_,
        user0_.hobby as hobby8_10_,
        user0_.introduce as introduc9_10_,
        user0_.job as job10_10_,
        user0_.name as name11_10_,
        user0_.nick_name as nick_na12_10_,
        user0_.phone_num as phone_n13_10_,
        user0_.profile_image as profile14_10_,
        user0_.res_red_number as res_red15_10_,
        user0_.score as score16_10_ 
    from
        user user0_
Hibernate: 
    select
        roles0_.user_id as user_id1_11_0_,
        roles0_.roles as roles2_11_0_ 
    from
        user_roles roles0_ 
    where
        roles0_.user_id=?
Hibernate: 
    select
        roles0_.user_id as user_id1_11_0_,
        roles0_.roles as roles2_11_0_ 
    from
        user_roles roles0_ 
    where
        roles0_.user_id=?
Hibernate: 
    select
        roles0_.user_id as user_id1_11_0_,
        roles0_.roles as roles2_11_0_ 
    from
        user_roles roles0_ 
    where
        roles0_.user_id=?
Hibernate: 
    select
        roles0_.user_id as user_id1_11_0_,
        roles0_.roles as roles2_11_0_ 
    from
        user_roles roles0_ 
    where
        roles0_.user_id=?
Hibernate: 
    select
        roles0_.user_id as user_id1_11_0_,
        roles0_.roles as roles2_11_0_ 
    from
        user_roles roles0_ 
    where
        roles0_.user_id=?
Hibernate: 
    insert 
    into
        story_pin_like
        (created_at, updated_at, story_pin_id, user_id) 
    values
        (?, ?, ?, ?)
Hibernate: 
    insert 
    into
        story_pin_comment
        (created_at, updated_at, content, story_pin_id, user_id) 
    values
        (?, ?, ?, ?, ?)
Hibernate: 
    select
        user0_.id as id1_10_,
        user0_.created_at as created_2_10_,
        user0_.updated_at as updated_3_10_,
        user0_.age as age4_10_,
        user0_.background_image as backgrou5_10_,
        user0_.email as email6_10_,
        user0_.gender as gender7_10_,
        user0_.hobby as hobby8_10_,
        user0_.introduce as introduc9_10_,
        user0_.job as job10_10_,
        user0_.name as name11_10_,
        user0_.nick_name as nick_na12_10_,
        user0_.phone_num as phone_n13_10_,
        user0_.profile_image as profile14_10_,
        user0_.res_red_number as res_red15_10_,
        user0_.score as score16_10_ 
    from
        user user0_
Hibernate: 
    select
        roles0_.user_id as user_id1_11_0_,
        roles0_.roles as roles2_11_0_ 
    from
        user_roles roles0_ 
    where
        roles0_.user_id=?
Hibernate: 
    select
        roles0_.user_id as user_id1_11_0_,
        roles0_.roles as roles2_11_0_ 
    from
        user_roles roles0_ 
    where
        roles0_.user_id=?
Hibernate: 
    select
        roles0_.user_id as user_id1_11_0_,
        roles0_.roles as roles2_11_0_ 
    from
        user_roles roles0_ 
    where
        roles0_.user_id=?
Hibernate: 
    select
        roles0_.user_id as user_id1_11_0_,
        roles0_.roles as roles2_11_0_ 
    from
        user_roles roles0_ 
    where
        roles0_.user_id=?
Hibernate: 
    select
        roles0_.user_id as user_id1_11_0_,
        roles0_.roles as roles2_11_0_ 
    from
        user_roles roles0_ 
    where
        roles0_.user_id=?
Hibernate: 
    select
        user0_.id as id1_10_,
        user0_.created_at as created_2_10_,
        user0_.updated_at as updated_3_10_,
        user0_.age as age4_10_,
        user0_.background_image as backgrou5_10_,
        user0_.email as email6_10_,
        user0_.gender as gender7_10_,
        user0_.hobby as hobby8_10_,
        user0_.introduce as introduc9_10_,
        user0_.job as job10_10_,
        user0_.name as name11_10_,
        user0_.nick_name as nick_na12_10_,
        user0_.phone_num as phone_n13_10_,
        user0_.profile_image as profile14_10_,
        user0_.res_red_number as res_red15_10_,
        user0_.score as score16_10_ 
    from
        user user0_
Hibernate: 
    select
        roles0_.user_id as user_id1_11_0_,
        roles0_.roles as roles2_11_0_ 
    from
        user_roles roles0_ 
    where
        roles0_.user_id=?
Hibernate: 
    select
        roles0_.user_id as user_id1_11_0_,
        roles0_.roles as roles2_11_0_ 
    from
        user_roles roles0_ 
    where
        roles0_.user_id=?
Hibernate: 
    select
        roles0_.user_id as user_id1_11_0_,
        roles0_.roles as roles2_11_0_ 
    from
        user_roles roles0_ 
    where
        roles0_.user_id=?
Hibernate: 
    select
        roles0_.user_id as user_id1_11_0_,
        roles0_.roles as roles2_11_0_ 
    from
        user_roles roles0_ 
    where
        roles0_.user_id=?
Hibernate: 
    select
        roles0_.user_id as user_id1_11_0_,
        roles0_.roles as roles2_11_0_ 
    from
        user_roles roles0_ 
    where
        roles0_.user_id=?
Hibernate: 
    insert 
    into
        story_pin_like
        (created_at, updated_at, story_pin_id, user_id) 
    values
        (?, ?, ?, ?)
Hibernate: 
    insert 
    into
        story_pin_comment
        (created_at, updated_at, content, story_pin_id, user_id) 
    values
        (?, ?, ?, ?, ?)
Hibernate: 
    select
        user0_.id as id1_10_,
        user0_.created_at as created_2_10_,
        user0_.updated_at as updated_3_10_,
        user0_.age as age4_10_,
        user0_.background_image as backgrou5_10_,
        user0_.email as email6_10_,
        user0_.gender as gender7_10_,
        user0_.hobby as hobby8_10_,
        user0_.introduce as introduc9_10_,
        user0_.job as job10_10_,
        user0_.name as name11_10_,
        user0_.nick_name as nick_na12_10_,
        user0_.phone_num as phone_n13_10_,
        user0_.profile_image as profile14_10_,
        user0_.res_red_number as res_red15_10_,
        user0_.score as score16_10_ 
    from
        user user0_
Hibernate: 
    select
        roles0_.user_id as user_id1_11_0_,
        roles0_.roles as roles2_11_0_ 
    from
        user_roles roles0_ 
    where
        roles0_.user_id=?
Hibernate: 
    select
        roles0_.user_id as user_id1_11_0_,
        roles0_.roles as roles2_11_0_ 
    from
        user_roles roles0_ 
    where
        roles0_.user_id=?
Hibernate: 
    select
        roles0_.user_id as user_id1_11_0_,
        roles0_.roles as roles2_11_0_ 
    from
        user_roles roles0_ 
    where
        roles0_.user_id=?
Hibernate: 
    select
        roles0_.user_id as user_id1_11_0_,
        roles0_.roles as roles2_11_0_ 
    from
        user_roles roles0_ 
    where
        roles0_.user_id=?
Hibernate: 
    select
        roles0_.user_id as user_id1_11_0_,
        roles0_.roles as roles2_11_0_ 
    from
        user_roles roles0_ 
    where
        roles0_.user_id=?
Hibernate: 
    select
        user0_.id as id1_10_,
        user0_.created_at as created_2_10_,
        user0_.updated_at as updated_3_10_,
        user0_.age as age4_10_,
        user0_.background_image as backgrou5_10_,
        user0_.email as email6_10_,
        user0_.gender as gender7_10_,
        user0_.hobby as hobby8_10_,
        user0_.introduce as introduc9_10_,
        user0_.job as job10_10_,
        user0_.name as name11_10_,
        user0_.nick_name as nick_na12_10_,
        user0_.phone_num as phone_n13_10_,
        user0_.profile_image as profile14_10_,
        user0_.res_red_number as res_red15_10_,
        user0_.score as score16_10_ 
    from
        user user0_
Hibernate: 
    select
        roles0_.user_id as user_id1_11_0_,
        roles0_.roles as roles2_11_0_ 
    from
        user_roles roles0_ 
    where
        roles0_.user_id=?
Hibernate: 
    select
        roles0_.user_id as user_id1_11_0_,
        roles0_.roles as roles2_11_0_ 
    from
        user_roles roles0_ 
    where
        roles0_.user_id=?
Hibernate: 
    select
        roles0_.user_id as user_id1_11_0_,
        roles0_.roles as roles2_11_0_ 
    from
        user_roles roles0_ 
    where
        roles0_.user_id=?
Hibernate: 
    select
        roles0_.user_id as user_id1_11_0_,
        roles0_.roles as roles2_11_0_ 
    from
        user_roles roles0_ 
    where
        roles0_.user_id=?
Hibernate: 
    select
        roles0_.user_id as user_id1_11_0_,
        roles0_.roles as roles2_11_0_ 
    from
        user_roles roles0_ 
    where
        roles0_.user_id=?
Hibernate: 
    insert 
    into
        story_pin_like
        (created_at, updated_at, story_pin_id, user_id) 
    values
        (?, ?, ?, ?)
Hibernate: 
    insert 
    into
        story_pin_comment
        (created_at, updated_at, content, story_pin_id, user_id) 
    values
        (?, ?, ?, ?, ?)
Hibernate: 
    select
        user0_.id as id1_10_,
        user0_.created_at as created_2_10_,
        user0_.updated_at as updated_3_10_,
        user0_.age as age4_10_,
        user0_.background_image as backgrou5_10_,
        user0_.email as email6_10_,
        user0_.gender as gender7_10_,
        user0_.hobby as hobby8_10_,
        user0_.introduce as introduc9_10_,
        user0_.job as job10_10_,
        user0_.name as name11_10_,
        user0_.nick_name as nick_na12_10_,
        user0_.phone_num as phone_n13_10_,
        user0_.profile_image as profile14_10_,
        user0_.res_red_number as res_red15_10_,
        user0_.score as score16_10_ 
    from
        user user0_
Hibernate: 
    select
        roles0_.user_id as user_id1_11_0_,
        roles0_.roles as roles2_11_0_ 
    from
        user_roles roles0_ 
    where
        roles0_.user_id=?
Hibernate: 
    select
        roles0_.user_id as user_id1_11_0_,
        roles0_.roles as roles2_11_0_ 
    from
        user_roles roles0_ 
    where
        roles0_.user_id=?
Hibernate: 
    select
        roles0_.user_id as user_id1_11_0_,
        roles0_.roles as roles2_11_0_ 
    from
        user_roles roles0_ 
    where
        roles0_.user_id=?
Hibernate: 
    select
        roles0_.user_id as user_id1_11_0_,
        roles0_.roles as roles2_11_0_ 
    from
        user_roles roles0_ 
    where
        roles0_.user_id=?
Hibernate: 
    select
        roles0_.user_id as user_id1_11_0_,
        roles0_.roles as roles2_11_0_ 
    from
        user_roles roles0_ 
    where
        roles0_.user_id=?
Hibernate: 
    select
        user0_.id as id1_10_,
        user0_.created_at as created_2_10_,
        user0_.updated_at as updated_3_10_,
        user0_.age as age4_10_,
        user0_.background_image as backgrou5_10_,
        user0_.email as email6_10_,
        user0_.gender as gender7_10_,
        user0_.hobby as hobby8_10_,
        user0_.introduce as introduc9_10_,
        user0_.job as job10_10_,
        user0_.name as name11_10_,
        user0_.nick_name as nick_na12_10_,
        user0_.phone_num as phone_n13_10_,
        user0_.profile_image as profile14_10_,
        user0_.res_red_number as res_red15_10_,
        user0_.score as score16_10_ 
    from
        user user0_
Hibernate: 
    select
        roles0_.user_id as user_id1_11_0_,
        roles0_.roles as roles2_11_0_ 
    from
        user_roles roles0_ 
    where
        roles0_.user_id=?
Hibernate: 
    select
        roles0_.user_id as user_id1_11_0_,
        roles0_.roles as roles2_11_0_ 
    from
        user_roles roles0_ 
    where
        roles0_.user_id=?
Hibernate: 
    select
        roles0_.user_id as user_id1_11_0_,
        roles0_.roles as roles2_11_0_ 
    from
        user_roles roles0_ 
    where
        roles0_.user_id=?
Hibernate: 
    select
        roles0_.user_id as user_id1_11_0_,
        roles0_.roles as roles2_11_0_ 
    from
        user_roles roles0_ 
    where
        roles0_.user_id=?
Hibernate: 
    select
        roles0_.user_id as user_id1_11_0_,
        roles0_.roles as roles2_11_0_ 
    from
        user_roles roles0_ 
    where
        roles0_.user_id=?
Hibernate: 
    insert 
    into
        story_pin_like
        (created_at, updated_at, story_pin_id, user_id) 
    values
        (?, ?, ?, ?)
Hibernate: 
    insert 
    into
        story_pin_comment
        (created_at, updated_at, content, story_pin_id, user_id) 
    values
        (?, ?, ?, ?, ?)
Hibernate: 
    select
        user0_.id as id1_10_,
        user0_.created_at as created_2_10_,
        user0_.updated_at as updated_3_10_,
        user0_.age as age4_10_,
        user0_.background_image as backgrou5_10_,
        user0_.email as email6_10_,
        user0_.gender as gender7_10_,
        user0_.hobby as hobby8_10_,
        user0_.introduce as introduc9_10_,
        user0_.job as job10_10_,
        user0_.name as name11_10_,
        user0_.nick_name as nick_na12_10_,
        user0_.phone_num as phone_n13_10_,
        user0_.profile_image as profile14_10_,
        user0_.res_red_number as res_red15_10_,
        user0_.score as score16_10_ 
    from
        user user0_
Hibernate: 
    select
        roles0_.user_id as user_id1_11_0_,
        roles0_.roles as roles2_11_0_ 
    from
        user_roles roles0_ 
    where
        roles0_.user_id=?
Hibernate: 
    select
        roles0_.user_id as user_id1_11_0_,
        roles0_.roles as roles2_11_0_ 
    from
        user_roles roles0_ 
    where
        roles0_.user_id=?
Hibernate: 
    select
        roles0_.user_id as user_id1_11_0_,
        roles0_.roles as roles2_11_0_ 
    from
        user_roles roles0_ 
    where
        roles0_.user_id=?
Hibernate: 
    select
        roles0_.user_id as user_id1_11_0_,
        roles0_.roles as roles2_11_0_ 
    from
        user_roles roles0_ 
    where
        roles0_.user_id=?
Hibernate: 
    select
        roles0_.user_id as user_id1_11_0_,
        roles0_.roles as roles2_11_0_ 
    from
        user_roles roles0_ 
    where
        roles0_.user_id=?
Hibernate: 
    select
        user0_.id as id1_10_,
        user0_.created_at as created_2_10_,
        user0_.updated_at as updated_3_10_,
        user0_.age as age4_10_,
        user0_.background_image as backgrou5_10_,
        user0_.email as email6_10_,
        user0_.gender as gender7_10_,
        user0_.hobby as hobby8_10_,
        user0_.introduce as introduc9_10_,
        user0_.job as job10_10_,
        user0_.name as name11_10_,
        user0_.nick_name as nick_na12_10_,
        user0_.phone_num as phone_n13_10_,
        user0_.profile_image as profile14_10_,
        user0_.res_red_number as res_red15_10_,
        user0_.score as score16_10_ 
    from
        user user0_
Hibernate: 
    select
        roles0_.user_id as user_id1_11_0_,
        roles0_.roles as roles2_11_0_ 
    from
        user_roles roles0_ 
    where
        roles0_.user_id=?
Hibernate: 
    select
        roles0_.user_id as user_id1_11_0_,
        roles0_.roles as roles2_11_0_ 
    from
        user_roles roles0_ 
    where
        roles0_.user_id=?
Hibernate: 
    select
        roles0_.user_id as user_id1_11_0_,
        roles0_.roles as roles2_11_0_ 
    from
        user_roles roles0_ 
    where
        roles0_.user_id=?
Hibernate: 
    select
        roles0_.user_id as user_id1_11_0_,
        roles0_.roles as roles2_11_0_ 
    from
        user_roles roles0_ 
    where
        roles0_.user_id=?
Hibernate: 
    select
        roles0_.user_id as user_id1_11_0_,
        roles0_.roles as roles2_11_0_ 
    from
        user_roles roles0_ 
    where
        roles0_.user_id=?
Hibernate: 
    insert 
    into
        story_pin_like
        (created_at, updated_at, story_pin_id, user_id) 
    values
        (?, ?, ?, ?)
Hibernate: 
    insert 
    into
        story_pin_comment
        (created_at, updated_at, content, story_pin_id, user_id) 
    values
        (?, ?, ?, ?, ?)
Hibernate: 
    select
        user0_.id as id1_10_,
        user0_.created_at as created_2_10_,
        user0_.updated_at as updated_3_10_,
        user0_.age as age4_10_,
        user0_.background_image as backgrou5_10_,
        user0_.email as email6_10_,
        user0_.gender as gender7_10_,
        user0_.hobby as hobby8_10_,
        user0_.introduce as introduc9_10_,
        user0_.job as job10_10_,
        user0_.name as name11_10_,
        user0_.nick_name as nick_na12_10_,
        user0_.phone_num as phone_n13_10_,
        user0_.profile_image as profile14_10_,
        user0_.res_red_number as res_red15_10_,
        user0_.score as score16_10_ 
    from
        user user0_
Hibernate: 
    select
        roles0_.user_id as user_id1_11_0_,
        roles0_.roles as roles2_11_0_ 
    from
        user_roles roles0_ 
    where
        roles0_.user_id=?
Hibernate: 
    select
        roles0_.user_id as user_id1_11_0_,
        roles0_.roles as roles2_11_0_ 
    from
        user_roles roles0_ 
    where
        roles0_.user_id=?
Hibernate: 
    select
        roles0_.user_id as user_id1_11_0_,
        roles0_.roles as roles2_11_0_ 
    from
        user_roles roles0_ 
    where
        roles0_.user_id=?
Hibernate: 
    select
        roles0_.user_id as user_id1_11_0_,
        roles0_.roles as roles2_11_0_ 
    from
        user_roles roles0_ 
    where
        roles0_.user_id=?
Hibernate: 
    select
        roles0_.user_id as user_id1_11_0_,
        roles0_.roles as roles2_11_0_ 
    from
        user_roles roles0_ 
    where
        roles0_.user_id=?
Hibernate: 
    select
        user0_.id as id1_10_,
        user0_.created_at as created_2_10_,
        user0_.updated_at as updated_3_10_,
        user0_.age as age4_10_,
        user0_.background_image as backgrou5_10_,
        user0_.email as email6_10_,
        user0_.gender as gender7_10_,
        user0_.hobby as hobby8_10_,
        user0_.introduce as introduc9_10_,
        user0_.job as job10_10_,
        user0_.name as name11_10_,
        user0_.nick_name as nick_na12_10_,
        user0_.phone_num as phone_n13_10_,
        user0_.profile_image as profile14_10_,
        user0_.res_red_number as res_red15_10_,
        user0_.score as score16_10_ 
    from
        user user0_
Hibernate: 
    select
        roles0_.user_id as user_id1_11_0_,
        roles0_.roles as roles2_11_0_ 
    from
        user_roles roles0_ 
    where
        roles0_.user_id=?
Hibernate: 
    select
        roles0_.user_id as user_id1_11_0_,
        roles0_.roles as roles2_11_0_ 
    from
        user_roles roles0_ 
    where
        roles0_.user_id=?
Hibernate: 
    select
        roles0_.user_id as user_id1_11_0_,
        roles0_.roles as roles2_11_0_ 
    from
        user_roles roles0_ 
    where
        roles0_.user_id=?
Hibernate: 
    select
        roles0_.user_id as user_id1_11_0_,
        roles0_.roles as roles2_11_0_ 
    from
        user_roles roles0_ 
    where
        roles0_.user_id=?
Hibernate: 
    select
        roles0_.user_id as user_id1_11_0_,
        roles0_.roles as roles2_11_0_ 
    from
        user_roles roles0_ 
    where
        roles0_.user_id=?
Hibernate: 
    insert 
    into
        story_pin_like
        (created_at, updated_at, story_pin_id, user_id) 
    values
        (?, ?, ?, ?)
Hibernate: 
    insert 
    into
        story_pin_comment
        (created_at, updated_at, content, story_pin_id, user_id) 
    values
        (?, ?, ?, ?, ?)
Hibernate: 
    select
        user0_.id as id1_10_,
        user0_.created_at as created_2_10_,
        user0_.updated_at as updated_3_10_,
        user0_.age as age4_10_,
        user0_.background_image as backgrou5_10_,
        user0_.email as email6_10_,
        user0_.gender as gender7_10_,
        user0_.hobby as hobby8_10_,
        user0_.introduce as introduc9_10_,
        user0_.job as job10_10_,
        user0_.name as name11_10_,
        user0_.nick_name as nick_na12_10_,
        user0_.phone_num as phone_n13_10_,
        user0_.profile_image as profile14_10_,
        user0_.res_red_number as res_red15_10_,
        user0_.score as score16_10_ 
    from
        user user0_
Hibernate: 
    select
        roles0_.user_id as user_id1_11_0_,
        roles0_.roles as roles2_11_0_ 
    from
        user_roles roles0_ 
    where
        roles0_.user_id=?
Hibernate: 
    select
        roles0_.user_id as user_id1_11_0_,
        roles0_.roles as roles2_11_0_ 
    from
        user_roles roles0_ 
    where
        roles0_.user_id=?
Hibernate: 
    select
        roles0_.user_id as user_id1_11_0_,
        roles0_.roles as roles2_11_0_ 
    from
        user_roles roles0_ 
    where
        roles0_.user_id=?
Hibernate: 
    select
        roles0_.user_id as user_id1_11_0_,
        roles0_.roles as roles2_11_0_ 
    from
        user_roles roles0_ 
    where
        roles0_.user_id=?
Hibernate: 
    select
        roles0_.user_id as user_id1_11_0_,
        roles0_.roles as roles2_11_0_ 
    from
        user_roles roles0_ 
    where
        roles0_.user_id=?
Hibernate: 
    select
        user0_.id as id1_10_,
        user0_.created_at as created_2_10_,
        user0_.updated_at as updated_3_10_,
        user0_.age as age4_10_,
        user0_.background_image as backgrou5_10_,
        user0_.email as email6_10_,
        user0_.gender as gender7_10_,
        user0_.hobby as hobby8_10_,
        user0_.introduce as introduc9_10_,
        user0_.job as job10_10_,
        user0_.name as name11_10_,
        user0_.nick_name as nick_na12_10_,
        user0_.phone_num as phone_n13_10_,
        user0_.profile_image as profile14_10_,
        user0_.res_red_number as res_red15_10_,
        user0_.score as score16_10_ 
    from
        user user0_
Hibernate: 
    select
        roles0_.user_id as user_id1_11_0_,
        roles0_.roles as roles2_11_0_ 
    from
        user_roles roles0_ 
    where
        roles0_.user_id=?
Hibernate: 
    select
        roles0_.user_id as user_id1_11_0_,
        roles0_.roles as roles2_11_0_ 
    from
        user_roles roles0_ 
    where
        roles0_.user_id=?
Hibernate: 
    select
        roles0_.user_id as user_id1_11_0_,
        roles0_.roles as roles2_11_0_ 
    from
        user_roles roles0_ 
    where
        roles0_.user_id=?
Hibernate: 
    select
        roles0_.user_id as user_id1_11_0_,
        roles0_.roles as roles2_11_0_ 
    from
        user_roles roles0_ 
    where
        roles0_.user_id=?
Hibernate: 
    select
        roles0_.user_id as user_id1_11_0_,
        roles0_.roles as roles2_11_0_ 
    from
        user_roles roles0_ 
    where
        roles0_.user_id=?
Hibernate: 
    insert 
    into
        story_pin_like
        (created_at, updated_at, story_pin_id, user_id) 
    values
        (?, ?, ?, ?)
Hibernate: 
    insert 
    into
        story_pin_comment
        (created_at, updated_at, content, story_pin_id, user_id) 
    values
        (?, ?, ?, ?, ?)
Hibernate: 
    select
        user0_.id as id1_10_,
        user0_.created_at as created_2_10_,
        user0_.updated_at as updated_3_10_,
        user0_.age as age4_10_,
        user0_.background_image as backgrou5_10_,
        user0_.email as email6_10_,
        user0_.gender as gender7_10_,
        user0_.hobby as hobby8_10_,
        user0_.introduce as introduc9_10_,
        user0_.job as job10_10_,
        user0_.name as name11_10_,
        user0_.nick_name as nick_na12_10_,
        user0_.phone_num as phone_n13_10_,
        user0_.profile_image as profile14_10_,
        user0_.res_red_number as res_red15_10_,
        user0_.score as score16_10_ 
    from
        user user0_
Hibernate: 
    select
        roles0_.user_id as user_id1_11_0_,
        roles0_.roles as roles2_11_0_ 
    from
        user_roles roles0_ 
    where
        roles0_.user_id=?
Hibernate: 
    select
        roles0_.user_id as user_id1_11_0_,
        roles0_.roles as roles2_11_0_ 
    from
        user_roles roles0_ 
    where
        roles0_.user_id=?
Hibernate: 
    select
        roles0_.user_id as user_id1_11_0_,
        roles0_.roles as roles2_11_0_ 
    from
        user_roles roles0_ 
    where
        roles0_.user_id=?
Hibernate: 
    select
        roles0_.user_id as user_id1_11_0_,
        roles0_.roles as roles2_11_0_ 
    from
        user_roles roles0_ 
    where
        roles0_.user_id=?
Hibernate: 
    select
        roles0_.user_id as user_id1_11_0_,
        roles0_.roles as roles2_11_0_ 
    from
        user_roles roles0_ 
    where
        roles0_.user_id=?
Hibernate: 
    select
        user0_.id as id1_10_,
        user0_.created_at as created_2_10_,
        user0_.updated_at as updated_3_10_,
        user0_.age as age4_10_,
        user0_.background_image as backgrou5_10_,
        user0_.email as email6_10_,
        user0_.gender as gender7_10_,
        user0_.hobby as hobby8_10_,
        user0_.introduce as introduc9_10_,
        user0_.job as job10_10_,
        user0_.name as name11_10_,
        user0_.nick_name as nick_na12_10_,
        user0_.phone_num as phone_n13_10_,
        user0_.profile_image as profile14_10_,
        user0_.res_red_number as res_red15_10_,
        user0_.score as score16_10_ 
    from
        user user0_
Hibernate: 
    select
        roles0_.user_id as user_id1_11_0_,
        roles0_.roles as roles2_11_0_ 
    from
        user_roles roles0_ 
    where
        roles0_.user_id=?
Hibernate: 
    select
        roles0_.user_id as user_id1_11_0_,
        roles0_.roles as roles2_11_0_ 
    from
        user_roles roles0_ 
    where
        roles0_.user_id=?
Hibernate: 
    select
        roles0_.user_id as user_id1_11_0_,
        roles0_.roles as roles2_11_0_ 
    from
        user_roles roles0_ 
    where
        roles0_.user_id=?
Hibernate: 
    select
        roles0_.user_id as user_id1_11_0_,
        roles0_.roles as roles2_11_0_ 
    from
        user_roles roles0_ 
    where
        roles0_.user_id=?
Hibernate: 
    select
        roles0_.user_id as user_id1_11_0_,
        roles0_.roles as roles2_11_0_ 
    from
        user_roles roles0_ 
    where
        roles0_.user_id=?
Hibernate: 
    insert 
    into
        story_pin_like
        (created_at, updated_at, story_pin_id, user_id) 
    values
        (?, ?, ?, ?)
Hibernate: 
    insert 
    into
        story_pin_comment
        (created_at, updated_at, content, story_pin_id, user_id) 
    values
        (?, ?, ?, ?, ?)
Hibernate: 
    select
        user0_.id as id1_10_,
        user0_.created_at as created_2_10_,
        user0_.updated_at as updated_3_10_,
        user0_.age as age4_10_,
        user0_.background_image as backgrou5_10_,
        user0_.email as email6_10_,
        user0_.gender as gender7_10_,
        user0_.hobby as hobby8_10_,
        user0_.introduce as introduc9_10_,
        user0_.job as job10_10_,
        user0_.name as name11_10_,
        user0_.nick_name as nick_na12_10_,
        user0_.phone_num as phone_n13_10_,
        user0_.profile_image as profile14_10_,
        user0_.res_red_number as res_red15_10_,
        user0_.score as score16_10_ 
    from
        user user0_
Hibernate: 
    select
        roles0_.user_id as user_id1_11_0_,
        roles0_.roles as roles2_11_0_ 
    from
        user_roles roles0_ 
    where
        roles0_.user_id=?
Hibernate: 
    select
        roles0_.user_id as user_id1_11_0_,
        roles0_.roles as roles2_11_0_ 
    from
        user_roles roles0_ 
    where
        roles0_.user_id=?
Hibernate: 
    select
        roles0_.user_id as user_id1_11_0_,
        roles0_.roles as roles2_11_0_ 
    from
        user_roles roles0_ 
    where
        roles0_.user_id=?
Hibernate: 
    select
        roles0_.user_id as user_id1_11_0_,
        roles0_.roles as roles2_11_0_ 
    from
        user_roles roles0_ 
    where
        roles0_.user_id=?
Hibernate: 
    select
        roles0_.user_id as user_id1_11_0_,
        roles0_.roles as roles2_11_0_ 
    from
        user_roles roles0_ 
    where
        roles0_.user_id=?
Hibernate: 
    select
        user0_.id as id1_10_,
        user0_.created_at as created_2_10_,
        user0_.updated_at as updated_3_10_,
        user0_.age as age4_10_,
        user0_.background_image as backgrou5_10_,
        user0_.email as email6_10_,
        user0_.gender as gender7_10_,
        user0_.hobby as hobby8_10_,
        user0_.introduce as introduc9_10_,
        user0_.job as job10_10_,
        user0_.name as name11_10_,
        user0_.nick_name as nick_na12_10_,
        user0_.phone_num as phone_n13_10_,
        user0_.profile_image as profile14_10_,
        user0_.res_red_number as res_red15_10_,
        user0_.score as score16_10_ 
    from
        user user0_
Hibernate: 
    select
        roles0_.user_id as user_id1_11_0_,
        roles0_.roles as roles2_11_0_ 
    from
        user_roles roles0_ 
    where
        roles0_.user_id=?
Hibernate: 
    select
        roles0_.user_id as user_id1_11_0_,
        roles0_.roles as roles2_11_0_ 
    from
        user_roles roles0_ 
    where
        roles0_.user_id=?
Hibernate: 
    select
        roles0_.user_id as user_id1_11_0_,
        roles0_.roles as roles2_11_0_ 
    from
        user_roles roles0_ 
    where
        roles0_.user_id=?
Hibernate: 
    select
        roles0_.user_id as user_id1_11_0_,
        roles0_.roles as roles2_11_0_ 
    from
        user_roles roles0_ 
    where
        roles0_.user_id=?
Hibernate: 
    select
        roles0_.user_id as user_id1_11_0_,
        roles0_.roles as roles2_11_0_ 
    from
        user_roles roles0_ 
    where
        roles0_.user_id=?
Hibernate: 
    insert 
    into
        story_pin_like
        (created_at, updated_at, story_pin_id, user_id) 
    values
        (?, ?, ?, ?)
Hibernate: 
    insert 
    into
        story_pin_comment
        (created_at, updated_at, content, story_pin_id, user_id) 
    values
        (?, ?, ?, ?, ?)
Hibernate: 
    select
        user0_.id as id1_10_,
        user0_.created_at as created_2_10_,
        user0_.updated_at as updated_3_10_,
        user0_.age as age4_10_,
        user0_.background_image as backgrou5_10_,
        user0_.email as email6_10_,
        user0_.gender as gender7_10_,
        user0_.hobby as hobby8_10_,
        user0_.introduce as introduc9_10_,
        user0_.job as job10_10_,
        user0_.name as name11_10_,
        user0_.nick_name as nick_na12_10_,
        user0_.phone_num as phone_n13_10_,
        user0_.profile_image as profile14_10_,
        user0_.res_red_number as res_red15_10_,
        user0_.score as score16_10_ 
    from
        user user0_
Hibernate: 
    select
        roles0_.user_id as user_id1_11_0_,
        roles0_.roles as roles2_11_0_ 
    from
        user_roles roles0_ 
    where
        roles0_.user_id=?
Hibernate: 
    select
        roles0_.user_id as user_id1_11_0_,
        roles0_.roles as roles2_11_0_ 
    from
        user_roles roles0_ 
    where
        roles0_.user_id=?
Hibernate: 
    select
        roles0_.user_id as user_id1_11_0_,
        roles0_.roles as roles2_11_0_ 
    from
        user_roles roles0_ 
    where
        roles0_.user_id=?
Hibernate: 
    select
        roles0_.user_id as user_id1_11_0_,
        roles0_.roles as roles2_11_0_ 
    from
        user_roles roles0_ 
    where
        roles0_.user_id=?
Hibernate: 
    select
        roles0_.user_id as user_id1_11_0_,
        roles0_.roles as roles2_11_0_ 
    from
        user_roles roles0_ 
    where
        roles0_.user_id=?
Hibernate: 
    select
        user0_.id as id1_10_,
        user0_.created_at as created_2_10_,
        user0_.updated_at as updated_3_10_,
        user0_.age as age4_10_,
        user0_.background_image as backgrou5_10_,
        user0_.email as email6_10_,
        user0_.gender as gender7_10_,
        user0_.hobby as hobby8_10_,
        user0_.introduce as introduc9_10_,
        user0_.job as job10_10_,
        user0_.name as name11_10_,
        user0_.nick_name as nick_na12_10_,
        user0_.phone_num as phone_n13_10_,
        user0_.profile_image as profile14_10_,
        user0_.res_red_number as res_red15_10_,
        user0_.score as score16_10_ 
    from
        user user0_
Hibernate: 
    select
        roles0_.user_id as user_id1_11_0_,
        roles0_.roles as roles2_11_0_ 
    from
        user_roles roles0_ 
    where
        roles0_.user_id=?
Hibernate: 
    select
        roles0_.user_id as user_id1_11_0_,
        roles0_.roles as roles2_11_0_ 
    from
        user_roles roles0_ 
    where
        roles0_.user_id=?
Hibernate: 
    select
        roles0_.user_id as user_id1_11_0_,
        roles0_.roles as roles2_11_0_ 
    from
        user_roles roles0_ 
    where
        roles0_.user_id=?
Hibernate: 
    select
        roles0_.user_id as user_id1_11_0_,
        roles0_.roles as roles2_11_0_ 
    from
        user_roles roles0_ 
    where
        roles0_.user_id=?
Hibernate: 
    select
        roles0_.user_id as user_id1_11_0_,
        roles0_.roles as roles2_11_0_ 
    from
        user_roles roles0_ 
    where
        roles0_.user_id=?
Hibernate: 
    insert 
    into
        story_pin_like
        (created_at, updated_at, story_pin_id, user_id) 
    values
        (?, ?, ?, ?)
Hibernate: 
    insert 
    into
        story_pin_comment
        (created_at, updated_at, content, story_pin_id, user_id) 
    values
        (?, ?, ?, ?, ?)
Hibernate: 
    select
        user0_.id as id1_10_,
        user0_.created_at as created_2_10_,
        user0_.updated_at as updated_3_10_,
        user0_.age as age4_10_,
        user0_.background_image as backgrou5_10_,
        user0_.email as email6_10_,
        user0_.gender as gender7_10_,
        user0_.hobby as hobby8_10_,
        user0_.introduce as introduc9_10_,
        user0_.job as job10_10_,
        user0_.name as name11_10_,
        user0_.nick_name as nick_na12_10_,
        user0_.phone_num as phone_n13_10_,
        user0_.profile_image as profile14_10_,
        user0_.res_red_number as res_red15_10_,
        user0_.score as score16_10_ 
    from
        user user0_
Hibernate: 
    select
        roles0_.user_id as user_id1_11_0_,
        roles0_.roles as roles2_11_0_ 
    from
        user_roles roles0_ 
    where
        roles0_.user_id=?
Hibernate: 
    select
        roles0_.user_id as user_id1_11_0_,
        roles0_.roles as roles2_11_0_ 
    from
        user_roles roles0_ 
    where
        roles0_.user_id=?
Hibernate: 
    select
        roles0_.user_id as user_id1_11_0_,
        roles0_.roles as roles2_11_0_ 
    from
        user_roles roles0_ 
    where
        roles0_.user_id=?
Hibernate: 
    select
        roles0_.user_id as user_id1_11_0_,
        roles0_.roles as roles2_11_0_ 
    from
        user_roles roles0_ 
    where
        roles0_.user_id=?
Hibernate: 
    select
        roles0_.user_id as user_id1_11_0_,
        roles0_.roles as roles2_11_0_ 
    from
        user_roles roles0_ 
    where
        roles0_.user_id=?
Hibernate: 
    select
        user0_.id as id1_10_,
        user0_.created_at as created_2_10_,
        user0_.updated_at as updated_3_10_,
        user0_.age as age4_10_,
        user0_.background_image as backgrou5_10_,
        user0_.email as email6_10_,
        user0_.gender as gender7_10_,
        user0_.hobby as hobby8_10_,
        user0_.introduce as introduc9_10_,
        user0_.job as job10_10_,
        user0_.name as name11_10_,
        user0_.nick_name as nick_na12_10_,
        user0_.phone_num as phone_n13_10_,
        user0_.profile_image as profile14_10_,
        user0_.res_red_number as res_red15_10_,
        user0_.score as score16_10_ 
    from
        user user0_
Hibernate: 
    select
        roles0_.user_id as user_id1_11_0_,
        roles0_.roles as roles2_11_0_ 
    from
        user_roles roles0_ 
    where
        roles0_.user_id=?
Hibernate: 
    select
        roles0_.user_id as user_id1_11_0_,
        roles0_.roles as roles2_11_0_ 
    from
        user_roles roles0_ 
    where
        roles0_.user_id=?
Hibernate: 
    select
        roles0_.user_id as user_id1_11_0_,
        roles0_.roles as roles2_11_0_ 
    from
        user_roles roles0_ 
    where
        roles0_.user_id=?
Hibernate: 
    select
        roles0_.user_id as user_id1_11_0_,
        roles0_.roles as roles2_11_0_ 
    from
        user_roles roles0_ 
    where
        roles0_.user_id=?
Hibernate: 
    select
        roles0_.user_id as user_id1_11_0_,
        roles0_.roles as roles2_11_0_ 
    from
        user_roles roles0_ 
    where
        roles0_.user_id=?
Hibernate: 
    insert 
    into
        story_pin_like
        (created_at, updated_at, story_pin_id, user_id) 
    values
        (?, ?, ?, ?)
Hibernate: 
    insert 
    into
        story_pin_comment
        (created_at, updated_at, content, story_pin_id, user_id) 
    values
        (?, ?, ?, ?, ?)
Hibernate: 
    select
        user0_.id as id1_10_,
        user0_.created_at as created_2_10_,
        user0_.updated_at as updated_3_10_,
        user0_.age as age4_10_,
        user0_.background_image as backgrou5_10_,
        user0_.email as email6_10_,
        user0_.gender as gender7_10_,
        user0_.hobby as hobby8_10_,
        user0_.introduce as introduc9_10_,
        user0_.job as job10_10_,
        user0_.name as name11_10_,
        user0_.nick_name as nick_na12_10_,
        user0_.phone_num as phone_n13_10_,
        user0_.profile_image as profile14_10_,
        user0_.res_red_number as res_red15_10_,
        user0_.score as score16_10_ 
    from
        user user0_
Hibernate: 
    select
        roles0_.user_id as user_id1_11_0_,
        roles0_.roles as roles2_11_0_ 
    from
        user_roles roles0_ 
    where
        roles0_.user_id=?
Hibernate: 
    select
        roles0_.user_id as user_id1_11_0_,
        roles0_.roles as roles2_11_0_ 
    from
        user_roles roles0_ 
    where
        roles0_.user_id=?
Hibernate: 
    select
        roles0_.user_id as user_id1_11_0_,
        roles0_.roles as roles2_11_0_ 
    from
        user_roles roles0_ 
    where
        roles0_.user_id=?
Hibernate: 
    select
        roles0_.user_id as user_id1_11_0_,
        roles0_.roles as roles2_11_0_ 
    from
        user_roles roles0_ 
    where
        roles0_.user_id=?
Hibernate: 
    select
        roles0_.user_id as user_id1_11_0_,
        roles0_.roles as roles2_11_0_ 
    from
        user_roles roles0_ 
    where
        roles0_.user_id=?
Hibernate: 
    select
        user0_.id as id1_10_,
        user0_.created_at as created_2_10_,
        user0_.updated_at as updated_3_10_,
        user0_.age as age4_10_,
        user0_.background_image as backgrou5_10_,
        user0_.email as email6_10_,
        user0_.gender as gender7_10_,
        user0_.hobby as hobby8_10_,
        user0_.introduce as introduc9_10_,
        user0_.job as job10_10_,
        user0_.name as name11_10_,
        user0_.nick_name as nick_na12_10_,
        user0_.phone_num as phone_n13_10_,
        user0_.profile_image as profile14_10_,
        user0_.res_red_number as res_red15_10_,
        user0_.score as score16_10_ 
    from
        user user0_
Hibernate: 
    select
        roles0_.user_id as user_id1_11_0_,
        roles0_.roles as roles2_11_0_ 
    from
        user_roles roles0_ 
    where
        roles0_.user_id=?
Hibernate: 
    select
        roles0_.user_id as user_id1_11_0_,
        roles0_.roles as roles2_11_0_ 
    from
        user_roles roles0_ 
    where
        roles0_.user_id=?
Hibernate: 
    select
        roles0_.user_id as user_id1_11_0_,
        roles0_.roles as roles2_11_0_ 
    from
        user_roles roles0_ 
    where
        roles0_.user_id=?
Hibernate: 
    select
        roles0_.user_id as user_id1_11_0_,
        roles0_.roles as roles2_11_0_ 
    from
        user_roles roles0_ 
    where
        roles0_.user_id=?
Hibernate: 
    select
        roles0_.user_id as user_id1_11_0_,
        roles0_.roles as roles2_11_0_ 
    from
        user_roles roles0_ 
    where
        roles0_.user_id=?
Hibernate: 
    insert 
    into
        story_pin_like
        (created_at, updated_at, story_pin_id, user_id) 
    values
        (?, ?, ?, ?)
Hibernate: 
    insert 
    into
        story_pin_comment
        (created_at, updated_at, content, story_pin_id, user_id) 
    values
        (?, ?, ?, ?, ?)
Hibernate: 
    select
        user0_.id as id1_10_,
        user0_.created_at as created_2_10_,
        user0_.updated_at as updated_3_10_,
        user0_.age as age4_10_,
        user0_.background_image as backgrou5_10_,
        user0_.email as email6_10_,
        user0_.gender as gender7_10_,
        user0_.hobby as hobby8_10_,
        user0_.introduce as introduc9_10_,
        user0_.job as job10_10_,
        user0_.name as name11_10_,
        user0_.nick_name as nick_na12_10_,
        user0_.phone_num as phone_n13_10_,
        user0_.profile_image as profile14_10_,
        user0_.res_red_number as res_red15_10_,
        user0_.score as score16_10_ 
    from
        user user0_
Hibernate: 
    select
        roles0_.user_id as user_id1_11_0_,
        roles0_.roles as roles2_11_0_ 
    from
        user_roles roles0_ 
    where
        roles0_.user_id=?
Hibernate: 
    select
        roles0_.user_id as user_id1_11_0_,
        roles0_.roles as roles2_11_0_ 
    from
        user_roles roles0_ 
    where
        roles0_.user_id=?
Hibernate: 
    select
        roles0_.user_id as user_id1_11_0_,
        roles0_.roles as roles2_11_0_ 
    from
        user_roles roles0_ 
    where
        roles0_.user_id=?
Hibernate: 
    select
        roles0_.user_id as user_id1_11_0_,
        roles0_.roles as roles2_11_0_ 
    from
        user_roles roles0_ 
    where
        roles0_.user_id=?
Hibernate: 
    select
        roles0_.user_id as user_id1_11_0_,
        roles0_.roles as roles2_11_0_ 
    from
        user_roles roles0_ 
    where
        roles0_.user_id=?
Hibernate: 
    select
        user0_.id as id1_10_,
        user0_.created_at as created_2_10_,
        user0_.updated_at as updated_3_10_,
        user0_.age as age4_10_,
        user0_.background_image as backgrou5_10_,
        user0_.email as email6_10_,
        user0_.gender as gender7_10_,
        user0_.hobby as hobby8_10_,
        user0_.introduce as introduc9_10_,
        user0_.job as job10_10_,
        user0_.name as name11_10_,
        user0_.nick_name as nick_na12_10_,
        user0_.phone_num as phone_n13_10_,
        user0_.profile_image as profile14_10_,
        user0_.res_red_number as res_red15_10_,
        user0_.score as score16_10_ 
    from
        user user0_
Hibernate: 
    select
        roles0_.user_id as user_id1_11_0_,
        roles0_.roles as roles2_11_0_ 
    from
        user_roles roles0_ 
    where
        roles0_.user_id=?
Hibernate: 
    select
        roles0_.user_id as user_id1_11_0_,
        roles0_.roles as roles2_11_0_ 
    from
        user_roles roles0_ 
    where
        roles0_.user_id=?
Hibernate: 
    select
        roles0_.user_id as user_id1_11_0_,
        roles0_.roles as roles2_11_0_ 
    from
        user_roles roles0_ 
    where
        roles0_.user_id=?
Hibernate: 
    select
        roles0_.user_id as user_id1_11_0_,
        roles0_.roles as roles2_11_0_ 
    from
        user_roles roles0_ 
    where
        roles0_.user_id=?
Hibernate: 
    select
        roles0_.user_id as user_id1_11_0_,
        roles0_.roles as roles2_11_0_ 
    from
        user_roles roles0_ 
    where
        roles0_.user_id=?
Hibernate: 
    insert 
    into
        story_pin_like
        (created_at, updated_at, story_pin_id, user_id) 
    values
        (?, ?, ?, ?)
Hibernate: 
    insert 
    into
        story_pin_comment
        (created_at, updated_at, content, story_pin_id, user_id) 
    values
        (?, ?, ?, ?, ?)
Hibernate: 
    select
        user0_.id as id1_10_,
        user0_.created_at as created_2_10_,
        user0_.updated_at as updated_3_10_,
        user0_.age as age4_10_,
        user0_.background_image as backgrou5_10_,
        user0_.email as email6_10_,
        user0_.gender as gender7_10_,
        user0_.hobby as hobby8_10_,
        user0_.introduce as introduc9_10_,
        user0_.job as job10_10_,
        user0_.name as name11_10_,
        user0_.nick_name as nick_na12_10_,
        user0_.phone_num as phone_n13_10_,
        user0_.profile_image as profile14_10_,
        user0_.res_red_number as res_red15_10_,
        user0_.score as score16_10_ 
    from
        user user0_
Hibernate: 
    select
        roles0_.user_id as user_id1_11_0_,
        roles0_.roles as roles2_11_0_ 
    from
        user_roles roles0_ 
    where
        roles0_.user_id=?
Hibernate: 
    select
        roles0_.user_id as user_id1_11_0_,
        roles0_.roles as roles2_11_0_ 
    from
        user_roles roles0_ 
    where
        roles0_.user_id=?
Hibernate: 
    select
        roles0_.user_id as user_id1_11_0_,
        roles0_.roles as roles2_11_0_ 
    from
        user_roles roles0_ 
    where
        roles0_.user_id=?
Hibernate: 
    select
        roles0_.user_id as user_id1_11_0_,
        roles0_.roles as roles2_11_0_ 
    from
        user_roles roles0_ 
    where
        roles0_.user_id=?
Hibernate: 
    select
        roles0_.user_id as user_id1_11_0_,
        roles0_.roles as roles2_11_0_ 
    from
        user_roles roles0_ 
    where
        roles0_.user_id=?
Hibernate: 
    select
        user0_.id as id1_10_,
        user0_.created_at as created_2_10_,
        user0_.updated_at as updated_3_10_,
        user0_.age as age4_10_,
        user0_.background_image as backgrou5_10_,
        user0_.email as email6_10_,
        user0_.gender as gender7_10_,
        user0_.hobby as hobby8_10_,
        user0_.introduce as introduc9_10_,
        user0_.job as job10_10_,
        user0_.name as name11_10_,
        user0_.nick_name as nick_na12_10_,
        user0_.phone_num as phone_n13_10_,
        user0_.profile_image as profile14_10_,
        user0_.res_red_number as res_red15_10_,
        user0_.score as score16_10_ 
    from
        user user0_
Hibernate: 
    select
        roles0_.user_id as user_id1_11_0_,
        roles0_.roles as roles2_11_0_ 
    from
        user_roles roles0_ 
    where
        roles0_.user_id=?
Hibernate: 
    select
        roles0_.user_id as user_id1_11_0_,
        roles0_.roles as roles2_11_0_ 
    from
        user_roles roles0_ 
    where
        roles0_.user_id=?
Hibernate: 
    select
        roles0_.user_id as user_id1_11_0_,
        roles0_.roles as roles2_11_0_ 
    from
        user_roles roles0_ 
    where
        roles0_.user_id=?
Hibernate: 
    select
        roles0_.user_id as user_id1_11_0_,
        roles0_.roles as roles2_11_0_ 
    from
        user_roles roles0_ 
    where
        roles0_.user_id=?
Hibernate: 
    select
        roles0_.user_id as user_id1_11_0_,
        roles0_.roles as roles2_11_0_ 
    from
        user_roles roles0_ 
    where
        roles0_.user_id=?
Hibernate: 
    insert 
    into
        story_pin_like
        (created_at, updated_at, story_pin_id, user_id) 
    values
        (?, ?, ?, ?)
Hibernate: 
    insert 
    into
        story_pin_comment
        (created_at, updated_at, content, story_pin_id, user_id) 
    values
        (?, ?, ?, ?, ?)
Hibernate: 
    select
        user0_.id as id1_10_,
        user0_.created_at as created_2_10_,
        user0_.updated_at as updated_3_10_,
        user0_.age as age4_10_,
        user0_.background_image as backgrou5_10_,
        user0_.email as email6_10_,
        user0_.gender as gender7_10_,
        user0_.hobby as hobby8_10_,
        user0_.introduce as introduc9_10_,
        user0_.job as job10_10_,
        user0_.name as name11_10_,
        user0_.nick_name as nick_na12_10_,
        user0_.phone_num as phone_n13_10_,
        user0_.profile_image as profile14_10_,
        user0_.res_red_number as res_red15_10_,
        user0_.score as score16_10_ 
    from
        user user0_
Hibernate: 
    select
        roles0_.user_id as user_id1_11_0_,
        roles0_.roles as roles2_11_0_ 
    from
        user_roles roles0_ 
    where
        roles0_.user_id=?
Hibernate: 
    select
        roles0_.user_id as user_id1_11_0_,
        roles0_.roles as roles2_11_0_ 
    from
        user_roles roles0_ 
    where
        roles0_.user_id=?
Hibernate: 
    select
        roles0_.user_id as user_id1_11_0_,
        roles0_.roles as roles2_11_0_ 
    from
        user_roles roles0_ 
    where
        roles0_.user_id=?
Hibernate: 
    select
        roles0_.user_id as user_id1_11_0_,
        roles0_.roles as roles2_11_0_ 
    from
        user_roles roles0_ 
    where
        roles0_.user_id=?
Hibernate: 
    select
        roles0_.user_id as user_id1_11_0_,
        roles0_.roles as roles2_11_0_ 
    from
        user_roles roles0_ 
    where
        roles0_.user_id=?
Hibernate: 
    select
        user0_.id as id1_10_,
        user0_.created_at as created_2_10_,
        user0_.updated_at as updated_3_10_,
        user0_.age as age4_10_,
        user0_.background_image as backgrou5_10_,
        user0_.email as email6_10_,
        user0_.gender as gender7_10_,
        user0_.hobby as hobby8_10_,
        user0_.introduce as introduc9_10_,
        user0_.job as job10_10_,
        user0_.name as name11_10_,
        user0_.nick_name as nick_na12_10_,
        user0_.phone_num as phone_n13_10_,
        user0_.profile_image as profile14_10_,
        user0_.res_red_number as res_red15_10_,
        user0_.score as score16_10_ 
    from
        user user0_
Hibernate: 
    select
        roles0_.user_id as user_id1_11_0_,
        roles0_.roles as roles2_11_0_ 
    from
        user_roles roles0_ 
    where
        roles0_.user_id=?
Hibernate: 
    select
        roles0_.user_id as user_id1_11_0_,
        roles0_.roles as roles2_11_0_ 
    from
        user_roles roles0_ 
    where
        roles0_.user_id=?
Hibernate: 
    select
        roles0_.user_id as user_id1_11_0_,
        roles0_.roles as roles2_11_0_ 
    from
        user_roles roles0_ 
    where
        roles0_.user_id=?
Hibernate: 
    select
        roles0_.user_id as user_id1_11_0_,
        roles0_.roles as roles2_11_0_ 
    from
        user_roles roles0_ 
    where
        roles0_.user_id=?
Hibernate: 
    select
        roles0_.user_id as user_id1_11_0_,
        roles0_.roles as roles2_11_0_ 
    from
        user_roles roles0_ 
    where
        roles0_.user_id=?
Hibernate: 
    insert 
    into
        story_pin_like
        (created_at, updated_at, story_pin_id, user_id) 
    values
        (?, ?, ?, ?)
Hibernate: 
    insert 
    into
        story_pin_comment
        (created_at, updated_at, content, story_pin_id, user_id) 
    values
        (?, ?, ?, ?, ?)
Hibernate: 
    select
        user0_.id as id1_10_,
        user0_.created_at as created_2_10_,
        user0_.updated_at as updated_3_10_,
        user0_.age as age4_10_,
        user0_.background_image as backgrou5_10_,
        user0_.email as email6_10_,
        user0_.gender as gender7_10_,
        user0_.hobby as hobby8_10_,
        user0_.introduce as introduc9_10_,
        user0_.job as job10_10_,
        user0_.name as name11_10_,
        user0_.nick_name as nick_na12_10_,
        user0_.phone_num as phone_n13_10_,
        user0_.profile_image as profile14_10_,
        user0_.res_red_number as res_red15_10_,
        user0_.score as score16_10_ 
    from
        user user0_
Hibernate: 
    select
        roles0_.user_id as user_id1_11_0_,
        roles0_.roles as roles2_11_0_ 
    from
        user_roles roles0_ 
    where
        roles0_.user_id=?
Hibernate: 
    select
        roles0_.user_id as user_id1_11_0_,
        roles0_.roles as roles2_11_0_ 
    from
        user_roles roles0_ 
    where
        roles0_.user_id=?
Hibernate: 
    select
        roles0_.user_id as user_id1_11_0_,
        roles0_.roles as roles2_11_0_ 
    from
        user_roles roles0_ 
    where
        roles0_.user_id=?
Hibernate: 
    select
        roles0_.user_id as user_id1_11_0_,
        roles0_.roles as roles2_11_0_ 
    from
        user_roles roles0_ 
    where
        roles0_.user_id=?
Hibernate: 
    select
        roles0_.user_id as user_id1_11_0_,
        roles0_.roles as roles2_11_0_ 
    from
        user_roles roles0_ 
    where
        roles0_.user_id=?
Hibernate: 
    select
        user0_.id as id1_10_,
        user0_.created_at as created_2_10_,
        user0_.updated_at as updated_3_10_,
        user0_.age as age4_10_,
        user0_.background_image as backgrou5_10_,
        user0_.email as email6_10_,
        user0_.gender as gender7_10_,
        user0_.hobby as hobby8_10_,
        user0_.introduce as introduc9_10_,
        user0_.job as job10_10_,
        user0_.name as name11_10_,
        user0_.nick_name as nick_na12_10_,
        user0_.phone_num as phone_n13_10_,
        user0_.profile_image as profile14_10_,
        user0_.res_red_number as res_red15_10_,
        user0_.score as score16_10_ 
    from
        user user0_
Hibernate: 
    select
        roles0_.user_id as user_id1_11_0_,
        roles0_.roles as roles2_11_0_ 
    from
        user_roles roles0_ 
    where
        roles0_.user_id=?
Hibernate: 
    select
        roles0_.user_id as user_id1_11_0_,
        roles0_.roles as roles2_11_0_ 
    from
        user_roles roles0_ 
    where
        roles0_.user_id=?
Hibernate: 
    select
        roles0_.user_id as user_id1_11_0_,
        roles0_.roles as roles2_11_0_ 
    from
        user_roles roles0_ 
    where
        roles0_.user_id=?
Hibernate: 
    select
        roles0_.user_id as user_id1_11_0_,
        roles0_.roles as roles2_11_0_ 
    from
        user_roles roles0_ 
    where
        roles0_.user_id=?
Hibernate: 
    select
        roles0_.user_id as user_id1_11_0_,
        roles0_.roles as roles2_11_0_ 
    from
        user_roles roles0_ 
    where
        roles0_.user_id=?
Hibernate: 
    insert 
    into
        story_pin_like
        (created_at, updated_at, story_pin_id, user_id) 
    values
        (?, ?, ?, ?)
Hibernate: 
    insert 
    into
        story_pin_comment
        (created_at, updated_at, content, story_pin_id, user_id) 
    values
        (?, ?, ?, ?, ?)
Hibernate: 
    select
        user0_.id as id1_10_,
        user0_.created_at as created_2_10_,
        user0_.updated_at as updated_3_10_,
        user0_.age as age4_10_,
        user0_.background_image as backgrou5_10_,
        user0_.email as email6_10_,
        user0_.gender as gender7_10_,
        user0_.hobby as hobby8_10_,
        user0_.introduce as introduc9_10_,
        user0_.job as job10_10_,
        user0_.name as name11_10_,
        user0_.nick_name as nick_na12_10_,
        user0_.phone_num as phone_n13_10_,
        user0_.profile_image as profile14_10_,
        user0_.res_red_number as res_red15_10_,
        user0_.score as score16_10_ 
    from
        user user0_
Hibernate: 
    select
        roles0_.user_id as user_id1_11_0_,
        roles0_.roles as roles2_11_0_ 
    from
        user_roles roles0_ 
    where
        roles0_.user_id=?
Hibernate: 
    select
        roles0_.user_id as user_id1_11_0_,
        roles0_.roles as roles2_11_0_ 
    from
        user_roles roles0_ 
    where
        roles0_.user_id=?
Hibernate: 
    select
        roles0_.user_id as user_id1_11_0_,
        roles0_.roles as roles2_11_0_ 
    from
        user_roles roles0_ 
    where
        roles0_.user_id=?
Hibernate: 
    select
        roles0_.user_id as user_id1_11_0_,
        roles0_.roles as roles2_11_0_ 
    from
        user_roles roles0_ 
    where
        roles0_.user_id=?
Hibernate: 
    select
        roles0_.user_id as user_id1_11_0_,
        roles0_.roles as roles2_11_0_ 
    from
        user_roles roles0_ 
    where
        roles0_.user_id=?
Hibernate: 
    select
        user0_.id as id1_10_,
        user0_.created_at as created_2_10_,
        user0_.updated_at as updated_3_10_,
        user0_.age as age4_10_,
        user0_.background_image as backgrou5_10_,
        user0_.email as email6_10_,
        user0_.gender as gender7_10_,
        user0_.hobby as hobby8_10_,
        user0_.introduce as introduc9_10_,
        user0_.job as job10_10_,
        user0_.name as name11_10_,
        user0_.nick_name as nick_na12_10_,
        user0_.phone_num as phone_n13_10_,
        user0_.profile_image as profile14_10_,
        user0_.res_red_number as res_red15_10_,
        user0_.score as score16_10_ 
    from
        user user0_
Hibernate: 
    select
        roles0_.user_id as user_id1_11_0_,
        roles0_.roles as roles2_11_0_ 
    from
        user_roles roles0_ 
    where
        roles0_.user_id=?
Hibernate: 
    select
        roles0_.user_id as user_id1_11_0_,
        roles0_.roles as roles2_11_0_ 
    from
        user_roles roles0_ 
    where
        roles0_.user_id=?
Hibernate: 
    select
        roles0_.user_id as user_id1_11_0_,
        roles0_.roles as roles2_11_0_ 
    from
        user_roles roles0_ 
    where
        roles0_.user_id=?
Hibernate: 
    select
        roles0_.user_id as user_id1_11_0_,
        roles0_.roles as roles2_11_0_ 
    from
        user_roles roles0_ 
    where
        roles0_.user_id=?
Hibernate: 
    select
        roles0_.user_id as user_id1_11_0_,
        roles0_.roles as roles2_11_0_ 
    from
        user_roles roles0_ 
    where
        roles0_.user_id=?
Hibernate: 
    insert 
    into
        story_pin_like
        (created_at, updated_at, story_pin_id, user_id) 
    values
        (?, ?, ?, ?)
Hibernate: 
    insert 
    into
        story_pin_comment
        (created_at, updated_at, content, story_pin_id, user_id) 
    values
        (?, ?, ?, ?, ?)
Hibernate: 
    select
        user0_.id as id1_10_,
        user0_.created_at as created_2_10_,
        user0_.updated_at as updated_3_10_,
        user0_.age as age4_10_,
        user0_.background_image as backgrou5_10_,
        user0_.email as email6_10_,
        user0_.gender as gender7_10_,
        user0_.hobby as hobby8_10_,
        user0_.introduce as introduc9_10_,
        user0_.job as job10_10_,
        user0_.name as name11_10_,
        user0_.nick_name as nick_na12_10_,
        user0_.phone_num as phone_n13_10_,
        user0_.profile_image as profile14_10_,
        user0_.res_red_number as res_red15_10_,
        user0_.score as score16_10_ 
    from
        user user0_
Hibernate: 
    select
        roles0_.user_id as user_id1_11_0_,
        roles0_.roles as roles2_11_0_ 
    from
        user_roles roles0_ 
    where
        roles0_.user_id=?
Hibernate: 
    select
        roles0_.user_id as user_id1_11_0_,
        roles0_.roles as roles2_11_0_ 
    from
        user_roles roles0_ 
    where
        roles0_.user_id=?
Hibernate: 
    select
        roles0_.user_id as user_id1_11_0_,
        roles0_.roles as roles2_11_0_ 
    from
        user_roles roles0_ 
    where
        roles0_.user_id=?
Hibernate: 
    select
        roles0_.user_id as user_id1_11_0_,
        roles0_.roles as roles2_11_0_ 
    from
        user_roles roles0_ 
    where
        roles0_.user_id=?
Hibernate: 
    select
        roles0_.user_id as user_id1_11_0_,
        roles0_.roles as roles2_11_0_ 
    from
        user_roles roles0_ 
    where
        roles0_.user_id=?
Hibernate: 
    select
        user0_.id as id1_10_,
        user0_.created_at as created_2_10_,
        user0_.updated_at as updated_3_10_,
        user0_.age as age4_10_,
        user0_.background_image as backgrou5_10_,
        user0_.email as email6_10_,
        user0_.gender as gender7_10_,
        user0_.hobby as hobby8_10_,
        user0_.introduce as introduc9_10_,
        user0_.job as job10_10_,
        user0_.name as name11_10_,
        user0_.nick_name as nick_na12_10_,
        user0_.phone_num as phone_n13_10_,
        user0_.profile_image as profile14_10_,
        user0_.res_red_number as res_red15_10_,
        user0_.score as score16_10_ 
    from
        user user0_
Hibernate: 
    select
        roles0_.user_id as user_id1_11_0_,
        roles0_.roles as roles2_11_0_ 
    from
        user_roles roles0_ 
    where
        roles0_.user_id=?
Hibernate: 
    select
        roles0_.user_id as user_id1_11_0_,
        roles0_.roles as roles2_11_0_ 
    from
        user_roles roles0_ 
    where
        roles0_.user_id=?
Hibernate: 
    select
        roles0_.user_id as user_id1_11_0_,
        roles0_.roles as roles2_11_0_ 
    from
        user_roles roles0_ 
    where
        roles0_.user_id=?
Hibernate: 
    select
        roles0_.user_id as user_id1_11_0_,
        roles0_.roles as roles2_11_0_ 
    from
        user_roles roles0_ 
    where
        roles0_.user_id=?
Hibernate: 
    select
        roles0_.user_id as user_id1_11_0_,
        roles0_.roles as roles2_11_0_ 
    from
        user_roles roles0_ 
    where
        roles0_.user_id=?
Hibernate: 
    insert 
    into
        story_pin_like
        (created_at, updated_at, story_pin_id, user_id) 
    values
        (?, ?, ?, ?)
Hibernate: 
    insert 
    into
        story_pin_comment
        (created_at, updated_at, content, story_pin_id, user_id) 
    values
        (?, ?, ?, ?, ?)
Hibernate: 
    select
        user0_.id as id1_10_,
        user0_.created_at as created_2_10_,
        user0_.updated_at as updated_3_10_,
        user0_.age as age4_10_,
        user0_.background_image as backgrou5_10_,
        user0_.email as email6_10_,
        user0_.gender as gender7_10_,
        user0_.hobby as hobby8_10_,
        user0_.introduce as introduc9_10_,
        user0_.job as job10_10_,
        user0_.name as name11_10_,
        user0_.nick_name as nick_na12_10_,
        user0_.phone_num as phone_n13_10_,
        user0_.profile_image as profile14_10_,
        user0_.res_red_number as res_red15_10_,
        user0_.score as score16_10_ 
    from
        user user0_
Hibernate: 
    select
        roles0_.user_id as user_id1_11_0_,
        roles0_.roles as roles2_11_0_ 
    from
        user_roles roles0_ 
    where
        roles0_.user_id=?
Hibernate: 
    select
        roles0_.user_id as user_id1_11_0_,
        roles0_.roles as roles2_11_0_ 
    from
        user_roles roles0_ 
    where
        roles0_.user_id=?
Hibernate: 
    select
        roles0_.user_id as user_id1_11_0_,
        roles0_.roles as roles2_11_0_ 
    from
        user_roles roles0_ 
    where
        roles0_.user_id=?
Hibernate: 
    select
        roles0_.user_id as user_id1_11_0_,
        roles0_.roles as roles2_11_0_ 
    from
        user_roles roles0_ 
    where
        roles0_.user_id=?
Hibernate: 
    select
        roles0_.user_id as user_id1_11_0_,
        roles0_.roles as roles2_11_0_ 
    from
        user_roles roles0_ 
    where
        roles0_.user_id=?
Hibernate: 
    select
        user0_.id as id1_10_,
        user0_.created_at as created_2_10_,
        user0_.updated_at as updated_3_10_,
        user0_.age as age4_10_,
        user0_.background_image as backgrou5_10_,
        user0_.email as email6_10_,
        user0_.gender as gender7_10_,
        user0_.hobby as hobby8_10_,
        user0_.introduce as introduc9_10_,
        user0_.job as job10_10_,
        user0_.name as name11_10_,
        user0_.nick_name as nick_na12_10_,
        user0_.phone_num as phone_n13_10_,
        user0_.profile_image as profile14_10_,
        user0_.res_red_number as res_red15_10_,
        user0_.score as score16_10_ 
    from
        user user0_
Hibernate: 
    select
        roles0_.user_id as user_id1_11_0_,
        roles0_.roles as roles2_11_0_ 
    from
        user_roles roles0_ 
    where
        roles0_.user_id=?
Hibernate: 
    select
        roles0_.user_id as user_id1_11_0_,
        roles0_.roles as roles2_11_0_ 
    from
        user_roles roles0_ 
    where
        roles0_.user_id=?
Hibernate: 
    select
        roles0_.user_id as user_id1_11_0_,
        roles0_.roles as roles2_11_0_ 
    from
        user_roles roles0_ 
    where
        roles0_.user_id=?
Hibernate: 
    select
        roles0_.user_id as user_id1_11_0_,
        roles0_.roles as roles2_11_0_ 
    from
        user_roles roles0_ 
    where
        roles0_.user_id=?
Hibernate: 
    select
        roles0_.user_id as user_id1_11_0_,
        roles0_.roles as roles2_11_0_ 
    from
        user_roles roles0_ 
    where
        roles0_.user_id=?
Hibernate: 
    insert 
    into
        story_pin_like
        (created_at, updated_at, story_pin_id, user_id) 
    values
        (?, ?, ?, ?)
Hibernate: 
    insert 
    into
        story_pin_comment
        (created_at, updated_at, content, story_pin_id, user_id) 
    values
        (?, ?, ?, ?, ?)
Hibernate: 
    select
        user0_.id as id1_10_,
        user0_.created_at as created_2_10_,
        user0_.updated_at as updated_3_10_,
        user0_.age as age4_10_,
        user0_.background_image as backgrou5_10_,
        user0_.email as email6_10_,
        user0_.gender as gender7_10_,
        user0_.hobby as hobby8_10_,
        user0_.introduce as introduc9_10_,
        user0_.job as job10_10_,
        user0_.name as name11_10_,
        user0_.nick_name as nick_na12_10_,
        user0_.phone_num as phone_n13_10_,
        user0_.profile_image as profile14_10_,
        user0_.res_red_number as res_red15_10_,
        user0_.score as score16_10_ 
    from
        user user0_
Hibernate: 
    select
        roles0_.user_id as user_id1_11_0_,
        roles0_.roles as roles2_11_0_ 
    from
        user_roles roles0_ 
    where
        roles0_.user_id=?
Hibernate: 
    select
        roles0_.user_id as user_id1_11_0_,
        roles0_.roles as roles2_11_0_ 
    from
        user_roles roles0_ 
    where
        roles0_.user_id=?
Hibernate: 
    select
        roles0_.user_id as user_id1_11_0_,
        roles0_.roles as roles2_11_0_ 
    from
        user_roles roles0_ 
    where
        roles0_.user_id=?
Hibernate: 
    select
        roles0_.user_id as user_id1_11_0_,
        roles0_.roles as roles2_11_0_ 
    from
        user_roles roles0_ 
    where
        roles0_.user_id=?
Hibernate: 
    select
        roles0_.user_id as user_id1_11_0_,
        roles0_.roles as roles2_11_0_ 
    from
        user_roles roles0_ 
    where
        roles0_.user_id=?
Hibernate: 
    select
        user0_.id as id1_10_,
        user0_.created_at as created_2_10_,
        user0_.updated_at as updated_3_10_,
        user0_.age as age4_10_,
        user0_.background_image as backgrou5_10_,
        user0_.email as email6_10_,
        user0_.gender as gender7_10_,
        user0_.hobby as hobby8_10_,
        user0_.introduce as introduc9_10_,
        user0_.job as job10_10_,
        user0_.name as name11_10_,
        user0_.nick_name as nick_na12_10_,
        user0_.phone_num as phone_n13_10_,
        user0_.profile_image as profile14_10_,
        user0_.res_red_number as res_red15_10_,
        user0_.score as score16_10_ 
    from
        user user0_
Hibernate: 
    select
        roles0_.user_id as user_id1_11_0_,
        roles0_.roles as roles2_11_0_ 
    from
        user_roles roles0_ 
    where
        roles0_.user_id=?
Hibernate: 
    select
        roles0_.user_id as user_id1_11_0_,
        roles0_.roles as roles2_11_0_ 
    from
        user_roles roles0_ 
    where
        roles0_.user_id=?
Hibernate: 
    select
        roles0_.user_id as user_id1_11_0_,
        roles0_.roles as roles2_11_0_ 
    from
        user_roles roles0_ 
    where
        roles0_.user_id=?
Hibernate: 
    select
        roles0_.user_id as user_id1_11_0_,
        roles0_.roles as roles2_11_0_ 
    from
        user_roles roles0_ 
    where
        roles0_.user_id=?
Hibernate: 
    select
        roles0_.user_id as user_id1_11_0_,
        roles0_.roles as roles2_11_0_ 
    from
        user_roles roles0_ 
    where
        roles0_.user_id=?
Hibernate: 
    insert 
    into
        story_pin_like
        (created_at, updated_at, story_pin_id, user_id) 
    values
        (?, ?, ?, ?)
Hibernate: 
    insert 
    into
        story_pin_comment
        (created_at, updated_at, content, story_pin_id, user_id) 
    values
        (?, ?, ?, ?, ?)
Hibernate: 
    select
        user0_.id as id1_10_,
        user0_.created_at as created_2_10_,
        user0_.updated_at as updated_3_10_,
        user0_.age as age4_10_,
        user0_.background_image as backgrou5_10_,
        user0_.email as email6_10_,
        user0_.gender as gender7_10_,
        user0_.hobby as hobby8_10_,
        user0_.introduce as introduc9_10_,
        user0_.job as job10_10_,
        user0_.name as name11_10_,
        user0_.nick_name as nick_na12_10_,
        user0_.phone_num as phone_n13_10_,
        user0_.profile_image as profile14_10_,
        user0_.res_red_number as res_red15_10_,
        user0_.score as score16_10_ 
    from
        user user0_
Hibernate: 
    select
        roles0_.user_id as user_id1_11_0_,
        roles0_.roles as roles2_11_0_ 
    from
        user_roles roles0_ 
    where
        roles0_.user_id=?
Hibernate: 
    select
        roles0_.user_id as user_id1_11_0_,
        roles0_.roles as roles2_11_0_ 
    from
        user_roles roles0_ 
    where
        roles0_.user_id=?
Hibernate: 
    select
        roles0_.user_id as user_id1_11_0_,
        roles0_.roles as roles2_11_0_ 
    from
        user_roles roles0_ 
    where
        roles0_.user_id=?
Hibernate: 
    select
        roles0_.user_id as user_id1_11_0_,
        roles0_.roles as roles2_11_0_ 
    from
        user_roles roles0_ 
    where
        roles0_.user_id=?
Hibernate: 
    select
        roles0_.user_id as user_id1_11_0_,
        roles0_.roles as roles2_11_0_ 
    from
        user_roles roles0_ 
    where
        roles0_.user_id=?
Hibernate: 
    select
        user0_.id as id1_10_,
        user0_.created_at as created_2_10_,
        user0_.updated_at as updated_3_10_,
        user0_.age as age4_10_,
        user0_.background_image as backgrou5_10_,
        user0_.email as email6_10_,
        user0_.gender as gender7_10_,
        user0_.hobby as hobby8_10_,
        user0_.introduce as introduc9_10_,
        user0_.job as job10_10_,
        user0_.name as name11_10_,
        user0_.nick_name as nick_na12_10_,
        user0_.phone_num as phone_n13_10_,
        user0_.profile_image as profile14_10_,
        user0_.res_red_number as res_red15_10_,
        user0_.score as score16_10_ 
    from
        user user0_
Hibernate: 
    select
        roles0_.user_id as user_id1_11_0_,
        roles0_.roles as roles2_11_0_ 
    from
        user_roles roles0_ 
    where
        roles0_.user_id=?
Hibernate: 
    select
        roles0_.user_id as user_id1_11_0_,
        roles0_.roles as roles2_11_0_ 
    from
        user_roles roles0_ 
    where
        roles0_.user_id=?
Hibernate: 
    select
        roles0_.user_id as user_id1_11_0_,
        roles0_.roles as roles2_11_0_ 
    from
        user_roles roles0_ 
    where
        roles0_.user_id=?
Hibernate: 
    select
        roles0_.user_id as user_id1_11_0_,
        roles0_.roles as roles2_11_0_ 
    from
        user_roles roles0_ 
    where
        roles0_.user_id=?
Hibernate: 
    select
        roles0_.user_id as user_id1_11_0_,
        roles0_.roles as roles2_11_0_ 
    from
        user_roles roles0_ 
    where
        roles0_.user_id=?
Hibernate: 
    insert 
    into
        story_pin_like
        (created_at, updated_at, story_pin_id, user_id) 
    values
        (?, ?, ?, ?)
Hibernate: 
    insert 
    into
        story_pin_comment
        (created_at, updated_at, content, story_pin_id, user_id) 
    values
        (?, ?, ?, ?, ?)
Hibernate: 
    select
        user0_.id as id1_10_,
        user0_.created_at as created_2_10_,
        user0_.updated_at as updated_3_10_,
        user0_.age as age4_10_,
        user0_.background_image as backgrou5_10_,
        user0_.email as email6_10_,
        user0_.gender as gender7_10_,
        user0_.hobby as hobby8_10_,
        user0_.introduce as introduc9_10_,
        user0_.job as job10_10_,
        user0_.name as name11_10_,
        user0_.nick_name as nick_na12_10_,
        user0_.phone_num as phone_n13_10_,
        user0_.profile_image as profile14_10_,
        user0_.res_red_number as res_red15_10_,
        user0_.score as score16_10_ 
    from
        user user0_
Hibernate: 
    select
        roles0_.user_id as user_id1_11_0_,
        roles0_.roles as roles2_11_0_ 
    from
        user_roles roles0_ 
    where
        roles0_.user_id=?
Hibernate: 
    select
        roles0_.user_id as user_id1_11_0_,
        roles0_.roles as roles2_11_0_ 
    from
        user_roles roles0_ 
    where
        roles0_.user_id=?
Hibernate: 
    select
        roles0_.user_id as user_id1_11_0_,
        roles0_.roles as roles2_11_0_ 
    from
        user_roles roles0_ 
    where
        roles0_.user_id=?
Hibernate: 
    select
        roles0_.user_id as user_id1_11_0_,
        roles0_.roles as roles2_11_0_ 
    from
        user_roles roles0_ 
    where
        roles0_.user_id=?
Hibernate: 
    select
        roles0_.user_id as user_id1_11_0_,
        roles0_.roles as roles2_11_0_ 
    from
        user_roles roles0_ 
    where
        roles0_.user_id=?
Hibernate: 
    select
        user0_.id as id1_10_,
        user0_.created_at as created_2_10_,
        user0_.updated_at as updated_3_10_,
        user0_.age as age4_10_,
        user0_.background_image as backgrou5_10_,
        user0_.email as email6_10_,
        user0_.gender as gender7_10_,
        user0_.hobby as hobby8_10_,
        user0_.introduce as introduc9_10_,
        user0_.job as job10_10_,
        user0_.name as name11_10_,
        user0_.nick_name as nick_na12_10_,
        user0_.phone_num as phone_n13_10_,
        user0_.profile_image as profile14_10_,
        user0_.res_red_number as res_red15_10_,
        user0_.score as score16_10_ 
    from
        user user0_
Hibernate: 
    select
        roles0_.user_id as user_id1_11_0_,
        roles0_.roles as roles2_11_0_ 
    from
        user_roles roles0_ 
    where
        roles0_.user_id=?
Hibernate: 
    select
        roles0_.user_id as user_id1_11_0_,
        roles0_.roles as roles2_11_0_ 
    from
        user_roles roles0_ 
    where
        roles0_.user_id=?
Hibernate: 
    select
        roles0_.user_id as user_id1_11_0_,
        roles0_.roles as roles2_11_0_ 
    from
        user_roles roles0_ 
    where
        roles0_.user_id=?
Hibernate: 
    select
        roles0_.user_id as user_id1_11_0_,
        roles0_.roles as roles2_11_0_ 
    from
        user_roles roles0_ 
    where
        roles0_.user_id=?
Hibernate: 
    select
        roles0_.user_id as user_id1_11_0_,
        roles0_.roles as roles2_11_0_ 
    from
        user_roles roles0_ 
    where
        roles0_.user_id=?
Hibernate: 
    insert 
    into
        story_pin_like
        (created_at, updated_at, story_pin_id, user_id) 
    values
        (?, ?, ?, ?)
Hibernate: 
    insert 
    into
        story_pin_comment
        (created_at, updated_at, content, story_pin_id, user_id) 
    values
        (?, ?, ?, ?, ?)
Hibernate: 
    select
        user0_.id as id1_10_,
        user0_.created_at as created_2_10_,
        user0_.updated_at as updated_3_10_,
        user0_.age as age4_10_,
        user0_.background_image as backgrou5_10_,
        user0_.email as email6_10_,
        user0_.gender as gender7_10_,
        user0_.hobby as hobby8_10_,
        user0_.introduce as introduc9_10_,
        user0_.job as job10_10_,
        user0_.name as name11_10_,
        user0_.nick_name as nick_na12_10_,
        user0_.phone_num as phone_n13_10_,
        user0_.profile_image as profile14_10_,
        user0_.res_red_number as res_red15_10_,
        user0_.score as score16_10_ 
    from
        user user0_
Hibernate: 
    select
        roles0_.user_id as user_id1_11_0_,
        roles0_.roles as roles2_11_0_ 
    from
        user_roles roles0_ 
    where
        roles0_.user_id=?
Hibernate: 
    select
        roles0_.user_id as user_id1_11_0_,
        roles0_.roles as roles2_11_0_ 
    from
        user_roles roles0_ 
    where
        roles0_.user_id=?
Hibernate: 
    select
        roles0_.user_id as user_id1_11_0_,
        roles0_.roles as roles2_11_0_ 
    from
        user_roles roles0_ 
    where
        roles0_.user_id=?
Hibernate: 
    select
        roles0_.user_id as user_id1_11_0_,
        roles0_.roles as roles2_11_0_ 
    from
        user_roles roles0_ 
    where
        roles0_.user_id=?
Hibernate: 
    select
        roles0_.user_id as user_id1_11_0_,
        roles0_.roles as roles2_11_0_ 
    from
        user_roles roles0_ 
    where
        roles0_.user_id=?
Hibernate: 
    select
        user0_.id as id1_10_,
        user0_.created_at as created_2_10_,
        user0_.updated_at as updated_3_10_,
        user0_.age as age4_10_,
        user0_.background_image as backgrou5_10_,
        user0_.email as email6_10_,
        user0_.gender as gender7_10_,
        user0_.hobby as hobby8_10_,
        user0_.introduce as introduc9_10_,
        user0_.job as job10_10_,
        user0_.name as name11_10_,
        user0_.nick_name as nick_na12_10_,
        user0_.phone_num as phone_n13_10_,
        user0_.profile_image as profile14_10_,
        user0_.res_red_number as res_red15_10_,
        user0_.score as score16_10_ 
    from
        user user0_
Hibernate: 
    select
        roles0_.user_id as user_id1_11_0_,
        roles0_.roles as roles2_11_0_ 
    from
        user_roles roles0_ 
    where
        roles0_.user_id=?
Hibernate: 
    select
        roles0_.user_id as user_id1_11_0_,
        roles0_.roles as roles2_11_0_ 
    from
        user_roles roles0_ 
    where
        roles0_.user_id=?
Hibernate: 
    select
        roles0_.user_id as user_id1_11_0_,
        roles0_.roles as roles2_11_0_ 
    from
        user_roles roles0_ 
    where
        roles0_.user_id=?
Hibernate: 
    select
        roles0_.user_id as user_id1_11_0_,
        roles0_.roles as roles2_11_0_ 
    from
        user_roles roles0_ 
    where
        roles0_.user_id=?
Hibernate: 
    select
        roles0_.user_id as user_id1_11_0_,
        roles0_.roles as roles2_11_0_ 
    from
        user_roles roles0_ 
    where
        roles0_.user_id=?
Hibernate: 
    insert 
    into
        story_pin_like
        (created_at, updated_at, story_pin_id, user_id) 
    values
        (?, ?, ?, ?)
Hibernate: 
    insert 
    into
        story_pin_comment
        (created_at, updated_at, content, story_pin_id, user_id) 
    values
        (?, ?, ?, ?, ?)
Hibernate: 
    select
        user0_.id as id1_10_,
        user0_.created_at as created_2_10_,
        user0_.updated_at as updated_3_10_,
        user0_.age as age4_10_,
        user0_.background_image as backgrou5_10_,
        user0_.email as email6_10_,
        user0_.gender as gender7_10_,
        user0_.hobby as hobby8_10_,
        user0_.introduce as introduc9_10_,
        user0_.job as job10_10_,
        user0_.name as name11_10_,
        user0_.nick_name as nick_na12_10_,
        user0_.phone_num as phone_n13_10_,
        user0_.profile_image as profile14_10_,
        user0_.res_red_number as res_red15_10_,
        user0_.score as score16_10_ 
    from
        user user0_
Hibernate: 
    select
        roles0_.user_id as user_id1_11_0_,
        roles0_.roles as roles2_11_0_ 
    from
        user_roles roles0_ 
    where
        roles0_.user_id=?
Hibernate: 
    select
        roles0_.user_id as user_id1_11_0_,
        roles0_.roles as roles2_11_0_ 
    from
        user_roles roles0_ 
    where
        roles0_.user_id=?
Hibernate: 
    select
        roles0_.user_id as user_id1_11_0_,
        roles0_.roles as roles2_11_0_ 
    from
        user_roles roles0_ 
    where
        roles0_.user_id=?
Hibernate: 
    select
        roles0_.user_id as user_id1_11_0_,
        roles0_.roles as roles2_11_0_ 
    from
        user_roles roles0_ 
    where
        roles0_.user_id=?
Hibernate: 
    select
        roles0_.user_id as user_id1_11_0_,
        roles0_.roles as roles2_11_0_ 
    from
        user_roles roles0_ 
    where
        roles0_.user_id=?
Hibernate: 
    select
        user0_.id as id1_10_,
        user0_.created_at as created_2_10_,
        user0_.updated_at as updated_3_10_,
        user0_.age as age4_10_,
        user0_.background_image as backgrou5_10_,
        user0_.email as email6_10_,
        user0_.gender as gender7_10_,
        user0_.hobby as hobby8_10_,
        user0_.introduce as introduc9_10_,
        user0_.job as job10_10_,
        user0_.name as name11_10_,
        user0_.nick_name as nick_na12_10_,
        user0_.phone_num as phone_n13_10_,
        user0_.profile_image as profile14_10_,
        user0_.res_red_number as res_red15_10_,
        user0_.score as score16_10_ 
    from
        user user0_
Hibernate: 
    select
        roles0_.user_id as user_id1_11_0_,
        roles0_.roles as roles2_11_0_ 
    from
        user_roles roles0_ 
    where
        roles0_.user_id=?
Hibernate: 
    select
        roles0_.user_id as user_id1_11_0_,
        roles0_.roles as roles2_11_0_ 
    from
        user_roles roles0_ 
    where
        roles0_.user_id=?
Hibernate: 
    select
        roles0_.user_id as user_id1_11_0_,
        roles0_.roles as roles2_11_0_ 
    from
        user_roles roles0_ 
    where
        roles0_.user_id=?
Hibernate: 
    select
        roles0_.user_id as user_id1_11_0_,
        roles0_.roles as roles2_11_0_ 
    from
        user_roles roles0_ 
    where
        roles0_.user_id=?
Hibernate: 
    select
        roles0_.user_id as user_id1_11_0_,
        roles0_.roles as roles2_11_0_ 
    from
        user_roles roles0_ 
    where
        roles0_.user_id=?
Hibernate: 
    insert 
    into
        story_pin_like
        (created_at, updated_at, story_pin_id, user_id) 
    values
        (?, ?, ?, ?)
Hibernate: 
    insert 
    into
        story_pin_comment
        (created_at, updated_at, content, story_pin_id, user_id) 
    values
        (?, ?, ?, ?, ?)
Hibernate: 
    select
        user0_.id as id1_10_,
        user0_.created_at as created_2_10_,
        user0_.updated_at as updated_3_10_,
        user0_.age as age4_10_,
        user0_.background_image as backgrou5_10_,
        user0_.email as email6_10_,
        user0_.gender as gender7_10_,
        user0_.hobby as hobby8_10_,
        user0_.introduce as introduc9_10_,
        user0_.job as job10_10_,
        user0_.name as name11_10_,
        user0_.nick_name as nick_na12_10_,
        user0_.phone_num as phone_n13_10_,
        user0_.profile_image as profile14_10_,
        user0_.res_red_number as res_red15_10_,
        user0_.score as score16_10_ 
    from
        user user0_
Hibernate: 
    select
        roles0_.user_id as user_id1_11_0_,
        roles0_.roles as roles2_11_0_ 
    from
        user_roles roles0_ 
    where
        roles0_.user_id=?
Hibernate: 
    select
        roles0_.user_id as user_id1_11_0_,
        roles0_.roles as roles2_11_0_ 
    from
        user_roles roles0_ 
    where
        roles0_.user_id=?
Hibernate: 
    select
        roles0_.user_id as user_id1_11_0_,
        roles0_.roles as roles2_11_0_ 
    from
        user_roles roles0_ 
    where
        roles0_.user_id=?
Hibernate: 
    select
        roles0_.user_id as user_id1_11_0_,
        roles0_.roles as roles2_11_0_ 
    from
        user_roles roles0_ 
    where
        roles0_.user_id=?
Hibernate: 
    select
        roles0_.user_id as user_id1_11_0_,
        roles0_.roles as roles2_11_0_ 
    from
        user_roles roles0_ 
    where
        roles0_.user_id=?
Hibernate: 
    select
        user0_.id as id1_10_,
        user0_.created_at as created_2_10_,
        user0_.updated_at as updated_3_10_,
        user0_.age as age4_10_,
        user0_.background_image as backgrou5_10_,
        user0_.email as email6_10_,
        user0_.gender as gender7_10_,
        user0_.hobby as hobby8_10_,
        user0_.introduce as introduc9_10_,
        user0_.job as job10_10_,
        user0_.name as name11_10_,
        user0_.nick_name as nick_na12_10_,
        user0_.phone_num as phone_n13_10_,
        user0_.profile_image as profile14_10_,
        user0_.res_red_number as res_red15_10_,
        user0_.score as score16_10_ 
    from
        user user0_
Hibernate: 
    select
        roles0_.user_id as user_id1_11_0_,
        roles0_.roles as roles2_11_0_ 
    from
        user_roles roles0_ 
    where
        roles0_.user_id=?
Hibernate: 
    select
        roles0_.user_id as user_id1_11_0_,
        roles0_.roles as roles2_11_0_ 
    from
        user_roles roles0_ 
    where
        roles0_.user_id=?
Hibernate: 
    select
        roles0_.user_id as user_id1_11_0_,
        roles0_.roles as roles2_11_0_ 
    from
        user_roles roles0_ 
    where
        roles0_.user_id=?
Hibernate: 
    select
        roles0_.user_id as user_id1_11_0_,
        roles0_.roles as roles2_11_0_ 
    from
        user_roles roles0_ 
    where
        roles0_.user_id=?
Hibernate: 
    select
        roles0_.user_id as user_id1_11_0_,
        roles0_.roles as roles2_11_0_ 
    from
        user_roles roles0_ 
    where
        roles0_.user_id=?
Hibernate: 
    insert 
    into
        story_pin_like
        (created_at, updated_at, story_pin_id, user_id) 
    values
        (?, ?, ?, ?)
Hibernate: 
    insert 
    into
        story_pin_comment
        (created_at, updated_at, content, story_pin_id, user_id) 
    values
        (?, ?, ?, ?, ?)
Hibernate: 
    select
        user0_.id as id1_10_,
        user0_.created_at as created_2_10_,
        user0_.updated_at as updated_3_10_,
        user0_.age as age4_10_,
        user0_.background_image as backgrou5_10_,
        user0_.email as email6_10_,
        user0_.gender as gender7_10_,
        user0_.hobby as hobby8_10_,
        user0_.introduce as introduc9_10_,
        user0_.job as job10_10_,
        user0_.name as name11_10_,
        user0_.nick_name as nick_na12_10_,
        user0_.phone_num as phone_n13_10_,
        user0_.profile_image as profile14_10_,
        user0_.res_red_number as res_red15_10_,
        user0_.score as score16_10_ 
    from
        user user0_
Hibernate: 
    select
        roles0_.user_id as user_id1_11_0_,
        roles0_.roles as roles2_11_0_ 
    from
        user_roles roles0_ 
    where
        roles0_.user_id=?
Hibernate: 
    select
        roles0_.user_id as user_id1_11_0_,
        roles0_.roles as roles2_11_0_ 
    from
        user_roles roles0_ 
    where
        roles0_.user_id=?
Hibernate: 
    select
        roles0_.user_id as user_id1_11_0_,
        roles0_.roles as roles2_11_0_ 
    from
        user_roles roles0_ 
    where
        roles0_.user_id=?
Hibernate: 
    select
        roles0_.user_id as user_id1_11_0_,
        roles0_.roles as roles2_11_0_ 
    from
        user_roles roles0_ 
    where
        roles0_.user_id=?
Hibernate: 
    select
        roles0_.user_id as user_id1_11_0_,
        roles0_.roles as roles2_11_0_ 
    from
        user_roles roles0_ 
    where
        roles0_.user_id=?
Hibernate: 
    select
        user0_.id as id1_10_,
        user0_.created_at as created_2_10_,
        user0_.updated_at as updated_3_10_,
        user0_.age as age4_10_,
        user0_.background_image as backgrou5_10_,
        user0_.email as email6_10_,
        user0_.gender as gender7_10_,
        user0_.hobby as hobby8_10_,
        user0_.introduce as introduc9_10_,
        user0_.job as job10_10_,
        user0_.name as name11_10_,
        user0_.nick_name as nick_na12_10_,
        user0_.phone_num as phone_n13_10_,
        user0_.profile_image as profile14_10_,
        user0_.res_red_number as res_red15_10_,
        user0_.score as score16_10_ 
    from
        user user0_
Hibernate: 
    select
        roles0_.user_id as user_id1_11_0_,
        roles0_.roles as roles2_11_0_ 
    from
        user_roles roles0_ 
    where
        roles0_.user_id=?
Hibernate: 
    select
        roles0_.user_id as user_id1_11_0_,
        roles0_.roles as roles2_11_0_ 
    from
        user_roles roles0_ 
    where
        roles0_.user_id=?
Hibernate: 
    select
        roles0_.user_id as user_id1_11_0_,
        roles0_.roles as roles2_11_0_ 
    from
        user_roles roles0_ 
    where
        roles0_.user_id=?
Hibernate: 
    select
        roles0_.user_id as user_id1_11_0_,
        roles0_.roles as roles2_11_0_ 
    from
        user_roles roles0_ 
    where
        roles0_.user_id=?
Hibernate: 
    select
        roles0_.user_id as user_id1_11_0_,
        roles0_.roles as roles2_11_0_ 
    from
        user_roles roles0_ 
    where
        roles0_.user_id=?
Hibernate: 
    insert 
    into
        story_pin_like
        (created_at, updated_at, story_pin_id, user_id) 
    values
        (?, ?, ?, ?)
Hibernate: 
    insert 
    into
        story_pin_comment
        (created_at, updated_at, content, story_pin_id, user_id) 
    values
        (?, ?, ?, ?, ?)
Hibernate: 
    select
        user0_.id as id1_10_,
        user0_.created_at as created_2_10_,
        user0_.updated_at as updated_3_10_,
        user0_.age as age4_10_,
        user0_.background_image as backgrou5_10_,
        user0_.email as email6_10_,
        user0_.gender as gender7_10_,
        user0_.hobby as hobby8_10_,
        user0_.introduce as introduc9_10_,
        user0_.job as job10_10_,
        user0_.name as name11_10_,
        user0_.nick_name as nick_na12_10_,
        user0_.phone_num as phone_n13_10_,
        user0_.profile_image as profile14_10_,
        user0_.res_red_number as res_red15_10_,
        user0_.score as score16_10_ 
    from
        user user0_
Hibernate: 
    select
        roles0_.user_id as user_id1_11_0_,
        roles0_.roles as roles2_11_0_ 
    from
        user_roles roles0_ 
    where
        roles0_.user_id=?
Hibernate: 
    select
        roles0_.user_id as user_id1_11_0_,
        roles0_.roles as roles2_11_0_ 
    from
        user_roles roles0_ 
    where
        roles0_.user_id=?
Hibernate: 
    select
        roles0_.user_id as user_id1_11_0_,
        roles0_.roles as roles2_11_0_ 
    from
        user_roles roles0_ 
    where
        roles0_.user_id=?
Hibernate: 
    select
        roles0_.user_id as user_id1_11_0_,
        roles0_.roles as roles2_11_0_ 
    from
        user_roles roles0_ 
    where
        roles0_.user_id=?
Hibernate: 
    select
        roles0_.user_id as user_id1_11_0_,
        roles0_.roles as roles2_11_0_ 
    from
        user_roles roles0_ 
    where
        roles0_.user_id=?
Hibernate: 
    select
        user0_.id as id1_10_,
        user0_.created_at as created_2_10_,
        user0_.updated_at as updated_3_10_,
        user0_.age as age4_10_,
        user0_.background_image as backgrou5_10_,
        user0_.email as email6_10_,
        user0_.gender as gender7_10_,
        user0_.hobby as hobby8_10_,
        user0_.introduce as introduc9_10_,
        user0_.job as job10_10_,
        user0_.name as name11_10_,
        user0_.nick_name as nick_na12_10_,
        user0_.phone_num as phone_n13_10_,
        user0_.profile_image as profile14_10_,
        user0_.res_red_number as res_red15_10_,
        user0_.score as score16_10_ 
    from
        user user0_
Hibernate: 
    select
        roles0_.user_id as user_id1_11_0_,
        roles0_.roles as roles2_11_0_ 
    from
        user_roles roles0_ 
    where
        roles0_.user_id=?
Hibernate: 
    select
        roles0_.user_id as user_id1_11_0_,
        roles0_.roles as roles2_11_0_ 
    from
        user_roles roles0_ 
    where
        roles0_.user_id=?
Hibernate: 
    select
        roles0_.user_id as user_id1_11_0_,
        roles0_.roles as roles2_11_0_ 
    from
        user_roles roles0_ 
    where
        roles0_.user_id=?
Hibernate: 
    select
        roles0_.user_id as user_id1_11_0_,
        roles0_.roles as roles2_11_0_ 
    from
        user_roles roles0_ 
    where
        roles0_.user_id=?
Hibernate: 
    select
        roles0_.user_id as user_id1_11_0_,
        roles0_.roles as roles2_11_0_ 
    from
        user_roles roles0_ 
    where
        roles0_.user_id=?
Hibernate: 
    insert 
    into
        story_pin_like
        (created_at, updated_at, story_pin_id, user_id) 
    values
        (?, ?, ?, ?)
Hibernate: 
    insert 
    into
        story_pin_comment
        (created_at, updated_at, content, story_pin_id, user_id) 
    values
        (?, ?, ?, ?, ?)
Hibernate: 
    select
        user0_.id as id1_10_,
        user0_.created_at as created_2_10_,
        user0_.updated_at as updated_3_10_,
        user0_.age as age4_10_,
        user0_.background_image as backgrou5_10_,
        user0_.email as email6_10_,
        user0_.gender as gender7_10_,
        user0_.hobby as hobby8_10_,
        user0_.introduce as introduc9_10_,
        user0_.job as job10_10_,
        user0_.name as name11_10_,
        user0_.nick_name as nick_na12_10_,
        user0_.phone_num as phone_n13_10_,
        user0_.profile_image as profile14_10_,
        user0_.res_red_number as res_red15_10_,
        user0_.score as score16_10_ 
    from
        user user0_
Hibernate: 
    select
        roles0_.user_id as user_id1_11_0_,
        roles0_.roles as roles2_11_0_ 
    from
        user_roles roles0_ 
    where
        roles0_.user_id=?
Hibernate: 
    select
        roles0_.user_id as user_id1_11_0_,
        roles0_.roles as roles2_11_0_ 
    from
        user_roles roles0_ 
    where
        roles0_.user_id=?
Hibernate: 
    select
        roles0_.user_id as user_id1_11_0_,
        roles0_.roles as roles2_11_0_ 
    from
        user_roles roles0_ 
    where
        roles0_.user_id=?
Hibernate: 
    select
        roles0_.user_id as user_id1_11_0_,
        roles0_.roles as roles2_11_0_ 
    from
        user_roles roles0_ 
    where
        roles0_.user_id=?
Hibernate: 
    select
        roles0_.user_id as user_id1_11_0_,
        roles0_.roles as roles2_11_0_ 
    from
        user_roles roles0_ 
    where
        roles0_.user_id=?
Hibernate: 
    select
        user0_.id as id1_10_,
        user0_.created_at as created_2_10_,
        user0_.updated_at as updated_3_10_,
        user0_.age as age4_10_,
        user0_.background_image as backgrou5_10_,
        user0_.email as email6_10_,
        user0_.gender as gender7_10_,
        user0_.hobby as hobby8_10_,
        user0_.introduce as introduc9_10_,
        user0_.job as job10_10_,
        user0_.name as name11_10_,
        user0_.nick_name as nick_na12_10_,
        user0_.phone_num as phone_n13_10_,
        user0_.profile_image as profile14_10_,
        user0_.res_red_number as res_red15_10_,
        user0_.score as score16_10_ 
    from
        user user0_
Hibernate: 
    select
        roles0_.user_id as user_id1_11_0_,
        roles0_.roles as roles2_11_0_ 
    from
        user_roles roles0_ 
    where
        roles0_.user_id=?
Hibernate: 
    select
        roles0_.user_id as user_id1_11_0_,
        roles0_.roles as roles2_11_0_ 
    from
        user_roles roles0_ 
    where
        roles0_.user_id=?
Hibernate: 
    select
        roles0_.user_id as user_id1_11_0_,
        roles0_.roles as roles2_11_0_ 
    from
        user_roles roles0_ 
    where
        roles0_.user_id=?
Hibernate: 
    select
        roles0_.user_id as user_id1_11_0_,
        roles0_.roles as roles2_11_0_ 
    from
        user_roles roles0_ 
    where
        roles0_.user_id=?
Hibernate: 
    select
        roles0_.user_id as user_id1_11_0_,
        roles0_.roles as roles2_11_0_ 
    from
        user_roles roles0_ 
    where
        roles0_.user_id=?
Hibernate: 
    insert 
    into
        story_pin_like
        (created_at, updated_at, story_pin_id, user_id) 
    values
        (?, ?, ?, ?)
Hibernate: 
    insert 
    into
        story_pin_comment
        (created_at, updated_at, content, story_pin_id, user_id) 
    values
        (?, ?, ?, ?, ?)
Hibernate: 
    select
        user0_.id as id1_10_,
        user0_.created_at as created_2_10_,
        user0_.updated_at as updated_3_10_,
        user0_.age as age4_10_,
        user0_.background_image as backgrou5_10_,
        user0_.email as email6_10_,
        user0_.gender as gender7_10_,
        user0_.hobby as hobby8_10_,
        user0_.introduce as introduc9_10_,
        user0_.job as job10_10_,
        user0_.name as name11_10_,
        user0_.nick_name as nick_na12_10_,
        user0_.phone_num as phone_n13_10_,
        user0_.profile_image as profile14_10_,
        user0_.res_red_number as res_red15_10_,
        user0_.score as score16_10_ 
    from
        user user0_
Hibernate: 
    select
        roles0_.user_id as user_id1_11_0_,
        roles0_.roles as roles2_11_0_ 
    from
        user_roles roles0_ 
    where
        roles0_.user_id=?
Hibernate: 
    select
        roles0_.user_id as user_id1_11_0_,
        roles0_.roles as roles2_11_0_ 
    from
        user_roles roles0_ 
    where
        roles0_.user_id=?
Hibernate: 
    select
        roles0_.user_id as user_id1_11_0_,
        roles0_.roles as roles2_11_0_ 
    from
        user_roles roles0_ 
    where
        roles0_.user_id=?
Hibernate: 
    select
        roles0_.user_id as user_id1_11_0_,
        roles0_.roles as roles2_11_0_ 
    from
        user_roles roles0_ 
    where
        roles0_.user_id=?
Hibernate: 
    select
        roles0_.user_id as user_id1_11_0_,
        roles0_.roles as roles2_11_0_ 
    from
        user_roles roles0_ 
    where
        roles0_.user_id=?
Hibernate: 
    select
        user0_.id as id1_10_,
        user0_.created_at as created_2_10_,
        user0_.updated_at as updated_3_10_,
        user0_.age as age4_10_,
        user0_.background_image as backgrou5_10_,
        user0_.email as email6_10_,
        user0_.gender as gender7_10_,
        user0_.hobby as hobby8_10_,
        user0_.introduce as introduc9_10_,
        user0_.job as job10_10_,
        user0_.name as name11_10_,
        user0_.nick_name as nick_na12_10_,
        user0_.phone_num as phone_n13_10_,
        user0_.profile_image as profile14_10_,
        user0_.res_red_number as res_red15_10_,
        user0_.score as score16_10_ 
    from
        user user0_
Hibernate: 
    select
        roles0_.user_id as user_id1_11_0_,
        roles0_.roles as roles2_11_0_ 
    from
        user_roles roles0_ 
    where
        roles0_.user_id=?
Hibernate: 
    select
        roles0_.user_id as user_id1_11_0_,
        roles0_.roles as roles2_11_0_ 
    from
        user_roles roles0_ 
    where
        roles0_.user_id=?
Hibernate: 
    select
        roles0_.user_id as user_id1_11_0_,
        roles0_.roles as roles2_11_0_ 
    from
        user_roles roles0_ 
    where
        roles0_.user_id=?
Hibernate: 
    select
        roles0_.user_id as user_id1_11_0_,
        roles0_.roles as roles2_11_0_ 
    from
        user_roles roles0_ 
    where
        roles0_.user_id=?
Hibernate: 
    select
        roles0_.user_id as user_id1_11_0_,
        roles0_.roles as roles2_11_0_ 
    from
        user_roles roles0_ 
    where
        roles0_.user_id=?
Hibernate: 
    insert 
    into
        story_pin_like
        (created_at, updated_at, story_pin_id, user_id) 
    values
        (?, ?, ?, ?)
Hibernate: 
    insert 
    into
        story_pin_comment
        (created_at, updated_at, content, story_pin_id, user_id) 
    values
        (?, ?, ?, ?, ?)
Hibernate: 
    select
        user0_.id as id1_10_,
        user0_.created_at as created_2_10_,
        user0_.updated_at as updated_3_10_,
        user0_.age as age4_10_,
        user0_.background_image as backgrou5_10_,
        user0_.email as email6_10_,
        user0_.gender as gender7_10_,
        user0_.hobby as hobby8_10_,
        user0_.introduce as introduc9_10_,
        user0_.job as job10_10_,
        user0_.name as name11_10_,
        user0_.nick_name as nick_na12_10_,
        user0_.phone_num as phone_n13_10_,
        user0_.profile_image as profile14_10_,
        user0_.res_red_number as res_red15_10_,
        user0_.score as score16_10_ 
    from
        user user0_
Hibernate: 
    select
        roles0_.user_id as user_id1_11_0_,
        roles0_.roles as roles2_11_0_ 
    from
        user_roles roles0_ 
    where
        roles0_.user_id=?
Hibernate: 
    select
        roles0_.user_id as user_id1_11_0_,
        roles0_.roles as roles2_11_0_ 
    from
        user_roles roles0_ 
    where
        roles0_.user_id=?
Hibernate: 
    select
        roles0_.user_id as user_id1_11_0_,
        roles0_.roles as roles2_11_0_ 
    from
        user_roles roles0_ 
    where
        roles0_.user_id=?
Hibernate: 
    select
        roles0_.user_id as user_id1_11_0_,
        roles0_.roles as roles2_11_0_ 
    from
        user_roles roles0_ 
    where
        roles0_.user_id=?
Hibernate: 
    select
        roles0_.user_id as user_id1_11_0_,
        roles0_.roles as roles2_11_0_ 
    from
        user_roles roles0_ 
    where
        roles0_.user_id=?
Hibernate: 
    select
        user0_.id as id1_10_,
        user0_.created_at as created_2_10_,
        user0_.updated_at as updated_3_10_,
        user0_.age as age4_10_,
        user0_.background_image as backgrou5_10_,
        user0_.email as email6_10_,
        user0_.gender as gender7_10_,
        user0_.hobby as hobby8_10_,
        user0_.introduce as introduc9_10_,
        user0_.job as job10_10_,
        user0_.name as name11_10_,
        user0_.nick_name as nick_na12_10_,
        user0_.phone_num as phone_n13_10_,
        user0_.profile_image as profile14_10_,
        user0_.res_red_number as res_red15_10_,
        user0_.score as score16_10_ 
    from
        user user0_
Hibernate: 
    select
        roles0_.user_id as user_id1_11_0_,
        roles0_.roles as roles2_11_0_ 
    from
        user_roles roles0_ 
    where
        roles0_.user_id=?
Hibernate: 
    select
        roles0_.user_id as user_id1_11_0_,
        roles0_.roles as roles2_11_0_ 
    from
        user_roles roles0_ 
    where
        roles0_.user_id=?
Hibernate: 
    select
        roles0_.user_id as user_id1_11_0_,
        roles0_.roles as roles2_11_0_ 
    from
        user_roles roles0_ 
    where
        roles0_.user_id=?
Hibernate: 
    select
        roles0_.user_id as user_id1_11_0_,
        roles0_.roles as roles2_11_0_ 
    from
        user_roles roles0_ 
    where
        roles0_.user_id=?
Hibernate: 
    select
        roles0_.user_id as user_id1_11_0_,
        roles0_.roles as roles2_11_0_ 
    from
        user_roles roles0_ 
    where
        roles0_.user_id=?
Hibernate: 
    insert 
    into
        story_pin_like
        (created_at, updated_at, story_pin_id, user_id) 
    values
        (?, ?, ?, ?)
Hibernate: 
    insert 
    into
        story_pin_comment
        (created_at, updated_at, content, story_pin_id, user_id) 
    values
        (?, ?, ?, ?, ?)
Hibernate: 
    select
        user0_.id as id1_10_,
        user0_.created_at as created_2_10_,
        user0_.updated_at as updated_3_10_,
        user0_.age as age4_10_,
        user0_.background_image as backgrou5_10_,
        user0_.email as email6_10_,
        user0_.gender as gender7_10_,
        user0_.hobby as hobby8_10_,
        user0_.introduce as introduc9_10_,
        user0_.job as job10_10_,
        user0_.name as name11_10_,
        user0_.nick_name as nick_na12_10_,
        user0_.phone_num as phone_n13_10_,
        user0_.profile_image as profile14_10_,
        user0_.res_red_number as res_red15_10_,
        user0_.score as score16_10_ 
    from
        user user0_
Hibernate: 
    select
        roles0_.user_id as user_id1_11_0_,
        roles0_.roles as roles2_11_0_ 
    from
        user_roles roles0_ 
    where
        roles0_.user_id=?
Hibernate: 
    select
        roles0_.user_id as user_id1_11_0_,
        roles0_.roles as roles2_11_0_ 
    from
        user_roles roles0_ 
    where
        roles0_.user_id=?
Hibernate: 
    select
        roles0_.user_id as user_id1_11_0_,
        roles0_.roles as roles2_11_0_ 
    from
        user_roles roles0_ 
    where
        roles0_.user_id=?
Hibernate: 
    select
        roles0_.user_id as user_id1_11_0_,
        roles0_.roles as roles2_11_0_ 
    from
        user_roles roles0_ 
    where
        roles0_.user_id=?
Hibernate: 
    select
        roles0_.user_id as user_id1_11_0_,
        roles0_.roles as roles2_11_0_ 
    from
        user_roles roles0_ 
    where
        roles0_.user_id=?
Hibernate: 
    select
        user0_.id as id1_10_,
        user0_.created_at as created_2_10_,
        user0_.updated_at as updated_3_10_,
        user0_.age as age4_10_,
        user0_.background_image as backgrou5_10_,
        user0_.email as email6_10_,
        user0_.gender as gender7_10_,
        user0_.hobby as hobby8_10_,
        user0_.introduce as introduc9_10_,
        user0_.job as job10_10_,
        user0_.name as name11_10_,
        user0_.nick_name as nick_na12_10_,
        user0_.phone_num as phone_n13_10_,
        user0_.profile_image as profile14_10_,
        user0_.res_red_number as res_red15_10_,
        user0_.score as score16_10_ 
    from
        user user0_
Hibernate: 
    select
        roles0_.user_id as user_id1_11_0_,
        roles0_.roles as roles2_11_0_ 
    from
        user_roles roles0_ 
    where
        roles0_.user_id=?
Hibernate: 
    select
        roles0_.user_id as user_id1_11_0_,
        roles0_.roles as roles2_11_0_ 
    from
        user_roles roles0_ 
    where
        roles0_.user_id=?
Hibernate: 
    select
        roles0_.user_id as user_id1_11_0_,
        roles0_.roles as roles2_11_0_ 
    from
        user_roles roles0_ 
    where
        roles0_.user_id=?
Hibernate: 
    select
        roles0_.user_id as user_id1_11_0_,
        roles0_.roles as roles2_11_0_ 
    from
        user_roles roles0_ 
    where
        roles0_.user_id=?
Hibernate: 
    select
        roles0_.user_id as user_id1_11_0_,
        roles0_.roles as roles2_11_0_ 
    from
        user_roles roles0_ 
    where
        roles0_.user_id=?
Hibernate: 
    insert 
    into
        story_pin_like
        (created_at, updated_at, story_pin_id, user_id) 
    values
        (?, ?, ?, ?)
Hibernate: 
    insert 
    into
        story_pin_comment
        (created_at, updated_at, content, story_pin_id, user_id) 
    values
        (?, ?, ?, ?, ?)
Hibernate: 
    select
        user0_.id as id1_10_,
        user0_.created_at as created_2_10_,
        user0_.updated_at as updated_3_10_,
        user0_.age as age4_10_,
        user0_.background_image as backgrou5_10_,
        user0_.email as email6_10_,
        user0_.gender as gender7_10_,
        user0_.hobby as hobby8_10_,
        user0_.introduce as introduc9_10_,
        user0_.job as job10_10_,
        user0_.name as name11_10_,
        user0_.nick_name as nick_na12_10_,
        user0_.phone_num as phone_n13_10_,
        user0_.profile_image as profile14_10_,
        user0_.res_red_number as res_red15_10_,
        user0_.score as score16_10_ 
    from
        user user0_
Hibernate: 
    select
        roles0_.user_id as user_id1_11_0_,
        roles0_.roles as roles2_11_0_ 
    from
        user_roles roles0_ 
    where
        roles0_.user_id=?
Hibernate: 
    select
        roles0_.user_id as user_id1_11_0_,
        roles0_.roles as roles2_11_0_ 
    from
        user_roles roles0_ 
    where
        roles0_.user_id=?
Hibernate: 
    select
        roles0_.user_id as user_id1_11_0_,
        roles0_.roles as roles2_11_0_ 
    from
        user_roles roles0_ 
    where
        roles0_.user_id=?
Hibernate: 
    select
        roles0_.user_id as user_id1_11_0_,
        roles0_.roles as roles2_11_0_ 
    from
        user_roles roles0_ 
    where
        roles0_.user_id=?
Hibernate: 
    select
        roles0_.user_id as user_id1_11_0_,
        roles0_.roles as roles2_11_0_ 
    from
        user_roles roles0_ 
    where
        roles0_.user_id=?
Hibernate: 
    select
        user0_.id as id1_10_,
        user0_.created_at as created_2_10_,
        user0_.updated_at as updated_3_10_,
        user0_.age as age4_10_,
        user0_.background_image as backgrou5_10_,
        user0_.email as email6_10_,
        user0_.gender as gender7_10_,
        user0_.hobby as hobby8_10_,
        user0_.introduce as introduc9_10_,
        user0_.job as job10_10_,
        user0_.name as name11_10_,
        user0_.nick_name as nick_na12_10_,
        user0_.phone_num as phone_n13_10_,
        user0_.profile_image as profile14_10_,
        user0_.res_red_number as res_red15_10_,
        user0_.score as score16_10_ 
    from
        user user0_
Hibernate: 
    select
        roles0_.user_id as user_id1_11_0_,
        roles0_.roles as roles2_11_0_ 
    from
        user_roles roles0_ 
    where
        roles0_.user_id=?
Hibernate: 
    select
        roles0_.user_id as user_id1_11_0_,
        roles0_.roles as roles2_11_0_ 
    from
        user_roles roles0_ 
    where
        roles0_.user_id=?
Hibernate: 
    select
        roles0_.user_id as user_id1_11_0_,
        roles0_.roles as roles2_11_0_ 
    from
        user_roles roles0_ 
    where
        roles0_.user_id=?
Hibernate: 
    select
        roles0_.user_id as user_id1_11_0_,
        roles0_.roles as roles2_11_0_ 
    from
        user_roles roles0_ 
    where
        roles0_.user_id=?
Hibernate: 
    select
        roles0_.user_id as user_id1_11_0_,
        roles0_.roles as roles2_11_0_ 
    from
        user_roles roles0_ 
    where
        roles0_.user_id=?
Hibernate: 
    insert 
    into
        story_pin_like
        (created_at, updated_at, story_pin_id, user_id) 
    values
        (?, ?, ?, ?)
Hibernate: 
    insert 
    into
        story_pin_comment
        (created_at, updated_at, content, story_pin_id, user_id) 
    values
        (?, ?, ?, ?, ?)
Hibernate: 
    select
        user0_.id as id1_10_,
        user0_.created_at as created_2_10_,
        user0_.updated_at as updated_3_10_,
        user0_.age as age4_10_,
        user0_.background_image as backgrou5_10_,
        user0_.email as email6_10_,
        user0_.gender as gender7_10_,
        user0_.hobby as hobby8_10_,
        user0_.introduce as introduc9_10_,
        user0_.job as job10_10_,
        user0_.name as name11_10_,
        user0_.nick_name as nick_na12_10_,
        user0_.phone_num as phone_n13_10_,
        user0_.profile_image as profile14_10_,
        user0_.res_red_number as res_red15_10_,
        user0_.score as score16_10_ 
    from
        user user0_
Hibernate: 
    select
        roles0_.user_id as user_id1_11_0_,
        roles0_.roles as roles2_11_0_ 
    from
        user_roles roles0_ 
    where
        roles0_.user_id=?
Hibernate: 
    select
        roles0_.user_id as user_id1_11_0_,
        roles0_.roles as roles2_11_0_ 
    from
        user_roles roles0_ 
    where
        roles0_.user_id=?
Hibernate: 
    select
        roles0_.user_id as user_id1_11_0_,
        roles0_.roles as roles2_11_0_ 
    from
        user_roles roles0_ 
    where
        roles0_.user_id=?
Hibernate: 
    select
        roles0_.user_id as user_id1_11_0_,
        roles0_.roles as roles2_11_0_ 
    from
        user_roles roles0_ 
    where
        roles0_.user_id=?
Hibernate: 
    select
        roles0_.user_id as user_id1_11_0_,
        roles0_.roles as roles2_11_0_ 
    from
        user_roles roles0_ 
    where
        roles0_.user_id=?
Hibernate: 
    select
        user0_.id as id1_10_,
        user0_.created_at as created_2_10_,
        user0_.updated_at as updated_3_10_,
        user0_.age as age4_10_,
        user0_.background_image as backgrou5_10_,
        user0_.email as email6_10_,
        user0_.gender as gender7_10_,
        user0_.hobby as hobby8_10_,
        user0_.introduce as introduc9_10_,
        user0_.job as job10_10_,
        user0_.name as name11_10_,
        user0_.nick_name as nick_na12_10_,
        user0_.phone_num as phone_n13_10_,
        user0_.profile_image as profile14_10_,
        user0_.res_red_number as res_red15_10_,
        user0_.score as score16_10_ 
    from
        user user0_
Hibernate: 
    select
        roles0_.user_id as user_id1_11_0_,
        roles0_.roles as roles2_11_0_ 
    from
        user_roles roles0_ 
    where
        roles0_.user_id=?
Hibernate: 
    select
        roles0_.user_id as user_id1_11_0_,
        roles0_.roles as roles2_11_0_ 
    from
        user_roles roles0_ 
    where
        roles0_.user_id=?
Hibernate: 
    select
        roles0_.user_id as user_id1_11_0_,
        roles0_.roles as roles2_11_0_ 
    from
        user_roles roles0_ 
    where
        roles0_.user_id=?
Hibernate: 
    select
        roles0_.user_id as user_id1_11_0_,
        roles0_.roles as roles2_11_0_ 
    from
        user_roles roles0_ 
    where
        roles0_.user_id=?
Hibernate: 
    select
        roles0_.user_id as user_id1_11_0_,
        roles0_.roles as roles2_11_0_ 
    from
        user_roles roles0_ 
    where
        roles0_.user_id=?
Hibernate: 
    insert 
    into
        story_pin_like
        (created_at, updated_at, story_pin_id, user_id) 
    values
        (?, ?, ?, ?)
Hibernate: 
    insert 
    into
        story_pin_comment
        (created_at, updated_at, content, story_pin_id, user_id) 
    values
        (?, ?, ?, ?, ?)
Hibernate: 
    select
        user0_.id as id1_10_,
        user0_.created_at as created_2_10_,
        user0_.updated_at as updated_3_10_,
        user0_.age as age4_10_,
        user0_.background_image as backgrou5_10_,
        user0_.email as email6_10_,
        user0_.gender as gender7_10_,
        user0_.hobby as hobby8_10_,
        user0_.introduce as introduc9_10_,
        user0_.job as job10_10_,
        user0_.name as name11_10_,
        user0_.nick_name as nick_na12_10_,
        user0_.phone_num as phone_n13_10_,
        user0_.profile_image as profile14_10_,
        user0_.res_red_number as res_red15_10_,
        user0_.score as score16_10_ 
    from
        user user0_
Hibernate: 
    select
        roles0_.user_id as user_id1_11_0_,
        roles0_.roles as roles2_11_0_ 
    from
        user_roles roles0_ 
    where
        roles0_.user_id=?
Hibernate: 
    select
        roles0_.user_id as user_id1_11_0_,
        roles0_.roles as roles2_11_0_ 
    from
        user_roles roles0_ 
    where
        roles0_.user_id=?
Hibernate: 
    select
        roles0_.user_id as user_id1_11_0_,
        roles0_.roles as roles2_11_0_ 
    from
        user_roles roles0_ 
    where
        roles0_.user_id=?
Hibernate: 
    select
        roles0_.user_id as user_id1_11_0_,
        roles0_.roles as roles2_11_0_ 
    from
        user_roles roles0_ 
    where
        roles0_.user_id=?
Hibernate: 
    select
        roles0_.user_id as user_id1_11_0_,
        roles0_.roles as roles2_11_0_ 
    from
        user_roles roles0_ 
    where
        roles0_.user_id=?
Hibernate: 
    select
        user0_.id as id1_10_,
        user0_.created_at as created_2_10_,
        user0_.updated_at as updated_3_10_,
        user0_.age as age4_10_,
        user0_.background_image as backgrou5_10_,
        user0_.email as email6_10_,
        user0_.gender as gender7_10_,
        user0_.hobby as hobby8_10_,
        user0_.introduce as introduc9_10_,
        user0_.job as job10_10_,
        user0_.name as name11_10_,
        user0_.nick_name as nick_na12_10_,
        user0_.phone_num as phone_n13_10_,
        user0_.profile_image as profile14_10_,
        user0_.res_red_number as res_red15_10_,
        user0_.score as score16_10_ 
    from
        user user0_
Hibernate: 
    select
        roles0_.user_id as user_id1_11_0_,
        roles0_.roles as roles2_11_0_ 
    from
        user_roles roles0_ 
    where
        roles0_.user_id=?
Hibernate: 
    select
        roles0_.user_id as user_id1_11_0_,
        roles0_.roles as roles2_11_0_ 
    from
        user_roles roles0_ 
    where
        roles0_.user_id=?
Hibernate: 
    select
        roles0_.user_id as user_id1_11_0_,
        roles0_.roles as roles2_11_0_ 
    from
        user_roles roles0_ 
    where
        roles0_.user_id=?
Hibernate: 
    select
        roles0_.user_id as user_id1_11_0_,
        roles0_.roles as roles2_11_0_ 
    from
        user_roles roles0_ 
    where
        roles0_.user_id=?
Hibernate: 
    select
        roles0_.user_id as user_id1_11_0_,
        roles0_.roles as roles2_11_0_ 
    from
        user_roles roles0_ 
    where
        roles0_.user_id=?
Hibernate: 
    insert 
    into
        story_pin_like
        (created_at, updated_at, story_pin_id, user_id) 
    values
        (?, ?, ?, ?)
Hibernate: 
    insert 
    into
        story_pin_comment
        (created_at, updated_at, content, story_pin_id, user_id) 
    values
        (?, ?, ?, ?, ?)
Hibernate: 
    select
        user0_.id as id1_10_,
        user0_.created_at as created_2_10_,
        user0_.updated_at as updated_3_10_,
        user0_.age as age4_10_,
        user0_.background_image as backgrou5_10_,
        user0_.email as email6_10_,
        user0_.gender as gender7_10_,
        user0_.hobby as hobby8_10_,
        user0_.introduce as introduc9_10_,
        user0_.job as job10_10_,
        user0_.name as name11_10_,
        user0_.nick_name as nick_na12_10_,
        user0_.phone_num as phone_n13_10_,
        user0_.profile_image as profile14_10_,
        user0_.res_red_number as res_red15_10_,
        user0_.score as score16_10_ 
    from
        user user0_
Hibernate: 
    select
        roles0_.user_id as user_id1_11_0_,
        roles0_.roles as roles2_11_0_ 
    from
        user_roles roles0_ 
    where
        roles0_.user_id=?
Hibernate: 
    select
        roles0_.user_id as user_id1_11_0_,
        roles0_.roles as roles2_11_0_ 
    from
        user_roles roles0_ 
    where
        roles0_.user_id=?
Hibernate: 
    select
        roles0_.user_id as user_id1_11_0_,
        roles0_.roles as roles2_11_0_ 
    from
        user_roles roles0_ 
    where
        roles0_.user_id=?
Hibernate: 
    select
        roles0_.user_id as user_id1_11_0_,
        roles0_.roles as roles2_11_0_ 
    from
        user_roles roles0_ 
    where
        roles0_.user_id=?
Hibernate: 
    select
        roles0_.user_id as user_id1_11_0_,
        roles0_.roles as roles2_11_0_ 
    from
        user_roles roles0_ 
    where
        roles0_.user_id=?
Hibernate: 
    select
        user0_.id as id1_10_,
        user0_.created_at as created_2_10_,
        user0_.updated_at as updated_3_10_,
        user0_.age as age4_10_,
        user0_.background_image as backgrou5_10_,
        user0_.email as email6_10_,
        user0_.gender as gender7_10_,
        user0_.hobby as hobby8_10_,
        user0_.introduce as introduc9_10_,
        user0_.job as job10_10_,
        user0_.name as name11_10_,
        user0_.nick_name as nick_na12_10_,
        user0_.phone_num as phone_n13_10_,
        user0_.profile_image as profile14_10_,
        user0_.res_red_number as res_red15_10_,
        user0_.score as score16_10_ 
    from
        user user0_
Hibernate: 
    select
        roles0_.user_id as user_id1_11_0_,
        roles0_.roles as roles2_11_0_ 
    from
        user_roles roles0_ 
    where
        roles0_.user_id=?
Hibernate: 
    select
        roles0_.user_id as user_id1_11_0_,
        roles0_.roles as roles2_11_0_ 
    from
        user_roles roles0_ 
    where
        roles0_.user_id=?
Hibernate: 
    select
        roles0_.user_id as user_id1_11_0_,
        roles0_.roles as roles2_11_0_ 
    from
        user_roles roles0_ 
    where
        roles0_.user_id=?
Hibernate: 
    select
        roles0_.user_id as user_id1_11_0_,
        roles0_.roles as roles2_11_0_ 
    from
        user_roles roles0_ 
    where
        roles0_.user_id=?
Hibernate: 
    select
        roles0_.user_id as user_id1_11_0_,
        roles0_.roles as roles2_11_0_ 
    from
        user_roles roles0_ 
    where
        roles0_.user_id=?
Hibernate: 
    insert 
    into
        story_pin_like
        (created_at, updated_at, story_pin_id, user_id) 
    values
        (?, ?, ?, ?)
Hibernate: 
    insert 
    into
        story_pin_comment
        (created_at, updated_at, content, story_pin_id, user_id) 
    values
        (?, ?, ?, ?, ?)
Hibernate: 
    select
        user0_.id as id1_10_,
        user0_.created_at as created_2_10_,
        user0_.updated_at as updated_3_10_,
        user0_.age as age4_10_,
        user0_.background_image as backgrou5_10_,
        user0_.email as email6_10_,
        user0_.gender as gender7_10_,
        user0_.hobby as hobby8_10_,
        user0_.introduce as introduc9_10_,
        user0_.job as job10_10_,
        user0_.name as name11_10_,
        user0_.nick_name as nick_na12_10_,
        user0_.phone_num as phone_n13_10_,
        user0_.profile_image as profile14_10_,
        user0_.res_red_number as res_red15_10_,
        user0_.score as score16_10_ 
    from
        user user0_
Hibernate: 
    select
        roles0_.user_id as user_id1_11_0_,
        roles0_.roles as roles2_11_0_ 
    from
        user_roles roles0_ 
    where
        roles0_.user_id=?
Hibernate: 
    select
        roles0_.user_id as user_id1_11_0_,
        roles0_.roles as roles2_11_0_ 
    from
        user_roles roles0_ 
    where
        roles0_.user_id=?
Hibernate: 
    select
        roles0_.user_id as user_id1_11_0_,
        roles0_.roles as roles2_11_0_ 
    from
        user_roles roles0_ 
    where
        roles0_.user_id=?
Hibernate: 
    select
        roles0_.user_id as user_id1_11_0_,
        roles0_.roles as roles2_11_0_ 
    from
        user_roles roles0_ 
    where
        roles0_.user_id=?
Hibernate: 
    select
        roles0_.user_id as user_id1_11_0_,
        roles0_.roles as roles2_11_0_ 
    from
        user_roles roles0_ 
    where
        roles0_.user_id=?
Hibernate: 
    select
        user0_.id as id1_10_,
        user0_.created_at as created_2_10_,
        user0_.updated_at as updated_3_10_,
        user0_.age as age4_10_,
        user0_.background_image as backgrou5_10_,
        user0_.email as email6_10_,
        user0_.gender as gender7_10_,
        user0_.hobby as hobby8_10_,
        user0_.introduce as introduc9_10_,
        user0_.job as job10_10_,
        user0_.name as name11_10_,
        user0_.nick_name as nick_na12_10_,
        user0_.phone_num as phone_n13_10_,
        user0_.profile_image as profile14_10_,
        user0_.res_red_number as res_red15_10_,
        user0_.score as score16_10_ 
    from
        user user0_
Hibernate: 
    select
        roles0_.user_id as user_id1_11_0_,
        roles0_.roles as roles2_11_0_ 
    from
        user_roles roles0_ 
    where
        roles0_.user_id=?
Hibernate: 
    select
        roles0_.user_id as user_id1_11_0_,
        roles0_.roles as roles2_11_0_ 
    from
        user_roles roles0_ 
    where
        roles0_.user_id=?
Hibernate: 
    select
        roles0_.user_id as user_id1_11_0_,
        roles0_.roles as roles2_11_0_ 
    from
        user_roles roles0_ 
    where
        roles0_.user_id=?
Hibernate: 
    select
        roles0_.user_id as user_id1_11_0_,
        roles0_.roles as roles2_11_0_ 
    from
        user_roles roles0_ 
    where
        roles0_.user_id=?
Hibernate: 
    select
        roles0_.user_id as user_id1_11_0_,
        roles0_.roles as roles2_11_0_ 
    from
        user_roles roles0_ 
    where
        roles0_.user_id=?
Hibernate: 
    insert 
    into
        story_pin_like
        (created_at, updated_at, story_pin_id, user_id) 
    values
        (?, ?, ?, ?)
Hibernate: 
    insert 
    into
        story_pin_comment
        (created_at, updated_at, content, story_pin_id, user_id) 
    values
        (?, ?, ?, ?, ?)
Hibernate: 
    select
        user0_.id as id1_10_,
        user0_.created_at as created_2_10_,
        user0_.updated_at as updated_3_10_,
        user0_.age as age4_10_,
        user0_.background_image as backgrou5_10_,
        user0_.email as email6_10_,
        user0_.gender as gender7_10_,
        user0_.hobby as hobby8_10_,
        user0_.introduce as introduc9_10_,
        user0_.job as job10_10_,
        user0_.name as name11_10_,
        user0_.nick_name as nick_na12_10_,
        user0_.phone_num as phone_n13_10_,
        user0_.profile_image as profile14_10_,
        user0_.res_red_number as res_red15_10_,
        user0_.score as score16_10_ 
    from
        user user0_
Hibernate: 
    select
        roles0_.user_id as user_id1_11_0_,
        roles0_.roles as roles2_11_0_ 
    from
        user_roles roles0_ 
    where
        roles0_.user_id=?
Hibernate: 
    select
        roles0_.user_id as user_id1_11_0_,
        roles0_.roles as roles2_11_0_ 
    from
        user_roles roles0_ 
    where
        roles0_.user_id=?
Hibernate: 
    select
        roles0_.user_id as user_id1_11_0_,
        roles0_.roles as roles2_11_0_ 
    from
        user_roles roles0_ 
    where
        roles0_.user_id=?
Hibernate: 
    select
        roles0_.user_id as user_id1_11_0_,
        roles0_.roles as roles2_11_0_ 
    from
        user_roles roles0_ 
    where
        roles0_.user_id=?
Hibernate: 
    select
        roles0_.user_id as user_id1_11_0_,
        roles0_.roles as roles2_11_0_ 
    from
        user_roles roles0_ 
    where
        roles0_.user_id=?
Hibernate: 
    select
        user0_.id as id1_10_,
        user0_.created_at as created_2_10_,
        user0_.updated_at as updated_3_10_,
        user0_.age as age4_10_,
        user0_.background_image as backgrou5_10_,
        user0_.email as email6_10_,
        user0_.gender as gender7_10_,
        user0_.hobby as hobby8_10_,
        user0_.introduce as introduc9_10_,
        user0_.job as job10_10_,
        user0_.name as name11_10_,
        user0_.nick_name as nick_na12_10_,
        user0_.phone_num as phone_n13_10_,
        user0_.profile_image as profile14_10_,
        user0_.res_red_number as res_red15_10_,
        user0_.score as score16_10_ 
    from
        user user0_
Hibernate: 
    select
        roles0_.user_id as user_id1_11_0_,
        roles0_.roles as roles2_11_0_ 
    from
        user_roles roles0_ 
    where
        roles0_.user_id=?
Hibernate: 
    select
        roles0_.user_id as user_id1_11_0_,
        roles0_.roles as roles2_11_0_ 
    from
        user_roles roles0_ 
    where
        roles0_.user_id=?
Hibernate: 
    select
        roles0_.user_id as user_id1_11_0_,
        roles0_.roles as roles2_11_0_ 
    from
        user_roles roles0_ 
    where
        roles0_.user_id=?
Hibernate: 
    select
        roles0_.user_id as user_id1_11_0_,
        roles0_.roles as roles2_11_0_ 
    from
        user_roles roles0_ 
    where
        roles0_.user_id=?
Hibernate: 
    select
        roles0_.user_id as user_id1_11_0_,
        roles0_.roles as roles2_11_0_ 
    from
        user_roles roles0_ 
    where
        roles0_.user_id=?
Hibernate: 
    insert 
    into
        story_pin_like
        (created_at, updated_at, story_pin_id, user_id) 
    values
        (?, ?, ?, ?)
Hibernate: 
    insert 
    into
        story_pin_comment
        (created_at, updated_at, content, story_pin_id, user_id) 
    values
        (?, ?, ?, ?, ?)
Hibernate: 
    select
        user0_.id as id1_10_,
        user0_.created_at as created_2_10_,
        user0_.updated_at as updated_3_10_,
        user0_.age as age4_10_,
        user0_.background_image as backgrou5_10_,
        user0_.email as email6_10_,
        user0_.gender as gender7_10_,
        user0_.hobby as hobby8_10_,
        user0_.introduce as introduc9_10_,
        user0_.job as job10_10_,
        user0_.name as name11_10_,
        user0_.nick_name as nick_na12_10_,
        user0_.phone_num as phone_n13_10_,
        user0_.profile_image as profile14_10_,
        user0_.res_red_number as res_red15_10_,
        user0_.score as score16_10_ 
    from
        user user0_
Hibernate: 
    select
        roles0_.user_id as user_id1_11_0_,
        roles0_.roles as roles2_11_0_ 
    from
        user_roles roles0_ 
    where
        roles0_.user_id=?
Hibernate: 
    select
        roles0_.user_id as user_id1_11_0_,
        roles0_.roles as roles2_11_0_ 
    from
        user_roles roles0_ 
    where
        roles0_.user_id=?
Hibernate: 
    select
        roles0_.user_id as user_id1_11_0_,
        roles0_.roles as roles2_11_0_ 
    from
        user_roles roles0_ 
    where
        roles0_.user_id=?
Hibernate: 
    select
        roles0_.user_id as user_id1_11_0_,
        roles0_.roles as roles2_11_0_ 
    from
        user_roles roles0_ 
    where
        roles0_.user_id=?
Hibernate: 
    select
        roles0_.user_id as user_id1_11_0_,
        roles0_.roles as roles2_11_0_ 
    from
        user_roles roles0_ 
    where
        roles0_.user_id=?
Hibernate: 
    select
        user0_.id as id1_10_,
        user0_.created_at as created_2_10_,
        user0_.updated_at as updated_3_10_,
        user0_.age as age4_10_,
        user0_.background_image as backgrou5_10_,
        user0_.email as email6_10_,
        user0_.gender as gender7_10_,
        user0_.hobby as hobby8_10_,
        user0_.introduce as introduc9_10_,
        user0_.job as job10_10_,
        user0_.name as name11_10_,
        user0_.nick_name as nick_na12_10_,
        user0_.phone_num as phone_n13_10_,
        user0_.profile_image as profile14_10_,
        user0_.res_red_number as res_red15_10_,
        user0_.score as score16_10_ 
    from
        user user0_
Hibernate: 
    select
        roles0_.user_id as user_id1_11_0_,
        roles0_.roles as roles2_11_0_ 
    from
        user_roles roles0_ 
    where
        roles0_.user_id=?
Hibernate: 
    select
        roles0_.user_id as user_id1_11_0_,
        roles0_.roles as roles2_11_0_ 
    from
        user_roles roles0_ 
    where
        roles0_.user_id=?
Hibernate: 
    select
        roles0_.user_id as user_id1_11_0_,
        roles0_.roles as roles2_11_0_ 
    from
        user_roles roles0_ 
    where
        roles0_.user_id=?
Hibernate: 
    select
        roles0_.user_id as user_id1_11_0_,
        roles0_.roles as roles2_11_0_ 
    from
        user_roles roles0_ 
    where
        roles0_.user_id=?
Hibernate: 
    select
        roles0_.user_id as user_id1_11_0_,
        roles0_.roles as roles2_11_0_ 
    from
        user_roles roles0_ 
    where
        roles0_.user_id=?
Hibernate: 
    insert 
    into
        story_pin_like
        (created_at, updated_at, story_pin_id, user_id) 
    values
        (?, ?, ?, ?)
Hibernate: 
    insert 
    into
        story_pin_comment
        (created_at, updated_at, content, story_pin_id, user_id) 
    values
        (?, ?, ?, ?, ?)
Hibernate: 
    select
        user0_.id as id1_10_,
        user0_.created_at as created_2_10_,
        user0_.updated_at as updated_3_10_,
        user0_.age as age4_10_,
        user0_.background_image as backgrou5_10_,
        user0_.email as email6_10_,
        user0_.gender as gender7_10_,
        user0_.hobby as hobby8_10_,
        user0_.introduce as introduc9_10_,
        user0_.job as job10_10_,
        user0_.name as name11_10_,
        user0_.nick_name as nick_na12_10_,
        user0_.phone_num as phone_n13_10_,
        user0_.profile_image as profile14_10_,
        user0_.res_red_number as res_red15_10_,
        user0_.score as score16_10_ 
    from
        user user0_
Hibernate: 
    select
        roles0_.user_id as user_id1_11_0_,
        roles0_.roles as roles2_11_0_ 
    from
        user_roles roles0_ 
    where
        roles0_.user_id=?
Hibernate: 
    select
        roles0_.user_id as user_id1_11_0_,
        roles0_.roles as roles2_11_0_ 
    from
        user_roles roles0_ 
    where
        roles0_.user_id=?
Hibernate: 
    select
        roles0_.user_id as user_id1_11_0_,
        roles0_.roles as roles2_11_0_ 
    from
        user_roles roles0_ 
    where
        roles0_.user_id=?
Hibernate: 
    select
        roles0_.user_id as user_id1_11_0_,
        roles0_.roles as roles2_11_0_ 
    from
        user_roles roles0_ 
    where
        roles0_.user_id=?
Hibernate: 
    select
        roles0_.user_id as user_id1_11_0_,
        roles0_.roles as roles2_11_0_ 
    from
        user_roles roles0_ 
    where
        roles0_.user_id=?
Hibernate: 
    select
        user0_.id as id1_10_,
        user0_.created_at as created_2_10_,
        user0_.updated_at as updated_3_10_,
        user0_.age as age4_10_,
        user0_.background_image as backgrou5_10_,
        user0_.email as email6_10_,
        user0_.gender as gender7_10_,
        user0_.hobby as hobby8_10_,
        user0_.introduce as introduc9_10_,
        user0_.job as job10_10_,
        user0_.name as name11_10_,
        user0_.nick_name as nick_na12_10_,
        user0_.phone_num as phone_n13_10_,
        user0_.profile_image as profile14_10_,
        user0_.res_red_number as res_red15_10_,
        user0_.score as score16_10_ 
    from
        user user0_
Hibernate: 
    select
        roles0_.user_id as user_id1_11_0_,
        roles0_.roles as roles2_11_0_ 
    from
        user_roles roles0_ 
    where
        roles0_.user_id=?
Hibernate: 
    select
        roles0_.user_id as user_id1_11_0_,
        roles0_.roles as roles2_11_0_ 
    from
        user_roles roles0_ 
    where
        roles0_.user_id=?
Hibernate: 
    select
        roles0_.user_id as user_id1_11_0_,
        roles0_.roles as roles2_11_0_ 
    from
        user_roles roles0_ 
    where
        roles0_.user_id=?
Hibernate: 
    select
        roles0_.user_id as user_id1_11_0_,
        roles0_.roles as roles2_11_0_ 
    from
        user_roles roles0_ 
    where
        roles0_.user_id=?
Hibernate: 
    select
        roles0_.user_id as user_id1_11_0_,
        roles0_.roles as roles2_11_0_ 
    from
        user_roles roles0_ 
    where
        roles0_.user_id=?
Hibernate: 
    insert 
    into
        story_pin_like
        (created_at, updated_at, story_pin_id, user_id) 
    values
        (?, ?, ?, ?)
Hibernate: 
    insert 
    into
        story_pin_comment
        (created_at, updated_at, content, story_pin_id, user_id) 
    values
        (?, ?, ?, ?, ?)
Hibernate: 
    select
        user0_.id as id1_10_,
        user0_.created_at as created_2_10_,
        user0_.updated_at as updated_3_10_,
        user0_.age as age4_10_,
        user0_.background_image as backgrou5_10_,
        user0_.email as email6_10_,
        user0_.gender as gender7_10_,
        user0_.hobby as hobby8_10_,
        user0_.introduce as introduc9_10_,
        user0_.job as job10_10_,
        user0_.name as name11_10_,
        user0_.nick_name as nick_na12_10_,
        user0_.phone_num as phone_n13_10_,
        user0_.profile_image as profile14_10_,
        user0_.res_red_number as res_red15_10_,
        user0_.score as score16_10_ 
    from
        user user0_
Hibernate: 
    select
        roles0_.user_id as user_id1_11_0_,
        roles0_.roles as roles2_11_0_ 
    from
        user_roles roles0_ 
    where
        roles0_.user_id=?
Hibernate: 
    select
        roles0_.user_id as user_id1_11_0_,
        roles0_.roles as roles2_11_0_ 
    from
        user_roles roles0_ 
    where
        roles0_.user_id=?
Hibernate: 
    select
        roles0_.user_id as user_id1_11_0_,
        roles0_.roles as roles2_11_0_ 
    from
        user_roles roles0_ 
    where
        roles0_.user_id=?
Hibernate: 
    select
        roles0_.user_id as user_id1_11_0_,
        roles0_.roles as roles2_11_0_ 
    from
        user_roles roles0_ 
    where
        roles0_.user_id=?
Hibernate: 
    select
        roles0_.user_id as user_id1_11_0_,
        roles0_.roles as roles2_11_0_ 
    from
        user_roles roles0_ 
    where
        roles0_.user_id=?
Hibernate: 
    select
        user0_.id as id1_10_,
        user0_.created_at as created_2_10_,
        user0_.updated_at as updated_3_10_,
        user0_.age as age4_10_,
        user0_.background_image as backgrou5_10_,
        user0_.email as email6_10_,
        user0_.gender as gender7_10_,
        user0_.hobby as hobby8_10_,
        user0_.introduce as introduc9_10_,
        user0_.job as job10_10_,
        user0_.name as name11_10_,
        user0_.nick_name as nick_na12_10_,
        user0_.phone_num as phone_n13_10_,
        user0_.profile_image as profile14_10_,
        user0_.res_red_number as res_red15_10_,
        user0_.score as score16_10_ 
    from
        user user0_
Hibernate: 
    select
        roles0_.user_id as user_id1_11_0_,
        roles0_.roles as roles2_11_0_ 
    from
        user_roles roles0_ 
    where
        roles0_.user_id=?
Hibernate: 
    select
        roles0_.user_id as user_id1_11_0_,
        roles0_.roles as roles2_11_0_ 
    from
        user_roles roles0_ 
    where
        roles0_.user_id=?
Hibernate: 
    select
        roles0_.user_id as user_id1_11_0_,
        roles0_.roles as roles2_11_0_ 
    from
        user_roles roles0_ 
    where
        roles0_.user_id=?
Hibernate: 
    select
        roles0_.user_id as user_id1_11_0_,
        roles0_.roles as roles2_11_0_ 
    from
        user_roles roles0_ 
    where
        roles0_.user_id=?
Hibernate: 
    select
        roles0_.user_id as user_id1_11_0_,
        roles0_.roles as roles2_11_0_ 
    from
        user_roles roles0_ 
    where
        roles0_.user_id=?
Hibernate: 
    insert 
    into
        story_pin_like
        (created_at, updated_at, story_pin_id, user_id) 
    values
        (?, ?, ?, ?)
Hibernate: 
    insert 
    into
        story_pin_comment
        (created_at, updated_at, content, story_pin_id, user_id) 
    values
        (?, ?, ?, ?, ?)
Hibernate: 
    select
        user0_.id as id1_10_,
        user0_.created_at as created_2_10_,
        user0_.updated_at as updated_3_10_,
        user0_.age as age4_10_,
        user0_.background_image as backgrou5_10_,
        user0_.email as email6_10_,
        user0_.gender as gender7_10_,
        user0_.hobby as hobby8_10_,
        user0_.introduce as introduc9_10_,
        user0_.job as job10_10_,
        user0_.name as name11_10_,
        user0_.nick_name as nick_na12_10_,
        user0_.phone_num as phone_n13_10_,
        user0_.profile_image as profile14_10_,
        user0_.res_red_number as res_red15_10_,
        user0_.score as score16_10_ 
    from
        user user0_
Hibernate: 
    select
        roles0_.user_id as user_id1_11_0_,
        roles0_.roles as roles2_11_0_ 
    from
        user_roles roles0_ 
    where
        roles0_.user_id=?
Hibernate: 
    select
        roles0_.user_id as user_id1_11_0_,
        roles0_.roles as roles2_11_0_ 
    from
        user_roles roles0_ 
    where
        roles0_.user_id=?
Hibernate: 
    select
        roles0_.user_id as user_id1_11_0_,
        roles0_.roles as roles2_11_0_ 
    from
        user_roles roles0_ 
    where
        roles0_.user_id=?
Hibernate: 
    select
        roles0_.user_id as user_id1_11_0_,
        roles0_.roles as roles2_11_0_ 
    from
        user_roles roles0_ 
    where
        roles0_.user_id=?
Hibernate: 
    select
        roles0_.user_id as user_id1_11_0_,
        roles0_.roles as roles2_11_0_ 
    from
        user_roles roles0_ 
    where
        roles0_.user_id=?
Hibernate: 
    select
        user0_.id as id1_10_,
        user0_.created_at as created_2_10_,
        user0_.updated_at as updated_3_10_,
        user0_.age as age4_10_,
        user0_.background_image as backgrou5_10_,
        user0_.email as email6_10_,
        user0_.gender as gender7_10_,
        user0_.hobby as hobby8_10_,
        user0_.introduce as introduc9_10_,
        user0_.job as job10_10_,
        user0_.name as name11_10_,
        user0_.nick_name as nick_na12_10_,
        user0_.phone_num as phone_n13_10_,
        user0_.profile_image as profile14_10_,
        user0_.res_red_number as res_red15_10_,
        user0_.score as score16_10_ 
    from
        user user0_
Hibernate: 
    select
        roles0_.user_id as user_id1_11_0_,
        roles0_.roles as roles2_11_0_ 
    from
        user_roles roles0_ 
    where
        roles0_.user_id=?
Hibernate: 
    select
        roles0_.user_id as user_id1_11_0_,
        roles0_.roles as roles2_11_0_ 
    from
        user_roles roles0_ 
    where
        roles0_.user_id=?
Hibernate: 
    select
        roles0_.user_id as user_id1_11_0_,
        roles0_.roles as roles2_11_0_ 
    from
        user_roles roles0_ 
    where
        roles0_.user_id=?
Hibernate: 
    select
        roles0_.user_id as user_id1_11_0_,
        roles0_.roles as roles2_11_0_ 
    from
        user_roles roles0_ 
    where
        roles0_.user_id=?
Hibernate: 
    select
        roles0_.user_id as user_id1_11_0_,
        roles0_.roles as roles2_11_0_ 
    from
        user_roles roles0_ 
    where
        roles0_.user_id=?
Hibernate: 
    insert 
    into
        story_pin_like
        (created_at, updated_at, story_pin_id, user_id) 
    values
        (?, ?, ?, ?)
Hibernate: 
    insert 
    into
        story_pin_comment
        (created_at, updated_at, content, story_pin_id, user_id) 
    values
        (?, ?, ?, ?, ?)
Hibernate: 
    select
        user0_.id as id1_10_,
        user0_.created_at as created_2_10_,
        user0_.updated_at as updated_3_10_,
        user0_.age as age4_10_,
        user0_.background_image as backgrou5_10_,
        user0_.email as email6_10_,
        user0_.gender as gender7_10_,
        user0_.hobby as hobby8_10_,
        user0_.introduce as introduc9_10_,
        user0_.job as job10_10_,
        user0_.name as name11_10_,
        user0_.nick_name as nick_na12_10_,
        user0_.phone_num as phone_n13_10_,
        user0_.profile_image as profile14_10_,
        user0_.res_red_number as res_red15_10_,
        user0_.score as score16_10_ 
    from
        user user0_
Hibernate: 
    select
        roles0_.user_id as user_id1_11_0_,
        roles0_.roles as roles2_11_0_ 
    from
        user_roles roles0_ 
    where
        roles0_.user_id=?
Hibernate: 
    select
        roles0_.user_id as user_id1_11_0_,
        roles0_.roles as roles2_11_0_ 
    from
        user_roles roles0_ 
    where
        roles0_.user_id=?
Hibernate: 
    select
        roles0_.user_id as user_id1_11_0_,
        roles0_.roles as roles2_11_0_ 
    from
        user_roles roles0_ 
    where
        roles0_.user_id=?
Hibernate: 
    select
        roles0_.user_id as user_id1_11_0_,
        roles0_.roles as roles2_11_0_ 
    from
        user_roles roles0_ 
    where
        roles0_.user_id=?
Hibernate: 
    select
        roles0_.user_id as user_id1_11_0_,
        roles0_.roles as roles2_11_0_ 
    from
        user_roles roles0_ 
    where
        roles0_.user_id=?
Hibernate: 
    select
        user0_.id as id1_10_,
        user0_.created_at as created_2_10_,
        user0_.updated_at as updated_3_10_,
        user0_.age as age4_10_,
        user0_.background_image as backgrou5_10_,
        user0_.email as email6_10_,
        user0_.gender as gender7_10_,
        user0_.hobby as hobby8_10_,
        user0_.introduce as introduc9_10_,
        user0_.job as job10_10_,
        user0_.name as name11_10_,
        user0_.nick_name as nick_na12_10_,
        user0_.phone_num as phone_n13_10_,
        user0_.profile_image as profile14_10_,
        user0_.res_red_number as res_red15_10_,
        user0_.score as score16_10_ 
    from
        user user0_
Hibernate: 
    select
        roles0_.user_id as user_id1_11_0_,
        roles0_.roles as roles2_11_0_ 
    from
        user_roles roles0_ 
    where
        roles0_.user_id=?
Hibernate: 
    select
        roles0_.user_id as user_id1_11_0_,
        roles0_.roles as roles2_11_0_ 
    from
        user_roles roles0_ 
    where
        roles0_.user_id=?
Hibernate: 
    select
        roles0_.user_id as user_id1_11_0_,
        roles0_.roles as roles2_11_0_ 
    from
        user_roles roles0_ 
    where
        roles0_.user_id=?
Hibernate: 
    select
        roles0_.user_id as user_id1_11_0_,
        roles0_.roles as roles2_11_0_ 
    from
        user_roles roles0_ 
    where
        roles0_.user_id=?
Hibernate: 
    select
        roles0_.user_id as user_id1_11_0_,
        roles0_.roles as roles2_11_0_ 
    from
        user_roles roles0_ 
    where
        roles0_.user_id=?
Hibernate: 
    insert 
    into
        story_pin_like
        (created_at, updated_at, story_pin_id, user_id) 
    values
        (?, ?, ?, ?)
Hibernate: 
    insert 
    into
        story_pin_comment
        (created_at, updated_at, content, story_pin_id, user_id) 
    values
        (?, ?, ?, ?, ?)
Hibernate: 
    select
        user0_.id as id1_10_,
        user0_.created_at as created_2_10_,
        user0_.updated_at as updated_3_10_,
        user0_.age as age4_10_,
        user0_.background_image as backgrou5_10_,
        user0_.email as email6_10_,
        user0_.gender as gender7_10_,
        user0_.hobby as hobby8_10_,
        user0_.introduce as introduc9_10_,
        user0_.job as job10_10_,
        user0_.name as name11_10_,
        user0_.nick_name as nick_na12_10_,
        user0_.phone_num as phone_n13_10_,
        user0_.profile_image as profile14_10_,
        user0_.res_red_number as res_red15_10_,
        user0_.score as score16_10_ 
    from
        user user0_
Hibernate: 
    select
        roles0_.user_id as user_id1_11_0_,
        roles0_.roles as roles2_11_0_ 
    from
        user_roles roles0_ 
    where
        roles0_.user_id=?
Hibernate: 
    select
        roles0_.user_id as user_id1_11_0_,
        roles0_.roles as roles2_11_0_ 
    from
        user_roles roles0_ 
    where
        roles0_.user_id=?
Hibernate: 
    select
        roles0_.user_id as user_id1_11_0_,
        roles0_.roles as roles2_11_0_ 
    from
        user_roles roles0_ 
    where
        roles0_.user_id=?
Hibernate: 
    select
        roles0_.user_id as user_id1_11_0_,
        roles0_.roles as roles2_11_0_ 
    from
        user_roles roles0_ 
    where
        roles0_.user_id=?
Hibernate: 
    select
        roles0_.user_id as user_id1_11_0_,
        roles0_.roles as roles2_11_0_ 
    from
        user_roles roles0_ 
    where
        roles0_.user_id=?
Hibernate: 
    select
        user0_.id as id1_10_,
        user0_.created_at as created_2_10_,
        user0_.updated_at as updated_3_10_,
        user0_.age as age4_10_,
        user0_.background_image as backgrou5_10_,
        user0_.email as email6_10_,
        user0_.gender as gender7_10_,
        user0_.hobby as hobby8_10_,
        user0_.introduce as introduc9_10_,
        user0_.job as job10_10_,
        user0_.name as name11_10_,
        user0_.nick_name as nick_na12_10_,
        user0_.phone_num as phone_n13_10_,
        user0_.profile_image as profile14_10_,
        user0_.res_red_number as res_red15_10_,
        user0_.score as score16_10_ 
    from
        user user0_
Hibernate: 
    select
        roles0_.user_id as user_id1_11_0_,
        roles0_.roles as roles2_11_0_ 
    from
        user_roles roles0_ 
    where
        roles0_.user_id=?
Hibernate: 
    select
        roles0_.user_id as user_id1_11_0_,
        roles0_.roles as roles2_11_0_ 
    from
        user_roles roles0_ 
    where
        roles0_.user_id=?
Hibernate: 
    select
        roles0_.user_id as user_id1_11_0_,
        roles0_.roles as roles2_11_0_ 
    from
        user_roles roles0_ 
    where
        roles0_.user_id=?
Hibernate: 
    select
        roles0_.user_id as user_id1_11_0_,
        roles0_.roles as roles2_11_0_ 
    from
        user_roles roles0_ 
    where
        roles0_.user_id=?
Hibernate: 
    select
        roles0_.user_id as user_id1_11_0_,
        roles0_.roles as roles2_11_0_ 
    from
        user_roles roles0_ 
    where
        roles0_.user_id=?
Hibernate: 
    insert 
    into
        story_pin_like
        (created_at, updated_at, story_pin_id, user_id) 
    values
        (?, ?, ?, ?)
Hibernate: 
    insert 
    into
        story_pin_comment
        (created_at, updated_at, content, story_pin_id, user_id) 
    values
        (?, ?, ?, ?, ?)
Hibernate: 
    select
        user0_.id as id1_10_,
        user0_.created_at as created_2_10_,
        user0_.updated_at as updated_3_10_,
        user0_.age as age4_10_,
        user0_.background_image as backgrou5_10_,
        user0_.email as email6_10_,
        user0_.gender as gender7_10_,
        user0_.hobby as hobby8_10_,
        user0_.introduce as introduc9_10_,
        user0_.job as job10_10_,
        user0_.name as name11_10_,
        user0_.nick_name as nick_na12_10_,
        user0_.phone_num as phone_n13_10_,
        user0_.profile_image as profile14_10_,
        user0_.res_red_number as res_red15_10_,
        user0_.score as score16_10_ 
    from
        user user0_
Hibernate: 
    select
        roles0_.user_id as user_id1_11_0_,
        roles0_.roles as roles2_11_0_ 
    from
        user_roles roles0_ 
    where
        roles0_.user_id=?
Hibernate: 
    select
        roles0_.user_id as user_id1_11_0_,
        roles0_.roles as roles2_11_0_ 
    from
        user_roles roles0_ 
    where
        roles0_.user_id=?
Hibernate: 
    select
        roles0_.user_id as user_id1_11_0_,
        roles0_.roles as roles2_11_0_ 
    from
        user_roles roles0_ 
    where
        roles0_.user_id=?
Hibernate: 
    select
        roles0_.user_id as user_id1_11_0_,
        roles0_.roles as roles2_11_0_ 
    from
        user_roles roles0_ 
    where
        roles0_.user_id=?
Hibernate: 
    select
        roles0_.user_id as user_id1_11_0_,
        roles0_.roles as roles2_11_0_ 
    from
        user_roles roles0_ 
    where
        roles0_.user_id=?
Hibernate: 
    select
        user0_.id as id1_10_,
        user0_.created_at as created_2_10_,
        user0_.updated_at as updated_3_10_,
        user0_.age as age4_10_,
        user0_.background_image as backgrou5_10_,
        user0_.email as email6_10_,
        user0_.gender as gender7_10_,
        user0_.hobby as hobby8_10_,
        user0_.introduce as introduc9_10_,
        user0_.job as job10_10_,
        user0_.name as name11_10_,
        user0_.nick_name as nick_na12_10_,
        user0_.phone_num as phone_n13_10_,
        user0_.profile_image as profile14_10_,
        user0_.res_red_number as res_red15_10_,
        user0_.score as score16_10_ 
    from
        user user0_
Hibernate: 
    select
        roles0_.user_id as user_id1_11_0_,
        roles0_.roles as roles2_11_0_ 
    from
        user_roles roles0_ 
    where
        roles0_.user_id=?
Hibernate: 
    select
        roles0_.user_id as user_id1_11_0_,
        roles0_.roles as roles2_11_0_ 
    from
        user_roles roles0_ 
    where
        roles0_.user_id=?
Hibernate: 
    select
        roles0_.user_id as user_id1_11_0_,
        roles0_.roles as roles2_11_0_ 
    from
        user_roles roles0_ 
    where
        roles0_.user_id=?
Hibernate: 
    select
        roles0_.user_id as user_id1_11_0_,
        roles0_.roles as roles2_11_0_ 
    from
        user_roles roles0_ 
    where
        roles0_.user_id=?
Hibernate: 
    select
        roles0_.user_id as user_id1_11_0_,
        roles0_.roles as roles2_11_0_ 
    from
        user_roles roles0_ 
    where
        roles0_.user_id=?
Hibernate: 
    insert 
    into
        story_pin_like
        (created_at, updated_at, story_pin_id, user_id) 
    values
        (?, ?, ?, ?)
Hibernate: 
    insert 
    into
        story_pin_comment
        (created_at, updated_at, content, story_pin_id, user_id) 
    values
        (?, ?, ?, ?, ?)
Hibernate: 
    select
        user0_.id as id1_10_,
        user0_.created_at as created_2_10_,
        user0_.updated_at as updated_3_10_,
        user0_.age as age4_10_,
        user0_.background_image as backgrou5_10_,
        user0_.email as email6_10_,
        user0_.gender as gender7_10_,
        user0_.hobby as hobby8_10_,
        user0_.introduce as introduc9_10_,
        user0_.job as job10_10_,
        user0_.name as name11_10_,
        user0_.nick_name as nick_na12_10_,
        user0_.phone_num as phone_n13_10_,
        user0_.profile_image as profile14_10_,
        user0_.res_red_number as res_red15_10_,
        user0_.score as score16_10_ 
    from
        user user0_
Hibernate: 
    select
        roles0_.user_id as user_id1_11_0_,
        roles0_.roles as roles2_11_0_ 
    from
        user_roles roles0_ 
    where
        roles0_.user_id=?
Hibernate: 
    select
        roles0_.user_id as user_id1_11_0_,
        roles0_.roles as roles2_11_0_ 
    from
        user_roles roles0_ 
    where
        roles0_.user_id=?
Hibernate: 
    select
        roles0_.user_id as user_id1_11_0_,
        roles0_.roles as roles2_11_0_ 
    from
        user_roles roles0_ 
    where
        roles0_.user_id=?
Hibernate: 
    select
        roles0_.user_id as user_id1_11_0_,
        roles0_.roles as roles2_11_0_ 
    from
        user_roles roles0_ 
    where
        roles0_.user_id=?
Hibernate: 
    select
        roles0_.user_id as user_id1_11_0_,
        roles0_.roles as roles2_11_0_ 
    from
        user_roles roles0_ 
    where
        roles0_.user_id=?
Hibernate: 
    select
        user0_.id as id1_10_,
        user0_.created_at as created_2_10_,
        user0_.updated_at as updated_3_10_,
        user0_.age as age4_10_,
        user0_.background_image as backgrou5_10_,
        user0_.email as email6_10_,
        user0_.gender as gender7_10_,
        user0_.hobby as hobby8_10_,
        user0_.introduce as introduc9_10_,
        user0_.job as job10_10_,
        user0_.name as name11_10_,
        user0_.nick_name as nick_na12_10_,
        user0_.phone_num as phone_n13_10_,
        user0_.profile_image as profile14_10_,
        user0_.res_red_number as res_red15_10_,
        user0_.score as score16_10_ 
    from
        user user0_
Hibernate: 
    select
        roles0_.user_id as user_id1_11_0_,
        roles0_.roles as roles2_11_0_ 
    from
        user_roles roles0_ 
    where
        roles0_.user_id=?
Hibernate: 
    select
        roles0_.user_id as user_id1_11_0_,
        roles0_.roles as roles2_11_0_ 
    from
        user_roles roles0_ 
    where
        roles0_.user_id=?
Hibernate: 
    select
        roles0_.user_id as user_id1_11_0_,
        roles0_.roles as roles2_11_0_ 
    from
        user_roles roles0_ 
    where
        roles0_.user_id=?
Hibernate: 
    select
        roles0_.user_id as user_id1_11_0_,
        roles0_.roles as roles2_11_0_ 
    from
        user_roles roles0_ 
    where
        roles0_.user_id=?
Hibernate: 
    select
        roles0_.user_id as user_id1_11_0_,
        roles0_.roles as roles2_11_0_ 
    from
        user_roles roles0_ 
    where
        roles0_.user_id=?
Hibernate: 
    insert 
    into
        story_pin_like
        (created_at, updated_at, story_pin_id, user_id) 
    values
        (?, ?, ?, ?)
Hibernate: 
    insert 
    into
        story_pin_comment
        (created_at, updated_at, content, story_pin_id, user_id) 
    values
        (?, ?, ?, ?, ?)
Hibernate: 
    select
        user0_.id as id1_10_,
        user0_.created_at as created_2_10_,
        user0_.updated_at as updated_3_10_,
        user0_.age as age4_10_,
        user0_.background_image as backgrou5_10_,
        user0_.email as email6_10_,
        user0_.gender as gender7_10_,
        user0_.hobby as hobby8_10_,
        user0_.introduce as introduc9_10_,
        user0_.job as job10_10_,
        user0_.name as name11_10_,
        user0_.nick_name as nick_na12_10_,
        user0_.phone_num as phone_n13_10_,
        user0_.profile_image as profile14_10_,
        user0_.res_red_number as res_red15_10_,
        user0_.score as score16_10_ 
    from
        user user0_
Hibernate: 
    select
        roles0_.user_id as user_id1_11_0_,
        roles0_.roles as roles2_11_0_ 
    from
        user_roles roles0_ 
    where
        roles0_.user_id=?
Hibernate: 
    select
        roles0_.user_id as user_id1_11_0_,
        roles0_.roles as roles2_11_0_ 
    from
        user_roles roles0_ 
    where
        roles0_.user_id=?
Hibernate: 
    select
        roles0_.user_id as user_id1_11_0_,
        roles0_.roles as roles2_11_0_ 
    from
        user_roles roles0_ 
    where
        roles0_.user_id=?
Hibernate: 
    select
        roles0_.user_id as user_id1_11_0_,
        roles0_.roles as roles2_11_0_ 
    from
        user_roles roles0_ 
    where
        roles0_.user_id=?
Hibernate: 
    select
        roles0_.user_id as user_id1_11_0_,
        roles0_.roles as roles2_11_0_ 
    from
        user_roles roles0_ 
    where
        roles0_.user_id=?
Hibernate: 
    select
        user0_.id as id1_10_,
        user0_.created_at as created_2_10_,
        user0_.updated_at as updated_3_10_,
        user0_.age as age4_10_,
        user0_.background_image as backgrou5_10_,
        user0_.email as email6_10_,
        user0_.gender as gender7_10_,
        user0_.hobby as hobby8_10_,
        user0_.introduce as introduc9_10_,
        user0_.job as job10_10_,
        user0_.name as name11_10_,
        user0_.nick_name as nick_na12_10_,
        user0_.phone_num as phone_n13_10_,
        user0_.profile_image as profile14_10_,
        user0_.res_red_number as res_red15_10_,
        user0_.score as score16_10_ 
    from
        user user0_
Hibernate: 
    select
        roles0_.user_id as user_id1_11_0_,
        roles0_.roles as roles2_11_0_ 
    from
        user_roles roles0_ 
    where
        roles0_.user_id=?
Hibernate: 
    select
        roles0_.user_id as user_id1_11_0_,
        roles0_.roles as roles2_11_0_ 
    from
        user_roles roles0_ 
    where
        roles0_.user_id=?
Hibernate: 
    select
        roles0_.user_id as user_id1_11_0_,
        roles0_.roles as roles2_11_0_ 
    from
        user_roles roles0_ 
    where
        roles0_.user_id=?
Hibernate: 
    select
        roles0_.user_id as user_id1_11_0_,
        roles0_.roles as roles2_11_0_ 
    from
        user_roles roles0_ 
    where
        roles0_.user_id=?
Hibernate: 
    select
        roles0_.user_id as user_id1_11_0_,
        roles0_.roles as roles2_11_0_ 
    from
        user_roles roles0_ 
    where
        roles0_.user_id=?
Hibernate: 
    insert 
    into
        story_pin_like
        (created_at, updated_at, story_pin_id, user_id) 
    values
        (?, ?, ?, ?)
Hibernate: 
    insert 
    into
        story_pin_comment
        (created_at, updated_at, content, story_pin_id, user_id) 
    values
        (?, ?, ?, ?, ?)
Hibernate: 
    select
        user0_.id as id1_10_,
        user0_.created_at as created_2_10_,
        user0_.updated_at as updated_3_10_,
        user0_.age as age4_10_,
        user0_.background_image as backgrou5_10_,
        user0_.email as email6_10_,
        user0_.gender as gender7_10_,
        user0_.hobby as hobby8_10_,
        user0_.introduce as introduc9_10_,
        user0_.job as job10_10_,
        user0_.name as name11_10_,
        user0_.nick_name as nick_na12_10_,
        user0_.phone_num as phone_n13_10_,
        user0_.profile_image as profile14_10_,
        user0_.res_red_number as res_red15_10_,
        user0_.score as score16_10_ 
    from
        user user0_
Hibernate: 
    select
        roles0_.user_id as user_id1_11_0_,
        roles0_.roles as roles2_11_0_ 
    from
        user_roles roles0_ 
    where
        roles0_.user_id=?
Hibernate: 
    select
        roles0_.user_id as user_id1_11_0_,
        roles0_.roles as roles2_11_0_ 
    from
        user_roles roles0_ 
    where
        roles0_.user_id=?
Hibernate: 
    select
        roles0_.user_id as user_id1_11_0_,
        roles0_.roles as roles2_11_0_ 
    from
        user_roles roles0_ 
    where
        roles0_.user_id=?
Hibernate: 
    select
        roles0_.user_id as user_id1_11_0_,
        roles0_.roles as roles2_11_0_ 
    from
        user_roles roles0_ 
    where
        roles0_.user_id=?
Hibernate: 
    select
        roles0_.user_id as user_id1_11_0_,
        roles0_.roles as roles2_11_0_ 
    from
        user_roles roles0_ 
    where
        roles0_.user_id=?
Hibernate: 
    select
        user0_.id as id1_10_,
        user0_.created_at as created_2_10_,
        user0_.updated_at as updated_3_10_,
        user0_.age as age4_10_,
        user0_.background_image as backgrou5_10_,
        user0_.email as email6_10_,
        user0_.gender as gender7_10_,
        user0_.hobby as hobby8_10_,
        user0_.introduce as introduc9_10_,
        user0_.job as job10_10_,
        user0_.name as name11_10_,
        user0_.nick_name as nick_na12_10_,
        user0_.phone_num as phone_n13_10_,
        user0_.profile_image as profile14_10_,
        user0_.res_red_number as res_red15_10_,
        user0_.score as score16_10_ 
    from
        user user0_
Hibernate: 
    select
        roles0_.user_id as user_id1_11_0_,
        roles0_.roles as roles2_11_0_ 
    from
        user_roles roles0_ 
    where
        roles0_.user_id=?
Hibernate: 
    select
        roles0_.user_id as user_id1_11_0_,
        roles0_.roles as roles2_11_0_ 
    from
        user_roles roles0_ 
    where
        roles0_.user_id=?
Hibernate: 
    select
        roles0_.user_id as user_id1_11_0_,
        roles0_.roles as roles2_11_0_ 
    from
        user_roles roles0_ 
    where
        roles0_.user_id=?
Hibernate: 
    select
        roles0_.user_id as user_id1_11_0_,
        roles0_.roles as roles2_11_0_ 
    from
        user_roles roles0_ 
    where
        roles0_.user_id=?
Hibernate: 
    select
        roles0_.user_id as user_id1_11_0_,
        roles0_.roles as roles2_11_0_ 
    from
        user_roles roles0_ 
    where
        roles0_.user_id=?
Hibernate: 
    insert 
    into
        story_pin_like
        (created_at, updated_at, story_pin_id, user_id) 
    values
        (?, ?, ?, ?)
Hibernate: 
    insert 
    into
        story_pin_comment
        (created_at, updated_at, content, story_pin_id, user_id) 
    values
        (?, ?, ?, ?, ?)
Hibernate: 
    select
        user0_.id as id1_10_,
        user0_.created_at as created_2_10_,
        user0_.updated_at as updated_3_10_,
        user0_.age as age4_10_,
        user0_.background_image as backgrou5_10_,
        user0_.email as email6_10_,
        user0_.gender as gender7_10_,
        user0_.hobby as hobby8_10_,
        user0_.introduce as introduc9_10_,
        user0_.job as job10_10_,
        user0_.name as name11_10_,
        user0_.nick_name as nick_na12_10_,
        user0_.phone_num as phone_n13_10_,
        user0_.profile_image as profile14_10_,
        user0_.res_red_number as res_red15_10_,
        user0_.score as score16_10_ 
    from
        user user0_
Hibernate: 
    select
        roles0_.user_id as user_id1_11_0_,
        roles0_.roles as roles2_11_0_ 
    from
        user_roles roles0_ 
    where
        roles0_.user_id=?
Hibernate: 
    select
        roles0_.user_id as user_id1_11_0_,
        roles0_.roles as roles2_11_0_ 
    from
        user_roles roles0_ 
    where
        roles0_.user_id=?
Hibernate: 
    select
        roles0_.user_id as user_id1_11_0_,
        roles0_.roles as roles2_11_0_ 
    from
        user_roles roles0_ 
    where
        roles0_.user_id=?
Hibernate: 
    select
        roles0_.user_id as user_id1_11_0_,
        roles0_.roles as roles2_11_0_ 
    from
        user_roles roles0_ 
    where
        roles0_.user_id=?
Hibernate: 
    select
        roles0_.user_id as user_id1_11_0_,
        roles0_.roles as roles2_11_0_ 
    from
        user_roles roles0_ 
    where
        roles0_.user_id=?
Hibernate: 
    select
        user0_.id as id1_10_,
        user0_.created_at as created_2_10_,
        user0_.updated_at as updated_3_10_,
        user0_.age as age4_10_,
        user0_.background_image as backgrou5_10_,
        user0_.email as email6_10_,
        user0_.gender as gender7_10_,
        user0_.hobby as hobby8_10_,
        user0_.introduce as introduc9_10_,
        user0_.job as job10_10_,
        user0_.name as name11_10_,
        user0_.nick_name as nick_na12_10_,
        user0_.phone_num as phone_n13_10_,
        user0_.profile_image as profile14_10_,
        user0_.res_red_number as res_red15_10_,
        user0_.score as score16_10_ 
    from
        user user0_
Hibernate: 
    select
        roles0_.user_id as user_id1_11_0_,
        roles0_.roles as roles2_11_0_ 
    from
        user_roles roles0_ 
    where
        roles0_.user_id=?
Hibernate: 
    select
        roles0_.user_id as user_id1_11_0_,
        roles0_.roles as roles2_11_0_ 
    from
        user_roles roles0_ 
    where
        roles0_.user_id=?
Hibernate: 
    select
        roles0_.user_id as user_id1_11_0_,
        roles0_.roles as roles2_11_0_ 
    from
        user_roles roles0_ 
    where
        roles0_.user_id=?
Hibernate: 
    select
        roles0_.user_id as user_id1_11_0_,
        roles0_.roles as roles2_11_0_ 
    from
        user_roles roles0_ 
    where
        roles0_.user_id=?
Hibernate: 
    select
        roles0_.user_id as user_id1_11_0_,
        roles0_.roles as roles2_11_0_ 
    from
        user_roles roles0_ 
    where
        roles0_.user_id=?
Hibernate: 
    insert 
    into
        story_pin_like
        (created_at, updated_at, story_pin_id, user_id) 
    values
        (?, ?, ?, ?)
Hibernate: 
    insert 
    into
        story_pin_comment
        (created_at, updated_at, content, story_pin_id, user_id) 
    values
        (?, ?, ?, ?, ?)
Hibernate: 
    select
        user0_.id as id1_10_,
        user0_.created_at as created_2_10_,
        user0_.updated_at as updated_3_10_,
        user0_.age as age4_10_,
        user0_.background_image as backgrou5_10_,
        user0_.email as email6_10_,
        user0_.gender as gender7_10_,
        user0_.hobby as hobby8_10_,
        user0_.introduce as introduc9_10_,
        user0_.job as job10_10_,
        user0_.name as name11_10_,
        user0_.nick_name as nick_na12_10_,
        user0_.phone_num as phone_n13_10_,
        user0_.profile_image as profile14_10_,
        user0_.res_red_number as res_red15_10_,
        user0_.score as score16_10_ 
    from
        user user0_
Hibernate: 
    select
        roles0_.user_id as user_id1_11_0_,
        roles0_.roles as roles2_11_0_ 
    from
        user_roles roles0_ 
    where
        roles0_.user_id=?
Hibernate: 
    select
        roles0_.user_id as user_id1_11_0_,
        roles0_.roles as roles2_11_0_ 
    from
        user_roles roles0_ 
    where
        roles0_.user_id=?
Hibernate: 
    select
        roles0_.user_id as user_id1_11_0_,
        roles0_.roles as roles2_11_0_ 
    from
        user_roles roles0_ 
    where
        roles0_.user_id=?
Hibernate: 
    select
        roles0_.user_id as user_id1_11_0_,
        roles0_.roles as roles2_11_0_ 
    from
        user_roles roles0_ 
    where
        roles0_.user_id=?
Hibernate: 
    select
        roles0_.user_id as user_id1_11_0_,
        roles0_.roles as roles2_11_0_ 
    from
        user_roles roles0_ 
    where
        roles0_.user_id=?
Hibernate: 
    select
        user0_.id as id1_10_,
        user0_.created_at as created_2_10_,
        user0_.updated_at as updated_3_10_,
        user0_.age as age4_10_,
        user0_.background_image as backgrou5_10_,
        user0_.email as email6_10_,
        user0_.gender as gender7_10_,
        user0_.hobby as hobby8_10_,
        user0_.introduce as introduc9_10_,
        user0_.job as job10_10_,
        user0_.name as name11_10_,
        user0_.nick_name as nick_na12_10_,
        user0_.phone_num as phone_n13_10_,
        user0_.profile_image as profile14_10_,
        user0_.res_red_number as res_red15_10_,
        user0_.score as score16_10_ 
    from
        user user0_
Hibernate: 
    select
        roles0_.user_id as user_id1_11_0_,
        roles0_.roles as roles2_11_0_ 
    from
        user_roles roles0_ 
    where
        roles0_.user_id=?
Hibernate: 
    select
        roles0_.user_id as user_id1_11_0_,
        roles0_.roles as roles2_11_0_ 
    from
        user_roles roles0_ 
    where
        roles0_.user_id=?
Hibernate: 
    select
        roles0_.user_id as user_id1_11_0_,
        roles0_.roles as roles2_11_0_ 
    from
        user_roles roles0_ 
    where
        roles0_.user_id=?
Hibernate: 
    select
        roles0_.user_id as user_id1_11_0_,
        roles0_.roles as roles2_11_0_ 
    from
        user_roles roles0_ 
    where
        roles0_.user_id=?
Hibernate: 
    select
        roles0_.user_id as user_id1_11_0_,
        roles0_.roles as roles2_11_0_ 
    from
        user_roles roles0_ 
    where
        roles0_.user_id=?
Hibernate: 
    insert 
    into
        story_pin_like
        (created_at, updated_at, story_pin_id, user_id) 
    values
        (?, ?, ?, ?)
Hibernate: 
    insert 
    into
        story_pin_comment
        (created_at, updated_at, content, story_pin_id, user_id) 
    values
        (?, ?, ?, ?, ?)
Hibernate: 
    select
        user0_.id as id1_10_,
        user0_.created_at as created_2_10_,
        user0_.updated_at as updated_3_10_,
        user0_.age as age4_10_,
        user0_.background_image as backgrou5_10_,
        user0_.email as email6_10_,
        user0_.gender as gender7_10_,
        user0_.hobby as hobby8_10_,
        user0_.introduce as introduc9_10_,
        user0_.job as job10_10_,
        user0_.name as name11_10_,
        user0_.nick_name as nick_na12_10_,
        user0_.phone_num as phone_n13_10_,
        user0_.profile_image as profile14_10_,
        user0_.res_red_number as res_red15_10_,
        user0_.score as score16_10_ 
    from
        user user0_
Hibernate: 
    select
        roles0_.user_id as user_id1_11_0_,
        roles0_.roles as roles2_11_0_ 
    from
        user_roles roles0_ 
    where
        roles0_.user_id=?
Hibernate: 
    select
        roles0_.user_id as user_id1_11_0_,
        roles0_.roles as roles2_11_0_ 
    from
        user_roles roles0_ 
    where
        roles0_.user_id=?
Hibernate: 
    select
        roles0_.user_id as user_id1_11_0_,
        roles0_.roles as roles2_11_0_ 
    from
        user_roles roles0_ 
    where
        roles0_.user_id=?
Hibernate: 
    select
        roles0_.user_id as user_id1_11_0_,
        roles0_.roles as roles2_11_0_ 
    from
        user_roles roles0_ 
    where
        roles0_.user_id=?
Hibernate: 
    select
        roles0_.user_id as user_id1_11_0_,
        roles0_.roles as roles2_11_0_ 
    from
        user_roles roles0_ 
    where
        roles0_.user_id=?
Hibernate: 
    select
        user0_.id as id1_10_,
        user0_.created_at as created_2_10_,
        user0_.updated_at as updated_3_10_,
        user0_.age as age4_10_,
        user0_.background_image as backgrou5_10_,
        user0_.email as email6_10_,
        user0_.gender as gender7_10_,
        user0_.hobby as hobby8_10_,
        user0_.introduce as introduc9_10_,
        user0_.job as job10_10_,
        user0_.name as name11_10_,
        user0_.nick_name as nick_na12_10_,
        user0_.phone_num as phone_n13_10_,
        user0_.profile_image as profile14_10_,
        user0_.res_red_number as res_red15_10_,
        user0_.score as score16_10_ 
    from
        user user0_
Hibernate: 
    select
        roles0_.user_id as user_id1_11_0_,
        roles0_.roles as roles2_11_0_ 
    from
        user_roles roles0_ 
    where
        roles0_.user_id=?
Hibernate: 
    select
        roles0_.user_id as user_id1_11_0_,
        roles0_.roles as roles2_11_0_ 
    from
        user_roles roles0_ 
    where
        roles0_.user_id=?
Hibernate: 
    select
        roles0_.user_id as user_id1_11_0_,
        roles0_.roles as roles2_11_0_ 
    from
        user_roles roles0_ 
    where
        roles0_.user_id=?
Hibernate: 
    select
        roles0_.user_id as user_id1_11_0_,
        roles0_.roles as roles2_11_0_ 
    from
        user_roles roles0_ 
    where
        roles0_.user_id=?
Hibernate: 
    select
        roles0_.user_id as user_id1_11_0_,
        roles0_.roles as roles2_11_0_ 
    from
        user_roles roles0_ 
    where
        roles0_.user_id=?
Hibernate: 
    insert 
    into
        story_pin_like
        (created_at, updated_at, story_pin_id, user_id) 
    values
        (?, ?, ?, ?)
Hibernate: 
    insert 
    into
        story_pin_comment
        (created_at, updated_at, content, story_pin_id, user_id) 
    values
        (?, ?, ?, ?, ?)
Hibernate: 
    select
        user0_.id as id1_10_,
        user0_.created_at as created_2_10_,
        user0_.updated_at as updated_3_10_,
        user0_.age as age4_10_,
        user0_.background_image as backgrou5_10_,
        user0_.email as email6_10_,
        user0_.gender as gender7_10_,
        user0_.hobby as hobby8_10_,
        user0_.introduce as introduc9_10_,
        user0_.job as job10_10_,
        user0_.name as name11_10_,
        user0_.nick_name as nick_na12_10_,
        user0_.phone_num as phone_n13_10_,
        user0_.profile_image as profile14_10_,
        user0_.res_red_number as res_red15_10_,
        user0_.score as score16_10_ 
    from
        user user0_
Hibernate: 
    select
        roles0_.user_id as user_id1_11_0_,
        roles0_.roles as roles2_11_0_ 
    from
        user_roles roles0_ 
    where
        roles0_.user_id=?
Hibernate: 
    select
        roles0_.user_id as user_id1_11_0_,
        roles0_.roles as roles2_11_0_ 
    from
        user_roles roles0_ 
    where
        roles0_.user_id=?
Hibernate: 
    select
        roles0_.user_id as user_id1_11_0_,
        roles0_.roles as roles2_11_0_ 
    from
        user_roles roles0_ 
    where
        roles0_.user_id=?
Hibernate: 
    select
        roles0_.user_id as user_id1_11_0_,
        roles0_.roles as roles2_11_0_ 
    from
        user_roles roles0_ 
    where
        roles0_.user_id=?
Hibernate: 
    select
        roles0_.user_id as user_id1_11_0_,
        roles0_.roles as roles2_11_0_ 
    from
        user_roles roles0_ 
    where
        roles0_.user_id=?
Hibernate: 
    select
        user0_.id as id1_10_,
        user0_.created_at as created_2_10_,
        user0_.updated_at as updated_3_10_,
        user0_.age as age4_10_,
        user0_.background_image as backgrou5_10_,
        user0_.email as email6_10_,
        user0_.gender as gender7_10_,
        user0_.hobby as hobby8_10_,
        user0_.introduce as introduc9_10_,
        user0_.job as job10_10_,
        user0_.name as name11_10_,
        user0_.nick_name as nick_na12_10_,
        user0_.phone_num as phone_n13_10_,
        user0_.profile_image as profile14_10_,
        user0_.res_red_number as res_red15_10_,
        user0_.score as score16_10_ 
    from
        user user0_
Hibernate: 
    select
        roles0_.user_id as user_id1_11_0_,
        roles0_.roles as roles2_11_0_ 
    from
        user_roles roles0_ 
    where
        roles0_.user_id=?
Hibernate: 
    select
        roles0_.user_id as user_id1_11_0_,
        roles0_.roles as roles2_11_0_ 
    from
        user_roles roles0_ 
    where
        roles0_.user_id=?
Hibernate: 
    select
        roles0_.user_id as user_id1_11_0_,
        roles0_.roles as roles2_11_0_ 
    from
        user_roles roles0_ 
    where
        roles0_.user_id=?
Hibernate: 
    select
        roles0_.user_id as user_id1_11_0_,
        roles0_.roles as roles2_11_0_ 
    from
        user_roles roles0_ 
    where
        roles0_.user_id=?
Hibernate: 
    select
        roles0_.user_id as user_id1_11_0_,
        roles0_.roles as roles2_11_0_ 
    from
        user_roles roles0_ 
    where
        roles0_.user_id=?
Hibernate: 
    insert 
    into
        story_pin_like
        (created_at, updated_at, story_pin_id, user_id) 
    values
        (?, ?, ?, ?)
Hibernate: 
    insert 
    into
        story_pin_comment
        (created_at, updated_at, content, story_pin_id, user_id) 
    values
        (?, ?, ?, ?, ?)
Hibernate: 
    select
        user0_.id as id1_10_,
        user0_.created_at as created_2_10_,
        user0_.updated_at as updated_3_10_,
        user0_.age as age4_10_,
        user0_.background_image as backgrou5_10_,
        user0_.email as email6_10_,
        user0_.gender as gender7_10_,
        user0_.hobby as hobby8_10_,
        user0_.introduce as introduc9_10_,
        user0_.job as job10_10_,
        user0_.name as name11_10_,
        user0_.nick_name as nick_na12_10_,
        user0_.phone_num as phone_n13_10_,
        user0_.profile_image as profile14_10_,
        user0_.res_red_number as res_red15_10_,
        user0_.score as score16_10_ 
    from
        user user0_
Hibernate: 
    select
        roles0_.user_id as user_id1_11_0_,
        roles0_.roles as roles2_11_0_ 
    from
        user_roles roles0_ 
    where
        roles0_.user_id=?
Hibernate: 
    select
        roles0_.user_id as user_id1_11_0_,
        roles0_.roles as roles2_11_0_ 
    from
        user_roles roles0_ 
    where
        roles0_.user_id=?
Hibernate: 
    select
        roles0_.user_id as user_id1_11_0_,
        roles0_.roles as roles2_11_0_ 
    from
        user_roles roles0_ 
    where
        roles0_.user_id=?
Hibernate: 
    select
        roles0_.user_id as user_id1_11_0_,
        roles0_.roles as roles2_11_0_ 
    from
        user_roles roles0_ 
    where
        roles0_.user_id=?
Hibernate: 
    select
        roles0_.user_id as user_id1_11_0_,
        roles0_.roles as roles2_11_0_ 
    from
        user_roles roles0_ 
    where
        roles0_.user_id=?
Hibernate: 
    select
        user0_.id as id1_10_,
        user0_.created_at as created_2_10_,
        user0_.updated_at as updated_3_10_,
        user0_.age as age4_10_,
        user0_.background_image as backgrou5_10_,
        user0_.email as email6_10_,
        user0_.gender as gender7_10_,
        user0_.hobby as hobby8_10_,
        user0_.introduce as introduc9_10_,
        user0_.job as job10_10_,
        user0_.name as name11_10_,
        user0_.nick_name as nick_na12_10_,
        user0_.phone_num as phone_n13_10_,
        user0_.profile_image as profile14_10_,
        user0_.res_red_number as res_red15_10_,
        user0_.score as score16_10_ 
    from
        user user0_
Hibernate: 
    select
        roles0_.user_id as user_id1_11_0_,
        roles0_.roles as roles2_11_0_ 
    from
        user_roles roles0_ 
    where
        roles0_.user_id=?
Hibernate: 
    select
        roles0_.user_id as user_id1_11_0_,
        roles0_.roles as roles2_11_0_ 
    from
        user_roles roles0_ 
    where
        roles0_.user_id=?
Hibernate: 
    select
        roles0_.user_id as user_id1_11_0_,
        roles0_.roles as roles2_11_0_ 
    from
        user_roles roles0_ 
    where
        roles0_.user_id=?
Hibernate: 
    select
        roles0_.user_id as user_id1_11_0_,
        roles0_.roles as roles2_11_0_ 
    from
        user_roles roles0_ 
    where
        roles0_.user_id=?
Hibernate: 
    select
        roles0_.user_id as user_id1_11_0_,
        roles0_.roles as roles2_11_0_ 
    from
        user_roles roles0_ 
    where
        roles0_.user_id=?
Hibernate: 
    insert 
    into
        story_pin_like
        (created_at, updated_at, story_pin_id, user_id) 
    values
        (?, ?, ?, ?)
Hibernate: 
    insert 
    into
        story_pin_comment
        (created_at, updated_at, content, story_pin_id, user_id) 
    values
        (?, ?, ?, ?, ?)
Hibernate: 
    select
        user0_.id as id1_10_,
        user0_.created_at as created_2_10_,
        user0_.updated_at as updated_3_10_,
        user0_.age as age4_10_,
        user0_.background_image as backgrou5_10_,
        user0_.email as email6_10_,
        user0_.gender as gender7_10_,
        user0_.hobby as hobby8_10_,
        user0_.introduce as introduc9_10_,
        user0_.job as job10_10_,
        user0_.name as name11_10_,
        user0_.nick_name as nick_na12_10_,
        user0_.phone_num as phone_n13_10_,
        user0_.profile_image as profile14_10_,
        user0_.res_red_number as res_red15_10_,
        user0_.score as score16_10_ 
    from
        user user0_
Hibernate: 
    select
        roles0_.user_id as user_id1_11_0_,
        roles0_.roles as roles2_11_0_ 
    from
        user_roles roles0_ 
    where
        roles0_.user_id=?
Hibernate: 
    select
        roles0_.user_id as user_id1_11_0_,
        roles0_.roles as roles2_11_0_ 
    from
        user_roles roles0_ 
    where
        roles0_.user_id=?
Hibernate: 
    select
        roles0_.user_id as user_id1_11_0_,
        roles0_.roles as roles2_11_0_ 
    from
        user_roles roles0_ 
    where
        roles0_.user_id=?
Hibernate: 
    select
        roles0_.user_id as user_id1_11_0_,
        roles0_.roles as roles2_11_0_ 
    from
        user_roles roles0_ 
    where
        roles0_.user_id=?
Hibernate: 
    select
        roles0_.user_id as user_id1_11_0_,
        roles0_.roles as roles2_11_0_ 
    from
        user_roles roles0_ 
    where
        roles0_.user_id=?
Hibernate: 
    select
        user0_.id as id1_10_,
        user0_.created_at as created_2_10_,
        user0_.updated_at as updated_3_10_,
        user0_.age as age4_10_,
        user0_.background_image as backgrou5_10_,
        user0_.email as email6_10_,
        user0_.gender as gender7_10_,
        user0_.hobby as hobby8_10_,
        user0_.introduce as introduc9_10_,
        user0_.job as job10_10_,
        user0_.name as name11_10_,
        user0_.nick_name as nick_na12_10_,
        user0_.phone_num as phone_n13_10_,
        user0_.profile_image as profile14_10_,
        user0_.res_red_number as res_red15_10_,
        user0_.score as score16_10_ 
    from
        user user0_
Hibernate: 
    select
        roles0_.user_id as user_id1_11_0_,
        roles0_.roles as roles2_11_0_ 
    from
        user_roles roles0_ 
    where
        roles0_.user_id=?
Hibernate: 
    select
        roles0_.user_id as user_id1_11_0_,
        roles0_.roles as roles2_11_0_ 
    from
        user_roles roles0_ 
    where
        roles0_.user_id=?
Hibernate: 
    select
        roles0_.user_id as user_id1_11_0_,
        roles0_.roles as roles2_11_0_ 
    from
        user_roles roles0_ 
    where
        roles0_.user_id=?
Hibernate: 
    select
        roles0_.user_id as user_id1_11_0_,
        roles0_.roles as roles2_11_0_ 
    from
        user_roles roles0_ 
    where
        roles0_.user_id=?
Hibernate: 
    select
        roles0_.user_id as user_id1_11_0_,
        roles0_.roles as roles2_11_0_ 
    from
        user_roles roles0_ 
    where
        roles0_.user_id=?
Hibernate: 
    insert 
    into
        story_pin_like
        (created_at, updated_at, story_pin_id, user_id) 
    values
        (?, ?, ?, ?)
Hibernate: 
    insert 
    into
        story_pin_comment
        (created_at, updated_at, content, story_pin_id, user_id) 
    values
        (?, ?, ?, ?, ?)
Hibernate: 
    select
        user0_.id as id1_10_,
        user0_.created_at as created_2_10_,
        user0_.updated_at as updated_3_10_,
        user0_.age as age4_10_,
        user0_.background_image as backgrou5_10_,
        user0_.email as email6_10_,
        user0_.gender as gender7_10_,
        user0_.hobby as hobby8_10_,
        user0_.introduce as introduc9_10_,
        user0_.job as job10_10_,
        user0_.name as name11_10_,
        user0_.nick_name as nick_na12_10_,
        user0_.phone_num as phone_n13_10_,
        user0_.profile_image as profile14_10_,
        user0_.res_red_number as res_red15_10_,
        user0_.score as score16_10_ 
    from
        user user0_
Hibernate: 
    select
        roles0_.user_id as user_id1_11_0_,
        roles0_.roles as roles2_11_0_ 
    from
        user_roles roles0_ 
    where
        roles0_.user_id=?
Hibernate: 
    select
        roles0_.user_id as user_id1_11_0_,
        roles0_.roles as roles2_11_0_ 
    from
        user_roles roles0_ 
    where
        roles0_.user_id=?
Hibernate: 
    select
        roles0_.user_id as user_id1_11_0_,
        roles0_.roles as roles2_11_0_ 
    from
        user_roles roles0_ 
    where
        roles0_.user_id=?
Hibernate: 
    select
        roles0_.user_id as user_id1_11_0_,
        roles0_.roles as roles2_11_0_ 
    from
        user_roles roles0_ 
    where
        roles0_.user_id=?
Hibernate: 
    select
        roles0_.user_id as user_id1_11_0_,
        roles0_.roles as roles2_11_0_ 
    from
        user_roles roles0_ 
    where
        roles0_.user_id=?
Hibernate: 
    select
        user0_.id as id1_10_,
        user0_.created_at as created_2_10_,
        user0_.updated_at as updated_3_10_,
        user0_.age as age4_10_,
        user0_.background_image as backgrou5_10_,
        user0_.email as email6_10_,
        user0_.gender as gender7_10_,
        user0_.hobby as hobby8_10_,
        user0_.introduce as introduc9_10_,
        user0_.job as job10_10_,
        user0_.name as name11_10_,
        user0_.nick_name as nick_na12_10_,
        user0_.phone_num as phone_n13_10_,
        user0_.profile_image as profile14_10_,
        user0_.res_red_number as res_red15_10_,
        user0_.score as score16_10_ 
    from
        user user0_
Hibernate: 
    select
        roles0_.user_id as user_id1_11_0_,
        roles0_.roles as roles2_11_0_ 
    from
        user_roles roles0_ 
    where
        roles0_.user_id=?
Hibernate: 
    select
        roles0_.user_id as user_id1_11_0_,
        roles0_.roles as roles2_11_0_ 
    from
        user_roles roles0_ 
    where
        roles0_.user_id=?
Hibernate: 
    select
        roles0_.user_id as user_id1_11_0_,
        roles0_.roles as roles2_11_0_ 
    from
        user_roles roles0_ 
    where
        roles0_.user_id=?
Hibernate: 
    select
        roles0_.user_id as user_id1_11_0_,
        roles0_.roles as roles2_11_0_ 
    from
        user_roles roles0_ 
    where
        roles0_.user_id=?
Hibernate: 
    select
        roles0_.user_id as user_id1_11_0_,
        roles0_.roles as roles2_11_0_ 
    from
        user_roles roles0_ 
    where
        roles0_.user_id=?
Hibernate: 
    insert 
    into
        story_pin_like
        (created_at, updated_at, story_pin_id, user_id) 
    values
        (?, ?, ?, ?)
Hibernate: 
    insert 
    into
        story_pin_comment
        (created_at, updated_at, content, story_pin_id, user_id) 
    values
        (?, ?, ?, ?, ?)
Hibernate: 
    select
        user0_.id as id1_10_,
        user0_.created_at as created_2_10_,
        user0_.updated_at as updated_3_10_,
        user0_.age as age4_10_,
        user0_.background_image as backgrou5_10_,
        user0_.email as email6_10_,
        user0_.gender as gender7_10_,
        user0_.hobby as hobby8_10_,
        user0_.introduce as introduc9_10_,
        user0_.job as job10_10_,
        user0_.name as name11_10_,
        user0_.nick_name as nick_na12_10_,
        user0_.phone_num as phone_n13_10_,
        user0_.profile_image as profile14_10_,
        user0_.res_red_number as res_red15_10_,
        user0_.score as score16_10_ 
    from
        user user0_
Hibernate: 
    select
        roles0_.user_id as user_id1_11_0_,
        roles0_.roles as roles2_11_0_ 
    from
        user_roles roles0_ 
    where
        roles0_.user_id=?
Hibernate: 
    select
        roles0_.user_id as user_id1_11_0_,
        roles0_.roles as roles2_11_0_ 
    from
        user_roles roles0_ 
    where
        roles0_.user_id=?
Hibernate: 
    select
        roles0_.user_id as user_id1_11_0_,
        roles0_.roles as roles2_11_0_ 
    from
        user_roles roles0_ 
    where
        roles0_.user_id=?
Hibernate: 
    select
        roles0_.user_id as user_id1_11_0_,
        roles0_.roles as roles2_11_0_ 
    from
        user_roles roles0_ 
    where
        roles0_.user_id=?
Hibernate: 
    select
        roles0_.user_id as user_id1_11_0_,
        roles0_.roles as roles2_11_0_ 
    from
        user_roles roles0_ 
    where
        roles0_.user_id=?
Hibernate: 
    select
        user0_.id as id1_10_,
        user0_.created_at as created_2_10_,
        user0_.updated_at as updated_3_10_,
        user0_.age as age4_10_,
        user0_.background_image as backgrou5_10_,
        user0_.email as email6_10_,
        user0_.gender as gender7_10_,
        user0_.hobby as hobby8_10_,
        user0_.introduce as introduc9_10_,
        user0_.job as job10_10_,
        user0_.name as name11_10_,
        user0_.nick_name as nick_na12_10_,
        user0_.phone_num as phone_n13_10_,
        user0_.profile_image as profile14_10_,
        user0_.res_red_number as res_red15_10_,
        user0_.score as score16_10_ 
    from
        user user0_
Hibernate: 
    select
        roles0_.user_id as user_id1_11_0_,
        roles0_.roles as roles2_11_0_ 
    from
        user_roles roles0_ 
    where
        roles0_.user_id=?
Hibernate: 
    select
        roles0_.user_id as user_id1_11_0_,
        roles0_.roles as roles2_11_0_ 
    from
        user_roles roles0_ 
    where
        roles0_.user_id=?
Hibernate: 
    select
        roles0_.user_id as user_id1_11_0_,
        roles0_.roles as roles2_11_0_ 
    from
        user_roles roles0_ 
    where
        roles0_.user_id=?
Hibernate: 
    select
        roles0_.user_id as user_id1_11_0_,
        roles0_.roles as roles2_11_0_ 
    from
        user_roles roles0_ 
    where
        roles0_.user_id=?
Hibernate: 
    select
        roles0_.user_id as user_id1_11_0_,
        roles0_.roles as roles2_11_0_ 
    from
        user_roles roles0_ 
    where
        roles0_.user_id=?
Hibernate: 
    insert 
    into
        story_pin_like
        (created_at, updated_at, story_pin_id, user_id) 
    values
        (?, ?, ?, ?)
Hibernate: 
    insert 
    into
        story_pin_comment
        (created_at, updated_at, content, story_pin_id, user_id) 
    values
        (?, ?, ?, ?, ?)
Hibernate: 
    select
        user0_.id as id1_10_,
        user0_.created_at as created_2_10_,
        user0_.updated_at as updated_3_10_,
        user0_.age as age4_10_,
        user0_.background_image as backgrou5_10_,
        user0_.email as email6_10_,
        user0_.gender as gender7_10_,
        user0_.hobby as hobby8_10_,
        user0_.introduce as introduc9_10_,
        user0_.job as job10_10_,
        user0_.name as name11_10_,
        user0_.nick_name as nick_na12_10_,
        user0_.phone_num as phone_n13_10_,
        user0_.profile_image as profile14_10_,
        user0_.res_red_number as res_red15_10_,
        user0_.score as score16_10_ 
    from
        user user0_
Hibernate: 
    select
        roles0_.user_id as user_id1_11_0_,
        roles0_.roles as roles2_11_0_ 
    from
        user_roles roles0_ 
    where
        roles0_.user_id=?
Hibernate: 
    select
        roles0_.user_id as user_id1_11_0_,
        roles0_.roles as roles2_11_0_ 
    from
        user_roles roles0_ 
    where
        roles0_.user_id=?
Hibernate: 
    select
        roles0_.user_id as user_id1_11_0_,
        roles0_.roles as roles2_11_0_ 
    from
        user_roles roles0_ 
    where
        roles0_.user_id=?
Hibernate: 
    select
        roles0_.user_id as user_id1_11_0_,
        roles0_.roles as roles2_11_0_ 
    from
        user_roles roles0_ 
    where
        roles0_.user_id=?
Hibernate: 
    select
        roles0_.user_id as user_id1_11_0_,
        roles0_.roles as roles2_11_0_ 
    from
        user_roles roles0_ 
    where
        roles0_.user_id=?
Hibernate: 
    select
        user0_.id as id1_10_,
        user0_.created_at as created_2_10_,
        user0_.updated_at as updated_3_10_,
        user0_.age as age4_10_,
        user0_.background_image as backgrou5_10_,
        user0_.email as email6_10_,
        user0_.gender as gender7_10_,
        user0_.hobby as hobby8_10_,
        user0_.introduce as introduc9_10_,
        user0_.job as job10_10_,
        user0_.name as name11_10_,
        user0_.nick_name as nick_na12_10_,
        user0_.phone_num as phone_n13_10_,
        user0_.profile_image as profile14_10_,
        user0_.res_red_number as res_red15_10_,
        user0_.score as score16_10_ 
    from
        user user0_
Hibernate: 
    select
        roles0_.user_id as user_id1_11_0_,
        roles0_.roles as roles2_11_0_ 
    from
        user_roles roles0_ 
    where
        roles0_.user_id=?
Hibernate: 
    select
        roles0_.user_id as user_id1_11_0_,
        roles0_.roles as roles2_11_0_ 
    from
        user_roles roles0_ 
    where
        roles0_.user_id=?
Hibernate: 
    select
        roles0_.user_id as user_id1_11_0_,
        roles0_.roles as roles2_11_0_ 
    from
        user_roles roles0_ 
    where
        roles0_.user_id=?
Hibernate: 
    select
        roles0_.user_id as user_id1_11_0_,
        roles0_.roles as roles2_11_0_ 
    from
        user_roles roles0_ 
    where
        roles0_.user_id=?
Hibernate: 
    select
        roles0_.user_id as user_id1_11_0_,
        roles0_.roles as roles2_11_0_ 
    from
        user_roles roles0_ 
    where
        roles0_.user_id=?
Hibernate: 
    insert 
    into
        story_pin_like
        (created_at, updated_at, story_pin_id, user_id) 
    values
        (?, ?, ?, ?)
Hibernate: 
    insert 
    into
        story_pin_comment
        (created_at, updated_at, content, story_pin_id, user_id) 
    values
        (?, ?, ?, ?, ?)
Hibernate: 
    select
        user0_.id as id1_10_,
        user0_.created_at as created_2_10_,
        user0_.updated_at as updated_3_10_,
        user0_.age as age4_10_,
        user0_.background_image as backgrou5_10_,
        user0_.email as email6_10_,
        user0_.gender as gender7_10_,
        user0_.hobby as hobby8_10_,
        user0_.introduce as introduc9_10_,
        user0_.job as job10_10_,
        user0_.name as name11_10_,
        user0_.nick_name as nick_na12_10_,
        user0_.phone_num as phone_n13_10_,
        user0_.profile_image as profile14_10_,
        user0_.res_red_number as res_red15_10_,
        user0_.score as score16_10_ 
    from
        user user0_
Hibernate: 
    select
        roles0_.user_id as user_id1_11_0_,
        roles0_.roles as roles2_11_0_ 
    from
        user_roles roles0_ 
    where
        roles0_.user_id=?
Hibernate: 
    select
        roles0_.user_id as user_id1_11_0_,
        roles0_.roles as roles2_11_0_ 
    from
        user_roles roles0_ 
    where
        roles0_.user_id=?
Hibernate: 
    select
        roles0_.user_id as user_id1_11_0_,
        roles0_.roles as roles2_11_0_ 
    from
        user_roles roles0_ 
    where
        roles0_.user_id=?
Hibernate: 
    select
        roles0_.user_id as user_id1_11_0_,
        roles0_.roles as roles2_11_0_ 
    from
        user_roles roles0_ 
    where
        roles0_.user_id=?
Hibernate: 
    select
        roles0_.user_id as user_id1_11_0_,
        roles0_.roles as roles2_11_0_ 
    from
        user_roles roles0_ 
    where
        roles0_.user_id=?
Hibernate: 
    select
        user0_.id as id1_10_,
        user0_.created_at as created_2_10_,
        user0_.updated_at as updated_3_10_,
        user0_.age as age4_10_,
        user0_.background_image as backgrou5_10_,
        user0_.email as email6_10_,
        user0_.gender as gender7_10_,
        user0_.hobby as hobby8_10_,
        user0_.introduce as introduc9_10_,
        user0_.job as job10_10_,
        user0_.name as name11_10_,
        user0_.nick_name as nick_na12_10_,
        user0_.phone_num as phone_n13_10_,
        user0_.profile_image as profile14_10_,
        user0_.res_red_number as res_red15_10_,
        user0_.score as score16_10_ 
    from
        user user0_
Hibernate: 
    select
        roles0_.user_id as user_id1_11_0_,
        roles0_.roles as roles2_11_0_ 
    from
        user_roles roles0_ 
    where
        roles0_.user_id=?
Hibernate: 
    select
        roles0_.user_id as user_id1_11_0_,
        roles0_.roles as roles2_11_0_ 
    from
        user_roles roles0_ 
    where
        roles0_.user_id=?
Hibernate: 
    select
        roles0_.user_id as user_id1_11_0_,
        roles0_.roles as roles2_11_0_ 
    from
        user_roles roles0_ 
    where
        roles0_.user_id=?
Hibernate: 
    select
        roles0_.user_id as user_id1_11_0_,
        roles0_.roles as roles2_11_0_ 
    from
        user_roles roles0_ 
    where
        roles0_.user_id=?
Hibernate: 
    select
        roles0_.user_id as user_id1_11_0_,
        roles0_.roles as roles2_11_0_ 
    from
        user_roles roles0_ 
    where
        roles0_.user_id=?
Hibernate: 
    insert 
    into
        story_pin_like
        (created_at, updated_at, story_pin_id, user_id) 
    values
        (?, ?, ?, ?)
Hibernate: 
    insert 
    into
        story_pin_comment
        (created_at, updated_at, content, story_pin_id, user_id) 
    values
        (?, ?, ?, ?, ?)
Hibernate: 
    select
        user0_.id as id1_10_,
        user0_.created_at as created_2_10_,
        user0_.updated_at as updated_3_10_,
        user0_.age as age4_10_,
        user0_.background_image as backgrou5_10_,
        user0_.email as email6_10_,
        user0_.gender as gender7_10_,
        user0_.hobby as hobby8_10_,
        user0_.introduce as introduc9_10_,
        user0_.job as job10_10_,
        user0_.name as name11_10_,
        user0_.nick_name as nick_na12_10_,
        user0_.phone_num as phone_n13_10_,
        user0_.profile_image as profile14_10_,
        user0_.res_red_number as res_red15_10_,
        user0_.score as score16_10_ 
    from
        user user0_
Hibernate: 
    select
        roles0_.user_id as user_id1_11_0_,
        roles0_.roles as roles2_11_0_ 
    from
        user_roles roles0_ 
    where
        roles0_.user_id=?
Hibernate: 
    select
        roles0_.user_id as user_id1_11_0_,
        roles0_.roles as roles2_11_0_ 
    from
        user_roles roles0_ 
    where
        roles0_.user_id=?
Hibernate: 
    select
        roles0_.user_id as user_id1_11_0_,
        roles0_.roles as roles2_11_0_ 
    from
        user_roles roles0_ 
    where
        roles0_.user_id=?
Hibernate: 
    select
        roles0_.user_id as user_id1_11_0_,
        roles0_.roles as roles2_11_0_ 
    from
        user_roles roles0_ 
    where
        roles0_.user_id=?
Hibernate: 
    select
        roles0_.user_id as user_id1_11_0_,
        roles0_.roles as roles2_11_0_ 
    from
        user_roles roles0_ 
    where
        roles0_.user_id=?
Hibernate: 
    select
        user0_.id as id1_10_,
        user0_.created_at as created_2_10_,
        user0_.updated_at as updated_3_10_,
        user0_.age as age4_10_,
        user0_.background_image as backgrou5_10_,
        user0_.email as email6_10_,
        user0_.gender as gender7_10_,
        user0_.hobby as hobby8_10_,
        user0_.introduce as introduc9_10_,
        user0_.job as job10_10_,
        user0_.name as name11_10_,
        user0_.nick_name as nick_na12_10_,
        user0_.phone_num as phone_n13_10_,
        user0_.profile_image as profile14_10_,
        user0_.res_red_number as res_red15_10_,
        user0_.score as score16_10_ 
    from
        user user0_
Hibernate: 
    select
        roles0_.user_id as user_id1_11_0_,
        roles0_.roles as roles2_11_0_ 
    from
        user_roles roles0_ 
    where
        roles0_.user_id=?
Hibernate: 
    select
        roles0_.user_id as user_id1_11_0_,
        roles0_.roles as roles2_11_0_ 
    from
        user_roles roles0_ 
    where
        roles0_.user_id=?
Hibernate: 
    select
        roles0_.user_id as user_id1_11_0_,
        roles0_.roles as roles2_11_0_ 
    from
        user_roles roles0_ 
    where
        roles0_.user_id=?
Hibernate: 
    select
        roles0_.user_id as user_id1_11_0_,
        roles0_.roles as roles2_11_0_ 
    from
        user_roles roles0_ 
    where
        roles0_.user_id=?
Hibernate: 
    select
        roles0_.user_id as user_id1_11_0_,
        roles0_.roles as roles2_11_0_ 
    from
        user_roles roles0_ 
    where
        roles0_.user_id=?
Hibernate: 
    insert 
    into
        story_pin_like
        (created_at, updated_at, story_pin_id, user_id) 
    values
        (?, ?, ?, ?)
Hibernate: 
    insert 
    into
        story_pin_comment
        (created_at, updated_at, content, story_pin_id, user_id) 
    values
        (?, ?, ?, ?, ?)
Hibernate: 
    select
        user0_.id as id1_10_,
        user0_.created_at as created_2_10_,
        user0_.updated_at as updated_3_10_,
        user0_.age as age4_10_,
        user0_.background_image as backgrou5_10_,
        user0_.email as email6_10_,
        user0_.gender as gender7_10_,
        user0_.hobby as hobby8_10_,
        user0_.introduce as introduc9_10_,
        user0_.job as job10_10_,
        user0_.name as name11_10_,
        user0_.nick_name as nick_na12_10_,
        user0_.phone_num as phone_n13_10_,
        user0_.profile_image as profile14_10_,
        user0_.res_red_number as res_red15_10_,
        user0_.score as score16_10_ 
    from
        user user0_
Hibernate: 
    select
        roles0_.user_id as user_id1_11_0_,
        roles0_.roles as roles2_11_0_ 
    from
        user_roles roles0_ 
    where
        roles0_.user_id=?
Hibernate: 
    select
        roles0_.user_id as user_id1_11_0_,
        roles0_.roles as roles2_11_0_ 
    from
        user_roles roles0_ 
    where
        roles0_.user_id=?
Hibernate: 
    select
        roles0_.user_id as user_id1_11_0_,
        roles0_.roles as roles2_11_0_ 
    from
        user_roles roles0_ 
    where
        roles0_.user_id=?
Hibernate: 
    select
        roles0_.user_id as user_id1_11_0_,
        roles0_.roles as roles2_11_0_ 
    from
        user_roles roles0_ 
    where
        roles0_.user_id=?
Hibernate: 
    select
        roles0_.user_id as user_id1_11_0_,
        roles0_.roles as roles2_11_0_ 
    from
        user_roles roles0_ 
    where
        roles0_.user_id=?
Hibernate: 
    select
        user0_.id as id1_10_,
        user0_.created_at as created_2_10_,
        user0_.updated_at as updated_3_10_,
        user0_.age as age4_10_,
        user0_.background_image as backgrou5_10_,
        user0_.email as email6_10_,
        user0_.gender as gender7_10_,
        user0_.hobby as hobby8_10_,
        user0_.introduce as introduc9_10_,
        user0_.job as job10_10_,
        user0_.name as name11_10_,
        user0_.nick_name as nick_na12_10_,
        user0_.phone_num as phone_n13_10_,
        user0_.profile_image as profile14_10_,
        user0_.res_red_number as res_red15_10_,
        user0_.score as score16_10_ 
    from
        user user0_
Hibernate: 
    select
        roles0_.user_id as user_id1_11_0_,
        roles0_.roles as roles2_11_0_ 
    from
        user_roles roles0_ 
    where
        roles0_.user_id=?
Hibernate: 
    select
        roles0_.user_id as user_id1_11_0_,
        roles0_.roles as roles2_11_0_ 
    from
        user_roles roles0_ 
    where
        roles0_.user_id=?
Hibernate: 
    select
        roles0_.user_id as user_id1_11_0_,
        roles0_.roles as roles2_11_0_ 
    from
        user_roles roles0_ 
    where
        roles0_.user_id=?
Hibernate: 
    select
        roles0_.user_id as user_id1_11_0_,
        roles0_.roles as roles2_11_0_ 
    from
        user_roles roles0_ 
    where
        roles0_.user_id=?
Hibernate: 
    select
        roles0_.user_id as user_id1_11_0_,
        roles0_.roles as roles2_11_0_ 
    from
        user_roles roles0_ 
    where
        roles0_.user_id=?
Hibernate: 
    insert 
    into
        story_pin_like
        (created_at, updated_at, story_pin_id, user_id) 
    values
        (?, ?, ?, ?)
Hibernate: 
    insert 
    into
        story_pin_comment
        (created_at, updated_at, content, story_pin_id, user_id) 
    values
        (?, ?, ?, ?, ?)
Hibernate: 
    select
        user0_.id as id1_10_,
        user0_.created_at as created_2_10_,
        user0_.updated_at as updated_3_10_,
        user0_.age as age4_10_,
        user0_.background_image as backgrou5_10_,
        user0_.email as email6_10_,
        user0_.gender as gender7_10_,
        user0_.hobby as hobby8_10_,
        user0_.introduce as introduc9_10_,
        user0_.job as job10_10_,
        user0_.name as name11_10_,
        user0_.nick_name as nick_na12_10_,
        user0_.phone_num as phone_n13_10_,
        user0_.profile_image as profile14_10_,
        user0_.res_red_number as res_red15_10_,
        user0_.score as score16_10_ 
    from
        user user0_
Hibernate: 
    select
        roles0_.user_id as user_id1_11_0_,
        roles0_.roles as roles2_11_0_ 
    from
        user_roles roles0_ 
    where
        roles0_.user_id=?
Hibernate: 
    select
        roles0_.user_id as user_id1_11_0_,
        roles0_.roles as roles2_11_0_ 
    from
        user_roles roles0_ 
    where
        roles0_.user_id=?
Hibernate: 
    select
        roles0_.user_id as user_id1_11_0_,
        roles0_.roles as roles2_11_0_ 
    from
        user_roles roles0_ 
    where
        roles0_.user_id=?
Hibernate: 
    select
        roles0_.user_id as user_id1_11_0_,
        roles0_.roles as roles2_11_0_ 
    from
        user_roles roles0_ 
    where
        roles0_.user_id=?
Hibernate: 
    select
        roles0_.user_id as user_id1_11_0_,
        roles0_.roles as roles2_11_0_ 
    from
        user_roles roles0_ 
    where
        roles0_.user_id=?
Hibernate: 
    select
        user0_.id as id1_10_,
        user0_.created_at as created_2_10_,
        user0_.updated_at as updated_3_10_,
        user0_.age as age4_10_,
        user0_.background_image as backgrou5_10_,
        user0_.email as email6_10_,
        user0_.gender as gender7_10_,
        user0_.hobby as hobby8_10_,
        user0_.introduce as introduc9_10_,
        user0_.job as job10_10_,
        user0_.name as name11_10_,
        user0_.nick_name as nick_na12_10_,
        user0_.phone_num as phone_n13_10_,
        user0_.profile_image as profile14_10_,
        user0_.res_red_number as res_red15_10_,
        user0_.score as score16_10_ 
    from
        user user0_
Hibernate: 
    select
        roles0_.user_id as user_id1_11_0_,
        roles0_.roles as roles2_11_0_ 
    from
        user_roles roles0_ 
    where
        roles0_.user_id=?
Hibernate: 
    select
        roles0_.user_id as user_id1_11_0_,
        roles0_.roles as roles2_11_0_ 
    from
        user_roles roles0_ 
    where
        roles0_.user_id=?
Hibernate: 
    select
        roles0_.user_id as user_id1_11_0_,
        roles0_.roles as roles2_11_0_ 
    from
        user_roles roles0_ 
    where
        roles0_.user_id=?
Hibernate: 
    select
        roles0_.user_id as user_id1_11_0_,
        roles0_.roles as roles2_11_0_ 
    from
        user_roles roles0_ 
    where
        roles0_.user_id=?
Hibernate: 
    select
        roles0_.user_id as user_id1_11_0_,
        roles0_.roles as roles2_11_0_ 
    from
        user_roles roles0_ 
    where
        roles0_.user_id=?
Hibernate: 
    insert 
    into
        story_pin_like
        (created_at, updated_at, story_pin_id, user_id) 
    values
        (?, ?, ?, ?)
Hibernate: 
    insert 
    into
        story_pin_comment
        (created_at, updated_at, content, story_pin_id, user_id) 
    values
        (?, ?, ?, ?, ?)
Hibernate: 
    select
        user0_.id as id1_10_,
        user0_.created_at as created_2_10_,
        user0_.updated_at as updated_3_10_,
        user0_.age as age4_10_,
        user0_.background_image as backgrou5_10_,
        user0_.email as email6_10_,
        user0_.gender as gender7_10_,
        user0_.hobby as hobby8_10_,
        user0_.introduce as introduc9_10_,
        user0_.job as job10_10_,
        user0_.name as name11_10_,
        user0_.nick_name as nick_na12_10_,
        user0_.phone_num as phone_n13_10_,
        user0_.profile_image as profile14_10_,
        user0_.res_red_number as res_red15_10_,
        user0_.score as score16_10_ 
    from
        user user0_
Hibernate: 
    select
        roles0_.user_id as user_id1_11_0_,
        roles0_.roles as roles2_11_0_ 
    from
        user_roles roles0_ 
    where
        roles0_.user_id=?
Hibernate: 
    select
        roles0_.user_id as user_id1_11_0_,
        roles0_.roles as roles2_11_0_ 
    from
        user_roles roles0_ 
    where
        roles0_.user_id=?
Hibernate: 
    select
        roles0_.user_id as user_id1_11_0_,
        roles0_.roles as roles2_11_0_ 
    from
        user_roles roles0_ 
    where
        roles0_.user_id=?
Hibernate: 
    select
        roles0_.user_id as user_id1_11_0_,
        roles0_.roles as roles2_11_0_ 
    from
        user_roles roles0_ 
    where
        roles0_.user_id=?
Hibernate: 
    select
        roles0_.user_id as user_id1_11_0_,
        roles0_.roles as roles2_11_0_ 
    from
        user_roles roles0_ 
    where
        roles0_.user_id=?
Hibernate: 
    select
        user0_.id as id1_10_,
        user0_.created_at as created_2_10_,
        user0_.updated_at as updated_3_10_,
        user0_.age as age4_10_,
        user0_.background_image as backgrou5_10_,
        user0_.email as email6_10_,
        user0_.gender as gender7_10_,
        user0_.hobby as hobby8_10_,
        user0_.introduce as introduc9_10_,
        user0_.job as job10_10_,
        user0_.name as name11_10_,
        user0_.nick_name as nick_na12_10_,
        user0_.phone_num as phone_n13_10_,
        user0_.profile_image as profile14_10_,
        user0_.res_red_number as res_red15_10_,
        user0_.score as score16_10_ 
    from
        user user0_
Hibernate: 
    select
        roles0_.user_id as user_id1_11_0_,
        roles0_.roles as roles2_11_0_ 
    from
        user_roles roles0_ 
    where
        roles0_.user_id=?
Hibernate: 
    select
        roles0_.user_id as user_id1_11_0_,
        roles0_.roles as roles2_11_0_ 
    from
        user_roles roles0_ 
    where
        roles0_.user_id=?
Hibernate: 
    select
        roles0_.user_id as user_id1_11_0_,
        roles0_.roles as roles2_11_0_ 
    from
        user_roles roles0_ 
    where
        roles0_.user_id=?
Hibernate: 
    select
        roles0_.user_id as user_id1_11_0_,
        roles0_.roles as roles2_11_0_ 
    from
        user_roles roles0_ 
    where
        roles0_.user_id=?
Hibernate: 
    select
        roles0_.user_id as user_id1_11_0_,
        roles0_.roles as roles2_11_0_ 
    from
        user_roles roles0_ 
    where
        roles0_.user_id=?
Hibernate: 
    insert 
    into
        story_pin_like
        (created_at, updated_at, story_pin_id, user_id) 
    values
        (?, ?, ?, ?)
Hibernate: 
    insert 
    into
        story_pin_comment
        (created_at, updated_at, content, story_pin_id, user_id) 
    values
        (?, ?, ?, ?, ?)
Hibernate: 
    select
        user0_.id as id1_10_,
        user0_.created_at as created_2_10_,
        user0_.updated_at as updated_3_10_,
        user0_.age as age4_10_,
        user0_.background_image as backgrou5_10_,
        user0_.email as email6_10_,
        user0_.gender as gender7_10_,
        user0_.hobby as hobby8_10_,
        user0_.introduce as introduc9_10_,
        user0_.job as job10_10_,
        user0_.name as name11_10_,
        user0_.nick_name as nick_na12_10_,
        user0_.phone_num as phone_n13_10_,
        user0_.profile_image as profile14_10_,
        user0_.res_red_number as res_red15_10_,
        user0_.score as score16_10_ 
    from
        user user0_
Hibernate: 
    select
        roles0_.user_id as user_id1_11_0_,
        roles0_.roles as roles2_11_0_ 
    from
        user_roles roles0_ 
    where
        roles0_.user_id=?
Hibernate: 
    select
        roles0_.user_id as user_id1_11_0_,
        roles0_.roles as roles2_11_0_ 
    from
        user_roles roles0_ 
    where
        roles0_.user_id=?
Hibernate: 
    select
        roles0_.user_id as user_id1_11_0_,
        roles0_.roles as roles2_11_0_ 
    from
        user_roles roles0_ 
    where
        roles0_.user_id=?
Hibernate: 
    select
        roles0_.user_id as user_id1_11_0_,
        roles0_.roles as roles2_11_0_ 
    from
        user_roles roles0_ 
    where
        roles0_.user_id=?
Hibernate: 
    select
        roles0_.user_id as user_id1_11_0_,
        roles0_.roles as roles2_11_0_ 
    from
        user_roles roles0_ 
    where
        roles0_.user_id=?
Hibernate: 
    select
        user0_.id as id1_10_,
        user0_.created_at as created_2_10_,
        user0_.updated_at as updated_3_10_,
        user0_.age as age4_10_,
        user0_.background_image as backgrou5_10_,
        user0_.email as email6_10_,
        user0_.gender as gender7_10_,
        user0_.hobby as hobby8_10_,
        user0_.introduce as introduc9_10_,
        user0_.job as job10_10_,
        user0_.name as name11_10_,
        user0_.nick_name as nick_na12_10_,
        user0_.phone_num as phone_n13_10_,
        user0_.profile_image as profile14_10_,
        user0_.res_red_number as res_red15_10_,
        user0_.score as score16_10_ 
    from
        user user0_
Hibernate: 
    select
        roles0_.user_id as user_id1_11_0_,
        roles0_.roles as roles2_11_0_ 
    from
        user_roles roles0_ 
    where
        roles0_.user_id=?
Hibernate: 
    select
        roles0_.user_id as user_id1_11_0_,
        roles0_.roles as roles2_11_0_ 
    from
        user_roles roles0_ 
    where
        roles0_.user_id=?
Hibernate: 
    select
        roles0_.user_id as user_id1_11_0_,
        roles0_.roles as roles2_11_0_ 
    from
        user_roles roles0_ 
    where
        roles0_.user_id=?
Hibernate: 
    select
        roles0_.user_id as user_id1_11_0_,
        roles0_.roles as roles2_11_0_ 
    from
        user_roles roles0_ 
    where
        roles0_.user_id=?
Hibernate: 
    select
        roles0_.user_id as user_id1_11_0_,
        roles0_.roles as roles2_11_0_ 
    from
        user_roles roles0_ 
    where
        roles0_.user_id=?
Hibernate: 
    insert 
    into
        story_pin_like
        (created_at, updated_at, story_pin_id, user_id) 
    values
        (?, ?, ?, ?)
Hibernate: 
    insert 
    into
        story_pin_comment
        (created_at, updated_at, content, story_pin_id, user_id) 
    values
        (?, ?, ?, ?, ?)
Hibernate: 
    select
        user0_.id as id1_10_,
        user0_.created_at as created_2_10_,
        user0_.updated_at as updated_3_10_,
        user0_.age as age4_10_,
        user0_.background_image as backgrou5_10_,
        user0_.email as email6_10_,
        user0_.gender as gender7_10_,
        user0_.hobby as hobby8_10_,
        user0_.introduce as introduc9_10_,
        user0_.job as job10_10_,
        user0_.name as name11_10_,
        user0_.nick_name as nick_na12_10_,
        user0_.phone_num as phone_n13_10_,
        user0_.profile_image as profile14_10_,
        user0_.res_red_number as res_red15_10_,
        user0_.score as score16_10_ 
    from
        user user0_
Hibernate: 
    select
        roles0_.user_id as user_id1_11_0_,
        roles0_.roles as roles2_11_0_ 
    from
        user_roles roles0_ 
    where
        roles0_.user_id=?
Hibernate: 
    select
        roles0_.user_id as user_id1_11_0_,
        roles0_.roles as roles2_11_0_ 
    from
        user_roles roles0_ 
    where
        roles0_.user_id=?
Hibernate: 
    select
        roles0_.user_id as user_id1_11_0_,
        roles0_.roles as roles2_11_0_ 
    from
        user_roles roles0_ 
    where
        roles0_.user_id=?
Hibernate: 
    select
        roles0_.user_id as user_id1_11_0_,
        roles0_.roles as roles2_11_0_ 
    from
        user_roles roles0_ 
    where
        roles0_.user_id=?
Hibernate: 
    select
        roles0_.user_id as user_id1_11_0_,
        roles0_.roles as roles2_11_0_ 
    from
        user_roles roles0_ 
    where
        roles0_.user_id=?
Hibernate: 
    select
        user0_.id as id1_10_,
        user0_.created_at as created_2_10_,
        user0_.updated_at as updated_3_10_,
        user0_.age as age4_10_,
        user0_.background_image as backgrou5_10_,
        user0_.email as email6_10_,
        user0_.gender as gender7_10_,
        user0_.hobby as hobby8_10_,
        user0_.introduce as introduc9_10_,
        user0_.job as job10_10_,
        user0_.name as name11_10_,
        user0_.nick_name as nick_na12_10_,
        user0_.phone_num as phone_n13_10_,
        user0_.profile_image as profile14_10_,
        user0_.res_red_number as res_red15_10_,
        user0_.score as score16_10_ 
    from
        user user0_
Hibernate: 
    select
        roles0_.user_id as user_id1_11_0_,
        roles0_.roles as roles2_11_0_ 
    from
        user_roles roles0_ 
    where
        roles0_.user_id=?
Hibernate: 
    select
        roles0_.user_id as user_id1_11_0_,
        roles0_.roles as roles2_11_0_ 
    from
        user_roles roles0_ 
    where
        roles0_.user_id=?
Hibernate: 
    select
        roles0_.user_id as user_id1_11_0_,
        roles0_.roles as roles2_11_0_ 
    from
        user_roles roles0_ 
    where
        roles0_.user_id=?
Hibernate: 
    select
        roles0_.user_id as user_id1_11_0_,
        roles0_.roles as roles2_11_0_ 
    from
        user_roles roles0_ 
    where
        roles0_.user_id=?
Hibernate: 
    select
        roles0_.user_id as user_id1_11_0_,
        roles0_.roles as roles2_11_0_ 
    from
        user_roles roles0_ 
    where
        roles0_.user_id=?
Hibernate: 
    insert 
    into
        story_pin_like
        (created_at, updated_at, story_pin_id, user_id) 
    values
        (?, ?, ?, ?)
Hibernate: 
    insert 
    into
        story_pin_comment
        (created_at, updated_at, content, story_pin_id, user_id) 
    values
        (?, ?, ?, ?, ?)
Hibernate: 
    select
        user0_.id as id1_10_,
        user0_.created_at as created_2_10_,
        user0_.updated_at as updated_3_10_,
        user0_.age as age4_10_,
        user0_.background_image as backgrou5_10_,
        user0_.email as email6_10_,
        user0_.gender as gender7_10_,
        user0_.hobby as hobby8_10_,
        user0_.introduce as introduc9_10_,
        user0_.job as job10_10_,
        user0_.name as name11_10_,
        user0_.nick_name as nick_na12_10_,
        user0_.phone_num as phone_n13_10_,
        user0_.profile_image as profile14_10_,
        user0_.res_red_number as res_red15_10_,
        user0_.score as score16_10_ 
    from
        user user0_
Hibernate: 
    select
        roles0_.user_id as user_id1_11_0_,
        roles0_.roles as roles2_11_0_ 
    from
        user_roles roles0_ 
    where
        roles0_.user_id=?
Hibernate: 
    select
        roles0_.user_id as user_id1_11_0_,
        roles0_.roles as roles2_11_0_ 
    from
        user_roles roles0_ 
    where
        roles0_.user_id=?
Hibernate: 
    select
        roles0_.user_id as user_id1_11_0_,
        roles0_.roles as roles2_11_0_ 
    from
        user_roles roles0_ 
    where
        roles0_.user_id=?
Hibernate: 
    select
        roles0_.user_id as user_id1_11_0_,
        roles0_.roles as roles2_11_0_ 
    from
        user_roles roles0_ 
    where
        roles0_.user_id=?
Hibernate: 
    select
        roles0_.user_id as user_id1_11_0_,
        roles0_.roles as roles2_11_0_ 
    from
        user_roles roles0_ 
    where
        roles0_.user_id=?
Hibernate: 
    select
        user0_.id as id1_10_,
        user0_.created_at as created_2_10_,
        user0_.updated_at as updated_3_10_,
        user0_.age as age4_10_,
        user0_.background_image as backgrou5_10_,
        user0_.email as email6_10_,
        user0_.gender as gender7_10_,
        user0_.hobby as hobby8_10_,
        user0_.introduce as introduc9_10_,
        user0_.job as job10_10_,
        user0_.name as name11_10_,
        user0_.nick_name as nick_na12_10_,
        user0_.phone_num as phone_n13_10_,
        user0_.profile_image as profile14_10_,
        user0_.res_red_number as res_red15_10_,
        user0_.score as score16_10_ 
    from
        user user0_
Hibernate: 
    select
        roles0_.user_id as user_id1_11_0_,
        roles0_.roles as roles2_11_0_ 
    from
        user_roles roles0_ 
    where
        roles0_.user_id=?
Hibernate: 
    select
        roles0_.user_id as user_id1_11_0_,
        roles0_.roles as roles2_11_0_ 
    from
        user_roles roles0_ 
    where
        roles0_.user_id=?
Hibernate: 
    select
        roles0_.user_id as user_id1_11_0_,
        roles0_.roles as roles2_11_0_ 
    from
        user_roles roles0_ 
    where
        roles0_.user_id=?
Hibernate: 
    select
        roles0_.user_id as user_id1_11_0_,
        roles0_.roles as roles2_11_0_ 
    from
        user_roles roles0_ 
    where
        roles0_.user_id=?
Hibernate: 
    select
        roles0_.user_id as user_id1_11_0_,
        roles0_.roles as roles2_11_0_ 
    from
        user_roles roles0_ 
    where
        roles0_.user_id=?
Hibernate: 
    insert 
    into
        story_pin_like
        (created_at, updated_at, story_pin_id, user_id) 
    values
        (?, ?, ?, ?)
Hibernate: 
    insert 
    into
        story_pin_comment
        (created_at, updated_at, content, story_pin_id, user_id) 
    values
        (?, ?, ?, ?, ?)
Hibernate: 
    select
        user0_.id as id1_10_,
        user0_.created_at as created_2_10_,
        user0_.updated_at as updated_3_10_,
        user0_.age as age4_10_,
        user0_.background_image as backgrou5_10_,
        user0_.email as email6_10_,
        user0_.gender as gender7_10_,
        user0_.hobby as hobby8_10_,
        user0_.introduce as introduc9_10_,
        user0_.job as job10_10_,
        user0_.name as name11_10_,
        user0_.nick_name as nick_na12_10_,
        user0_.phone_num as phone_n13_10_,
        user0_.profile_image as profile14_10_,
        user0_.res_red_number as res_red15_10_,
        user0_.score as score16_10_ 
    from
        user user0_
Hibernate: 
    select
        roles0_.user_id as user_id1_11_0_,
        roles0_.roles as roles2_11_0_ 
    from
        user_roles roles0_ 
    where
        roles0_.user_id=?
Hibernate: 
    select
        roles0_.user_id as user_id1_11_0_,
        roles0_.roles as roles2_11_0_ 
    from
        user_roles roles0_ 
    where
        roles0_.user_id=?
Hibernate: 
    select
        roles0_.user_id as user_id1_11_0_,
        roles0_.roles as roles2_11_0_ 
    from
        user_roles roles0_ 
    where
        roles0_.user_id=?
Hibernate: 
    select
        roles0_.user_id as user_id1_11_0_,
        roles0_.roles as roles2_11_0_ 
    from
        user_roles roles0_ 
    where
        roles0_.user_id=?
Hibernate: 
    select
        roles0_.user_id as user_id1_11_0_,
        roles0_.roles as roles2_11_0_ 
    from
        user_roles roles0_ 
    where
        roles0_.user_id=?
Hibernate: 
    select
        user0_.id as id1_10_,
        user0_.created_at as created_2_10_,
        user0_.updated_at as updated_3_10_,
        user0_.age as age4_10_,
        user0_.background_image as backgrou5_10_,
        user0_.email as email6_10_,
        user0_.gender as gender7_10_,
        user0_.hobby as hobby8_10_,
        user0_.introduce as introduc9_10_,
        user0_.job as job10_10_,
        user0_.name as name11_10_,
        user0_.nick_name as nick_na12_10_,
        user0_.phone_num as phone_n13_10_,
        user0_.profile_image as profile14_10_,
        user0_.res_red_number as res_red15_10_,
        user0_.score as score16_10_ 
    from
        user user0_
Hibernate: 
    select
        roles0_.user_id as user_id1_11_0_,
        roles0_.roles as roles2_11_0_ 
    from
        user_roles roles0_ 
    where
        roles0_.user_id=?
Hibernate: 
    select
        roles0_.user_id as user_id1_11_0_,
        roles0_.roles as roles2_11_0_ 
    from
        user_roles roles0_ 
    where
        roles0_.user_id=?
Hibernate: 
    select
        roles0_.user_id as user_id1_11_0_,
        roles0_.roles as roles2_11_0_ 
    from
        user_roles roles0_ 
    where
        roles0_.user_id=?
Hibernate: 
    select
        roles0_.user_id as user_id1_11_0_,
        roles0_.roles as roles2_11_0_ 
    from
        user_roles roles0_ 
    where
        roles0_.user_id=?
Hibernate: 
    select
        roles0_.user_id as user_id1_11_0_,
        roles0_.roles as roles2_11_0_ 
    from
        user_roles roles0_ 
    where
        roles0_.user_id=?
Hibernate: 
    insert 
    into
        story_pin_like
        (created_at, updated_at, story_pin_id, user_id) 
    values
        (?, ?, ?, ?)
Hibernate: 
    insert 
    into
        story_pin_comment
        (created_at, updated_at, content, story_pin_id, user_id) 
    values
        (?, ?, ?, ?, ?)
Hibernate: 
    select
        user0_.id as id1_10_,
        user0_.created_at as created_2_10_,
        user0_.updated_at as updated_3_10_,
        user0_.age as age4_10_,
        user0_.background_image as backgrou5_10_,
        user0_.email as email6_10_,
        user0_.gender as gender7_10_,
        user0_.hobby as hobby8_10_,
        user0_.introduce as introduc9_10_,
        user0_.job as job10_10_,
        user0_.name as name11_10_,
        user0_.nick_name as nick_na12_10_,
        user0_.phone_num as phone_n13_10_,
        user0_.profile_image as profile14_10_,
        user0_.res_red_number as res_red15_10_,
        user0_.score as score16_10_ 
    from
        user user0_
Hibernate: 
    select
        roles0_.user_id as user_id1_11_0_,
        roles0_.roles as roles2_11_0_ 
    from
        user_roles roles0_ 
    where
        roles0_.user_id=?
Hibernate: 
    select
        roles0_.user_id as user_id1_11_0_,
        roles0_.roles as roles2_11_0_ 
    from
        user_roles roles0_ 
    where
        roles0_.user_id=?
Hibernate: 
    select
        roles0_.user_id as user_id1_11_0_,
        roles0_.roles as roles2_11_0_ 
    from
        user_roles roles0_ 
    where
        roles0_.user_id=?
Hibernate: 
    select
        roles0_.user_id as user_id1_11_0_,
        roles0_.roles as roles2_11_0_ 
    from
        user_roles roles0_ 
    where
        roles0_.user_id=?
Hibernate: 
    select
        roles0_.user_id as user_id1_11_0_,
        roles0_.roles as roles2_11_0_ 
    from
        user_roles roles0_ 
    where
        roles0_.user_id=?
Hibernate: 
    select
        user0_.id as id1_10_,
        user0_.created_at as created_2_10_,
        user0_.updated_at as updated_3_10_,
        user0_.age as age4_10_,
        user0_.background_image as backgrou5_10_,
        user0_.email as email6_10_,
        user0_.gender as gender7_10_,
        user0_.hobby as hobby8_10_,
        user0_.introduce as introduc9_10_,
        user0_.job as job10_10_,
        user0_.name as name11_10_,
        user0_.nick_name as nick_na12_10_,
        user0_.phone_num as phone_n13_10_,
        user0_.profile_image as profile14_10_,
        user0_.res_red_number as res_red15_10_,
        user0_.score as score16_10_ 
    from
        user user0_
Hibernate: 
    select
        roles0_.user_id as user_id1_11_0_,
        roles0_.roles as roles2_11_0_ 
    from
        user_roles roles0_ 
    where
        roles0_.user_id=?
Hibernate: 
    select
        roles0_.user_id as user_id1_11_0_,
        roles0_.roles as roles2_11_0_ 
    from
        user_roles roles0_ 
    where
        roles0_.user_id=?
Hibernate: 
    select
        roles0_.user_id as user_id1_11_0_,
        roles0_.roles as roles2_11_0_ 
    from
        user_roles roles0_ 
    where
        roles0_.user_id=?
Hibernate: 
    select
        roles0_.user_id as user_id1_11_0_,
        roles0_.roles as roles2_11_0_ 
    from
        user_roles roles0_ 
    where
        roles0_.user_id=?
Hibernate: 
    select
        roles0_.user_id as user_id1_11_0_,
        roles0_.roles as roles2_11_0_ 
    from
        user_roles roles0_ 
    where
        roles0_.user_id=?
Hibernate: 
    insert 
    into
        story_pin_like
        (created_at, updated_at, story_pin_id, user_id) 
    values
        (?, ?, ?, ?)
Hibernate: 
    insert 
    into
        story_pin_comment
        (created_at, updated_at, content, story_pin_id, user_id) 
    values
        (?, ?, ?, ?, ?)
Hibernate: 
    select
        user0_.id as id1_10_,
        user0_.created_at as created_2_10_,
        user0_.updated_at as updated_3_10_,
        user0_.age as age4_10_,
        user0_.background_image as backgrou5_10_,
        user0_.email as email6_10_,
        user0_.gender as gender7_10_,
        user0_.hobby as hobby8_10_,
        user0_.introduce as introduc9_10_,
        user0_.job as job10_10_,
        user0_.name as name11_10_,
        user0_.nick_name as nick_na12_10_,
        user0_.phone_num as phone_n13_10_,
        user0_.profile_image as profile14_10_,
        user0_.res_red_number as res_red15_10_,
        user0_.score as score16_10_ 
    from
        user user0_
Hibernate: 
    select
        roles0_.user_id as user_id1_11_0_,
        roles0_.roles as roles2_11_0_ 
    from
        user_roles roles0_ 
    where
        roles0_.user_id=?
Hibernate: 
    select
        roles0_.user_id as user_id1_11_0_,
        roles0_.roles as roles2_11_0_ 
    from
        user_roles roles0_ 
    where
        roles0_.user_id=?
Hibernate: 
    select
        roles0_.user_id as user_id1_11_0_,
        roles0_.roles as roles2_11_0_ 
    from
        user_roles roles0_ 
    where
        roles0_.user_id=?
Hibernate: 
    select
        roles0_.user_id as user_id1_11_0_,
        roles0_.roles as roles2_11_0_ 
    from
        user_roles roles0_ 
    where
        roles0_.user_id=?
Hibernate: 
    select
        roles0_.user_id as user_id1_11_0_,
        roles0_.roles as roles2_11_0_ 
    from
        user_roles roles0_ 
    where
        roles0_.user_id=?
Hibernate: 
    select
        user0_.id as id1_10_,
        user0_.created_at as created_2_10_,
        user0_.updated_at as updated_3_10_,
        user0_.age as age4_10_,
        user0_.background_image as backgrou5_10_,
        user0_.email as email6_10_,
        user0_.gender as gender7_10_,
        user0_.hobby as hobby8_10_,
        user0_.introduce as introduc9_10_,
        user0_.job as job10_10_,
        user0_.name as name11_10_,
        user0_.nick_name as nick_na12_10_,
        user0_.phone_num as phone_n13_10_,
        user0_.profile_image as profile14_10_,
        user0_.res_red_number as res_red15_10_,
        user0_.score as score16_10_ 
    from
        user user0_
Hibernate: 
    select
        roles0_.user_id as user_id1_11_0_,
        roles0_.roles as roles2_11_0_ 
    from
        user_roles roles0_ 
    where
        roles0_.user_id=?
Hibernate: 
    select
        roles0_.user_id as user_id1_11_0_,
        roles0_.roles as roles2_11_0_ 
    from
        user_roles roles0_ 
    where
        roles0_.user_id=?
Hibernate: 
    select
        roles0_.user_id as user_id1_11_0_,
        roles0_.roles as roles2_11_0_ 
    from
        user_roles roles0_ 
    where
        roles0_.user_id=?
Hibernate: 
    select
        roles0_.user_id as user_id1_11_0_,
        roles0_.roles as roles2_11_0_ 
    from
        user_roles roles0_ 
    where
        roles0_.user_id=?
Hibernate: 
    select
        roles0_.user_id as user_id1_11_0_,
        roles0_.roles as roles2_11_0_ 
    from
        user_roles roles0_ 
    where
        roles0_.user_id=?
Hibernate: 
    insert 
    into
        story_pin_like
        (created_at, updated_at, story_pin_id, user_id) 
    values
        (?, ?, ?, ?)
Hibernate: 
    insert 
    into
        story_pin_comment
        (created_at, updated_at, content, story_pin_id, user_id) 
    values
        (?, ?, ?, ?, ?)
Hibernate: 
    select
        user0_.id as id1_10_,
        user0_.created_at as created_2_10_,
        user0_.updated_at as updated_3_10_,
        user0_.age as age4_10_,
        user0_.background_image as backgrou5_10_,
        user0_.email as email6_10_,
        user0_.gender as gender7_10_,
        user0_.hobby as hobby8_10_,
        user0_.introduce as introduc9_10_,
        user0_.job as job10_10_,
        user0_.name as name11_10_,
        user0_.nick_name as nick_na12_10_,
        user0_.phone_num as phone_n13_10_,
        user0_.profile_image as profile14_10_,
        user0_.res_red_number as res_red15_10_,
        user0_.score as score16_10_ 
    from
        user user0_
Hibernate: 
    select
        roles0_.user_id as user_id1_11_0_,
        roles0_.roles as roles2_11_0_ 
    from
        user_roles roles0_ 
    where
        roles0_.user_id=?
Hibernate: 
    select
        roles0_.user_id as user_id1_11_0_,
        roles0_.roles as roles2_11_0_ 
    from
        user_roles roles0_ 
    where
        roles0_.user_id=?
Hibernate: 
    select
        roles0_.user_id as user_id1_11_0_,
        roles0_.roles as roles2_11_0_ 
    from
        user_roles roles0_ 
    where
        roles0_.user_id=?
Hibernate: 
    select
        roles0_.user_id as user_id1_11_0_,
        roles0_.roles as roles2_11_0_ 
    from
        user_roles roles0_ 
    where
        roles0_.user_id=?
Hibernate: 
    select
        roles0_.user_id as user_id1_11_0_,
        roles0_.roles as roles2_11_0_ 
    from
        user_roles roles0_ 
    where
        roles0_.user_id=?
Hibernate: 
    select
        user0_.id as id1_10_,
        user0_.created_at as created_2_10_,
        user0_.updated_at as updated_3_10_,
        user0_.age as age4_10_,
        user0_.background_image as backgrou5_10_,
        user0_.email as email6_10_,
        user0_.gender as gender7_10_,
        user0_.hobby as hobby8_10_,
        user0_.introduce as introduc9_10_,
        user0_.job as job10_10_,
        user0_.name as name11_10_,
        user0_.nick_name as nick_na12_10_,
        user0_.phone_num as phone_n13_10_,
        user0_.profile_image as profile14_10_,
        user0_.res_red_number as res_red15_10_,
        user0_.score as score16_10_ 
    from
        user user0_
Hibernate: 
    select
        roles0_.user_id as user_id1_11_0_,
        roles0_.roles as roles2_11_0_ 
    from
        user_roles roles0_ 
    where
        roles0_.user_id=?
Hibernate: 
    select
        roles0_.user_id as user_id1_11_0_,
        roles0_.roles as roles2_11_0_ 
    from
        user_roles roles0_ 
    where
        roles0_.user_id=?
Hibernate: 
    select
        roles0_.user_id as user_id1_11_0_,
        roles0_.roles as roles2_11_0_ 
    from
        user_roles roles0_ 
    where
        roles0_.user_id=?
Hibernate: 
    select
        roles0_.user_id as user_id1_11_0_,
        roles0_.roles as roles2_11_0_ 
    from
        user_roles roles0_ 
    where
        roles0_.user_id=?
Hibernate: 
    select
        roles0_.user_id as user_id1_11_0_,
        roles0_.roles as roles2_11_0_ 
    from
        user_roles roles0_ 
    where
        roles0_.user_id=?
Hibernate: 
    insert 
    into
        story_pin_like
        (created_at, updated_at, story_pin_id, user_id) 
    values
        (?, ?, ?, ?)
Hibernate: 
    insert 
    into
        story_pin_comment
        (created_at, updated_at, content, story_pin_id, user_id) 
    values
        (?, ?, ?, ?, ?)
Hibernate: 
    select
        user0_.id as id1_10_,
        user0_.created_at as created_2_10_,
        user0_.updated_at as updated_3_10_,
        user0_.age as age4_10_,
        user0_.background_image as backgrou5_10_,
        user0_.email as email6_10_,
        user0_.gender as gender7_10_,
        user0_.hobby as hobby8_10_,
        user0_.introduce as introduc9_10_,
        user0_.job as job10_10_,
        user0_.name as name11_10_,
        user0_.nick_name as nick_na12_10_,
        user0_.phone_num as phone_n13_10_,
        user0_.profile_image as profile14_10_,
        user0_.res_red_number as res_red15_10_,
        user0_.score as score16_10_ 
    from
        user user0_
Hibernate: 
    select
        roles0_.user_id as user_id1_11_0_,
        roles0_.roles as roles2_11_0_ 
    from
        user_roles roles0_ 
    where
        roles0_.user_id=?
Hibernate: 
    select
        roles0_.user_id as user_id1_11_0_,
        roles0_.roles as roles2_11_0_ 
    from
        user_roles roles0_ 
    where
        roles0_.user_id=?
Hibernate: 
    select
        roles0_.user_id as user_id1_11_0_,
        roles0_.roles as roles2_11_0_ 
    from
        user_roles roles0_ 
    where
        roles0_.user_id=?
Hibernate: 
    select
        roles0_.user_id as user_id1_11_0_,
        roles0_.roles as roles2_11_0_ 
    from
        user_roles roles0_ 
    where
        roles0_.user_id=?
Hibernate: 
    select
        roles0_.user_id as user_id1_11_0_,
        roles0_.roles as roles2_11_0_ 
    from
        user_roles roles0_ 
    where
        roles0_.user_id=?
Hibernate: 
    select
        user0_.id as id1_10_,
        user0_.created_at as created_2_10_,
        user0_.updated_at as updated_3_10_,
        user0_.age as age4_10_,
        user0_.background_image as backgrou5_10_,
        user0_.email as email6_10_,
        user0_.gender as gender7_10_,
        user0_.hobby as hobby8_10_,
        user0_.introduce as introduc9_10_,
        user0_.job as job10_10_,
        user0_.name as name11_10_,
        user0_.nick_name as nick_na12_10_,
        user0_.phone_num as phone_n13_10_,
        user0_.profile_image as profile14_10_,
        user0_.res_red_number as res_red15_10_,
        user0_.score as score16_10_ 
    from
        user user0_
Hibernate: 
    select
        roles0_.user_id as user_id1_11_0_,
        roles0_.roles as roles2_11_0_ 
    from
        user_roles roles0_ 
    where
        roles0_.user_id=?
Hibernate: 
    select
        roles0_.user_id as user_id1_11_0_,
        roles0_.roles as roles2_11_0_ 
    from
        user_roles roles0_ 
    where
        roles0_.user_id=?
Hibernate: 
    select
        roles0_.user_id as user_id1_11_0_,
        roles0_.roles as roles2_11_0_ 
    from
        user_roles roles0_ 
    where
        roles0_.user_id=?
Hibernate: 
    select
        roles0_.user_id as user_id1_11_0_,
        roles0_.roles as roles2_11_0_ 
    from
        user_roles roles0_ 
    where
        roles0_.user_id=?
Hibernate: 
    select
        roles0_.user_id as user_id1_11_0_,
        roles0_.roles as roles2_11_0_ 
    from
        user_roles roles0_ 
    where
        roles0_.user_id=?
Hibernate: 
    insert 
    into
        story_pin_like
        (created_at, updated_at, story_pin_id, user_id) 
    values
        (?, ?, ?, ?)
Hibernate: 
    insert 
    into
        story_pin_comment
        (created_at, updated_at, content, story_pin_id, user_id) 
    values
        (?, ?, ?, ?, ?)
Hibernate: 
    select
        user0_.id as id1_10_,
        user0_.created_at as created_2_10_,
        user0_.updated_at as updated_3_10_,
        user0_.age as age4_10_,
        user0_.background_image as backgrou5_10_,
        user0_.email as email6_10_,
        user0_.gender as gender7_10_,
        user0_.hobby as hobby8_10_,
        user0_.introduce as introduc9_10_,
        user0_.job as job10_10_,
        user0_.name as name11_10_,
        user0_.nick_name as nick_na12_10_,
        user0_.phone_num as phone_n13_10_,
        user0_.profile_image as profile14_10_,
        user0_.res_red_number as res_red15_10_,
        user0_.score as score16_10_ 
    from
        user user0_
Hibernate: 
    select
        roles0_.user_id as user_id1_11_0_,
        roles0_.roles as roles2_11_0_ 
    from
        user_roles roles0_ 
    where
        roles0_.user_id=?
Hibernate: 
    select
        roles0_.user_id as user_id1_11_0_,
        roles0_.roles as roles2_11_0_ 
    from
        user_roles roles0_ 
    where
        roles0_.user_id=?
Hibernate: 
    select
        roles0_.user_id as user_id1_11_0_,
        roles0_.roles as roles2_11_0_ 
    from
        user_roles roles0_ 
    where
        roles0_.user_id=?
Hibernate: 
    select
        roles0_.user_id as user_id1_11_0_,
        roles0_.roles as roles2_11_0_ 
    from
        user_roles roles0_ 
    where
        roles0_.user_id=?
Hibernate: 
    select
        roles0_.user_id as user_id1_11_0_,
        roles0_.roles as roles2_11_0_ 
    from
        user_roles roles0_ 
    where
        roles0_.user_id=?
Hibernate: 
    select
        user0_.id as id1_10_,
        user0_.created_at as created_2_10_,
        user0_.updated_at as updated_3_10_,
        user0_.age as age4_10_,
        user0_.background_image as backgrou5_10_,
        user0_.email as email6_10_,
        user0_.gender as gender7_10_,
        user0_.hobby as hobby8_10_,
        user0_.introduce as introduc9_10_,
        user0_.job as job10_10_,
        user0_.name as name11_10_,
        user0_.nick_name as nick_na12_10_,
        user0_.phone_num as phone_n13_10_,
        user0_.profile_image as profile14_10_,
        user0_.res_red_number as res_red15_10_,
        user0_.score as score16_10_ 
    from
        user user0_
Hibernate: 
    select
        roles0_.user_id as user_id1_11_0_,
        roles0_.roles as roles2_11_0_ 
    from
        user_roles roles0_ 
    where
        roles0_.user_id=?
Hibernate: 
    select
        roles0_.user_id as user_id1_11_0_,
        roles0_.roles as roles2_11_0_ 
    from
        user_roles roles0_ 
    where
        roles0_.user_id=?
Hibernate: 
    select
        roles0_.user_id as user_id1_11_0_,
        roles0_.roles as roles2_11_0_ 
    from
        user_roles roles0_ 
    where
        roles0_.user_id=?
Hibernate: 
    select
        roles0_.user_id as user_id1_11_0_,
        roles0_.roles as roles2_11_0_ 
    from
        user_roles roles0_ 
    where
        roles0_.user_id=?
Hibernate: 
    select
        roles0_.user_id as user_id1_11_0_,
        roles0_.roles as roles2_11_0_ 
    from
        user_roles roles0_ 
    where
        roles0_.user_id=?
Hibernate: 
    insert 
    into
        story_pin_like
        (created_at, updated_at, story_pin_id, user_id) 
    values
        (?, ?, ?, ?)
Hibernate: 
    insert 
    into
        story_pin_comment
        (created_at, updated_at, content, story_pin_id, user_id) 
    values
        (?, ?, ?, ?, ?)
Hibernate: 
    select
        user0_.id as id1_10_,
        user0_.created_at as created_2_10_,
        user0_.updated_at as updated_3_10_,
        user0_.age as age4_10_,
        user0_.background_image as backgrou5_10_,
        user0_.email as email6_10_,
        user0_.gender as gender7_10_,
        user0_.hobby as hobby8_10_,
        user0_.introduce as introduc9_10_,
        user0_.job as job10_10_,
        user0_.name as name11_10_,
        user0_.nick_name as nick_na12_10_,
        user0_.phone_num as phone_n13_10_,
        user0_.profile_image as profile14_10_,
        user0_.res_red_number as res_red15_10_,
        user0_.score as score16_10_ 
    from
        user user0_
Hibernate: 
    select
        roles0_.user_id as user_id1_11_0_,
        roles0_.roles as roles2_11_0_ 
    from
        user_roles roles0_ 
    where
        roles0_.user_id=?
Hibernate: 
    select
        roles0_.user_id as user_id1_11_0_,
        roles0_.roles as roles2_11_0_ 
    from
        user_roles roles0_ 
    where
        roles0_.user_id=?
Hibernate: 
    select
        roles0_.user_id as user_id1_11_0_,
        roles0_.roles as roles2_11_0_ 
    from
        user_roles roles0_ 
    where
        roles0_.user_id=?
Hibernate: 
    select
        roles0_.user_id as user_id1_11_0_,
        roles0_.roles as roles2_11_0_ 
    from
        user_roles roles0_ 
    where
        roles0_.user_id=?
Hibernate: 
    select
        roles0_.user_id as user_id1_11_0_,
        roles0_.roles as roles2_11_0_ 
    from
        user_roles roles0_ 
    where
        roles0_.user_id=?
Hibernate: 
    select
        user0_.id as id1_10_,
        user0_.created_at as created_2_10_,
        user0_.updated_at as updated_3_10_,
        user0_.age as age4_10_,
        user0_.background_image as backgrou5_10_,
        user0_.email as email6_10_,
        user0_.gender as gender7_10_,
        user0_.hobby as hobby8_10_,
        user0_.introduce as introduc9_10_,
        user0_.job as job10_10_,
        user0_.name as name11_10_,
        user0_.nick_name as nick_na12_10_,
        user0_.phone_num as phone_n13_10_,
        user0_.profile_image as profile14_10_,
        user0_.res_red_number as res_red15_10_,
        user0_.score as score16_10_ 
    from
        user user0_
Hibernate: 
    select
        roles0_.user_id as user_id1_11_0_,
        roles0_.roles as roles2_11_0_ 
    from
        user_roles roles0_ 
    where
        roles0_.user_id=?
Hibernate: 
    select
        roles0_.user_id as user_id1_11_0_,
        roles0_.roles as roles2_11_0_ 
    from
        user_roles roles0_ 
    where
        roles0_.user_id=?
Hibernate: 
    select
        roles0_.user_id as user_id1_11_0_,
        roles0_.roles as roles2_11_0_ 
    from
        user_roles roles0_ 
    where
        roles0_.user_id=?
Hibernate: 
    select
        roles0_.user_id as user_id1_11_0_,
        roles0_.roles as roles2_11_0_ 
    from
        user_roles roles0_ 
    where
        roles0_.user_id=?
Hibernate: 
    select
        roles0_.user_id as user_id1_11_0_,
        roles0_.roles as roles2_11_0_ 
    from
        user_roles roles0_ 
    where
        roles0_.user_id=?
Hibernate: 
    insert 
    into
        story_pin_like
        (created_at, updated_at, story_pin_id, user_id) 
    values
        (?, ?, ?, ?)
Hibernate: 
    insert 
    into
        story_pin_comment
        (created_at, updated_at, content, story_pin_id, user_id) 
    values
        (?, ?, ?, ?, ?)
Hibernate: 
    select
        user0_.id as id1_10_,
        user0_.created_at as created_2_10_,
        user0_.updated_at as updated_3_10_,
        user0_.age as age4_10_,
        user0_.background_image as backgrou5_10_,
        user0_.email as email6_10_,
        user0_.gender as gender7_10_,
        user0_.hobby as hobby8_10_,
        user0_.introduce as introduc9_10_,
        user0_.job as job10_10_,
        user0_.name as name11_10_,
        user0_.nick_name as nick_na12_10_,
        user0_.phone_num as phone_n13_10_,
        user0_.profile_image as profile14_10_,
        user0_.res_red_number as res_red15_10_,
        user0_.score as score16_10_ 
    from
        user user0_
Hibernate: 
    select
        roles0_.user_id as user_id1_11_0_,
        roles0_.roles as roles2_11_0_ 
    from
        user_roles roles0_ 
    where
        roles0_.user_id=?
Hibernate: 
    select
        roles0_.user_id as user_id1_11_0_,
        roles0_.roles as roles2_11_0_ 
    from
        user_roles roles0_ 
    where
        roles0_.user_id=?
Hibernate: 
    select
        roles0_.user_id as user_id1_11_0_,
        roles0_.roles as roles2_11_0_ 
    from
        user_roles roles0_ 
    where
        roles0_.user_id=?
Hibernate: 
    select
        roles0_.user_id as user_id1_11_0_,
        roles0_.roles as roles2_11_0_ 
    from
        user_roles roles0_ 
    where
        roles0_.user_id=?
Hibernate: 
    select
        roles0_.user_id as user_id1_11_0_,
        roles0_.roles as roles2_11_0_ 
    from
        user_roles roles0_ 
    where
        roles0_.user_id=?
Hibernate: 
    select
        user0_.id as id1_10_,
        user0_.created_at as created_2_10_,
        user0_.updated_at as updated_3_10_,
        user0_.age as age4_10_,
        user0_.background_image as backgrou5_10_,
        user0_.email as email6_10_,
        user0_.gender as gender7_10_,
        user0_.hobby as hobby8_10_,
        user0_.introduce as introduc9_10_,
        user0_.job as job10_10_,
        user0_.name as name11_10_,
        user0_.nick_name as nick_na12_10_,
        user0_.phone_num as phone_n13_10_,
        user0_.profile_image as profile14_10_,
        user0_.res_red_number as res_red15_10_,
        user0_.score as score16_10_ 
    from
        user user0_
Hibernate: 
    select
        roles0_.user_id as user_id1_11_0_,
        roles0_.roles as roles2_11_0_ 
    from
        user_roles roles0_ 
    where
        roles0_.user_id=?
Hibernate: 
    select
        roles0_.user_id as user_id1_11_0_,
        roles0_.roles as roles2_11_0_ 
    from
        user_roles roles0_ 
    where
        roles0_.user_id=?
Hibernate: 
    select
        roles0_.user_id as user_id1_11_0_,
        roles0_.roles as roles2_11_0_ 
    from
        user_roles roles0_ 
    where
        roles0_.user_id=?
Hibernate: 
    select
        roles0_.user_id as user_id1_11_0_,
        roles0_.roles as roles2_11_0_ 
    from
        user_roles roles0_ 
    where
        roles0_.user_id=?
Hibernate: 
    select
        roles0_.user_id as user_id1_11_0_,
        roles0_.roles as roles2_11_0_ 
    from
        user_roles roles0_ 
    where
        roles0_.user_id=?
Hibernate: 
    insert 
    into
        story_pin_like
        (created_at, updated_at, story_pin_id, user_id) 
    values
        (?, ?, ?, ?)
Hibernate: 
    insert 
    into
        story_pin_comment
        (created_at, updated_at, content, story_pin_id, user_id) 
    values
        (?, ?, ?, ?, ?)
Hibernate: 
    select
        user0_.id as id1_10_,
        user0_.created_at as created_2_10_,
        user0_.updated_at as updated_3_10_,
        user0_.age as age4_10_,
        user0_.background_image as backgrou5_10_,
        user0_.email as email6_10_,
        user0_.gender as gender7_10_,
        user0_.hobby as hobby8_10_,
        user0_.introduce as introduc9_10_,
        user0_.job as job10_10_,
        user0_.name as name11_10_,
        user0_.nick_name as nick_na12_10_,
        user0_.phone_num as phone_n13_10_,
        user0_.profile_image as profile14_10_,
        user0_.res_red_number as res_red15_10_,
        user0_.score as score16_10_ 
    from
        user user0_
Hibernate: 
    select
        roles0_.user_id as user_id1_11_0_,
        roles0_.roles as roles2_11_0_ 
    from
        user_roles roles0_ 
    where
        roles0_.user_id=?
Hibernate: 
    select
        roles0_.user_id as user_id1_11_0_,
        roles0_.roles as roles2_11_0_ 
    from
        user_roles roles0_ 
    where
        roles0_.user_id=?
Hibernate: 
    select
        roles0_.user_id as user_id1_11_0_,
        roles0_.roles as roles2_11_0_ 
    from
        user_roles roles0_ 
    where
        roles0_.user_id=?
Hibernate: 
    select
        roles0_.user_id as user_id1_11_0_,
        roles0_.roles as roles2_11_0_ 
    from
        user_roles roles0_ 
    where
        roles0_.user_id=?
Hibernate: 
    select
        roles0_.user_id as user_id1_11_0_,
        roles0_.roles as roles2_11_0_ 
    from
        user_roles roles0_ 
    where
        roles0_.user_id=?
Hibernate: 
    select
        user0_.id as id1_10_,
        user0_.created_at as created_2_10_,
        user0_.updated_at as updated_3_10_,
        user0_.age as age4_10_,
        user0_.background_image as backgrou5_10_,
        user0_.email as email6_10_,
        user0_.gender as gender7_10_,
        user0_.hobby as hobby8_10_,
        user0_.introduce as introduc9_10_,
        user0_.job as job10_10_,
        user0_.name as name11_10_,
        user0_.nick_name as nick_na12_10_,
        user0_.phone_num as phone_n13_10_,
        user0_.profile_image as profile14_10_,
        user0_.res_red_number as res_red15_10_,
        user0_.score as score16_10_ 
    from
        user user0_
Hibernate: 
    select
        roles0_.user_id as user_id1_11_0_,
        roles0_.roles as roles2_11_0_ 
    from
        user_roles roles0_ 
    where
        roles0_.user_id=?
Hibernate: 
    select
        roles0_.user_id as user_id1_11_0_,
        roles0_.roles as roles2_11_0_ 
    from
        user_roles roles0_ 
    where
        roles0_.user_id=?
Hibernate: 
    select
        roles0_.user_id as user_id1_11_0_,
        roles0_.roles as roles2_11_0_ 
    from
        user_roles roles0_ 
    where
        roles0_.user_id=?
Hibernate: 
    select
        roles0_.user_id as user_id1_11_0_,
        roles0_.roles as roles2_11_0_ 
    from
        user_roles roles0_ 
    where
        roles0_.user_id=?
Hibernate: 
    select
        roles0_.user_id as user_id1_11_0_,
        roles0_.roles as roles2_11_0_ 
    from
        user_roles roles0_ 
    where
        roles0_.user_id=?
Hibernate: 
    insert 
    into
        story_pin_like
        (created_at, updated_at, story_pin_id, user_id) 
    values
        (?, ?, ?, ?)
Hibernate: 
    insert 
    into
        story_pin_comment
        (created_at, updated_at, content, story_pin_id, user_id) 
    values
        (?, ?, ?, ?, ?)
Hibernate: 
    select
        user0_.id as id1_10_,
        user0_.created_at as created_2_10_,
        user0_.updated_at as updated_3_10_,
        user0_.age as age4_10_,
        user0_.background_image as backgrou5_10_,
        user0_.email as email6_10_,
        user0_.gender as gender7_10_,
        user0_.hobby as hobby8_10_,
        user0_.introduce as introduc9_10_,
        user0_.job as job10_10_,
        user0_.name as name11_10_,
        user0_.nick_name as nick_na12_10_,
        user0_.phone_num as phone_n13_10_,
        user0_.profile_image as profile14_10_,
        user0_.res_red_number as res_red15_10_,
        user0_.score as score16_10_ 
    from
        user user0_
Hibernate: 
    select
        roles0_.user_id as user_id1_11_0_,
        roles0_.roles as roles2_11_0_ 
    from
        user_roles roles0_ 
    where
        roles0_.user_id=?
Hibernate: 
    select
        roles0_.user_id as user_id1_11_0_,
        roles0_.roles as roles2_11_0_ 
    from
        user_roles roles0_ 
    where
        roles0_.user_id=?
Hibernate: 
    select
        roles0_.user_id as user_id1_11_0_,
        roles0_.roles as roles2_11_0_ 
    from
        user_roles roles0_ 
    where
        roles0_.user_id=?
Hibernate: 
    select
        roles0_.user_id as user_id1_11_0_,
        roles0_.roles as roles2_11_0_ 
    from
        user_roles roles0_ 
    where
        roles0_.user_id=?
Hibernate: 
    select
        roles0_.user_id as user_id1_11_0_,
        roles0_.roles as roles2_11_0_ 
    from
        user_roles roles0_ 
    where
        roles0_.user_id=?
Hibernate: 
    select
        user0_.id as id1_10_,
        user0_.created_at as created_2_10_,
        user0_.updated_at as updated_3_10_,
        user0_.age as age4_10_,
        user0_.background_image as backgrou5_10_,
        user0_.email as email6_10_,
        user0_.gender as gender7_10_,
        user0_.hobby as hobby8_10_,
        user0_.introduce as introduc9_10_,
        user0_.job as job10_10_,
        user0_.name as name11_10_,
        user0_.nick_name as nick_na12_10_,
        user0_.phone_num as phone_n13_10_,
        user0_.profile_image as profile14_10_,
        user0_.res_red_number as res_red15_10_,
        user0_.score as score16_10_ 
    from
        user user0_
Hibernate: 
    select
        roles0_.user_id as user_id1_11_0_,
        roles0_.roles as roles2_11_0_ 
    from
        user_roles roles0_ 
    where
        roles0_.user_id=?
Hibernate: 
    select
        roles0_.user_id as user_id1_11_0_,
        roles0_.roles as roles2_11_0_ 
    from
        user_roles roles0_ 
    where
        roles0_.user_id=?
Hibernate: 
    select
        roles0_.user_id as user_id1_11_0_,
        roles0_.roles as roles2_11_0_ 
    from
        user_roles roles0_ 
    where
        roles0_.user_id=?
Hibernate: 
    select
        roles0_.user_id as user_id1_11_0_,
        roles0_.roles as roles2_11_0_ 
    from
        user_roles roles0_ 
    where
        roles0_.user_id=?
Hibernate: 
    select
        roles0_.user_id as user_id1_11_0_,
        roles0_.roles as roles2_11_0_ 
    from
        user_roles roles0_ 
    where
        roles0_.user_id=?
Hibernate: 
    insert 
    into
        story_pin_like
        (created_at, updated_at, story_pin_id, user_id) 
    values
        (?, ?, ?, ?)
Hibernate: 
    insert 
    into
        story_pin_comment
        (created_at, updated_at, content, story_pin_id, user_id) 
    values
        (?, ?, ?, ?, ?)
Hibernate: 
    select
        user0_.id as id1_10_,
        user0_.created_at as created_2_10_,
        user0_.updated_at as updated_3_10_,
        user0_.age as age4_10_,
        user0_.background_image as backgrou5_10_,
        user0_.email as email6_10_,
        user0_.gender as gender7_10_,
        user0_.hobby as hobby8_10_,
        user0_.introduce as introduc9_10_,
        user0_.job as job10_10_,
        user0_.name as name11_10_,
        user0_.nick_name as nick_na12_10_,
        user0_.phone_num as phone_n13_10_,
        user0_.profile_image as profile14_10_,
        user0_.res_red_number as res_red15_10_,
        user0_.score as score16_10_ 
    from
        user user0_
Hibernate: 
    select
        roles0_.user_id as user_id1_11_0_,
        roles0_.roles as roles2_11_0_ 
    from
        user_roles roles0_ 
    where
        roles0_.user_id=?
Hibernate: 
    select
        roles0_.user_id as user_id1_11_0_,
        roles0_.roles as roles2_11_0_ 
    from
        user_roles roles0_ 
    where
        roles0_.user_id=?
Hibernate: 
    select
        roles0_.user_id as user_id1_11_0_,
        roles0_.roles as roles2_11_0_ 
    from
        user_roles roles0_ 
    where
        roles0_.user_id=?
Hibernate: 
    select
        roles0_.user_id as user_id1_11_0_,
        roles0_.roles as roles2_11_0_ 
    from
        user_roles roles0_ 
    where
        roles0_.user_id=?
Hibernate: 
    select
        roles0_.user_id as user_id1_11_0_,
        roles0_.roles as roles2_11_0_ 
    from
        user_roles roles0_ 
    where
        roles0_.user_id=?
Hibernate: 
    select
        user0_.id as id1_10_,
        user0_.created_at as created_2_10_,
        user0_.updated_at as updated_3_10_,
        user0_.age as age4_10_,
        user0_.background_image as backgrou5_10_,
        user0_.email as email6_10_,
        user0_.gender as gender7_10_,
        user0_.hobby as hobby8_10_,
        user0_.introduce as introduc9_10_,
        user0_.job as job10_10_,
        user0_.name as name11_10_,
        user0_.nick_name as nick_na12_10_,
        user0_.phone_num as phone_n13_10_,
        user0_.profile_image as profile14_10_,
        user0_.res_red_number as res_red15_10_,
        user0_.score as score16_10_ 
    from
        user user0_
Hibernate: 
    select
        roles0_.user_id as user_id1_11_0_,
        roles0_.roles as roles2_11_0_ 
    from
        user_roles roles0_ 
    where
        roles0_.user_id=?
Hibernate: 
    select
        roles0_.user_id as user_id1_11_0_,
        roles0_.roles as roles2_11_0_ 
    from
        user_roles roles0_ 
    where
        roles0_.user_id=?
Hibernate: 
    select
        roles0_.user_id as user_id1_11_0_,
        roles0_.roles as roles2_11_0_ 
    from
        user_roles roles0_ 
    where
        roles0_.user_id=?
Hibernate: 
    select
        roles0_.user_id as user_id1_11_0_,
        roles0_.roles as roles2_11_0_ 
    from
        user_roles roles0_ 
    where
        roles0_.user_id=?
Hibernate: 
    select
        roles0_.user_id as user_id1_11_0_,
        roles0_.roles as roles2_11_0_ 
    from
        user_roles roles0_ 
    where
        roles0_.user_id=?
Hibernate: 
    insert 
    into
        story_pin_like
        (created_at, updated_at, story_pin_id, user_id) 
    values
        (?, ?, ?, ?)
Hibernate: 
    insert 
    into
        story_pin_comment
        (created_at, updated_at, content, story_pin_id, user_id) 
    values
        (?, ?, ?, ?, ?)
Hibernate: 
    select
        user0_.id as id1_10_,
        user0_.created_at as created_2_10_,
        user0_.updated_at as updated_3_10_,
        user0_.age as age4_10_,
        user0_.background_image as backgrou5_10_,
        user0_.email as email6_10_,
        user0_.gender as gender7_10_,
        user0_.hobby as hobby8_10_,
        user0_.introduce as introduc9_10_,
        user0_.job as job10_10_,
        user0_.name as name11_10_,
        user0_.nick_name as nick_na12_10_,
        user0_.phone_num as phone_n13_10_,
        user0_.profile_image as profile14_10_,
        user0_.res_red_number as res_red15_10_,
        user0_.score as score16_10_ 
    from
        user user0_
Hibernate: 
    select
        roles0_.user_id as user_id1_11_0_,
        roles0_.roles as roles2_11_0_ 
    from
        user_roles roles0_ 
    where
        roles0_.user_id=?
Hibernate: 
    select
        roles0_.user_id as user_id1_11_0_,
        roles0_.roles as roles2_11_0_ 
    from
        user_roles roles0_ 
    where
        roles0_.user_id=?
Hibernate: 
    select
        roles0_.user_id as user_id1_11_0_,
        roles0_.roles as roles2_11_0_ 
    from
        user_roles roles0_ 
    where
        roles0_.user_id=?
Hibernate: 
    select
        roles0_.user_id as user_id1_11_0_,
        roles0_.roles as roles2_11_0_ 
    from
        user_roles roles0_ 
    where
        roles0_.user_id=?
Hibernate: 
    select
        roles0_.user_id as user_id1_11_0_,
        roles0_.roles as roles2_11_0_ 
    from
        user_roles roles0_ 
    where
        roles0_.user_id=?
Hibernate: 
    select
        user0_.id as id1_10_,
        user0_.created_at as created_2_10_,
        user0_.updated_at as updated_3_10_,
        user0_.age as age4_10_,
        user0_.background_image as backgrou5_10_,
        user0_.email as email6_10_,
        user0_.gender as gender7_10_,
        user0_.hobby as hobby8_10_,
        user0_.introduce as introduc9_10_,
        user0_.job as job10_10_,
        user0_.name as name11_10_,
        user0_.nick_name as nick_na12_10_,
        user0_.phone_num as phone_n13_10_,
        user0_.profile_image as profile14_10_,
        user0_.res_red_number as res_red15_10_,
        user0_.score as score16_10_ 
    from
        user user0_
Hibernate: 
    select
        roles0_.user_id as user_id1_11_0_,
        roles0_.roles as roles2_11_0_ 
    from
        user_roles roles0_ 
    where
        roles0_.user_id=?
Hibernate: 
    select
        roles0_.user_id as user_id1_11_0_,
        roles0_.roles as roles2_11_0_ 
    from
        user_roles roles0_ 
    where
        roles0_.user_id=?
Hibernate: 
    select
        roles0_.user_id as user_id1_11_0_,
        roles0_.roles as roles2_11_0_ 
    from
        user_roles roles0_ 
    where
        roles0_.user_id=?
Hibernate: 
    select
        roles0_.user_id as user_id1_11_0_,
        roles0_.roles as roles2_11_0_ 
    from
        user_roles roles0_ 
    where
        roles0_.user_id=?
Hibernate: 
    select
        roles0_.user_id as user_id1_11_0_,
        roles0_.roles as roles2_11_0_ 
    from
        user_roles roles0_ 
    where
        roles0_.user_id=?
Hibernate: 
    insert 
    into
        story_pin_like
        (created_at, updated_at, story_pin_id, user_id) 
    values
        (?, ?, ?, ?)
Hibernate: 
    insert 
    into
        story_pin_comment
        (created_at, updated_at, content, story_pin_id, user_id) 
    values
        (?, ?, ?, ?, ?)
Hibernate: 
    select
        user0_.id as id1_10_,
        user0_.created_at as created_2_10_,
        user0_.updated_at as updated_3_10_,
        user0_.age as age4_10_,
        user0_.background_image as backgrou5_10_,
        user0_.email as email6_10_,
        user0_.gender as gender7_10_,
        user0_.hobby as hobby8_10_,
        user0_.introduce as introduc9_10_,
        user0_.job as job10_10_,
        user0_.name as name11_10_,
        user0_.nick_name as nick_na12_10_,
        user0_.phone_num as phone_n13_10_,
        user0_.profile_image as profile14_10_,
        user0_.res_red_number as res_red15_10_,
        user0_.score as score16_10_ 
    from
        user user0_
Hibernate: 
    select
        roles0_.user_id as user_id1_11_0_,
        roles0_.roles as roles2_11_0_ 
    from
        user_roles roles0_ 
    where
        roles0_.user_id=?
Hibernate: 
    select
        roles0_.user_id as user_id1_11_0_,
        roles0_.roles as roles2_11_0_ 
    from
        user_roles roles0_ 
    where
        roles0_.user_id=?
Hibernate: 
    select
        roles0_.user_id as user_id1_11_0_,
        roles0_.roles as roles2_11_0_ 
    from
        user_roles roles0_ 
    where
        roles0_.user_id=?
Hibernate: 
    select
        roles0_.user_id as user_id1_11_0_,
        roles0_.roles as roles2_11_0_ 
    from
        user_roles roles0_ 
    where
        roles0_.user_id=?
Hibernate: 
    select
        roles0_.user_id as user_id1_11_0_,
        roles0_.roles as roles2_11_0_ 
    from
        user_roles roles0_ 
    where
        roles0_.user_id=?
Hibernate: 
    select
        user0_.id as id1_10_,
        user0_.created_at as created_2_10_,
        user0_.updated_at as updated_3_10_,
        user0_.age as age4_10_,
        user0_.background_image as backgrou5_10_,
        user0_.email as email6_10_,
        user0_.gender as gender7_10_,
        user0_.hobby as hobby8_10_,
        user0_.introduce as introduc9_10_,
        user0_.job as job10_10_,
        user0_.name as name11_10_,
        user0_.nick_name as nick_na12_10_,
        user0_.phone_num as phone_n13_10_,
        user0_.profile_image as profile14_10_,
        user0_.res_red_number as res_red15_10_,
        user0_.score as score16_10_ 
    from
        user user0_
Hibernate: 
    select
        roles0_.user_id as user_id1_11_0_,
        roles0_.roles as roles2_11_0_ 
    from
        user_roles roles0_ 
    where
        roles0_.user_id=?
Hibernate: 
    select
        roles0_.user_id as user_id1_11_0_,
        roles0_.roles as roles2_11_0_ 
    from
        user_roles roles0_ 
    where
        roles0_.user_id=?
Hibernate: 
    select
        roles0_.user_id as user_id1_11_0_,
        roles0_.roles as roles2_11_0_ 
    from
        user_roles roles0_ 
    where
        roles0_.user_id=?
Hibernate: 
    select
        roles0_.user_id as user_id1_11_0_,
        roles0_.roles as roles2_11_0_ 
    from
        user_roles roles0_ 
    where
        roles0_.user_id=?
Hibernate: 
    select
        roles0_.user_id as user_id1_11_0_,
        roles0_.roles as roles2_11_0_ 
    from
        user_roles roles0_ 
    where
        roles0_.user_id=?
Hibernate: 
    insert 
    into
        story_pin_like
        (created_at, updated_at, story_pin_id, user_id) 
    values
        (?, ?, ?, ?)
Hibernate: 
    insert 
    into
        story_pin_comment
        (created_at, updated_at, content, story_pin_id, user_id) 
    values
        (?, ?, ?, ?, ?)
Hibernate: 
    select
        user0_.id as id1_10_,
        user0_.created_at as created_2_10_,
        user0_.updated_at as updated_3_10_,
        user0_.age as age4_10_,
        user0_.background_image as backgrou5_10_,
        user0_.email as email6_10_,
        user0_.gender as gender7_10_,
        user0_.hobby as hobby8_10_,
        user0_.introduce as introduc9_10_,
        user0_.job as job10_10_,
        user0_.name as name11_10_,
        user0_.nick_name as nick_na12_10_,
        user0_.phone_num as phone_n13_10_,
        user0_.profile_image as profile14_10_,
        user0_.res_red_number as res_red15_10_,
        user0_.score as score16_10_ 
    from
        user user0_
Hibernate: 
    select
        roles0_.user_id as user_id1_11_0_,
        roles0_.roles as roles2_11_0_ 
    from
        user_roles roles0_ 
    where
        roles0_.user_id=?
Hibernate: 
    select
        roles0_.user_id as user_id1_11_0_,
        roles0_.roles as roles2_11_0_ 
    from
        user_roles roles0_ 
    where
        roles0_.user_id=?
Hibernate: 
    select
        roles0_.user_id as user_id1_11_0_,
        roles0_.roles as roles2_11_0_ 
    from
        user_roles roles0_ 
    where
        roles0_.user_id=?
Hibernate: 
    select
        roles0_.user_id as user_id1_11_0_,
        roles0_.roles as roles2_11_0_ 
    from
        user_roles roles0_ 
    where
        roles0_.user_id=?
Hibernate: 
    select
        roles0_.user_id as user_id1_11_0_,
        roles0_.roles as roles2_11_0_ 
    from
        user_roles roles0_ 
    where
        roles0_.user_id=?
Hibernate: 
    select
        user0_.id as id1_10_,
        user0_.created_at as created_2_10_,
        user0_.updated_at as updated_3_10_,
        user0_.age as age4_10_,
        user0_.background_image as backgrou5_10_,
        user0_.email as email6_10_,
        user0_.gender as gender7_10_,
        user0_.hobby as hobby8_10_,
        user0_.introduce as introduc9_10_,
        user0_.job as job10_10_,
        user0_.name as name11_10_,
        user0_.nick_name as nick_na12_10_,
        user0_.phone_num as phone_n13_10_,
        user0_.profile_image as profile14_10_,
        user0_.res_red_number as res_red15_10_,
        user0_.score as score16_10_ 
    from
        user user0_
Hibernate: 
    select
        roles0_.user_id as user_id1_11_0_,
        roles0_.roles as roles2_11_0_ 
    from
        user_roles roles0_ 
    where
        roles0_.user_id=?
Hibernate: 
    select
        roles0_.user_id as user_id1_11_0_,
        roles0_.roles as roles2_11_0_ 
    from
        user_roles roles0_ 
    where
        roles0_.user_id=?
Hibernate: 
    select
        roles0_.user_id as user_id1_11_0_,
        roles0_.roles as roles2_11_0_ 
    from
        user_roles roles0_ 
    where
        roles0_.user_id=?
Hibernate: 
    select
        roles0_.user_id as user_id1_11_0_,
        roles0_.roles as roles2_11_0_ 
    from
        user_roles roles0_ 
    where
        roles0_.user_id=?
Hibernate: 
    select
        roles0_.user_id as user_id1_11_0_,
        roles0_.roles as roles2_11_0_ 
    from
        user_roles roles0_ 
    where
        roles0_.user_id=?
Hibernate: 
    insert 
    into
        story_pin_like
        (created_at, updated_at, story_pin_id, user_id) 
    values
        (?, ?, ?, ?)
Hibernate: 
    insert 
    into
        story_pin_comment
        (created_at, updated_at, content, story_pin_id, user_id) 
    values
        (?, ?, ?, ?, ?)
Hibernate: 
    select
        user0_.id as id1_10_,
        user0_.created_at as created_2_10_,
        user0_.updated_at as updated_3_10_,
        user0_.age as age4_10_,
        user0_.background_image as backgrou5_10_,
        user0_.email as email6_10_,
        user0_.gender as gender7_10_,
        user0_.hobby as hobby8_10_,
        user0_.introduce as introduc9_10_,
        user0_.job as job10_10_,
        user0_.name as name11_10_,
        user0_.nick_name as nick_na12_10_,
        user0_.phone_num as phone_n13_10_,
        user0_.profile_image as profile14_10_,
        user0_.res_red_number as res_red15_10_,
        user0_.score as score16_10_ 
    from
        user user0_
Hibernate: 
    select
        roles0_.user_id as user_id1_11_0_,
        roles0_.roles as roles2_11_0_ 
    from
        user_roles roles0_ 
    where
        roles0_.user_id=?
Hibernate: 
    select
        roles0_.user_id as user_id1_11_0_,
        roles0_.roles as roles2_11_0_ 
    from
        user_roles roles0_ 
    where
        roles0_.user_id=?
Hibernate: 
    select
        roles0_.user_id as user_id1_11_0_,
        roles0_.roles as roles2_11_0_ 
    from
        user_roles roles0_ 
    where
        roles0_.user_id=?
Hibernate: 
    select
        roles0_.user_id as user_id1_11_0_,
        roles0_.roles as roles2_11_0_ 
    from
        user_roles roles0_ 
    where
        roles0_.user_id=?
Hibernate: 
    select
        roles0_.user_id as user_id1_11_0_,
        roles0_.roles as roles2_11_0_ 
    from
        user_roles roles0_ 
    where
        roles0_.user_id=?
Hibernate: 
    select
        user0_.id as id1_10_,
        user0_.created_at as created_2_10_,
        user0_.updated_at as updated_3_10_,
        user0_.age as age4_10_,
        user0_.background_image as backgrou5_10_,
        user0_.email as email6_10_,
        user0_.gender as gender7_10_,
        user0_.hobby as hobby8_10_,
        user0_.introduce as introduc9_10_,
        user0_.job as job10_10_,
        user0_.name as name11_10_,
        user0_.nick_name as nick_na12_10_,
        user0_.phone_num as phone_n13_10_,
        user0_.profile_image as profile14_10_,
        user0_.res_red_number as res_red15_10_,
        user0_.score as score16_10_ 
    from
        user user0_
Hibernate: 
    select
        roles0_.user_id as user_id1_11_0_,
        roles0_.roles as roles2_11_0_ 
    from
        user_roles roles0_ 
    where
        roles0_.user_id=?
Hibernate: 
    select
        roles0_.user_id as user_id1_11_0_,
        roles0_.roles as roles2_11_0_ 
    from
        user_roles roles0_ 
    where
        roles0_.user_id=?
Hibernate: 
    select
        roles0_.user_id as user_id1_11_0_,
        roles0_.roles as roles2_11_0_ 
    from
        user_roles roles0_ 
    where
        roles0_.user_id=?
Hibernate: 
    select
        roles0_.user_id as user_id1_11_0_,
        roles0_.roles as roles2_11_0_ 
    from
        user_roles roles0_ 
    where
        roles0_.user_id=?
Hibernate: 
    select
        roles0_.user_id as user_id1_11_0_,
        roles0_.roles as roles2_11_0_ 
    from
        user_roles roles0_ 
    where
        roles0_.user_id=?
Hibernate: 
    insert 
    into
        story_pin_like
        (created_at, updated_at, story_pin_id, user_id) 
    values
        (?, ?, ?, ?)
Hibernate: 
    insert 
    into
        story_pin_comment
        (created_at, updated_at, content, story_pin_id, user_id) 
    values
        (?, ?, ?, ?, ?)
Hibernate: 
    select
        user0_.id as id1_10_,
        user0_.created_at as created_2_10_,
        user0_.updated_at as updated_3_10_,
        user0_.age as age4_10_,
        user0_.background_image as backgrou5_10_,
        user0_.email as email6_10_,
        user0_.gender as gender7_10_,
        user0_.hobby as hobby8_10_,
        user0_.introduce as introduc9_10_,
        user0_.job as job10_10_,
        user0_.name as name11_10_,
        user0_.nick_name as nick_na12_10_,
        user0_.phone_num as phone_n13_10_,
        user0_.profile_image as profile14_10_,
        user0_.res_red_number as res_red15_10_,
        user0_.score as score16_10_ 
    from
        user user0_
Hibernate: 
    select
        roles0_.user_id as user_id1_11_0_,
        roles0_.roles as roles2_11_0_ 
    from
        user_roles roles0_ 
    where
        roles0_.user_id=?
Hibernate: 
    select
        roles0_.user_id as user_id1_11_0_,
        roles0_.roles as roles2_11_0_ 
    from
        user_roles roles0_ 
    where
        roles0_.user_id=?
Hibernate: 
    select
        roles0_.user_id as user_id1_11_0_,
        roles0_.roles as roles2_11_0_ 
    from
        user_roles roles0_ 
    where
        roles0_.user_id=?
Hibernate: 
    select
        roles0_.user_id as user_id1_11_0_,
        roles0_.roles as roles2_11_0_ 
    from
        user_roles roles0_ 
    where
        roles0_.user_id=?
Hibernate: 
    select
        roles0_.user_id as user_id1_11_0_,
        roles0_.roles as roles2_11_0_ 
    from
        user_roles roles0_ 
    where
        roles0_.user_id=?
Hibernate: 
    select
        user0_.id as id1_10_,
        user0_.created_at as created_2_10_,
        user0_.updated_at as updated_3_10_,
        user0_.age as age4_10_,
        user0_.background_image as backgrou5_10_,
        user0_.email as email6_10_,
        user0_.gender as gender7_10_,
        user0_.hobby as hobby8_10_,
        user0_.introduce as introduc9_10_,
        user0_.job as job10_10_,
        user0_.name as name11_10_,
        user0_.nick_name as nick_na12_10_,
        user0_.phone_num as phone_n13_10_,
        user0_.profile_image as profile14_10_,
        user0_.res_red_number as res_red15_10_,
        user0_.score as score16_10_ 
    from
        user user0_
Hibernate: 
    select
        roles0_.user_id as user_id1_11_0_,
        roles0_.roles as roles2_11_0_ 
    from
        user_roles roles0_ 
    where
        roles0_.user_id=?
Hibernate: 
    select
        roles0_.user_id as user_id1_11_0_,
        roles0_.roles as roles2_11_0_ 
    from
        user_roles roles0_ 
    where
        roles0_.user_id=?
Hibernate: 
    select
        roles0_.user_id as user_id1_11_0_,
        roles0_.roles as roles2_11_0_ 
    from
        user_roles roles0_ 
    where
        roles0_.user_id=?
Hibernate: 
    select
        roles0_.user_id as user_id1_11_0_,
        roles0_.roles as roles2_11_0_ 
    from
        user_roles roles0_ 
    where
        roles0_.user_id=?
Hibernate: 
    select
        roles0_.user_id as user_id1_11_0_,
        roles0_.roles as roles2_11_0_ 
    from
        user_roles roles0_ 
    where
        roles0_.user_id=?
Hibernate: 
    insert 
    into
        story_pin_like
        (created_at, updated_at, story_pin_id, user_id) 
    values
        (?, ?, ?, ?)
Hibernate: 
    insert 
    into
        story_pin_comment
        (created_at, updated_at, content, story_pin_id, user_id) 
    values
        (?, ?, ?, ?, ?)
Hibernate: 
    select
        user0_.id as id1_10_,
        user0_.created_at as created_2_10_,
        user0_.updated_at as updated_3_10_,
        user0_.age as age4_10_,
        user0_.background_image as backgrou5_10_,
        user0_.email as email6_10_,
        user0_.gender as gender7_10_,
        user0_.hobby as hobby8_10_,
        user0_.introduce as introduc9_10_,
        user0_.job as job10_10_,
        user0_.name as name11_10_,
        user0_.nick_name as nick_na12_10_,
        user0_.phone_num as phone_n13_10_,
        user0_.profile_image as profile14_10_,
        user0_.res_red_number as res_red15_10_,
        user0_.score as score16_10_ 
    from
        user user0_
Hibernate: 
    select
        roles0_.user_id as user_id1_11_0_,
        roles0_.roles as roles2_11_0_ 
    from
        user_roles roles0_ 
    where
        roles0_.user_id=?
Hibernate: 
    select
        roles0_.user_id as user_id1_11_0_,
        roles0_.roles as roles2_11_0_ 
    from
        user_roles roles0_ 
    where
        roles0_.user_id=?
Hibernate: 
    select
        roles0_.user_id as user_id1_11_0_,
        roles0_.roles as roles2_11_0_ 
    from
        user_roles roles0_ 
    where
        roles0_.user_id=?
Hibernate: 
    select
        roles0_.user_id as user_id1_11_0_,
        roles0_.roles as roles2_11_0_ 
    from
        user_roles roles0_ 
    where
        roles0_.user_id=?
Hibernate: 
    select
        roles0_.user_id as user_id1_11_0_,
        roles0_.roles as roles2_11_0_ 
    from
        user_roles roles0_ 
    where
        roles0_.user_id=?
Hibernate: 
    select
        user0_.id as id1_10_,
        user0_.created_at as created_2_10_,
        user0_.updated_at as updated_3_10_,
        user0_.age as age4_10_,
        user0_.background_image as backgrou5_10_,
        user0_.email as email6_10_,
        user0_.gender as gender7_10_,
        user0_.hobby as hobby8_10_,
        user0_.introduce as introduc9_10_,
        user0_.job as job10_10_,
        user0_.name as name11_10_,
        user0_.nick_name as nick_na12_10_,
        user0_.phone_num as phone_n13_10_,
        user0_.profile_image as profile14_10_,
        user0_.res_red_number as res_red15_10_,
        user0_.score as score16_10_ 
    from
        user user0_
Hibernate: 
    select
        roles0_.user_id as user_id1_11_0_,
        roles0_.roles as roles2_11_0_ 
    from
        user_roles roles0_ 
    where
        roles0_.user_id=?
Hibernate: 
    select
        roles0_.user_id as user_id1_11_0_,
        roles0_.roles as roles2_11_0_ 
    from
        user_roles roles0_ 
    where
        roles0_.user_id=?
Hibernate: 
    select
        roles0_.user_id as user_id1_11_0_,
        roles0_.roles as roles2_11_0_ 
    from
        user_roles roles0_ 
    where
        roles0_.user_id=?
Hibernate: 
    select
        roles0_.user_id as user_id1_11_0_,
        roles0_.roles as roles2_11_0_ 
    from
        user_roles roles0_ 
    where
        roles0_.user_id=?
Hibernate: 
    select
        roles0_.user_id as user_id1_11_0_,
        roles0_.roles as roles2_11_0_ 
    from
        user_roles roles0_ 
    where
        roles0_.user_id=?
Hibernate: 
    insert 
    into
        story_pin_like
        (created_at, updated_at, story_pin_id, user_id) 
    values
        (?, ?, ?, ?)
Hibernate: 
    insert 
    into
        story_pin_comment
        (created_at, updated_at, content, story_pin_id, user_id) 
    values
        (?, ?, ?, ?, ?)
Hibernate: 
    select
        user0_.id as id1_10_,
        user0_.created_at as created_2_10_,
        user0_.updated_at as updated_3_10_,
        user0_.age as age4_10_,
        user0_.background_image as backgrou5_10_,
        user0_.email as email6_10_,
        user0_.gender as gender7_10_,
        user0_.hobby as hobby8_10_,
        user0_.introduce as introduc9_10_,
        user0_.job as job10_10_,
        user0_.name as name11_10_,
        user0_.nick_name as nick_na12_10_,
        user0_.phone_num as phone_n13_10_,
        user0_.profile_image as profile14_10_,
        user0_.res_red_number as res_red15_10_,
        user0_.score as score16_10_ 
    from
        user user0_
Hibernate: 
    select
        roles0_.user_id as user_id1_11_0_,
        roles0_.roles as roles2_11_0_ 
    from
        user_roles roles0_ 
    where
        roles0_.user_id=?
Hibernate: 
    select
        roles0_.user_id as user_id1_11_0_,
        roles0_.roles as roles2_11_0_ 
    from
        user_roles roles0_ 
    where
        roles0_.user_id=?
Hibernate: 
    select
        roles0_.user_id as user_id1_11_0_,
        roles0_.roles as roles2_11_0_ 
    from
        user_roles roles0_ 
    where
        roles0_.user_id=?
Hibernate: 
    select
        roles0_.user_id as user_id1_11_0_,
        roles0_.roles as roles2_11_0_ 
    from
        user_roles roles0_ 
    where
        roles0_.user_id=?
Hibernate: 
    select
        roles0_.user_id as user_id1_11_0_,
        roles0_.roles as roles2_11_0_ 
    from
        user_roles roles0_ 
    where
        roles0_.user_id=?
Hibernate: 
    select
        user0_.id as id1_10_,
        user0_.created_at as created_2_10_,
        user0_.updated_at as updated_3_10_,
        user0_.age as age4_10_,
        user0_.background_image as backgrou5_10_,
        user0_.email as email6_10_,
        user0_.gender as gender7_10_,
        user0_.hobby as hobby8_10_,
        user0_.introduce as introduc9_10_,
        user0_.job as job10_10_,
        user0_.name as name11_10_,
        user0_.nick_name as nick_na12_10_,
        user0_.phone_num as phone_n13_10_,
        user0_.profile_image as profile14_10_,
        user0_.res_red_number as res_red15_10_,
        user0_.score as score16_10_ 
    from
        user user0_
Hibernate: 
    select
        roles0_.user_id as user_id1_11_0_,
        roles0_.roles as roles2_11_0_ 
    from
        user_roles roles0_ 
    where
        roles0_.user_id=?
Hibernate: 
    select
        roles0_.user_id as user_id1_11_0_,
        roles0_.roles as roles2_11_0_ 
    from
        user_roles roles0_ 
    where
        roles0_.user_id=?
Hibernate: 
    select
        roles0_.user_id as user_id1_11_0_,
        roles0_.roles as roles2_11_0_ 
    from
        user_roles roles0_ 
    where
        roles0_.user_id=?
Hibernate: 
    select
        roles0_.user_id as user_id1_11_0_,
        roles0_.roles as roles2_11_0_ 
    from
        user_roles roles0_ 
    where
        roles0_.user_id=?
Hibernate: 
    select
        roles0_.user_id as user_id1_11_0_,
        roles0_.roles as roles2_11_0_ 
    from
        user_roles roles0_ 
    where
        roles0_.user_id=?
Hibernate: 
    insert 
    into
        story_pin_like
        (created_at, updated_at, story_pin_id, user_id) 
    values
        (?, ?, ?, ?)
Hibernate: 
    insert 
    into
        story_pin_comment
        (created_at, updated_at, content, story_pin_id, user_id) 
    values
        (?, ?, ?, ?, ?)
Hibernate: 
    select
        user0_.id as id1_10_,
        user0_.created_at as created_2_10_,
        user0_.updated_at as updated_3_10_,
        user0_.age as age4_10_,
        user0_.background_image as backgrou5_10_,
        user0_.email as email6_10_,
        user0_.gender as gender7_10_,
        user0_.hobby as hobby8_10_,
        user0_.introduce as introduc9_10_,
        user0_.job as job10_10_,
        user0_.name as name11_10_,
        user0_.nick_name as nick_na12_10_,
        user0_.phone_num as phone_n13_10_,
        user0_.profile_image as profile14_10_,
        user0_.res_red_number as res_red15_10_,
        user0_.score as score16_10_ 
    from
        user user0_
Hibernate: 
    select
        roles0_.user_id as user_id1_11_0_,
        roles0_.roles as roles2_11_0_ 
    from
        user_roles roles0_ 
    where
        roles0_.user_id=?
Hibernate: 
    select
        roles0_.user_id as user_id1_11_0_,
        roles0_.roles as roles2_11_0_ 
    from
        user_roles roles0_ 
    where
        roles0_.user_id=?
Hibernate: 
    select
        roles0_.user_id as user_id1_11_0_,
        roles0_.roles as roles2_11_0_ 
    from
        user_roles roles0_ 
    where
        roles0_.user_id=?
Hibernate: 
    select
        roles0_.user_id as user_id1_11_0_,
        roles0_.roles as roles2_11_0_ 
    from
        user_roles roles0_ 
    where
        roles0_.user_id=?
Hibernate: 
    select
        roles0_.user_id as user_id1_11_0_,
        roles0_.roles as roles2_11_0_ 
    from
        user_roles roles0_ 
    where
        roles0_.user_id=?
Hibernate: 
    select
        user0_.id as id1_10_,
        user0_.created_at as created_2_10_,
        user0_.updated_at as updated_3_10_,
        user0_.age as age4_10_,
        user0_.background_image as backgrou5_10_,
        user0_.email as email6_10_,
        user0_.gender as gender7_10_,
        user0_.hobby as hobby8_10_,
        user0_.introduce as introduc9_10_,
        user0_.job as job10_10_,
        user0_.name as name11_10_,
        user0_.nick_name as nick_na12_10_,
        user0_.phone_num as phone_n13_10_,
        user0_.profile_image as profile14_10_,
        user0_.res_red_number as res_red15_10_,
        user0_.score as score16_10_ 
    from
        user user0_
Hibernate: 
    select
        roles0_.user_id as user_id1_11_0_,
        roles0_.roles as roles2_11_0_ 
    from
        user_roles roles0_ 
    where
        roles0_.user_id=?
Hibernate: 
    select
        roles0_.user_id as user_id1_11_0_,
        roles0_.roles as roles2_11_0_ 
    from
        user_roles roles0_ 
    where
        roles0_.user_id=?
Hibernate: 
    select
        roles0_.user_id as user_id1_11_0_,
        roles0_.roles as roles2_11_0_ 
    from
        user_roles roles0_ 
    where
        roles0_.user_id=?
Hibernate: 
    select
        roles0_.user_id as user_id1_11_0_,
        roles0_.roles as roles2_11_0_ 
    from
        user_roles roles0_ 
    where
        roles0_.user_id=?
Hibernate: 
    select
        roles0_.user_id as user_id1_11_0_,
        roles0_.roles as roles2_11_0_ 
    from
        user_roles roles0_ 
    where
        roles0_.user_id=?
Hibernate: 
    insert 
    into
        story_pin_like
        (created_at, updated_at, story_pin_id, user_id) 
    values
        (?, ?, ?, ?)
Hibernate: 
    insert 
    into
        story_pin_comment
        (created_at, updated_at, content, story_pin_id, user_id) 
    values
        (?, ?, ?, ?, ?)
Hibernate: 
    select
        user0_.id as id1_10_,
        user0_.created_at as created_2_10_,
        user0_.updated_at as updated_3_10_,
        user0_.age as age4_10_,
        user0_.background_image as backgrou5_10_,
        user0_.email as email6_10_,
        user0_.gender as gender7_10_,
        user0_.hobby as hobby8_10_,
        user0_.introduce as introduc9_10_,
        user0_.job as job10_10_,
        user0_.name as name11_10_,
        user0_.nick_name as nick_na12_10_,
        user0_.phone_num as phone_n13_10_,
        user0_.profile_image as profile14_10_,
        user0_.res_red_number as res_red15_10_,
        user0_.score as score16_10_ 
    from
        user user0_
Hibernate: 
    select
        roles0_.user_id as user_id1_11_0_,
        roles0_.roles as roles2_11_0_ 
    from
        user_roles roles0_ 
    where
        roles0_.user_id=?
Hibernate: 
    select
        roles0_.user_id as user_id1_11_0_,
        roles0_.roles as roles2_11_0_ 
    from
        user_roles roles0_ 
    where
        roles0_.user_id=?
Hibernate: 
    select
        roles0_.user_id as user_id1_11_0_,
        roles0_.roles as roles2_11_0_ 
    from
        user_roles roles0_ 
    where
        roles0_.user_id=?
Hibernate: 
    select
        roles0_.user_id as user_id1_11_0_,
        roles0_.roles as roles2_11_0_ 
    from
        user_roles roles0_ 
    where
        roles0_.user_id=?
Hibernate: 
    select
        roles0_.user_id as user_id1_11_0_,
        roles0_.roles as roles2_11_0_ 
    from
        user_roles roles0_ 
    where
        roles0_.user_id=?
Hibernate: 
    select
        user0_.id as id1_10_,
        user0_.created_at as created_2_10_,
        user0_.updated_at as updated_3_10_,
        user0_.age as age4_10_,
        user0_.background_image as backgrou5_10_,
        user0_.email as email6_10_,
        user0_.gender as gender7_10_,
        user0_.hobby as hobby8_10_,
        user0_.introduce as introduc9_10_,
        user0_.job as job10_10_,
        user0_.name as name11_10_,
        user0_.nick_name as nick_na12_10_,
        user0_.phone_num as phone_n13_10_,
        user0_.profile_image as profile14_10_,
        user0_.res_red_number as res_red15_10_,
        user0_.score as score16_10_ 
    from
        user user0_
Hibernate: 
    select
        roles0_.user_id as user_id1_11_0_,
        roles0_.roles as roles2_11_0_ 
    from
        user_roles roles0_ 
    where
        roles0_.user_id=?
Hibernate: 
    select
        roles0_.user_id as user_id1_11_0_,
        roles0_.roles as roles2_11_0_ 
    from
        user_roles roles0_ 
    where
        roles0_.user_id=?
Hibernate: 
    select
        roles0_.user_id as user_id1_11_0_,
        roles0_.roles as roles2_11_0_ 
    from
        user_roles roles0_ 
    where
        roles0_.user_id=?
Hibernate: 
    select
        roles0_.user_id as user_id1_11_0_,
        roles0_.roles as roles2_11_0_ 
    from
        user_roles roles0_ 
    where
        roles0_.user_id=?
Hibernate: 
    select
        roles0_.user_id as user_id1_11_0_,
        roles0_.roles as roles2_11_0_ 
    from
        user_roles roles0_ 
    where
        roles0_.user_id=?
Hibernate: 
    insert 
    into
        story_pin_like
        (created_at, updated_at, story_pin_id, user_id) 
    values
        (?, ?, ?, ?)
Hibernate: 
    insert 
    into
        story_pin_comment
        (created_at, updated_at, content, story_pin_id, user_id) 
    values
        (?, ?, ?, ?, ?)
Hibernate: 
    select
        user0_.id as id1_10_,
        user0_.created_at as created_2_10_,
        user0_.updated_at as updated_3_10_,
        user0_.age as age4_10_,
        user0_.background_image as backgrou5_10_,
        user0_.email as email6_10_,
        user0_.gender as gender7_10_,
        user0_.hobby as hobby8_10_,
        user0_.introduce as introduc9_10_,
        user0_.job as job10_10_,
        user0_.name as name11_10_,
        user0_.nick_name as nick_na12_10_,
        user0_.phone_num as phone_n13_10_,
        user0_.profile_image as profile14_10_,
        user0_.res_red_number as res_red15_10_,
        user0_.score as score16_10_ 
    from
        user user0_
Hibernate: 
    select
        roles0_.user_id as user_id1_11_0_,
        roles0_.roles as roles2_11_0_ 
    from
        user_roles roles0_ 
    where
        roles0_.user_id=?
Hibernate: 
    select
        roles0_.user_id as user_id1_11_0_,
        roles0_.roles as roles2_11_0_ 
    from
        user_roles roles0_ 
    where
        roles0_.user_id=?
Hibernate: 
    select
        roles0_.user_id as user_id1_11_0_,
        roles0_.roles as roles2_11_0_ 
    from
        user_roles roles0_ 
    where
        roles0_.user_id=?
Hibernate: 
    select
        roles0_.user_id as user_id1_11_0_,
        roles0_.roles as roles2_11_0_ 
    from
        user_roles roles0_ 
    where
        roles0_.user_id=?
Hibernate: 
    select
        roles0_.user_id as user_id1_11_0_,
        roles0_.roles as roles2_11_0_ 
    from
        user_roles roles0_ 
    where
        roles0_.user_id=?
Hibernate: 
    select
        user0_.id as id1_10_,
        user0_.created_at as created_2_10_,
        user0_.updated_at as updated_3_10_,
        user0_.age as age4_10_,
        user0_.background_image as backgrou5_10_,
        user0_.email as email6_10_,
        user0_.gender as gender7_10_,
        user0_.hobby as hobby8_10_,
        user0_.introduce as introduc9_10_,
        user0_.job as job10_10_,
        user0_.name as name11_10_,
        user0_.nick_name as nick_na12_10_,
        user0_.phone_num as phone_n13_10_,
        user0_.profile_image as profile14_10_,
        user0_.res_red_number as res_red15_10_,
        user0_.score as score16_10_ 
    from
        user user0_
Hibernate: 
    select
        roles0_.user_id as user_id1_11_0_,
        roles0_.roles as roles2_11_0_ 
    from
        user_roles roles0_ 
    where
        roles0_.user_id=?
Hibernate: 
    select
        roles0_.user_id as user_id1_11_0_,
        roles0_.roles as roles2_11_0_ 
    from
        user_roles roles0_ 
    where
        roles0_.user_id=?
Hibernate: 
    select
        roles0_.user_id as user_id1_11_0_,
        roles0_.roles as roles2_11_0_ 
    from
        user_roles roles0_ 
    where
        roles0_.user_id=?
Hibernate: 
    select
        roles0_.user_id as user_id1_11_0_,
        roles0_.roles as roles2_11_0_ 
    from
        user_roles roles0_ 
    where
        roles0_.user_id=?
Hibernate: 
    select
        roles0_.user_id as user_id1_11_0_,
        roles0_.roles as roles2_11_0_ 
    from
        user_roles roles0_ 
    where
        roles0_.user_id=?
Hibernate: 
    insert 
    into
        story_pin_like
        (created_at, updated_at, story_pin_id, user_id) 
    values
        (?, ?, ?, ?)
Hibernate: 
    insert 
    into
        story_pin_comment
        (created_at, updated_at, content, story_pin_id, user_id) 
    values
        (?, ?, ?, ?, ?)
Hibernate: 
    select
        user0_.id as id1_10_,
        user0_.created_at as created_2_10_,
        user0_.updated_at as updated_3_10_,
        user0_.age as age4_10_,
        user0_.background_image as backgrou5_10_,
        user0_.email as email6_10_,
        user0_.gender as gender7_10_,
        user0_.hobby as hobby8_10_,
        user0_.introduce as introduc9_10_,
        user0_.job as job10_10_,
        user0_.name as name11_10_,
        user0_.nick_name as nick_na12_10_,
        user0_.phone_num as phone_n13_10_,
        user0_.profile_image as profile14_10_,
        user0_.res_red_number as res_red15_10_,
        user0_.score as score16_10_ 
    from
        user user0_
Hibernate: 
    select
        roles0_.user_id as user_id1_11_0_,
        roles0_.roles as roles2_11_0_ 
    from
        user_roles roles0_ 
    where
        roles0_.user_id=?
Hibernate: 
    select
        roles0_.user_id as user_id1_11_0_,
        roles0_.roles as roles2_11_0_ 
    from
        user_roles roles0_ 
    where
        roles0_.user_id=?
Hibernate: 
    select
        roles0_.user_id as user_id1_11_0_,
        roles0_.roles as roles2_11_0_ 
    from
        user_roles roles0_ 
    where
        roles0_.user_id=?
Hibernate: 
    select
        roles0_.user_id as user_id1_11_0_,
        roles0_.roles as roles2_11_0_ 
    from
        user_roles roles0_ 
    where
        roles0_.user_id=?
Hibernate: 
    select
        roles0_.user_id as user_id1_11_0_,
        roles0_.roles as roles2_11_0_ 
    from
        user_roles roles0_ 
    where
        roles0_.user_id=?
Hibernate: 
    select
        user0_.id as id1_10_,
        user0_.created_at as created_2_10_,
        user0_.updated_at as updated_3_10_,
        user0_.age as age4_10_,
        user0_.background_image as backgrou5_10_,
        user0_.email as email6_10_,
        user0_.gender as gender7_10_,
        user0_.hobby as hobby8_10_,
        user0_.introduce as introduc9_10_,
        user0_.job as job10_10_,
        user0_.name as name11_10_,
        user0_.nick_name as nick_na12_10_,
        user0_.phone_num as phone_n13_10_,
        user0_.profile_image as profile14_10_,
        user0_.res_red_number as res_red15_10_,
        user0_.score as score16_10_ 
    from
        user user0_
Hibernate: 
    select
        roles0_.user_id as user_id1_11_0_,
        roles0_.roles as roles2_11_0_ 
    from
        user_roles roles0_ 
    where
        roles0_.user_id=?
Hibernate: 
    select
        roles0_.user_id as user_id1_11_0_,
        roles0_.roles as roles2_11_0_ 
    from
        user_roles roles0_ 
    where
        roles0_.user_id=?
Hibernate: 
    select
        roles0_.user_id as user_id1_11_0_,
        roles0_.roles as roles2_11_0_ 
    from
        user_roles roles0_ 
    where
        roles0_.user_id=?
Hibernate: 
    select
        roles0_.user_id as user_id1_11_0_,
        roles0_.roles as roles2_11_0_ 
    from
        user_roles roles0_ 
    where
        roles0_.user_id=?
Hibernate: 
    select
        roles0_.user_id as user_id1_11_0_,
        roles0_.roles as roles2_11_0_ 
    from
        user_roles roles0_ 
    where
        roles0_.user_id=?
Hibernate: 
    insert 
    into
        story_pin_like
        (created_at, updated_at, story_pin_id, user_id) 
    values
        (?, ?, ?, ?)
Hibernate: 
    insert 
    into
        story_pin_comment
        (created_at, updated_at, content, story_pin_id, user_id) 
    values
        (?, ?, ?, ?, ?)
Hibernate: 
    select
        user0_.id as id1_10_,
        user0_.created_at as created_2_10_,
        user0_.updated_at as updated_3_10_,
        user0_.age as age4_10_,
        user0_.background_image as backgrou5_10_,
        user0_.email as email6_10_,
        user0_.gender as gender7_10_,
        user0_.hobby as hobby8_10_,
        user0_.introduce as introduc9_10_,
        user0_.job as job10_10_,
        user0_.name as name11_10_,
        user0_.nick_name as nick_na12_10_,
        user0_.phone_num as phone_n13_10_,
        user0_.profile_image as profile14_10_,
        user0_.res_red_number as res_red15_10_,
        user0_.score as score16_10_ 
    from
        user user0_
Hibernate: 
    select
        roles0_.user_id as user_id1_11_0_,
        roles0_.roles as roles2_11_0_ 
    from
        user_roles roles0_ 
    where
        roles0_.user_id=?
Hibernate: 
    select
        roles0_.user_id as user_id1_11_0_,
        roles0_.roles as roles2_11_0_ 
    from
        user_roles roles0_ 
    where
        roles0_.user_id=?
Hibernate: 
    select
        roles0_.user_id as user_id1_11_0_,
        roles0_.roles as roles2_11_0_ 
    from
        user_roles roles0_ 
    where
        roles0_.user_id=?
Hibernate: 
    select
        roles0_.user_id as user_id1_11_0_,
        roles0_.roles as roles2_11_0_ 
    from
        user_roles roles0_ 
    where
        roles0_.user_id=?
Hibernate: 
    select
        roles0_.user_id as user_id1_11_0_,
        roles0_.roles as roles2_11_0_ 
    from
        user_roles roles0_ 
    where
        roles0_.user_id=?
Hibernate: 
    select
        user0_.id as id1_10_,
        user0_.created_at as created_2_10_,
        user0_.updated_at as updated_3_10_,
        user0_.age as age4_10_,
        user0_.background_image as backgrou5_10_,
        user0_.email as email6_10_,
        user0_.gender as gender7_10_,
        user0_.hobby as hobby8_10_,
        user0_.introduce as introduc9_10_,
        user0_.job as job10_10_,
        user0_.name as name11_10_,
        user0_.nick_name as nick_na12_10_,
        user0_.phone_num as phone_n13_10_,
        user0_.profile_image as profile14_10_,
        user0_.res_red_number as res_red15_10_,
        user0_.score as score16_10_ 
    from
        user user0_
Hibernate: 
    select
        roles0_.user_id as user_id1_11_0_,
        roles0_.roles as roles2_11_0_ 
    from
        user_roles roles0_ 
    where
        roles0_.user_id=?
Hibernate: 
    select
        roles0_.user_id as user_id1_11_0_,
        roles0_.roles as roles2_11_0_ 
    from
        user_roles roles0_ 
    where
        roles0_.user_id=?
Hibernate: 
    select
        roles0_.user_id as user_id1_11_0_,
        roles0_.roles as roles2_11_0_ 
    from
        user_roles roles0_ 
    where
        roles0_.user_id=?
Hibernate: 
    select
        roles0_.user_id as user_id1_11_0_,
        roles0_.roles as roles2_11_0_ 
    from
        user_roles roles0_ 
    where
        roles0_.user_id=?
Hibernate: 
    select
        roles0_.user_id as user_id1_11_0_,
        roles0_.roles as roles2_11_0_ 
    from
        user_roles roles0_ 
    where
        roles0_.user_id=?
Hibernate: 
    insert 
    into
        story_pin_like
        (created_at, updated_at, story_pin_id, user_id) 
    values
        (?, ?, ?, ?)
Hibernate: 
    insert 
    into
        story_pin_comment
        (created_at, updated_at, content, story_pin_id, user_id) 
    values
        (?, ?, ?, ?, ?)
Hibernate: 
    select
        user0_.id as id1_10_,
        user0_.created_at as created_2_10_,
        user0_.updated_at as updated_3_10_,
        user0_.age as age4_10_,
        user0_.background_image as backgrou5_10_,
        user0_.email as email6_10_,
        user0_.gender as gender7_10_,
        user0_.hobby as hobby8_10_,
        user0_.introduce as introduc9_10_,
        user0_.job as job10_10_,
        user0_.name as name11_10_,
        user0_.nick_name as nick_na12_10_,
        user0_.phone_num as phone_n13_10_,
        user0_.profile_image as profile14_10_,
        user0_.res_red_number as res_red15_10_,
        user0_.score as score16_10_ 
    from
        user user0_
Hibernate: 
    select
        roles0_.user_id as user_id1_11_0_,
        roles0_.roles as roles2_11_0_ 
    from
        user_roles roles0_ 
    where
        roles0_.user_id=?
Hibernate: 
    select
        roles0_.user_id as user_id1_11_0_,
        roles0_.roles as roles2_11_0_ 
    from
        user_roles roles0_ 
    where
        roles0_.user_id=?
Hibernate: 
    select
        roles0_.user_id as user_id1_11_0_,
        roles0_.roles as roles2_11_0_ 
    from
        user_roles roles0_ 
    where
        roles0_.user_id=?
Hibernate: 
    select
        roles0_.user_id as user_id1_11_0_,
        roles0_.roles as roles2_11_0_ 
    from
        user_roles roles0_ 
    where
        roles0_.user_id=?
Hibernate: 
    select
        roles0_.user_id as user_id1_11_0_,
        roles0_.roles as roles2_11_0_ 
    from
        user_roles roles0_ 
    where
        roles0_.user_id=?
Hibernate: 
    select
        user0_.id as id1_10_,
        user0_.created_at as created_2_10_,
        user0_.updated_at as updated_3_10_,
        user0_.age as age4_10_,
        user0_.background_image as backgrou5_10_,
        user0_.email as email6_10_,
        user0_.gender as gender7_10_,
        user0_.hobby as hobby8_10_,
        user0_.introduce as introduc9_10_,
        user0_.job as job10_10_,
        user0_.name as name11_10_,
        user0_.nick_name as nick_na12_10_,
        user0_.phone_num as phone_n13_10_,
        user0_.profile_image as profile14_10_,
        user0_.res_red_number as res_red15_10_,
        user0_.score as score16_10_ 
    from
        user user0_
Hibernate: 
    select
        roles0_.user_id as user_id1_11_0_,
        roles0_.roles as roles2_11_0_ 
    from
        user_roles roles0_ 
    where
        roles0_.user_id=?
Hibernate: 
    select
        roles0_.user_id as user_id1_11_0_,
        roles0_.roles as roles2_11_0_ 
    from
        user_roles roles0_ 
    where
        roles0_.user_id=?
Hibernate: 
    select
        roles0_.user_id as user_id1_11_0_,
        roles0_.roles as roles2_11_0_ 
    from
        user_roles roles0_ 
    where
        roles0_.user_id=?
Hibernate: 
    select
        roles0_.user_id as user_id1_11_0_,
        roles0_.roles as roles2_11_0_ 
    from
        user_roles roles0_ 
    where
        roles0_.user_id=?
Hibernate: 
    select
        roles0_.user_id as user_id1_11_0_,
        roles0_.roles as roles2_11_0_ 
    from
        user_roles roles0_ 
    where
        roles0_.user_id=?
Hibernate: 
    insert 
    into
        story_pin_like
        (created_at, updated_at, story_pin_id, user_id) 
    values
        (?, ?, ?, ?)
Hibernate: 
    insert 
    into
        story_pin_comment
        (created_at, updated_at, content, story_pin_id, user_id) 
    values
        (?, ?, ?, ?, ?)
Hibernate: 
    select
        user0_.id as id1_10_,
        user0_.created_at as created_2_10_,
        user0_.updated_at as updated_3_10_,
        user0_.age as age4_10_,
        user0_.background_image as backgrou5_10_,
        user0_.email as email6_10_,
        user0_.gender as gender7_10_,
        user0_.hobby as hobby8_10_,
        user0_.introduce as introduc9_10_,
        user0_.job as job10_10_,
        user0_.name as name11_10_,
        user0_.nick_name as nick_na12_10_,
        user0_.phone_num as phone_n13_10_,
        user0_.profile_image as profile14_10_,
        user0_.res_red_number as res_red15_10_,
        user0_.score as score16_10_ 
    from
        user user0_
Hibernate: 
    select
        roles0_.user_id as user_id1_11_0_,
        roles0_.roles as roles2_11_0_ 
    from
        user_roles roles0_ 
    where
        roles0_.user_id=?
Hibernate: 
    select
        roles0_.user_id as user_id1_11_0_,
        roles0_.roles as roles2_11_0_ 
    from
        user_roles roles0_ 
    where
        roles0_.user_id=?
Hibernate: 
    select
        roles0_.user_id as user_id1_11_0_,
        roles0_.roles as roles2_11_0_ 
    from
        user_roles roles0_ 
    where
        roles0_.user_id=?
Hibernate: 
    select
        roles0_.user_id as user_id1_11_0_,
        roles0_.roles as roles2_11_0_ 
    from
        user_roles roles0_ 
    where
        roles0_.user_id=?
Hibernate: 
    select
        roles0_.user_id as user_id1_11_0_,
        roles0_.roles as roles2_11_0_ 
    from
        user_roles roles0_ 
    where
        roles0_.user_id=?
Hibernate: 
    select
        user0_.id as id1_10_,
        user0_.created_at as created_2_10_,
        user0_.updated_at as updated_3_10_,
        user0_.age as age4_10_,
        user0_.background_image as backgrou5_10_,
        user0_.email as email6_10_,
        user0_.gender as gender7_10_,
        user0_.hobby as hobby8_10_,
        user0_.introduce as introduc9_10_,
        user0_.job as job10_10_,
        user0_.name as name11_10_,
        user0_.nick_name as nick_na12_10_,
        user0_.phone_num as phone_n13_10_,
        user0_.profile_image as profile14_10_,
        user0_.res_red_number as res_red15_10_,
        user0_.score as score16_10_ 
    from
        user user0_
Hibernate: 
    select
        roles0_.user_id as user_id1_11_0_,
        roles0_.roles as roles2_11_0_ 
    from
        user_roles roles0_ 
    where
        roles0_.user_id=?
Hibernate: 
    select
        roles0_.user_id as user_id1_11_0_,
        roles0_.roles as roles2_11_0_ 
    from
        user_roles roles0_ 
    where
        roles0_.user_id=?
Hibernate: 
    select
        roles0_.user_id as user_id1_11_0_,
        roles0_.roles as roles2_11_0_ 
    from
        user_roles roles0_ 
    where
        roles0_.user_id=?
Hibernate: 
    select
        roles0_.user_id as user_id1_11_0_,
        roles0_.roles as roles2_11_0_ 
    from
        user_roles roles0_ 
    where
        roles0_.user_id=?
Hibernate: 
    select
        roles0_.user_id as user_id1_11_0_,
        roles0_.roles as roles2_11_0_ 
    from
        user_roles roles0_ 
    where
        roles0_.user_id=?
Hibernate: 
    insert 
    into
        story_pin_like
        (created_at, updated_at, story_pin_id, user_id) 
    values
        (?, ?, ?, ?)
Hibernate: 
    insert 
    into
        story_pin_comment
        (created_at, updated_at, content, story_pin_id, user_id) 
    values
        (?, ?, ?, ?, ?)
Hibernate: 
    select
        user0_.id as id1_10_,
        user0_.created_at as created_2_10_,
        user0_.updated_at as updated_3_10_,
        user0_.age as age4_10_,
        user0_.background_image as backgrou5_10_,
        user0_.email as email6_10_,
        user0_.gender as gender7_10_,
        user0_.hobby as hobby8_10_,
        user0_.introduce as introduc9_10_,
        user0_.job as job10_10_,
        user0_.name as name11_10_,
        user0_.nick_name as nick_na12_10_,
        user0_.phone_num as phone_n13_10_,
        user0_.profile_image as profile14_10_,
        user0_.res_red_number as res_red15_10_,
        user0_.score as score16_10_ 
    from
        user user0_
Hibernate: 
    select
        roles0_.user_id as user_id1_11_0_,
        roles0_.roles as roles2_11_0_ 
    from
        user_roles roles0_ 
    where
        roles0_.user_id=?
Hibernate: 
    select
        roles0_.user_id as user_id1_11_0_,
        roles0_.roles as roles2_11_0_ 
    from
        user_roles roles0_ 
    where
        roles0_.user_id=?
Hibernate: 
    select
        roles0_.user_id as user_id1_11_0_,
        roles0_.roles as roles2_11_0_ 
    from
        user_roles roles0_ 
    where
        roles0_.user_id=?
Hibernate: 
    select
        roles0_.user_id as user_id1_11_0_,
        roles0_.roles as roles2_11_0_ 
    from
        user_roles roles0_ 
    where
        roles0_.user_id=?
Hibernate: 
    select
        roles0_.user_id as user_id1_11_0_,
        roles0_.roles as roles2_11_0_ 
    from
        user_roles roles0_ 
    where
        roles0_.user_id=?
Hibernate: 
    select
        user0_.id as id1_10_,
        user0_.created_at as created_2_10_,
        user0_.updated_at as updated_3_10_,
        user0_.age as age4_10_,
        user0_.background_image as backgrou5_10_,
        user0_.email as email6_10_,
        user0_.gender as gender7_10_,
        user0_.hobby as hobby8_10_,
        user0_.introduce as introduc9_10_,
        user0_.job as job10_10_,
        user0_.name as name11_10_,
        user0_.nick_name as nick_na12_10_,
        user0_.phone_num as phone_n13_10_,
        user0_.profile_image as profile14_10_,
        user0_.res_red_number as res_red15_10_,
        user0_.score as score16_10_ 
    from
        user user0_
Hibernate: 
    select
        roles0_.user_id as user_id1_11_0_,
        roles0_.roles as roles2_11_0_ 
    from
        user_roles roles0_ 
    where
        roles0_.user_id=?
Hibernate: 
    select
        roles0_.user_id as user_id1_11_0_,
        roles0_.roles as roles2_11_0_ 
    from
        user_roles roles0_ 
    where
        roles0_.user_id=?
Hibernate: 
    select
        roles0_.user_id as user_id1_11_0_,
        roles0_.roles as roles2_11_0_ 
    from
        user_roles roles0_ 
    where
        roles0_.user_id=?
Hibernate: 
    select
        roles0_.user_id as user_id1_11_0_,
        roles0_.roles as roles2_11_0_ 
    from
        user_roles roles0_ 
    where
        roles0_.user_id=?
Hibernate: 
    select
        roles0_.user_id as user_id1_11_0_,
        roles0_.roles as roles2_11_0_ 
    from
        user_roles roles0_ 
    where
        roles0_.user_id=?
Hibernate: 
    insert 
    into
        story_pin_like
        (created_at, updated_at, story_pin_id, user_id) 
    values
        (?, ?, ?, ?)
Hibernate: 
    insert 
    into
        story_pin_comment
        (created_at, updated_at, content, story_pin_id, user_id) 
    values
        (?, ?, ?, ?, ?)
Hibernate: 
    select
        user0_.id as id1_10_,
        user0_.created_at as created_2_10_,
        user0_.updated_at as updated_3_10_,
        user0_.age as age4_10_,
        user0_.background_image as backgrou5_10_,
        user0_.email as email6_10_,
        user0_.gender as gender7_10_,
        user0_.hobby as hobby8_10_,
        user0_.introduce as introduc9_10_,
        user0_.job as job10_10_,
        user0_.name as name11_10_,
        user0_.nick_name as nick_na12_10_,
        user0_.phone_num as phone_n13_10_,
        user0_.profile_image as profile14_10_,
        user0_.res_red_number as res_red15_10_,
        user0_.score as score16_10_ 
    from
        user user0_
Hibernate: 
    select
        roles0_.user_id as user_id1_11_0_,
        roles0_.roles as roles2_11_0_ 
    from
        user_roles roles0_ 
    where
        roles0_.user_id=?
Hibernate: 
    select
        roles0_.user_id as user_id1_11_0_,
        roles0_.roles as roles2_11_0_ 
    from
        user_roles roles0_ 
    where
        roles0_.user_id=?
Hibernate: 
    select
        roles0_.user_id as user_id1_11_0_,
        roles0_.roles as roles2_11_0_ 
    from
        user_roles roles0_ 
    where
        roles0_.user_id=?
Hibernate: 
    select
        roles0_.user_id as user_id1_11_0_,
        roles0_.roles as roles2_11_0_ 
    from
        user_roles roles0_ 
    where
        roles0_.user_id=?
Hibernate: 
    select
        roles0_.user_id as user_id1_11_0_,
        roles0_.roles as roles2_11_0_ 
    from
        user_roles roles0_ 
    where
        roles0_.user_id=?
Hibernate: 
    select
        user0_.id as id1_10_,
        user0_.created_at as created_2_10_,
        user0_.updated_at as updated_3_10_,
        user0_.age as age4_10_,
        user0_.background_image as backgrou5_10_,
        user0_.email as email6_10_,
        user0_.gender as gender7_10_,
        user0_.hobby as hobby8_10_,
        user0_.introduce as introduc9_10_,
        user0_.job as job10_10_,
        user0_.name as name11_10_,
        user0_.nick_name as nick_na12_10_,
        user0_.phone_num as phone_n13_10_,
        user0_.profile_image as profile14_10_,
        user0_.res_red_number as res_red15_10_,
        user0_.score as score16_10_ 
    from
        user user0_
Hibernate: 
    select
        roles0_.user_id as user_id1_11_0_,
        roles0_.roles as roles2_11_0_ 
    from
        user_roles roles0_ 
    where
        roles0_.user_id=?
Hibernate: 
    select
        roles0_.user_id as user_id1_11_0_,
        roles0_.roles as roles2_11_0_ 
    from
        user_roles roles0_ 
    where
        roles0_.user_id=?
Hibernate: 
    select
        roles0_.user_id as user_id1_11_0_,
        roles0_.roles as roles2_11_0_ 
    from
        user_roles roles0_ 
    where
        roles0_.user_id=?
Hibernate: 
    select
        roles0_.user_id as user_id1_11_0_,
        roles0_.roles as roles2_11_0_ 
    from
        user_roles roles0_ 
    where
        roles0_.user_id=?
Hibernate: 
    select
        roles0_.user_id as user_id1_11_0_,
        roles0_.roles as roles2_11_0_ 
    from
        user_roles roles0_ 
    where
        roles0_.user_id=?
Hibernate: 
    insert 
    into
        story_pin_like
        (created_at, updated_at, story_pin_id, user_id) 
    values
        (?, ?, ?, ?)
Hibernate: 
    insert 
    into
        story_pin_comment
        (created_at, updated_at, content, story_pin_id, user_id) 
    values
        (?, ?, ?, ?, ?)
Hibernate: 
    select
        user0_.id as id1_10_,
        user0_.created_at as created_2_10_,
        user0_.updated_at as updated_3_10_,
        user0_.age as age4_10_,
        user0_.background_image as backgrou5_10_,
        user0_.email as email6_10_,
        user0_.gender as gender7_10_,
        user0_.hobby as hobby8_10_,
        user0_.introduce as introduc9_10_,
        user0_.job as job10_10_,
        user0_.name as name11_10_,
        user0_.nick_name as nick_na12_10_,
        user0_.phone_num as phone_n13_10_,
        user0_.profile_image as profile14_10_,
        user0_.res_red_number as res_red15_10_,
        user0_.score as score16_10_ 
    from
        user user0_
Hibernate: 
    select
        roles0_.user_id as user_id1_11_0_,
        roles0_.roles as roles2_11_0_ 
    from
        user_roles roles0_ 
    where
        roles0_.user_id=?
Hibernate: 
    select
        roles0_.user_id as user_id1_11_0_,
        roles0_.roles as roles2_11_0_ 
    from
        user_roles roles0_ 
    where
        roles0_.user_id=?
Hibernate: 
    select
        roles0_.user_id as user_id1_11_0_,
        roles0_.roles as roles2_11_0_ 
    from
        user_roles roles0_ 
    where
        roles0_.user_id=?
Hibernate: 
    select
        roles0_.user_id as user_id1_11_0_,
        roles0_.roles as roles2_11_0_ 
    from
        user_roles roles0_ 
    where
        roles0_.user_id=?
Hibernate: 
    select
        roles0_.user_id as user_id1_11_0_,
        roles0_.roles as roles2_11_0_ 
    from
        user_roles roles0_ 
    where
        roles0_.user_id=?
Hibernate: 
    select
        user0_.id as id1_10_,
        user0_.created_at as created_2_10_,
        user0_.updated_at as updated_3_10_,
        user0_.age as age4_10_,
        user0_.background_image as backgrou5_10_,
        user0_.email as email6_10_,
        user0_.gender as gender7_10_,
        user0_.hobby as hobby8_10_,
        user0_.introduce as introduc9_10_,
        user0_.job as job10_10_,
        user0_.name as name11_10_,
        user0_.nick_name as nick_na12_10_,
        user0_.phone_num as phone_n13_10_,
        user0_.profile_image as profile14_10_,
        user0_.res_red_number as res_red15_10_,
        user0_.score as score16_10_ 
    from
        user user0_
Hibernate: 
    select
        roles0_.user_id as user_id1_11_0_,
        roles0_.roles as roles2_11_0_ 
    from
        user_roles roles0_ 
    where
        roles0_.user_id=?
Hibernate: 
    select
        roles0_.user_id as user_id1_11_0_,
        roles0_.roles as roles2_11_0_ 
    from
        user_roles roles0_ 
    where
        roles0_.user_id=?
Hibernate: 
    select
        roles0_.user_id as user_id1_11_0_,
        roles0_.roles as roles2_11_0_ 
    from
        user_roles roles0_ 
    where
        roles0_.user_id=?
Hibernate: 
    select
        roles0_.user_id as user_id1_11_0_,
        roles0_.roles as roles2_11_0_ 
    from
        user_roles roles0_ 
    where
        roles0_.user_id=?
Hibernate: 
    select
        roles0_.user_id as user_id1_11_0_,
        roles0_.roles as roles2_11_0_ 
    from
        user_roles roles0_ 
    where
        roles0_.user_id=?
Hibernate: 
    insert 
    into
        story_pin_like
        (created_at, updated_at, story_pin_id, user_id) 
    values
        (?, ?, ?, ?)
Hibernate: 
    insert 
    into
        story_pin_comment
        (created_at, updated_at, content, story_pin_id, user_id) 
    values
        (?, ?, ?, ?, ?)
Hibernate: 
    select
        user0_.id as id1_10_,
        user0_.created_at as created_2_10_,
        user0_.updated_at as updated_3_10_,
        user0_.age as age4_10_,
        user0_.background_image as backgrou5_10_,
        user0_.email as email6_10_,
        user0_.gender as gender7_10_,
        user0_.hobby as hobby8_10_,
        user0_.introduce as introduc9_10_,
        user0_.job as job10_10_,
        user0_.name as name11_10_,
        user0_.nick_name as nick_na12_10_,
        user0_.phone_num as phone_n13_10_,
        user0_.profile_image as profile14_10_,
        user0_.res_red_number as res_red15_10_,
        user0_.score as score16_10_ 
    from
        user user0_
Hibernate: 
    select
        roles0_.user_id as user_id1_11_0_,
        roles0_.roles as roles2_11_0_ 
    from
        user_roles roles0_ 
    where
        roles0_.user_id=?
Hibernate: 
    select
        roles0_.user_id as user_id1_11_0_,
        roles0_.roles as roles2_11_0_ 
    from
        user_roles roles0_ 
    where
        roles0_.user_id=?
Hibernate: 
    select
        roles0_.user_id as user_id1_11_0_,
        roles0_.roles as roles2_11_0_ 
    from
        user_roles roles0_ 
    where
        roles0_.user_id=?
Hibernate: 
    select
        roles0_.user_id as user_id1_11_0_,
        roles0_.roles as roles2_11_0_ 
    from
        user_roles roles0_ 
    where
        roles0_.user_id=?
Hibernate: 
    select
        roles0_.user_id as user_id1_11_0_,
        roles0_.roles as roles2_11_0_ 
    from
        user_roles roles0_ 
    where
        roles0_.user_id=?
Hibernate: 
    select
        user0_.id as id1_10_,
        user0_.created_at as created_2_10_,
        user0_.updated_at as updated_3_10_,
        user0_.age as age4_10_,
        user0_.background_image as backgrou5_10_,
        user0_.email as email6_10_,
        user0_.gender as gender7_10_,
        user0_.hobby as hobby8_10_,
        user0_.introduce as introduc9_10_,
        user0_.job as job10_10_,
        user0_.name as name11_10_,
        user0_.nick_name as nick_na12_10_,
        user0_.phone_num as phone_n13_10_,
        user0_.profile_image as profile14_10_,
        user0_.res_red_number as res_red15_10_,
        user0_.score as score16_10_ 
    from
        user user0_
Hibernate: 
    select
        roles0_.user_id as user_id1_11_0_,
        roles0_.roles as roles2_11_0_ 
    from
        user_roles roles0_ 
    where
        roles0_.user_id=?
Hibernate: 
    select
        roles0_.user_id as user_id1_11_0_,
        roles0_.roles as roles2_11_0_ 
    from
        user_roles roles0_ 
    where
        roles0_.user_id=?
Hibernate: 
    select
        roles0_.user_id as user_id1_11_0_,
        roles0_.roles as roles2_11_0_ 
    from
        user_roles roles0_ 
    where
        roles0_.user_id=?
Hibernate: 
    select
        roles0_.user_id as user_id1_11_0_,
        roles0_.roles as roles2_11_0_ 
    from
        user_roles roles0_ 
    where
        roles0_.user_id=?
Hibernate: 
    select
        roles0_.user_id as user_id1_11_0_,
        roles0_.roles as roles2_11_0_ 
    from
        user_roles roles0_ 
    where
        roles0_.user_id=?
Hibernate: 
    insert 
    into
        story_pin_like
        (created_at, updated_at, story_pin_id, user_id) 
    values
        (?, ?, ?, ?)
Hibernate: 
    insert 
    into
        story_pin_comment
        (created_at, updated_at, content, story_pin_id, user_id) 
    values
        (?, ?, ?, ?, ?)
Hibernate: 
    select
        user0_.id as id1_10_,
        user0_.created_at as created_2_10_,
        user0_.updated_at as updated_3_10_,
        user0_.age as age4_10_,
        user0_.background_image as backgrou5_10_,
        user0_.email as email6_10_,
        user0_.gender as gender7_10_,
        user0_.hobby as hobby8_10_,
        user0_.introduce as introduc9_10_,
        user0_.job as job10_10_,
        user0_.name as name11_10_,
        user0_.nick_name as nick_na12_10_,
        user0_.phone_num as phone_n13_10_,
        user0_.profile_image as profile14_10_,
        user0_.res_red_number as res_red15_10_,
        user0_.score as score16_10_ 
    from
        user user0_
Hibernate: 
    select
        roles0_.user_id as user_id1_11_0_,
        roles0_.roles as roles2_11_0_ 
    from
        user_roles roles0_ 
    where
        roles0_.user_id=?
Hibernate: 
    select
        roles0_.user_id as user_id1_11_0_,
        roles0_.roles as roles2_11_0_ 
    from
        user_roles roles0_ 
    where
        roles0_.user_id=?
Hibernate: 
    select
        roles0_.user_id as user_id1_11_0_,
        roles0_.roles as roles2_11_0_ 
    from
        user_roles roles0_ 
    where
        roles0_.user_id=?
Hibernate: 
    select
        roles0_.user_id as user_id1_11_0_,
        roles0_.roles as roles2_11_0_ 
    from
        user_roles roles0_ 
    where
        roles0_.user_id=?
Hibernate: 
    select
        roles0_.user_id as user_id1_11_0_,
        roles0_.roles as roles2_11_0_ 
    from
        user_roles roles0_ 
    where
        roles0_.user_id=?
Hibernate: 
    select
        user0_.id as id1_10_,
        user0_.created_at as created_2_10_,
        user0_.updated_at as updated_3_10_,
        user0_.age as age4_10_,
        user0_.background_image as backgrou5_10_,
        user0_.email as email6_10_,
        user0_.gender as gender7_10_,
        user0_.hobby as hobby8_10_,
        user0_.introduce as introduc9_10_,
        user0_.job as job10_10_,
        user0_.name as name11_10_,
        user0_.nick_name as nick_na12_10_,
        user0_.phone_num as phone_n13_10_,
        user0_.profile_image as profile14_10_,
        user0_.res_red_number as res_red15_10_,
        user0_.score as score16_10_ 
    from
        user user0_
Hibernate: 
    select
        roles0_.user_id as user_id1_11_0_,
        roles0_.roles as roles2_11_0_ 
    from
        user_roles roles0_ 
    where
        roles0_.user_id=?
Hibernate: 
    select
        roles0_.user_id as user_id1_11_0_,
        roles0_.roles as roles2_11_0_ 
    from
        user_roles roles0_ 
    where
        roles0_.user_id=?
Hibernate: 
    select
        roles0_.user_id as user_id1_11_0_,
        roles0_.roles as roles2_11_0_ 
    from
        user_roles roles0_ 
    where
        roles0_.user_id=?
Hibernate: 
    select
        roles0_.user_id as user_id1_11_0_,
        roles0_.roles as roles2_11_0_ 
    from
        user_roles roles0_ 
    where
        roles0_.user_id=?
Hibernate: 
    select
        roles0_.user_id as user_id1_11_0_,
        roles0_.roles as roles2_11_0_ 
    from
        user_roles roles0_ 
    where
        roles0_.user_id=?
Hibernate: 
    insert 
    into
        story_pin_like
        (created_at, updated_at, story_pin_id, user_id) 
    values
        (?, ?, ?, ?)
Hibernate: 
    insert 
    into
        story_pin_comment
        (created_at, updated_at, content, story_pin_id, user_id) 
    values
        (?, ?, ?, ?, ?)
Hibernate: 
    select
        user0_.id as id1_10_,
        user0_.created_at as created_2_10_,
        user0_.updated_at as updated_3_10_,
        user0_.age as age4_10_,
        user0_.background_image as backgrou5_10_,
        user0_.email as email6_10_,
        user0_.gender as gender7_10_,
        user0_.hobby as hobby8_10_,
        user0_.introduce as introduc9_10_,
        user0_.job as job10_10_,
        user0_.name as name11_10_,
        user0_.nick_name as nick_na12_10_,
        user0_.phone_num as phone_n13_10_,
        user0_.profile_image as profile14_10_,
        user0_.res_red_number as res_red15_10_,
        user0_.score as score16_10_ 
    from
        user user0_
Hibernate: 
    select
        roles0_.user_id as user_id1_11_0_,
        roles0_.roles as roles2_11_0_ 
    from
        user_roles roles0_ 
    where
        roles0_.user_id=?
Hibernate: 
    select
        roles0_.user_id as user_id1_11_0_,
        roles0_.roles as roles2_11_0_ 
    from
        user_roles roles0_ 
    where
        roles0_.user_id=?
Hibernate: 
    select
        roles0_.user_id as user_id1_11_0_,
        roles0_.roles as roles2_11_0_ 
    from
        user_roles roles0_ 
    where
        roles0_.user_id=?
Hibernate: 
    select
        roles0_.user_id as user_id1_11_0_,
        roles0_.roles as roles2_11_0_ 
    from
        user_roles roles0_ 
    where
        roles0_.user_id=?
Hibernate: 
    select
        roles0_.user_id as user_id1_11_0_,
        roles0_.roles as roles2_11_0_ 
    from
        user_roles roles0_ 
    where
        roles0_.user_id=?
Hibernate: 
    select
        user0_.id as id1_10_,
        user0_.created_at as created_2_10_,
        user0_.updated_at as updated_3_10_,
        user0_.age as age4_10_,
        user0_.background_image as backgrou5_10_,
        user0_.email as email6_10_,
        user0_.gender as gender7_10_,
        user0_.hobby as hobby8_10_,
        user0_.introduce as introduc9_10_,
        user0_.job as job10_10_,
        user0_.name as name11_10_,
        user0_.nick_name as nick_na12_10_,
        user0_.phone_num as phone_n13_10_,
        user0_.profile_image as profile14_10_,
        user0_.res_red_number as res_red15_10_,
        user0_.score as score16_10_ 
    from
        user user0_
Hibernate: 
    select
        roles0_.user_id as user_id1_11_0_,
        roles0_.roles as roles2_11_0_ 
    from
        user_roles roles0_ 
    where
        roles0_.user_id=?
Hibernate: 
    select
        roles0_.user_id as user_id1_11_0_,
        roles0_.roles as roles2_11_0_ 
    from
        user_roles roles0_ 
    where
        roles0_.user_id=?
Hibernate: 
    select
        roles0_.user_id as user_id1_11_0_,
        roles0_.roles as roles2_11_0_ 
    from
        user_roles roles0_ 
    where
        roles0_.user_id=?
Hibernate: 
    select
        roles0_.user_id as user_id1_11_0_,
        roles0_.roles as roles2_11_0_ 
    from
        user_roles roles0_ 
    where
        roles0_.user_id=?
Hibernate: 
    select
        roles0_.user_id as user_id1_11_0_,
        roles0_.roles as roles2_11_0_ 
    from
        user_roles roles0_ 
    where
        roles0_.user_id=?
Hibernate: 
    insert 
    into
        story_pin_like
        (created_at, updated_at, story_pin_id, user_id) 
    values
        (?, ?, ?, ?)
Hibernate: 
    insert 
    into
        story_pin_comment
        (created_at, updated_at, content, story_pin_id, user_id) 
    values
        (?, ?, ?, ?, ?)
Hibernate: 
    select
        user0_.id as id1_10_,
        user0_.created_at as created_2_10_,
        user0_.updated_at as updated_3_10_,
        user0_.age as age4_10_,
        user0_.background_image as backgrou5_10_,
        user0_.email as email6_10_,
        user0_.gender as gender7_10_,
        user0_.hobby as hobby8_10_,
        user0_.introduce as introduc9_10_,
        user0_.job as job10_10_,
        user0_.name as name11_10_,
        user0_.nick_name as nick_na12_10_,
        user0_.phone_num as phone_n13_10_,
        user0_.profile_image as profile14_10_,
        user0_.res_red_number as res_red15_10_,
        user0_.score as score16_10_ 
    from
        user user0_
Hibernate: 
    select
        roles0_.user_id as user_id1_11_0_,
        roles0_.roles as roles2_11_0_ 
    from
        user_roles roles0_ 
    where
        roles0_.user_id=?
Hibernate: 
    select
        roles0_.user_id as user_id1_11_0_,
        roles0_.roles as roles2_11_0_ 
    from
        user_roles roles0_ 
    where
        roles0_.user_id=?
Hibernate: 
    select
        roles0_.user_id as user_id1_11_0_,
        roles0_.roles as roles2_11_0_ 
    from
        user_roles roles0_ 
    where
        roles0_.user_id=?
Hibernate: 
    select
        roles0_.user_id as user_id1_11_0_,
        roles0_.roles as roles2_11_0_ 
    from
        user_roles roles0_ 
    where
        roles0_.user_id=?
Hibernate: 
    select
        roles0_.user_id as user_id1_11_0_,
        roles0_.roles as roles2_11_0_ 
    from
        user_roles roles0_ 
    where
        roles0_.user_id=?
Hibernate: 
    select
        user0_.id as id1_10_,
        user0_.created_at as created_2_10_,
        user0_.updated_at as updated_3_10_,
        user0_.age as age4_10_,
        user0_.background_image as backgrou5_10_,
        user0_.email as email6_10_,
        user0_.gender as gender7_10_,
        user0_.hobby as hobby8_10_,
        user0_.introduce as introduc9_10_,
        user0_.job as job10_10_,
        user0_.name as name11_10_,
        user0_.nick_name as nick_na12_10_,
        user0_.phone_num as phone_n13_10_,
        user0_.profile_image as profile14_10_,
        user0_.res_red_number as res_red15_10_,
        user0_.score as score16_10_ 
    from
        user user0_
Hibernate: 
    select
        roles0_.user_id as user_id1_11_0_,
        roles0_.roles as roles2_11_0_ 
    from
        user_roles roles0_ 
    where
        roles0_.user_id=?
Hibernate: 
    select
        roles0_.user_id as user_id1_11_0_,
        roles0_.roles as roles2_11_0_ 
    from
        user_roles roles0_ 
    where
        roles0_.user_id=?
Hibernate: 
    select
        roles0_.user_id as user_id1_11_0_,
        roles0_.roles as roles2_11_0_ 
    from
        user_roles roles0_ 
    where
        roles0_.user_id=?
Hibernate: 
    select
        roles0_.user_id as user_id1_11_0_,
        roles0_.roles as roles2_11_0_ 
    from
        user_roles roles0_ 
    where
        roles0_.user_id=?
Hibernate: 
    select
        roles0_.user_id as user_id1_11_0_,
        roles0_.roles as roles2_11_0_ 
    from
        user_roles roles0_ 
    where
        roles0_.user_id=?
Hibernate: 
    insert 
    into
        story_pin_like
        (created_at, updated_at, story_pin_id, user_id) 
    values
        (?, ?, ?, ?)
Hibernate: 
    insert 
    into
        story_pin_comment
        (created_at, updated_at, content, story_pin_id, user_id) 
    values
        (?, ?, ?, ?, ?)
Hibernate: 
    select
        user0_.id as id1_10_,
        user0_.created_at as created_2_10_,
        user0_.updated_at as updated_3_10_,
        user0_.age as age4_10_,
        user0_.background_image as backgrou5_10_,
        user0_.email as email6_10_,
        user0_.gender as gender7_10_,
        user0_.hobby as hobby8_10_,
        user0_.introduce as introduc9_10_,
        user0_.job as job10_10_,
        user0_.name as name11_10_,
        user0_.nick_name as nick_na12_10_,
        user0_.phone_num as phone_n13_10_,
        user0_.profile_image as profile14_10_,
        user0_.res_red_number as res_red15_10_,
        user0_.score as score16_10_ 
    from
        user user0_
Hibernate: 
    select
        roles0_.user_id as user_id1_11_0_,
        roles0_.roles as roles2_11_0_ 
    from
        user_roles roles0_ 
    where
        roles0_.user_id=?
Hibernate: 
    select
        roles0_.user_id as user_id1_11_0_,
        roles0_.roles as roles2_11_0_ 
    from
        user_roles roles0_ 
    where
        roles0_.user_id=?
Hibernate: 
    select
        roles0_.user_id as user_id1_11_0_,
        roles0_.roles as roles2_11_0_ 
    from
        user_roles roles0_ 
    where
        roles0_.user_id=?
Hibernate: 
    select
        roles0_.user_id as user_id1_11_0_,
        roles0_.roles as roles2_11_0_ 
    from
        user_roles roles0_ 
    where
        roles0_.user_id=?
Hibernate: 
    select
        roles0_.user_id as user_id1_11_0_,
        roles0_.roles as roles2_11_0_ 
    from
        user_roles roles0_ 
    where
        roles0_.user_id=?
Hibernate: 
    select
        user0_.id as id1_10_,
        user0_.created_at as created_2_10_,
        user0_.updated_at as updated_3_10_,
        user0_.age as age4_10_,
        user0_.background_image as backgrou5_10_,
        user0_.email as email6_10_,
        user0_.gender as gender7_10_,
        user0_.hobby as hobby8_10_,
        user0_.introduce as introduc9_10_,
        user0_.job as job10_10_,
        user0_.name as name11_10_,
        user0_.nick_name as nick_na12_10_,
        user0_.phone_num as phone_n13_10_,
        user0_.profile_image as profile14_10_,
        user0_.res_red_number as res_red15_10_,
        user0_.score as score16_10_ 
    from
        user user0_
Hibernate: 
    select
        roles0_.user_id as user_id1_11_0_,
        roles0_.roles as roles2_11_0_ 
    from
        user_roles roles0_ 
    where
        roles0_.user_id=?
Hibernate: 
    select
        roles0_.user_id as user_id1_11_0_,
        roles0_.roles as roles2_11_0_ 
    from
        user_roles roles0_ 
    where
        roles0_.user_id=?
Hibernate: 
    select
        roles0_.user_id as user_id1_11_0_,
        roles0_.roles as roles2_11_0_ 
    from
        user_roles roles0_ 
    where
        roles0_.user_id=?
Hibernate: 
    select
        roles0_.user_id as user_id1_11_0_,
        roles0_.roles as roles2_11_0_ 
    from
        user_roles roles0_ 
    where
        roles0_.user_id=?
Hibernate: 
    select
        roles0_.user_id as user_id1_11_0_,
        roles0_.roles as roles2_11_0_ 
    from
        user_roles roles0_ 
    where
        roles0_.user_id=?
Hibernate: 
    insert 
    into
        story_pin_like
        (created_at, updated_at, story_pin_id, user_id) 
    values
        (?, ?, ?, ?)
Hibernate: 
    insert 
    into
        story_pin_comment
        (created_at, updated_at, content, story_pin_id, user_id) 
    values
        (?, ?, ?, ?, ?)
Hibernate: 
    select
        user0_.id as id1_10_,
        user0_.created_at as created_2_10_,
        user0_.updated_at as updated_3_10_,
        user0_.age as age4_10_,
        user0_.background_image as backgrou5_10_,
        user0_.email as email6_10_,
        user0_.gender as gender7_10_,
        user0_.hobby as hobby8_10_,
        user0_.introduce as introduc9_10_,
        user0_.job as job10_10_,
        user0_.name as name11_10_,
        user0_.nick_name as nick_na12_10_,
        user0_.phone_num as phone_n13_10_,
        user0_.profile_image as profile14_10_,
        user0_.res_red_number as res_red15_10_,
        user0_.score as score16_10_ 
    from
        user user0_
Hibernate: 
    select
        roles0_.user_id as user_id1_11_0_,
        roles0_.roles as roles2_11_0_ 
    from
        user_roles roles0_ 
    where
        roles0_.user_id=?
Hibernate: 
    select
        roles0_.user_id as user_id1_11_0_,
        roles0_.roles as roles2_11_0_ 
    from
        user_roles roles0_ 
    where
        roles0_.user_id=?
Hibernate: 
    select
        roles0_.user_id as user_id1_11_0_,
        roles0_.roles as roles2_11_0_ 
    from
        user_roles roles0_ 
    where
        roles0_.user_id=?
Hibernate: 
    select
        roles0_.user_id as user_id1_11_0_,
        roles0_.roles as roles2_11_0_ 
    from
        user_roles roles0_ 
    where
        roles0_.user_id=?
Hibernate: 
    select
        roles0_.user_id as user_id1_11_0_,
        roles0_.roles as roles2_11_0_ 
    from
        user_roles roles0_ 
    where
        roles0_.user_id=?
Hibernate: 
    select
        user0_.id as id1_10_,
        user0_.created_at as created_2_10_,
        user0_.updated_at as updated_3_10_,
        user0_.age as age4_10_,
        user0_.background_image as backgrou5_10_,
        user0_.email as email6_10_,
        user0_.gender as gender7_10_,
        user0_.hobby as hobby8_10_,
        user0_.introduce as introduc9_10_,
        user0_.job as job10_10_,
        user0_.name as name11_10_,
        user0_.nick_name as nick_na12_10_,
        user0_.phone_num as phone_n13_10_,
        user0_.profile_image as profile14_10_,
        user0_.res_red_number as res_red15_10_,
        user0_.score as score16_10_ 
    from
        user user0_
Hibernate: 
    select
        roles0_.user_id as user_id1_11_0_,
        roles0_.roles as roles2_11_0_ 
    from
        user_roles roles0_ 
    where
        roles0_.user_id=?
Hibernate: 
    select
        roles0_.user_id as user_id1_11_0_,
        roles0_.roles as roles2_11_0_ 
    from
        user_roles roles0_ 
    where
        roles0_.user_id=?
Hibernate: 
    select
        roles0_.user_id as user_id1_11_0_,
        roles0_.roles as roles2_11_0_ 
    from
        user_roles roles0_ 
    where
        roles0_.user_id=?
Hibernate: 
    select
        roles0_.user_id as user_id1_11_0_,
        roles0_.roles as roles2_11_0_ 
    from
        user_roles roles0_ 
    where
        roles0_.user_id=?
Hibernate: 
    select
        roles0_.user_id as user_id1_11_0_,
        roles0_.roles as roles2_11_0_ 
    from
        user_roles roles0_ 
    where
        roles0_.user_id=?
Hibernate: 
    insert 
    into
        story_pin_like
        (created_at, updated_at, story_pin_id, user_id) 
    values
        (?, ?, ?, ?)
Hibernate: 
    insert 
    into
        story_pin_comment
        (created_at, updated_at, content, story_pin_id, user_id) 
    values
        (?, ?, ?, ?, ?)
Hibernate: 
    select
        user0_.id as id1_10_,
        user0_.created_at as created_2_10_,
        user0_.updated_at as updated_3_10_,
        user0_.age as age4_10_,
        user0_.background_image as backgrou5_10_,
        user0_.email as email6_10_,
        user0_.gender as gender7_10_,
        user0_.hobby as hobby8_10_,
        user0_.introduce as introduc9_10_,
        user0_.job as job10_10_,
        user0_.name as name11_10_,
        user0_.nick_name as nick_na12_10_,
        user0_.phone_num as phone_n13_10_,
        user0_.profile_image as profile14_10_,
        user0_.res_red_number as res_red15_10_,
        user0_.score as score16_10_ 
    from
        user user0_
Hibernate: 
    select
        roles0_.user_id as user_id1_11_0_,
        roles0_.roles as roles2_11_0_ 
    from
        user_roles roles0_ 
    where
        roles0_.user_id=?
Hibernate: 
    select
        roles0_.user_id as user_id1_11_0_,
        roles0_.roles as roles2_11_0_ 
    from
        user_roles roles0_ 
    where
        roles0_.user_id=?
Hibernate: 
    select
        roles0_.user_id as user_id1_11_0_,
        roles0_.roles as roles2_11_0_ 
    from
        user_roles roles0_ 
    where
        roles0_.user_id=?
Hibernate: 
    select
        roles0_.user_id as user_id1_11_0_,
        roles0_.roles as roles2_11_0_ 
    from
        user_roles roles0_ 
    where
        roles0_.user_id=?
Hibernate: 
    select
        roles0_.user_id as user_id1_11_0_,
        roles0_.roles as roles2_11_0_ 
    from
        user_roles roles0_ 
    where
        roles0_.user_id=?
Hibernate: 
    select
        user0_.id as id1_10_,
        user0_.created_at as created_2_10_,
        user0_.updated_at as updated_3_10_,
        user0_.age as age4_10_,
        user0_.background_image as backgrou5_10_,
        user0_.email as email6_10_,
        user0_.gender as gender7_10_,
        user0_.hobby as hobby8_10_,
        user0_.introduce as introduc9_10_,
        user0_.job as job10_10_,
        user0_.name as name11_10_,
        user0_.nick_name as nick_na12_10_,
        user0_.phone_num as phone_n13_10_,
        user0_.profile_image as profile14_10_,
        user0_.res_red_number as res_red15_10_,
        user0_.score as score16_10_ 
    from
        user user0_
Hibernate: 
    select
        roles0_.user_id as user_id1_11_0_,
        roles0_.roles as roles2_11_0_ 
    from
        user_roles roles0_ 
    where
        roles0_.user_id=?
Hibernate: 
    select
        roles0_.user_id as user_id1_11_0_,
        roles0_.roles as roles2_11_0_ 
    from
        user_roles roles0_ 
    where
        roles0_.user_id=?
Hibernate: 
    select
        roles0_.user_id as user_id1_11_0_,
        roles0_.roles as roles2_11_0_ 
    from
        user_roles roles0_ 
    where
        roles0_.user_id=?
Hibernate: 
    select
        roles0_.user_id as user_id1_11_0_,
        roles0_.roles as roles2_11_0_ 
    from
        user_roles roles0_ 
    where
        roles0_.user_id=?
Hibernate: 
    select
        roles0_.user_id as user_id1_11_0_,
        roles0_.roles as roles2_11_0_ 
    from
        user_roles roles0_ 
    where
        roles0_.user_id=?
Hibernate: 
    insert 
    into
        story_pin_like
        (created_at, updated_at, story_pin_id, user_id) 
    values
        (?, ?, ?, ?)
Hibernate: 
    insert 
    into
        story_pin_comment
        (created_at, updated_at, content, story_pin_id, user_id) 
    values
        (?, ?, ?, ?, ?)
Hibernate: 
    select
        user0_.id as id1_10_,
        user0_.created_at as created_2_10_,
        user0_.updated_at as updated_3_10_,
        user0_.age as age4_10_,
        user0_.background_image as backgrou5_10_,
        user0_.email as email6_10_,
        user0_.gender as gender7_10_,
        user0_.hobby as hobby8_10_,
        user0_.introduce as introduc9_10_,
        user0_.job as job10_10_,
        user0_.name as name11_10_,
        user0_.nick_name as nick_na12_10_,
        user0_.phone_num as phone_n13_10_,
        user0_.profile_image as profile14_10_,
        user0_.res_red_number as res_red15_10_,
        user0_.score as score16_10_ 
    from
        user user0_
Hibernate: 
    select
        roles0_.user_id as user_id1_11_0_,
        roles0_.roles as roles2_11_0_ 
    from
        user_roles roles0_ 
    where
        roles0_.user_id=?
Hibernate: 
    select
        roles0_.user_id as user_id1_11_0_,
        roles0_.roles as roles2_11_0_ 
    from
        user_roles roles0_ 
    where
        roles0_.user_id=?
Hibernate: 
    select
        roles0_.user_id as user_id1_11_0_,
        roles0_.roles as roles2_11_0_ 
    from
        user_roles roles0_ 
    where
        roles0_.user_id=?
Hibernate: 
    select
        roles0_.user_id as user_id1_11_0_,
        roles0_.roles as roles2_11_0_ 
    from
        user_roles roles0_ 
    where
        roles0_.user_id=?
Hibernate: 
    select
        roles0_.user_id as user_id1_11_0_,
        roles0_.roles as roles2_11_0_ 
    from
        user_roles roles0_ 
    where
        roles0_.user_id=?
Hibernate: 
    select
        user0_.id as id1_10_,
        user0_.created_at as created_2_10_,
        user0_.updated_at as updated_3_10_,
        user0_.age as age4_10_,
        user0_.background_image as backgrou5_10_,
        user0_.email as email6_10_,
        user0_.gender as gender7_10_,
        user0_.hobby as hobby8_10_,
        user0_.introduce as introduc9_10_,
        user0_.job as job10_10_,
        user0_.name as name11_10_,
        user0_.nick_name as nick_na12_10_,
        user0_.phone_num as phone_n13_10_,
        user0_.profile_image as profile14_10_,
        user0_.res_red_number as res_red15_10_,
        user0_.score as score16_10_ 
    from
        user user0_
Hibernate: 
    select
        roles0_.user_id as user_id1_11_0_,
        roles0_.roles as roles2_11_0_ 
    from
        user_roles roles0_ 
    where
        roles0_.user_id=?
Hibernate: 
    select
        roles0_.user_id as user_id1_11_0_,
        roles0_.roles as roles2_11_0_ 
    from
        user_roles roles0_ 
    where
        roles0_.user_id=?
Hibernate: 
    select
        roles0_.user_id as user_id1_11_0_,
        roles0_.roles as roles2_11_0_ 
    from
        user_roles roles0_ 
    where
        roles0_.user_id=?
Hibernate: 
    select
        roles0_.user_id as user_id1_11_0_,
        roles0_.roles as roles2_11_0_ 
    from
        user_roles roles0_ 
    where
        roles0_.user_id=?
Hibernate: 
    select
        roles0_.user_id as user_id1_11_0_,
        roles0_.roles as roles2_11_0_ 
    from
        user_roles roles0_ 
    where
        roles0_.user_id=?
Hibernate: 
    insert 
    into
        story_pin_like
        (created_at, updated_at, story_pin_id, user_id) 
    values
        (?, ?, ?, ?)
Hibernate: 
    insert 
    into
        story_pin_comment
        (created_at, updated_at, content, story_pin_id, user_id) 
    values
        (?, ?, ?, ?, ?)
Hibernate: 
    select
        user0_.id as id1_10_,
        user0_.created_at as created_2_10_,
        user0_.updated_at as updated_3_10_,
        user0_.age as age4_10_,
        user0_.background_image as backgrou5_10_,
        user0_.email as email6_10_,
        user0_.gender as gender7_10_,
        user0_.hobby as hobby8_10_,
        user0_.introduce as introduc9_10_,
        user0_.job as job10_10_,
        user0_.name as name11_10_,
        user0_.nick_name as nick_na12_10_,
        user0_.phone_num as phone_n13_10_,
        user0_.profile_image as profile14_10_,
        user0_.res_red_number as res_red15_10_,
        user0_.score as score16_10_ 
    from
        user user0_
Hibernate: 
    select
        roles0_.user_id as user_id1_11_0_,
        roles0_.roles as roles2_11_0_ 
    from
        user_roles roles0_ 
    where
        roles0_.user_id=?
Hibernate: 
    select
        roles0_.user_id as user_id1_11_0_,
        roles0_.roles as roles2_11_0_ 
    from
        user_roles roles0_ 
    where
        roles0_.user_id=?
Hibernate: 
    select
        roles0_.user_id as user_id1_11_0_,
        roles0_.roles as roles2_11_0_ 
    from
        user_roles roles0_ 
    where
        roles0_.user_id=?
Hibernate: 
    select
        roles0_.user_id as user_id1_11_0_,
        roles0_.roles as roles2_11_0_ 
    from
        user_roles roles0_ 
    where
        roles0_.user_id=?
Hibernate: 
    select
        roles0_.user_id as user_id1_11_0_,
        roles0_.roles as roles2_11_0_ 
    from
        user_roles roles0_ 
    where
        roles0_.user_id=?
Hibernate: 
    select
        user0_.id as id1_10_,
        user0_.created_at as created_2_10_,
        user0_.updated_at as updated_3_10_,
        user0_.age as age4_10_,
        user0_.background_image as backgrou5_10_,
        user0_.email as email6_10_,
        user0_.gender as gender7_10_,
        user0_.hobby as hobby8_10_,
        user0_.introduce as introduc9_10_,
        user0_.job as job10_10_,
        user0_.name as name11_10_,
        user0_.nick_name as nick_na12_10_,
        user0_.phone_num as phone_n13_10_,
        user0_.profile_image as profile14_10_,
        user0_.res_red_number as res_red15_10_,
        user0_.score as score16_10_ 
    from
        user user0_
Hibernate: 
    select
        roles0_.user_id as user_id1_11_0_,
        roles0_.roles as roles2_11_0_ 
    from
        user_roles roles0_ 
    where
        roles0_.user_id=?
Hibernate: 
    select
        roles0_.user_id as user_id1_11_0_,
        roles0_.roles as roles2_11_0_ 
    from
        user_roles roles0_ 
    where
        roles0_.user_id=?
Hibernate: 
    select
        roles0_.user_id as user_id1_11_0_,
        roles0_.roles as roles2_11_0_ 
    from
        user_roles roles0_ 
    where
        roles0_.user_id=?
Hibernate: 
    select
        roles0_.user_id as user_id1_11_0_,
        roles0_.roles as roles2_11_0_ 
    from
        user_roles roles0_ 
    where
        roles0_.user_id=?
Hibernate: 
    select
        roles0_.user_id as user_id1_11_0_,
        roles0_.roles as roles2_11_0_ 
    from
        user_roles roles0_ 
    where
        roles0_.user_id=?
Hibernate: 
    insert 
    into
        story_pin_like
        (created_at, updated_at, story_pin_id, user_id) 
    values
        (?, ?, ?, ?)
Hibernate: 
    insert 
    into
        story_pin_comment
        (created_at, updated_at, content, story_pin_id, user_id) 
    values
        (?, ?, ?, ?, ?)
Hibernate: 
    select
        user0_.id as id1_10_,
        user0_.created_at as created_2_10_,
        user0_.updated_at as updated_3_10_,
        user0_.age as age4_10_,
        user0_.background_image as backgrou5_10_,
        user0_.email as email6_10_,
        user0_.gender as gender7_10_,
        user0_.hobby as hobby8_10_,
        user0_.introduce as introduc9_10_,
        user0_.job as job10_10_,
        user0_.name as name11_10_,
        user0_.nick_name as nick_na12_10_,
        user0_.phone_num as phone_n13_10_,
        user0_.profile_image as profile14_10_,
        user0_.res_red_number as res_red15_10_,
        user0_.score as score16_10_ 
    from
        user user0_
Hibernate: 
    select
        roles0_.user_id as user_id1_11_0_,
        roles0_.roles as roles2_11_0_ 
    from
        user_roles roles0_ 
    where
        roles0_.user_id=?
Hibernate: 
    select
        roles0_.user_id as user_id1_11_0_,
        roles0_.roles as roles2_11_0_ 
    from
        user_roles roles0_ 
    where
        roles0_.user_id=?
Hibernate: 
    select
        roles0_.user_id as user_id1_11_0_,
        roles0_.roles as roles2_11_0_ 
    from
        user_roles roles0_ 
    where
        roles0_.user_id=?
Hibernate: 
    select
        roles0_.user_id as user_id1_11_0_,
        roles0_.roles as roles2_11_0_ 
    from
        user_roles roles0_ 
    where
        roles0_.user_id=?
Hibernate: 
    select
        roles0_.user_id as user_id1_11_0_,
        roles0_.roles as roles2_11_0_ 
    from
        user_roles roles0_ 
    where
        roles0_.user_id=?
Hibernate: 
    select
        user0_.id as id1_10_,
        user0_.created_at as created_2_10_,
        user0_.updated_at as updated_3_10_,
        user0_.age as age4_10_,
        user0_.background_image as backgrou5_10_,
        user0_.email as email6_10_,
        user0_.gender as gender7_10_,
        user0_.hobby as hobby8_10_,
        user0_.introduce as introduc9_10_,
        user0_.job as job10_10_,
        user0_.name as name11_10_,
        user0_.nick_name as nick_na12_10_,
        user0_.phone_num as phone_n13_10_,
        user0_.profile_image as profile14_10_,
        user0_.res_red_number as res_red15_10_,
        user0_.score as score16_10_ 
    from
        user user0_
Hibernate: 
    select
        roles0_.user_id as user_id1_11_0_,
        roles0_.roles as roles2_11_0_ 
    from
        user_roles roles0_ 
    where
        roles0_.user_id=?
Hibernate: 
    select
        roles0_.user_id as user_id1_11_0_,
        roles0_.roles as roles2_11_0_ 
    from
        user_roles roles0_ 
    where
        roles0_.user_id=?
Hibernate: 
    select
        roles0_.user_id as user_id1_11_0_,
        roles0_.roles as roles2_11_0_ 
    from
        user_roles roles0_ 
    where
        roles0_.user_id=?
Hibernate: 
    select
        roles0_.user_id as user_id1_11_0_,
        roles0_.roles as roles2_11_0_ 
    from
        user_roles roles0_ 
    where
        roles0_.user_id=?
Hibernate: 
    select
        roles0_.user_id as user_id1_11_0_,
        roles0_.roles as roles2_11_0_ 
    from
        user_roles roles0_ 
    where
        roles0_.user_id=?
Hibernate: 
    insert 
    into
        story_pin_like
        (created_at, updated_at, story_pin_id, user_id) 
    values
        (?, ?, ?, ?)
Hibernate: 
    insert 
    into
        story_pin_comment
        (created_at, updated_at, content, story_pin_id, user_id) 
    values
        (?, ?, ?, ?, ?)
Hibernate: 
    select
        user0_.id as id1_10_,
        user0_.created_at as created_2_10_,
        user0_.updated_at as updated_3_10_,
        user0_.age as age4_10_,
        user0_.background_image as backgrou5_10_,
        user0_.email as email6_10_,
        user0_.gender as gender7_10_,
        user0_.hobby as hobby8_10_,
        user0_.introduce as introduc9_10_,
        user0_.job as job10_10_,
        user0_.name as name11_10_,
        user0_.nick_name as nick_na12_10_,
        user0_.phone_num as phone_n13_10_,
        user0_.profile_image as profile14_10_,
        user0_.res_red_number as res_red15_10_,
        user0_.score as score16_10_ 
    from
        user user0_
Hibernate: 
    select
        roles0_.user_id as user_id1_11_0_,
        roles0_.roles as roles2_11_0_ 
    from
        user_roles roles0_ 
    where
        roles0_.user_id=?
Hibernate: 
    select
        roles0_.user_id as user_id1_11_0_,
        roles0_.roles as roles2_11_0_ 
    from
        user_roles roles0_ 
    where
        roles0_.user_id=?
Hibernate: 
    select
        roles0_.user_id as user_id1_11_0_,
        roles0_.roles as roles2_11_0_ 
    from
        user_roles roles0_ 
    where
        roles0_.user_id=?
Hibernate: 
    select
        roles0_.user_id as user_id1_11_0_,
        roles0_.roles as roles2_11_0_ 
    from
        user_roles roles0_ 
    where
        roles0_.user_id=?
Hibernate: 
    select
        roles0_.user_id as user_id1_11_0_,
        roles0_.roles as roles2_11_0_ 
    from
        user_roles roles0_ 
    where
        roles0_.user_id=?
Hibernate: 
    select
        user0_.id as id1_10_,
        user0_.created_at as created_2_10_,
        user0_.updated_at as updated_3_10_,
        user0_.age as age4_10_,
        user0_.background_image as backgrou5_10_,
        user0_.email as email6_10_,
        user0_.gender as gender7_10_,
        user0_.hobby as hobby8_10_,
        user0_.introduce as introduc9_10_,
        user0_.job as job10_10_,
        user0_.name as name11_10_,
        user0_.nick_name as nick_na12_10_,
        user0_.phone_num as phone_n13_10_,
        user0_.profile_image as profile14_10_,
        user0_.res_red_number as res_red15_10_,
        user0_.score as score16_10_ 
    from
        user user0_
Hibernate: 
    select
        roles0_.user_id as user_id1_11_0_,
        roles0_.roles as roles2_11_0_ 
    from
        user_roles roles0_ 
    where
        roles0_.user_id=?
Hibernate: 
    select
        roles0_.user_id as user_id1_11_0_,
        roles0_.roles as roles2_11_0_ 
    from
        user_roles roles0_ 
    where
        roles0_.user_id=?
Hibernate: 
    select
        roles0_.user_id as user_id1_11_0_,
        roles0_.roles as roles2_11_0_ 
    from
        user_roles roles0_ 
    where
        roles0_.user_id=?
Hibernate: 
    select
        roles0_.user_id as user_id1_11_0_,
        roles0_.roles as roles2_11_0_ 
    from
        user_roles roles0_ 
    where
        roles0_.user_id=?
Hibernate: 
    select
        roles0_.user_id as user_id1_11_0_,
        roles0_.roles as roles2_11_0_ 
    from
        user_roles roles0_ 
    where
        roles0_.user_id=?
Hibernate: 
    insert 
    into
        story_pin_like
        (created_at, updated_at, story_pin_id, user_id) 
    values
        (?, ?, ?, ?)
Hibernate: 
    insert 
    into
        story_pin_comment
        (created_at, updated_at, content, story_pin_id, user_id) 
    values
        (?, ?, ?, ?, ?)
Hibernate: 
    select
        user0_.id as id1_10_,
        user0_.created_at as created_2_10_,
        user0_.updated_at as updated_3_10_,
        user0_.age as age4_10_,
        user0_.background_image as backgrou5_10_,
        user0_.email as email6_10_,
        user0_.gender as gender7_10_,
        user0_.hobby as hobby8_10_,
        user0_.introduce as introduc9_10_,
        user0_.job as job10_10_,
        user0_.name as name11_10_,
        user0_.nick_name as nick_na12_10_,
        user0_.phone_num as phone_n13_10_,
        user0_.profile_image as profile14_10_,
        user0_.res_red_number as res_red15_10_,
        user0_.score as score16_10_ 
    from
        user user0_
Hibernate: 
    select
        roles0_.user_id as user_id1_11_0_,
        roles0_.roles as roles2_11_0_ 
    from
        user_roles roles0_ 
    where
        roles0_.user_id=?
Hibernate: 
    select
        roles0_.user_id as user_id1_11_0_,
        roles0_.roles as roles2_11_0_ 
    from
        user_roles roles0_ 
    where
        roles0_.user_id=?
Hibernate: 
    select
        roles0_.user_id as user_id1_11_0_,
        roles0_.roles as roles2_11_0_ 
    from
        user_roles roles0_ 
    where
        roles0_.user_id=?
Hibernate: 
    select
        roles0_.user_id as user_id1_11_0_,
        roles0_.roles as roles2_11_0_ 
    from
        user_roles roles0_ 
    where
        roles0_.user_id=?
Hibernate: 
    select
        roles0_.user_id as user_id1_11_0_,
        roles0_.roles as roles2_11_0_ 
    from
        user_roles roles0_ 
    where
        roles0_.user_id=?
Hibernate: 
    select
        user0_.id as id1_10_,
        user0_.created_at as created_2_10_,
        user0_.updated_at as updated_3_10_,
        user0_.age as age4_10_,
        user0_.background_image as backgrou5_10_,
        user0_.email as email6_10_,
        user0_.gender as gender7_10_,
        user0_.hobby as hobby8_10_,
        user0_.introduce as introduc9_10_,
        user0_.job as job10_10_,
        user0_.name as name11_10_,
        user0_.nick_name as nick_na12_10_,
        user0_.phone_num as phone_n13_10_,
        user0_.profile_image as profile14_10_,
        user0_.res_red_number as res_red15_10_,
        user0_.score as score16_10_ 
    from
        user user0_
Hibernate: 
    select
        roles0_.user_id as user_id1_11_0_,
        roles0_.roles as roles2_11_0_ 
    from
        user_roles roles0_ 
    where
        roles0_.user_id=?
Hibernate: 
    select
        roles0_.user_id as user_id1_11_0_,
        roles0_.roles as roles2_11_0_ 
    from
        user_roles roles0_ 
    where
        roles0_.user_id=?
Hibernate: 
    select
        roles0_.user_id as user_id1_11_0_,
        roles0_.roles as roles2_11_0_ 
    from
        user_roles roles0_ 
    where
        roles0_.user_id=?
Hibernate: 
    select
        roles0_.user_id as user_id1_11_0_,
        roles0_.roles as roles2_11_0_ 
    from
        user_roles roles0_ 
    where
        roles0_.user_id=?
Hibernate: 
    select
        roles0_.user_id as user_id1_11_0_,
        roles0_.roles as roles2_11_0_ 
    from
        user_roles roles0_ 
    where
        roles0_.user_id=?
Hibernate: 
    insert 
    into
        story_pin_like
        (created_at, updated_at, story_pin_id, user_id) 
    values
        (?, ?, ?, ?)
Hibernate: 
    insert 
    into
        story_pin_comment
        (created_at, updated_at, content, story_pin_id, user_id) 
    values
        (?, ?, ?, ?, ?)
Hibernate: 
    select
        user0_.id as id1_10_,
        user0_.created_at as created_2_10_,
        user0_.updated_at as updated_3_10_,
        user0_.age as age4_10_,
        user0_.background_image as backgrou5_10_,
        user0_.email as email6_10_,
        user0_.gender as gender7_10_,
        user0_.hobby as hobby8_10_,
        user0_.introduce as introduc9_10_,
        user0_.job as job10_10_,
        user0_.name as name11_10_,
        user0_.nick_name as nick_na12_10_,
        user0_.phone_num as phone_n13_10_,
        user0_.profile_image as profile14_10_,
        user0_.res_red_number as res_red15_10_,
        user0_.score as score16_10_ 
    from
        user user0_
Hibernate: 
    select
        roles0_.user_id as user_id1_11_0_,
        roles0_.roles as roles2_11_0_ 
    from
        user_roles roles0_ 
    where
        roles0_.user_id=?
Hibernate: 
    select
        roles0_.user_id as user_id1_11_0_,
        roles0_.roles as roles2_11_0_ 
    from
        user_roles roles0_ 
    where
        roles0_.user_id=?
Hibernate: 
    select
        roles0_.user_id as user_id1_11_0_,
        roles0_.roles as roles2_11_0_ 
    from
        user_roles roles0_ 
    where
        roles0_.user_id=?
Hibernate: 
    select
        roles0_.user_id as user_id1_11_0_,
        roles0_.roles as roles2_11_0_ 
    from
        user_roles roles0_ 
    where
        roles0_.user_id=?
Hibernate: 
    select
        roles0_.user_id as user_id1_11_0_,
        roles0_.roles as roles2_11_0_ 
    from
        user_roles roles0_ 
    where
        roles0_.user_id=?
Hibernate: 
    select
        user0_.id as id1_10_,
        user0_.created_at as created_2_10_,
        user0_.updated_at as updated_3_10_,
        user0_.age as age4_10_,
        user0_.background_image as backgrou5_10_,
        user0_.email as email6_10_,
        user0_.gender as gender7_10_,
        user0_.hobby as hobby8_10_,
        user0_.introduce as introduc9_10_,
        user0_.job as job10_10_,
        user0_.name as name11_10_,
        user0_.nick_name as nick_na12_10_,
        user0_.phone_num as phone_n13_10_,
        user0_.profile_image as profile14_10_,
        user0_.res_red_number as res_red15_10_,
        user0_.score as score16_10_ 
    from
        user user0_
Hibernate: 
    select
        roles0_.user_id as user_id1_11_0_,
        roles0_.roles as roles2_11_0_ 
    from
        user_roles roles0_ 
    where
        roles0_.user_id=?
Hibernate: 
    select
        roles0_.user_id as user_id1_11_0_,
        roles0_.roles as roles2_11_0_ 
    from
        user_roles roles0_ 
    where
        roles0_.user_id=?
Hibernate: 
    select
        roles0_.user_id as user_id1_11_0_,
        roles0_.roles as roles2_11_0_ 
    from
        user_roles roles0_ 
    where
        roles0_.user_id=?
Hibernate: 
    select
        roles0_.user_id as user_id1_11_0_,
        roles0_.roles as roles2_11_0_ 
    from
        user_roles roles0_ 
    where
        roles0_.user_id=?
Hibernate: 
    select
        roles0_.user_id as user_id1_11_0_,
        roles0_.roles as roles2_11_0_ 
    from
        user_roles roles0_ 
    where
        roles0_.user_id=?
Hibernate: 
    insert 
    into
        story_pin_like
        (created_at, updated_at, story_pin_id, user_id) 
    values
        (?, ?, ?, ?)
Hibernate: 
    insert 
    into
        story_pin_comment
        (created_at, updated_at, content, story_pin_id, user_id) 
    values
        (?, ?, ?, ?, ?)
Hibernate: 
    select
        user0_.id as id1_10_,
        user0_.created_at as created_2_10_,
        user0_.updated_at as updated_3_10_,
        user0_.age as age4_10_,
        user0_.background_image as backgrou5_10_,
        user0_.email as email6_10_,
        user0_.gender as gender7_10_,
        user0_.hobby as hobby8_10_,
        user0_.introduce as introduc9_10_,
        user0_.job as job10_10_,
        user0_.name as name11_10_,
        user0_.nick_name as nick_na12_10_,
        user0_.phone_num as phone_n13_10_,
        user0_.profile_image as profile14_10_,
        user0_.res_red_number as res_red15_10_,
        user0_.score as score16_10_ 
    from
        user user0_
Hibernate: 
    select
        roles0_.user_id as user_id1_11_0_,
        roles0_.roles as roles2_11_0_ 
    from
        user_roles roles0_ 
    where
        roles0_.user_id=?
Hibernate: 
    select
        roles0_.user_id as user_id1_11_0_,
        roles0_.roles as roles2_11_0_ 
    from
        user_roles roles0_ 
    where
        roles0_.user_id=?
Hibernate: 
    select
        roles0_.user_id as user_id1_11_0_,
        roles0_.roles as roles2_11_0_ 
    from
        user_roles roles0_ 
    where
        roles0_.user_id=?
Hibernate: 
    select
        roles0_.user_id as user_id1_11_0_,
        roles0_.roles as roles2_11_0_ 
    from
        user_roles roles0_ 
    where
        roles0_.user_id=?
Hibernate: 
    select
        roles0_.user_id as user_id1_11_0_,
        roles0_.roles as roles2_11_0_ 
    from
        user_roles roles0_ 
    where
        roles0_.user_id=?
Hibernate: 
    select
        user0_.id as id1_10_,
        user0_.created_at as created_2_10_,
        user0_.updated_at as updated_3_10_,
        user0_.age as age4_10_,
        user0_.background_image as backgrou5_10_,
        user0_.email as email6_10_,
        user0_.gender as gender7_10_,
        user0_.hobby as hobby8_10_,
        user0_.introduce as introduc9_10_,
        user0_.job as job10_10_,
        user0_.name as name11_10_,
        user0_.nick_name as nick_na12_10_,
        user0_.phone_num as phone_n13_10_,
        user0_.profile_image as profile14_10_,
        user0_.res_red_number as res_red15_10_,
        user0_.score as score16_10_ 
    from
        user user0_
Hibernate: 
    select
        roles0_.user_id as user_id1_11_0_,
        roles0_.roles as roles2_11_0_ 
    from
        user_roles roles0_ 
    where
        roles0_.user_id=?
Hibernate: 
    select
        roles0_.user_id as user_id1_11_0_,
        roles0_.roles as roles2_11_0_ 
    from
        user_roles roles0_ 
    where
        roles0_.user_id=?
Hibernate: 
    select
        roles0_.user_id as user_id1_11_0_,
        roles0_.roles as roles2_11_0_ 
    from
        user_roles roles0_ 
    where
        roles0_.user_id=?
Hibernate: 
    select
        roles0_.user_id as user_id1_11_0_,
        roles0_.roles as roles2_11_0_ 
    from
        user_roles roles0_ 
    where
        roles0_.user_id=?
Hibernate: 
    select
        roles0_.user_id as user_id1_11_0_,
        roles0_.roles as roles2_11_0_ 
    from
        user_roles roles0_ 
    where
        roles0_.user_id=?
Hibernate: 
    insert 
    into
        story_pin_like
        (created_at, updated_at, story_pin_id, user_id) 
    values
        (?, ?, ?, ?)
Hibernate: 
    insert 
    into
        story_pin_comment
        (created_at, updated_at, content, story_pin_id, user_id) 
    values
        (?, ?, ?, ?, ?)
Hibernate: 
    select
        user0_.id as id1_10_,
        user0_.created_at as created_2_10_,
        user0_.updated_at as updated_3_10_,
        user0_.age as age4_10_,
        user0_.background_image as backgrou5_10_,
        user0_.email as email6_10_,
        user0_.gender as gender7_10_,
        user0_.hobby as hobby8_10_,
        user0_.introduce as introduc9_10_,
        user0_.job as job10_10_,
        user0_.name as name11_10_,
        user0_.nick_name as nick_na12_10_,
        user0_.phone_num as phone_n13_10_,
        user0_.profile_image as profile14_10_,
        user0_.res_red_number as res_red15_10_,
        user0_.score as score16_10_ 
    from
        user user0_
Hibernate: 
    select
        roles0_.user_id as user_id1_11_0_,
        roles0_.roles as roles2_11_0_ 
    from
        user_roles roles0_ 
    where
        roles0_.user_id=?
Hibernate: 
    select
        roles0_.user_id as user_id1_11_0_,
        roles0_.roles as roles2_11_0_ 
    from
        user_roles roles0_ 
    where
        roles0_.user_id=?
Hibernate: 
    select
        roles0_.user_id as user_id1_11_0_,
        roles0_.roles as roles2_11_0_ 
    from
        user_roles roles0_ 
    where
        roles0_.user_id=?
Hibernate: 
    select
        roles0_.user_id as user_id1_11_0_,
        roles0_.roles as roles2_11_0_ 
    from
        user_roles roles0_ 
    where
        roles0_.user_id=?
Hibernate: 
    select
        roles0_.user_id as user_id1_11_0_,
        roles0_.roles as roles2_11_0_ 
    from
        user_roles roles0_ 
    where
        roles0_.user_id=?
Hibernate: 
    select
        user0_.id as id1_10_,
        user0_.created_at as created_2_10_,
        user0_.updated_at as updated_3_10_,
        user0_.age as age4_10_,
        user0_.background_image as backgrou5_10_,
        user0_.email as email6_10_,
        user0_.gender as gender7_10_,
        user0_.hobby as hobby8_10_,
        user0_.introduce as introduc9_10_,
        user0_.job as job10_10_,
        user0_.name as name11_10_,
        user0_.nick_name as nick_na12_10_,
        user0_.phone_num as phone_n13_10_,
        user0_.profile_image as profile14_10_,
        user0_.res_red_number as res_red15_10_,
        user0_.score as score16_10_ 
    from
        user user0_
Hibernate: 
    select
        roles0_.user_id as user_id1_11_0_,
        roles0_.roles as roles2_11_0_ 
    from
        user_roles roles0_ 
    where
        roles0_.user_id=?
Hibernate: 
    select
        roles0_.user_id as user_id1_11_0_,
        roles0_.roles as roles2_11_0_ 
    from
        user_roles roles0_ 
    where
        roles0_.user_id=?
Hibernate: 
    select
        roles0_.user_id as user_id1_11_0_,
        roles0_.roles as roles2_11_0_ 
    from
        user_roles roles0_ 
    where
        roles0_.user_id=?
Hibernate: 
    select
        roles0_.user_id as user_id1_11_0_,
        roles0_.roles as roles2_11_0_ 
    from
        user_roles roles0_ 
    where
        roles0_.user_id=?
Hibernate: 
    select
        roles0_.user_id as user_id1_11_0_,
        roles0_.roles as roles2_11_0_ 
    from
        user_roles roles0_ 
    where
        roles0_.user_id=?
Hibernate: 
    insert 
    into
        story_pin_like
        (created_at, updated_at, story_pin_id, user_id) 
    values
        (?, ?, ?, ?)
Hibernate: 
    insert 
    into
        story_pin_comment
        (created_at, updated_at, content, story_pin_id, user_id) 
    values
        (?, ?, ?, ?, ?)
Hibernate: 
    select
        user0_.id as id1_10_,
        user0_.created_at as created_2_10_,
        user0_.updated_at as updated_3_10_,
        user0_.age as age4_10_,
        user0_.background_image as backgrou5_10_,
        user0_.email as email6_10_,
        user0_.gender as gender7_10_,
        user0_.hobby as hobby8_10_,
        user0_.introduce as introduc9_10_,
        user0_.job as job10_10_,
        user0_.name as name11_10_,
        user0_.nick_name as nick_na12_10_,
        user0_.phone_num as phone_n13_10_,
        user0_.profile_image as profile14_10_,
        user0_.res_red_number as res_red15_10_,
        user0_.score as score16_10_ 
    from
        user user0_
Hibernate: 
    select
        roles0_.user_id as user_id1_11_0_,
        roles0_.roles as roles2_11_0_ 
    from
        user_roles roles0_ 
    where
        roles0_.user_id=?
Hibernate: 
    select
        roles0_.user_id as user_id1_11_0_,
        roles0_.roles as roles2_11_0_ 
    from
        user_roles roles0_ 
    where
        roles0_.user_id=?
Hibernate: 
    select
        roles0_.user_id as user_id1_11_0_,
        roles0_.roles as roles2_11_0_ 
    from
        user_roles roles0_ 
    where
        roles0_.user_id=?
Hibernate: 
    select
        roles0_.user_id as user_id1_11_0_,
        roles0_.roles as roles2_11_0_ 
    from
        user_roles roles0_ 
    where
        roles0_.user_id=?
Hibernate: 
    select
        roles0_.user_id as user_id1_11_0_,
        roles0_.roles as roles2_11_0_ 
    from
        user_roles roles0_ 
    where
        roles0_.user_id=?
Hibernate: 
    select
        user0_.id as id1_10_,
        user0_.created_at as created_2_10_,
        user0_.updated_at as updated_3_10_,
        user0_.age as age4_10_,
        user0_.background_image as backgrou5_10_,
        user0_.email as email6_10_,
        user0_.gender as gender7_10_,
        user0_.hobby as hobby8_10_,
        user0_.introduce as introduc9_10_,
        user0_.job as job10_10_,
        user0_.name as name11_10_,
        user0_.nick_name as nick_na12_10_,
        user0_.phone_num as phone_n13_10_,
        user0_.profile_image as profile14_10_,
        user0_.res_red_number as res_red15_10_,
        user0_.score as score16_10_ 
    from
        user user0_
Hibernate: 
    select
        roles0_.user_id as user_id1_11_0_,
        roles0_.roles as roles2_11_0_ 
    from
        user_roles roles0_ 
    where
        roles0_.user_id=?
Hibernate: 
    select
        roles0_.user_id as user_id1_11_0_,
        roles0_.roles as roles2_11_0_ 
    from
        user_roles roles0_ 
    where
        roles0_.user_id=?
Hibernate: 
    select
        roles0_.user_id as user_id1_11_0_,
        roles0_.roles as roles2_11_0_ 
    from
        user_roles roles0_ 
    where
        roles0_.user_id=?
Hibernate: 
    select
        roles0_.user_id as user_id1_11_0_,
        roles0_.roles as roles2_11_0_ 
    from
        user_roles roles0_ 
    where
        roles0_.user_id=?
Hibernate: 
    select
        roles0_.user_id as user_id1_11_0_,
        roles0_.roles as roles2_11_0_ 
    from
        user_roles roles0_ 
    where
        roles0_.user_id=?
Hibernate: 
    insert 
    into
        story_pin_like
        (created_at, updated_at, story_pin_id, user_id) 
    values
        (?, ?, ?, ?)
Hibernate: 
    insert 
    into
        story_pin_comment
        (created_at, updated_at, content, story_pin_id, user_id) 
    values
        (?, ?, ?, ?, ?)
Hibernate: 
    select
        user0_.id as id1_10_,
        user0_.created_at as created_2_10_,
        user0_.updated_at as updated_3_10_,
        user0_.age as age4_10_,
        user0_.background_image as backgrou5_10_,
        user0_.email as email6_10_,
        user0_.gender as gender7_10_,
        user0_.hobby as hobby8_10_,
        user0_.introduce as introduc9_10_,
        user0_.job as job10_10_,
        user0_.name as name11_10_,
        user0_.nick_name as nick_na12_10_,
        user0_.phone_num as phone_n13_10_,
        user0_.profile_image as profile14_10_,
        user0_.res_red_number as res_red15_10_,
        user0_.score as score16_10_ 
    from
        user user0_
Hibernate: 
    select
        roles0_.user_id as user_id1_11_0_,
        roles0_.roles as roles2_11_0_ 
    from
        user_roles roles0_ 
    where
        roles0_.user_id=?
Hibernate: 
    select
        roles0_.user_id as user_id1_11_0_,
        roles0_.roles as roles2_11_0_ 
    from
        user_roles roles0_ 
    where
        roles0_.user_id=?
Hibernate: 
    select
        roles0_.user_id as user_id1_11_0_,
        roles0_.roles as roles2_11_0_ 
    from
        user_roles roles0_ 
    where
        roles0_.user_id=?
Hibernate: 
    select
        roles0_.user_id as user_id1_11_0_,
        roles0_.roles as roles2_11_0_ 
    from
        user_roles roles0_ 
    where
        roles0_.user_id=?
Hibernate: 
    select
        roles0_.user_id as user_id1_11_0_,
        roles0_.roles as roles2_11_0_ 
    from
        user_roles roles0_ 
    where
        roles0_.user_id=?
Hibernate: 
    select
        user0_.id as id1_10_,
        user0_.created_at as created_2_10_,
        user0_.updated_at as updated_3_10_,
        user0_.age as age4_10_,
        user0_.background_image as backgrou5_10_,
        user0_.email as email6_10_,
        user0_.gender as gender7_10_,
        user0_.hobby as hobby8_10_,
        user0_.introduce as introduc9_10_,
        user0_.job as job10_10_,
        user0_.name as name11_10_,
        user0_.nick_name as nick_na12_10_,
        user0_.phone_num as phone_n13_10_,
        user0_.profile_image as profile14_10_,
        user0_.res_red_number as res_red15_10_,
        user0_.score as score16_10_ 
    from
        user user0_
Hibernate: 
    select
        roles0_.user_id as user_id1_11_0_,
        roles0_.roles as roles2_11_0_ 
    from
        user_roles roles0_ 
    where
        roles0_.user_id=?
Hibernate: 
    select
        roles0_.user_id as user_id1_11_0_,
        roles0_.roles as roles2_11_0_ 
    from
        user_roles roles0_ 
    where
        roles0_.user_id=?
Hibernate: 
    select
        roles0_.user_id as user_id1_11_0_,
        roles0_.roles as roles2_11_0_ 
    from
        user_roles roles0_ 
    where
        roles0_.user_id=?
Hibernate: 
    select
        roles0_.user_id as user_id1_11_0_,
        roles0_.roles as roles2_11_0_ 
    from
        user_roles roles0_ 
    where
        roles0_.user_id=?
Hibernate: 
    select
        roles0_.user_id as user_id1_11_0_,
        roles0_.roles as roles2_11_0_ 
    from
        user_roles roles0_ 
    where
        roles0_.user_id=?
Hibernate: 
    insert 
    into
        story_pin_like
        (created_at, updated_at, story_pin_id, user_id) 
    values
        (?, ?, ?, ?)
Hibernate: 
    insert 
    into
        story_pin_comment
        (created_at, updated_at, content, story_pin_id, user_id) 
    values
        (?, ?, ?, ?, ?)
Hibernate: 
    select
        user0_.id as id1_10_,
        user0_.created_at as created_2_10_,
        user0_.updated_at as updated_3_10_,
        user0_.age as age4_10_,
        user0_.background_image as backgrou5_10_,
        user0_.email as email6_10_,
        user0_.gender as gender7_10_,
        user0_.hobby as hobby8_10_,
        user0_.introduce as introduc9_10_,
        user0_.job as job10_10_,
        user0_.name as name11_10_,
        user0_.nick_name as nick_na12_10_,
        user0_.phone_num as phone_n13_10_,
        user0_.profile_image as profile14_10_,
        user0_.res_red_number as res_red15_10_,
        user0_.score as score16_10_ 
    from
        user user0_
Hibernate: 
    select
        roles0_.user_id as user_id1_11_0_,
        roles0_.roles as roles2_11_0_ 
    from
        user_roles roles0_ 
    where
        roles0_.user_id=?
Hibernate: 
    select
        roles0_.user_id as user_id1_11_0_,
        roles0_.roles as roles2_11_0_ 
    from
        user_roles roles0_ 
    where
        roles0_.user_id=?
Hibernate: 
    select
        roles0_.user_id as user_id1_11_0_,
        roles0_.roles as roles2_11_0_ 
    from
        user_roles roles0_ 
    where
        roles0_.user_id=?
Hibernate: 
    select
        roles0_.user_id as user_id1_11_0_,
        roles0_.roles as roles2_11_0_ 
    from
        user_roles roles0_ 
    where
        roles0_.user_id=?
Hibernate: 
    select
        roles0_.user_id as user_id1_11_0_,
        roles0_.roles as roles2_11_0_ 
    from
        user_roles roles0_ 
    where
        roles0_.user_id=?
Hibernate: 
    select
        user0_.id as id1_10_,
        user0_.created_at as created_2_10_,
        user0_.updated_at as updated_3_10_,
        user0_.age as age4_10_,
        user0_.background_image as backgrou5_10_,
        user0_.email as email6_10_,
        user0_.gender as gender7_10_,
        user0_.hobby as hobby8_10_,
        user0_.introduce as introduc9_10_,
        user0_.job as job10_10_,
        user0_.name as name11_10_,
        user0_.nick_name as nick_na12_10_,
        user0_.phone_num as phone_n13_10_,
        user0_.profile_image as profile14_10_,
        user0_.res_red_number as res_red15_10_,
        user0_.score as score16_10_ 
    from
        user user0_
Hibernate: 
    select
        roles0_.user_id as user_id1_11_0_,
        roles0_.roles as roles2_11_0_ 
    from
        user_roles roles0_ 
    where
        roles0_.user_id=?
Hibernate: 
    select
        roles0_.user_id as user_id1_11_0_,
        roles0_.roles as roles2_11_0_ 
    from
        user_roles roles0_ 
    where
        roles0_.user_id=?
Hibernate: 
    select
        roles0_.user_id as user_id1_11_0_,
        roles0_.roles as roles2_11_0_ 
    from
        user_roles roles0_ 
    where
        roles0_.user_id=?
Hibernate: 
    select
        roles0_.user_id as user_id1_11_0_,
        roles0_.roles as roles2_11_0_ 
    from
        user_roles roles0_ 
    where
        roles0_.user_id=?
Hibernate: 
    select
        roles0_.user_id as user_id1_11_0_,
        roles0_.roles as roles2_11_0_ 
    from
        user_roles roles0_ 
    where
        roles0_.user_id=?
Hibernate: 
    insert 
    into
        story_pin_like
        (created_at, updated_at, story_pin_id, user_id) 
    values
        (?, ?, ?, ?)
Hibernate: 
    insert 
    into
        story_pin_comment
        (created_at, updated_at, content, story_pin_id, user_id) 
    values
        (?, ?, ?, ?, ?)
Hibernate: 
    select
        user0_.id as id1_10_,
        user0_.created_at as created_2_10_,
        user0_.updated_at as updated_3_10_,
        user0_.age as age4_10_,
        user0_.background_image as backgrou5_10_,
        user0_.email as email6_10_,
        user0_.gender as gender7_10_,
        user0_.hobby as hobby8_10_,
        user0_.introduce as introduc9_10_,
        user0_.job as job10_10_,
        user0_.name as name11_10_,
        user0_.nick_name as nick_na12_10_,
        user0_.phone_num as phone_n13_10_,
        user0_.profile_image as profile14_10_,
        user0_.res_red_number as res_red15_10_,
        user0_.score as score16_10_ 
    from
        user user0_
Hibernate: 
    select
        roles0_.user_id as user_id1_11_0_,
        roles0_.roles as roles2_11_0_ 
    from
        user_roles roles0_ 
    where
        roles0_.user_id=?
Hibernate: 
    select
        roles0_.user_id as user_id1_11_0_,
        roles0_.roles as roles2_11_0_ 
    from
        user_roles roles0_ 
    where
        roles0_.user_id=?
Hibernate: 
    select
        roles0_.user_id as user_id1_11_0_,
        roles0_.roles as roles2_11_0_ 
    from
        user_roles roles0_ 
    where
        roles0_.user_id=?
Hibernate: 
    select
        roles0_.user_id as user_id1_11_0_,
        roles0_.roles as roles2_11_0_ 
    from
        user_roles roles0_ 
    where
        roles0_.user_id=?
Hibernate: 
    select
        roles0_.user_id as user_id1_11_0_,
        roles0_.roles as roles2_11_0_ 
    from
        user_roles roles0_ 
    where
        roles0_.user_id=?
Hibernate: 
    select
        user0_.id as id1_10_,
        user0_.created_at as created_2_10_,
        user0_.updated_at as updated_3_10_,
        user0_.age as age4_10_,
        user0_.background_image as backgrou5_10_,
        user0_.email as email6_10_,
        user0_.gender as gender7_10_,
        user0_.hobby as hobby8_10_,
        user0_.introduce as introduc9_10_,
        user0_.job as job10_10_,
        user0_.name as name11_10_,
        user0_.nick_name as nick_na12_10_,
        user0_.phone_num as phone_n13_10_,
        user0_.profile_image as profile14_10_,
        user0_.res_red_number as res_red15_10_,
        user0_.score as score16_10_ 
    from
        user user0_
Hibernate: 
    select
        roles0_.user_id as user_id1_11_0_,
        roles0_.roles as roles2_11_0_ 
    from
        user_roles roles0_ 
    where
        roles0_.user_id=?
Hibernate: 
    select
        roles0_.user_id as user_id1_11_0_,
        roles0_.roles as roles2_11_0_ 
    from
        user_roles roles0_ 
    where
        roles0_.user_id=?
Hibernate: 
    select
        roles0_.user_id as user_id1_11_0_,
        roles0_.roles as roles2_11_0_ 
    from
        user_roles roles0_ 
    where
        roles0_.user_id=?
Hibernate: 
    select
        roles0_.user_id as user_id1_11_0_,
        roles0_.roles as roles2_11_0_ 
    from
        user_roles roles0_ 
    where
        roles0_.user_id=?
Hibernate: 
    select
        roles0_.user_id as user_id1_11_0_,
        roles0_.roles as roles2_11_0_ 
    from
        user_roles roles0_ 
    where
        roles0_.user_id=?
Hibernate: 
    insert 
    into
        story_pin_like
        (created_at, updated_at, story_pin_id, user_id) 
    values
        (?, ?, ?, ?)
Hibernate: 
    insert 
    into
        story_pin_comment
        (created_at, updated_at, content, story_pin_id, user_id) 
    values
        (?, ?, ?, ?, ?)
Hibernate: 
    select
        user0_.id as id1_10_,
        user0_.created_at as created_2_10_,
        user0_.updated_at as updated_3_10_,
        user0_.age as age4_10_,
        user0_.background_image as backgrou5_10_,
        user0_.email as email6_10_,
        user0_.gender as gender7_10_,
        user0_.hobby as hobby8_10_,
        user0_.introduce as introduc9_10_,
        user0_.job as job10_10_,
        user0_.name as name11_10_,
        user0_.nick_name as nick_na12_10_,
        user0_.phone_num as phone_n13_10_,
        user0_.profile_image as profile14_10_,
        user0_.res_red_number as res_red15_10_,
        user0_.score as score16_10_ 
    from
        user user0_
Hibernate: 
    select
        roles0_.user_id as user_id1_11_0_,
        roles0_.roles as roles2_11_0_ 
    from
        user_roles roles0_ 
    where
        roles0_.user_id=?
Hibernate: 
    select
        roles0_.user_id as user_id1_11_0_,
        roles0_.roles as roles2_11_0_ 
    from
        user_roles roles0_ 
    where
        roles0_.user_id=?
Hibernate: 
    select
        roles0_.user_id as user_id1_11_0_,
        roles0_.roles as roles2_11_0_ 
    from
        user_roles roles0_ 
    where
        roles0_.user_id=?
Hibernate: 
    select
        roles0_.user_id as user_id1_11_0_,
        roles0_.roles as roles2_11_0_ 
    from
        user_roles roles0_ 
    where
        roles0_.user_id=?
Hibernate: 
    select
        roles0_.user_id as user_id1_11_0_,
        roles0_.roles as roles2_11_0_ 
    from
        user_roles roles0_ 
    where
        roles0_.user_id=?
Hibernate: 
    select
        user0_.id as id1_10_,
        user0_.created_at as created_2_10_,
        user0_.updated_at as updated_3_10_,
        user0_.age as age4_10_,
        user0_.background_image as backgrou5_10_,
        user0_.email as email6_10_,
        user0_.gender as gender7_10_,
        user0_.hobby as hobby8_10_,
        user0_.introduce as introduc9_10_,
        user0_.job as job10_10_,
        user0_.name as name11_10_,
        user0_.nick_name as nick_na12_10_,
        user0_.phone_num as phone_n13_10_,
        user0_.profile_image as profile14_10_,
        user0_.res_red_number as res_red15_10_,
        user0_.score as score16_10_ 
    from
        user user0_
Hibernate: 
    select
        roles0_.user_id as user_id1_11_0_,
        roles0_.roles as roles2_11_0_ 
    from
        user_roles roles0_ 
    where
        roles0_.user_id=?
Hibernate: 
    select
        roles0_.user_id as user_id1_11_0_,
        roles0_.roles as roles2_11_0_ 
    from
        user_roles roles0_ 
    where
        roles0_.user_id=?
Hibernate: 
    select
        roles0_.user_id as user_id1_11_0_,
        roles0_.roles as roles2_11_0_ 
    from
        user_roles roles0_ 
    where
        roles0_.user_id=?
Hibernate: 
    select
        roles0_.user_id as user_id1_11_0_,
        roles0_.roles as roles2_11_0_ 
    from
        user_roles roles0_ 
    where
        roles0_.user_id=?
Hibernate: 
    select
        roles0_.user_id as user_id1_11_0_,
        roles0_.roles as roles2_11_0_ 
    from
        user_roles roles0_ 
    where
        roles0_.user_id=?
Hibernate: 
    insert 
    into
        story_pin_like
        (created_at, updated_at, story_pin_id, user_id) 
    values
        (?, ?, ?, ?)
Hibernate: 
    insert 
    into
        story_pin_comment
        (created_at, updated_at, content, story_pin_id, user_id) 
    values
        (?, ?, ?, ?, ?)
Hibernate: 
    select
        user0_.id as id1_10_,
        user0_.created_at as created_2_10_,
        user0_.updated_at as updated_3_10_,
        user0_.age as age4_10_,
        user0_.background_image as backgrou5_10_,
        user0_.email as email6_10_,
        user0_.gender as gender7_10_,
        user0_.hobby as hobby8_10_,
        user0_.introduce as introduc9_10_,
        user0_.job as job10_10_,
        user0_.name as name11_10_,
        user0_.nick_name as nick_na12_10_,
        user0_.phone_num as phone_n13_10_,
        user0_.profile_image as profile14_10_,
        user0_.res_red_number as res_red15_10_,
        user0_.score as score16_10_ 
    from
        user user0_
Hibernate: 
    select
        roles0_.user_id as user_id1_11_0_,
        roles0_.roles as roles2_11_0_ 
    from
        user_roles roles0_ 
    where
        roles0_.user_id=?
Hibernate: 
    select
        roles0_.user_id as user_id1_11_0_,
        roles0_.roles as roles2_11_0_ 
    from
        user_roles roles0_ 
    where
        roles0_.user_id=?
Hibernate: 
    select
        roles0_.user_id as user_id1_11_0_,
        roles0_.roles as roles2_11_0_ 
    from
        user_roles roles0_ 
    where
        roles0_.user_id=?
Hibernate: 
    select
        roles0_.user_id as user_id1_11_0_,
        roles0_.roles as roles2_11_0_ 
    from
        user_roles roles0_ 
    where
        roles0_.user_id=?
Hibernate: 
    select
        roles0_.user_id as user_id1_11_0_,
        roles0_.roles as roles2_11_0_ 
    from
        user_roles roles0_ 
    where
        roles0_.user_id=?
Hibernate: 
    select
        user0_.id as id1_10_,
        user0_.created_at as created_2_10_,
        user0_.updated_at as updated_3_10_,
        user0_.age as age4_10_,
        user0_.background_image as backgrou5_10_,
        user0_.email as email6_10_,
        user0_.gender as gender7_10_,
        user0_.hobby as hobby8_10_,
        user0_.introduce as introduc9_10_,
        user0_.job as job10_10_,
        user0_.name as name11_10_,
        user0_.nick_name as nick_na12_10_,
        user0_.phone_num as phone_n13_10_,
        user0_.profile_image as profile14_10_,
        user0_.res_red_number as res_red15_10_,
        user0_.score as score16_10_ 
    from
        user user0_
Hibernate: 
    select
        roles0_.user_id as user_id1_11_0_,
        roles0_.roles as roles2_11_0_ 
    from
        user_roles roles0_ 
    where
        roles0_.user_id=?
Hibernate: 
    select
        roles0_.user_id as user_id1_11_0_,
        roles0_.roles as roles2_11_0_ 
    from
        user_roles roles0_ 
    where
        roles0_.user_id=?
Hibernate: 
    select
        roles0_.user_id as user_id1_11_0_,
        roles0_.roles as roles2_11_0_ 
    from
        user_roles roles0_ 
    where
        roles0_.user_id=?
Hibernate: 
    select
        roles0_.user_id as user_id1_11_0_,
        roles0_.roles as roles2_11_0_ 
    from
        user_roles roles0_ 
    where
        roles0_.user_id=?
Hibernate: 
    select
        roles0_.user_id as user_id1_11_0_,
        roles0_.roles as roles2_11_0_ 
    from
        user_roles roles0_ 
    where
        roles0_.user_id=?
Hibernate: 
    insert 
    into
        story_pin_like
        (created_at, updated_at, story_pin_id, user_id) 
    values
        (?, ?, ?, ?)
Hibernate: 
    insert 
    into
        story_pin_comment
        (created_at, updated_at, content, story_pin_id, user_id) 
    values
        (?, ?, ?, ?, ?)
Hibernate: 
    select
        user0_.id as id1_10_,
        user0_.created_at as created_2_10_,
        user0_.updated_at as updated_3_10_,
        user0_.age as age4_10_,
        user0_.background_image as backgrou5_10_,
        user0_.email as email6_10_,
        user0_.gender as gender7_10_,
        user0_.hobby as hobby8_10_,
        user0_.introduce as introduc9_10_,
        user0_.job as job10_10_,
        user0_.name as name11_10_,
        user0_.nick_name as nick_na12_10_,
        user0_.phone_num as phone_n13_10_,
        user0_.profile_image as profile14_10_,
        user0_.res_red_number as res_red15_10_,
        user0_.score as score16_10_ 
    from
        user user0_
Hibernate: 
    select
        roles0_.user_id as user_id1_11_0_,
        roles0_.roles as roles2_11_0_ 
    from
        user_roles roles0_ 
    where
        roles0_.user_id=?
Hibernate: 
    select
        roles0_.user_id as user_id1_11_0_,
        roles0_.roles as roles2_11_0_ 
    from
        user_roles roles0_ 
    where
        roles0_.user_id=?
Hibernate: 
    select
        roles0_.user_id as user_id1_11_0_,
        roles0_.roles as roles2_11_0_ 
    from
        user_roles roles0_ 
    where
        roles0_.user_id=?
Hibernate: 
    select
        roles0_.user_id as user_id1_11_0_,
        roles0_.roles as roles2_11_0_ 
    from
        user_roles roles0_ 
    where
        roles0_.user_id=?
Hibernate: 
    select
        roles0_.user_id as user_id1_11_0_,
        roles0_.roles as roles2_11_0_ 
    from
        user_roles roles0_ 
    where
        roles0_.user_id=?
Hibernate: 
    select
        user0_.id as id1_10_,
        user0_.created_at as created_2_10_,
        user0_.updated_at as updated_3_10_,
        user0_.age as age4_10_,
        user0_.background_image as backgrou5_10_,
        user0_.email as email6_10_,
        user0_.gender as gender7_10_,
        user0_.hobby as hobby8_10_,
        user0_.introduce as introduc9_10_,
        user0_.job as job10_10_,
        user0_.name as name11_10_,
        user0_.nick_name as nick_na12_10_,
        user0_.phone_num as phone_n13_10_,
        user0_.profile_image as profile14_10_,
        user0_.res_red_number as res_red15_10_,
        user0_.score as score16_10_ 
    from
        user user0_
Hibernate: 
    select
        roles0_.user_id as user_id1_11_0_,
        roles0_.roles as roles2_11_0_ 
    from
        user_roles roles0_ 
    where
        roles0_.user_id=?
Hibernate: 
    select
        roles0_.user_id as user_id1_11_0_,
        roles0_.roles as roles2_11_0_ 
    from
        user_roles roles0_ 
    where
        roles0_.user_id=?
Hibernate: 
    select
        roles0_.user_id as user_id1_11_0_,
        roles0_.roles as roles2_11_0_ 
    from
        user_roles roles0_ 
    where
        roles0_.user_id=?
Hibernate: 
    select
        roles0_.user_id as user_id1_11_0_,
        roles0_.roles as roles2_11_0_ 
    from
        user_roles roles0_ 
    where
        roles0_.user_id=?
Hibernate: 
    select
        roles0_.user_id as user_id1_11_0_,
        roles0_.roles as roles2_11_0_ 
    from
        user_roles roles0_ 
    where
        roles0_.user_id=?
Hibernate: 
    insert 
    into
        story_pin_like
        (created_at, updated_at, story_pin_id, user_id) 
    values
        (?, ?, ?, ?)
Hibernate: 
    insert 
    into
        story_pin_comment
        (created_at, updated_at, content, story_pin_id, user_id) 
    values
        (?, ?, ?, ?, ?)
Hibernate: 
    select
        user0_.id as id1_10_,
        user0_.created_at as created_2_10_,
        user0_.updated_at as updated_3_10_,
        user0_.age as age4_10_,
        user0_.background_image as backgrou5_10_,
        user0_.email as email6_10_,
        user0_.gender as gender7_10_,
        user0_.hobby as hobby8_10_,
        user0_.introduce as introduc9_10_,
        user0_.job as job10_10_,
        user0_.name as name11_10_,
        user0_.nick_name as nick_na12_10_,
        user0_.phone_num as phone_n13_10_,
        user0_.profile_image as profile14_10_,
        user0_.res_red_number as res_red15_10_,
        user0_.score as score16_10_ 
    from
        user user0_
Hibernate: 
    select
        roles0_.user_id as user_id1_11_0_,
        roles0_.roles as roles2_11_0_ 
    from
        user_roles roles0_ 
    where
        roles0_.user_id=?
Hibernate: 
    select
        roles0_.user_id as user_id1_11_0_,
        roles0_.roles as roles2_11_0_ 
    from
        user_roles roles0_ 
    where
        roles0_.user_id=?
Hibernate: 
    select
        roles0_.user_id as user_id1_11_0_,
        roles0_.roles as roles2_11_0_ 
    from
        user_roles roles0_ 
    where
        roles0_.user_id=?
Hibernate: 
    select
        roles0_.user_id as user_id1_11_0_,
        roles0_.roles as roles2_11_0_ 
    from
        user_roles roles0_ 
    where
        roles0_.user_id=?
Hibernate: 
    select
        roles0_.user_id as user_id1_11_0_,
        roles0_.roles as roles2_11_0_ 
    from
        user_roles roles0_ 
    where
        roles0_.user_id=?
Hibernate: 
    select
        user0_.id as id1_10_,
        user0_.created_at as created_2_10_,
        user0_.updated_at as updated_3_10_,
        user0_.age as age4_10_,
        user0_.background_image as backgrou5_10_,
        user0_.email as email6_10_,
        user0_.gender as gender7_10_,
        user0_.hobby as hobby8_10_,
        user0_.introduce as introduc9_10_,
        user0_.job as job10_10_,
        user0_.name as name11_10_,
        user0_.nick_name as nick_na12_10_,
        user0_.phone_num as phone_n13_10_,
        user0_.profile_image as profile14_10_,
        user0_.res_red_number as res_red15_10_,
        user0_.score as score16_10_ 
    from
        user user0_
Hibernate: 
    select
        roles0_.user_id as user_id1_11_0_,
        roles0_.roles as roles2_11_0_ 
    from
        user_roles roles0_ 
    where
        roles0_.user_id=?
Hibernate: 
    select
        roles0_.user_id as user_id1_11_0_,
        roles0_.roles as roles2_11_0_ 
    from
        user_roles roles0_ 
    where
        roles0_.user_id=?
Hibernate: 
    select
        roles0_.user_id as user_id1_11_0_,
        roles0_.roles as roles2_11_0_ 
    from
        user_roles roles0_ 
    where
        roles0_.user_id=?
Hibernate: 
    select
        roles0_.user_id as user_id1_11_0_,
        roles0_.roles as roles2_11_0_ 
    from
        user_roles roles0_ 
    where
        roles0_.user_id=?
Hibernate: 
    select
        roles0_.user_id as user_id1_11_0_,
        roles0_.roles as roles2_11_0_ 
    from
        user_roles roles0_ 
    where
        roles0_.user_id=?
Hibernate: 
    insert 
    into
        story_pin_like
        (created_at, updated_at, story_pin_id, user_id) 
    values
        (?, ?, ?, ?)
Hibernate: 
    insert 
    into
        story_pin_comment
        (created_at, updated_at, content, story_pin_id, user_id) 
    values
        (?, ?, ?, ?, ?)
Hibernate: 
    select
        user0_.id as id1_10_,
        user0_.created_at as created_2_10_,
        user0_.updated_at as updated_3_10_,
        user0_.age as age4_10_,
        user0_.background_image as backgrou5_10_,
        user0_.email as email6_10_,
        user0_.gender as gender7_10_,
        user0_.hobby as hobby8_10_,
        user0_.introduce as introduc9_10_,
        user0_.job as job10_10_,
        user0_.name as name11_10_,
        user0_.nick_name as nick_na12_10_,
        user0_.phone_num as phone_n13_10_,
        user0_.profile_image as profile14_10_,
        user0_.res_red_number as res_red15_10_,
        user0_.score as score16_10_ 
    from
        user user0_
Hibernate: 
    select
        roles0_.user_id as user_id1_11_0_,
        roles0_.roles as roles2_11_0_ 
    from
        user_roles roles0_ 
    where
        roles0_.user_id=?
Hibernate: 
    select
        roles0_.user_id as user_id1_11_0_,
        roles0_.roles as roles2_11_0_ 
    from
        user_roles roles0_ 
    where
        roles0_.user_id=?
Hibernate: 
    select
        roles0_.user_id as user_id1_11_0_,
        roles0_.roles as roles2_11_0_ 
    from
        user_roles roles0_ 
    where
        roles0_.user_id=?
Hibernate: 
    select
        roles0_.user_id as user_id1_11_0_,
        roles0_.roles as roles2_11_0_ 
    from
        user_roles roles0_ 
    where
        roles0_.user_id=?
Hibernate: 
    select
        roles0_.user_id as user_id1_11_0_,
        roles0_.roles as roles2_11_0_ 
    from
        user_roles roles0_ 
    where
        roles0_.user_id=?
Hibernate: 
    select
        user0_.id as id1_10_,
        user0_.created_at as created_2_10_,
        user0_.updated_at as updated_3_10_,
        user0_.age as age4_10_,
        user0_.background_image as backgrou5_10_,
        user0_.email as email6_10_,
        user0_.gender as gender7_10_,
        user0_.hobby as hobby8_10_,
        user0_.introduce as introduc9_10_,
        user0_.job as job10_10_,
        user0_.name as name11_10_,
        user0_.nick_name as nick_na12_10_,
        user0_.phone_num as phone_n13_10_,
        user0_.profile_image as profile14_10_,
        user0_.res_red_number as res_red15_10_,
        user0_.score as score16_10_ 
    from
        user user0_
Hibernate: 
    select
        roles0_.user_id as user_id1_11_0_,
        roles0_.roles as roles2_11_0_ 
    from
        user_roles roles0_ 
    where
        roles0_.user_id=?
Hibernate: 
    select
        roles0_.user_id as user_id1_11_0_,
        roles0_.roles as roles2_11_0_ 
    from
        user_roles roles0_ 
    where
        roles0_.user_id=?
Hibernate: 
    select
        roles0_.user_id as user_id1_11_0_,
        roles0_.roles as roles2_11_0_ 
    from
        user_roles roles0_ 
    where
        roles0_.user_id=?
Hibernate: 
    select
        roles0_.user_id as user_id1_11_0_,
        roles0_.roles as roles2_11_0_ 
    from
        user_roles roles0_ 
    where
        roles0_.user_id=?
Hibernate: 
    select
        roles0_.user_id as user_id1_11_0_,
        roles0_.roles as roles2_11_0_ 
    from
        user_roles roles0_ 
    where
        roles0_.user_id=?
Hibernate: 
    insert 
    into
        story_pin_like
        (created_at, updated_at, story_pin_id, user_id) 
    values
        (?, ?, ?, ?)
Hibernate: 
    insert 
    into
        story_pin_comment
        (created_at, updated_at, content, story_pin_id, user_id) 
    values
        (?, ?, ?, ?, ?)
Hibernate: 
    select
        user0_.id as id1_10_,
        user0_.created_at as created_2_10_,
        user0_.updated_at as updated_3_10_,
        user0_.age as age4_10_,
        user0_.background_image as backgrou5_10_,
        user0_.email as email6_10_,
        user0_.gender as gender7_10_,
        user0_.hobby as hobby8_10_,
        user0_.introduce as introduc9_10_,
        user0_.job as job10_10_,
        user0_.name as name11_10_,
        user0_.nick_name as nick_na12_10_,
        user0_.phone_num as phone_n13_10_,
        user0_.profile_image as profile14_10_,
        user0_.res_red_number as res_red15_10_,
        user0_.score as score16_10_ 
    from
        user user0_
Hibernate: 
    select
        roles0_.user_id as user_id1_11_0_,
        roles0_.roles as roles2_11_0_ 
    from
        user_roles roles0_ 
    where
        roles0_.user_id=?
Hibernate: 
    select
        roles0_.user_id as user_id1_11_0_,
        roles0_.roles as roles2_11_0_ 
    from
        user_roles roles0_ 
    where
        roles0_.user_id=?
Hibernate: 
    select
        roles0_.user_id as user_id1_11_0_,
        roles0_.roles as roles2_11_0_ 
    from
        user_roles roles0_ 
    where
        roles0_.user_id=?
Hibernate: 
    select
        roles0_.user_id as user_id1_11_0_,
        roles0_.roles as roles2_11_0_ 
    from
        user_roles roles0_ 
    where
        roles0_.user_id=?
Hibernate: 
    select
        roles0_.user_id as user_id1_11_0_,
        roles0_.roles as roles2_11_0_ 
    from
        user_roles roles0_ 
    where
        roles0_.user_id=?
Hibernate: 
    select
        user0_.id as id1_10_,
        user0_.created_at as created_2_10_,
        user0_.updated_at as updated_3_10_,
        user0_.age as age4_10_,
        user0_.background_image as backgrou5_10_,
        user0_.email as email6_10_,
        user0_.gender as gender7_10_,
        user0_.hobby as hobby8_10_,
        user0_.introduce as introduc9_10_,
        user0_.job as job10_10_,
        user0_.name as name11_10_,
        user0_.nick_name as nick_na12_10_,
        user0_.phone_num as phone_n13_10_,
        user0_.profile_image as profile14_10_,
        user0_.res_red_number as res_red15_10_,
        user0_.score as score16_10_ 
    from
        user user0_
Hibernate: 
    select
        roles0_.user_id as user_id1_11_0_,
        roles0_.roles as roles2_11_0_ 
    from
        user_roles roles0_ 
    where
        roles0_.user_id=?
Hibernate: 
    select
        roles0_.user_id as user_id1_11_0_,
        roles0_.roles as roles2_11_0_ 
    from
        user_roles roles0_ 
    where
        roles0_.user_id=?
Hibernate: 
    select
        roles0_.user_id as user_id1_11_0_,
        roles0_.roles as roles2_11_0_ 
    from
        user_roles roles0_ 
    where
        roles0_.user_id=?
Hibernate: 
    select
        roles0_.user_id as user_id1_11_0_,
        roles0_.roles as roles2_11_0_ 
    from
        user_roles roles0_ 
    where
        roles0_.user_id=?
Hibernate: 
    select
        roles0_.user_id as user_id1_11_0_,
        roles0_.roles as roles2_11_0_ 
    from
        user_roles roles0_ 
    where
        roles0_.user_id=?
Hibernate: 
    insert 
    into
        story_pin_like
        (created_at, updated_at, story_pin_id, user_id) 
    values
        (?, ?, ?, ?)
Hibernate: 
    insert 
    into
        story_pin_comment
        (created_at, updated_at, content, story_pin_id, user_id) 
    values
        (?, ?, ?, ?, ?)
Hibernate: 
    select
        user0_.id as id1_10_,
        user0_.created_at as created_2_10_,
        user0_.updated_at as updated_3_10_,
        user0_.age as age4_10_,
        user0_.background_image as backgrou5_10_,
        user0_.email as email6_10_,
        user0_.gender as gender7_10_,
        user0_.hobby as hobby8_10_,
        user0_.introduce as introduc9_10_,
        user0_.job as job10_10_,
        user0_.name as name11_10_,
        user0_.nick_name as nick_na12_10_,
        user0_.phone_num as phone_n13_10_,
        user0_.profile_image as profile14_10_,
        user0_.res_red_number as res_red15_10_,
        user0_.score as score16_10_ 
    from
        user user0_
Hibernate: 
    select
        roles0_.user_id as user_id1_11_0_,
        roles0_.roles as roles2_11_0_ 
    from
        user_roles roles0_ 
    where
        roles0_.user_id=?
Hibernate: 
    select
        roles0_.user_id as user_id1_11_0_,
        roles0_.roles as roles2_11_0_ 
    from
        user_roles roles0_ 
    where
        roles0_.user_id=?
Hibernate: 
    select
        roles0_.user_id as user_id1_11_0_,
        roles0_.roles as roles2_11_0_ 
    from
        user_roles roles0_ 
    where
        roles0_.user_id=?
Hibernate: 
    select
        roles0_.user_id as user_id1_11_0_,
        roles0_.roles as roles2_11_0_ 
    from
        user_roles roles0_ 
    where
        roles0_.user_id=?
Hibernate: 
    select
        roles0_.user_id as user_id1_11_0_,
        roles0_.roles as roles2_11_0_ 
    from
        user_roles roles0_ 
    where
        roles0_.user_id=?
Hibernate: 
    select
        user0_.id as id1_10_,
        user0_.created_at as created_2_10_,
        user0_.updated_at as updated_3_10_,
        user0_.age as age4_10_,
        user0_.background_image as backgrou5_10_,
        user0_.email as email6_10_,
        user0_.gender as gender7_10_,
        user0_.hobby as hobby8_10_,
        user0_.introduce as introduc9_10_,
        user0_.job as job10_10_,
        user0_.name as name11_10_,
        user0_.nick_name as nick_na12_10_,
        user0_.phone_num as phone_n13_10_,
        user0_.profile_image as profile14_10_,
        user0_.res_red_number as res_red15_10_,
        user0_.score as score16_10_ 
    from
        user user0_
Hibernate: 
    select
        roles0_.user_id as user_id1_11_0_,
        roles0_.roles as roles2_11_0_ 
    from
        user_roles roles0_ 
    where
        roles0_.user_id=?
Hibernate: 
    select
        roles0_.user_id as user_id1_11_0_,
        roles0_.roles as roles2_11_0_ 
    from
        user_roles roles0_ 
    where
        roles0_.user_id=?
Hibernate: 
    select
        roles0_.user_id as user_id1_11_0_,
        roles0_.roles as roles2_11_0_ 
    from
        user_roles roles0_ 
    where
        roles0_.user_id=?
Hibernate: 
    select
        roles0_.user_id as user_id1_11_0_,
        roles0_.roles as roles2_11_0_ 
    from
        user_roles roles0_ 
    where
        roles0_.user_id=?
Hibernate: 
    select
        roles0_.user_id as user_id1_11_0_,
        roles0_.roles as roles2_11_0_ 
    from
        user_roles roles0_ 
    where
        roles0_.user_id=?
Hibernate: 
    insert 
    into
        story_pin_like
        (created_at, updated_at, story_pin_id, user_id) 
    values
        (?, ?, ?, ?)
Hibernate: 
    insert 
    into
        story_pin_comment
        (created_at, updated_at, content, story_pin_id, user_id) 
    values
        (?, ?, ?, ?, ?)
Hibernate: 
    select
        user0_.id as id1_10_,
        user0_.created_at as created_2_10_,
        user0_.updated_at as updated_3_10_,
        user0_.age as age4_10_,
        user0_.background_image as backgrou5_10_,
        user0_.email as email6_10_,
        user0_.gender as gender7_10_,
        user0_.hobby as hobby8_10_,
        user0_.introduce as introduc9_10_,
        user0_.job as job10_10_,
        user0_.name as name11_10_,
        user0_.nick_name as nick_na12_10_,
        user0_.phone_num as phone_n13_10_,
        user0_.profile_image as profile14_10_,
        user0_.res_red_number as res_red15_10_,
        user0_.score as score16_10_ 
    from
        user user0_
Hibernate: 
    select
        roles0_.user_id as user_id1_11_0_,
        roles0_.roles as roles2_11_0_ 
    from
        user_roles roles0_ 
    where
        roles0_.user_id=?
Hibernate: 
    select
        roles0_.user_id as user_id1_11_0_,
        roles0_.roles as roles2_11_0_ 
    from
        user_roles roles0_ 
    where
        roles0_.user_id=?
Hibernate: 
    select
        roles0_.user_id as user_id1_11_0_,
        roles0_.roles as roles2_11_0_ 
    from
        user_roles roles0_ 
    where
        roles0_.user_id=?
Hibernate: 
    select
        roles0_.user_id as user_id1_11_0_,
        roles0_.roles as roles2_11_0_ 
    from
        user_roles roles0_ 
    where
        roles0_.user_id=?
Hibernate: 
    select
        roles0_.user_id as user_id1_11_0_,
        roles0_.roles as roles2_11_0_ 
    from
        user_roles roles0_ 
    where
        roles0_.user_id=?
Hibernate: 
    select
        user0_.id as id1_10_,
        user0_.created_at as created_2_10_,
        user0_.updated_at as updated_3_10_,
        user0_.age as age4_10_,
        user0_.background_image as backgrou5_10_,
        user0_.email as email6_10_,
        user0_.gender as gender7_10_,
        user0_.hobby as hobby8_10_,
        user0_.introduce as introduc9_10_,
        user0_.job as job10_10_,
        user0_.name as name11_10_,
        user0_.nick_name as nick_na12_10_,
        user0_.phone_num as phone_n13_10_,
        user0_.profile_image as profile14_10_,
        user0_.res_red_number as res_red15_10_,
        user0_.score as score16_10_ 
    from
        user user0_
Hibernate: 
    select
        roles0_.user_id as user_id1_11_0_,
        roles0_.roles as roles2_11_0_ 
    from
        user_roles roles0_ 
    where
        roles0_.user_id=?
Hibernate: 
    select
        roles0_.user_id as user_id1_11_0_,
        roles0_.roles as roles2_11_0_ 
    from
        user_roles roles0_ 
    where
        roles0_.user_id=?
Hibernate: 
    select
        roles0_.user_id as user_id1_11_0_,
        roles0_.roles as roles2_11_0_ 
    from
        user_roles roles0_ 
    where
        roles0_.user_id=?
Hibernate: 
    select
        roles0_.user_id as user_id1_11_0_,
        roles0_.roles as roles2_11_0_ 
    from
        user_roles roles0_ 
    where
        roles0_.user_id=?
Hibernate: 
    select
        roles0_.user_id as user_id1_11_0_,
        roles0_.roles as roles2_11_0_ 
    from
        user_roles roles0_ 
    where
        roles0_.user_id=?
Hibernate: 
    insert 
    into
        story_pin_like
        (created_at, updated_at, story_pin_id, user_id) 
    values
        (?, ?, ?, ?)
Hibernate: 
    insert 
    into
        story_pin_comment
        (created_at, updated_at, content, story_pin_id, user_id) 
    values
        (?, ?, ?, ?, ?)
Hibernate: 
    select
        user0_.id as id1_10_,
        user0_.created_at as created_2_10_,
        user0_.updated_at as updated_3_10_,
        user0_.age as age4_10_,
        user0_.background_image as backgrou5_10_,
        user0_.email as email6_10_,
        user0_.gender as gender7_10_,
        user0_.hobby as hobby8_10_,
        user0_.introduce as introduc9_10_,
        user0_.job as job10_10_,
        user0_.name as name11_10_,
        user0_.nick_name as nick_na12_10_,
        user0_.phone_num as phone_n13_10_,
        user0_.profile_image as profile14_10_,
        user0_.res_red_number as res_red15_10_,
        user0_.score as score16_10_ 
    from
        user user0_
Hibernate: 
    select
        roles0_.user_id as user_id1_11_0_,
        roles0_.roles as roles2_11_0_ 
    from
        user_roles roles0_ 
    where
        roles0_.user_id=?
Hibernate: 
    select
        roles0_.user_id as user_id1_11_0_,
        roles0_.roles as roles2_11_0_ 
    from
        user_roles roles0_ 
    where
        roles0_.user_id=?
Hibernate: 
    select
        roles0_.user_id as user_id1_11_0_,
        roles0_.roles as roles2_11_0_ 
    from
        user_roles roles0_ 
    where
        roles0_.user_id=?
Hibernate: 
    select
        roles0_.user_id as user_id1_11_0_,
        roles0_.roles as roles2_11_0_ 
    from
        user_roles roles0_ 
    where
        roles0_.user_id=?
Hibernate: 
    select
        roles0_.user_id as user_id1_11_0_,
        roles0_.roles as roles2_11_0_ 
    from
        user_roles roles0_ 
    where
        roles0_.user_id=?
Hibernate: 
    select
        user0_.id as id1_10_,
        user0_.created_at as created_2_10_,
        user0_.updated_at as updated_3_10_,
        user0_.age as age4_10_,
        user0_.background_image as backgrou5_10_,
        user0_.email as email6_10_,
        user0_.gender as gender7_10_,
        user0_.hobby as hobby8_10_,
        user0_.introduce as introduc9_10_,
        user0_.job as job10_10_,
        user0_.name as name11_10_,
        user0_.nick_name as nick_na12_10_,
        user0_.phone_num as phone_n13_10_,
        user0_.profile_image as profile14_10_,
        user0_.res_red_number as res_red15_10_,
        user0_.score as score16_10_ 
    from
        user user0_
Hibernate: 
    select
        roles0_.user_id as user_id1_11_0_,
        roles0_.roles as roles2_11_0_ 
    from
        user_roles roles0_ 
    where
        roles0_.user_id=?
Hibernate: 
    select
        roles0_.user_id as user_id1_11_0_,
        roles0_.roles as roles2_11_0_ 
    from
        user_roles roles0_ 
    where
        roles0_.user_id=?
Hibernate: 
    select
        roles0_.user_id as user_id1_11_0_,
        roles0_.roles as roles2_11_0_ 
    from
        user_roles roles0_ 
    where
        roles0_.user_id=?
Hibernate: 
    select
        roles0_.user_id as user_id1_11_0_,
        roles0_.roles as roles2_11_0_ 
    from
        user_roles roles0_ 
    where
        roles0_.user_id=?
Hibernate: 
    select
        roles0_.user_id as user_id1_11_0_,
        roles0_.roles as roles2_11_0_ 
    from
        user_roles roles0_ 
    where
        roles0_.user_id=?
Hibernate: 
    insert 
    into
        story_pin_like
        (created_at, updated_at, story_pin_id, user_id) 
    values
        (?, ?, ?, ?)
Hibernate: 
    insert 
    into
        story_pin_comment
        (created_at, updated_at, content, story_pin_id, user_id) 
    values
        (?, ?, ?, ?, ?)
Hibernate: 
    select
        user0_.id as id1_10_,
        user0_.created_at as created_2_10_,
        user0_.updated_at as updated_3_10_,
        user0_.age as age4_10_,
        user0_.background_image as backgrou5_10_,
        user0_.email as email6_10_,
        user0_.gender as gender7_10_,
        user0_.hobby as hobby8_10_,
        user0_.introduce as introduc9_10_,
        user0_.job as job10_10_,
        user0_.name as name11_10_,
        user0_.nick_name as nick_na12_10_,
        user0_.phone_num as phone_n13_10_,
        user0_.profile_image as profile14_10_,
        user0_.res_red_number as res_red15_10_,
        user0_.score as score16_10_ 
    from
        user user0_
Hibernate: 
    select
        roles0_.user_id as user_id1_11_0_,
        roles0_.roles as roles2_11_0_ 
    from
        user_roles roles0_ 
    where
        roles0_.user_id=?
Hibernate: 
    select
        roles0_.user_id as user_id1_11_0_,
        roles0_.roles as roles2_11_0_ 
    from
        user_roles roles0_ 
    where
        roles0_.user_id=?
Hibernate: 
    select
        roles0_.user_id as user_id1_11_0_,
        roles0_.roles as roles2_11_0_ 
    from
        user_roles roles0_ 
    where
        roles0_.user_id=?
Hibernate: 
    select
        roles0_.user_id as user_id1_11_0_,
        roles0_.roles as roles2_11_0_ 
    from
        user_roles roles0_ 
    where
        roles0_.user_id=?
Hibernate: 
    select
        roles0_.user_id as user_id1_11_0_,
        roles0_.roles as roles2_11_0_ 
    from
        user_roles roles0_ 
    where
        roles0_.user_id=?
Hibernate: 
    select
        user0_.id as id1_10_,
        user0_.created_at as created_2_10_,
        user0_.updated_at as updated_3_10_,
        user0_.age as age4_10_,
        user0_.background_image as backgrou5_10_,
        user0_.email as email6_10_,
        user0_.gender as gender7_10_,
        user0_.hobby as hobby8_10_,
        user0_.introduce as introduc9_10_,
        user0_.job as job10_10_,
        user0_.name as name11_10_,
        user0_.nick_name as nick_na12_10_,
        user0_.phone_num as phone_n13_10_,
        user0_.profile_image as profile14_10_,
        user0_.res_red_number as res_red15_10_,
        user0_.score as score16_10_ 
    from
        user user0_
Hibernate: 
    select
        roles0_.user_id as user_id1_11_0_,
        roles0_.roles as roles2_11_0_ 
    from
        user_roles roles0_ 
    where
        roles0_.user_id=?
Hibernate: 
    select
        roles0_.user_id as user_id1_11_0_,
        roles0_.roles as roles2_11_0_ 
    from
        user_roles roles0_ 
    where
        roles0_.user_id=?
Hibernate: 
    select
        roles0_.user_id as user_id1_11_0_,
        roles0_.roles as roles2_11_0_ 
    from
        user_roles roles0_ 
    where
        roles0_.user_id=?
Hibernate: 
    select
        roles0_.user_id as user_id1_11_0_,
        roles0_.roles as roles2_11_0_ 
    from
        user_roles roles0_ 
    where
        roles0_.user_id=?
Hibernate: 
    select
        roles0_.user_id as user_id1_11_0_,
        roles0_.roles as roles2_11_0_ 
    from
        user_roles roles0_ 
    where
        roles0_.user_id=?
Hibernate: 
    insert 
    into
        story_pin_like
        (created_at, updated_at, story_pin_id, user_id) 
    values
        (?, ?, ?, ?)
Hibernate: 
    insert 
    into
        story_pin_comment
        (created_at, updated_at, content, story_pin_id, user_id) 
    values
        (?, ?, ?, ?, ?)
Hibernate: 
    select
        user0_.id as id1_10_,
        user0_.created_at as created_2_10_,
        user0_.updated_at as updated_3_10_,
        user0_.age as age4_10_,
        user0_.background_image as backgrou5_10_,
        user0_.email as email6_10_,
        user0_.gender as gender7_10_,
        user0_.hobby as hobby8_10_,
        user0_.introduce as introduc9_10_,
        user0_.job as job10_10_,
        user0_.name as name11_10_,
        user0_.nick_name as nick_na12_10_,
        user0_.phone_num as phone_n13_10_,
        user0_.profile_image as profile14_10_,
        user0_.res_red_number as res_red15_10_,
        user0_.score as score16_10_ 
    from
        user user0_
Hibernate: 
    select
        roles0_.user_id as user_id1_11_0_,
        roles0_.roles as roles2_11_0_ 
    from
        user_roles roles0_ 
    where
        roles0_.user_id=?
Hibernate: 
    select
        roles0_.user_id as user_id1_11_0_,
        roles0_.roles as roles2_11_0_ 
    from
        user_roles roles0_ 
    where
        roles0_.user_id=?
Hibernate: 
    select
        roles0_.user_id as user_id1_11_0_,
        roles0_.roles as roles2_11_0_ 
    from
        user_roles roles0_ 
    where
        roles0_.user_id=?
Hibernate: 
    select
        roles0_.user_id as user_id1_11_0_,
        roles0_.roles as roles2_11_0_ 
    from
        user_roles roles0_ 
    where
        roles0_.user_id=?
Hibernate: 
    select
        roles0_.user_id as user_id1_11_0_,
        roles0_.roles as roles2_11_0_ 
    from
        user_roles roles0_ 
    where
        roles0_.user_id=?
Hibernate: 
    select
        user0_.id as id1_10_,
        user0_.created_at as created_2_10_,
        user0_.updated_at as updated_3_10_,
        user0_.age as age4_10_,
        user0_.background_image as backgrou5_10_,
        user0_.email as email6_10_,
        user0_.gender as gender7_10_,
        user0_.hobby as hobby8_10_,
        user0_.introduce as introduc9_10_,
        user0_.job as job10_10_,
        user0_.name as name11_10_,
        user0_.nick_name as nick_na12_10_,
        user0_.phone_num as phone_n13_10_,
        user0_.profile_image as profile14_10_,
        user0_.res_red_number as res_red15_10_,
        user0_.score as score16_10_ 
    from
        user user0_
Hibernate: 
    select
        roles0_.user_id as user_id1_11_0_,
        roles0_.roles as roles2_11_0_ 
    from
        user_roles roles0_ 
    where
        roles0_.user_id=?
Hibernate: 
    select
        roles0_.user_id as user_id1_11_0_,
        roles0_.roles as roles2_11_0_ 
    from
        user_roles roles0_ 
    where
        roles0_.user_id=?
Hibernate: 
    select
        roles0_.user_id as user_id1_11_0_,
        roles0_.roles as roles2_11_0_ 
    from
        user_roles roles0_ 
    where
        roles0_.user_id=?
Hibernate: 
    select
        roles0_.user_id as user_id1_11_0_,
        roles0_.roles as roles2_11_0_ 
    from
        user_roles roles0_ 
    where
        roles0_.user_id=?
Hibernate: 
    select
        roles0_.user_id as user_id1_11_0_,
        roles0_.roles as roles2_11_0_ 
    from
        user_roles roles0_ 
    where
        roles0_.user_id=?
Hibernate: 
    insert 
    into
        story_pin_like
        (created_at, updated_at, story_pin_id, user_id) 
    values
        (?, ?, ?, ?)
Hibernate: 
    insert 
    into
        story_pin_comment
        (created_at, updated_at, content, story_pin_id, user_id) 
    values
        (?, ?, ?, ?, ?)
Hibernate: 
    select
        user0_.id as id1_10_,
        user0_.created_at as created_2_10_,
        user0_.updated_at as updated_3_10_,
        user0_.age as age4_10_,
        user0_.background_image as backgrou5_10_,
        user0_.email as email6_10_,
        user0_.gender as gender7_10_,
        user0_.hobby as hobby8_10_,
        user0_.introduce as introduc9_10_,
        user0_.job as job10_10_,
        user0_.name as name11_10_,
        user0_.nick_name as nick_na12_10_,
        user0_.phone_num as phone_n13_10_,
        user0_.profile_image as profile14_10_,
        user0_.res_red_number as res_red15_10_,
        user0_.score as score16_10_ 
    from
        user user0_
Hibernate: 
    select
        roles0_.user_id as user_id1_11_0_,
        roles0_.roles as roles2_11_0_ 
    from
        user_roles roles0_ 
    where
        roles0_.user_id=?
Hibernate: 
    select
        roles0_.user_id as user_id1_11_0_,
        roles0_.roles as roles2_11_0_ 
    from
        user_roles roles0_ 
    where
        roles0_.user_id=?
Hibernate: 
    select
        roles0_.user_id as user_id1_11_0_,
        roles0_.roles as roles2_11_0_ 
    from
        user_roles roles0_ 
    where
        roles0_.user_id=?
Hibernate: 
    select
        roles0_.user_id as user_id1_11_0_,
        roles0_.roles as roles2_11_0_ 
    from
        user_roles roles0_ 
    where
        roles0_.user_id=?
Hibernate: 
    select
        roles0_.user_id as user_id1_11_0_,
        roles0_.roles as roles2_11_0_ 
    from
        user_roles roles0_ 
    where
        roles0_.user_id=?
Hibernate: 
    select
        user0_.id as id1_10_,
        user0_.created_at as created_2_10_,
        user0_.updated_at as updated_3_10_,
        user0_.age as age4_10_,
        user0_.background_image as backgrou5_10_,
        user0_.email as email6_10_,
        user0_.gender as gender7_10_,
        user0_.hobby as hobby8_10_,
        user0_.introduce as introduc9_10_,
        user0_.job as job10_10_,
        user0_.name as name11_10_,
        user0_.nick_name as nick_na12_10_,
        user0_.phone_num as phone_n13_10_,
        user0_.profile_image as profile14_10_,
        user0_.res_red_number as res_red15_10_,
        user0_.score as score16_10_ 
    from
        user user0_
Hibernate: 
    select
        roles0_.user_id as user_id1_11_0_,
        roles0_.roles as roles2_11_0_ 
    from
        user_roles roles0_ 
    where
        roles0_.user_id=?
Hibernate: 
    select
        roles0_.user_id as user_id1_11_0_,
        roles0_.roles as roles2_11_0_ 
    from
        user_roles roles0_ 
    where
        roles0_.user_id=?
Hibernate: 
    select
        roles0_.user_id as user_id1_11_0_,
        roles0_.roles as roles2_11_0_ 
    from
        user_roles roles0_ 
    where
        roles0_.user_id=?
Hibernate: 
    select
        roles0_.user_id as user_id1_11_0_,
        roles0_.roles as roles2_11_0_ 
    from
        user_roles roles0_ 
    where
        roles0_.user_id=?
Hibernate: 
    select
        roles0_.user_id as user_id1_11_0_,
        roles0_.roles as roles2_11_0_ 
    from
        user_roles roles0_ 
    where
        roles0_.user_id=?
Hibernate: 
    insert 
    into
        story_pin_like
        (created_at, updated_at, story_pin_id, user_id) 
    values
        (?, ?, ?, ?)
Hibernate: 
    insert 
    into
        story_pin_comment
        (created_at, updated_at, content, story_pin_id, user_id) 
    values
        (?, ?, ?, ?, ?)
Hibernate: 
    select
        user0_.id as id1_10_,
        user0_.created_at as created_2_10_,
        user0_.updated_at as updated_3_10_,
        user0_.age as age4_10_,
        user0_.background_image as backgrou5_10_,
        user0_.email as email6_10_,
        user0_.gender as gender7_10_,
        user0_.hobby as hobby8_10_,
        user0_.introduce as introduc9_10_,
        user0_.job as job10_10_,
        user0_.name as name11_10_,
        user0_.nick_name as nick_na12_10_,
        user0_.phone_num as phone_n13_10_,
        user0_.profile_image as profile14_10_,
        user0_.res_red_number as res_red15_10_,
        user0_.score as score16_10_ 
    from
        user user0_
Hibernate: 
    select
        roles0_.user_id as user_id1_11_0_,
        roles0_.roles as roles2_11_0_ 
    from
        user_roles roles0_ 
    where
        roles0_.user_id=?
Hibernate: 
    select
        roles0_.user_id as user_id1_11_0_,
        roles0_.roles as roles2_11_0_ 
    from
        user_roles roles0_ 
    where
        roles0_.user_id=?
Hibernate: 
    select
        roles0_.user_id as user_id1_11_0_,
        roles0_.roles as roles2_11_0_ 
    from
        user_roles roles0_ 
    where
        roles0_.user_id=?
Hibernate: 
    select
        roles0_.user_id as user_id1_11_0_,
        roles0_.roles as roles2_11_0_ 
    from
        user_roles roles0_ 
    where
        roles0_.user_id=?
Hibernate: 
    select
        roles0_.user_id as user_id1_11_0_,
        roles0_.roles as roles2_11_0_ 
    from
        user_roles roles0_ 
    where
        roles0_.user_id=?
Hibernate: 
    select
        user0_.id as id1_10_,
        user0_.created_at as created_2_10_,
        user0_.updated_at as updated_3_10_,
        user0_.age as age4_10_,
        user0_.background_image as backgrou5_10_,
        user0_.email as email6_10_,
        user0_.gender as gender7_10_,
        user0_.hobby as hobby8_10_,
        user0_.introduce as introduc9_10_,
        user0_.job as job10_10_,
        user0_.name as name11_10_,
        user0_.nick_name as nick_na12_10_,
        user0_.phone_num as phone_n13_10_,
        user0_.profile_image as profile14_10_,
        user0_.res_red_number as res_red15_10_,
        user0_.score as score16_10_ 
    from
        user user0_
Hibernate: 
    select
        roles0_.user_id as user_id1_11_0_,
        roles0_.roles as roles2_11_0_ 
    from
        user_roles roles0_ 
    where
        roles0_.user_id=?
Hibernate: 
    select
        roles0_.user_id as user_id1_11_0_,
        roles0_.roles as roles2_11_0_ 
    from
        user_roles roles0_ 
    where
        roles0_.user_id=?
Hibernate: 
    select
        roles0_.user_id as user_id1_11_0_,
        roles0_.roles as roles2_11_0_ 
    from
        user_roles roles0_ 
    where
        roles0_.user_id=?
Hibernate: 
    select
        roles0_.user_id as user_id1_11_0_,
        roles0_.roles as roles2_11_0_ 
    from
        user_roles roles0_ 
    where
        roles0_.user_id=?
Hibernate: 
    select
        roles0_.user_id as user_id1_11_0_,
        roles0_.roles as roles2_11_0_ 
    from
        user_roles roles0_ 
    where
        roles0_.user_id=?
Hibernate: 
    insert 
    into
        story_pin_like
        (created_at, updated_at, story_pin_id, user_id) 
    values
        (?, ?, ?, ?)
Hibernate: 
    insert 
    into
        story_pin_comment
        (created_at, updated_at, content, story_pin_id, user_id) 
    values
        (?, ?, ?, ?, ?)
Hibernate: 
    select
        user0_.id as id1_10_,
        user0_.created_at as created_2_10_,
        user0_.updated_at as updated_3_10_,
        user0_.age as age4_10_,
        user0_.background_image as backgrou5_10_,
        user0_.email as email6_10_,
        user0_.gender as gender7_10_,
        user0_.hobby as hobby8_10_,
        user0_.introduce as introduc9_10_,
        user0_.job as job10_10_,
        user0_.name as name11_10_,
        user0_.nick_name as nick_na12_10_,
        user0_.phone_num as phone_n13_10_,
        user0_.profile_image as profile14_10_,
        user0_.res_red_number as res_red15_10_,
        user0_.score as score16_10_ 
    from
        user user0_
Hibernate: 
    select
        roles0_.user_id as user_id1_11_0_,
        roles0_.roles as roles2_11_0_ 
    from
        user_roles roles0_ 
    where
        roles0_.user_id=?
Hibernate: 
    select
        roles0_.user_id as user_id1_11_0_,
        roles0_.roles as roles2_11_0_ 
    from
        user_roles roles0_ 
    where
        roles0_.user_id=?
Hibernate: 
    select
        roles0_.user_id as user_id1_11_0_,
        roles0_.roles as roles2_11_0_ 
    from
        user_roles roles0_ 
    where
        roles0_.user_id=?
Hibernate: 
    select
        roles0_.user_id as user_id1_11_0_,
        roles0_.roles as roles2_11_0_ 
    from
        user_roles roles0_ 
    where
        roles0_.user_id=?
Hibernate: 
    select
        roles0_.user_id as user_id1_11_0_,
        roles0_.roles as roles2_11_0_ 
    from
        user_roles roles0_ 
    where
        roles0_.user_id=?
Hibernate: 
    select
        user0_.id as id1_10_,
        user0_.created_at as created_2_10_,
        user0_.updated_at as updated_3_10_,
        user0_.age as age4_10_,
        user0_.background_image as backgrou5_10_,
        user0_.email as email6_10_,
        user0_.gender as gender7_10_,
        user0_.hobby as hobby8_10_,
        user0_.introduce as introduc9_10_,
        user0_.job as job10_10_,
        user0_.name as name11_10_,
        user0_.nick_name as nick_na12_10_,
        user0_.phone_num as phone_n13_10_,
        user0_.profile_image as profile14_10_,
        user0_.res_red_number as res_red15_10_,
        user0_.score as score16_10_ 
    from
        user user0_
Hibernate: 
    select
        roles0_.user_id as user_id1_11_0_,
        roles0_.roles as roles2_11_0_ 
    from
        user_roles roles0_ 
    where
        roles0_.user_id=?
Hibernate: 
    select
        roles0_.user_id as user_id1_11_0_,
        roles0_.roles as roles2_11_0_ 
    from
        user_roles roles0_ 
    where
        roles0_.user_id=?
Hibernate: 
    select
        roles0_.user_id as user_id1_11_0_,
        roles0_.roles as roles2_11_0_ 
    from
        user_roles roles0_ 
    where
        roles0_.user_id=?
Hibernate: 
    select
        roles0_.user_id as user_id1_11_0_,
        roles0_.roles as roles2_11_0_ 
    from
        user_roles roles0_ 
    where
        roles0_.user_id=?
Hibernate: 
    select
        roles0_.user_id as user_id1_11_0_,
        roles0_.roles as roles2_11_0_ 
    from
        user_roles roles0_ 
    where
        roles0_.user_id=?
Hibernate: 
    insert 
    into
        story_pin_like
        (created_at, updated_at, story_pin_id, user_id) 
    values
        (?, ?, ?, ?)
Hibernate: 
    insert 
    into
        story_pin_comment
        (created_at, updated_at, content, story_pin_id, user_id) 
    values
        (?, ?, ?, ?, ?)
Hibernate: 
    select
        user0_.id as id1_10_,
        user0_.created_at as created_2_10_,
        user0_.updated_at as updated_3_10_,
        user0_.age as age4_10_,
        user0_.background_image as backgrou5_10_,
        user0_.email as email6_10_,
        user0_.gender as gender7_10_,
        user0_.hobby as hobby8_10_,
        user0_.introduce as introduc9_10_,
        user0_.job as job10_10_,
        user0_.name as name11_10_,
        user0_.nick_name as nick_na12_10_,
        user0_.phone_num as phone_n13_10_,
        user0_.profile_image as profile14_10_,
        user0_.res_red_number as res_red15_10_,
        user0_.score as score16_10_ 
    from
        user user0_
Hibernate: 
    select
        roles0_.user_id as user_id1_11_0_,
        roles0_.roles as roles2_11_0_ 
    from
        user_roles roles0_ 
    where
        roles0_.user_id=?
Hibernate: 
    select
        roles0_.user_id as user_id1_11_0_,
        roles0_.roles as roles2_11_0_ 
    from
        user_roles roles0_ 
    where
        roles0_.user_id=?
Hibernate: 
    select
        roles0_.user_id as user_id1_11_0_,
        roles0_.roles as roles2_11_0_ 
    from
        user_roles roles0_ 
    where
        roles0_.user_id=?
Hibernate: 
    select
        roles0_.user_id as user_id1_11_0_,
        roles0_.roles as roles2_11_0_ 
    from
        user_roles roles0_ 
    where
        roles0_.user_id=?
Hibernate: 
    select
        roles0_.user_id as user_id1_11_0_,
        roles0_.roles as roles2_11_0_ 
    from
        user_roles roles0_ 
    where
        roles0_.user_id=?
Hibernate: 
    select
        user0_.id as id1_10_,
        user0_.created_at as created_2_10_,
        user0_.updated_at as updated_3_10_,
        user0_.age as age4_10_,
        user0_.background_image as backgrou5_10_,
        user0_.email as email6_10_,
        user0_.gender as gender7_10_,
        user0_.hobby as hobby8_10_,
        user0_.introduce as introduc9_10_,
        user0_.job as job10_10_,
        user0_.name as name11_10_,
        user0_.nick_name as nick_na12_10_,
        user0_.phone_num as phone_n13_10_,
        user0_.profile_image as profile14_10_,
        user0_.res_red_number as res_red15_10_,
        user0_.score as score16_10_ 
    from
        user user0_
Hibernate: 
    select
        roles0_.user_id as user_id1_11_0_,
        roles0_.roles as roles2_11_0_ 
    from
        user_roles roles0_ 
    where
        roles0_.user_id=?
Hibernate: 
    select
        roles0_.user_id as user_id1_11_0_,
        roles0_.roles as roles2_11_0_ 
    from
        user_roles roles0_ 
    where
        roles0_.user_id=?
Hibernate: 
    select
        roles0_.user_id as user_id1_11_0_,
        roles0_.roles as roles2_11_0_ 
    from
        user_roles roles0_ 
    where
        roles0_.user_id=?
Hibernate: 
    select
        roles0_.user_id as user_id1_11_0_,
        roles0_.roles as roles2_11_0_ 
    from
        user_roles roles0_ 
    where
        roles0_.user_id=?
Hibernate: 
    select
        roles0_.user_id as user_id1_11_0_,
        roles0_.roles as roles2_11_0_ 
    from
        user_roles roles0_ 
    where
        roles0_.user_id=?
Hibernate: 
    insert 
    into
        story_pin_like
        (created_at, updated_at, story_pin_id, user_id) 
    values
        (?, ?, ?, ?)
Hibernate: 
    insert 
    into
        story_pin_comment
        (created_at, updated_at, content, story_pin_id, user_id) 
    values
        (?, ?, ?, ?, ?)
Hibernate: 
    select
        user0_.id as id1_10_,
        user0_.created_at as created_2_10_,
        user0_.updated_at as updated_3_10_,
        user0_.age as age4_10_,
        user0_.background_image as backgrou5_10_,
        user0_.email as email6_10_,
        user0_.gender as gender7_10_,
        user0_.hobby as hobby8_10_,
        user0_.introduce as introduc9_10_,
        user0_.job as job10_10_,
        user0_.name as name11_10_,
        user0_.nick_name as nick_na12_10_,
        user0_.phone_num as phone_n13_10_,
        user0_.profile_image as profile14_10_,
        user0_.res_red_number as res_red15_10_,
        user0_.score as score16_10_ 
    from
        user user0_
Hibernate: 
    select
        roles0_.user_id as user_id1_11_0_,
        roles0_.roles as roles2_11_0_ 
    from
        user_roles roles0_ 
    where
        roles0_.user_id=?
Hibernate: 
    select
        roles0_.user_id as user_id1_11_0_,
        roles0_.roles as roles2_11_0_ 
    from
        user_roles roles0_ 
    where
        roles0_.user_id=?
Hibernate: 
    select
        roles0_.user_id as user_id1_11_0_,
        roles0_.roles as roles2_11_0_ 
    from
        user_roles roles0_ 
    where
        roles0_.user_id=?
Hibernate: 
    select
        roles0_.user_id as user_id1_11_0_,
        roles0_.roles as roles2_11_0_ 
    from
        user_roles roles0_ 
    where
        roles0_.user_id=?
Hibernate: 
    select
        roles0_.user_id as user_id1_11_0_,
        roles0_.roles as roles2_11_0_ 
    from
        user_roles roles0_ 
    where
        roles0_.user_id=?
Hibernate: 
    select
        user0_.id as id1_10_,
        user0_.created_at as created_2_10_,
        user0_.updated_at as updated_3_10_,
        user0_.age as age4_10_,
        user0_.background_image as backgrou5_10_,
        user0_.email as email6_10_,
        user0_.gender as gender7_10_,
        user0_.hobby as hobby8_10_,
        user0_.introduce as introduc9_10_,
        user0_.job as job10_10_,
        user0_.name as name11_10_,
        user0_.nick_name as nick_na12_10_,
        user0_.phone_num as phone_n13_10_,
        user0_.profile_image as profile14_10_,
        user0_.res_red_number as res_red15_10_,
        user0_.score as score16_10_ 
    from
        user user0_
Hibernate: 
    select
        roles0_.user_id as user_id1_11_0_,
        roles0_.roles as roles2_11_0_ 
    from
        user_roles roles0_ 
    where
        roles0_.user_id=?
Hibernate: 
    select
        roles0_.user_id as user_id1_11_0_,
        roles0_.roles as roles2_11_0_ 
    from
        user_roles roles0_ 
    where
        roles0_.user_id=?
Hibernate: 
    select
        roles0_.user_id as user_id1_11_0_,
        roles0_.roles as roles2_11_0_ 
    from
        user_roles roles0_ 
    where
        roles0_.user_id=?
Hibernate: 
    select
        roles0_.user_id as user_id1_11_0_,
        roles0_.roles as roles2_11_0_ 
    from
        user_roles roles0_ 
    where
        roles0_.user_id=?
Hibernate: 
    select
        roles0_.user_id as user_id1_11_0_,
        roles0_.roles as roles2_11_0_ 
    from
        user_roles roles0_ 
    where
        roles0_.user_id=?
Hibernate: 
    insert 
    into
        story_pin_like
        (created_at, updated_at, story_pin_id, user_id) 
    values
        (?, ?, ?, ?)
Hibernate: 
    insert 
    into
        story_pin_comment
        (created_at, updated_at, content, story_pin_id, user_id) 
    values
        (?, ?, ?, ?, ?)
Hibernate: 
    select
        user0_.id as id1_10_,
        user0_.created_at as created_2_10_,
        user0_.updated_at as updated_3_10_,
        user0_.age as age4_10_,
        user0_.background_image as backgrou5_10_,
        user0_.email as email6_10_,
        user0_.gender as gender7_10_,
        user0_.hobby as hobby8_10_,
        user0_.introduce as introduc9_10_,
        user0_.job as job10_10_,
        user0_.name as name11_10_,
        user0_.nick_name as nick_na12_10_,
        user0_.phone_num as phone_n13_10_,
        user0_.profile_image as profile14_10_,
        user0_.res_red_number as res_red15_10_,
        user0_.score as score16_10_ 
    from
        user user0_
Hibernate: 
    select
        roles0_.user_id as user_id1_11_0_,
        roles0_.roles as roles2_11_0_ 
    from
        user_roles roles0_ 
    where
        roles0_.user_id=?
Hibernate: 
    select
        roles0_.user_id as user_id1_11_0_,
        roles0_.roles as roles2_11_0_ 
    from
        user_roles roles0_ 
    where
        roles0_.user_id=?
Hibernate: 
    select
        roles0_.user_id as user_id1_11_0_,
        roles0_.roles as roles2_11_0_ 
    from
        user_roles roles0_ 
    where
        roles0_.user_id=?
Hibernate: 
    select
        roles0_.user_id as user_id1_11_0_,
        roles0_.roles as roles2_11_0_ 
    from
        user_roles roles0_ 
    where
        roles0_.user_id=?
Hibernate: 
    select
        roles0_.user_id as user_id1_11_0_,
        roles0_.roles as roles2_11_0_ 
    from
        user_roles roles0_ 
    where
        roles0_.user_id=?
Hibernate: 
    select
        user0_.id as id1_10_,
        user0_.created_at as created_2_10_,
        user0_.updated_at as updated_3_10_,
        user0_.age as age4_10_,
        user0_.background_image as backgrou5_10_,
        user0_.email as email6_10_,
        user0_.gender as gender7_10_,
        user0_.hobby as hobby8_10_,
        user0_.introduce as introduc9_10_,
        user0_.job as job10_10_,
        user0_.name as name11_10_,
        user0_.nick_name as nick_na12_10_,
        user0_.phone_num as phone_n13_10_,
        user0_.profile_image as profile14_10_,
        user0_.res_red_number as res_red15_10_,
        user0_.score as score16_10_ 
    from
        user user0_
Hibernate: 
    select
        roles0_.user_id as user_id1_11_0_,
        roles0_.roles as roles2_11_0_ 
    from
        user_roles roles0_ 
    where
        roles0_.user_id=?
Hibernate: 
    select
        roles0_.user_id as user_id1_11_0_,
        roles0_.roles as roles2_11_0_ 
    from
        user_roles roles0_ 
    where
        roles0_.user_id=?
Hibernate: 
    select
        roles0_.user_id as user_id1_11_0_,
        roles0_.roles as roles2_11_0_ 
    from
        user_roles roles0_ 
    where
        roles0_.user_id=?
Hibernate: 
    select
        roles0_.user_id as user_id1_11_0_,
        roles0_.roles as roles2_11_0_ 
    from
        user_roles roles0_ 
    where
        roles0_.user_id=?
Hibernate: 
    select
        roles0_.user_id as user_id1_11_0_,
        roles0_.roles as roles2_11_0_ 
    from
        user_roles roles0_ 
    where
        roles0_.user_id=?
Hibernate: 
    insert 
    into
        story_pin_like
        (created_at, updated_at, story_pin_id, user_id) 
    values
        (?, ?, ?, ?)
Hibernate: 
    insert 
    into
        story_pin_comment
        (created_at, updated_at, content, story_pin_id, user_id) 
    values
        (?, ?, ?, ?, ?)
Hibernate: 
    select
        user0_.id as id1_10_,
        user0_.created_at as created_2_10_,
        user0_.updated_at as updated_3_10_,
        user0_.age as age4_10_,
        user0_.background_image as backgrou5_10_,
        user0_.email as email6_10_,
        user0_.gender as gender7_10_,
        user0_.hobby as hobby8_10_,
        user0_.introduce as introduc9_10_,
        user0_.job as job10_10_,
        user0_.name as name11_10_,
        user0_.nick_name as nick_na12_10_,
        user0_.phone_num as phone_n13_10_,
        user0_.profile_image as profile14_10_,
        user0_.res_red_number as res_red15_10_,
        user0_.score as score16_10_ 
    from
        user user0_
Hibernate: 
    select
        roles0_.user_id as user_id1_11_0_,
        roles0_.roles as roles2_11_0_ 
    from
        user_roles roles0_ 
    where
        roles0_.user_id=?
Hibernate: 
    select
        roles0_.user_id as user_id1_11_0_,
        roles0_.roles as roles2_11_0_ 
    from
        user_roles roles0_ 
    where
        roles0_.user_id=?
Hibernate: 
    select
        roles0_.user_id as user_id1_11_0_,
        roles0_.roles as roles2_11_0_ 
    from
        user_roles roles0_ 
    where
        roles0_.user_id=?
Hibernate: 
    select
        roles0_.user_id as user_id1_11_0_,
        roles0_.roles as roles2_11_0_ 
    from
        user_roles roles0_ 
    where
        roles0_.user_id=?
Hibernate: 
    select
        roles0_.user_id as user_id1_11_0_,
        roles0_.roles as roles2_11_0_ 
    from
        user_roles roles0_ 
    where
        roles0_.user_id=?
Hibernate: 
    select
        user0_.id as id1_10_,
        user0_.created_at as created_2_10_,
        user0_.updated_at as updated_3_10_,
        user0_.age as age4_10_,
        user0_.background_image as backgrou5_10_,
        user0_.email as email6_10_,
        user0_.gender as gender7_10_,
        user0_.hobby as hobby8_10_,
        user0_.introduce as introduc9_10_,
        user0_.job as job10_10_,
        user0_.name as name11_10_,
        user0_.nick_name as nick_na12_10_,
        user0_.phone_num as phone_n13_10_,
        user0_.profile_image as profile14_10_,
        user0_.res_red_number as res_red15_10_,
        user0_.score as score16_10_ 
    from
        user user0_
Hibernate: 
    select
        roles0_.user_id as user_id1_11_0_,
        roles0_.roles as roles2_11_0_ 
    from
        user_roles roles0_ 
    where
        roles0_.user_id=?
Hibernate: 
    select
        roles0_.user_id as user_id1_11_0_,
        roles0_.roles as roles2_11_0_ 
    from
        user_roles roles0_ 
    where
        roles0_.user_id=?
Hibernate: 
    select
        roles0_.user_id as user_id1_11_0_,
        roles0_.roles as roles2_11_0_ 
    from
        user_roles roles0_ 
    where
        roles0_.user_id=?
Hibernate: 
    select
        roles0_.user_id as user_id1_11_0_,
        roles0_.roles as roles2_11_0_ 
    from
        user_roles roles0_ 
    where
        roles0_.user_id=?
Hibernate: 
    select
        roles0_.user_id as user_id1_11_0_,
        roles0_.roles as roles2_11_0_ 
    from
        user_roles roles0_ 
    where
        roles0_.user_id=?
Hibernate: 
    insert 
    into
        story_pin_like
        (created_at, updated_at, story_pin_id, user_id) 
    values
        (?, ?, ?, ?)
Hibernate: 
    insert 
    into
        story_pin_comment
        (created_at, updated_at, content, story_pin_id, user_id) 
    values
        (?, ?, ?, ?, ?)
Hibernate: 
    select
        user0_.id as id1_10_,
        user0_.created_at as created_2_10_,
        user0_.updated_at as updated_3_10_,
        user0_.age as age4_10_,
        user0_.background_image as backgrou5_10_,
        user0_.email as email6_10_,
        user0_.gender as gender7_10_,
        user0_.hobby as hobby8_10_,
        user0_.introduce as introduc9_10_,
        user0_.job as job10_10_,
        user0_.name as name11_10_,
        user0_.nick_name as nick_na12_10_,
        user0_.phone_num as phone_n13_10_,
        user0_.profile_image as profile14_10_,
        user0_.res_red_number as res_red15_10_,
        user0_.score as score16_10_ 
    from
        user user0_
Hibernate: 
    select
        roles0_.user_id as user_id1_11_0_,
        roles0_.roles as roles2_11_0_ 
    from
        user_roles roles0_ 
    where
        roles0_.user_id=?
Hibernate: 
    select
        roles0_.user_id as user_id1_11_0_,
        roles0_.roles as roles2_11_0_ 
    from
        user_roles roles0_ 
    where
        roles0_.user_id=?
Hibernate: 
    select
        roles0_.user_id as user_id1_11_0_,
        roles0_.roles as roles2_11_0_ 
    from
        user_roles roles0_ 
    where
        roles0_.user_id=?
Hibernate: 
    select
        roles0_.user_id as user_id1_11_0_,
        roles0_.roles as roles2_11_0_ 
    from
        user_roles roles0_ 
    where
        roles0_.user_id=?
Hibernate: 
    select
        roles0_.user_id as user_id1_11_0_,
        roles0_.roles as roles2_11_0_ 
    from
        user_roles roles0_ 
    where
        roles0_.user_id=?
Hibernate: 
    select
        user0_.id as id1_10_,
        user0_.created_at as created_2_10_,
        user0_.updated_at as updated_3_10_,
        user0_.age as age4_10_,
        user0_.background_image as backgrou5_10_,
        user0_.email as email6_10_,
        user0_.gender as gender7_10_,
        user0_.hobby as hobby8_10_,
        user0_.introduce as introduc9_10_,
        user0_.job as job10_10_,
        user0_.name as name11_10_,
        user0_.nick_name as nick_na12_10_,
        user0_.phone_num as phone_n13_10_,
        user0_.profile_image as profile14_10_,
        user0_.res_red_number as res_red15_10_,
        user0_.score as score16_10_ 
    from
        user user0_
Hibernate: 
    select
        roles0_.user_id as user_id1_11_0_,
        roles0_.roles as roles2_11_0_ 
    from
        user_roles roles0_ 
    where
        roles0_.user_id=?
Hibernate: 
    select
        roles0_.user_id as user_id1_11_0_,
        roles0_.roles as roles2_11_0_ 
    from
        user_roles roles0_ 
    where
        roles0_.user_id=?
Hibernate: 
    select
        roles0_.user_id as user_id1_11_0_,
        roles0_.roles as roles2_11_0_ 
    from
        user_roles roles0_ 
    where
        roles0_.user_id=?
Hibernate: 
    select
        roles0_.user_id as user_id1_11_0_,
        roles0_.roles as roles2_11_0_ 
    from
        user_roles roles0_ 
    where
        roles0_.user_id=?
Hibernate: 
    select
        roles0_.user_id as user_id1_11_0_,
        roles0_.roles as roles2_11_0_ 
    from
        user_roles roles0_ 
    where
        roles0_.user_id=?
Hibernate: 
    insert 
    into
        story_pin_like
        (created_at, updated_at, story_pin_id, user_id) 
    values
        (?, ?, ?, ?)
Hibernate: 
    insert 
    into
        story_pin_comment
        (created_at, updated_at, content, story_pin_id, user_id) 
    values
        (?, ?, ?, ?, ?)
Hibernate: 
    select
        user0_.id as id1_10_,
        user0_.created_at as created_2_10_,
        user0_.updated_at as updated_3_10_,
        user0_.age as age4_10_,
        user0_.background_image as backgrou5_10_,
        user0_.email as email6_10_,
        user0_.gender as gender7_10_,
        user0_.hobby as hobby8_10_,
        user0_.introduce as introduc9_10_,
        user0_.job as job10_10_,
        user0_.name as name11_10_,
        user0_.nick_name as nick_na12_10_,
        user0_.phone_num as phone_n13_10_,
        user0_.profile_image as profile14_10_,
        user0_.res_red_number as res_red15_10_,
        user0_.score as score16_10_ 
    from
        user user0_
Hibernate: 
    select
        roles0_.user_id as user_id1_11_0_,
        roles0_.roles as roles2_11_0_ 
    from
        user_roles roles0_ 
    where
        roles0_.user_id=?
Hibernate: 
    select
        roles0_.user_id as user_id1_11_0_,
        roles0_.roles as roles2_11_0_ 
    from
        user_roles roles0_ 
    where
        roles0_.user_id=?
Hibernate: 
    select
        roles0_.user_id as user_id1_11_0_,
        roles0_.roles as roles2_11_0_ 
    from
        user_roles roles0_ 
    where
        roles0_.user_id=?
Hibernate: 
    select
        roles0_.user_id as user_id1_11_0_,
        roles0_.roles as roles2_11_0_ 
    from
        user_roles roles0_ 
    where
        roles0_.user_id=?
Hibernate: 
    select
        roles0_.user_id as user_id1_11_0_,
        roles0_.roles as roles2_11_0_ 
    from
        user_roles roles0_ 
    where
        roles0_.user_id=?
Hibernate: 
    select
        user0_.id as id1_10_,
        user0_.created_at as created_2_10_,
        user0_.updated_at as updated_3_10_,
        user0_.age as age4_10_,
        user0_.background_image as backgrou5_10_,
        user0_.email as email6_10_,
        user0_.gender as gender7_10_,
        user0_.hobby as hobby8_10_,
        user0_.introduce as introduc9_10_,
        user0_.job as job10_10_,
        user0_.name as name11_10_,
        user0_.nick_name as nick_na12_10_,
        user0_.phone_num as phone_n13_10_,
        user0_.profile_image as profile14_10_,
        user0_.res_red_number as res_red15_10_,
        user0_.score as score16_10_ 
    from
        user user0_
Hibernate: 
    select
        roles0_.user_id as user_id1_11_0_,
        roles0_.roles as roles2_11_0_ 
    from
        user_roles roles0_ 
    where
        roles0_.user_id=?
Hibernate: 
    select
        roles0_.user_id as user_id1_11_0_,
        roles0_.roles as roles2_11_0_ 
    from
        user_roles roles0_ 
    where
        roles0_.user_id=?
Hibernate: 
    select
        roles0_.user_id as user_id1_11_0_,
        roles0_.roles as roles2_11_0_ 
    from
        user_roles roles0_ 
    where
        roles0_.user_id=?
Hibernate: 
    select
        roles0_.user_id as user_id1_11_0_,
        roles0_.roles as roles2_11_0_ 
    from
        user_roles roles0_ 
    where
        roles0_.user_id=?
Hibernate: 
    select
        roles0_.user_id as user_id1_11_0_,
        roles0_.roles as roles2_11_0_ 
    from
        user_roles roles0_ 
    where
        roles0_.user_id=?
Hibernate: 
    insert 
    into
        story_pin_like
        (created_at, updated_at, story_pin_id, user_id) 
    values
        (?, ?, ?, ?)
Hibernate: 
    insert 
    into
        story_pin_comment
        (created_at, updated_at, content, story_pin_id, user_id) 
    values
        (?, ?, ?, ?, ?)
Hibernate: 
    select
        user0_.id as id1_10_,
        user0_.created_at as created_2_10_,
        user0_.updated_at as updated_3_10_,
        user0_.age as age4_10_,
        user0_.background_image as backgrou5_10_,
        user0_.email as email6_10_,
        user0_.gender as gender7_10_,
        user0_.hobby as hobby8_10_,
        user0_.introduce as introduc9_10_,
        user0_.job as job10_10_,
        user0_.name as name11_10_,
        user0_.nick_name as nick_na12_10_,
        user0_.phone_num as phone_n13_10_,
        user0_.profile_image as profile14_10_,
        user0_.res_red_number as res_red15_10_,
        user0_.score as score16_10_ 
    from
        user user0_
Hibernate: 
    select
        roles0_.user_id as user_id1_11_0_,
        roles0_.roles as roles2_11_0_ 
    from
        user_roles roles0_ 
    where
        roles0_.user_id=?
Hibernate: 
    select
        roles0_.user_id as user_id1_11_0_,
        roles0_.roles as roles2_11_0_ 
    from
        user_roles roles0_ 
    where
        roles0_.user_id=?
Hibernate: 
    select
        roles0_.user_id as user_id1_11_0_,
        roles0_.roles as roles2_11_0_ 
    from
        user_roles roles0_ 
    where
        roles0_.user_id=?
Hibernate: 
    select
        roles0_.user_id as user_id1_11_0_,
        roles0_.roles as roles2_11_0_ 
    from
        user_roles roles0_ 
    where
        roles0_.user_id=?
Hibernate: 
    select
        roles0_.user_id as user_id1_11_0_,
        roles0_.roles as roles2_11_0_ 
    from
        user_roles roles0_ 
    where
        roles0_.user_id=?
Hibernate: 
    select
        user0_.id as id1_10_,
        user0_.created_at as created_2_10_,
        user0_.updated_at as updated_3_10_,
        user0_.age as age4_10_,
        user0_.background_image as backgrou5_10_,
        user0_.email as email6_10_,
        user0_.gender as gender7_10_,
        user0_.hobby as hobby8_10_,
        user0_.introduce as introduc9_10_,
        user0_.job as job10_10_,
        user0_.name as name11_10_,
        user0_.nick_name as nick_na12_10_,
        user0_.phone_num as phone_n13_10_,
        user0_.profile_image as profile14_10_,
        user0_.res_red_number as res_red15_10_,
        user0_.score as score16_10_ 
    from
        user user0_
Hibernate: 
    select
        roles0_.user_id as user_id1_11_0_,
        roles0_.roles as roles2_11_0_ 
    from
        user_roles roles0_ 
    where
        roles0_.user_id=?
Hibernate: 
    select
        roles0_.user_id as user_id1_11_0_,
        roles0_.roles as roles2_11_0_ 
    from
        user_roles roles0_ 
    where
        roles0_.user_id=?
Hibernate: 
    select
        roles0_.user_id as user_id1_11_0_,
        roles0_.roles as roles2_11_0_ 
    from
        user_roles roles0_ 
    where
        roles0_.user_id=?
Hibernate: 
    select
        roles0_.user_id as user_id1_11_0_,
        roles0_.roles as roles2_11_0_ 
    from
        user_roles roles0_ 
    where
        roles0_.user_id=?
Hibernate: 
    select
        roles0_.user_id as user_id1_11_0_,
        roles0_.roles as roles2_11_0_ 
    from
        user_roles roles0_ 
    where
        roles0_.user_id=?
Hibernate: 
    insert 
    into
        story_pin_like
        (created_at, updated_at, story_pin_id, user_id) 
    values
        (?, ?, ?, ?)
Hibernate: 
    insert 
    into
        story_pin_comment
        (created_at, updated_at, content, story_pin_id, user_id) 
    values
        (?, ?, ?, ?, ?)
Hibernate: 
    select
        user0_.id as id1_10_,
        user0_.created_at as created_2_10_,
        user0_.updated_at as updated_3_10_,
        user0_.age as age4_10_,
        user0_.background_image as backgrou5_10_,
        user0_.email as email6_10_,
        user0_.gender as gender7_10_,
        user0_.hobby as hobby8_10_,
        user0_.introduce as introduc9_10_,
        user0_.job as job10_10_,
        user0_.name as name11_10_,
        user0_.nick_name as nick_na12_10_,
        user0_.phone_num as phone_n13_10_,
        user0_.profile_image as profile14_10_,
        user0_.res_red_number as res_red15_10_,
        user0_.score as score16_10_ 
    from
        user user0_
Hibernate: 
    select
        roles0_.user_id as user_id1_11_0_,
        roles0_.roles as roles2_11_0_ 
    from
        user_roles roles0_ 
    where
        roles0_.user_id=?
Hibernate: 
    select
        roles0_.user_id as user_id1_11_0_,
        roles0_.roles as roles2_11_0_ 
    from
        user_roles roles0_ 
    where
        roles0_.user_id=?
Hibernate: 
    select
        roles0_.user_id as user_id1_11_0_,
        roles0_.roles as roles2_11_0_ 
    from
        user_roles roles0_ 
    where
        roles0_.user_id=?
Hibernate: 
    select
        roles0_.user_id as user_id1_11_0_,
        roles0_.roles as roles2_11_0_ 
    from
        user_roles roles0_ 
    where
        roles0_.user_id=?
Hibernate: 
    select
        roles0_.user_id as user_id1_11_0_,
        roles0_.roles as roles2_11_0_ 
    from
        user_roles roles0_ 
    where
        roles0_.user_id=?
Hibernate: 
    select
        user0_.id as id1_10_,
        user0_.created_at as created_2_10_,
        user0_.updated_at as updated_3_10_,
        user0_.age as age4_10_,
        user0_.background_image as backgrou5_10_,
        user0_.email as email6_10_,
        user0_.gender as gender7_10_,
        user0_.hobby as hobby8_10_,
        user0_.introduce as introduc9_10_,
        user0_.job as job10_10_,
        user0_.name as name11_10_,
        user0_.nick_name as nick_na12_10_,
        user0_.phone_num as phone_n13_10_,
        user0_.profile_image as profile14_10_,
        user0_.res_red_number as res_red15_10_,
        user0_.score as score16_10_ 
    from
        user user0_
Hibernate: 
    select
        roles0_.user_id as user_id1_11_0_,
        roles0_.roles as roles2_11_0_ 
    from
        user_roles roles0_ 
    where
        roles0_.user_id=?
Hibernate: 
    select
        roles0_.user_id as user_id1_11_0_,
        roles0_.roles as roles2_11_0_ 
    from
        user_roles roles0_ 
    where
        roles0_.user_id=?
Hibernate: 
    select
        roles0_.user_id as user_id1_11_0_,
        roles0_.roles as roles2_11_0_ 
    from
        user_roles roles0_ 
    where
        roles0_.user_id=?
Hibernate: 
    select
        roles0_.user_id as user_id1_11_0_,
        roles0_.roles as roles2_11_0_ 
    from
        user_roles roles0_ 
    where
        roles0_.user_id=?
Hibernate: 
    select
        roles0_.user_id as user_id1_11_0_,
        roles0_.roles as roles2_11_0_ 
    from
        user_roles roles0_ 
    where
        roles0_.user_id=?
Hibernate: 
    insert 
    into
        story_pin_like
        (created_at, updated_at, story_pin_id, user_id) 
    values
        (?, ?, ?, ?)
Hibernate: 
    insert 
    into
        story_pin_comment
        (created_at, updated_at, content, story_pin_id, user_id) 
    values
        (?, ?, ?, ?, ?)
Hibernate: 
    select
        user0_.id as id1_10_,
        user0_.created_at as created_2_10_,
        user0_.updated_at as updated_3_10_,
        user0_.age as age4_10_,
        user0_.background_image as backgrou5_10_,
        user0_.email as email6_10_,
        user0_.gender as gender7_10_,
        user0_.hobby as hobby8_10_,
        user0_.introduce as introduc9_10_,
        user0_.job as job10_10_,
        user0_.name as name11_10_,
        user0_.nick_name as nick_na12_10_,
        user0_.phone_num as phone_n13_10_,
        user0_.profile_image as profile14_10_,
        user0_.res_red_number as res_red15_10_,
        user0_.score as score16_10_ 
    from
        user user0_
Hibernate: 
    select
        roles0_.user_id as user_id1_11_0_,
        roles0_.roles as roles2_11_0_ 
    from
        user_roles roles0_ 
    where
        roles0_.user_id=?
Hibernate: 
    select
        roles0_.user_id as user_id1_11_0_,
        roles0_.roles as roles2_11_0_ 
    from
        user_roles roles0_ 
    where
        roles0_.user_id=?
Hibernate: 
    select
        roles0_.user_id as user_id1_11_0_,
        roles0_.roles as roles2_11_0_ 
    from
        user_roles roles0_ 
    where
        roles0_.user_id=?
Hibernate: 
    select
        roles0_.user_id as user_id1_11_0_,
        roles0_.roles as roles2_11_0_ 
    from
        user_roles roles0_ 
    where
        roles0_.user_id=?
Hibernate: 
    select
        roles0_.user_id as user_id1_11_0_,
        roles0_.roles as roles2_11_0_ 
    from
        user_roles roles0_ 
    where
        roles0_.user_id=?
Hibernate: 
    select
        user0_.id as id1_10_,
        user0_.created_at as created_2_10_,
        user0_.updated_at as updated_3_10_,
        user0_.age as age4_10_,
        user0_.background_image as backgrou5_10_,
        user0_.email as email6_10_,
        user0_.gender as gender7_10_,
        user0_.hobby as hobby8_10_,
        user0_.introduce as introduc9_10_,
        user0_.job as job10_10_,
        user0_.name as name11_10_,
        user0_.nick_name as nick_na12_10_,
        user0_.phone_num as phone_n13_10_,
        user0_.profile_image as profile14_10_,
        user0_.res_red_number as res_red15_10_,
        user0_.score as score16_10_ 
    from
        user user0_
Hibernate: 
    select
        roles0_.user_id as user_id1_11_0_,
        roles0_.roles as roles2_11_0_ 
    from
        user_roles roles0_ 
    where
        roles0_.user_id=?
Hibernate: 
    select
        roles0_.user_id as user_id1_11_0_,
        roles0_.roles as roles2_11_0_ 
    from
        user_roles roles0_ 
    where
        roles0_.user_id=?
Hibernate: 
    select
        roles0_.user_id as user_id1_11_0_,
        roles0_.roles as roles2_11_0_ 
    from
        user_roles roles0_ 
    where
        roles0_.user_id=?
Hibernate: 
    select
        roles0_.user_id as user_id1_11_0_,
        roles0_.roles as roles2_11_0_ 
    from
        user_roles roles0_ 
    where
        roles0_.user_id=?
Hibernate: 
    select
        roles0_.user_id as user_id1_11_0_,
        roles0_.roles as roles2_11_0_ 
    from
        user_roles roles0_ 
    where
        roles0_.user_id=?
Hibernate: 
    insert 
    into
        story_pin_like
        (created_at, updated_at, story_pin_id, user_id) 
    values
        (?, ?, ?, ?)
Hibernate: 
    insert 
    into
        story_pin_comment
        (created_at, updated_at, content, story_pin_id, user_id) 
    values
        (?, ?, ?, ?, ?)
Hibernate: 
    select
        user0_.id as id1_10_,
        user0_.created_at as created_2_10_,
        user0_.updated_at as updated_3_10_,
        user0_.age as age4_10_,
        user0_.background_image as backgrou5_10_,
        user0_.email as email6_10_,
        user0_.gender as gender7_10_,
        user0_.hobby as hobby8_10_,
        user0_.introduce as introduc9_10_,
        user0_.job as job10_10_,
        user0_.name as name11_10_,
        user0_.nick_name as nick_na12_10_,
        user0_.phone_num as phone_n13_10_,
        user0_.profile_image as profile14_10_,
        user0_.res_red_number as res_red15_10_,
        user0_.score as score16_10_ 
    from
        user user0_
Hibernate: 
    select
        roles0_.user_id as user_id1_11_0_,
        roles0_.roles as roles2_11_0_ 
    from
        user_roles roles0_ 
    where
        roles0_.user_id=?
Hibernate: 
    select
        roles0_.user_id as user_id1_11_0_,
        roles0_.roles as roles2_11_0_ 
    from
        user_roles roles0_ 
    where
        roles0_.user_id=?
Hibernate: 
    select
        roles0_.user_id as user_id1_11_0_,
        roles0_.roles as roles2_11_0_ 
    from
        user_roles roles0_ 
    where
        roles0_.user_id=?
Hibernate: 
    select
        roles0_.user_id as user_id1_11_0_,
        roles0_.roles as roles2_11_0_ 
    from
        user_roles roles0_ 
    where
        roles0_.user_id=?
Hibernate: 
    select
        roles0_.user_id as user_id1_11_0_,
        roles0_.roles as roles2_11_0_ 
    from
        user_roles roles0_ 
    where
        roles0_.user_id=?
Hibernate: 
    select
        user0_.id as id1_10_,
        user0_.created_at as created_2_10_,
        user0_.updated_at as updated_3_10_,
        user0_.age as age4_10_,
        user0_.background_image as backgrou5_10_,
        user0_.email as email6_10_,
        user0_.gender as gender7_10_,
        user0_.hobby as hobby8_10_,
        user0_.introduce as introduc9_10_,
        user0_.job as job10_10_,
        user0_.name as name11_10_,
        user0_.nick_name as nick_na12_10_,
        user0_.phone_num as phone_n13_10_,
        user0_.profile_image as profile14_10_,
        user0_.res_red_number as res_red15_10_,
        user0_.score as score16_10_ 
    from
        user user0_
Hibernate: 
    select
        roles0_.user_id as user_id1_11_0_,
        roles0_.roles as roles2_11_0_ 
    from
        user_roles roles0_ 
    where
        roles0_.user_id=?
Hibernate: 
    select
        roles0_.user_id as user_id1_11_0_,
        roles0_.roles as roles2_11_0_ 
    from
        user_roles roles0_ 
    where
        roles0_.user_id=?
Hibernate: 
    select
        roles0_.user_id as user_id1_11_0_,
        roles0_.roles as roles2_11_0_ 
    from
        user_roles roles0_ 
    where
        roles0_.user_id=?
Hibernate: 
    select
        roles0_.user_id as user_id1_11_0_,
        roles0_.roles as roles2_11_0_ 
    from
        user_roles roles0_ 
    where
        roles0_.user_id=?
Hibernate: 
    select
        roles0_.user_id as user_id1_11_0_,
        roles0_.roles as roles2_11_0_ 
    from
        user_roles roles0_ 
    where
        roles0_.user_id=?
Hibernate: 
    insert 
    into
        story_pin_like
        (created_at, updated_at, story_pin_id, user_id) 
    values
        (?, ?, ?, ?)
Hibernate: 
    insert 
    into
        story_pin_comment
        (created_at, updated_at, content, story_pin_id, user_id) 
    values
        (?, ?, ?, ?, ?)
Hibernate: 
    select
        user0_.id as id1_10_,
        user0_.created_at as created_2_10_,
        user0_.updated_at as updated_3_10_,
        user0_.age as age4_10_,
        user0_.background_image as backgrou5_10_,
        user0_.email as email6_10_,
        user0_.gender as gender7_10_,
        user0_.hobby as hobby8_10_,
        user0_.introduce as introduc9_10_,
        user0_.job as job10_10_,
        user0_.name as name11_10_,
        user0_.nick_name as nick_na12_10_,
        user0_.phone_num as phone_n13_10_,
        user0_.profile_image as profile14_10_,
        user0_.res_red_number as res_red15_10_,
        user0_.score as score16_10_ 
    from
        user user0_
Hibernate: 
    select
        roles0_.user_id as user_id1_11_0_,
        roles0_.roles as roles2_11_0_ 
    from
        user_roles roles0_ 
    where
        roles0_.user_id=?
Hibernate: 
    select
        roles0_.user_id as user_id1_11_0_,
        roles0_.roles as roles2_11_0_ 
    from
        user_roles roles0_ 
    where
        roles0_.user_id=?
Hibernate: 
    select
        roles0_.user_id as user_id1_11_0_,
        roles0_.roles as roles2_11_0_ 
    from
        user_roles roles0_ 
    where
        roles0_.user_id=?
Hibernate: 
    select
        roles0_.user_id as user_id1_11_0_,
        roles0_.roles as roles2_11_0_ 
    from
        user_roles roles0_ 
    where
        roles0_.user_id=?
Hibernate: 
    select
        roles0_.user_id as user_id1_11_0_,
        roles0_.roles as roles2_11_0_ 
    from
        user_roles roles0_ 
    where
        roles0_.user_id=?
Hibernate: 
    select
        user0_.id as id1_10_,
        user0_.created_at as created_2_10_,
        user0_.updated_at as updated_3_10_,
        user0_.age as age4_10_,
        user0_.background_image as backgrou5_10_,
        user0_.email as email6_10_,
        user0_.gender as gender7_10_,
        user0_.hobby as hobby8_10_,
        user0_.introduce as introduc9_10_,
        user0_.job as job10_10_,
        user0_.name as name11_10_,
        user0_.nick_name as nick_na12_10_,
        user0_.phone_num as phone_n13_10_,
        user0_.profile_image as profile14_10_,
        user0_.res_red_number as res_red15_10_,
        user0_.score as score16_10_ 
    from
        user user0_
Hibernate: 
    select
        roles0_.user_id as user_id1_11_0_,
        roles0_.roles as roles2_11_0_ 
    from
        user_roles roles0_ 
    where
        roles0_.user_id=?
Hibernate: 
    select
        roles0_.user_id as user_id1_11_0_,
        roles0_.roles as roles2_11_0_ 
    from
        user_roles roles0_ 
    where
        roles0_.user_id=?
Hibernate: 
    select
        roles0_.user_id as user_id1_11_0_,
        roles0_.roles as roles2_11_0_ 
    from
        user_roles roles0_ 
    where
        roles0_.user_id=?
Hibernate: 
    select
        roles0_.user_id as user_id1_11_0_,
        roles0_.roles as roles2_11_0_ 
    from
        user_roles roles0_ 
    where
        roles0_.user_id=?
Hibernate: 
    select
        roles0_.user_id as user_id1_11_0_,
        roles0_.roles as roles2_11_0_ 
    from
        user_roles roles0_ 
    where
        roles0_.user_id=?
Hibernate: 
    insert 
    into
        story_pin_like
        (created_at, updated_at, story_pin_id, user_id) 
    values
        (?, ?, ?, ?)
Hibernate: 
    insert 
    into
        story_pin_comment
        (created_at, updated_at, content, story_pin_id, user_id) 
    values
        (?, ?, ?, ?, ?)
Hibernate: 
    select
        user0_.id as id1_10_,
        user0_.created_at as created_2_10_,
        user0_.updated_at as updated_3_10_,
        user0_.age as age4_10_,
        user0_.background_image as backgrou5_10_,
        user0_.email as email6_10_,
        user0_.gender as gender7_10_,
        user0_.hobby as hobby8_10_,
        user0_.introduce as introduc9_10_,
        user0_.job as job10_10_,
        user0_.name as name11_10_,
        user0_.nick_name as nick_na12_10_,
        user0_.phone_num as phone_n13_10_,
        user0_.profile_image as profile14_10_,
        user0_.res_red_number as res_red15_10_,
        user0_.score as score16_10_ 
    from
        user user0_
Hibernate: 
    select
        roles0_.user_id as user_id1_11_0_,
        roles0_.roles as roles2_11_0_ 
    from
        user_roles roles0_ 
    where
        roles0_.user_id=?
Hibernate: 
    select
        roles0_.user_id as user_id1_11_0_,
        roles0_.roles as roles2_11_0_ 
    from
        user_roles roles0_ 
    where
        roles0_.user_id=?
Hibernate: 
    select
        roles0_.user_id as user_id1_11_0_,
        roles0_.roles as roles2_11_0_ 
    from
        user_roles roles0_ 
    where
        roles0_.user_id=?
Hibernate: 
    select
        roles0_.user_id as user_id1_11_0_,
        roles0_.roles as roles2_11_0_ 
    from
        user_roles roles0_ 
    where
        roles0_.user_id=?
Hibernate: 
    select
        roles0_.user_id as user_id1_11_0_,
        roles0_.roles as roles2_11_0_ 
    from
        user_roles roles0_ 
    where
        roles0_.user_id=?
Hibernate: 
    select
        user0_.id as id1_10_,
        user0_.created_at as created_2_10_,
        user0_.updated_at as updated_3_10_,
        user0_.age as age4_10_,
        user0_.background_image as backgrou5_10_,
        user0_.email as email6_10_,
        user0_.gender as gender7_10_,
        user0_.hobby as hobby8_10_,
        user0_.introduce as introduc9_10_,
        user0_.job as job10_10_,
        user0_.name as name11_10_,
        user0_.nick_name as nick_na12_10_,
        user0_.phone_num as phone_n13_10_,
        user0_.profile_image as profile14_10_,
        user0_.res_red_number as res_red15_10_,
        user0_.score as score16_10_ 
    from
        user user0_
Hibernate: 
    select
        roles0_.user_id as user_id1_11_0_,
        roles0_.roles as roles2_11_0_ 
    from
        user_roles roles0_ 
    where
        roles0_.user_id=?
Hibernate: 
    select
        roles0_.user_id as user_id1_11_0_,
        roles0_.roles as roles2_11_0_ 
    from
        user_roles roles0_ 
    where
        roles0_.user_id=?
Hibernate: 
    select
        roles0_.user_id as user_id1_11_0_,
        roles0_.roles as roles2_11_0_ 
    from
        user_roles roles0_ 
    where
        roles0_.user_id=?
Hibernate: 
    select
        roles0_.user_id as user_id1_11_0_,
        roles0_.roles as roles2_11_0_ 
    from
        user_roles roles0_ 
    where
        roles0_.user_id=?
Hibernate: 
    select
        roles0_.user_id as user_id1_11_0_,
        roles0_.roles as roles2_11_0_ 
    from
        user_roles roles0_ 
    where
        roles0_.user_id=?
Hibernate: 
    insert 
    into
        story_pin_like
        (created_at, updated_at, story_pin_id, user_id) 
    values
        (?, ?, ?, ?)
Hibernate: 
    insert 
    into
        story_pin_comment
        (created_at, updated_at, content, story_pin_id, user_id) 
    values
        (?, ?, ?, ?, ?)
Hibernate: 
    select
        user0_.id as id1_10_,
        user0_.created_at as created_2_10_,
        user0_.updated_at as updated_3_10_,
        user0_.age as age4_10_,
        user0_.background_image as backgrou5_10_,
        user0_.email as email6_10_,
        user0_.gender as gender7_10_,
        user0_.hobby as hobby8_10_,
        user0_.introduce as introduc9_10_,
        user0_.job as job10_10_,
        user0_.name as name11_10_,
        user0_.nick_name as nick_na12_10_,
        user0_.phone_num as phone_n13_10_,
        user0_.profile_image as profile14_10_,
        user0_.res_red_number as res_red15_10_,
        user0_.score as score16_10_ 
    from
        user user0_
Hibernate: 
    select
        roles0_.user_id as user_id1_11_0_,
        roles0_.roles as roles2_11_0_ 
    from
        user_roles roles0_ 
    where
        roles0_.user_id=?
Hibernate: 
    select
        roles0_.user_id as user_id1_11_0_,
        roles0_.roles as roles2_11_0_ 
    from
        user_roles roles0_ 
    where
        roles0_.user_id=?
Hibernate: 
    select
        roles0_.user_id as user_id1_11_0_,
        roles0_.roles as roles2_11_0_ 
    from
        user_roles roles0_ 
    where
        roles0_.user_id=?
Hibernate: 
    select
        roles0_.user_id as user_id1_11_0_,
        roles0_.roles as roles2_11_0_ 
    from
        user_roles roles0_ 
    where
        roles0_.user_id=?
Hibernate: 
    select
        roles0_.user_id as user_id1_11_0_,
        roles0_.roles as roles2_11_0_ 
    from
        user_roles roles0_ 
    where
        roles0_.user_id=?
Hibernate: 
    select
        user0_.id as id1_10_,
        user0_.created_at as created_2_10_,
        user0_.updated_at as updated_3_10_,
        user0_.age as age4_10_,
        user0_.background_image as backgrou5_10_,
        user0_.email as email6_10_,
        user0_.gender as gender7_10_,
        user0_.hobby as hobby8_10_,
        user0_.introduce as introduc9_10_,
        user0_.job as job10_10_,
        user0_.name as name11_10_,
        user0_.nick_name as nick_na12_10_,
        user0_.phone_num as phone_n13_10_,
        user0_.profile_image as profile14_10_,
        user0_.res_red_number as res_red15_10_,
        user0_.score as score16_10_ 
    from
        user user0_
Hibernate: 
    select
        roles0_.user_id as user_id1_11_0_,
        roles0_.roles as roles2_11_0_ 
    from
        user_roles roles0_ 
    where
        roles0_.user_id=?
Hibernate: 
    select
        roles0_.user_id as user_id1_11_0_,
        roles0_.roles as roles2_11_0_ 
    from
        user_roles roles0_ 
    where
        roles0_.user_id=?
Hibernate: 
    select
        roles0_.user_id as user_id1_11_0_,
        roles0_.roles as roles2_11_0_ 
    from
        user_roles roles0_ 
    where
        roles0_.user_id=?
Hibernate: 
    select
        roles0_.user_id as user_id1_11_0_,
        roles0_.roles as roles2_11_0_ 
    from
        user_roles roles0_ 
    where
        roles0_.user_id=?
Hibernate: 
    select
        roles0_.user_id as user_id1_11_0_,
        roles0_.roles as roles2_11_0_ 
    from
        user_roles roles0_ 
    where
        roles0_.user_id=?
Hibernate: 
    insert 
    into
        story_pin_like
        (created_at, updated_at, story_pin_id, user_id) 
    values
        (?, ?, ?, ?)
Hibernate: 
    insert 
    into
        story_pin_comment
        (created_at, updated_at, content, story_pin_id, user_id) 
    values
        (?, ?, ?, ?, ?)
Hibernate: 
    select
        user0_.id as id1_10_,
        user0_.created_at as created_2_10_,
        user0_.updated_at as updated_3_10_,
        user0_.age as age4_10_,
        user0_.background_image as backgrou5_10_,
        user0_.email as email6_10_,
        user0_.gender as gender7_10_,
        user0_.hobby as hobby8_10_,
        user0_.introduce as introduc9_10_,
        user0_.job as job10_10_,
        user0_.name as name11_10_,
        user0_.nick_name as nick_na12_10_,
        user0_.phone_num as phone_n13_10_,
        user0_.profile_image as profile14_10_,
        user0_.res_red_number as res_red15_10_,
        user0_.score as score16_10_ 
    from
        user user0_
Hibernate: 
    select
        roles0_.user_id as user_id1_11_0_,
        roles0_.roles as roles2_11_0_ 
    from
        user_roles roles0_ 
    where
        roles0_.user_id=?
Hibernate: 
    select
        roles0_.user_id as user_id1_11_0_,
        roles0_.roles as roles2_11_0_ 
    from
        user_roles roles0_ 
    where
        roles0_.user_id=?
Hibernate: 
    select
        roles0_.user_id as user_id1_11_0_,
        roles0_.roles as roles2_11_0_ 
    from
        user_roles roles0_ 
    where
        roles0_.user_id=?
Hibernate: 
    select
        roles0_.user_id as user_id1_11_0_,
        roles0_.roles as roles2_11_0_ 
    from
        user_roles roles0_ 
    where
        roles0_.user_id=?
Hibernate: 
    select
        roles0_.user_id as user_id1_11_0_,
        roles0_.roles as roles2_11_0_ 
    from
        user_roles roles0_ 
    where
        roles0_.user_id=?
Hibernate: 
    select
        user0_.id as id1_10_,
        user0_.created_at as created_2_10_,
        user0_.updated_at as updated_3_10_,
        user0_.age as age4_10_,
        user0_.background_image as backgrou5_10_,
        user0_.email as email6_10_,
        user0_.gender as gender7_10_,
        user0_.hobby as hobby8_10_,
        user0_.introduce as introduc9_10_,
        user0_.job as job10_10_,
        user0_.name as name11_10_,
        user0_.nick_name as nick_na12_10_,
        user0_.phone_num as phone_n13_10_,
        user0_.profile_image as profile14_10_,
        user0_.res_red_number as res_red15_10_,
        user0_.score as score16_10_ 
    from
        user user0_
Hibernate: 
    select
        roles0_.user_id as user_id1_11_0_,
        roles0_.roles as roles2_11_0_ 
    from
        user_roles roles0_ 
    where
        roles0_.user_id=?
Hibernate: 
    select
        roles0_.user_id as user_id1_11_0_,
        roles0_.roles as roles2_11_0_ 
    from
        user_roles roles0_ 
    where
        roles0_.user_id=?
Hibernate: 
    select
        roles0_.user_id as user_id1_11_0_,
        roles0_.roles as roles2_11_0_ 
    from
        user_roles roles0_ 
    where
        roles0_.user_id=?
Hibernate: 
    select
        roles0_.user_id as user_id1_11_0_,
        roles0_.roles as roles2_11_0_ 
    from
        user_roles roles0_ 
    where
        roles0_.user_id=?
Hibernate: 
    select
        roles0_.user_id as user_id1_11_0_,
        roles0_.roles as roles2_11_0_ 
    from
        user_roles roles0_ 
    where
        roles0_.user_id=?
Hibernate: 
    insert 
    into
        story_pin_like
        (created_at, updated_at, story_pin_id, user_id) 
    values
        (?, ?, ?, ?)
Hibernate: 
    insert 
    into
        story_pin_comment
        (created_at, updated_at, content, story_pin_id, user_id) 
    values
        (?, ?, ?, ?, ?)
Hibernate: 
    select
        user0_.id as id1_10_,
        user0_.created_at as created_2_10_,
        user0_.updated_at as updated_3_10_,
        user0_.age as age4_10_,
        user0_.background_image as backgrou5_10_,
        user0_.email as email6_10_,
        user0_.gender as gender7_10_,
        user0_.hobby as hobby8_10_,
        user0_.introduce as introduc9_10_,
        user0_.job as job10_10_,
        user0_.name as name11_10_,
        user0_.nick_name as nick_na12_10_,
        user0_.phone_num as phone_n13_10_,
        user0_.profile_image as profile14_10_,
        user0_.res_red_number as res_red15_10_,
        user0_.score as score16_10_ 
    from
        user user0_
Hibernate: 
    select
        roles0_.user_id as user_id1_11_0_,
        roles0_.roles as roles2_11_0_ 
    from
        user_roles roles0_ 
    where
        roles0_.user_id=?
Hibernate: 
    select
        roles0_.user_id as user_id1_11_0_,
        roles0_.roles as roles2_11_0_ 
    from
        user_roles roles0_ 
    where
        roles0_.user_id=?
Hibernate: 
    select
        roles0_.user_id as user_id1_11_0_,
        roles0_.roles as roles2_11_0_ 
    from
        user_roles roles0_ 
    where
        roles0_.user_id=?
Hibernate: 
    select
        roles0_.user_id as user_id1_11_0_,
        roles0_.roles as roles2_11_0_ 
    from
        user_roles roles0_ 
    where
        roles0_.user_id=?
Hibernate: 
    select
        roles0_.user_id as user_id1_11_0_,
        roles0_.roles as roles2_11_0_ 
    from
        user_roles roles0_ 
    where
        roles0_.user_id=?
Hibernate: 
    select
        user0_.id as id1_10_,
        user0_.created_at as created_2_10_,
        user0_.updated_at as updated_3_10_,
        user0_.age as age4_10_,
        user0_.background_image as backgrou5_10_,
        user0_.email as email6_10_,
        user0_.gender as gender7_10_,
        user0_.hobby as hobby8_10_,
        user0_.introduce as introduc9_10_,
        user0_.job as job10_10_,
        user0_.name as name11_10_,
        user0_.nick_name as nick_na12_10_,
        user0_.phone_num as phone_n13_10_,
        user0_.profile_image as profile14_10_,
        user0_.res_red_number as res_red15_10_,
        user0_.score as score16_10_ 
    from
        user user0_
Hibernate: 
    select
        roles0_.user_id as user_id1_11_0_,
        roles0_.roles as roles2_11_0_ 
    from
        user_roles roles0_ 
    where
        roles0_.user_id=?
Hibernate: 
    select
        roles0_.user_id as user_id1_11_0_,
        roles0_.roles as roles2_11_0_ 
    from
        user_roles roles0_ 
    where
        roles0_.user_id=?
Hibernate: 
    select
        roles0_.user_id as user_id1_11_0_,
        roles0_.roles as roles2_11_0_ 
    from
        user_roles roles0_ 
    where
        roles0_.user_id=?
Hibernate: 
    select
        roles0_.user_id as user_id1_11_0_,
        roles0_.roles as roles2_11_0_ 
    from
        user_roles roles0_ 
    where
        roles0_.user_id=?
Hibernate: 
    select
        roles0_.user_id as user_id1_11_0_,
        roles0_.roles as roles2_11_0_ 
    from
        user_roles roles0_ 
    where
        roles0_.user_id=?
Hibernate: 
    insert 
    into
        story_pin_like
        (created_at, updated_at, story_pin_id, user_id) 
    values
        (?, ?, ?, ?)
Hibernate: 
    insert 
    into
        story_pin_comment
        (created_at, updated_at, content, story_pin_id, user_id) 
    values
        (?, ?, ?, ?, ?)
Hibernate: 
    select
        user0_.id as id1_10_,
        user0_.created_at as created_2_10_,
        user0_.updated_at as updated_3_10_,
        user0_.age as age4_10_,
        user0_.background_image as backgrou5_10_,
        user0_.email as email6_10_,
        user0_.gender as gender7_10_,
        user0_.hobby as hobby8_10_,
        user0_.introduce as introduc9_10_,
        user0_.job as job10_10_,
        user0_.name as name11_10_,
        user0_.nick_name as nick_na12_10_,
        user0_.phone_num as phone_n13_10_,
        user0_.profile_image as profile14_10_,
        user0_.res_red_number as res_red15_10_,
        user0_.score as score16_10_ 
    from
        user user0_
Hibernate: 
    select
        roles0_.user_id as user_id1_11_0_,
        roles0_.roles as roles2_11_0_ 
    from
        user_roles roles0_ 
    where
        roles0_.user_id=?
Hibernate: 
    select
        roles0_.user_id as user_id1_11_0_,
        roles0_.roles as roles2_11_0_ 
    from
        user_roles roles0_ 
    where
        roles0_.user_id=?
Hibernate: 
    select
        roles0_.user_id as user_id1_11_0_,
        roles0_.roles as roles2_11_0_ 
    from
        user_roles roles0_ 
    where
        roles0_.user_id=?
Hibernate: 
    select
        roles0_.user_id as user_id1_11_0_,
        roles0_.roles as roles2_11_0_ 
    from
        user_roles roles0_ 
    where
        roles0_.user_id=?
Hibernate: 
    select
        roles0_.user_id as user_id1_11_0_,
        roles0_.roles as roles2_11_0_ 
    from
        user_roles roles0_ 
    where
        roles0_.user_id=?
Hibernate: 
    select
        user0_.id as id1_10_,
        user0_.created_at as created_2_10_,
        user0_.updated_at as updated_3_10_,
        user0_.age as age4_10_,
        user0_.background_image as backgrou5_10_,
        user0_.email as email6_10_,
        user0_.gender as gender7_10_,
        user0_.hobby as hobby8_10_,
        user0_.introduce as introduc9_10_,
        user0_.job as job10_10_,
        user0_.name as name11_10_,
        user0_.nick_name as nick_na12_10_,
        user0_.phone_num as phone_n13_10_,
        user0_.profile_image as profile14_10_,
        user0_.res_red_number as res_red15_10_,
        user0_.score as score16_10_ 
    from
        user user0_
Hibernate: 
    select
        roles0_.user_id as user_id1_11_0_,
        roles0_.roles as roles2_11_0_ 
    from
        user_roles roles0_ 
    where
        roles0_.user_id=?
Hibernate: 
    select
        roles0_.user_id as user_id1_11_0_,
        roles0_.roles as roles2_11_0_ 
    from
        user_roles roles0_ 
    where
        roles0_.user_id=?
Hibernate: 
    select
        roles0_.user_id as user_id1_11_0_,
        roles0_.roles as roles2_11_0_ 
    from
        user_roles roles0_ 
    where
        roles0_.user_id=?
Hibernate: 
    select
        roles0_.user_id as user_id1_11_0_,
        roles0_.roles as roles2_11_0_ 
    from
        user_roles roles0_ 
    where
        roles0_.user_id=?
Hibernate: 
    select
        roles0_.user_id as user_id1_11_0_,
        roles0_.roles as roles2_11_0_ 
    from
        user_roles roles0_ 
    where
        roles0_.user_id=?
Hibernate: 
    insert 
    into
        story_pin_like
        (created_at, updated_at, story_pin_id, user_id) 
    values
        (?, ?, ?, ?)
Hibernate: 
    insert 
    into
        story_pin_comment
        (created_at, updated_at, content, story_pin_id, user_id) 
    values
        (?, ?, ?, ?, ?)
Hibernate: 
    select
        user0_.id as id1_10_,
        user0_.created_at as created_2_10_,
        user0_.updated_at as updated_3_10_,
        user0_.age as age4_10_,
        user0_.background_image as backgrou5_10_,
        user0_.email as email6_10_,
        user0_.gender as gender7_10_,
        user0_.hobby as hobby8_10_,
        user0_.introduce as introduc9_10_,
        user0_.job as job10_10_,
        user0_.name as name11_10_,
        user0_.nick_name as nick_na12_10_,
        user0_.phone_num as phone_n13_10_,
        user0_.profile_image as profile14_10_,
        user0_.res_red_number as res_red15_10_,
        user0_.score as score16_10_ 
    from
        user user0_
Hibernate: 
    select
        roles0_.user_id as user_id1_11_0_,
        roles0_.roles as roles2_11_0_ 
    from
        user_roles roles0_ 
    where
        roles0_.user_id=?
Hibernate: 
    select
        roles0_.user_id as user_id1_11_0_,
        roles0_.roles as roles2_11_0_ 
    from
        user_roles roles0_ 
    where
        roles0_.user_id=?
Hibernate: 
    select
        roles0_.user_id as user_id1_11_0_,
        roles0_.roles as roles2_11_0_ 
    from
        user_roles roles0_ 
    where
        roles0_.user_id=?
Hibernate: 
    select
        roles0_.user_id as user_id1_11_0_,
        roles0_.roles as roles2_11_0_ 
    from
        user_roles roles0_ 
    where
        roles0_.user_id=?
Hibernate: 
    select
        roles0_.user_id as user_id1_11_0_,
        roles0_.roles as roles2_11_0_ 
    from
        user_roles roles0_ 
    where
        roles0_.user_id=?
Hibernate: 
    select
        user0_.id as id1_10_,
        user0_.created_at as created_2_10_,
        user0_.updated_at as updated_3_10_,
        user0_.age as age4_10_,
        user0_.background_image as backgrou5_10_,
        user0_.email as email6_10_,
        user0_.gender as gender7_10_,
        user0_.hobby as hobby8_10_,
        user0_.introduce as introduc9_10_,
        user0_.job as job10_10_,
        user0_.name as name11_10_,
        user0_.nick_name as nick_na12_10_,
        user0_.phone_num as phone_n13_10_,
        user0_.profile_image as profile14_10_,
        user0_.res_red_number as res_red15_10_,
        user0_.score as score16_10_ 
    from
        user user0_
Hibernate: 
    select
        roles0_.user_id as user_id1_11_0_,
        roles0_.roles as roles2_11_0_ 
    from
        user_roles roles0_ 
    where
        roles0_.user_id=?
Hibernate: 
    select
        roles0_.user_id as user_id1_11_0_,
        roles0_.roles as roles2_11_0_ 
    from
        user_roles roles0_ 
    where
        roles0_.user_id=?
Hibernate: 
    select
        roles0_.user_id as user_id1_11_0_,
        roles0_.roles as roles2_11_0_ 
    from
        user_roles roles0_ 
    where
        roles0_.user_id=?
Hibernate: 
    select
        roles0_.user_id as user_id1_11_0_,
        roles0_.roles as roles2_11_0_ 
    from
        user_roles roles0_ 
    where
        roles0_.user_id=?
Hibernate: 
    select
        roles0_.user_id as user_id1_11_0_,
        roles0_.roles as roles2_11_0_ 
    from
        user_roles roles0_ 
    where
        roles0_.user_id=?
Hibernate: 
    insert 
    into
        story_pin_like
        (created_at, updated_at, story_pin_id, user_id) 
    values
        (?, ?, ?, ?)
Hibernate: 
    insert 
    into
        story_pin_comment
        (created_at, updated_at, content, story_pin_id, user_id) 
    values
        (?, ?, ?, ?, ?)
Hibernate: 
    select
        user0_.id as id1_10_,
        user0_.created_at as created_2_10_,
        user0_.updated_at as updated_3_10_,
        user0_.age as age4_10_,
        user0_.background_image as backgrou5_10_,
        user0_.email as email6_10_,
        user0_.gender as gender7_10_,
        user0_.hobby as hobby8_10_,
        user0_.introduce as introduc9_10_,
        user0_.job as job10_10_,
        user0_.name as name11_10_,
        user0_.nick_name as nick_na12_10_,
        user0_.phone_num as phone_n13_10_,
        user0_.profile_image as profile14_10_,
        user0_.res_red_number as res_red15_10_,
        user0_.score as score16_10_ 
    from
        user user0_
Hibernate: 
    select
        roles0_.user_id as user_id1_11_0_,
        roles0_.roles as roles2_11_0_ 
    from
        user_roles roles0_ 
    where
        roles0_.user_id=?
Hibernate: 
    select
        roles0_.user_id as user_id1_11_0_,
        roles0_.roles as roles2_11_0_ 
    from
        user_roles roles0_ 
    where
        roles0_.user_id=?
Hibernate: 
    select
        roles0_.user_id as user_id1_11_0_,
        roles0_.roles as roles2_11_0_ 
    from
        user_roles roles0_ 
    where
        roles0_.user_id=?
Hibernate: 
    select
        roles0_.user_id as user_id1_11_0_,
        roles0_.roles as roles2_11_0_ 
    from
        user_roles roles0_ 
    where
        roles0_.user_id=?
Hibernate: 
    select
        roles0_.user_id as user_id1_11_0_,
        roles0_.roles as roles2_11_0_ 
    from
        user_roles roles0_ 
    where
        roles0_.user_id=?
Hibernate: 
    select
        user0_.id as id1_10_,
        user0_.created_at as created_2_10_,
        user0_.updated_at as updated_3_10_,
        user0_.age as age4_10_,
        user0_.background_image as backgrou5_10_,
        user0_.email as email6_10_,
        user0_.gender as gender7_10_,
        user0_.hobby as hobby8_10_,
        user0_.introduce as introduc9_10_,
        user0_.job as job10_10_,
        user0_.name as name11_10_,
        user0_.nick_name as nick_na12_10_,
        user0_.phone_num as phone_n13_10_,
        user0_.profile_image as profile14_10_,
        user0_.res_red_number as res_red15_10_,
        user0_.score as score16_10_ 
    from
        user user0_
Hibernate: 
    select
        roles0_.user_id as user_id1_11_0_,
        roles0_.roles as roles2_11_0_ 
    from
        user_roles roles0_ 
    where
        roles0_.user_id=?
Hibernate: 
    select
        roles0_.user_id as user_id1_11_0_,
        roles0_.roles as roles2_11_0_ 
    from
        user_roles roles0_ 
    where
        roles0_.user_id=?
Hibernate: 
    select
        roles0_.user_id as user_id1_11_0_,
        roles0_.roles as roles2_11_0_ 
    from
        user_roles roles0_ 
    where
        roles0_.user_id=?
Hibernate: 
    select
        roles0_.user_id as user_id1_11_0_,
        roles0_.roles as roles2_11_0_ 
    from
        user_roles roles0_ 
    where
        roles0_.user_id=?
Hibernate: 
    select
        roles0_.user_id as user_id1_11_0_,
        roles0_.roles as roles2_11_0_ 
    from
        user_roles roles0_ 
    where
        roles0_.user_id=?
Hibernate: 
    insert 
    into
        story_pin_like
        (created_at, updated_at, story_pin_id, user_id) 
    values
        (?, ?, ?, ?)
Hibernate: 
    insert 
    into
        story_pin_comment
        (created_at, updated_at, content, story_pin_id, user_id) 
    values
        (?, ?, ?, ?, ?)
Hibernate: 
    select
        user0_.id as id1_10_,
        user0_.created_at as created_2_10_,
        user0_.updated_at as updated_3_10_,
        user0_.age as age4_10_,
        user0_.background_image as backgrou5_10_,
        user0_.email as email6_10_,
        user0_.gender as gender7_10_,
        user0_.hobby as hobby8_10_,
        user0_.introduce as introduc9_10_,
        user0_.job as job10_10_,
        user0_.name as name11_10_,
        user0_.nick_name as nick_na12_10_,
        user0_.phone_num as phone_n13_10_,
        user0_.profile_image as profile14_10_,
        user0_.res_red_number as res_red15_10_,
        user0_.score as score16_10_ 
    from
        user user0_
Hibernate: 
    select
        roles0_.user_id as user_id1_11_0_,
        roles0_.roles as roles2_11_0_ 
    from
        user_roles roles0_ 
    where
        roles0_.user_id=?
Hibernate: 
    select
        roles0_.user_id as user_id1_11_0_,
        roles0_.roles as roles2_11_0_ 
    from
        user_roles roles0_ 
    where
        roles0_.user_id=?
Hibernate: 
    select
        roles0_.user_id as user_id1_11_0_,
        roles0_.roles as roles2_11_0_ 
    from
        user_roles roles0_ 
    where
        roles0_.user_id=?
Hibernate: 
    select
        roles0_.user_id as user_id1_11_0_,
        roles0_.roles as roles2_11_0_ 
    from
        user_roles roles0_ 
    where
        roles0_.user_id=?
Hibernate: 
    select
        roles0_.user_id as user_id1_11_0_,
        roles0_.roles as roles2_11_0_ 
    from
        user_roles roles0_ 
    where
        roles0_.user_id=?
Hibernate: 
    select
        user0_.id as id1_10_,
        user0_.created_at as created_2_10_,
        user0_.updated_at as updated_3_10_,
        user0_.age as age4_10_,
        user0_.background_image as backgrou5_10_,
        user0_.email as email6_10_,
        user0_.gender as gender7_10_,
        user0_.hobby as hobby8_10_,
        user0_.introduce as introduc9_10_,
        user0_.job as job10_10_,
        user0_.name as name11_10_,
        user0_.nick_name as nick_na12_10_,
        user0_.phone_num as phone_n13_10_,
        user0_.profile_image as profile14_10_,
        user0_.res_red_number as res_red15_10_,
        user0_.score as score16_10_ 
    from
        user user0_
Hibernate: 
    select
        roles0_.user_id as user_id1_11_0_,
        roles0_.roles as roles2_11_0_ 
    from
        user_roles roles0_ 
    where
        roles0_.user_id=?
Hibernate: 
    select
        roles0_.user_id as user_id1_11_0_,
        roles0_.roles as roles2_11_0_ 
    from
        user_roles roles0_ 
    where
        roles0_.user_id=?
Hibernate: 
    select
        roles0_.user_id as user_id1_11_0_,
        roles0_.roles as roles2_11_0_ 
    from
        user_roles roles0_ 
    where
        roles0_.user_id=?
Hibernate: 
    select
        roles0_.user_id as user_id1_11_0_,
        roles0_.roles as roles2_11_0_ 
    from
        user_roles roles0_ 
    where
        roles0_.user_id=?
Hibernate: 
    select
        roles0_.user_id as user_id1_11_0_,
        roles0_.roles as roles2_11_0_ 
    from
        user_roles roles0_ 
    where
        roles0_.user_id=?
Hibernate: 
    insert 
    into
        story_pin_like
        (created_at, updated_at, story_pin_id, user_id) 
    values
        (?, ?, ?, ?)
Hibernate: 
    insert 
    into
        story_pin_comment
        (created_at, updated_at, content, story_pin_id, user_id) 
    values
        (?, ?, ?, ?, ?)
Hibernate: 
    select
        user0_.id as id1_10_,
        user0_.created_at as created_2_10_,
        user0_.updated_at as updated_3_10_,
        user0_.age as age4_10_,
        user0_.background_image as backgrou5_10_,
        user0_.email as email6_10_,
        user0_.gender as gender7_10_,
        user0_.hobby as hobby8_10_,
        user0_.introduce as introduc9_10_,
        user0_.job as job10_10_,
        user0_.name as name11_10_,
        user0_.nick_name as nick_na12_10_,
        user0_.phone_num as phone_n13_10_,
        user0_.profile_image as profile14_10_,
        user0_.res_red_number as res_red15_10_,
        user0_.score as score16_10_ 
    from
        user user0_
Hibernate: 
    select
        roles0_.user_id as user_id1_11_0_,
        roles0_.roles as roles2_11_0_ 
    from
        user_roles roles0_ 
    where
        roles0_.user_id=?
Hibernate: 
    select
        roles0_.user_id as user_id1_11_0_,
        roles0_.roles as roles2_11_0_ 
    from
        user_roles roles0_ 
    where
        roles0_.user_id=?
Hibernate: 
    select
        roles0_.user_id as user_id1_11_0_,
        roles0_.roles as roles2_11_0_ 
    from
        user_roles roles0_ 
    where
        roles0_.user_id=?
Hibernate: 
    select
        roles0_.user_id as user_id1_11_0_,
        roles0_.roles as roles2_11_0_ 
    from
        user_roles roles0_ 
    where
        roles0_.user_id=?
Hibernate: 
    select
        roles0_.user_id as user_id1_11_0_,
        roles0_.roles as roles2_11_0_ 
    from
        user_roles roles0_ 
    where
        roles0_.user_id=?
Hibernate: 
    select
        user0_.id as id1_10_,
        user0_.created_at as created_2_10_,
        user0_.updated_at as updated_3_10_,
        user0_.age as age4_10_,
        user0_.background_image as backgrou5_10_,
        user0_.email as email6_10_,
        user0_.gender as gender7_10_,
        user0_.hobby as hobby8_10_,
        user0_.introduce as introduc9_10_,
        user0_.job as job10_10_,
        user0_.name as name11_10_,
        user0_.nick_name as nick_na12_10_,
        user0_.phone_num as phone_n13_10_,
        user0_.profile_image as profile14_10_,
        user0_.res_red_number as res_red15_10_,
        user0_.score as score16_10_ 
    from
        user user0_
Hibernate: 
    select
        roles0_.user_id as user_id1_11_0_,
        roles0_.roles as roles2_11_0_ 
    from
        user_roles roles0_ 
    where
        roles0_.user_id=?
Hibernate: 
    select
        roles0_.user_id as user_id1_11_0_,
        roles0_.roles as roles2_11_0_ 
    from
        user_roles roles0_ 
    where
        roles0_.user_id=?
Hibernate: 
    select
        roles0_.user_id as user_id1_11_0_,
        roles0_.roles as roles2_11_0_ 
    from
        user_roles roles0_ 
    where
        roles0_.user_id=?
Hibernate: 
    select
        roles0_.user_id as user_id1_11_0_,
        roles0_.roles as roles2_11_0_ 
    from
        user_roles roles0_ 
    where
        roles0_.user_id=?
Hibernate: 
    select
        roles0_.user_id as user_id1_11_0_,
        roles0_.roles as roles2_11_0_ 
    from
        user_roles roles0_ 
    where
        roles0_.user_id=?
Hibernate: 
    insert 
    into
        story_pin_like
        (created_at, updated_at, story_pin_id, user_id) 
    values
        (?, ?, ?, ?)
Hibernate: 
    insert 
    into
        story_pin_comment
        (created_at, updated_at, content, story_pin_id, user_id) 
    values
        (?, ?, ?, ?, ?)
Hibernate: 
    select
        user0_.id as id1_10_,
        user0_.created_at as created_2_10_,
        user0_.updated_at as updated_3_10_,
        user0_.age as age4_10_,
        user0_.background_image as backgrou5_10_,
        user0_.email as email6_10_,
        user0_.gender as gender7_10_,
        user0_.hobby as hobby8_10_,
        user0_.introduce as introduc9_10_,
        user0_.job as job10_10_,
        user0_.name as name11_10_,
        user0_.nick_name as nick_na12_10_,
        user0_.phone_num as phone_n13_10_,
        user0_.profile_image as profile14_10_,
        user0_.res_red_number as res_red15_10_,
        user0_.score as score16_10_ 
    from
        user user0_
Hibernate: 
    select
        roles0_.user_id as user_id1_11_0_,
        roles0_.roles as roles2_11_0_ 
    from
        user_roles roles0_ 
    where
        roles0_.user_id=?
Hibernate: 
    select
        roles0_.user_id as user_id1_11_0_,
        roles0_.roles as roles2_11_0_ 
    from
        user_roles roles0_ 
    where
        roles0_.user_id=?
Hibernate: 
    select
        roles0_.user_id as user_id1_11_0_,
        roles0_.roles as roles2_11_0_ 
    from
        user_roles roles0_ 
    where
        roles0_.user_id=?
Hibernate: 
    select
        roles0_.user_id as user_id1_11_0_,
        roles0_.roles as roles2_11_0_ 
    from
        user_roles roles0_ 
    where
        roles0_.user_id=?
Hibernate: 
    select
        roles0_.user_id as user_id1_11_0_,
        roles0_.roles as roles2_11_0_ 
    from
        user_roles roles0_ 
    where
        roles0_.user_id=?
Hibernate: 
    select
        user0_.id as id1_10_,
        user0_.created_at as created_2_10_,
        user0_.updated_at as updated_3_10_,
        user0_.age as age4_10_,
        user0_.background_image as backgrou5_10_,
        user0_.email as email6_10_,
        user0_.gender as gender7_10_,
        user0_.hobby as hobby8_10_,
        user0_.introduce as introduc9_10_,
        user0_.job as job10_10_,
        user0_.name as name11_10_,
        user0_.nick_name as nick_na12_10_,
        user0_.phone_num as phone_n13_10_,
        user0_.profile_image as profile14_10_,
        user0_.res_red_number as res_red15_10_,
        user0_.score as score16_10_ 
    from
        user user0_
Hibernate: 
    select
        roles0_.user_id as user_id1_11_0_,
        roles0_.roles as roles2_11_0_ 
    from
        user_roles roles0_ 
    where
        roles0_.user_id=?
Hibernate: 
    select
        roles0_.user_id as user_id1_11_0_,
        roles0_.roles as roles2_11_0_ 
    from
        user_roles roles0_ 
    where
        roles0_.user_id=?
Hibernate: 
    select
        roles0_.user_id as user_id1_11_0_,
        roles0_.roles as roles2_11_0_ 
    from
        user_roles roles0_ 
    where
        roles0_.user_id=?
Hibernate: 
    select
        roles0_.user_id as user_id1_11_0_,
        roles0_.roles as roles2_11_0_ 
    from
        user_roles roles0_ 
    where
        roles0_.user_id=?
Hibernate: 
    select
        roles0_.user_id as user_id1_11_0_,
        roles0_.roles as roles2_11_0_ 
    from
        user_roles roles0_ 
    where
        roles0_.user_id=?
Hibernate: 
    insert 
    into
        story_pin_like
        (created_at, updated_at, story_pin_id, user_id) 
    values
        (?, ?, ?, ?)
Hibernate: 
    insert 
    into
        story_pin_comment
        (created_at, updated_at, content, story_pin_id, user_id) 
    values
        (?, ?, ?, ?, ?)
Hibernate: 
    select
        user0_.id as id1_10_,
        user0_.created_at as created_2_10_,
        user0_.updated_at as updated_3_10_,
        user0_.age as age4_10_,
        user0_.background_image as backgrou5_10_,
        user0_.email as email6_10_,
        user0_.gender as gender7_10_,
        user0_.hobby as hobby8_10_,
        user0_.introduce as introduc9_10_,
        user0_.job as job10_10_,
        user0_.name as name11_10_,
        user0_.nick_name as nick_na12_10_,
        user0_.phone_num as phone_n13_10_,
        user0_.profile_image as profile14_10_,
        user0_.res_red_number as res_red15_10_,
        user0_.score as score16_10_ 
    from
        user user0_
Hibernate: 
    select
        roles0_.user_id as user_id1_11_0_,
        roles0_.roles as roles2_11_0_ 
    from
        user_roles roles0_ 
    where
        roles0_.user_id=?
Hibernate: 
    select
        roles0_.user_id as user_id1_11_0_,
        roles0_.roles as roles2_11_0_ 
    from
        user_roles roles0_ 
    where
        roles0_.user_id=?
Hibernate: 
    select
        roles0_.user_id as user_id1_11_0_,
        roles0_.roles as roles2_11_0_ 
    from
        user_roles roles0_ 
    where
        roles0_.user_id=?
Hibernate: 
    select
        roles0_.user_id as user_id1_11_0_,
        roles0_.roles as roles2_11_0_ 
    from
        user_roles roles0_ 
    where
        roles0_.user_id=?
Hibernate: 
    select
        roles0_.user_id as user_id1_11_0_,
        roles0_.roles as roles2_11_0_ 
    from
        user_roles roles0_ 
    where
        roles0_.user_id=?
Hibernate: 
    select
        user0_.id as id1_10_,
        user0_.created_at as created_2_10_,
        user0_.updated_at as updated_3_10_,
        user0_.age as age4_10_,
        user0_.background_image as backgrou5_10_,
        user0_.email as email6_10_,
        user0_.gender as gender7_10_,
        user0_.hobby as hobby8_10_,
        user0_.introduce as introduc9_10_,
        user0_.job as job10_10_,
        user0_.name as name11_10_,
        user0_.nick_name as nick_na12_10_,
        user0_.phone_num as phone_n13_10_,
        user0_.profile_image as profile14_10_,
        user0_.res_red_number as res_red15_10_,
        user0_.score as score16_10_ 
    from
        user user0_
Hibernate: 
    select
        roles0_.user_id as user_id1_11_0_,
        roles0_.roles as roles2_11_0_ 
    from
        user_roles roles0_ 
    where
        roles0_.user_id=?
Hibernate: 
    select
        roles0_.user_id as user_id1_11_0_,
        roles0_.roles as roles2_11_0_ 
    from
        user_roles roles0_ 
    where
        roles0_.user_id=?
Hibernate: 
    select
        roles0_.user_id as user_id1_11_0_,
        roles0_.roles as roles2_11_0_ 
    from
        user_roles roles0_ 
    where
        roles0_.user_id=?
Hibernate: 
    select
        roles0_.user_id as user_id1_11_0_,
        roles0_.roles as roles2_11_0_ 
    from
        user_roles roles0_ 
    where
        roles0_.user_id=?
Hibernate: 
    select
        roles0_.user_id as user_id1_11_0_,
        roles0_.roles as roles2_11_0_ 
    from
        user_roles roles0_ 
    where
        roles0_.user_id=?
Hibernate: 
    insert 
    into
        story_pin_like
        (created_at, updated_at, story_pin_id, user_id) 
    values
        (?, ?, ?, ?)
Hibernate: 
    insert 
    into
        story_pin_comment
        (created_at, updated_at, content, story_pin_id, user_id) 
    values
        (?, ?, ?, ?, ?)
Hibernate: 
    select
        user0_.id as id1_10_,
        user0_.created_at as created_2_10_,
        user0_.updated_at as updated_3_10_,
        user0_.age as age4_10_,
        user0_.background_image as backgrou5_10_,
        user0_.email as email6_10_,
        user0_.gender as gender7_10_,
        user0_.hobby as hobby8_10_,
        user0_.introduce as introduc9_10_,
        user0_.job as job10_10_,
        user0_.name as name11_10_,
        user0_.nick_name as nick_na12_10_,
        user0_.phone_num as phone_n13_10_,
        user0_.profile_image as profile14_10_,
        user0_.res_red_number as res_red15_10_,
        user0_.score as score16_10_ 
    from
        user user0_
Hibernate: 
    select
        roles0_.user_id as user_id1_11_0_,
        roles0_.roles as roles2_11_0_ 
    from
        user_roles roles0_ 
    where
        roles0_.user_id=?
Hibernate: 
    select
        roles0_.user_id as user_id1_11_0_,
        roles0_.roles as roles2_11_0_ 
    from
        user_roles roles0_ 
    where
        roles0_.user_id=?
Hibernate: 
    select
        roles0_.user_id as user_id1_11_0_,
        roles0_.roles as roles2_11_0_ 
    from
        user_roles roles0_ 
    where
        roles0_.user_id=?
Hibernate: 
    select
        roles0_.user_id as user_id1_11_0_,
        roles0_.roles as roles2_11_0_ 
    from
        user_roles roles0_ 
    where
        roles0_.user_id=?
Hibernate: 
    select
        roles0_.user_id as user_id1_11_0_,
        roles0_.roles as roles2_11_0_ 
    from
        user_roles roles0_ 
    where
        roles0_.user_id=?
Hibernate: 
    select
        user0_.id as id1_10_,
        user0_.created_at as created_2_10_,
        user0_.updated_at as updated_3_10_,
        user0_.age as age4_10_,
        user0_.background_image as backgrou5_10_,
        user0_.email as email6_10_,
        user0_.gender as gender7_10_,
        user0_.hobby as hobby8_10_,
        user0_.introduce as introduc9_10_,
        user0_.job as job10_10_,
        user0_.name as name11_10_,
        user0_.nick_name as nick_na12_10_,
        user0_.phone_num as phone_n13_10_,
        user0_.profile_image as profile14_10_,
        user0_.res_red_number as res_red15_10_,
        user0_.score as score16_10_ 
    from
        user user0_
Hibernate: 
    select
        roles0_.user_id as user_id1_11_0_,
        roles0_.roles as roles2_11_0_ 
    from
        user_roles roles0_ 
    where
        roles0_.user_id=?
Hibernate: 
    select
        roles0_.user_id as user_id1_11_0_,
        roles0_.roles as roles2_11_0_ 
    from
        user_roles roles0_ 
    where
        roles0_.user_id=?
Hibernate: 
    select
        roles0_.user_id as user_id1_11_0_,
        roles0_.roles as roles2_11_0_ 
    from
        user_roles roles0_ 
    where
        roles0_.user_id=?
Hibernate: 
    select
        roles0_.user_id as user_id1_11_0_,
        roles0_.roles as roles2_11_0_ 
    from
        user_roles roles0_ 
    where
        roles0_.user_id=?
Hibernate: 
    select
        roles0_.user_id as user_id1_11_0_,
        roles0_.roles as roles2_11_0_ 
    from
        user_roles roles0_ 
    where
        roles0_.user_id=?
Hibernate: 
    insert 
    into
        story_pin_like
        (created_at, updated_at, story_pin_id, user_id) 
    values
        (?, ?, ?, ?)
Hibernate: 
    insert 
    into
        story_pin_comment
        (created_at, updated_at, content, story_pin_id, user_id) 
    values
        (?, ?, ?, ?, ?)
Hibernate: 
    select
        user0_.id as id1_10_,
        user0_.created_at as created_2_10_,
        user0_.updated_at as updated_3_10_,
        user0_.age as age4_10_,
        user0_.background_image as backgrou5_10_,
        user0_.email as email6_10_,
        user0_.gender as gender7_10_,
        user0_.hobby as hobby8_10_,
        user0_.introduce as introduc9_10_,
        user0_.job as job10_10_,
        user0_.name as name11_10_,
        user0_.nick_name as nick_na12_10_,
        user0_.phone_num as phone_n13_10_,
        user0_.profile_image as profile14_10_,
        user0_.res_red_number as res_red15_10_,
        user0_.score as score16_10_ 
    from
        user user0_
Hibernate: 
    select
        roles0_.user_id as user_id1_11_0_,
        roles0_.roles as roles2_11_0_ 
    from
        user_roles roles0_ 
    where
        roles0_.user_id=?
Hibernate: 
    select
        roles0_.user_id as user_id1_11_0_,
        roles0_.roles as roles2_11_0_ 
    from
        user_roles roles0_ 
    where
        roles0_.user_id=?
Hibernate: 
    select
        roles0_.user_id as user_id1_11_0_,
        roles0_.roles as roles2_11_0_ 
    from
        user_roles roles0_ 
    where
        roles0_.user_id=?
Hibernate: 
    select
        roles0_.user_id as user_id1_11_0_,
        roles0_.roles as roles2_11_0_ 
    from
        user_roles roles0_ 
    where
        roles0_.user_id=?
Hibernate: 
    select
        roles0_.user_id as user_id1_11_0_,
        roles0_.roles as roles2_11_0_ 
    from
        user_roles roles0_ 
    where
        roles0_.user_id=?
Hibernate: 
    select
        user0_.id as id1_10_,
        user0_.created_at as created_2_10_,
        user0_.updated_at as updated_3_10_,
        user0_.age as age4_10_,
        user0_.background_image as backgrou5_10_,
        user0_.email as email6_10_,
        user0_.gender as gender7_10_,
        user0_.hobby as hobby8_10_,
        user0_.introduce as introduc9_10_,
        user0_.job as job10_10_,
        user0_.name as name11_10_,
        user0_.nick_name as nick_na12_10_,
        user0_.phone_num as phone_n13_10_,
        user0_.profile_image as profile14_10_,
        user0_.res_red_number as res_red15_10_,
        user0_.score as score16_10_ 
    from
        user user0_
Hibernate: 
    select
        roles0_.user_id as user_id1_11_0_,
        roles0_.roles as roles2_11_0_ 
    from
        user_roles roles0_ 
    where
        roles0_.user_id=?
Hibernate: 
    select
        roles0_.user_id as user_id1_11_0_,
        roles0_.roles as roles2_11_0_ 
    from
        user_roles roles0_ 
    where
        roles0_.user_id=?
Hibernate: 
    select
        roles0_.user_id as user_id1_11_0_,
        roles0_.roles as roles2_11_0_ 
    from
        user_roles roles0_ 
    where
        roles0_.user_id=?
Hibernate: 
    select
        roles0_.user_id as user_id1_11_0_,
        roles0_.roles as roles2_11_0_ 
    from
        user_roles roles0_ 
    where
        roles0_.user_id=?
Hibernate: 
    select
        roles0_.user_id as user_id1_11_0_,
        roles0_.roles as roles2_11_0_ 
    from
        user_roles roles0_ 
    where
        roles0_.user_id=?
Hibernate: 
    insert 
    into
        story_pin_like
        (created_at, updated_at, story_pin_id, user_id) 
    values
        (?, ?, ?, ?)
Hibernate: 
    insert 
    into
        story_pin_comment
        (created_at, updated_at, content, story_pin_id, user_id) 
    values
        (?, ?, ?, ?, ?)
Hibernate: 
    select
        user0_.id as id1_10_,
        user0_.created_at as created_2_10_,
        user0_.updated_at as updated_3_10_,
        user0_.age as age4_10_,
        user0_.background_image as backgrou5_10_,
        user0_.email as email6_10_,
        user0_.gender as gender7_10_,
        user0_.hobby as hobby8_10_,
        user0_.introduce as introduc9_10_,
        user0_.job as job10_10_,
        user0_.name as name11_10_,
        user0_.nick_name as nick_na12_10_,
        user0_.phone_num as phone_n13_10_,
        user0_.profile_image as profile14_10_,
        user0_.res_red_number as res_red15_10_,
        user0_.score as score16_10_ 
    from
        user user0_
Hibernate: 
    select
        roles0_.user_id as user_id1_11_0_,
        roles0_.roles as roles2_11_0_ 
    from
        user_roles roles0_ 
    where
        roles0_.user_id=?
Hibernate: 
    select
        roles0_.user_id as user_id1_11_0_,
        roles0_.roles as roles2_11_0_ 
    from
        user_roles roles0_ 
    where
        roles0_.user_id=?
Hibernate: 
    select
        roles0_.user_id as user_id1_11_0_,
        roles0_.roles as roles2_11_0_ 
    from
        user_roles roles0_ 
    where
        roles0_.user_id=?
Hibernate: 
    select
        roles0_.user_id as user_id1_11_0_,
        roles0_.roles as roles2_11_0_ 
    from
        user_roles roles0_ 
    where
        roles0_.user_id=?
Hibernate: 
    select
        roles0_.user_id as user_id1_11_0_,
        roles0_.roles as roles2_11_0_ 
    from
        user_roles roles0_ 
    where
        roles0_.user_id=?
Hibernate: 
    select
        user0_.id as id1_10_,
        user0_.created_at as created_2_10_,
        user0_.updated_at as updated_3_10_,
        user0_.age as age4_10_,
        user0_.background_image as backgrou5_10_,
        user0_.email as email6_10_,
        user0_.gender as gender7_10_,
        user0_.hobby as hobby8_10_,
        user0_.introduce as introduc9_10_,
        user0_.job as job10_10_,
        user0_.name as name11_10_,
        user0_.nick_name as nick_na12_10_,
        user0_.phone_num as phone_n13_10_,
        user0_.profile_image as profile14_10_,
        user0_.res_red_number as res_red15_10_,
        user0_.score as score16_10_ 
    from
        user user0_
Hibernate: 
    select
        roles0_.user_id as user_id1_11_0_,
        roles0_.roles as roles2_11_0_ 
    from
        user_roles roles0_ 
    where
        roles0_.user_id=?
Hibernate: 
    select
        roles0_.user_id as user_id1_11_0_,
        roles0_.roles as roles2_11_0_ 
    from
        user_roles roles0_ 
    where
        roles0_.user_id=?
Hibernate: 
    select
        roles0_.user_id as user_id1_11_0_,
        roles0_.roles as roles2_11_0_ 
    from
        user_roles roles0_ 
    where
        roles0_.user_id=?
Hibernate: 
    select
        roles0_.user_id as user_id1_11_0_,
        roles0_.roles as roles2_11_0_ 
    from
        user_roles roles0_ 
    where
        roles0_.user_id=?
Hibernate: 
    select
        roles0_.user_id as user_id1_11_0_,
        roles0_.roles as roles2_11_0_ 
    from
        user_roles roles0_ 
    where
        roles0_.user_id=?
Hibernate: 
    insert 
    into
        story_pin_like
        (created_at, updated_at, story_pin_id, user_id) 
    values
        (?, ?, ?, ?)
Hibernate: 
    insert 
    into
        story_pin_comment
        (created_at, updated_at, content, story_pin_id, user_id) 
    values
        (?, ?, ?, ?, ?)
Hibernate: 
    select
        user0_.id as id1_10_,
        user0_.created_at as created_2_10_,
        user0_.updated_at as updated_3_10_,
        user0_.age as age4_10_,
        user0_.background_image as backgrou5_10_,
        user0_.email as email6_10_,
        user0_.gender as gender7_10_,
        user0_.hobby as hobby8_10_,
        user0_.introduce as introduc9_10_,
        user0_.job as job10_10_,
        user0_.name as name11_10_,
        user0_.nick_name as nick_na12_10_,
        user0_.phone_num as phone_n13_10_,
        user0_.profile_image as profile14_10_,
        user0_.res_red_number as res_red15_10_,
        user0_.score as score16_10_ 
    from
        user user0_
Hibernate: 
    select
        roles0_.user_id as user_id1_11_0_,
        roles0_.roles as roles2_11_0_ 
    from
        user_roles roles0_ 
    where
        roles0_.user_id=?
Hibernate: 
    select
        roles0_.user_id as user_id1_11_0_,
        roles0_.roles as roles2_11_0_ 
    from
        user_roles roles0_ 
    where
        roles0_.user_id=?
Hibernate: 
    select
        roles0_.user_id as user_id1_11_0_,
        roles0_.roles as roles2_11_0_ 
    from
        user_roles roles0_ 
    where
        roles0_.user_id=?
Hibernate: 
    select
        roles0_.user_id as user_id1_11_0_,
        roles0_.roles as roles2_11_0_ 
    from
        user_roles roles0_ 
    where
        roles0_.user_id=?
Hibernate: 
    select
        roles0_.user_id as user_id1_11_0_,
        roles0_.roles as roles2_11_0_ 
    from
        user_roles roles0_ 
    where
        roles0_.user_id=?
Hibernate: 
    select
        user0_.id as id1_10_,
        user0_.created_at as created_2_10_,
        user0_.updated_at as updated_3_10_,
        user0_.age as age4_10_,
        user0_.background_image as backgrou5_10_,
        user0_.email as email6_10_,
        user0_.gender as gender7_10_,
        user0_.hobby as hobby8_10_,
        user0_.introduce as introduc9_10_,
        user0_.job as job10_10_,
        user0_.name as name11_10_,
        user0_.nick_name as nick_na12_10_,
        user0_.phone_num as phone_n13_10_,
        user0_.profile_image as profile14_10_,
        user0_.res_red_number as res_red15_10_,
        user0_.score as score16_10_ 
    from
        user user0_
Hibernate: 
    select
        roles0_.user_id as user_id1_11_0_,
        roles0_.roles as roles2_11_0_ 
    from
        user_roles roles0_ 
    where
        roles0_.user_id=?
Hibernate: 
    select
        roles0_.user_id as user_id1_11_0_,
        roles0_.roles as roles2_11_0_ 
    from
        user_roles roles0_ 
    where
        roles0_.user_id=?
Hibernate: 
    select
        roles0_.user_id as user_id1_11_0_,
        roles0_.roles as roles2_11_0_ 
    from
        user_roles roles0_ 
    where
        roles0_.user_id=?
Hibernate: 
    select
        roles0_.user_id as user_id1_11_0_,
        roles0_.roles as roles2_11_0_ 
    from
        user_roles roles0_ 
    where
        roles0_.user_id=?
Hibernate: 
    select
        roles0_.user_id as user_id1_11_0_,
        roles0_.roles as roles2_11_0_ 
    from
        user_roles roles0_ 
    where
        roles0_.user_id=?
Hibernate: 
    insert 
    into
        story_pin_like
        (created_at, updated_at, story_pin_id, user_id) 
    values
        (?, ?, ?, ?)
Hibernate: 
    insert 
    into
        story_pin_comment
        (created_at, updated_at, content, story_pin_id, user_id) 
    values
        (?, ?, ?, ?, ?)
Hibernate: 
    select
        user0_.id as id1_10_,
        user0_.created_at as created_2_10_,
        user0_.updated_at as updated_3_10_,
        user0_.age as age4_10_,
        user0_.background_image as backgrou5_10_,
        user0_.email as email6_10_,
        user0_.gender as gender7_10_,
        user0_.hobby as hobby8_10_,
        user0_.introduce as introduc9_10_,
        user0_.job as job10_10_,
        user0_.name as name11_10_,
        user0_.nick_name as nick_na12_10_,
        user0_.phone_num as phone_n13_10_,
        user0_.profile_image as profile14_10_,
        user0_.res_red_number as res_red15_10_,
        user0_.score as score16_10_ 
    from
        user user0_
Hibernate: 
    select
        roles0_.user_id as user_id1_11_0_,
        roles0_.roles as roles2_11_0_ 
    from
        user_roles roles0_ 
    where
        roles0_.user_id=?
Hibernate: 
    select
        roles0_.user_id as user_id1_11_0_,
        roles0_.roles as roles2_11_0_ 
    from
        user_roles roles0_ 
    where
        roles0_.user_id=?
Hibernate: 
    select
        roles0_.user_id as user_id1_11_0_,
        roles0_.roles as roles2_11_0_ 
    from
        user_roles roles0_ 
    where
        roles0_.user_id=?
Hibernate: 
    select
        roles0_.user_id as user_id1_11_0_,
        roles0_.roles as roles2_11_0_ 
    from
        user_roles roles0_ 
    where
        roles0_.user_id=?
Hibernate: 
    select
        roles0_.user_id as user_id1_11_0_,
        roles0_.roles as roles2_11_0_ 
    from
        user_roles roles0_ 
    where
        roles0_.user_id=?
Hibernate: 
    select
        user0_.id as id1_10_,
        user0_.created_at as created_2_10_,
        user0_.updated_at as updated_3_10_,
        user0_.age as age4_10_,
        user0_.background_image as backgrou5_10_,
        user0_.email as email6_10_,
        user0_.gender as gender7_10_,
        user0_.hobby as hobby8_10_,
        user0_.introduce as introduc9_10_,
        user0_.job as job10_10_,
        user0_.name as name11_10_,
        user0_.nick_name as nick_na12_10_,
        user0_.phone_num as phone_n13_10_,
        user0_.profile_image as profile14_10_,
        user0_.res_red_number as res_red15_10_,
        user0_.score as score16_10_ 
    from
        user user0_
Hibernate: 
    select
        roles0_.user_id as user_id1_11_0_,
        roles0_.roles as roles2_11_0_ 
    from
        user_roles roles0_ 
    where
        roles0_.user_id=?
Hibernate: 
    select
        roles0_.user_id as user_id1_11_0_,
        roles0_.roles as roles2_11_0_ 
    from
        user_roles roles0_ 
    where
        roles0_.user_id=?
Hibernate: 
    select
        roles0_.user_id as user_id1_11_0_,
        roles0_.roles as roles2_11_0_ 
    from
        user_roles roles0_ 
    where
        roles0_.user_id=?
Hibernate: 
    select
        roles0_.user_id as user_id1_11_0_,
        roles0_.roles as roles2_11_0_ 
    from
        user_roles roles0_ 
    where
        roles0_.user_id=?
Hibernate: 
    select
        roles0_.user_id as user_id1_11_0_,
        roles0_.roles as roles2_11_0_ 
    from
        user_roles roles0_ 
    where
        roles0_.user_id=?
Hibernate: 
    insert 
    into
        story_pin_like
        (created_at, updated_at, story_pin_id, user_id) 
    values
        (?, ?, ?, ?)
Hibernate: 
    insert 
    into
        story_pin_comment
        (created_at, updated_at, content, story_pin_id, user_id) 
    values
        (?, ?, ?, ?, ?)
Hibernate: 
    select
        user0_.id as id1_10_,
        user0_.created_at as created_2_10_,
        user0_.updated_at as updated_3_10_,
        user0_.age as age4_10_,
        user0_.background_image as backgrou5_10_,
        user0_.email as email6_10_,
        user0_.gender as gender7_10_,
        user0_.hobby as hobby8_10_,
        user0_.introduce as introduc9_10_,
        user0_.job as job10_10_,
        user0_.name as name11_10_,
        user0_.nick_name as nick_na12_10_,
        user0_.phone_num as phone_n13_10_,
        user0_.profile_image as profile14_10_,
        user0_.res_red_number as res_red15_10_,
        user0_.score as score16_10_ 
    from
        user user0_
Hibernate: 
    select
        roles0_.user_id as user_id1_11_0_,
        roles0_.roles as roles2_11_0_ 
    from
        user_roles roles0_ 
    where
        roles0_.user_id=?
Hibernate: 
    select
        roles0_.user_id as user_id1_11_0_,
        roles0_.roles as roles2_11_0_ 
    from
        user_roles roles0_ 
    where
        roles0_.user_id=?
Hibernate: 
    select
        roles0_.user_id as user_id1_11_0_,
        roles0_.roles as roles2_11_0_ 
    from
        user_roles roles0_ 
    where
        roles0_.user_id=?
Hibernate: 
    select
        roles0_.user_id as user_id1_11_0_,
        roles0_.roles as roles2_11_0_ 
    from
        user_roles roles0_ 
    where
        roles0_.user_id=?
Hibernate: 
    select
        roles0_.user_id as user_id1_11_0_,
        roles0_.roles as roles2_11_0_ 
    from
        user_roles roles0_ 
    where
        roles0_.user_id=?
Hibernate: 
    select
        user0_.id as id1_10_,
        user0_.created_at as created_2_10_,
        user0_.updated_at as updated_3_10_,
        user0_.age as age4_10_,
        user0_.background_image as backgrou5_10_,
        user0_.email as email6_10_,
        user0_.gender as gender7_10_,
        user0_.hobby as hobby8_10_,
        user0_.introduce as introduc9_10_,
        user0_.job as job10_10_,
        user0_.name as name11_10_,
        user0_.nick_name as nick_na12_10_,
        user0_.phone_num as phone_n13_10_,
        user0_.profile_image as profile14_10_,
        user0_.res_red_number as res_red15_10_,
        user0_.score as score16_10_ 
    from
        user user0_
Hibernate: 
    select
        roles0_.user_id as user_id1_11_0_,
        roles0_.roles as roles2_11_0_ 
    from
        user_roles roles0_ 
    where
        roles0_.user_id=?
Hibernate: 
    select
        roles0_.user_id as user_id1_11_0_,
        roles0_.roles as roles2_11_0_ 
    from
        user_roles roles0_ 
    where
        roles0_.user_id=?
Hibernate: 
    select
        roles0_.user_id as user_id1_11_0_,
        roles0_.roles as roles2_11_0_ 
    from
        user_roles roles0_ 
    where
        roles0_.user_id=?
Hibernate: 
    select
        roles0_.user_id as user_id1_11_0_,
        roles0_.roles as roles2_11_0_ 
    from
        user_roles roles0_ 
    where
        roles0_.user_id=?
Hibernate: 
    select
        roles0_.user_id as user_id1_11_0_,
        roles0_.roles as roles2_11_0_ 
    from
        user_roles roles0_ 
    where
        roles0_.user_id=?
Hibernate: 
    insert 
    into
        story_pin_like
        (created_at, updated_at, story_pin_id, user_id) 
    values
        (?, ?, ?, ?)
Hibernate: 
    insert 
    into
        story_pin_comment
        (created_at, updated_at, content, story_pin_id, user_id) 
    values
        (?, ?, ?, ?, ?)
Hibernate: 
    select
        user0_.id as id1_10_,
        user0_.created_at as created_2_10_,
        user0_.updated_at as updated_3_10_,
        user0_.age as age4_10_,
        user0_.background_image as backgrou5_10_,
        user0_.email as email6_10_,
        user0_.gender as gender7_10_,
        user0_.hobby as hobby8_10_,
        user0_.introduce as introduc9_10_,
        user0_.job as job10_10_,
        user0_.name as name11_10_,
        user0_.nick_name as nick_na12_10_,
        user0_.phone_num as phone_n13_10_,
        user0_.profile_image as profile14_10_,
        user0_.res_red_number as res_red15_10_,
        user0_.score as score16_10_ 
    from
        user user0_
Hibernate: 
    select
        roles0_.user_id as user_id1_11_0_,
        roles0_.roles as roles2_11_0_ 
    from
        user_roles roles0_ 
    where
        roles0_.user_id=?
Hibernate: 
    select
        roles0_.user_id as user_id1_11_0_,
        roles0_.roles as roles2_11_0_ 
    from
        user_roles roles0_ 
    where
        roles0_.user_id=?
Hibernate: 
    select
        roles0_.user_id as user_id1_11_0_,
        roles0_.roles as roles2_11_0_ 
    from
        user_roles roles0_ 
    where
        roles0_.user_id=?
Hibernate: 
    select
        roles0_.user_id as user_id1_11_0_,
        roles0_.roles as roles2_11_0_ 
    from
        user_roles roles0_ 
    where
        roles0_.user_id=?
Hibernate: 
    select
        roles0_.user_id as user_id1_11_0_,
        roles0_.roles as roles2_11_0_ 
    from
        user_roles roles0_ 
    where
        roles0_.user_id=?
Hibernate: 
    select
        user0_.id as id1_10_,
        user0_.created_at as created_2_10_,
        user0_.updated_at as updated_3_10_,
        user0_.age as age4_10_,
        user0_.background_image as backgrou5_10_,
        user0_.email as email6_10_,
        user0_.gender as gender7_10_,
        user0_.hobby as hobby8_10_,
        user0_.introduce as introduc9_10_,
        user0_.job as job10_10_,
        user0_.name as name11_10_,
        user0_.nick_name as nick_na12_10_,
        user0_.phone_num as phone_n13_10_,
        user0_.profile_image as profile14_10_,
        user0_.res_red_number as res_red15_10_,
        user0_.score as score16_10_ 
    from
        user user0_
Hibernate: 
    select
        roles0_.user_id as user_id1_11_0_,
        roles0_.roles as roles2_11_0_ 
    from
        user_roles roles0_ 
    where
        roles0_.user_id=?
Hibernate: 
    select
        roles0_.user_id as user_id1_11_0_,
        roles0_.roles as roles2_11_0_ 
    from
        user_roles roles0_ 
    where
        roles0_.user_id=?
Hibernate: 
    select
        roles0_.user_id as user_id1_11_0_,
        roles0_.roles as roles2_11_0_ 
    from
        user_roles roles0_ 
    where
        roles0_.user_id=?
Hibernate: 
    select
        roles0_.user_id as user_id1_11_0_,
        roles0_.roles as roles2_11_0_ 
    from
        user_roles roles0_ 
    where
        roles0_.user_id=?
Hibernate: 
    select
        roles0_.user_id as user_id1_11_0_,
        roles0_.roles as roles2_11_0_ 
    from
        user_roles roles0_ 
    where
        roles0_.user_id=?
Hibernate: 
    insert 
    into
        story_pin_like
        (created_at, updated_at, story_pin_id, user_id) 
    values
        (?, ?, ?, ?)
Hibernate: 
    insert 
    into
        story_pin_comment
        (created_at, updated_at, content, story_pin_id, user_id) 
    values
        (?, ?, ?, ?, ?)
Hibernate: 
    select
        user0_.id as id1_10_,
        user0_.created_at as created_2_10_,
        user0_.updated_at as updated_3_10_,
        user0_.age as age4_10_,
        user0_.background_image as backgrou5_10_,
        user0_.email as email6_10_,
        user0_.gender as gender7_10_,
        user0_.hobby as hobby8_10_,
        user0_.introduce as introduc9_10_,
        user0_.job as job10_10_,
        user0_.name as name11_10_,
        user0_.nick_name as nick_na12_10_,
        user0_.phone_num as phone_n13_10_,
        user0_.profile_image as profile14_10_,
        user0_.res_red_number as res_red15_10_,
        user0_.score as score16_10_ 
    from
        user user0_
Hibernate: 
    select
        roles0_.user_id as user_id1_11_0_,
        roles0_.roles as roles2_11_0_ 
    from
        user_roles roles0_ 
    where
        roles0_.user_id=?
Hibernate: 
    select
        roles0_.user_id as user_id1_11_0_,
        roles0_.roles as roles2_11_0_ 
    from
        user_roles roles0_ 
    where
        roles0_.user_id=?
Hibernate: 
    select
        roles0_.user_id as user_id1_11_0_,
        roles0_.roles as roles2_11_0_ 
    from
        user_roles roles0_ 
    where
        roles0_.user_id=?
Hibernate: 
    select
        roles0_.user_id as user_id1_11_0_,
        roles0_.roles as roles2_11_0_ 
    from
        user_roles roles0_ 
    where
        roles0_.user_id=?
Hibernate: 
    select
        roles0_.user_id as user_id1_11_0_,
        roles0_.roles as roles2_11_0_ 
    from
        user_roles roles0_ 
    where
        roles0_.user_id=?
Hibernate: 
    select
        user0_.id as id1_10_,
        user0_.created_at as created_2_10_,
        user0_.updated_at as updated_3_10_,
        user0_.age as age4_10_,
        user0_.background_image as backgrou5_10_,
        user0_.email as email6_10_,
        user0_.gender as gender7_10_,
        user0_.hobby as hobby8_10_,
        user0_.introduce as introduc9_10_,
        user0_.job as job10_10_,
        user0_.name as name11_10_,
        user0_.nick_name as nick_na12_10_,
        user0_.phone_num as phone_n13_10_,
        user0_.profile_image as profile14_10_,
        user0_.res_red_number as res_red15_10_,
        user0_.score as score16_10_ 
    from
        user user0_
Hibernate: 
    select
        roles0_.user_id as user_id1_11_0_,
        roles0_.roles as roles2_11_0_ 
    from
        user_roles roles0_ 
    where
        roles0_.user_id=?
Hibernate: 
    select
        roles0_.user_id as user_id1_11_0_,
        roles0_.roles as roles2_11_0_ 
    from
        user_roles roles0_ 
    where
        roles0_.user_id=?
Hibernate: 
    select
        roles0_.user_id as user_id1_11_0_,
        roles0_.roles as roles2_11_0_ 
    from
        user_roles roles0_ 
    where
        roles0_.user_id=?
Hibernate: 
    select
        roles0_.user_id as user_id1_11_0_,
        roles0_.roles as roles2_11_0_ 
    from
        user_roles roles0_ 
    where
        roles0_.user_id=?
Hibernate: 
    select
        roles0_.user_id as user_id1_11_0_,
        roles0_.roles as roles2_11_0_ 
    from
        user_roles roles0_ 
    where
        roles0_.user_id=?
Hibernate: 
    insert 
    into
        story_pin_like
        (created_at, updated_at, story_pin_id, user_id) 
    values
        (?, ?, ?, ?)
Hibernate: 
    insert 
    into
        story_pin_comment
        (created_at, updated_at, content, story_pin_id, user_id) 
    values
        (?, ?, ?, ?, ?)
Hibernate: 
    select
        user0_.id as id1_10_,
        user0_.created_at as created_2_10_,
        user0_.updated_at as updated_3_10_,
        user0_.age as age4_10_,
        user0_.background_image as backgrou5_10_,
        user0_.email as email6_10_,
        user0_.gender as gender7_10_,
        user0_.hobby as hobby8_10_,
        user0_.introduce as introduc9_10_,
        user0_.job as job10_10_,
        user0_.name as name11_10_,
        user0_.nick_name as nick_na12_10_,
        user0_.phone_num as phone_n13_10_,
        user0_.profile_image as profile14_10_,
        user0_.res_red_number as res_red15_10_,
        user0_.score as score16_10_ 
    from
        user user0_
Hibernate: 
    select
        roles0_.user_id as user_id1_11_0_,
        roles0_.roles as roles2_11_0_ 
    from
        user_roles roles0_ 
    where
        roles0_.user_id=?
Hibernate: 
    select
        roles0_.user_id as user_id1_11_0_,
        roles0_.roles as roles2_11_0_ 
    from
        user_roles roles0_ 
    where
        roles0_.user_id=?
Hibernate: 
    select
        roles0_.user_id as user_id1_11_0_,
        roles0_.roles as roles2_11_0_ 
    from
        user_roles roles0_ 
    where
        roles0_.user_id=?
Hibernate: 
    select
        roles0_.user_id as user_id1_11_0_,
        roles0_.roles as roles2_11_0_ 
    from
        user_roles roles0_ 
    where
        roles0_.user_id=?
Hibernate: 
    select
        roles0_.user_id as user_id1_11_0_,
        roles0_.roles as roles2_11_0_ 
    from
        user_roles roles0_ 
    where
        roles0_.user_id=?
Hibernate: 
    select
        user0_.id as id1_10_,
        user0_.created_at as created_2_10_,
        user0_.updated_at as updated_3_10_,
        user0_.age as age4_10_,
        user0_.background_image as backgrou5_10_,
        user0_.email as email6_10_,
        user0_.gender as gender7_10_,
        user0_.hobby as hobby8_10_,
        user0_.introduce as introduc9_10_,
        user0_.job as job10_10_,
        user0_.name as name11_10_,
        user0_.nick_name as nick_na12_10_,
        user0_.phone_num as phone_n13_10_,
        user0_.profile_image as profile14_10_,
        user0_.res_red_number as res_red15_10_,
        user0_.score as score16_10_ 
    from
        user user0_
Hibernate: 
    select
        roles0_.user_id as user_id1_11_0_,
        roles0_.roles as roles2_11_0_ 
    from
        user_roles roles0_ 
    where
        roles0_.user_id=?
Hibernate: 
    select
        roles0_.user_id as user_id1_11_0_,
        roles0_.roles as roles2_11_0_ 
    from
        user_roles roles0_ 
    where
        roles0_.user_id=?
Hibernate: 
    select
        roles0_.user_id as user_id1_11_0_,
        roles0_.roles as roles2_11_0_ 
    from
        user_roles roles0_ 
    where
        roles0_.user_id=?
Hibernate: 
    select
        roles0_.user_id as user_id1_11_0_,
        roles0_.roles as roles2_11_0_ 
    from
        user_roles roles0_ 
    where
        roles0_.user_id=?
Hibernate: 
    select
        roles0_.user_id as user_id1_11_0_,
        roles0_.roles as roles2_11_0_ 
    from
        user_roles roles0_ 
    where
        roles0_.user_id=?
Hibernate: 
    insert 
    into
        story_pin_like
        (created_at, updated_at, story_pin_id, user_id) 
    values
        (?, ?, ?, ?)
Hibernate: 
    insert 
    into
        story_pin_comment
        (created_at, updated_at, content, story_pin_id, user_id) 
    values
        (?, ?, ?, ?, ?)
Hibernate: 
    select
        user0_.id as id1_10_,
        user0_.created_at as created_2_10_,
        user0_.updated_at as updated_3_10_,
        user0_.age as age4_10_,
        user0_.background_image as backgrou5_10_,
        user0_.email as email6_10_,
        user0_.gender as gender7_10_,
        user0_.hobby as hobby8_10_,
        user0_.introduce as introduc9_10_,
        user0_.job as job10_10_,
        user0_.name as name11_10_,
        user0_.nick_name as nick_na12_10_,
        user0_.phone_num as phone_n13_10_,
        user0_.profile_image as profile14_10_,
        user0_.res_red_number as res_red15_10_,
        user0_.score as score16_10_ 
    from
        user user0_
Hibernate: 
    select
        roles0_.user_id as user_id1_11_0_,
        roles0_.roles as roles2_11_0_ 
    from
        user_roles roles0_ 
    where
        roles0_.user_id=?
Hibernate: 
    select
        roles0_.user_id as user_id1_11_0_,
        roles0_.roles as roles2_11_0_ 
    from
        user_roles roles0_ 
    where
        roles0_.user_id=?
Hibernate: 
    select
        roles0_.user_id as user_id1_11_0_,
        roles0_.roles as roles2_11_0_ 
    from
        user_roles roles0_ 
    where
        roles0_.user_id=?
Hibernate: 
    select
        roles0_.user_id as user_id1_11_0_,
        roles0_.roles as roles2_11_0_ 
    from
        user_roles roles0_ 
    where
        roles0_.user_id=?
Hibernate: 
    select
        roles0_.user_id as user_id1_11_0_,
        roles0_.roles as roles2_11_0_ 
    from
        user_roles roles0_ 
    where
        roles0_.user_id=?
Hibernate: 
    select
        user0_.id as id1_10_,
        user0_.created_at as created_2_10_,
        user0_.updated_at as updated_3_10_,
        user0_.age as age4_10_,
        user0_.background_image as backgrou5_10_,
        user0_.email as email6_10_,
        user0_.gender as gender7_10_,
        user0_.hobby as hobby8_10_,
        user0_.introduce as introduc9_10_,
        user0_.job as job10_10_,
        user0_.name as name11_10_,
        user0_.nick_name as nick_na12_10_,
        user0_.phone_num as phone_n13_10_,
        user0_.profile_image as profile14_10_,
        user0_.res_red_number as res_red15_10_,
        user0_.score as score16_10_ 
    from
        user user0_
Hibernate: 
    select
        roles0_.user_id as user_id1_11_0_,
        roles0_.roles as roles2_11_0_ 
    from
        user_roles roles0_ 
    where
        roles0_.user_id=?
Hibernate: 
    select
        roles0_.user_id as user_id1_11_0_,
        roles0_.roles as roles2_11_0_ 
    from
        user_roles roles0_ 
    where
        roles0_.user_id=?
Hibernate: 
    select
        roles0_.user_id as user_id1_11_0_,
        roles0_.roles as roles2_11_0_ 
    from
        user_roles roles0_ 
    where
        roles0_.user_id=?
Hibernate: 
    select
        roles0_.user_id as user_id1_11_0_,
        roles0_.roles as roles2_11_0_ 
    from
        user_roles roles0_ 
    where
        roles0_.user_id=?
Hibernate: 
    select
        roles0_.user_id as user_id1_11_0_,
        roles0_.roles as roles2_11_0_ 
    from
        user_roles roles0_ 
    where
        roles0_.user_id=?
Hibernate: 
    insert 
    into
        story_pin_like
        (created_at, updated_at, story_pin_id, user_id) 
    values
        (?, ?, ?, ?)
Hibernate: 
    insert 
    into
        story_pin_comment
        (created_at, updated_at, content, story_pin_id, user_id) 
    values
        (?, ?, ?, ?, ?)
Hibernate: 
    select
        user0_.id as id1_10_,
        user0_.created_at as created_2_10_,
        user0_.updated_at as updated_3_10_,
        user0_.age as age4_10_,
        user0_.background_image as backgrou5_10_,
        user0_.email as email6_10_,
        user0_.gender as gender7_10_,
        user0_.hobby as hobby8_10_,
        user0_.introduce as introduc9_10_,
        user0_.job as job10_10_,
        user0_.name as name11_10_,
        user0_.nick_name as nick_na12_10_,
        user0_.phone_num as phone_n13_10_,
        user0_.profile_image as profile14_10_,
        user0_.res_red_number as res_red15_10_,
        user0_.score as score16_10_ 
    from
        user user0_
Hibernate: 
    select
        roles0_.user_id as user_id1_11_0_,
        roles0_.roles as roles2_11_0_ 
    from
        user_roles roles0_ 
    where
        roles0_.user_id=?
Hibernate: 
    select
        roles0_.user_id as user_id1_11_0_,
        roles0_.roles as roles2_11_0_ 
    from
        user_roles roles0_ 
    where
        roles0_.user_id=?
Hibernate: 
    select
        roles0_.user_id as user_id1_11_0_,
        roles0_.roles as roles2_11_0_ 
    from
        user_roles roles0_ 
    where
        roles0_.user_id=?
Hibernate: 
    select
        roles0_.user_id as user_id1_11_0_,
        roles0_.roles as roles2_11_0_ 
    from
        user_roles roles0_ 
    where
        roles0_.user_id=?
Hibernate: 
    select
        roles0_.user_id as user_id1_11_0_,
        roles0_.roles as roles2_11_0_ 
    from
        user_roles roles0_ 
    where
        roles0_.user_id=?
Hibernate: 
    select
        user0_.id as id1_10_,
        user0_.created_at as created_2_10_,
        user0_.updated_at as updated_3_10_,
        user0_.age as age4_10_,
        user0_.background_image as backgrou5_10_,
        user0_.email as email6_10_,
        user0_.gender as gender7_10_,
        user0_.hobby as hobby8_10_,
        user0_.introduce as introduc9_10_,
        user0_.job as job10_10_,
        user0_.name as name11_10_,
        user0_.nick_name as nick_na12_10_,
        user0_.phone_num as phone_n13_10_,
        user0_.profile_image as profile14_10_,
        user0_.res_red_number as res_red15_10_,
        user0_.score as score16_10_ 
    from
        user user0_
Hibernate: 
    select
        roles0_.user_id as user_id1_11_0_,
        roles0_.roles as roles2_11_0_ 
    from
        user_roles roles0_ 
    where
        roles0_.user_id=?
Hibernate: 
    select
        roles0_.user_id as user_id1_11_0_,
        roles0_.roles as roles2_11_0_ 
    from
        user_roles roles0_ 
    where
        roles0_.user_id=?
Hibernate: 
    select
        roles0_.user_id as user_id1_11_0_,
        roles0_.roles as roles2_11_0_ 
    from
        user_roles roles0_ 
    where
        roles0_.user_id=?
Hibernate: 
    select
        roles0_.user_id as user_id1_11_0_,
        roles0_.roles as roles2_11_0_ 
    from
        user_roles roles0_ 
    where
        roles0_.user_id=?
Hibernate: 
    select
        roles0_.user_id as user_id1_11_0_,
        roles0_.roles as roles2_11_0_ 
    from
        user_roles roles0_ 
    where
        roles0_.user_id=?
Hibernate: 
    insert 
    into
        story_pin_like
        (created_at, updated_at, story_pin_id, user_id) 
    values
        (?, ?, ?, ?)
Hibernate: 
    insert 
    into
        story_pin_comment
        (created_at, updated_at, content, story_pin_id, user_id) 
    values
        (?, ?, ?, ?, ?)
Hibernate: 
    select
        user0_.id as id1_10_,
        user0_.created_at as created_2_10_,
        user0_.updated_at as updated_3_10_,
        user0_.age as age4_10_,
        user0_.background_image as backgrou5_10_,
        user0_.email as email6_10_,
        user0_.gender as gender7_10_,
        user0_.hobby as hobby8_10_,
        user0_.introduce as introduc9_10_,
        user0_.job as job10_10_,
        user0_.name as name11_10_,
        user0_.nick_name as nick_na12_10_,
        user0_.phone_num as phone_n13_10_,
        user0_.profile_image as profile14_10_,
        user0_.res_red_number as res_red15_10_,
        user0_.score as score16_10_ 
    from
        user user0_
Hibernate: 
    select
        roles0_.user_id as user_id1_11_0_,
        roles0_.roles as roles2_11_0_ 
    from
        user_roles roles0_ 
    where
        roles0_.user_id=?
Hibernate: 
    select
        roles0_.user_id as user_id1_11_0_,
        roles0_.roles as roles2_11_0_ 
    from
        user_roles roles0_ 
    where
        roles0_.user_id=?
Hibernate: 
    select
        roles0_.user_id as user_id1_11_0_,
        roles0_.roles as roles2_11_0_ 
    from
        user_roles roles0_ 
    where
        roles0_.user_id=?
Hibernate: 
    select
        roles0_.user_id as user_id1_11_0_,
        roles0_.roles as roles2_11_0_ 
    from
        user_roles roles0_ 
    where
        roles0_.user_id=?
Hibernate: 
    select
        roles0_.user_id as user_id1_11_0_,
        roles0_.roles as roles2_11_0_ 
    from
        user_roles roles0_ 
    where
        roles0_.user_id=?
Hibernate: 
    select
        user0_.id as id1_10_,
        user0_.created_at as created_2_10_,
        user0_.updated_at as updated_3_10_,
        user0_.age as age4_10_,
        user0_.background_image as backgrou5_10_,
        user0_.email as email6_10_,
        user0_.gender as gender7_10_,
        user0_.hobby as hobby8_10_,
        user0_.introduce as introduc9_10_,
        user0_.job as job10_10_,
        user0_.name as name11_10_,
        user0_.nick_name as nick_na12_10_,
        user0_.phone_num as phone_n13_10_,
        user0_.profile_image as profile14_10_,
        user0_.res_red_number as res_red15_10_,
        user0_.score as score16_10_ 
    from
        user user0_
Hibernate: 
    select
        roles0_.user_id as user_id1_11_0_,
        roles0_.roles as roles2_11_0_ 
    from
        user_roles roles0_ 
    where
        roles0_.user_id=?
Hibernate: 
    select
        roles0_.user_id as user_id1_11_0_,
        roles0_.roles as roles2_11_0_ 
    from
        user_roles roles0_ 
    where
        roles0_.user_id=?
Hibernate: 
    select
        roles0_.user_id as user_id1_11_0_,
        roles0_.roles as roles2_11_0_ 
    from
        user_roles roles0_ 
    where
        roles0_.user_id=?
Hibernate: 
    select
        roles0_.user_id as user_id1_11_0_,
        roles0_.roles as roles2_11_0_ 
    from
        user_roles roles0_ 
    where
        roles0_.user_id=?
Hibernate: 
    select
        roles0_.user_id as user_id1_11_0_,
        roles0_.roles as roles2_11_0_ 
    from
        user_roles roles0_ 
    where
        roles0_.user_id=?
Hibernate: 
    insert 
    into
        story_pin_like
        (created_at, updated_at, story_pin_id, user_id) 
    values
        (?, ?, ?, ?)
Hibernate: 
    insert 
    into
        story_pin_comment
        (created_at, updated_at, content, story_pin_id, user_id) 
    values
        (?, ?, ?, ?, ?)
Hibernate: 
    select
        user0_.id as id1_10_,
        user0_.created_at as created_2_10_,
        user0_.updated_at as updated_3_10_,
        user0_.age as age4_10_,
        user0_.background_image as backgrou5_10_,
        user0_.email as email6_10_,
        user0_.gender as gender7_10_,
        user0_.hobby as hobby8_10_,
        user0_.introduce as introduc9_10_,
        user0_.job as job10_10_,
        user0_.name as name11_10_,
        user0_.nick_name as nick_na12_10_,
        user0_.phone_num as phone_n13_10_,
        user0_.profile_image as profile14_10_,
        user0_.res_red_number as res_red15_10_,
        user0_.score as score16_10_ 
    from
        user user0_
Hibernate: 
    select
        roles0_.user_id as user_id1_11_0_,
        roles0_.roles as roles2_11_0_ 
    from
        user_roles roles0_ 
    where
        roles0_.user_id=?
Hibernate: 
    select
        roles0_.user_id as user_id1_11_0_,
        roles0_.roles as roles2_11_0_ 
    from
        user_roles roles0_ 
    where
        roles0_.user_id=?
Hibernate: 
    select
        roles0_.user_id as user_id1_11_0_,
        roles0_.roles as roles2_11_0_ 
    from
        user_roles roles0_ 
    where
        roles0_.user_id=?
Hibernate: 
    select
        roles0_.user_id as user_id1_11_0_,
        roles0_.roles as roles2_11_0_ 
    from
        user_roles roles0_ 
    where
        roles0_.user_id=?
Hibernate: 
    select
        roles0_.user_id as user_id1_11_0_,
        roles0_.roles as roles2_11_0_ 
    from
        user_roles roles0_ 
    where
        roles0_.user_id=?
Hibernate: 
    select
        user0_.id as id1_10_,
        user0_.created_at as created_2_10_,
        user0_.updated_at as updated_3_10_,
        user0_.age as age4_10_,
        user0_.background_image as backgrou5_10_,
        user0_.email as email6_10_,
        user0_.gender as gender7_10_,
        user0_.hobby as hobby8_10_,
        user0_.introduce as introduc9_10_,
        user0_.job as job10_10_,
        user0_.name as name11_10_,
        user0_.nick_name as nick_na12_10_,
        user0_.phone_num as phone_n13_10_,
        user0_.profile_image as profile14_10_,
        user0_.res_red_number as res_red15_10_,
        user0_.score as score16_10_ 
    from
        user user0_
Hibernate: 
    select
        roles0_.user_id as user_id1_11_0_,
        roles0_.roles as roles2_11_0_ 
    from
        user_roles roles0_ 
    where
        roles0_.user_id=?
Hibernate: 
    select
        roles0_.user_id as user_id1_11_0_,
        roles0_.roles as roles2_11_0_ 
    from
        user_roles roles0_ 
    where
        roles0_.user_id=?
Hibernate: 
    select
        roles0_.user_id as user_id1_11_0_,
        roles0_.roles as roles2_11_0_ 
    from
        user_roles roles0_ 
    where
        roles0_.user_id=?
Hibernate: 
    select
        roles0_.user_id as user_id1_11_0_,
        roles0_.roles as roles2_11_0_ 
    from
        user_roles roles0_ 
    where
        roles0_.user_id=?
Hibernate: 
    select
        roles0_.user_id as user_id1_11_0_,
        roles0_.roles as roles2_11_0_ 
    from
        user_roles roles0_ 
    where
        roles0_.user_id=?
Hibernate: 
    insert 
    into
        story_pin_like
        (created_at, updated_at, story_pin_id, user_id) 
    values
        (?, ?, ?, ?)
Hibernate: 
    insert 
    into
        story_pin_comment
        (created_at, updated_at, content, story_pin_id, user_id) 
    values
        (?, ?, ?, ?, ?)
Hibernate: 
    select
        user0_.id as id1_10_,
        user0_.created_at as created_2_10_,
        user0_.updated_at as updated_3_10_,
        user0_.age as age4_10_,
        user0_.background_image as backgrou5_10_,
        user0_.email as email6_10_,
        user0_.gender as gender7_10_,
        user0_.hobby as hobby8_10_,
        user0_.introduce as introduc9_10_,
        user0_.job as job10_10_,
        user0_.name as name11_10_,
        user0_.nick_name as nick_na12_10_,
        user0_.phone_num as phone_n13_10_,
        user0_.profile_image as profile14_10_,
        user0_.res_red_number as res_red15_10_,
        user0_.score as score16_10_ 
    from
        user user0_
Hibernate: 
    select
        roles0_.user_id as user_id1_11_0_,
        roles0_.roles as roles2_11_0_ 
    from
        user_roles roles0_ 
    where
        roles0_.user_id=?
Hibernate: 
    select
        roles0_.user_id as user_id1_11_0_,
        roles0_.roles as roles2_11_0_ 
    from
        user_roles roles0_ 
    where
        roles0_.user_id=?
Hibernate: 
    select
        roles0_.user_id as user_id1_11_0_,
        roles0_.roles as roles2_11_0_ 
    from
        user_roles roles0_ 
    where
        roles0_.user_id=?
Hibernate: 
    select
        roles0_.user_id as user_id1_11_0_,
        roles0_.roles as roles2_11_0_ 
    from
        user_roles roles0_ 
    where
        roles0_.user_id=?
Hibernate: 
    select
        roles0_.user_id as user_id1_11_0_,
        roles0_.roles as roles2_11_0_ 
    from
        user_roles roles0_ 
    where
        roles0_.user_id=?
Hibernate: 
    select
        user0_.id as id1_10_,
        user0_.created_at as created_2_10_,
        user0_.updated_at as updated_3_10_,
        user0_.age as age4_10_,
        user0_.background_image as backgrou5_10_,
        user0_.email as email6_10_,
        user0_.gender as gender7_10_,
        user0_.hobby as hobby8_10_,
        user0_.introduce as introduc9_10_,
        user0_.job as job10_10_,
        user0_.name as name11_10_,
        user0_.nick_name as nick_na12_10_,
        user0_.phone_num as phone_n13_10_,
        user0_.profile_image as profile14_10_,
        user0_.res_red_number as res_red15_10_,
        user0_.score as score16_10_ 
    from
        user user0_
Hibernate: 
    select
        roles0_.user_id as user_id1_11_0_,
        roles0_.roles as roles2_11_0_ 
    from
        user_roles roles0_ 
    where
        roles0_.user_id=?
Hibernate: 
    select
        roles0_.user_id as user_id1_11_0_,
        roles0_.roles as roles2_11_0_ 
    from
        user_roles roles0_ 
    where
        roles0_.user_id=?
Hibernate: 
    select
        roles0_.user_id as user_id1_11_0_,
        roles0_.roles as roles2_11_0_ 
    from
        user_roles roles0_ 
    where
        roles0_.user_id=?
Hibernate: 
    select
        roles0_.user_id as user_id1_11_0_,
        roles0_.roles as roles2_11_0_ 
    from
        user_roles roles0_ 
    where
        roles0_.user_id=?
Hibernate: 
    select
        roles0_.user_id as user_id1_11_0_,
        roles0_.roles as roles2_11_0_ 
    from
        user_roles roles0_ 
    where
        roles0_.user_id=?
Hibernate: 
    insert 
    into
        story_pin_like
        (created_at, updated_at, story_pin_id, user_id) 
    values
        (?, ?, ?, ?)
Hibernate: 
    insert 
    into
        story_pin_comment
        (created_at, updated_at, content, story_pin_id, user_id) 
    values
        (?, ?, ?, ?, ?)
Hibernate: 
    select
        user0_.id as id1_10_,
        user0_.created_at as created_2_10_,
        user0_.updated_at as updated_3_10_,
        user0_.age as age4_10_,
        user0_.background_image as backgrou5_10_,
        user0_.email as email6_10_,
        user0_.gender as gender7_10_,
        user0_.hobby as hobby8_10_,
        user0_.introduce as introduc9_10_,
        user0_.job as job10_10_,
        user0_.name as name11_10_,
        user0_.nick_name as nick_na12_10_,
        user0_.phone_num as phone_n13_10_,
        user0_.profile_image as profile14_10_,
        user0_.res_red_number as res_red15_10_,
        user0_.score as score16_10_ 
    from
        user user0_
Hibernate: 
    select
        roles0_.user_id as user_id1_11_0_,
        roles0_.roles as roles2_11_0_ 
    from
        user_roles roles0_ 
    where
        roles0_.user_id=?
Hibernate: 
    select
        roles0_.user_id as user_id1_11_0_,
        roles0_.roles as roles2_11_0_ 
    from
        user_roles roles0_ 
    where
        roles0_.user_id=?
Hibernate: 
    select
        roles0_.user_id as user_id1_11_0_,
        roles0_.roles as roles2_11_0_ 
    from
        user_roles roles0_ 
    where
        roles0_.user_id=?
Hibernate: 
    select
        roles0_.user_id as user_id1_11_0_,
        roles0_.roles as roles2_11_0_ 
    from
        user_roles roles0_ 
    where
        roles0_.user_id=?
Hibernate: 
    select
        roles0_.user_id as user_id1_11_0_,
        roles0_.roles as roles2_11_0_ 
    from
        user_roles roles0_ 
    where
        roles0_.user_id=?
Hibernate: 
    select
        user0_.id as id1_10_,
        user0_.created_at as created_2_10_,
        user0_.updated_at as updated_3_10_,
        user0_.age as age4_10_,
        user0_.background_image as backgrou5_10_,
        user0_.email as email6_10_,
        user0_.gender as gender7_10_,
        user0_.hobby as hobby8_10_,
        user0_.introduce as introduc9_10_,
        user0_.job as job10_10_,
        user0_.name as name11_10_,
        user0_.nick_name as nick_na12_10_,
        user0_.phone_num as phone_n13_10_,
        user0_.profile_image as profile14_10_,
        user0_.res_red_number as res_red15_10_,
        user0_.score as score16_10_ 
    from
        user user0_
Hibernate: 
    select
        roles0_.user_id as user_id1_11_0_,
        roles0_.roles as roles2_11_0_ 
    from
        user_roles roles0_ 
    where
        roles0_.user_id=?
Hibernate: 
    select
        roles0_.user_id as user_id1_11_0_,
        roles0_.roles as roles2_11_0_ 
    from
        user_roles roles0_ 
    where
        roles0_.user_id=?
Hibernate: 
    select
        roles0_.user_id as user_id1_11_0_,
        roles0_.roles as roles2_11_0_ 
    from
        user_roles roles0_ 
    where
        roles0_.user_id=?
Hibernate: 
    select
        roles0_.user_id as user_id1_11_0_,
        roles0_.roles as roles2_11_0_ 
    from
        user_roles roles0_ 
    where
        roles0_.user_id=?
Hibernate: 
    select
        roles0_.user_id as user_id1_11_0_,
        roles0_.roles as roles2_11_0_ 
    from
        user_roles roles0_ 
    where
        roles0_.user_id=?
Hibernate: 
    insert 
    into
        story_pin_like
        (created_at, updated_at, story_pin_id, user_id) 
    values
        (?, ?, ?, ?)
Hibernate: 
    insert 
    into
        story_pin_comment
        (created_at, updated_at, content, story_pin_id, user_id) 
    values
        (?, ?, ?, ?, ?)
Hibernate: 
    select
        user0_.id as id1_10_,
        user0_.created_at as created_2_10_,
        user0_.updated_at as updated_3_10_,
        user0_.age as age4_10_,
        user0_.background_image as backgrou5_10_,
        user0_.email as email6_10_,
        user0_.gender as gender7_10_,
        user0_.hobby as hobby8_10_,
        user0_.introduce as introduc9_10_,
        user0_.job as job10_10_,
        user0_.name as name11_10_,
        user0_.nick_name as nick_na12_10_,
        user0_.phone_num as phone_n13_10_,
        user0_.profile_image as profile14_10_,
        user0_.res_red_number as res_red15_10_,
        user0_.score as score16_10_ 
    from
        user user0_
Hibernate: 
    select
        roles0_.user_id as user_id1_11_0_,
        roles0_.roles as roles2_11_0_ 
    from
        user_roles roles0_ 
    where
        roles0_.user_id=?
Hibernate: 
    select
        roles0_.user_id as user_id1_11_0_,
        roles0_.roles as roles2_11_0_ 
    from
        user_roles roles0_ 
    where
        roles0_.user_id=?
Hibernate: 
    select
        roles0_.user_id as user_id1_11_0_,
        roles0_.roles as roles2_11_0_ 
    from
        user_roles roles0_ 
    where
        roles0_.user_id=?
Hibernate: 
    select
        roles0_.user_id as user_id1_11_0_,
        roles0_.roles as roles2_11_0_ 
    from
        user_roles roles0_ 
    where
        roles0_.user_id=?
Hibernate: 
    select
        roles0_.user_id as user_id1_11_0_,
        roles0_.roles as roles2_11_0_ 
    from
        user_roles roles0_ 
    where
        roles0_.user_id=?
Hibernate: 
    select
        user0_.id as id1_10_,
        user0_.created_at as created_2_10_,
        user0_.updated_at as updated_3_10_,
        user0_.age as age4_10_,
        user0_.background_image as backgrou5_10_,
        user0_.email as email6_10_,
        user0_.gender as gender7_10_,
        user0_.hobby as hobby8_10_,
        user0_.introduce as introduc9_10_,
        user0_.job as job10_10_,
        user0_.name as name11_10_,
        user0_.nick_name as nick_na12_10_,
        user0_.phone_num as phone_n13_10_,
        user0_.profile_image as profile14_10_,
        user0_.res_red_number as res_red15_10_,
        user0_.score as score16_10_ 
    from
        user user0_
Hibernate: 
    select
        roles0_.user_id as user_id1_11_0_,
        roles0_.roles as roles2_11_0_ 
    from
        user_roles roles0_ 
    where
        roles0_.user_id=?
Hibernate: 
    select
        roles0_.user_id as user_id1_11_0_,
        roles0_.roles as roles2_11_0_ 
    from
        user_roles roles0_ 
    where
        roles0_.user_id=?
Hibernate: 
    select
        roles0_.user_id as user_id1_11_0_,
        roles0_.roles as roles2_11_0_ 
    from
        user_roles roles0_ 
    where
        roles0_.user_id=?
Hibernate: 
    select
        roles0_.user_id as user_id1_11_0_,
        roles0_.roles as roles2_11_0_ 
    from
        user_roles roles0_ 
    where
        roles0_.user_id=?
Hibernate: 
    select
        roles0_.user_id as user_id1_11_0_,
        roles0_.roles as roles2_11_0_ 
    from
        user_roles roles0_ 
    where
        roles0_.user_id=?
Hibernate: 
    insert 
    into
        story_pin_like
        (created_at, updated_at, story_pin_id, user_id) 
    values
        (?, ?, ?, ?)
Hibernate: 
    insert 
    into
        story_pin_comment
        (created_at, updated_at, content, story_pin_id, user_id) 
    values
        (?, ?, ?, ?, ?)
Hibernate: 
    select
        user0_.id as id1_10_,
        user0_.created_at as created_2_10_,
        user0_.updated_at as updated_3_10_,
        user0_.age as age4_10_,
        user0_.background_image as backgrou5_10_,
        user0_.email as email6_10_,
        user0_.gender as gender7_10_,
        user0_.hobby as hobby8_10_,
        user0_.introduce as introduc9_10_,
        user0_.job as job10_10_,
        user0_.name as name11_10_,
        user0_.nick_name as nick_na12_10_,
        user0_.phone_num as phone_n13_10_,
        user0_.profile_image as profile14_10_,
        user0_.res_red_number as res_red15_10_,
        user0_.score as score16_10_ 
    from
        user user0_
Hibernate: 
    select
        roles0_.user_id as user_id1_11_0_,
        roles0_.roles as roles2_11_0_ 
    from
        user_roles roles0_ 
    where
        roles0_.user_id=?
Hibernate: 
    select
        roles0_.user_id as user_id1_11_0_,
        roles0_.roles as roles2_11_0_ 
    from
        user_roles roles0_ 
    where
        roles0_.user_id=?
Hibernate: 
    select
        roles0_.user_id as user_id1_11_0_,
        roles0_.roles as roles2_11_0_ 
    from
        user_roles roles0_ 
    where
        roles0_.user_id=?
Hibernate: 
    select
        roles0_.user_id as user_id1_11_0_,
        roles0_.roles as roles2_11_0_ 
    from
        user_roles roles0_ 
    where
        roles0_.user_id=?
Hibernate: 
    select
        roles0_.user_id as user_id1_11_0_,
        roles0_.roles as roles2_11_0_ 
    from
        user_roles roles0_ 
    where
        roles0_.user_id=?
Hibernate: 
    select
        user0_.id as id1_10_,
        user0_.created_at as created_2_10_,
        user0_.updated_at as updated_3_10_,
        user0_.age as age4_10_,
        user0_.background_image as backgrou5_10_,
        user0_.email as email6_10_,
        user0_.gender as gender7_10_,
        user0_.hobby as hobby8_10_,
        user0_.introduce as introduc9_10_,
        user0_.job as job10_10_,
        user0_.name as name11_10_,
        user0_.nick_name as nick_na12_10_,
        user0_.phone_num as phone_n13_10_,
        user0_.profile_image as profile14_10_,
        user0_.res_red_number as res_red15_10_,
        user0_.score as score16_10_ 
    from
        user user0_
Hibernate: 
    select
        roles0_.user_id as user_id1_11_0_,
        roles0_.roles as roles2_11_0_ 
    from
        user_roles roles0_ 
    where
        roles0_.user_id=?
Hibernate: 
    select
        roles0_.user_id as user_id1_11_0_,
        roles0_.roles as roles2_11_0_ 
    from
        user_roles roles0_ 
    where
        roles0_.user_id=?
Hibernate: 
    select
        roles0_.user_id as user_id1_11_0_,
        roles0_.roles as roles2_11_0_ 
    from
        user_roles roles0_ 
    where
        roles0_.user_id=?
Hibernate: 
    select
        roles0_.user_id as user_id1_11_0_,
        roles0_.roles as roles2_11_0_ 
    from
        user_roles roles0_ 
    where
        roles0_.user_id=?
Hibernate: 
    select
        roles0_.user_id as user_id1_11_0_,
        roles0_.roles as roles2_11_0_ 
    from
        user_roles roles0_ 
    where
        roles0_.user_id=?
Hibernate: 
    insert 
    into
        story_pin_like
        (created_at, updated_at, story_pin_id, user_id) 
    values
        (?, ?, ?, ?)
Hibernate: 
    insert 
    into
        story_pin_comment
        (created_at, updated_at, content, story_pin_id, user_id) 
    values
        (?, ?, ?, ?, ?)
Hibernate: 
    select
        user0_.id as id1_10_,
        user0_.created_at as created_2_10_,
        user0_.updated_at as updated_3_10_,
        user0_.age as age4_10_,
        user0_.background_image as backgrou5_10_,
        user0_.email as email6_10_,
        user0_.gender as gender7_10_,
        user0_.hobby as hobby8_10_,
        user0_.introduce as introduc9_10_,
        user0_.job as job10_10_,
        user0_.name as name11_10_,
        user0_.nick_name as nick_na12_10_,
        user0_.phone_num as phone_n13_10_,
        user0_.profile_image as profile14_10_,
        user0_.res_red_number as res_red15_10_,
        user0_.score as score16_10_ 
    from
        user user0_
Hibernate: 
    select
        roles0_.user_id as user_id1_11_0_,
        roles0_.roles as roles2_11_0_ 
    from
        user_roles roles0_ 
    where
        roles0_.user_id=?
Hibernate: 
    select
        roles0_.user_id as user_id1_11_0_,
        roles0_.roles as roles2_11_0_ 
    from
        user_roles roles0_ 
    where
        roles0_.user_id=?
Hibernate: 
    select
        roles0_.user_id as user_id1_11_0_,
        roles0_.roles as roles2_11_0_ 
    from
        user_roles roles0_ 
    where
        roles0_.user_id=?
Hibernate: 
    select
        roles0_.user_id as user_id1_11_0_,
        roles0_.roles as roles2_11_0_ 
    from
        user_roles roles0_ 
    where
        roles0_.user_id=?
Hibernate: 
    select
        roles0_.user_id as user_id1_11_0_,
        roles0_.roles as roles2_11_0_ 
    from
        user_roles roles0_ 
    where
        roles0_.user_id=?
Hibernate: 
    select
        user0_.id as id1_10_,
        user0_.created_at as created_2_10_,
        user0_.updated_at as updated_3_10_,
        user0_.age as age4_10_,
        user0_.background_image as backgrou5_10_,
        user0_.email as email6_10_,
        user0_.gender as gender7_10_,
        user0_.hobby as hobby8_10_,
        user0_.introduce as introduc9_10_,
        user0_.job as job10_10_,
        user0_.name as name11_10_,
        user0_.nick_name as nick_na12_10_,
        user0_.phone_num as phone_n13_10_,
        user0_.profile_image as profile14_10_,
        user0_.res_red_number as res_red15_10_,
        user0_.score as score16_10_ 
    from
        user user0_
Hibernate: 
    select
        roles0_.user_id as user_id1_11_0_,
        roles0_.roles as roles2_11_0_ 
    from
        user_roles roles0_ 
    where
        roles0_.user_id=?
Hibernate: 
    select
        roles0_.user_id as user_id1_11_0_,
        roles0_.roles as roles2_11_0_ 
    from
        user_roles roles0_ 
    where
        roles0_.user_id=?
Hibernate: 
    select
        roles0_.user_id as user_id1_11_0_,
        roles0_.roles as roles2_11_0_ 
    from
        user_roles roles0_ 
    where
        roles0_.user_id=?
Hibernate: 
    select
        roles0_.user_id as user_id1_11_0_,
        roles0_.roles as roles2_11_0_ 
    from
        user_roles roles0_ 
    where
        roles0_.user_id=?
Hibernate: 
    select
        roles0_.user_id as user_id1_11_0_,
        roles0_.roles as roles2_11_0_ 
    from
        user_roles roles0_ 
    where
        roles0_.user_id=?
Hibernate: 
    insert 
    into
        story_pin_like
        (created_at, updated_at, story_pin_id, user_id) 
    values
        (?, ?, ?, ?)
Hibernate: 
    insert 
    into
        story_pin_comment
        (created_at, updated_at, content, story_pin_id, user_id) 
    values
        (?, ?, ?, ?, ?)
Hibernate: 
    select
        user0_.id as id1_10_,
        user0_.created_at as created_2_10_,
        user0_.updated_at as updated_3_10_,
        user0_.age as age4_10_,
        user0_.background_image as backgrou5_10_,
        user0_.email as email6_10_,
        user0_.gender as gender7_10_,
        user0_.hobby as hobby8_10_,
        user0_.introduce as introduc9_10_,
        user0_.job as job10_10_,
        user0_.name as name11_10_,
        user0_.nick_name as nick_na12_10_,
        user0_.phone_num as phone_n13_10_,
        user0_.profile_image as profile14_10_,
        user0_.res_red_number as res_red15_10_,
        user0_.score as score16_10_ 
    from
        user user0_
Hibernate: 
    select
        roles0_.user_id as user_id1_11_0_,
        roles0_.roles as roles2_11_0_ 
    from
        user_roles roles0_ 
    where
        roles0_.user_id=?
Hibernate: 
    select
        roles0_.user_id as user_id1_11_0_,
        roles0_.roles as roles2_11_0_ 
    from
        user_roles roles0_ 
    where
        roles0_.user_id=?
Hibernate: 
    select
        roles0_.user_id as user_id1_11_0_,
        roles0_.roles as roles2_11_0_ 
    from
        user_roles roles0_ 
    where
        roles0_.user_id=?
Hibernate: 
    select
        roles0_.user_id as user_id1_11_0_,
        roles0_.roles as roles2_11_0_ 
    from
        user_roles roles0_ 
    where
        roles0_.user_id=?
Hibernate: 
    select
        roles0_.user_id as user_id1_11_0_,
        roles0_.roles as roles2_11_0_ 
    from
        user_roles roles0_ 
    where
        roles0_.user_id=?
Hibernate: 
    select
        user0_.id as id1_10_,
        user0_.created_at as created_2_10_,
        user0_.updated_at as updated_3_10_,
        user0_.age as age4_10_,
        user0_.background_image as backgrou5_10_,
        user0_.email as email6_10_,
        user0_.gender as gender7_10_,
        user0_.hobby as hobby8_10_,
        user0_.introduce as introduc9_10_,
        user0_.job as job10_10_,
        user0_.name as name11_10_,
        user0_.nick_name as nick_na12_10_,
        user0_.phone_num as phone_n13_10_,
        user0_.profile_image as profile14_10_,
        user0_.res_red_number as res_red15_10_,
        user0_.score as score16_10_ 
    from
        user user0_
Hibernate: 
    select
        roles0_.user_id as user_id1_11_0_,
        roles0_.roles as roles2_11_0_ 
    from
        user_roles roles0_ 
    where
        roles0_.user_id=?
Hibernate: 
    select
        roles0_.user_id as user_id1_11_0_,
        roles0_.roles as roles2_11_0_ 
    from
        user_roles roles0_ 
    where
        roles0_.user_id=?
Hibernate: 
    select
        roles0_.user_id as user_id1_11_0_,
        roles0_.roles as roles2_11_0_ 
    from
        user_roles roles0_ 
    where
        roles0_.user_id=?
Hibernate: 
    select
        roles0_.user_id as user_id1_11_0_,
        roles0_.roles as roles2_11_0_ 
    from
        user_roles roles0_ 
    where
        roles0_.user_id=?
Hibernate: 
    select
        roles0_.user_id as user_id1_11_0_,
        roles0_.roles as roles2_11_0_ 
    from
        user_roles roles0_ 
    where
        roles0_.user_id=?
Hibernate: 
    insert 
    into
        story_pin_like
        (created_at, updated_at, story_pin_id, user_id) 
    values
        (?, ?, ?, ?)
Hibernate: 
    insert 
    into
        story_pin_comment
        (created_at, updated_at, content, story_pin_id, user_id) 
    values
        (?, ?, ?, ?, ?)
Hibernate: 
    select
        user0_.id as id1_10_,
        user0_.created_at as created_2_10_,
        user0_.updated_at as updated_3_10_,
        user0_.age as age4_10_,
        user0_.background_image as backgrou5_10_,
        user0_.email as email6_10_,
        user0_.gender as gender7_10_,
        user0_.hobby as hobby8_10_,
        user0_.introduce as introduc9_10_,
        user0_.job as job10_10_,
        user0_.name as name11_10_,
        user0_.nick_name as nick_na12_10_,
        user0_.phone_num as phone_n13_10_,
        user0_.profile_image as profile14_10_,
        user0_.res_red_number as res_red15_10_,
        user0_.score as score16_10_ 
    from
        user user0_
Hibernate: 
    select
        roles0_.user_id as user_id1_11_0_,
        roles0_.roles as roles2_11_0_ 
    from
        user_roles roles0_ 
    where
        roles0_.user_id=?
Hibernate: 
    select
        roles0_.user_id as user_id1_11_0_,
        roles0_.roles as roles2_11_0_ 
    from
        user_roles roles0_ 
    where
        roles0_.user_id=?
Hibernate: 
    select
        roles0_.user_id as user_id1_11_0_,
        roles0_.roles as roles2_11_0_ 
    from
        user_roles roles0_ 
    where
        roles0_.user_id=?
Hibernate: 
    select
        roles0_.user_id as user_id1_11_0_,
        roles0_.roles as roles2_11_0_ 
    from
        user_roles roles0_ 
    where
        roles0_.user_id=?
Hibernate: 
    select
        roles0_.user_id as user_id1_11_0_,
        roles0_.roles as roles2_11_0_ 
    from
        user_roles roles0_ 
    where
        roles0_.user_id=?
Hibernate: 
    select
        user0_.id as id1_10_,
        user0_.created_at as created_2_10_,
        user0_.updated_at as updated_3_10_,
        user0_.age as age4_10_,
        user0_.background_image as backgrou5_10_,
        user0_.email as email6_10_,
        user0_.gender as gender7_10_,
        user0_.hobby as hobby8_10_,
        user0_.introduce as introduc9_10_,
        user0_.job as job10_10_,
        user0_.name as name11_10_,
        user0_.nick_name as nick_na12_10_,
        user0_.phone_num as phone_n13_10_,
        user0_.profile_image as profile14_10_,
        user0_.res_red_number as res_red15_10_,
        user0_.score as score16_10_ 
    from
        user user0_
Hibernate: 
    select
        roles0_.user_id as user_id1_11_0_,
        roles0_.roles as roles2_11_0_ 
    from
        user_roles roles0_ 
    where
        roles0_.user_id=?
Hibernate: 
    select
        roles0_.user_id as user_id1_11_0_,
        roles0_.roles as roles2_11_0_ 
    from
        user_roles roles0_ 
    where
        roles0_.user_id=?
Hibernate: 
    select
        roles0_.user_id as user_id1_11_0_,
        roles0_.roles as roles2_11_0_ 
    from
        user_roles roles0_ 
    where
        roles0_.user_id=?
Hibernate: 
    select
        roles0_.user_id as user_id1_11_0_,
        roles0_.roles as roles2_11_0_ 
    from
        user_roles roles0_ 
    where
        roles0_.user_id=?
Hibernate: 
    select
        roles0_.user_id as user_id1_11_0_,
        roles0_.roles as roles2_11_0_ 
    from
        user_roles roles0_ 
    where
        roles0_.user_id=?
Hibernate: 
    insert 
    into
        story_pin_like
        (created_at, updated_at, story_pin_id, user_id) 
    values
        (?, ?, ?, ?)
Hibernate: 
    insert 
    into
        story_pin_comment
        (created_at, updated_at, content, story_pin_id, user_id) 
    values
        (?, ?, ?, ?, ?)
Hibernate: 
    select
        user0_.id as id1_10_,
        user0_.created_at as created_2_10_,
        user0_.updated_at as updated_3_10_,
        user0_.age as age4_10_,
        user0_.background_image as backgrou5_10_,
        user0_.email as email6_10_,
        user0_.gender as gender7_10_,
        user0_.hobby as hobby8_10_,
        user0_.introduce as introduc9_10_,
        user0_.job as job10_10_,
        user0_.name as name11_10_,
        user0_.nick_name as nick_na12_10_,
        user0_.phone_num as phone_n13_10_,
        user0_.profile_image as profile14_10_,
        user0_.res_red_number as res_red15_10_,
        user0_.score as score16_10_ 
    from
        user user0_
Hibernate: 
    select
        roles0_.user_id as user_id1_11_0_,
        roles0_.roles as roles2_11_0_ 
    from
        user_roles roles0_ 
    where
        roles0_.user_id=?
Hibernate: 
    select
        roles0_.user_id as user_id1_11_0_,
        roles0_.roles as roles2_11_0_ 
    from
        user_roles roles0_ 
    where
        roles0_.user_id=?
Hibernate: 
    select
        roles0_.user_id as user_id1_11_0_,
        roles0_.roles as roles2_11_0_ 
    from
        user_roles roles0_ 
    where
        roles0_.user_id=?
Hibernate: 
    select
        roles0_.user_id as user_id1_11_0_,
        roles0_.roles as roles2_11_0_ 
    from
        user_roles roles0_ 
    where
        roles0_.user_id=?
Hibernate: 
    select
        roles0_.user_id as user_id1_11_0_,
        roles0_.roles as roles2_11_0_ 
    from
        user_roles roles0_ 
    where
        roles0_.user_id=?
Hibernate: 
    select
        user0_.id as id1_10_,
        user0_.created_at as created_2_10_,
        user0_.updated_at as updated_3_10_,
        user0_.age as age4_10_,
        user0_.background_image as backgrou5_10_,
        user0_.email as email6_10_,
        user0_.gender as gender7_10_,
        user0_.hobby as hobby8_10_,
        user0_.introduce as introduc9_10_,
        user0_.job as job10_10_,
        user0_.name as name11_10_,
        user0_.nick_name as nick_na12_10_,
        user0_.phone_num as phone_n13_10_,
        user0_.profile_image as profile14_10_,
        user0_.res_red_number as res_red15_10_,
        user0_.score as score16_10_ 
    from
        user user0_
Hibernate: 
    select
        roles0_.user_id as user_id1_11_0_,
        roles0_.roles as roles2_11_0_ 
    from
        user_roles roles0_ 
    where
        roles0_.user_id=?
Hibernate: 
    select
        roles0_.user_id as user_id1_11_0_,
        roles0_.roles as roles2_11_0_ 
    from
        user_roles roles0_ 
    where
        roles0_.user_id=?
Hibernate: 
    select
        roles0_.user_id as user_id1_11_0_,
        roles0_.roles as roles2_11_0_ 
    from
        user_roles roles0_ 
    where
        roles0_.user_id=?
Hibernate: 
    select
        roles0_.user_id as user_id1_11_0_,
        roles0_.roles as roles2_11_0_ 
    from
        user_roles roles0_ 
    where
        roles0_.user_id=?
Hibernate: 
    select
        roles0_.user_id as user_id1_11_0_,
        roles0_.roles as roles2_11_0_ 
    from
        user_roles roles0_ 
    where
        roles0_.user_id=?
Hibernate: 
    insert 
    into
        story_pin_like
        (created_at, updated_at, story_pin_id, user_id) 
    values
        (?, ?, ?, ?)
Hibernate: 
    insert 
    into
        story_pin_comment
        (created_at, updated_at, content, story_pin_id, user_id) 
    values
        (?, ?, ?, ?, ?)
Hibernate: 
    select
        user0_.id as id1_10_,
        user0_.created_at as created_2_10_,
        user0_.updated_at as updated_3_10_,
        user0_.age as age4_10_,
        user0_.background_image as backgrou5_10_,
        user0_.email as email6_10_,
        user0_.gender as gender7_10_,
        user0_.hobby as hobby8_10_,
        user0_.introduce as introduc9_10_,
        user0_.job as job10_10_,
        user0_.name as name11_10_,
        user0_.nick_name as nick_na12_10_,
        user0_.phone_num as phone_n13_10_,
        user0_.profile_image as profile14_10_,
        user0_.res_red_number as res_red15_10_,
        user0_.score as score16_10_ 
    from
        user user0_
Hibernate: 
    select
        roles0_.user_id as user_id1_11_0_,
        roles0_.roles as roles2_11_0_ 
    from
        user_roles roles0_ 
    where
        roles0_.user_id=?
Hibernate: 
    select
        roles0_.user_id as user_id1_11_0_,
        roles0_.roles as roles2_11_0_ 
    from
        user_roles roles0_ 
    where
        roles0_.user_id=?
Hibernate: 
    select
        roles0_.user_id as user_id1_11_0_,
        roles0_.roles as roles2_11_0_ 
    from
        user_roles roles0_ 
    where
        roles0_.user_id=?
Hibernate: 
    select
        roles0_.user_id as user_id1_11_0_,
        roles0_.roles as roles2_11_0_ 
    from
        user_roles roles0_ 
    where
        roles0_.user_id=?
Hibernate: 
    select
        roles0_.user_id as user_id1_11_0_,
        roles0_.roles as roles2_11_0_ 
    from
        user_roles roles0_ 
    where
        roles0_.user_id=?
Hibernate: 
    select
        user0_.id as id1_10_,
        user0_.created_at as created_2_10_,
        user0_.updated_at as updated_3_10_,
        user0_.age as age4_10_,
        user0_.background_image as backgrou5_10_,
        user0_.email as email6_10_,
        user0_.gender as gender7_10_,
        user0_.hobby as hobby8_10_,
        user0_.introduce as introduc9_10_,
        user0_.job as job10_10_,
        user0_.name as name11_10_,
        user0_.nick_name as nick_na12_10_,
        user0_.phone_num as phone_n13_10_,
        user0_.profile_image as profile14_10_,
        user0_.res_red_number as res_red15_10_,
        user0_.score as score16_10_ 
    from
        user user0_
Hibernate: 
    select
        roles0_.user_id as user_id1_11_0_,
        roles0_.roles as roles2_11_0_ 
    from
        user_roles roles0_ 
    where
        roles0_.user_id=?
Hibernate: 
    select
        roles0_.user_id as user_id1_11_0_,
        roles0_.roles as roles2_11_0_ 
    from
        user_roles roles0_ 
    where
        roles0_.user_id=?
Hibernate: 
    select
        roles0_.user_id as user_id1_11_0_,
        roles0_.roles as roles2_11_0_ 
    from
        user_roles roles0_ 
    where
        roles0_.user_id=?
Hibernate: 
    select
        roles0_.user_id as user_id1_11_0_,
        roles0_.roles as roles2_11_0_ 
    from
        user_roles roles0_ 
    where
        roles0_.user_id=?
Hibernate: 
    select
        roles0_.user_id as user_id1_11_0_,
        roles0_.roles as roles2_11_0_ 
    from
        user_roles roles0_ 
    where
        roles0_.user_id=?
Hibernate: 
    insert 
    into
        story_pin_like
        (created_at, updated_at, story_pin_id, user_id) 
    values
        (?, ?, ?, ?)
Hibernate: 
    insert 
    into
        story_pin_comment
        (created_at, updated_at, content, story_pin_id, user_id) 
    values
        (?, ?, ?, ?, ?)
Hibernate: 
    select
        user0_.id as id1_10_,
        user0_.created_at as created_2_10_,
        user0_.updated_at as updated_3_10_,
        user0_.age as age4_10_,
        user0_.background_image as backgrou5_10_,
        user0_.email as email6_10_,
        user0_.gender as gender7_10_,
        user0_.hobby as hobby8_10_,
        user0_.introduce as introduc9_10_,
        user0_.job as job10_10_,
        user0_.name as name11_10_,
        user0_.nick_name as nick_na12_10_,
        user0_.phone_num as phone_n13_10_,
        user0_.profile_image as profile14_10_,
        user0_.res_red_number as res_red15_10_,
        user0_.score as score16_10_ 
    from
        user user0_
Hibernate: 
    select
        roles0_.user_id as user_id1_11_0_,
        roles0_.roles as roles2_11_0_ 
    from
        user_roles roles0_ 
    where
        roles0_.user_id=?
Hibernate: 
    select
        roles0_.user_id as user_id1_11_0_,
        roles0_.roles as roles2_11_0_ 
    from
        user_roles roles0_ 
    where
        roles0_.user_id=?
Hibernate: 
    select
        roles0_.user_id as user_id1_11_0_,
        roles0_.roles as roles2_11_0_ 
    from
        user_roles roles0_ 
    where
        roles0_.user_id=?
Hibernate: 
    select
        roles0_.user_id as user_id1_11_0_,
        roles0_.roles as roles2_11_0_ 
    from
        user_roles roles0_ 
    where
        roles0_.user_id=?
Hibernate: 
    select
        roles0_.user_id as user_id1_11_0_,
        roles0_.roles as roles2_11_0_ 
    from
        user_roles roles0_ 
    where
        roles0_.user_id=?
Hibernate: 
    select
        user0_.id as id1_10_,
        user0_.created_at as created_2_10_,
        user0_.updated_at as updated_3_10_,
        user0_.age as age4_10_,
        user0_.background_image as backgrou5_10_,
        user0_.email as email6_10_,
        user0_.gender as gender7_10_,
        user0_.hobby as hobby8_10_,
        user0_.introduce as introduc9_10_,
        user0_.job as job10_10_,
        user0_.name as name11_10_,
        user0_.nick_name as nick_na12_10_,
        user0_.phone_num as phone_n13_10_,
        user0_.profile_image as profile14_10_,
        user0_.res_red_number as res_red15_10_,
        user0_.score as score16_10_ 
    from
        user user0_
Hibernate: 
    select
        roles0_.user_id as user_id1_11_0_,
        roles0_.roles as roles2_11_0_ 
    from
        user_roles roles0_ 
    where
        roles0_.user_id=?
Hibernate: 
    select
        roles0_.user_id as user_id1_11_0_,
        roles0_.roles as roles2_11_0_ 
    from
        user_roles roles0_ 
    where
        roles0_.user_id=?
Hibernate: 
    select
        roles0_.user_id as user_id1_11_0_,
        roles0_.roles as roles2_11_0_ 
    from
        user_roles roles0_ 
    where
        roles0_.user_id=?
Hibernate: 
    select
        roles0_.user_id as user_id1_11_0_,
        roles0_.roles as roles2_11_0_ 
    from
        user_roles roles0_ 
    where
        roles0_.user_id=?
Hibernate: 
    select
        roles0_.user_id as user_id1_11_0_,
        roles0_.roles as roles2_11_0_ 
    from
        user_roles roles0_ 
    where
        roles0_.user_id=?
Hibernate: 
    insert 
    into
        story_pin_like
        (created_at, updated_at, story_pin_id, user_id) 
    values
        (?, ?, ?, ?)
Hibernate: 
    insert 
    into
        story_pin_comment
        (created_at, updated_at, content, story_pin_id, user_id) 
    values
        (?, ?, ?, ?, ?)
Hibernate: 
    select
        user0_.id as id1_10_,
        user0_.created_at as created_2_10_,
        user0_.updated_at as updated_3_10_,
        user0_.age as age4_10_,
        user0_.background_image as backgrou5_10_,
        user0_.email as email6_10_,
        user0_.gender as gender7_10_,
        user0_.hobby as hobby8_10_,
        user0_.introduce as introduc9_10_,
        user0_.job as job10_10_,
        user0_.name as name11_10_,
        user0_.nick_name as nick_na12_10_,
        user0_.phone_num as phone_n13_10_,
        user0_.profile_image as profile14_10_,
        user0_.res_red_number as res_red15_10_,
        user0_.score as score16_10_ 
    from
        user user0_
Hibernate: 
    select
        roles0_.user_id as user_id1_11_0_,
        roles0_.roles as roles2_11_0_ 
    from
        user_roles roles0_ 
    where
        roles0_.user_id=?
Hibernate: 
    select
        roles0_.user_id as user_id1_11_0_,
        roles0_.roles as roles2_11_0_ 
    from
        user_roles roles0_ 
    where
        roles0_.user_id=?
Hibernate: 
    select
        roles0_.user_id as user_id1_11_0_,
        roles0_.roles as roles2_11_0_ 
    from
        user_roles roles0_ 
    where
        roles0_.user_id=?
Hibernate: 
    select
        roles0_.user_id as user_id1_11_0_,
        roles0_.roles as roles2_11_0_ 
    from
        user_roles roles0_ 
    where
        roles0_.user_id=?
Hibernate: 
    select
        roles0_.user_id as user_id1_11_0_,
        roles0_.roles as roles2_11_0_ 
    from
        user_roles roles0_ 
    where
        roles0_.user_id=?
Hibernate: 
    select
        user0_.id as id1_10_,
        user0_.created_at as created_2_10_,
        user0_.updated_at as updated_3_10_,
        user0_.age as age4_10_,
        user0_.background_image as backgrou5_10_,
        user0_.email as email6_10_,
        user0_.gender as gender7_10_,
        user0_.hobby as hobby8_10_,
        user0_.introduce as introduc9_10_,
        user0_.job as job10_10_,
        user0_.name as name11_10_,
        user0_.nick_name as nick_na12_10_,
        user0_.phone_num as phone_n13_10_,
        user0_.profile_image as profile14_10_,
        user0_.res_red_number as res_red15_10_,
        user0_.score as score16_10_ 
    from
        user user0_
Hibernate: 
    select
        roles0_.user_id as user_id1_11_0_,
        roles0_.roles as roles2_11_0_ 
    from
        user_roles roles0_ 
    where
        roles0_.user_id=?
Hibernate: 
    select
        roles0_.user_id as user_id1_11_0_,
        roles0_.roles as roles2_11_0_ 
    from
        user_roles roles0_ 
    where
        roles0_.user_id=?
Hibernate: 
    select
        roles0_.user_id as user_id1_11_0_,
        roles0_.roles as roles2_11_0_ 
    from
        user_roles roles0_ 
    where
        roles0_.user_id=?
Hibernate: 
    select
        roles0_.user_id as user_id1_11_0_,
        roles0_.roles as roles2_11_0_ 
    from
        user_roles roles0_ 
    where
        roles0_.user_id=?
Hibernate: 
    select
        roles0_.user_id as user_id1_11_0_,
        roles0_.roles as roles2_11_0_ 
    from
        user_roles roles0_ 
    where
        roles0_.user_id=?
Hibernate: 
    insert 
    into
        story_pin_like
        (created_at, updated_at, story_pin_id, user_id) 
    values
        (?, ?, ?, ?)
Hibernate: 
    insert 
    into
        story_pin_comment
        (created_at, updated_at, content, story_pin_id, user_id) 
    values
        (?, ?, ?, ?, ?)
Hibernate: 
    select
        user0_.id as id1_10_,
        user0_.created_at as created_2_10_,
        user0_.updated_at as updated_3_10_,
        user0_.age as age4_10_,
        user0_.background_image as backgrou5_10_,
        user0_.email as email6_10_,
        user0_.gender as gender7_10_,
        user0_.hobby as hobby8_10_,
        user0_.introduce as introduc9_10_,
        user0_.job as job10_10_,
        user0_.name as name11_10_,
        user0_.nick_name as nick_na12_10_,
        user0_.phone_num as phone_n13_10_,
        user0_.profile_image as profile14_10_,
        user0_.res_red_number as res_red15_10_,
        user0_.score as score16_10_ 
    from
        user user0_
Hibernate: 
    select
        roles0_.user_id as user_id1_11_0_,
        roles0_.roles as roles2_11_0_ 
    from
        user_roles roles0_ 
    where
        roles0_.user_id=?
Hibernate: 
    select
        roles0_.user_id as user_id1_11_0_,
        roles0_.roles as roles2_11_0_ 
    from
        user_roles roles0_ 
    where
        roles0_.user_id=?
Hibernate: 
    select
        roles0_.user_id as user_id1_11_0_,
        roles0_.roles as roles2_11_0_ 
    from
        user_roles roles0_ 
    where
        roles0_.user_id=?
Hibernate: 
    select
        roles0_.user_id as user_id1_11_0_,
        roles0_.roles as roles2_11_0_ 
    from
        user_roles roles0_ 
    where
        roles0_.user_id=?
Hibernate: 
    select
        roles0_.user_id as user_id1_11_0_,
        roles0_.roles as roles2_11_0_ 
    from
        user_roles roles0_ 
    where
        roles0_.user_id=?
Hibernate: 
    select
        user0_.id as id1_10_,
        user0_.created_at as created_2_10_,
        user0_.updated_at as updated_3_10_,
        user0_.age as age4_10_,
        user0_.background_image as backgrou5_10_,
        user0_.email as email6_10_,
        user0_.gender as gender7_10_,
        user0_.hobby as hobby8_10_,
        user0_.introduce as introduc9_10_,
        user0_.job as job10_10_,
        user0_.name as name11_10_,
        user0_.nick_name as nick_na12_10_,
        user0_.phone_num as phone_n13_10_,
        user0_.profile_image as profile14_10_,
        user0_.res_red_number as res_red15_10_,
        user0_.score as score16_10_ 
    from
        user user0_
Hibernate: 
    select
        roles0_.user_id as user_id1_11_0_,
        roles0_.roles as roles2_11_0_ 
    from
        user_roles roles0_ 
    where
        roles0_.user_id=?
Hibernate: 
    select
        roles0_.user_id as user_id1_11_0_,
        roles0_.roles as roles2_11_0_ 
    from
        user_roles roles0_ 
    where
        roles0_.user_id=?
Hibernate: 
    select
        roles0_.user_id as user_id1_11_0_,
        roles0_.roles as roles2_11_0_ 
    from
        user_roles roles0_ 
    where
        roles0_.user_id=?
Hibernate: 
    select
        roles0_.user_id as user_id1_11_0_,
        roles0_.roles as roles2_11_0_ 
    from
        user_roles roles0_ 
    where
        roles0_.user_id=?
Hibernate: 
    select
        roles0_.user_id as user_id1_11_0_,
        roles0_.roles as roles2_11_0_ 
    from
        user_roles roles0_ 
    where
        roles0_.user_id=?
Hibernate: 
    insert 
    into
        story_pin_like
        (created_at, updated_at, story_pin_id, user_id) 
    values
        (?, ?, ?, ?)
Hibernate: 
    insert 
    into
        story_pin_comment
        (created_at, updated_at, content, story_pin_id, user_id) 
    values
        (?, ?, ?, ?, ?)
Hibernate: 
    select
        user0_.id as id1_10_,
        user0_.created_at as created_2_10_,
        user0_.updated_at as updated_3_10_,
        user0_.age as age4_10_,
        user0_.background_image as backgrou5_10_,
        user0_.email as email6_10_,
        user0_.gender as gender7_10_,
        user0_.hobby as hobby8_10_,
        user0_.introduce as introduc9_10_,
        user0_.job as job10_10_,
        user0_.name as name11_10_,
        user0_.nick_name as nick_na12_10_,
        user0_.phone_num as phone_n13_10_,
        user0_.profile_image as profile14_10_,
        user0_.res_red_number as res_red15_10_,
        user0_.score as score16_10_ 
    from
        user user0_
Hibernate: 
    select
        roles0_.user_id as user_id1_11_0_,
        roles0_.roles as roles2_11_0_ 
    from
        user_roles roles0_ 
    where
        roles0_.user_id=?
Hibernate: 
    select
        roles0_.user_id as user_id1_11_0_,
        roles0_.roles as roles2_11_0_ 
    from
        user_roles roles0_ 
    where
        roles0_.user_id=?
Hibernate: 
    select
        roles0_.user_id as user_id1_11_0_,
        roles0_.roles as roles2_11_0_ 
    from
        user_roles roles0_ 
    where
        roles0_.user_id=?
Hibernate: 
    select
        roles0_.user_id as user_id1_11_0_,
        roles0_.roles as roles2_11_0_ 
    from
        user_roles roles0_ 
    where
        roles0_.user_id=?
Hibernate: 
    select
        roles0_.user_id as user_id1_11_0_,
        roles0_.roles as roles2_11_0_ 
    from
        user_roles roles0_ 
    where
        roles0_.user_id=?
Hibernate: 
    select
        user0_.id as id1_10_,
        user0_.created_at as created_2_10_,
        user0_.updated_at as updated_3_10_,
        user0_.age as age4_10_,
        user0_.background_image as backgrou5_10_,
        user0_.email as email6_10_,
        user0_.gender as gender7_10_,
        user0_.hobby as hobby8_10_,
        user0_.introduce as introduc9_10_,
        user0_.job as job10_10_,
        user0_.name as name11_10_,
        user0_.nick_name as nick_na12_10_,
        user0_.phone_num as phone_n13_10_,
        user0_.profile_image as profile14_10_,
        user0_.res_red_number as res_red15_10_,
        user0_.score as score16_10_ 
    from
        user user0_
Hibernate: 
    select
        roles0_.user_id as user_id1_11_0_,
        roles0_.roles as roles2_11_0_ 
    from
        user_roles roles0_ 
    where
        roles0_.user_id=?
Hibernate: 
    select
        roles0_.user_id as user_id1_11_0_,
        roles0_.roles as roles2_11_0_ 
    from
        user_roles roles0_ 
    where
        roles0_.user_id=?
Hibernate: 
    select
        roles0_.user_id as user_id1_11_0_,
        roles0_.roles as roles2_11_0_ 
    from
        user_roles roles0_ 
    where
        roles0_.user_id=?
Hibernate: 
    select
        roles0_.user_id as user_id1_11_0_,
        roles0_.roles as roles2_11_0_ 
    from
        user_roles roles0_ 
    where
        roles0_.user_id=?
Hibernate: 
    select
        roles0_.user_id as user_id1_11_0_,
        roles0_.roles as roles2_11_0_ 
    from
        user_roles roles0_ 
    where
        roles0_.user_id=?
Hibernate: 
    insert 
    into
        story_pin_like
        (created_at, updated_at, story_pin_id, user_id) 
    values
        (?, ?, ?, ?)
Hibernate: 
    insert 
    into
        story_pin_comment
        (created_at, updated_at, content, story_pin_id, user_id) 
    values
        (?, ?, ?, ?, ?)
Hibernate: 
    select
        user0_.id as id1_10_,
        user0_.created_at as created_2_10_,
        user0_.updated_at as updated_3_10_,
        user0_.age as age4_10_,
        user0_.background_image as backgrou5_10_,
        user0_.email as email6_10_,
        user0_.gender as gender7_10_,
        user0_.hobby as hobby8_10_,
        user0_.introduce as introduc9_10_,
        user0_.job as job10_10_,
        user0_.name as name11_10_,
        user0_.nick_name as nick_na12_10_,
        user0_.phone_num as phone_n13_10_,
        user0_.profile_image as profile14_10_,
        user0_.res_red_number as res_red15_10_,
        user0_.score as score16_10_ 
    from
        user user0_
Hibernate: 
    select
        roles0_.user_id as user_id1_11_0_,
        roles0_.roles as roles2_11_0_ 
    from
        user_roles roles0_ 
    where
        roles0_.user_id=?
Hibernate: 
    select
        roles0_.user_id as user_id1_11_0_,
        roles0_.roles as roles2_11_0_ 
    from
        user_roles roles0_ 
    where
        roles0_.user_id=?
Hibernate: 
    select
        roles0_.user_id as user_id1_11_0_,
        roles0_.roles as roles2_11_0_ 
    from
        user_roles roles0_ 
    where
        roles0_.user_id=?
Hibernate: 
    select
        roles0_.user_id as user_id1_11_0_,
        roles0_.roles as roles2_11_0_ 
    from
        user_roles roles0_ 
    where
        roles0_.user_id=?
Hibernate: 
    select
        roles0_.user_id as user_id1_11_0_,
        roles0_.roles as roles2_11_0_ 
    from
        user_roles roles0_ 
    where
        roles0_.user_id=?
Hibernate: 
    select
        user0_.id as id1_10_,
        user0_.created_at as created_2_10_,
        user0_.updated_at as updated_3_10_,
        user0_.age as age4_10_,
        user0_.background_image as backgrou5_10_,
        user0_.email as email6_10_,
        user0_.gender as gender7_10_,
        user0_.hobby as hobby8_10_,
        user0_.introduce as introduc9_10_,
        user0_.job as job10_10_,
        user0_.name as name11_10_,
        user0_.nick_name as nick_na12_10_,
        user0_.phone_num as phone_n13_10_,
        user0_.profile_image as profile14_10_,
        user0_.res_red_number as res_red15_10_,
        user0_.score as score16_10_ 
    from
        user user0_
Hibernate: 
    select
        roles0_.user_id as user_id1_11_0_,
        roles0_.roles as roles2_11_0_ 
    from
        user_roles roles0_ 
    where
        roles0_.user_id=?
Hibernate: 
    select
        roles0_.user_id as user_id1_11_0_,
        roles0_.roles as roles2_11_0_ 
    from
        user_roles roles0_ 
    where
        roles0_.user_id=?
Hibernate: 
    select
        roles0_.user_id as user_id1_11_0_,
        roles0_.roles as roles2_11_0_ 
    from
        user_roles roles0_ 
    where
        roles0_.user_id=?
Hibernate: 
    select
        roles0_.user_id as user_id1_11_0_,
        roles0_.roles as roles2_11_0_ 
    from
        user_roles roles0_ 
    where
        roles0_.user_id=?
Hibernate: 
    select
        roles0_.user_id as user_id1_11_0_,
        roles0_.roles as roles2_11_0_ 
    from
        user_roles roles0_ 
    where
        roles0_.user_id=?
Hibernate: 
    insert 
    into
        story_pin_like
        (created_at, updated_at, story_pin_id, user_id) 
    values
        (?, ?, ?, ?)
Hibernate: 
    insert 
    into
        story_pin_comment
        (created_at, updated_at, content, story_pin_id, user_id) 
    values
        (?, ?, ?, ?, ?)
Hibernate: 
    select
        user0_.id as id1_10_,
        user0_.created_at as created_2_10_,
        user0_.updated_at as updated_3_10_,
        user0_.age as age4_10_,
        user0_.background_image as backgrou5_10_,
        user0_.email as email6_10_,
        user0_.gender as gender7_10_,
        user0_.hobby as hobby8_10_,
        user0_.introduce as introduc9_10_,
        user0_.job as job10_10_,
        user0_.name as name11_10_,
        user0_.nick_name as nick_na12_10_,
        user0_.phone_num as phone_n13_10_,
        user0_.profile_image as profile14_10_,
        user0_.res_red_number as res_red15_10_,
        user0_.score as score16_10_ 
    from
        user user0_
Hibernate: 
    select
        roles0_.user_id as user_id1_11_0_,
        roles0_.roles as roles2_11_0_ 
    from
        user_roles roles0_ 
    where
        roles0_.user_id=?
Hibernate: 
    select
        roles0_.user_id as user_id1_11_0_,
        roles0_.roles as roles2_11_0_ 
    from
        user_roles roles0_ 
    where
        roles0_.user_id=?
Hibernate: 
    select
        roles0_.user_id as user_id1_11_0_,
        roles0_.roles as roles2_11_0_ 
    from
        user_roles roles0_ 
    where
        roles0_.user_id=?
Hibernate: 
    select
        roles0_.user_id as user_id1_11_0_,
        roles0_.roles as roles2_11_0_ 
    from
        user_roles roles0_ 
    where
        roles0_.user_id=?
Hibernate: 
    select
        roles0_.user_id as user_id1_11_0_,
        roles0_.roles as roles2_11_0_ 
    from
        user_roles roles0_ 
    where
        roles0_.user_id=?
Hibernate: 
    select
        user0_.id as id1_10_,
        user0_.created_at as created_2_10_,
        user0_.updated_at as updated_3_10_,
        user0_.age as age4_10_,
        user0_.background_image as backgrou5_10_,
        user0_.email as email6_10_,
        user0_.gender as gender7_10_,
        user0_.hobby as hobby8_10_,
        user0_.introduce as introduc9_10_,
        user0_.job as job10_10_,
        user0_.name as name11_10_,
        user0_.nick_name as nick_na12_10_,
        user0_.phone_num as phone_n13_10_,
        user0_.profile_image as profile14_10_,
        user0_.res_red_number as res_red15_10_,
        user0_.score as score16_10_ 
    from
        user user0_
Hibernate: 
    select
        roles0_.user_id as user_id1_11_0_,
        roles0_.roles as roles2_11_0_ 
    from
        user_roles roles0_ 
    where
        roles0_.user_id=?
Hibernate: 
    select
        roles0_.user_id as user_id1_11_0_,
        roles0_.roles as roles2_11_0_ 
    from
        user_roles roles0_ 
    where
        roles0_.user_id=?
Hibernate: 
    select
        roles0_.user_id as user_id1_11_0_,
        roles0_.roles as roles2_11_0_ 
    from
        user_roles roles0_ 
    where
        roles0_.user_id=?
Hibernate: 
    select
        roles0_.user_id as user_id1_11_0_,
        roles0_.roles as roles2_11_0_ 
    from
        user_roles roles0_ 
    where
        roles0_.user_id=?
Hibernate: 
    select
        roles0_.user_id as user_id1_11_0_,
        roles0_.roles as roles2_11_0_ 
    from
        user_roles roles0_ 
    where
        roles0_.user_id=?
Hibernate: 
    insert 
    into
        story_pin_like
        (created_at, updated_at, story_pin_id, user_id) 
    values
        (?, ?, ?, ?)
Hibernate: 
    insert 
    into
        story_pin_comment
        (created_at, updated_at, content, story_pin_id, user_id) 
    values
        (?, ?, ?, ?, ?)
Hibernate: 
    select
        user0_.id as id1_10_,
        user0_.created_at as created_2_10_,
        user0_.updated_at as updated_3_10_,
        user0_.age as age4_10_,
        user0_.background_image as backgrou5_10_,
        user0_.email as email6_10_,
        user0_.gender as gender7_10_,
        user0_.hobby as hobby8_10_,
        user0_.introduce as introduc9_10_,
        user0_.job as job10_10_,
        user0_.name as name11_10_,
        user0_.nick_name as nick_na12_10_,
        user0_.phone_num as phone_n13_10_,
        user0_.profile_image as profile14_10_,
        user0_.res_red_number as res_red15_10_,
        user0_.score as score16_10_ 
    from
        user user0_
Hibernate: 
    select
        roles0_.user_id as user_id1_11_0_,
        roles0_.roles as roles2_11_0_ 
    from
        user_roles roles0_ 
    where
        roles0_.user_id=?
Hibernate: 
    select
        roles0_.user_id as user_id1_11_0_,
        roles0_.roles as roles2_11_0_ 
    from
        user_roles roles0_ 
    where
        roles0_.user_id=?
Hibernate: 
    select
        roles0_.user_id as user_id1_11_0_,
        roles0_.roles as roles2_11_0_ 
    from
        user_roles roles0_ 
    where
        roles0_.user_id=?
Hibernate: 
    select
        roles0_.user_id as user_id1_11_0_,
        roles0_.roles as roles2_11_0_ 
    from
        user_roles roles0_ 
    where
        roles0_.user_id=?
Hibernate: 
    select
        roles0_.user_id as user_id1_11_0_,
        roles0_.roles as roles2_11_0_ 
    from
        user_roles roles0_ 
    where
        roles0_.user_id=?
Hibernate: 
    select
        user0_.id as id1_10_,
        user0_.created_at as created_2_10_,
        user0_.updated_at as updated_3_10_,
        user0_.age as age4_10_,
        user0_.background_image as backgrou5_10_,
        user0_.email as email6_10_,
        user0_.gender as gender7_10_,
        user0_.hobby as hobby8_10_,
        user0_.introduce as introduc9_10_,
        user0_.job as job10_10_,
        user0_.name as name11_10_,
        user0_.nick_name as nick_na12_10_,
        user0_.phone_num as phone_n13_10_,
        user0_.profile_image as profile14_10_,
        user0_.res_red_number as res_red15_10_,
        user0_.score as score16_10_ 
    from
        user user0_
Hibernate: 
    select
        roles0_.user_id as user_id1_11_0_,
        roles0_.roles as roles2_11_0_ 
    from
        user_roles roles0_ 
    where
        roles0_.user_id=?
Hibernate: 
    select
        roles0_.user_id as user_id1_11_0_,
        roles0_.roles as roles2_11_0_ 
    from
        user_roles roles0_ 
    where
        roles0_.user_id=?
Hibernate: 
    select
        roles0_.user_id as user_id1_11_0_,
        roles0_.roles as roles2_11_0_ 
    from
        user_roles roles0_ 
    where
        roles0_.user_id=?
Hibernate: 
    select
        roles0_.user_id as user_id1_11_0_,
        roles0_.roles as roles2_11_0_ 
    from
        user_roles roles0_ 
    where
        roles0_.user_id=?
Hibernate: 
    select
        roles0_.user_id as user_id1_11_0_,
        roles0_.roles as roles2_11_0_ 
    from
        user_roles roles0_ 
    where
        roles0_.user_id=?
Hibernate: 
    insert 
    into
        story_pin_like
        (created_at, updated_at, story_pin_id, user_id) 
    values
        (?, ?, ?, ?)
Hibernate: 
    insert 
    into
        story_pin_comment
        (created_at, updated_at, content, story_pin_id, user_id) 
    values
        (?, ?, ?, ?, ?)
Hibernate: 
    select
        user0_.id as id1_10_,
        user0_.created_at as created_2_10_,
        user0_.updated_at as updated_3_10_,
        user0_.age as age4_10_,
        user0_.background_image as backgrou5_10_,
        user0_.email as email6_10_,
        user0_.gender as gender7_10_,
        user0_.hobby as hobby8_10_,
        user0_.introduce as introduc9_10_,
        user0_.job as job10_10_,
        user0_.name as name11_10_,
        user0_.nick_name as nick_na12_10_,
        user0_.phone_num as phone_n13_10_,
        user0_.profile_image as profile14_10_,
        user0_.res_red_number as res_red15_10_,
        user0_.score as score16_10_ 
    from
        user user0_
Hibernate: 
    select
        roles0_.user_id as user_id1_11_0_,
        roles0_.roles as roles2_11_0_ 
    from
        user_roles roles0_ 
    where
        roles0_.user_id=?
Hibernate: 
    select
        roles0_.user_id as user_id1_11_0_,
        roles0_.roles as roles2_11_0_ 
    from
        user_roles roles0_ 
    where
        roles0_.user_id=?
Hibernate: 
    select
        roles0_.user_id as user_id1_11_0_,
        roles0_.roles as roles2_11_0_ 
    from
        user_roles roles0_ 
    where
        roles0_.user_id=?
Hibernate: 
    select
        roles0_.user_id as user_id1_11_0_,
        roles0_.roles as roles2_11_0_ 
    from
        user_roles roles0_ 
    where
        roles0_.user_id=?
Hibernate: 
    select
        roles0_.user_id as user_id1_11_0_,
        roles0_.roles as roles2_11_0_ 
    from
        user_roles roles0_ 
    where
        roles0_.user_id=?
Hibernate: 
    select
        user0_.id as id1_10_,
        user0_.created_at as created_2_10_,
        user0_.updated_at as updated_3_10_,
        user0_.age as age4_10_,
        user0_.background_image as backgrou5_10_,
        user0_.email as email6_10_,
        user0_.gender as gender7_10_,
        user0_.hobby as hobby8_10_,
        user0_.introduce as introduc9_10_,
        user0_.job as job10_10_,
        user0_.name as name11_10_,
        user0_.nick_name as nick_na12_10_,
        user0_.phone_num as phone_n13_10_,
        user0_.profile_image as profile14_10_,
        user0_.res_red_number as res_red15_10_,
        user0_.score as score16_10_ 
    from
        user user0_
Hibernate: 
    select
        roles0_.user_id as user_id1_11_0_,
        roles0_.roles as roles2_11_0_ 
    from
        user_roles roles0_ 
    where
        roles0_.user_id=?
Hibernate: 
    select
        roles0_.user_id as user_id1_11_0_,
        roles0_.roles as roles2_11_0_ 
    from
        user_roles roles0_ 
    where
        roles0_.user_id=?
Hibernate: 
    select
        roles0_.user_id as user_id1_11_0_,
        roles0_.roles as roles2_11_0_ 
    from
        user_roles roles0_ 
    where
        roles0_.user_id=?
Hibernate: 
    select
        roles0_.user_id as user_id1_11_0_,
        roles0_.roles as roles2_11_0_ 
    from
        user_roles roles0_ 
    where
        roles0_.user_id=?
Hibernate: 
    select
        roles0_.user_id as user_id1_11_0_,
        roles0_.roles as roles2_11_0_ 
    from
        user_roles roles0_ 
    where
        roles0_.user_id=?
Hibernate: 
    insert 
    into
        story_pin_like
        (created_at, updated_at, story_pin_id, user_id) 
    values
        (?, ?, ?, ?)
Hibernate: 
    insert 
    into
        story_pin_comment
        (created_at, updated_at, content, story_pin_id, user_id) 
    values
        (?, ?, ?, ?, ?)
Hibernate: 
    select
        user0_.id as id1_10_,
        user0_.created_at as created_2_10_,
        user0_.updated_at as updated_3_10_,
        user0_.age as age4_10_,
        user0_.background_image as backgrou5_10_,
        user0_.email as email6_10_,
        user0_.gender as gender7_10_,
        user0_.hobby as hobby8_10_,
        user0_.introduce as introduc9_10_,
        user0_.job as job10_10_,
        user0_.name as name11_10_,
        user0_.nick_name as nick_na12_10_,
        user0_.phone_num as phone_n13_10_,
        user0_.profile_image as profile14_10_,
        user0_.res_red_number as res_red15_10_,
        user0_.score as score16_10_ 
    from
        user user0_
Hibernate: 
    select
        roles0_.user_id as user_id1_11_0_,
        roles0_.roles as roles2_11_0_ 
    from
        user_roles roles0_ 
    where
        roles0_.user_id=?
Hibernate: 
    select
        roles0_.user_id as user_id1_11_0_,
        roles0_.roles as roles2_11_0_ 
    from
        user_roles roles0_ 
    where
        roles0_.user_id=?
Hibernate: 
    select
        roles0_.user_id as user_id1_11_0_,
        roles0_.roles as roles2_11_0_ 
    from
        user_roles roles0_ 
    where
        roles0_.user_id=?
Hibernate: 
    select
        roles0_.user_id as user_id1_11_0_,
        roles0_.roles as roles2_11_0_ 
    from
        user_roles roles0_ 
    where
        roles0_.user_id=?
Hibernate: 
    select
        roles0_.user_id as user_id1_11_0_,
        roles0_.roles as roles2_11_0_ 
    from
        user_roles roles0_ 
    where
        roles0_.user_id=?
Hibernate: 
    select
        user0_.id as id1_10_,
        user0_.created_at as created_2_10_,
        user0_.updated_at as updated_3_10_,
        user0_.age as age4_10_,
        user0_.background_image as backgrou5_10_,
        user0_.email as email6_10_,
        user0_.gender as gender7_10_,
        user0_.hobby as hobby8_10_,
        user0_.introduce as introduc9_10_,
        user0_.job as job10_10_,
        user0_.name as name11_10_,
        user0_.nick_name as nick_na12_10_,
        user0_.phone_num as phone_n13_10_,
        user0_.profile_image as profile14_10_,
        user0_.res_red_number as res_red15_10_,
        user0_.score as score16_10_ 
    from
        user user0_
Hibernate: 
    select
        roles0_.user_id as user_id1_11_0_,
        roles0_.roles as roles2_11_0_ 
    from
        user_roles roles0_ 
    where
        roles0_.user_id=?
Hibernate: 
    select
        roles0_.user_id as user_id1_11_0_,
        roles0_.roles as roles2_11_0_ 
    from
        user_roles roles0_ 
    where
        roles0_.user_id=?
Hibernate: 
    select
        roles0_.user_id as user_id1_11_0_,
        roles0_.roles as roles2_11_0_ 
    from
        user_roles roles0_ 
    where
        roles0_.user_id=?
Hibernate: 
    select
        roles0_.user_id as user_id1_11_0_,
        roles0_.roles as roles2_11_0_ 
    from
        user_roles roles0_ 
    where
        roles0_.user_id=?
Hibernate: 
    select
        roles0_.user_id as user_id1_11_0_,
        roles0_.roles as roles2_11_0_ 
    from
        user_roles roles0_ 
    where
        roles0_.user_id=?
Hibernate: 
    insert 
    into
        story_pin_like
        (created_at, updated_at, story_pin_id, user_id) 
    values
        (?, ?, ?, ?)
Hibernate: 
    insert 
    into
        story_pin_comment
        (created_at, updated_at, content, story_pin_id, user_id) 
    values
        (?, ?, ?, ?, ?)
Hibernate: 
    select
        user0_.id as id1_10_,
        user0_.created_at as created_2_10_,
        user0_.updated_at as updated_3_10_,
        user0_.age as age4_10_,
        user0_.background_image as backgrou5_10_,
        user0_.email as email6_10_,
        user0_.gender as gender7_10_,
        user0_.hobby as hobby8_10_,
        user0_.introduce as introduc9_10_,
        user0_.job as job10_10_,
        user0_.name as name11_10_,
        user0_.nick_name as nick_na12_10_,
        user0_.phone_num as phone_n13_10_,
        user0_.profile_image as profile14_10_,
        user0_.res_red_number as res_red15_10_,
        user0_.score as score16_10_ 
    from
        user user0_
Hibernate: 
    select
        roles0_.user_id as user_id1_11_0_,
        roles0_.roles as roles2_11_0_ 
    from
        user_roles roles0_ 
    where
        roles0_.user_id=?
Hibernate: 
    select
        roles0_.user_id as user_id1_11_0_,
        roles0_.roles as roles2_11_0_ 
    from
        user_roles roles0_ 
    where
        roles0_.user_id=?
Hibernate: 
    select
        roles0_.user_id as user_id1_11_0_,
        roles0_.roles as roles2_11_0_ 
    from
        user_roles roles0_ 
    where
        roles0_.user_id=?
Hibernate: 
    select
        roles0_.user_id as user_id1_11_0_,
        roles0_.roles as roles2_11_0_ 
    from
        user_roles roles0_ 
    where
        roles0_.user_id=?
Hibernate: 
    select
        roles0_.user_id as user_id1_11_0_,
        roles0_.roles as roles2_11_0_ 
    from
        user_roles roles0_ 
    where
        roles0_.user_id=?
Hibernate: 
    select
        user0_.id as id1_10_,
        user0_.created_at as created_2_10_,
        user0_.updated_at as updated_3_10_,
        user0_.age as age4_10_,
        user0_.background_image as backgrou5_10_,
        user0_.email as email6_10_,
        user0_.gender as gender7_10_,
        user0_.hobby as hobby8_10_,
        user0_.introduce as introduc9_10_,
        user0_.job as job10_10_,
        user0_.name as name11_10_,
        user0_.nick_name as nick_na12_10_,
        user0_.phone_num as phone_n13_10_,
        user0_.profile_image as profile14_10_,
        user0_.res_red_number as res_red15_10_,
        user0_.score as score16_10_ 
    from
        user user0_
Hibernate: 
    select
        roles0_.user_id as user_id1_11_0_,
        roles0_.roles as roles2_11_0_ 
    from
        user_roles roles0_ 
    where
        roles0_.user_id=?
Hibernate: 
    select
        roles0_.user_id as user_id1_11_0_,
        roles0_.roles as roles2_11_0_ 
    from
        user_roles roles0_ 
    where
        roles0_.user_id=?
Hibernate: 
    select
        roles0_.user_id as user_id1_11_0_,
        roles0_.roles as roles2_11_0_ 
    from
        user_roles roles0_ 
    where
        roles0_.user_id=?
Hibernate: 
    select
        roles0_.user_id as user_id1_11_0_,
        roles0_.roles as roles2_11_0_ 
    from
        user_roles roles0_ 
    where
        roles0_.user_id=?
Hibernate: 
    select
        roles0_.user_id as user_id1_11_0_,
        roles0_.roles as roles2_11_0_ 
    from
        user_roles roles0_ 
    where
        roles0_.user_id=?
Hibernate: 
    insert 
    into
        story_pin_like
        (created_at, updated_at, story_pin_id, user_id) 
    values
        (?, ?, ?, ?)
Hibernate: 
    insert 
    into
        story_pin_comment
        (created_at, updated_at, content, story_pin_id, user_id) 
    values
        (?, ?, ?, ?, ?)
Hibernate: 
    select
        user0_.id as id1_10_,
        user0_.created_at as created_2_10_,
        user0_.updated_at as updated_3_10_,
        user0_.age as age4_10_,
        user0_.background_image as backgrou5_10_,
        user0_.email as email6_10_,
        user0_.gender as gender7_10_,
        user0_.hobby as hobby8_10_,
        user0_.introduce as introduc9_10_,
        user0_.job as job10_10_,
        user0_.name as name11_10_,
        user0_.nick_name as nick_na12_10_,
        user0_.phone_num as phone_n13_10_,
        user0_.profile_image as profile14_10_,
        user0_.res_red_number as res_red15_10_,
        user0_.score as score16_10_ 
    from
        user user0_
Hibernate: 
    select
        roles0_.user_id as user_id1_11_0_,
        roles0_.roles as roles2_11_0_ 
    from
        user_roles roles0_ 
    where
        roles0_.user_id=?
Hibernate: 
    select
        roles0_.user_id as user_id1_11_0_,
        roles0_.roles as roles2_11_0_ 
    from
        user_roles roles0_ 
    where
        roles0_.user_id=?
Hibernate: 
    select
        roles0_.user_id as user_id1_11_0_,
        roles0_.roles as roles2_11_0_ 
    from
        user_roles roles0_ 
    where
        roles0_.user_id=?
Hibernate: 
    select
        roles0_.user_id as user_id1_11_0_,
        roles0_.roles as roles2_11_0_ 
    from
        user_roles roles0_ 
    where
        roles0_.user_id=?
Hibernate: 
    select
        roles0_.user_id as user_id1_11_0_,
        roles0_.roles as roles2_11_0_ 
    from
        user_roles roles0_ 
    where
        roles0_.user_id=?
Hibernate: 
    select
        user0_.id as id1_10_,
        user0_.created_at as created_2_10_,
        user0_.updated_at as updated_3_10_,
        user0_.age as age4_10_,
        user0_.background_image as backgrou5_10_,
        user0_.email as email6_10_,
        user0_.gender as gender7_10_,
        user0_.hobby as hobby8_10_,
        user0_.introduce as introduc9_10_,
        user0_.job as job10_10_,
        user0_.name as name11_10_,
        user0_.nick_name as nick_na12_10_,
        user0_.phone_num as phone_n13_10_,
        user0_.profile_image as profile14_10_,
        user0_.res_red_number as res_red15_10_,
        user0_.score as score16_10_ 
    from
        user user0_
Hibernate: 
    select
        roles0_.user_id as user_id1_11_0_,
        roles0_.roles as roles2_11_0_ 
    from
        user_roles roles0_ 
    where
        roles0_.user_id=?
Hibernate: 
    select
        roles0_.user_id as user_id1_11_0_,
        roles0_.roles as roles2_11_0_ 
    from
        user_roles roles0_ 
    where
        roles0_.user_id=?
Hibernate: 
    select
        roles0_.user_id as user_id1_11_0_,
        roles0_.roles as roles2_11_0_ 
    from
        user_roles roles0_ 
    where
        roles0_.user_id=?
Hibernate: 
    select
        roles0_.user_id as user_id1_11_0_,
        roles0_.roles as roles2_11_0_ 
    from
        user_roles roles0_ 
    where
        roles0_.user_id=?
Hibernate: 
    select
        roles0_.user_id as user_id1_11_0_,
        roles0_.roles as roles2_11_0_ 
    from
        user_roles roles0_ 
    where
        roles0_.user_id=?
Hibernate: 
    insert 
    into
        story_pin_like
        (created_at, updated_at, story_pin_id, user_id) 
    values
        (?, ?, ?, ?)
Hibernate: 
    insert 
    into
        story_pin_comment
        (created_at, updated_at, content, story_pin_id, user_id) 
    values
        (?, ?, ?, ?, ?)
Hibernate: 
    select
        user0_.id as id1_10_,
        user0_.created_at as created_2_10_,
        user0_.updated_at as updated_3_10_,
        user0_.age as age4_10_,
        user0_.background_image as backgrou5_10_,
        user0_.email as email6_10_,
        user0_.gender as gender7_10_,
        user0_.hobby as hobby8_10_,
        user0_.introduce as introduc9_10_,
        user0_.job as job10_10_,
        user0_.name as name11_10_,
        user0_.nick_name as nick_na12_10_,
        user0_.phone_num as phone_n13_10_,
        user0_.profile_image as profile14_10_,
        user0_.res_red_number as res_red15_10_,
        user0_.score as score16_10_ 
    from
        user user0_
Hibernate: 
    select
        roles0_.user_id as user_id1_11_0_,
        roles0_.roles as roles2_11_0_ 
    from
        user_roles roles0_ 
    where
        roles0_.user_id=?
Hibernate: 
    select
        roles0_.user_id as user_id1_11_0_,
        roles0_.roles as roles2_11_0_ 
    from
        user_roles roles0_ 
    where
        roles0_.user_id=?
Hibernate: 
    select
        roles0_.user_id as user_id1_11_0_,
        roles0_.roles as roles2_11_0_ 
    from
        user_roles roles0_ 
    where
        roles0_.user_id=?
Hibernate: 
    select
        roles0_.user_id as user_id1_11_0_,
        roles0_.roles as roles2_11_0_ 
    from
        user_roles roles0_ 
    where
        roles0_.user_id=?
Hibernate: 
    select
        roles0_.user_id as user_id1_11_0_,
        roles0_.roles as roles2_11_0_ 
    from
        user_roles roles0_ 
    where
        roles0_.user_id=?
Hibernate: 
    select
        user0_.id as id1_10_,
        user0_.created_at as created_2_10_,
        user0_.updated_at as updated_3_10_,
        user0_.age as age4_10_,
        user0_.background_image as backgrou5_10_,
        user0_.email as email6_10_,
        user0_.gender as gender7_10_,
        user0_.hobby as hobby8_10_,
        user0_.introduce as introduc9_10_,
        user0_.job as job10_10_,
        user0_.name as name11_10_,
        user0_.nick_name as nick_na12_10_,
        user0_.phone_num as phone_n13_10_,
        user0_.profile_image as profile14_10_,
        user0_.res_red_number as res_red15_10_,
        user0_.score as score16_10_ 
    from
        user user0_
Hibernate: 
    select
        roles0_.user_id as user_id1_11_0_,
        roles0_.roles as roles2_11_0_ 
    from
        user_roles roles0_ 
    where
        roles0_.user_id=?
Hibernate: 
    select
        roles0_.user_id as user_id1_11_0_,
        roles0_.roles as roles2_11_0_ 
    from
        user_roles roles0_ 
    where
        roles0_.user_id=?
Hibernate: 
    select
        roles0_.user_id as user_id1_11_0_,
        roles0_.roles as roles2_11_0_ 
    from
        user_roles roles0_ 
    where
        roles0_.user_id=?
Hibernate: 
    select
        roles0_.user_id as user_id1_11_0_,
        roles0_.roles as roles2_11_0_ 
    from
        user_roles roles0_ 
    where
        roles0_.user_id=?
Hibernate: 
    select
        roles0_.user_id as user_id1_11_0_,
        roles0_.roles as roles2_11_0_ 
    from
        user_roles roles0_ 
    where
        roles0_.user_id=?
Hibernate: 
    insert 
    into
        story_pin_like
        (created_at, updated_at, story_pin_id, user_id) 
    values
        (?, ?, ?, ?)
Hibernate: 
    insert 
    into
        story_pin_comment
        (created_at, updated_at, content, story_pin_id, user_id) 
    values
        (?, ?, ?, ?, ?)
Hibernate: 
    select
        user0_.id as id1_10_,
        user0_.created_at as created_2_10_,
        user0_.updated_at as updated_3_10_,
        user0_.age as age4_10_,
        user0_.background_image as backgrou5_10_,
        user0_.email as email6_10_,
        user0_.gender as gender7_10_,
        user0_.hobby as hobby8_10_,
        user0_.introduce as introduc9_10_,
        user0_.job as job10_10_,
        user0_.name as name11_10_,
        user0_.nick_name as nick_na12_10_,
        user0_.phone_num as phone_n13_10_,
        user0_.profile_image as profile14_10_,
        user0_.res_red_number as res_red15_10_,
        user0_.score as score16_10_ 
    from
        user user0_
Hibernate: 
    select
        roles0_.user_id as user_id1_11_0_,
        roles0_.roles as roles2_11_0_ 
    from
        user_roles roles0_ 
    where
        roles0_.user_id=?
Hibernate: 
    select
        roles0_.user_id as user_id1_11_0_,
        roles0_.roles as roles2_11_0_ 
    from
        user_roles roles0_ 
    where
        roles0_.user_id=?
Hibernate: 
    select
        roles0_.user_id as user_id1_11_0_,
        roles0_.roles as roles2_11_0_ 
    from
        user_roles roles0_ 
    where
        roles0_.user_id=?
Hibernate: 
    select
        roles0_.user_id as user_id1_11_0_,
        roles0_.roles as roles2_11_0_ 
    from
        user_roles roles0_ 
    where
        roles0_.user_id=?
Hibernate: 
    select
        roles0_.user_id as user_id1_11_0_,
        roles0_.roles as roles2_11_0_ 
    from
        user_roles roles0_ 
    where
        roles0_.user_id=?
Hibernate: 
    select
        user0_.id as id1_10_,
        user0_.created_at as created_2_10_,
        user0_.updated_at as updated_3_10_,
        user0_.age as age4_10_,
        user0_.background_image as backgrou5_10_,
        user0_.email as email6_10_,
        user0_.gender as gender7_10_,
        user0_.hobby as hobby8_10_,
        user0_.introduce as introduc9_10_,
        user0_.job as job10_10_,
        user0_.name as name11_10_,
        user0_.nick_name as nick_na12_10_,
        user0_.phone_num as phone_n13_10_,
        user0_.profile_image as profile14_10_,
        user0_.res_red_number as res_red15_10_,
        user0_.score as score16_10_ 
    from
        user user0_
Hibernate: 
    select
        roles0_.user_id as user_id1_11_0_,
        roles0_.roles as roles2_11_0_ 
    from
        user_roles roles0_ 
    where
        roles0_.user_id=?
Hibernate: 
    select
        roles0_.user_id as user_id1_11_0_,
        roles0_.roles as roles2_11_0_ 
    from
        user_roles roles0_ 
    where
        roles0_.user_id=?
Hibernate: 
    select
        roles0_.user_id as user_id1_11_0_,
        roles0_.roles as roles2_11_0_ 
    from
        user_roles roles0_ 
    where
        roles0_.user_id=?
Hibernate: 
    select
        roles0_.user_id as user_id1_11_0_,
        roles0_.roles as roles2_11_0_ 
    from
        user_roles roles0_ 
    where
        roles0_.user_id=?
Hibernate: 
    select
        roles0_.user_id as user_id1_11_0_,
        roles0_.roles as roles2_11_0_ 
    from
        user_roles roles0_ 
    where
        roles0_.user_id=?
Hibernate: 
    insert 
    into
        story_pin_like
        (created_at, updated_at, story_pin_id, user_id) 
    values
        (?, ?, ?, ?)
Hibernate: 
    insert 
    into
        story_pin_comment
        (created_at, updated_at, content, story_pin_id, user_id) 
    values
        (?, ?, ?, ?, ?)
Hibernate: 
    select
        user0_.id as id1_10_,
        user0_.created_at as created_2_10_,
        user0_.updated_at as updated_3_10_,
        user0_.age as age4_10_,
        user0_.background_image as backgrou5_10_,
        user0_.email as email6_10_,
        user0_.gender as gender7_10_,
        user0_.hobby as hobby8_10_,
        user0_.introduce as introduc9_10_,
        user0_.job as job10_10_,
        user0_.name as name11_10_,
        user0_.nick_name as nick_na12_10_,
        user0_.phone_num as phone_n13_10_,
        user0_.profile_image as profile14_10_,
        user0_.res_red_number as res_red15_10_,
        user0_.score as score16_10_ 
    from
        user user0_
Hibernate: 
    select
        roles0_.user_id as user_id1_11_0_,
        roles0_.roles as roles2_11_0_ 
    from
        user_roles roles0_ 
    where
        roles0_.user_id=?
Hibernate: 
    select
        roles0_.user_id as user_id1_11_0_,
        roles0_.roles as roles2_11_0_ 
    from
        user_roles roles0_ 
    where
        roles0_.user_id=?
Hibernate: 
    select
        roles0_.user_id as user_id1_11_0_,
        roles0_.roles as roles2_11_0_ 
    from
        user_roles roles0_ 
    where
        roles0_.user_id=?
Hibernate: 
    select
        roles0_.user_id as user_id1_11_0_,
        roles0_.roles as roles2_11_0_ 
    from
        user_roles roles0_ 
    where
        roles0_.user_id=?
Hibernate: 
    select
        roles0_.user_id as user_id1_11_0_,
        roles0_.roles as roles2_11_0_ 
    from
        user_roles roles0_ 
    where
        roles0_.user_id=?
Hibernate: 
    select
        user0_.id as id1_10_,
        user0_.created_at as created_2_10_,
        user0_.updated_at as updated_3_10_,
        user0_.age as age4_10_,
        user0_.background_image as backgrou5_10_,
        user0_.email as email6_10_,
        user0_.gender as gender7_10_,
        user0_.hobby as hobby8_10_,
        user0_.introduce as introduc9_10_,
        user0_.job as job10_10_,
        user0_.name as name11_10_,
        user0_.nick_name as nick_na12_10_,
        user0_.phone_num as phone_n13_10_,
        user0_.profile_image as profile14_10_,
        user0_.res_red_number as res_red15_10_,
        user0_.score as score16_10_ 
    from
        user user0_
Hibernate: 
    select
        roles0_.user_id as user_id1_11_0_,
        roles0_.roles as roles2_11_0_ 
    from
        user_roles roles0_ 
    where
        roles0_.user_id=?
Hibernate: 
    select
        roles0_.user_id as user_id1_11_0_,
        roles0_.roles as roles2_11_0_ 
    from
        user_roles roles0_ 
    where
        roles0_.user_id=?
Hibernate: 
    select
        roles0_.user_id as user_id1_11_0_,
        roles0_.roles as roles2_11_0_ 
    from
        user_roles roles0_ 
    where
        roles0_.user_id=?
Hibernate: 
    select
        roles0_.user_id as user_id1_11_0_,
        roles0_.roles as roles2_11_0_ 
    from
        user_roles roles0_ 
    where
        roles0_.user_id=?
Hibernate: 
    select
        roles0_.user_id as user_id1_11_0_,
        roles0_.roles as roles2_11_0_ 
    from
        user_roles roles0_ 
    where
        roles0_.user_id=?
Hibernate: 
    insert 
    into
        story_pin_like
        (created_at, updated_at, story_pin_id, user_id) 
    values
        (?, ?, ?, ?)
Hibernate: 
    insert 
    into
        story_pin_comment
        (created_at, updated_at, content, story_pin_id, user_id) 
    values
        (?, ?, ?, ?, ?)
Hibernate: 
    select
        user0_.id as id1_10_,
        user0_.created_at as created_2_10_,
        user0_.updated_at as updated_3_10_,
        user0_.age as age4_10_,
        user0_.background_image as backgrou5_10_,
        user0_.email as email6_10_,
        user0_.gender as gender7_10_,
        user0_.hobby as hobby8_10_,
        user0_.introduce as introduc9_10_,
        user0_.job as job10_10_,
        user0_.name as name11_10_,
        user0_.nick_name as nick_na12_10_,
        user0_.phone_num as phone_n13_10_,
        user0_.profile_image as profile14_10_,
        user0_.res_red_number as res_red15_10_,
        user0_.score as score16_10_ 
    from
        user user0_
Hibernate: 
    select
        roles0_.user_id as user_id1_11_0_,
        roles0_.roles as roles2_11_0_ 
    from
        user_roles roles0_ 
    where
        roles0_.user_id=?
Hibernate: 
    select
        roles0_.user_id as user_id1_11_0_,
        roles0_.roles as roles2_11_0_ 
    from
        user_roles roles0_ 
    where
        roles0_.user_id=?
Hibernate: 
    select
        roles0_.user_id as user_id1_11_0_,
        roles0_.roles as roles2_11_0_ 
    from
        user_roles roles0_ 
    where
        roles0_.user_id=?
Hibernate: 
    select
        roles0_.user_id as user_id1_11_0_,
        roles0_.roles as roles2_11_0_ 
    from
        user_roles roles0_ 
    where
        roles0_.user_id=?
Hibernate: 
    select
        roles0_.user_id as user_id1_11_0_,
        roles0_.roles as roles2_11_0_ 
    from
        user_roles roles0_ 
    where
        roles0_.user_id=?
Hibernate: 
    select
        user0_.id as id1_10_,
        user0_.created_at as created_2_10_,
        user0_.updated_at as updated_3_10_,
        user0_.age as age4_10_,
        user0_.background_image as backgrou5_10_,
        user0_.email as email6_10_,
        user0_.gender as gender7_10_,
        user0_.hobby as hobby8_10_,
        user0_.introduce as introduc9_10_,
        user0_.job as job10_10_,
        user0_.name as name11_10_,
        user0_.nick_name as nick_na12_10_,
        user0_.phone_num as phone_n13_10_,
        user0_.profile_image as profile14_10_,
        user0_.res_red_number as res_red15_10_,
        user0_.score as score16_10_ 
    from
        user user0_
Hibernate: 
    select
        roles0_.user_id as user_id1_11_0_,
        roles0_.roles as roles2_11_0_ 
    from
        user_roles roles0_ 
    where
        roles0_.user_id=?
Hibernate: 
    select
        roles0_.user_id as user_id1_11_0_,
        roles0_.roles as roles2_11_0_ 
    from
        user_roles roles0_ 
    where
        roles0_.user_id=?
Hibernate: 
    select
        roles0_.user_id as user_id1_11_0_,
        roles0_.roles as roles2_11_0_ 
    from
        user_roles roles0_ 
    where
        roles0_.user_id=?
Hibernate: 
    select
        roles0_.user_id as user_id1_11_0_,
        roles0_.roles as roles2_11_0_ 
    from
        user_roles roles0_ 
    where
        roles0_.user_id=?
Hibernate: 
    select
        roles0_.user_id as user_id1_11_0_,
        roles0_.roles as roles2_11_0_ 
    from
        user_roles roles0_ 
    where
        roles0_.user_id=?
Hibernate: 
    insert 
    into
        story_pin_like
        (created_at, updated_at, story_pin_id, user_id) 
    values
        (?, ?, ?, ?)
Hibernate: 
    insert 
    into
        story_pin_comment
        (created_at, updated_at, content, story_pin_id, user_id) 
    values
        (?, ?, ?, ?, ?)
Hibernate: 
    select
        user0_.id as id1_10_,
        user0_.created_at as created_2_10_,
        user0_.updated_at as updated_3_10_,
        user0_.age as age4_10_,
        user0_.background_image as backgrou5_10_,
        user0_.email as email6_10_,
        user0_.gender as gender7_10_,
        user0_.hobby as hobby8_10_,
        user0_.introduce as introduc9_10_,
        user0_.job as job10_10_,
        user0_.name as name11_10_,
        user0_.nick_name as nick_na12_10_,
        user0_.phone_num as phone_n13_10_,
        user0_.profile_image as profile14_10_,
        user0_.res_red_number as res_red15_10_,
        user0_.score as score16_10_ 
    from
        user user0_
Hibernate: 
    select
        roles0_.user_id as user_id1_11_0_,
        roles0_.roles as roles2_11_0_ 
    from
        user_roles roles0_ 
    where
        roles0_.user_id=?
Hibernate: 
    select
        roles0_.user_id as user_id1_11_0_,
        roles0_.roles as roles2_11_0_ 
    from
        user_roles roles0_ 
    where
        roles0_.user_id=?
Hibernate: 
    select
        roles0_.user_id as user_id1_11_0_,
        roles0_.roles as roles2_11_0_ 
    from
        user_roles roles0_ 
    where
        roles0_.user_id=?
Hibernate: 
    select
        roles0_.user_id as user_id1_11_0_,
        roles0_.roles as roles2_11_0_ 
    from
        user_roles roles0_ 
    where
        roles0_.user_id=?
Hibernate: 
    select
        roles0_.user_id as user_id1_11_0_,
        roles0_.roles as roles2_11_0_ 
    from
        user_roles roles0_ 
    where
        roles0_.user_id=?
Hibernate: 
    select
        user0_.id as id1_10_,
        user0_.created_at as created_2_10_,
        user0_.updated_at as updated_3_10_,
        user0_.age as age4_10_,
        user0_.background_image as backgrou5_10_,
        user0_.email as email6_10_,
        user0_.gender as gender7_10_,
        user0_.hobby as hobby8_10_,
        user0_.introduce as introduc9_10_,
        user0_.job as job10_10_,
        user0_.name as name11_10_,
        user0_.nick_name as nick_na12_10_,
        user0_.phone_num as phone_n13_10_,
        user0_.profile_image as profile14_10_,
        user0_.res_red_number as res_red15_10_,
        user0_.score as score16_10_ 
    from
        user user0_
Hibernate: 
    select
        roles0_.user_id as user_id1_11_0_,
        roles0_.roles as roles2_11_0_ 
    from
        user_roles roles0_ 
    where
        roles0_.user_id=?
Hibernate: 
    select
        roles0_.user_id as user_id1_11_0_,
        roles0_.roles as roles2_11_0_ 
    from
        user_roles roles0_ 
    where
        roles0_.user_id=?
Hibernate: 
    select
        roles0_.user_id as user_id1_11_0_,
        roles0_.roles as roles2_11_0_ 
    from
        user_roles roles0_ 
    where
        roles0_.user_id=?
Hibernate: 
    select
        roles0_.user_id as user_id1_11_0_,
        roles0_.roles as roles2_11_0_ 
    from
        user_roles roles0_ 
    where
        roles0_.user_id=?
Hibernate: 
    select
        roles0_.user_id as user_id1_11_0_,
        roles0_.roles as roles2_11_0_ 
    from
        user_roles roles0_ 
    where
        roles0_.user_id=?
Hibernate: 
    insert 
    into
        story_pin_like
        (created_at, updated_at, story_pin_id, user_id) 
    values
        (?, ?, ?, ?)
Hibernate: 
    insert 
    into
        story_pin_comment
        (created_at, updated_at, content, story_pin_id, user_id) 
    values
        (?, ?, ?, ?, ?)
Hibernate: 
    select
        user0_.id as id1_10_,
        user0_.created_at as created_2_10_,
        user0_.updated_at as updated_3_10_,
        user0_.age as age4_10_,
        user0_.background_image as backgrou5_10_,
        user0_.email as email6_10_,
        user0_.gender as gender7_10_,
        user0_.hobby as hobby8_10_,
        user0_.introduce as introduc9_10_,
        user0_.job as job10_10_,
        user0_.name as name11_10_,
        user0_.nick_name as nick_na12_10_,
        user0_.phone_num as phone_n13_10_,
        user0_.profile_image as profile14_10_,
        user0_.res_red_number as res_red15_10_,
        user0_.score as score16_10_ 
    from
        user user0_
Hibernate: 
    select
        roles0_.user_id as user_id1_11_0_,
        roles0_.roles as roles2_11_0_ 
    from
        user_roles roles0_ 
    where
        roles0_.user_id=?
Hibernate: 
    select
        roles0_.user_id as user_id1_11_0_,
        roles0_.roles as roles2_11_0_ 
    from
        user_roles roles0_ 
    where
        roles0_.user_id=?
Hibernate: 
    select
        roles0_.user_id as user_id1_11_0_,
        roles0_.roles as roles2_11_0_ 
    from
        user_roles roles0_ 
    where
        roles0_.user_id=?
Hibernate: 
    select
        roles0_.user_id as user_id1_11_0_,
        roles0_.roles as roles2_11_0_ 
    from
        user_roles roles0_ 
    where
        roles0_.user_id=?
Hibernate: 
    select
        roles0_.user_id as user_id1_11_0_,
        roles0_.roles as roles2_11_0_ 
    from
        user_roles roles0_ 
    where
        roles0_.user_id=?
Hibernate: 
    select
        user0_.id as id1_10_,
        user0_.created_at as created_2_10_,
        user0_.updated_at as updated_3_10_,
        user0_.age as age4_10_,
        user0_.background_image as backgrou5_10_,
        user0_.email as email6_10_,
        user0_.gender as gender7_10_,
        user0_.hobby as hobby8_10_,
        user0_.introduce as introduc9_10_,
        user0_.job as job10_10_,
        user0_.name as name11_10_,
        user0_.nick_name as nick_na12_10_,
        user0_.phone_num as phone_n13_10_,
        user0_.profile_image as profile14_10_,
        user0_.res_red_number as res_red15_10_,
        user0_.score as score16_10_ 
    from
        user user0_
Hibernate: 
    select
        roles0_.user_id as user_id1_11_0_,
        roles0_.roles as roles2_11_0_ 
    from
        user_roles roles0_ 
    where
        roles0_.user_id=?
Hibernate: 
    select
        roles0_.user_id as user_id1_11_0_,
        roles0_.roles as roles2_11_0_ 
    from
        user_roles roles0_ 
    where
        roles0_.user_id=?
Hibernate: 
    select
        roles0_.user_id as user_id1_11_0_,
        roles0_.roles as roles2_11_0_ 
    from
        user_roles roles0_ 
    where
        roles0_.user_id=?
Hibernate: 
    select
        roles0_.user_id as user_id1_11_0_,
        roles0_.roles as roles2_11_0_ 
    from
        user_roles roles0_ 
    where
        roles0_.user_id=?
Hibernate: 
    select
        roles0_.user_id as user_id1_11_0_,
        roles0_.roles as roles2_11_0_ 
    from
        user_roles roles0_ 
    where
        roles0_.user_id=?
Hibernate: 
    insert 
    into
        story_pin_like
        (created_at, updated_at, story_pin_id, user_id) 
    values
        (?, ?, ?, ?)
Hibernate: 
    insert 
    into
        story_pin_comment
        (created_at, updated_at, content, story_pin_id, user_id) 
    values
        (?, ?, ?, ?, ?)
Hibernate: 
    select
        user0_.id as id1_10_,
        user0_.created_at as created_2_10_,
        user0_.updated_at as updated_3_10_,
        user0_.age as age4_10_,
        user0_.background_image as backgrou5_10_,
        user0_.email as email6_10_,
        user0_.gender as gender7_10_,
        user0_.hobby as hobby8_10_,
        user0_.introduce as introduc9_10_,
        user0_.job as job10_10_,
        user0_.name as name11_10_,
        user0_.nick_name as nick_na12_10_,
        user0_.phone_num as phone_n13_10_,
        user0_.profile_image as profile14_10_,
        user0_.res_red_number as res_red15_10_,
        user0_.score as score16_10_ 
    from
        user user0_
Hibernate: 
    select
        roles0_.user_id as user_id1_11_0_,
        roles0_.roles as roles2_11_0_ 
    from
        user_roles roles0_ 
    where
        roles0_.user_id=?
Hibernate: 
    select
        roles0_.user_id as user_id1_11_0_,
        roles0_.roles as roles2_11_0_ 
    from
        user_roles roles0_ 
    where
        roles0_.user_id=?
Hibernate: 
    select
        roles0_.user_id as user_id1_11_0_,
        roles0_.roles as roles2_11_0_ 
    from
        user_roles roles0_ 
    where
        roles0_.user_id=?
Hibernate: 
    select
        roles0_.user_id as user_id1_11_0_,
        roles0_.roles as roles2_11_0_ 
    from
        user_roles roles0_ 
    where
        roles0_.user_id=?
Hibernate: 
    select
        roles0_.user_id as user_id1_11_0_,
        roles0_.roles as roles2_11_0_ 
    from
        user_roles roles0_ 
    where
        roles0_.user_id=?
Hibernate: 
    select
        user0_.id as id1_10_,
        user0_.created_at as created_2_10_,
        user0_.updated_at as updated_3_10_,
        user0_.age as age4_10_,
        user0_.background_image as backgrou5_10_,
        user0_.email as email6_10_,
        user0_.gender as gender7_10_,
        user0_.hobby as hobby8_10_,
        user0_.introduce as introduc9_10_,
        user0_.job as job10_10_,
        user0_.name as name11_10_,
        user0_.nick_name as nick_na12_10_,
        user0_.phone_num as phone_n13_10_,
        user0_.profile_image as profile14_10_,
        user0_.res_red_number as res_red15_10_,
        user0_.score as score16_10_ 
    from
        user user0_
Hibernate: 
    select
        roles0_.user_id as user_id1_11_0_,
        roles0_.roles as roles2_11_0_ 
    from
        user_roles roles0_ 
    where
        roles0_.user_id=?
Hibernate: 
    select
        roles0_.user_id as user_id1_11_0_,
        roles0_.roles as roles2_11_0_ 
    from
        user_roles roles0_ 
    where
        roles0_.user_id=?
Hibernate: 
    select
        roles0_.user_id as user_id1_11_0_,
        roles0_.roles as roles2_11_0_ 
    from
        user_roles roles0_ 
    where
        roles0_.user_id=?
Hibernate: 
    select
        roles0_.user_id as user_id1_11_0_,
        roles0_.roles as roles2_11_0_ 
    from
        user_roles roles0_ 
    where
        roles0_.user_id=?
Hibernate: 
    select
        roles0_.user_id as user_id1_11_0_,
        roles0_.roles as roles2_11_0_ 
    from
        user_roles roles0_ 
    where
        roles0_.user_id=?
Hibernate: 
    insert 
    into
        story_pin_like
        (created_at, updated_at, story_pin_id, user_id) 
    values
        (?, ?, ?, ?)
Hibernate: 
    insert 
    into
        story_pin_comment
        (created_at, updated_at, content, story_pin_id, user_id) 
    values
        (?, ?, ?, ?, ?)
Hibernate: 
    select
        user0_.id as id1_10_,
        user0_.created_at as created_2_10_,
        user0_.updated_at as updated_3_10_,
        user0_.age as age4_10_,
        user0_.background_image as backgrou5_10_,
        user0_.email as email6_10_,
        user0_.gender as gender7_10_,
        user0_.hobby as hobby8_10_,
        user0_.introduce as introduc9_10_,
        user0_.job as job10_10_,
        user0_.name as name11_10_,
        user0_.nick_name as nick_na12_10_,
        user0_.phone_num as phone_n13_10_,
        user0_.profile_image as profile14_10_,
        user0_.res_red_number as res_red15_10_,
        user0_.score as score16_10_ 
    from
        user user0_
Hibernate: 
    select
        roles0_.user_id as user_id1_11_0_,
        roles0_.roles as roles2_11_0_ 
    from
        user_roles roles0_ 
    where
        roles0_.user_id=?
Hibernate: 
    select
        roles0_.user_id as user_id1_11_0_,
        roles0_.roles as roles2_11_0_ 
    from
        user_roles roles0_ 
    where
        roles0_.user_id=?
Hibernate: 
    select
        roles0_.user_id as user_id1_11_0_,
        roles0_.roles as roles2_11_0_ 
    from
        user_roles roles0_ 
    where
        roles0_.user_id=?
Hibernate: 
    select
        roles0_.user_id as user_id1_11_0_,
        roles0_.roles as roles2_11_0_ 
    from
        user_roles roles0_ 
    where
        roles0_.user_id=?
Hibernate: 
    select
        roles0_.user_id as user_id1_11_0_,
        roles0_.roles as roles2_11_0_ 
    from
        user_roles roles0_ 
    where
        roles0_.user_id=?
Hibernate: 
    select
        user0_.id as id1_10_,
        user0_.created_at as created_2_10_,
        user0_.updated_at as updated_3_10_,
        user0_.age as age4_10_,
        user0_.background_image as backgrou5_10_,
        user0_.email as email6_10_,
        user0_.gender as gender7_10_,
        user0_.hobby as hobby8_10_,
        user0_.introduce as introduc9_10_,
        user0_.job as job10_10_,
        user0_.name as name11_10_,
        user0_.nick_name as nick_na12_10_,
        user0_.phone_num as phone_n13_10_,
        user0_.profile_image as profile14_10_,
        user0_.res_red_number as res_red15_10_,
        user0_.score as score16_10_ 
    from
        user user0_
Hibernate: 
    select
        roles0_.user_id as user_id1_11_0_,
        roles0_.roles as roles2_11_0_ 
    from
        user_roles roles0_ 
    where
        roles0_.user_id=?
Hibernate: 
    select
        roles0_.user_id as user_id1_11_0_,
        roles0_.roles as roles2_11_0_ 
    from
        user_roles roles0_ 
    where
        roles0_.user_id=?
Hibernate: 
    select
        roles0_.user_id as user_id1_11_0_,
        roles0_.roles as roles2_11_0_ 
    from
        user_roles roles0_ 
    where
        roles0_.user_id=?
Hibernate: 
    select
        roles0_.user_id as user_id1_11_0_,
        roles0_.roles as roles2_11_0_ 
    from
        user_roles roles0_ 
    where
        roles0_.user_id=?
Hibernate: 
    select
        roles0_.user_id as user_id1_11_0_,
        roles0_.roles as roles2_11_0_ 
    from
        user_roles roles0_ 
    where
        roles0_.user_id=?
Hibernate: 
    insert 
    into
        story_pin_like
        (created_at, updated_at, story_pin_id, user_id) 
    values
        (?, ?, ?, ?)
Hibernate: 
    insert 
    into
        story_pin_comment
        (created_at, updated_at, content, story_pin_id, user_id) 
    values
        (?, ?, ?, ?, ?)
Hibernate: 
    select
        user0_.id as id1_10_,
        user0_.created_at as created_2_10_,
        user0_.updated_at as updated_3_10_,
        user0_.age as age4_10_,
        user0_.background_image as backgrou5_10_,
        user0_.email as email6_10_,
        user0_.gender as gender7_10_,
        user0_.hobby as hobby8_10_,
        user0_.introduce as introduc9_10_,
        user0_.job as job10_10_,
        user0_.name as name11_10_,
        user0_.nick_name as nick_na12_10_,
        user0_.phone_num as phone_n13_10_,
        user0_.profile_image as profile14_10_,
        user0_.res_red_number as res_red15_10_,
        user0_.score as score16_10_ 
    from
        user user0_
Hibernate: 
    select
        roles0_.user_id as user_id1_11_0_,
        roles0_.roles as roles2_11_0_ 
    from
        user_roles roles0_ 
    where
        roles0_.user_id=?
Hibernate: 
    select
        roles0_.user_id as user_id1_11_0_,
        roles0_.roles as roles2_11_0_ 
    from
        user_roles roles0_ 
    where
        roles0_.user_id=?
Hibernate: 
    select
        roles0_.user_id as user_id1_11_0_,
        roles0_.roles as roles2_11_0_ 
    from
        user_roles roles0_ 
    where
        roles0_.user_id=?
Hibernate: 
    select
        roles0_.user_id as user_id1_11_0_,
        roles0_.roles as roles2_11_0_ 
    from
        user_roles roles0_ 
    where
        roles0_.user_id=?
Hibernate: 
    select
        roles0_.user_id as user_id1_11_0_,
        roles0_.roles as roles2_11_0_ 
    from
        user_roles roles0_ 
    where
        roles0_.user_id=?
Hibernate: 
    select
        user0_.id as id1_10_,
        user0_.created_at as created_2_10_,
        user0_.updated_at as updated_3_10_,
        user0_.age as age4_10_,
        user0_.background_image as backgrou5_10_,
        user0_.email as email6_10_,
        user0_.gender as gender7_10_,
        user0_.hobby as hobby8_10_,
        user0_.introduce as introduc9_10_,
        user0_.job as job10_10_,
        user0_.name as name11_10_,
        user0_.nick_name as nick_na12_10_,
        user0_.phone_num as phone_n13_10_,
        user0_.profile_image as profile14_10_,
        user0_.res_red_number as res_red15_10_,
        user0_.score as score16_10_ 
    from
        user user0_
Hibernate: 
    select
        roles0_.user_id as user_id1_11_0_,
        roles0_.roles as roles2_11_0_ 
    from
        user_roles roles0_ 
    where
        roles0_.user_id=?
Hibernate: 
    select
        roles0_.user_id as user_id1_11_0_,
        roles0_.roles as roles2_11_0_ 
    from
        user_roles roles0_ 
    where
        roles0_.user_id=?
Hibernate: 
    select
        roles0_.user_id as user_id1_11_0_,
        roles0_.roles as roles2_11_0_ 
    from
        user_roles roles0_ 
    where
        roles0_.user_id=?
Hibernate: 
    select
        roles0_.user_id as user_id1_11_0_,
        roles0_.roles as roles2_11_0_ 
    from
        user_roles roles0_ 
    where
        roles0_.user_id=?
Hibernate: 
    select
        roles0_.user_id as user_id1_11_0_,
        roles0_.roles as roles2_11_0_ 
    from
        user_roles roles0_ 
    where
        roles0_.user_id=?
Hibernate: 
    insert 
    into
        story_pin_like
        (created_at, updated_at, story_pin_id, user_id) 
    values
        (?, ?, ?, ?)
Hibernate: 
    insert 
    into
        story_pin_comment
        (created_at, updated_at, content, story_pin_id, user_id) 
    values
        (?, ?, ?, ?, ?)
Hibernate: 
    select
        user0_.id as id1_10_,
        user0_.created_at as created_2_10_,
        user0_.updated_at as updated_3_10_,
        user0_.age as age4_10_,
        user0_.background_image as backgrou5_10_,
        user0_.email as email6_10_,
        user0_.gender as gender7_10_,
        user0_.hobby as hobby8_10_,
        user0_.introduce as introduc9_10_,
        user0_.job as job10_10_,
        user0_.name as name11_10_,
        user0_.nick_name as nick_na12_10_,
        user0_.phone_num as phone_n13_10_,
        user0_.profile_image as profile14_10_,
        user0_.res_red_number as res_red15_10_,
        user0_.score as score16_10_ 
    from
        user user0_
Hibernate: 
    select
        roles0_.user_id as user_id1_11_0_,
        roles0_.roles as roles2_11_0_ 
    from
        user_roles roles0_ 
    where
        roles0_.user_id=?
Hibernate: 
    select
        roles0_.user_id as user_id1_11_0_,
        roles0_.roles as roles2_11_0_ 
    from
        user_roles roles0_ 
    where
        roles0_.user_id=?
Hibernate: 
    select
        roles0_.user_id as user_id1_11_0_,
        roles0_.roles as roles2_11_0_ 
    from
        user_roles roles0_ 
    where
        roles0_.user_id=?
Hibernate: 
    select
        roles0_.user_id as user_id1_11_0_,
        roles0_.roles as roles2_11_0_ 
    from
        user_roles roles0_ 
    where
        roles0_.user_id=?
Hibernate: 
    select
        roles0_.user_id as user_id1_11_0_,
        roles0_.roles as roles2_11_0_ 
    from
        user_roles roles0_ 
    where
        roles0_.user_id=?
Hibernate: 
    select
        user0_.id as id1_10_,
        user0_.created_at as created_2_10_,
        user0_.updated_at as updated_3_10_,
        user0_.age as age4_10_,
        user0_.background_image as backgrou5_10_,
        user0_.email as email6_10_,
        user0_.gender as gender7_10_,
        user0_.hobby as hobby8_10_,
        user0_.introduce as introduc9_10_,
        user0_.job as job10_10_,
        user0_.name as name11_10_,
        user0_.nick_name as nick_na12_10_,
        user0_.phone_num as phone_n13_10_,
        user0_.profile_image as profile14_10_,
        user0_.res_red_number as res_red15_10_,
        user0_.score as score16_10_ 
    from
        user user0_
Hibernate: 
    select
        roles0_.user_id as user_id1_11_0_,
        roles0_.roles as roles2_11_0_ 
    from
        user_roles roles0_ 
    where
        roles0_.user_id=?
Hibernate: 
    select
        roles0_.user_id as user_id1_11_0_,
        roles0_.roles as roles2_11_0_ 
    from
        user_roles roles0_ 
    where
        roles0_.user_id=?
Hibernate: 
    select
        roles0_.user_id as user_id1_11_0_,
        roles0_.roles as roles2_11_0_ 
    from
        user_roles roles0_ 
    where
        roles0_.user_id=?
Hibernate: 
    select
        roles0_.user_id as user_id1_11_0_,
        roles0_.roles as roles2_11_0_ 
    from
        user_roles roles0_ 
    where
        roles0_.user_id=?
Hibernate: 
    select
        roles0_.user_id as user_id1_11_0_,
        roles0_.roles as roles2_11_0_ 
    from
        user_roles roles0_ 
    where
        roles0_.user_id=?
Hibernate: 
    insert 
    into
        story_pin_like
        (created_at, updated_at, story_pin_id, user_id) 
    values
        (?, ?, ?, ?)
Hibernate: 
    insert 
    into
        story_pin_comment
        (created_at, updated_at, content, story_pin_id, user_id) 
    values
        (?, ?, ?, ?, ?)
Hibernate: 
    select
        user0_.id as id1_10_,
        user0_.created_at as created_2_10_,
        user0_.updated_at as updated_3_10_,
        user0_.age as age4_10_,
        user0_.background_image as backgrou5_10_,
        user0_.email as email6_10_,
        user0_.gender as gender7_10_,
        user0_.hobby as hobby8_10_,
        user0_.introduce as introduc9_10_,
        user0_.job as job10_10_,
        user0_.name as name11_10_,
        user0_.nick_name as nick_na12_10_,
        user0_.phone_num as phone_n13_10_,
        user0_.profile_image as profile14_10_,
        user0_.res_red_number as res_red15_10_,
        user0_.score as score16_10_ 
    from
        user user0_
Hibernate: 
    select
        roles0_.user_id as user_id1_11_0_,
        roles0_.roles as roles2_11_0_ 
    from
        user_roles roles0_ 
    where
        roles0_.user_id=?
Hibernate: 
    select
        roles0_.user_id as user_id1_11_0_,
        roles0_.roles as roles2_11_0_ 
    from
        user_roles roles0_ 
    where
        roles0_.user_id=?
Hibernate: 
    select
        roles0_.user_id as user_id1_11_0_,
        roles0_.roles as roles2_11_0_ 
    from
        user_roles roles0_ 
    where
        roles0_.user_id=?
Hibernate: 
    select
        roles0_.user_id as user_id1_11_0_,
        roles0_.roles as roles2_11_0_ 
    from
        user_roles roles0_ 
    where
        roles0_.user_id=?
Hibernate: 
    select
        roles0_.user_id as user_id1_11_0_,
        roles0_.roles as roles2_11_0_ 
    from
        user_roles roles0_ 
    where
        roles0_.user_id=?
Hibernate: 
    select
        user0_.id as id1_10_,
        user0_.created_at as created_2_10_,
        user0_.updated_at as updated_3_10_,
        user0_.age as age4_10_,
        user0_.background_image as backgrou5_10_,
        user0_.email as email6_10_,
        user0_.gender as gender7_10_,
        user0_.hobby as hobby8_10_,
        user0_.introduce as introduc9_10_,
        user0_.job as job10_10_,
        user0_.name as name11_10_,
        user0_.nick_name as nick_na12_10_,
        user0_.phone_num as phone_n13_10_,
        user0_.profile_image as profile14_10_,
        user0_.res_red_number as res_red15_10_,
        user0_.score as score16_10_ 
    from
        user user0_
Hibernate: 
    select
        roles0_.user_id as user_id1_11_0_,
        roles0_.roles as roles2_11_0_ 
    from
        user_roles roles0_ 
    where
        roles0_.user_id=?
Hibernate: 
    select
        roles0_.user_id as user_id1_11_0_,
        roles0_.roles as roles2_11_0_ 
    from
        user_roles roles0_ 
    where
        roles0_.user_id=?
Hibernate: 
    select
        roles0_.user_id as user_id1_11_0_,
        roles0_.roles as roles2_11_0_ 
    from
        user_roles roles0_ 
    where
        roles0_.user_id=?
Hibernate: 
    select
        roles0_.user_id as user_id1_11_0_,
        roles0_.roles as roles2_11_0_ 
    from
        user_roles roles0_ 
    where
        roles0_.user_id=?
Hibernate: 
    select
        roles0_.user_id as user_id1_11_0_,
        roles0_.roles as roles2_11_0_ 
    from
        user_roles roles0_ 
    where
        roles0_.user_id=?
Hibernate: 
    insert 
    into
        story_pin_like
        (created_at, updated_at, story_pin_id, user_id) 
    values
        (?, ?, ?, ?)
Hibernate: 
    insert 
    into
        story_pin_comment
        (created_at, updated_at, content, story_pin_id, user_id) 
    values
        (?, ?, ?, ?, ?)
Hibernate: 
    select
        user0_.id as id1_10_,
        user0_.created_at as created_2_10_,
        user0_.updated_at as updated_3_10_,
        user0_.age as age4_10_,
        user0_.background_image as backgrou5_10_,
        user0_.email as email6_10_,
        user0_.gender as gender7_10_,
        user0_.hobby as hobby8_10_,
        user0_.introduce as introduc9_10_,
        user0_.job as job10_10_,
        user0_.name as name11_10_,
        user0_.nick_name as nick_na12_10_,
        user0_.phone_num as phone_n13_10_,
        user0_.profile_image as profile14_10_,
        user0_.res_red_number as res_red15_10_,
        user0_.score as score16_10_ 
    from
        user user0_
Hibernate: 
    select
        roles0_.user_id as user_id1_11_0_,
        roles0_.roles as roles2_11_0_ 
    from
        user_roles roles0_ 
    where
        roles0_.user_id=?
Hibernate: 
    select
        roles0_.user_id as user_id1_11_0_,
        roles0_.roles as roles2_11_0_ 
    from
        user_roles roles0_ 
    where
        roles0_.user_id=?
Hibernate: 
    select
        roles0_.user_id as user_id1_11_0_,
        roles0_.roles as roles2_11_0_ 
    from
        user_roles roles0_ 
    where
        roles0_.user_id=?
Hibernate: 
    select
        roles0_.user_id as user_id1_11_0_,
        roles0_.roles as roles2_11_0_ 
    from
        user_roles roles0_ 
    where
        roles0_.user_id=?
Hibernate: 
    select
        roles0_.user_id as user_id1_11_0_,
        roles0_.roles as roles2_11_0_ 
    from
        user_roles roles0_ 
    where
        roles0_.user_id=?
Hibernate: 
    select
        user0_.id as id1_10_,
        user0_.created_at as created_2_10_,
        user0_.updated_at as updated_3_10_,
        user0_.age as age4_10_,
        user0_.background_image as backgrou5_10_,
        user0_.email as email6_10_,
        user0_.gender as gender7_10_,
        user0_.hobby as hobby8_10_,
        user0_.introduce as introduc9_10_,
        user0_.job as job10_10_,
        user0_.name as name11_10_,
        user0_.nick_name as nick_na12_10_,
        user0_.phone_num as phone_n13_10_,
        user0_.profile_image as profile14_10_,
        user0_.res_red_number as res_red15_10_,
        user0_.score as score16_10_ 
    from
        user user0_
Hibernate: 
    select
        roles0_.user_id as user_id1_11_0_,
        roles0_.roles as roles2_11_0_ 
    from
        user_roles roles0_ 
    where
        roles0_.user_id=?
Hibernate: 
    select
        roles0_.user_id as user_id1_11_0_,
        roles0_.roles as roles2_11_0_ 
    from
        user_roles roles0_ 
    where
        roles0_.user_id=?
Hibernate: 
    select
        roles0_.user_id as user_id1_11_0_,
        roles0_.roles as roles2_11_0_ 
    from
        user_roles roles0_ 
    where
        roles0_.user_id=?
Hibernate: 
    select
        roles0_.user_id as user_id1_11_0_,
        roles0_.roles as roles2_11_0_ 
    from
        user_roles roles0_ 
    where
        roles0_.user_id=?
Hibernate: 
    select
        roles0_.user_id as user_id1_11_0_,
        roles0_.roles as roles2_11_0_ 
    from
        user_roles roles0_ 
    where
        roles0_.user_id=?
Hibernate: 
    insert 
    into
        story_pin_like
        (created_at, updated_at, story_pin_id, user_id) 
    values
        (?, ?, ?, ?)
Hibernate: 
    insert 
    into
        story_pin_comment
        (created_at, updated_at, content, story_pin_id, user_id) 
    values
        (?, ?, ?, ?, ?)
Hibernate: 
    select
        user0_.id as id1_10_,
        user0_.created_at as created_2_10_,
        user0_.updated_at as updated_3_10_,
        user0_.age as age4_10_,
        user0_.background_image as backgrou5_10_,
        user0_.email as email6_10_,
        user0_.gender as gender7_10_,
        user0_.hobby as hobby8_10_,
        user0_.introduce as introduc9_10_,
        user0_.job as job10_10_,
        user0_.name as name11_10_,
        user0_.nick_name as nick_na12_10_,
        user0_.phone_num as phone_n13_10_,
        user0_.profile_image as profile14_10_,
        user0_.res_red_number as res_red15_10_,
        user0_.score as score16_10_ 
    from
        user user0_
Hibernate: 
    select
        roles0_.user_id as user_id1_11_0_,
        roles0_.roles as roles2_11_0_ 
    from
        user_roles roles0_ 
    where
        roles0_.user_id=?
Hibernate: 
    select
        roles0_.user_id as user_id1_11_0_,
        roles0_.roles as roles2_11_0_ 
    from
        user_roles roles0_ 
    where
        roles0_.user_id=?
Hibernate: 
    select
        roles0_.user_id as user_id1_11_0_,
        roles0_.roles as roles2_11_0_ 
    from
        user_roles roles0_ 
    where
        roles0_.user_id=?
Hibernate: 
    select
        roles0_.user_id as user_id1_11_0_,
        roles0_.roles as roles2_11_0_ 
    from
        user_roles roles0_ 
    where
        roles0_.user_id=?
Hibernate: 
    select
        roles0_.user_id as user_id1_11_0_,
        roles0_.roles as roles2_11_0_ 
    from
        user_roles roles0_ 
    where
        roles0_.user_id=?
Hibernate: 
    select
        user0_.id as id1_10_,
        user0_.created_at as created_2_10_,
        user0_.updated_at as updated_3_10_,
        user0_.age as age4_10_,
        user0_.background_image as backgrou5_10_,
        user0_.email as email6_10_,
        user0_.gender as gender7_10_,
        user0_.hobby as hobby8_10_,
        user0_.introduce as introduc9_10_,
        user0_.job as job10_10_,
        user0_.name as name11_10_,
        user0_.nick_name as nick_na12_10_,
        user0_.phone_num as phone_n13_10_,
        user0_.profile_image as profile14_10_,
        user0_.res_red_number as res_red15_10_,
        user0_.score as score16_10_ 
    from
        user user0_
Hibernate: 
    select
        roles0_.user_id as user_id1_11_0_,
        roles0_.roles as roles2_11_0_ 
    from
        user_roles roles0_ 
    where
        roles0_.user_id=?
Hibernate: 
    select
        roles0_.user_id as user_id1_11_0_,
        roles0_.roles as roles2_11_0_ 
    from
        user_roles roles0_ 
    where
        roles0_.user_id=?
Hibernate: 
    select
        roles0_.user_id as user_id1_11_0_,
        roles0_.roles as roles2_11_0_ 
    from
        user_roles roles0_ 
    where
        roles0_.user_id=?
Hibernate: 
    select
        roles0_.user_id as user_id1_11_0_,
        roles0_.roles as roles2_11_0_ 
    from
        user_roles roles0_ 
    where
        roles0_.user_id=?
Hibernate: 
    select
        roles0_.user_id as user_id1_11_0_,
        roles0_.roles as roles2_11_0_ 
    from
        user_roles roles0_ 
    where
        roles0_.user_id=?
Hibernate: 
    insert 
    into
        story_pin_like
        (created_at, updated_at, story_pin_id, user_id) 
    values
        (?, ?, ?, ?)
Hibernate: 
    insert 
    into
        story_pin_comment
        (created_at, updated_at, content, story_pin_id, user_id) 
    values
        (?, ?, ?, ?, ?)
Hibernate: 
    select
        user0_.id as id1_10_,
        user0_.created_at as created_2_10_,
        user0_.updated_at as updated_3_10_,
        user0_.age as age4_10_,
        user0_.background_image as backgrou5_10_,
        user0_.email as email6_10_,
        user0_.gender as gender7_10_,
        user0_.hobby as hobby8_10_,
        user0_.introduce as introduc9_10_,
        user0_.job as job10_10_,
        user0_.name as name11_10_,
        user0_.nick_name as nick_na12_10_,
        user0_.phone_num as phone_n13_10_,
        user0_.profile_image as profile14_10_,
        user0_.res_red_number as res_red15_10_,
        user0_.score as score16_10_ 
    from
        user user0_
Hibernate: 
    select
        roles0_.user_id as user_id1_11_0_,
        roles0_.roles as roles2_11_0_ 
    from
        user_roles roles0_ 
    where
        roles0_.user_id=?
Hibernate: 
    select
        roles0_.user_id as user_id1_11_0_,
        roles0_.roles as roles2_11_0_ 
    from
        user_roles roles0_ 
    where
        roles0_.user_id=?
Hibernate: 
    select
        roles0_.user_id as user_id1_11_0_,
        roles0_.roles as roles2_11_0_ 
    from
        user_roles roles0_ 
    where
        roles0_.user_id=?
Hibernate: 
    select
        roles0_.user_id as user_id1_11_0_,
        roles0_.roles as roles2_11_0_ 
    from
        user_roles roles0_ 
    where
        roles0_.user_id=?
Hibernate: 
    select
        roles0_.user_id as user_id1_11_0_,
        roles0_.roles as roles2_11_0_ 
    from
        user_roles roles0_ 
    where
        roles0_.user_id=?
Hibernate: 
    select
        user0_.id as id1_10_,
        user0_.created_at as created_2_10_,
        user0_.updated_at as updated_3_10_,
        user0_.age as age4_10_,
        user0_.background_image as backgrou5_10_,
        user0_.email as email6_10_,
        user0_.gender as gender7_10_,
        user0_.hobby as hobby8_10_,
        user0_.introduce as introduc9_10_,
        user0_.job as job10_10_,
        user0_.name as name11_10_,
        user0_.nick_name as nick_na12_10_,
        user0_.phone_num as phone_n13_10_,
        user0_.profile_image as profile14_10_,
        user0_.res_red_number as res_red15_10_,
        user0_.score as score16_10_ 
    from
        user user0_
Hibernate: 
    select
        roles0_.user_id as user_id1_11_0_,
        roles0_.roles as roles2_11_0_ 
    from
        user_roles roles0_ 
    where
        roles0_.user_id=?
Hibernate: 
    select
        roles0_.user_id as user_id1_11_0_,
        roles0_.roles as roles2_11_0_ 
    from
        user_roles roles0_ 
    where
        roles0_.user_id=?
Hibernate: 
    select
        roles0_.user_id as user_id1_11_0_,
        roles0_.roles as roles2_11_0_ 
    from
        user_roles roles0_ 
    where
        roles0_.user_id=?
Hibernate: 
    select
        roles0_.user_id as user_id1_11_0_,
        roles0_.roles as roles2_11_0_ 
    from
        user_roles roles0_ 
    where
        roles0_.user_id=?
Hibernate: 
    select
        roles0_.user_id as user_id1_11_0_,
        roles0_.roles as roles2_11_0_ 
    from
        user_roles roles0_ 
    where
        roles0_.user_id=?
Hibernate: 
    insert 
    into
        story_pin_like
        (created_at, updated_at, story_pin_id, user_id) 
    values
        (?, ?, ?, ?)
Hibernate: 
    insert 
    into
        story_pin_comment
        (created_at, updated_at, content, story_pin_id, user_id) 
    values
        (?, ?, ?, ?, ?)
Hibernate: 
    select
        user0_.id as id1_10_,
        user0_.created_at as created_2_10_,
        user0_.updated_at as updated_3_10_,
        user0_.age as age4_10_,
        user0_.background_image as backgrou5_10_,
        user0_.email as email6_10_,
        user0_.gender as gender7_10_,
        user0_.hobby as hobby8_10_,
        user0_.introduce as introduc9_10_,
        user0_.job as job10_10_,
        user0_.name as name11_10_,
        user0_.nick_name as nick_na12_10_,
        user0_.phone_num as phone_n13_10_,
        user0_.profile_image as profile14_10_,
        user0_.res_red_number as res_red15_10_,
        user0_.score as score16_10_ 
    from
        user user0_
Hibernate: 
    select
        roles0_.user_id as user_id1_11_0_,
        roles0_.roles as roles2_11_0_ 
    from
        user_roles roles0_ 
    where
        roles0_.user_id=?
Hibernate: 
    select
        roles0_.user_id as user_id1_11_0_,
        roles0_.roles as roles2_11_0_ 
    from
        user_roles roles0_ 
    where
        roles0_.user_id=?
Hibernate: 
    select
        roles0_.user_id as user_id1_11_0_,
        roles0_.roles as roles2_11_0_ 
    from
        user_roles roles0_ 
    where
        roles0_.user_id=?
Hibernate: 
    select
        roles0_.user_id as user_id1_11_0_,
        roles0_.roles as roles2_11_0_ 
    from
        user_roles roles0_ 
    where
        roles0_.user_id=?
Hibernate: 
    select
        roles0_.user_id as user_id1_11_0_,
        roles0_.roles as roles2_11_0_ 
    from
        user_roles roles0_ 
    where
        roles0_.user_id=?
Hibernate: 
    select
        user0_.id as id1_10_,
        user0_.created_at as created_2_10_,
        user0_.updated_at as updated_3_10_,
        user0_.age as age4_10_,
        user0_.background_image as backgrou5_10_,
        user0_.email as email6_10_,
        user0_.gender as gender7_10_,
        user0_.hobby as hobby8_10_,
        user0_.introduce as introduc9_10_,
        user0_.job as job10_10_,
        user0_.name as name11_10_,
        user0_.nick_name as nick_na12_10_,
        user0_.phone_num as phone_n13_10_,
        user0_.profile_image as profile14_10_,
        user0_.res_red_number as res_red15_10_,
        user0_.score as score16_10_ 
    from
        user user0_
Hibernate: 
    select
        roles0_.user_id as user_id1_11_0_,
        roles0_.roles as roles2_11_0_ 
    from
        user_roles roles0_ 
    where
        roles0_.user_id=?
Hibernate: 
    select
        roles0_.user_id as user_id1_11_0_,
        roles0_.roles as roles2_11_0_ 
    from
        user_roles roles0_ 
    where
        roles0_.user_id=?
Hibernate: 
    select
        roles0_.user_id as user_id1_11_0_,
        roles0_.roles as roles2_11_0_ 
    from
        user_roles roles0_ 
    where
        roles0_.user_id=?
Hibernate: 
    select
        roles0_.user_id as user_id1_11_0_,
        roles0_.roles as roles2_11_0_ 
    from
        user_roles roles0_ 
    where
        roles0_.user_id=?
Hibernate: 
    select
        roles0_.user_id as user_id1_11_0_,
        roles0_.roles as roles2_11_0_ 
    from
        user_roles roles0_ 
    where
        roles0_.user_id=?
Hibernate: 
    insert 
    into
        story_pin_like
        (created_at, updated_at, story_pin_id, user_id) 
    values
        (?, ?, ?, ?)
Hibernate: 
    insert 
    into
        story_pin_comment
        (created_at, updated_at, content, story_pin_id, user_id) 
    values
        (?, ?, ?, ?, ?)
Hibernate: 
    select
        user0_.id as id1_10_,
        user0_.created_at as created_2_10_,
        user0_.updated_at as updated_3_10_,
        user0_.age as age4_10_,
        user0_.background_image as backgrou5_10_,
        user0_.email as email6_10_,
        user0_.gender as gender7_10_,
        user0_.hobby as hobby8_10_,
        user0_.introduce as introduc9_10_,
        user0_.job as job10_10_,
        user0_.name as name11_10_,
        user0_.nick_name as nick_na12_10_,
        user0_.phone_num as phone_n13_10_,
        user0_.profile_image as profile14_10_,
        user0_.res_red_number as res_red15_10_,
        user0_.score as score16_10_ 
    from
        user user0_
Hibernate: 
    select
        roles0_.user_id as user_id1_11_0_,
        roles0_.roles as roles2_11_0_ 
    from
        user_roles roles0_ 
    where
        roles0_.user_id=?
Hibernate: 
    select
        roles0_.user_id as user_id1_11_0_,
        roles0_.roles as roles2_11_0_ 
    from
        user_roles roles0_ 
    where
        roles0_.user_id=?
Hibernate: 
    select
        roles0_.user_id as user_id1_11_0_,
        roles0_.roles as roles2_11_0_ 
    from
        user_roles roles0_ 
    where
        roles0_.user_id=?
Hibernate: 
    select
        roles0_.user_id as user_id1_11_0_,
        roles0_.roles as roles2_11_0_ 
    from
        user_roles roles0_ 
    where
        roles0_.user_id=?
Hibernate: 
    select
        roles0_.user_id as user_id1_11_0_,
        roles0_.roles as roles2_11_0_ 
    from
        user_roles roles0_ 
    where
        roles0_.user_id=?
Hibernate: 
    select
        user0_.id as id1_10_,
        user0_.created_at as created_2_10_,
        user0_.updated_at as updated_3_10_,
        user0_.age as age4_10_,
        user0_.background_image as backgrou5_10_,
        user0_.email as email6_10_,
        user0_.gender as gender7_10_,
        user0_.hobby as hobby8_10_,
        user0_.introduce as introduc9_10_,
        user0_.job as job10_10_,
        user0_.name as name11_10_,
        user0_.nick_name as nick_na12_10_,
        user0_.phone_num as phone_n13_10_,
        user0_.profile_image as profile14_10_,
        user0_.res_red_number as res_red15_10_,
        user0_.score as score16_10_ 
    from
        user user0_
Hibernate: 
    select
        roles0_.user_id as user_id1_11_0_,
        roles0_.roles as roles2_11_0_ 
    from
        user_roles roles0_ 
    where
        roles0_.user_id=?
Hibernate: 
    select
        roles0_.user_id as user_id1_11_0_,
        roles0_.roles as roles2_11_0_ 
    from
        user_roles roles0_ 
    where
        roles0_.user_id=?
Hibernate: 
    select
        roles0_.user_id as user_id1_11_0_,
        roles0_.roles as roles2_11_0_ 
    from
        user_roles roles0_ 
    where
        roles0_.user_id=?
Hibernate: 
    select
        roles0_.user_id as user_id1_11_0_,
        roles0_.roles as roles2_11_0_ 
    from
        user_roles roles0_ 
    where
        roles0_.user_id=?
Hibernate: 
    select
        roles0_.user_id as user_id1_11_0_,
        roles0_.roles as roles2_11_0_ 
    from
        user_roles roles0_ 
    where
        roles0_.user_id=?
Hibernate: 
    insert 
    into
        story_pin_like
        (created_at, updated_at, story_pin_id, user_id) 
    values
        (?, ?, ?, ?)
Hibernate: 
    insert 
    into
        story_pin_comment
        (created_at, updated_at, content, story_pin_id, user_id) 
    values
        (?, ?, ?, ?, ?)
Hibernate: 
    select
        user0_.id as id1_10_,
        user0_.created_at as created_2_10_,
        user0_.updated_at as updated_3_10_,
        user0_.age as age4_10_,
        user0_.background_image as backgrou5_10_,
        user0_.email as email6_10_,
        user0_.gender as gender7_10_,
        user0_.hobby as hobby8_10_,
        user0_.introduce as introduc9_10_,
        user0_.job as job10_10_,
        user0_.name as name11_10_,
        user0_.nick_name as nick_na12_10_,
        user0_.phone_num as phone_n13_10_,
        user0_.profile_image as profile14_10_,
        user0_.res_red_number as res_red15_10_,
        user0_.score as score16_10_ 
    from
        user user0_
Hibernate: 
    select
        roles0_.user_id as user_id1_11_0_,
        roles0_.roles as roles2_11_0_ 
    from
        user_roles roles0_ 
    where
        roles0_.user_id=?
Hibernate: 
    select
        roles0_.user_id as user_id1_11_0_,
        roles0_.roles as roles2_11_0_ 
    from
        user_roles roles0_ 
    where
        roles0_.user_id=?
Hibernate: 
    select
        roles0_.user_id as user_id1_11_0_,
        roles0_.roles as roles2_11_0_ 
    from
        user_roles roles0_ 
    where
        roles0_.user_id=?
Hibernate: 
    select
        roles0_.user_id as user_id1_11_0_,
        roles0_.roles as roles2_11_0_ 
    from
        user_roles roles0_ 
    where
        roles0_.user_id=?
Hibernate: 
    select
        roles0_.user_id as user_id1_11_0_,
        roles0_.roles as roles2_11_0_ 
    from
        user_roles roles0_ 
    where
        roles0_.user_id=?
Hibernate: 
    select
        user0_.id as id1_10_,
        user0_.created_at as created_2_10_,
        user0_.updated_at as updated_3_10_,
        user0_.age as age4_10_,
        user0_.background_image as backgrou5_10_,
        user0_.email as email6_10_,
        user0_.gender as gender7_10_,
        user0_.hobby as hobby8_10_,
        user0_.introduce as introduc9_10_,
        user0_.job as job10_10_,
        user0_.name as name11_10_,
        user0_.nick_name as nick_na12_10_,
        user0_.phone_num as phone_n13_10_,
        user0_.profile_image as profile14_10_,
        user0_.res_red_number as res_red15_10_,
        user0_.score as score16_10_ 
    from
        user user0_
Hibernate: 
    select
        roles0_.user_id as user_id1_11_0_,
        roles0_.roles as roles2_11_0_ 
    from
        user_roles roles0_ 
    where
        roles0_.user_id=?
Hibernate: 
    select
        roles0_.user_id as user_id1_11_0_,
        roles0_.roles as roles2_11_0_ 
    from
        user_roles roles0_ 
    where
        roles0_.user_id=?
Hibernate: 
    select
        roles0_.user_id as user_id1_11_0_,
        roles0_.roles as roles2_11_0_ 
    from
        user_roles roles0_ 
    where
        roles0_.user_id=?
Hibernate: 
    select
        roles0_.user_id as user_id1_11_0_,
        roles0_.roles as roles2_11_0_ 
    from
        user_roles roles0_ 
    where
        roles0_.user_id=?
Hibernate: 
    select
        roles0_.user_id as user_id1_11_0_,
        roles0_.roles as roles2_11_0_ 
    from
        user_roles roles0_ 
    where
        roles0_.user_id=?
Hibernate: 
    insert 
    into
        story_pin_like
        (created_at, updated_at, story_pin_id, user_id) 
    values
        (?, ?, ?, ?)
Hibernate: 
    insert 
    into
        story_pin_comment
        (created_at, updated_at, content, story_pin_id, user_id) 
    values
        (?, ?, ?, ?, ?)
Hibernate: 
    select
        user0_.id as id1_10_,
        user0_.created_at as created_2_10_,
        user0_.updated_at as updated_3_10_,
        user0_.age as age4_10_,
        user0_.background_image as backgrou5_10_,
        user0_.email as email6_10_,
        user0_.gender as gender7_10_,
        user0_.hobby as hobby8_10_,
        user0_.introduce as introduc9_10_,
        user0_.job as job10_10_,
        user0_.name as name11_10_,
        user0_.nick_name as nick_na12_10_,
        user0_.phone_num as phone_n13_10_,
        user0_.profile_image as profile14_10_,
        user0_.res_red_number as res_red15_10_,
        user0_.score as score16_10_ 
    from
        user user0_
Hibernate: 
    select
        roles0_.user_id as user_id1_11_0_,
        roles0_.roles as roles2_11_0_ 
    from
        user_roles roles0_ 
    where
        roles0_.user_id=?
Hibernate: 
    select
        roles0_.user_id as user_id1_11_0_,
        roles0_.roles as roles2_11_0_ 
    from
        user_roles roles0_ 
    where
        roles0_.user_id=?
Hibernate: 
    select
        roles0_.user_id as user_id1_11_0_,
        roles0_.roles as roles2_11_0_ 
    from
        user_roles roles0_ 
    where
        roles0_.user_id=?
Hibernate: 
    select
        roles0_.user_id as user_id1_11_0_,
        roles0_.roles as roles2_11_0_ 
    from
        user_roles roles0_ 
    where
        roles0_.user_id=?
Hibernate: 
    select
        roles0_.user_id as user_id1_11_0_,
        roles0_.roles as roles2_11_0_ 
    from
        user_roles roles0_ 
    where
        roles0_.user_id=?
Hibernate: 
    select
        user0_.id as id1_10_,
        user0_.created_at as created_2_10_,
        user0_.updated_at as updated_3_10_,
        user0_.age as age4_10_,
        user0_.background_image as backgrou5_10_,
        user0_.email as email6_10_,
        user0_.gender as gender7_10_,
        user0_.hobby as hobby8_10_,
        user0_.introduce as introduc9_10_,
        user0_.job as job10_10_,
        user0_.name as name11_10_,
        user0_.nick_name as nick_na12_10_,
        user0_.phone_num as phone_n13_10_,
        user0_.profile_image as profile14_10_,
        user0_.res_red_number as res_red15_10_,
        user0_.score as score16_10_ 
    from
        user user0_
Hibernate: 
    select
        roles0_.user_id as user_id1_11_0_,
        roles0_.roles as roles2_11_0_ 
    from
        user_roles roles0_ 
    where
        roles0_.user_id=?
Hibernate: 
    select
        roles0_.user_id as user_id1_11_0_,
        roles0_.roles as roles2_11_0_ 
    from
        user_roles roles0_ 
    where
        roles0_.user_id=?
Hibernate: 
    select
        roles0_.user_id as user_id1_11_0_,
        roles0_.roles as roles2_11_0_ 
    from
        user_roles roles0_ 
    where
        roles0_.user_id=?
Hibernate: 
    select
        roles0_.user_id as user_id1_11_0_,
        roles0_.roles as roles2_11_0_ 
    from
        user_roles roles0_ 
    where
        roles0_.user_id=?
Hibernate: 
    select
        roles0_.user_id as user_id1_11_0_,
        roles0_.roles as roles2_11_0_ 
    from
        user_roles roles0_ 
    where
        roles0_.user_id=?
Hibernate: 
    insert 
    into
        story_pin_like
        (created_at, updated_at, story_pin_id, user_id) 
    values
        (?, ?, ?, ?)
Hibernate: 
    insert 
    into
        story_pin_comment
        (created_at, updated_at, content, story_pin_id, user_id) 
    values
        (?, ?, ?, ?, ?)
Hibernate: 
    select
        user0_.id as id1_10_,
        user0_.created_at as created_2_10_,
        user0_.updated_at as updated_3_10_,
        user0_.age as age4_10_,
        user0_.background_image as backgrou5_10_,
        user0_.email as email6_10_,
        user0_.gender as gender7_10_,
        user0_.hobby as hobby8_10_,
        user0_.introduce as introduc9_10_,
        user0_.job as job10_10_,
        user0_.name as name11_10_,
        user0_.nick_name as nick_na12_10_,
        user0_.phone_num as phone_n13_10_,
        user0_.profile_image as profile14_10_,
        user0_.res_red_number as res_red15_10_,
        user0_.score as score16_10_ 
    from
        user user0_
Hibernate: 
    select
        roles0_.user_id as user_id1_11_0_,
        roles0_.roles as roles2_11_0_ 
    from
        user_roles roles0_ 
    where
        roles0_.user_id=?
Hibernate: 
    select
        roles0_.user_id as user_id1_11_0_,
        roles0_.roles as roles2_11_0_ 
    from
        user_roles roles0_ 
    where
        roles0_.user_id=?
Hibernate: 
    select
        roles0_.user_id as user_id1_11_0_,
        roles0_.roles as roles2_11_0_ 
    from
        user_roles roles0_ 
    where
        roles0_.user_id=?
Hibernate: 
    select
        roles0_.user_id as user_id1_11_0_,
        roles0_.roles as roles2_11_0_ 
    from
        user_roles roles0_ 
    where
        roles0_.user_id=?
Hibernate: 
    select
        roles0_.user_id as user_id1_11_0_,
        roles0_.roles as roles2_11_0_ 
    from
        user_roles roles0_ 
    where
        roles0_.user_id=?
Hibernate: 
    select
        user0_.id as id1_10_,
        user0_.created_at as created_2_10_,
        user0_.updated_at as updated_3_10_,
        user0_.age as age4_10_,
        user0_.background_image as backgrou5_10_,
        user0_.email as email6_10_,
        user0_.gender as gender7_10_,
        user0_.hobby as hobby8_10_,
        user0_.introduce as introduc9_10_,
        user0_.job as job10_10_,
        user0_.name as name11_10_,
        user0_.nick_name as nick_na12_10_,
        user0_.phone_num as phone_n13_10_,
        user0_.profile_image as profile14_10_,
        user0_.res_red_number as res_red15_10_,
        user0_.score as score16_10_ 
    from
        user user0_
Hibernate: 
    select
        roles0_.user_id as user_id1_11_0_,
        roles0_.roles as roles2_11_0_ 
    from
        user_roles roles0_ 
    where
        roles0_.user_id=?
Hibernate: 
    select
        roles0_.user_id as user_id1_11_0_,
        roles0_.roles as roles2_11_0_ 
    from
        user_roles roles0_ 
    where
        roles0_.user_id=?
Hibernate: 
    select
        roles0_.user_id as user_id1_11_0_,
        roles0_.roles as roles2_11_0_ 
    from
        user_roles roles0_ 
    where
        roles0_.user_id=?
Hibernate: 
    select
        roles0_.user_id as user_id1_11_0_,
        roles0_.roles as roles2_11_0_ 
    from
        user_roles roles0_ 
    where
        roles0_.user_id=?
Hibernate: 
    select
        roles0_.user_id as user_id1_11_0_,
        roles0_.roles as roles2_11_0_ 
    from
        user_roles roles0_ 
    where
        roles0_.user_id=?
Hibernate: 
    insert 
    into
        story_pin_like
        (created_at, updated_at, story_pin_id, user_id) 
    values
        (?, ?, ?, ?)
Hibernate: 
    insert 
    into
        story_pin_comment
        (created_at, updated_at, content, story_pin_id, user_id) 
    values
        (?, ?, ?, ?, ?)
Hibernate: 
    select
        user0_.id as id1_10_,
        user0_.created_at as created_2_10_,
        user0_.updated_at as updated_3_10_,
        user0_.age as age4_10_,
        user0_.background_image as backgrou5_10_,
        user0_.email as email6_10_,
        user0_.gender as gender7_10_,
        user0_.hobby as hobby8_10_,
        user0_.introduce as introduc9_10_,
        user0_.job as job10_10_,
        user0_.name as name11_10_,
        user0_.nick_name as nick_na12_10_,
        user0_.phone_num as phone_n13_10_,
        user0_.profile_image as profile14_10_,
        user0_.res_red_number as res_red15_10_,
        user0_.score as score16_10_ 
    from
        user user0_
Hibernate: 
    select
        roles0_.user_id as user_id1_11_0_,
        roles0_.roles as roles2_11_0_ 
    from
        user_roles roles0_ 
    where
        roles0_.user_id=?
Hibernate: 
    select
        roles0_.user_id as user_id1_11_0_,
        roles0_.roles as roles2_11_0_ 
    from
        user_roles roles0_ 
    where
        roles0_.user_id=?
Hibernate: 
    select
        roles0_.user_id as user_id1_11_0_,
        roles0_.roles as roles2_11_0_ 
    from
        user_roles roles0_ 
    where
        roles0_.user_id=?
Hibernate: 
    select
        roles0_.user_id as user_id1_11_0_,
        roles0_.roles as roles2_11_0_ 
    from
        user_roles roles0_ 
    where
        roles0_.user_id=?
Hibernate: 
    select
        roles0_.user_id as user_id1_11_0_,
        roles0_.roles as roles2_11_0_ 
    from
        user_roles roles0_ 
    where
        roles0_.user_id=?
Hibernate: 
    select
        user0_.id as id1_10_,
        user0_.created_at as created_2_10_,
        user0_.updated_at as updated_3_10_,
        user0_.age as age4_10_,
        user0_.background_image as backgrou5_10_,
        user0_.email as email6_10_,
        user0_.gender as gender7_10_,
        user0_.hobby as hobby8_10_,
        user0_.introduce as introduc9_10_,
        user0_.job as job10_10_,
        user0_.name as name11_10_,
        user0_.nick_name as nick_na12_10_,
        user0_.phone_num as phone_n13_10_,
        user0_.profile_image as profile14_10_,
        user0_.res_red_number as res_red15_10_,
        user0_.score as score16_10_ 
    from
        user user0_
Hibernate: 
    select
        roles0_.user_id as user_id1_11_0_,
        roles0_.roles as roles2_11_0_ 
    from
        user_roles roles0_ 
    where
        roles0_.user_id=?
Hibernate: 
    select
        roles0_.user_id as user_id1_11_0_,
        roles0_.roles as roles2_11_0_ 
    from
        user_roles roles0_ 
    where
        roles0_.user_id=?
Hibernate: 
    select
        roles0_.user_id as user_id1_11_0_,
        roles0_.roles as roles2_11_0_ 
    from
        user_roles roles0_ 
    where
        roles0_.user_id=?
Hibernate: 
    select
        roles0_.user_id as user_id1_11_0_,
        roles0_.roles as roles2_11_0_ 
    from
        user_roles roles0_ 
    where
        roles0_.user_id=?
Hibernate: 
    select
        roles0_.user_id as user_id1_11_0_,
        roles0_.roles as roles2_11_0_ 
    from
        user_roles roles0_ 
    where
        roles0_.user_id=?
Hibernate: 
    insert 
    into
        story_pin_like
        (created_at, updated_at, story_pin_id, user_id) 
    values
        (?, ?, ?, ?)
Hibernate: 
    insert 
    into
        story_pin_comment
        (created_at, updated_at, content, story_pin_id, user_id) 
    values
        (?, ?, ?, ?, ?)
Hibernate: 
    select
        user0_.id as id1_10_,
        user0_.created_at as created_2_10_,
        user0_.updated_at as updated_3_10_,
        user0_.age as age4_10_,
        user0_.background_image as backgrou5_10_,
        user0_.email as email6_10_,
        user0_.gender as gender7_10_,
        user0_.hobby as hobby8_10_,
        user0_.introduce as introduc9_10_,
        user0_.job as job10_10_,
        user0_.name as name11_10_,
        user0_.nick_name as nick_na12_10_,
        user0_.phone_num as phone_n13_10_,
        user0_.profile_image as profile14_10_,
        user0_.res_red_number as res_red15_10_,
        user0_.score as score16_10_ 
    from
        user user0_
Hibernate: 
    select
        roles0_.user_id as user_id1_11_0_,
        roles0_.roles as roles2_11_0_ 
    from
        user_roles roles0_ 
    where
        roles0_.user_id=?
Hibernate: 
    select
        roles0_.user_id as user_id1_11_0_,
        roles0_.roles as roles2_11_0_ 
    from
        user_roles roles0_ 
    where
        roles0_.user_id=?
Hibernate: 
    select
        roles0_.user_id as user_id1_11_0_,
        roles0_.roles as roles2_11_0_ 
    from
        user_roles roles0_ 
    where
        roles0_.user_id=?
Hibernate: 
    select
        roles0_.user_id as user_id1_11_0_,
        roles0_.roles as roles2_11_0_ 
    from
        user_roles roles0_ 
    where
        roles0_.user_id=?
Hibernate: 
    select
        roles0_.user_id as user_id1_11_0_,
        roles0_.roles as roles2_11_0_ 
    from
        user_roles roles0_ 
    where
        roles0_.user_id=?
Hibernate: 
    select
        user0_.id as id1_10_,
        user0_.created_at as created_2_10_,
        user0_.updated_at as updated_3_10_,
        user0_.age as age4_10_,
        user0_.background_image as backgrou5_10_,
        user0_.email as email6_10_,
        user0_.gender as gender7_10_,
        user0_.hobby as hobby8_10_,
        user0_.introduce as introduc9_10_,
        user0_.job as job10_10_,
        user0_.name as name11_10_,
        user0_.nick_name as nick_na12_10_,
        user0_.phone_num as phone_n13_10_,
        user0_.profile_image as profile14_10_,
        user0_.res_red_number as res_red15_10_,
        user0_.score as score16_10_ 
    from
        user user0_
Hibernate: 
    select
        roles0_.user_id as user_id1_11_0_,
        roles0_.roles as roles2_11_0_ 
    from
        user_roles roles0_ 
    where
        roles0_.user_id=?
Hibernate: 
    select
        roles0_.user_id as user_id1_11_0_,
        roles0_.roles as roles2_11_0_ 
    from
        user_roles roles0_ 
    where
        roles0_.user_id=?
Hibernate: 
    select
        roles0_.user_id as user_id1_11_0_,
        roles0_.roles as roles2_11_0_ 
    from
        user_roles roles0_ 
    where
        roles0_.user_id=?
Hibernate: 
    select
        roles0_.user_id as user_id1_11_0_,
        roles0_.roles as roles2_11_0_ 
    from
        user_roles roles0_ 
    where
        roles0_.user_id=?
Hibernate: 
    select
        roles0_.user_id as user_id1_11_0_,
        roles0_.roles as roles2_11_0_ 
    from
        user_roles roles0_ 
    where
        roles0_.user_id=?
Hibernate: 
    insert 
    into
        story_pin_like
        (created_at, updated_at, story_pin_id, user_id) 
    values
        (?, ?, ?, ?)
Hibernate: 
    insert 
    into
        story_pin_comment
        (created_at, updated_at, content, story_pin_id, user_id) 
    values
        (?, ?, ?, ?, ?)
Hibernate: 
    select
        user0_.id as id1_10_,
        user0_.created_at as created_2_10_,
        user0_.updated_at as updated_3_10_,
        user0_.age as age4_10_,
        user0_.background_image as backgrou5_10_,
        user0_.email as email6_10_,
        user0_.gender as gender7_10_,
        user0_.hobby as hobby8_10_,
        user0_.introduce as introduc9_10_,
        user0_.job as job10_10_,
        user0_.name as name11_10_,
        user0_.nick_name as nick_na12_10_,
        user0_.phone_num as phone_n13_10_,
        user0_.profile_image as profile14_10_,
        user0_.res_red_number as res_red15_10_,
        user0_.score as score16_10_ 
    from
        user user0_
Hibernate: 
    select
        roles0_.user_id as user_id1_11_0_,
        roles0_.roles as roles2_11_0_ 
    from
        user_roles roles0_ 
    where
        roles0_.user_id=?
Hibernate: 
    select
        roles0_.user_id as user_id1_11_0_,
        roles0_.roles as roles2_11_0_ 
    from
        user_roles roles0_ 
    where
        roles0_.user_id=?
Hibernate: 
    select
        roles0_.user_id as user_id1_11_0_,
        roles0_.roles as roles2_11_0_ 
    from
        user_roles roles0_ 
    where
        roles0_.user_id=?
Hibernate: 
    select
        roles0_.user_id as user_id1_11_0_,
        roles0_.roles as roles2_11_0_ 
    from
        user_roles roles0_ 
    where
        roles0_.user_id=?
Hibernate: 
    select
        roles0_.user_id as user_id1_11_0_,
        roles0_.roles as roles2_11_0_ 
    from
        user_roles roles0_ 
    where
        roles0_.user_id=?
Hibernate: 
    select
        user0_.id as id1_10_,
        user0_.created_at as created_2_10_,
        user0_.updated_at as updated_3_10_,
        user0_.age as age4_10_,
        user0_.background_image as backgrou5_10_,
        user0_.email as email6_10_,
        user0_.gender as gender7_10_,
        user0_.hobby as hobby8_10_,
        user0_.introduce as introduc9_10_,
        user0_.job as job10_10_,
        user0_.name as name11_10_,
        user0_.nick_name as nick_na12_10_,
        user0_.phone_num as phone_n13_10_,
        user0_.profile_image as profile14_10_,
        user0_.res_red_number as res_red15_10_,
        user0_.score as score16_10_ 
    from
        user user0_
Hibernate: 
    select
        roles0_.user_id as user_id1_11_0_,
        roles0_.roles as roles2_11_0_ 
    from
        user_roles roles0_ 
    where
        roles0_.user_id=?
Hibernate: 
    select
        roles0_.user_id as user_id1_11_0_,
        roles0_.roles as roles2_11_0_ 
    from
        user_roles roles0_ 
    where
        roles0_.user_id=?
Hibernate: 
    select
        roles0_.user_id as user_id1_11_0_,
        roles0_.roles as roles2_11_0_ 
    from
        user_roles roles0_ 
    where
        roles0_.user_id=?
Hibernate: 
    select
        roles0_.user_id as user_id1_11_0_,
        roles0_.roles as roles2_11_0_ 
    from
        user_roles roles0_ 
    where
        roles0_.user_id=?
Hibernate: 
    select
        roles0_.user_id as user_id1_11_0_,
        roles0_.roles as roles2_11_0_ 
    from
        user_roles roles0_ 
    where
        roles0_.user_id=?
Hibernate: 
    insert 
    into
        story_pin_like
        (created_at, updated_at, story_pin_id, user_id) 
    values
        (?, ?, ?, ?)
Hibernate: 
    insert 
    into
        story_pin_comment
        (created_at, updated_at, content, story_pin_id, user_id) 
    values
        (?, ?, ?, ?, ?)
Hibernate: 
    select
        user0_.id as id1_10_,
        user0_.created_at as created_2_10_,
        user0_.updated_at as updated_3_10_,
        user0_.age as age4_10_,
        user0_.background_image as backgrou5_10_,
        user0_.email as email6_10_,
        user0_.gender as gender7_10_,
        user0_.hobby as hobby8_10_,
        user0_.introduce as introduc9_10_,
        user0_.job as job10_10_,
        user0_.name as name11_10_,
        user0_.nick_name as nick_na12_10_,
        user0_.phone_num as phone_n13_10_,
        user0_.profile_image as profile14_10_,
        user0_.res_red_number as res_red15_10_,
        user0_.score as score16_10_ 
    from
        user user0_
Hibernate: 
    select
        roles0_.user_id as user_id1_11_0_,
        roles0_.roles as roles2_11_0_ 
    from
        user_roles roles0_ 
    where
        roles0_.user_id=?
Hibernate: 
    select
        roles0_.user_id as user_id1_11_0_,
        roles0_.roles as roles2_11_0_ 
    from
        user_roles roles0_ 
    where
        roles0_.user_id=?
Hibernate: 
    select
        roles0_.user_id as user_id1_11_0_,
        roles0_.roles as roles2_11_0_ 
    from
        user_roles roles0_ 
    where
        roles0_.user_id=?
Hibernate: 
    select
        roles0_.user_id as user_id1_11_0_,
        roles0_.roles as roles2_11_0_ 
    from
        user_roles roles0_ 
    where
        roles0_.user_id=?
Hibernate: 
    select
        roles0_.user_id as user_id1_11_0_,
        roles0_.roles as roles2_11_0_ 
    from
        user_roles roles0_ 
    where
        roles0_.user_id=?
Hibernate: 
    select
        user0_.id as id1_10_,
        user0_.created_at as created_2_10_,
        user0_.updated_at as updated_3_10_,
        user0_.age as age4_10_,
        user0_.background_image as backgrou5_10_,
        user0_.email as email6_10_,
        user0_.gender as gender7_10_,
        user0_.hobby as hobby8_10_,
        user0_.introduce as introduc9_10_,
        user0_.job as job10_10_,
        user0_.name as name11_10_,
        user0_.nick_name as nick_na12_10_,
        user0_.phone_num as phone_n13_10_,
        user0_.profile_image as profile14_10_,
        user0_.res_red_number as res_red15_10_,
        user0_.score as score16_10_ 
    from
        user user0_
Hibernate: 
    select
        roles0_.user_id as user_id1_11_0_,
        roles0_.roles as roles2_11_0_ 
    from
        user_roles roles0_ 
    where
        roles0_.user_id=?
Hibernate: 
    select
        roles0_.user_id as user_id1_11_0_,
        roles0_.roles as roles2_11_0_ 
    from
        user_roles roles0_ 
    where
        roles0_.user_id=?
Hibernate: 
    select
        roles0_.user_id as user_id1_11_0_,
        roles0_.roles as roles2_11_0_ 
    from
        user_roles roles0_ 
    where
        roles0_.user_id=?
Hibernate: 
    select
        roles0_.user_id as user_id1_11_0_,
        roles0_.roles as roles2_11_0_ 
    from
        user_roles roles0_ 
    where
        roles0_.user_id=?
Hibernate: 
    select
        roles0_.user_id as user_id1_11_0_,
        roles0_.roles as roles2_11_0_ 
    from
        user_roles roles0_ 
    where
        roles0_.user_id=?
Hibernate: 
    insert 
    into
        story_pin_like
        (created_at, updated_at, story_pin_id, user_id) 
    values
        (?, ?, ?, ?)
Hibernate: 
    insert 
    into
        story_pin_comment
        (created_at, updated_at, content, story_pin_id, user_id) 
    values
        (?, ?, ?, ?, ?)
Hibernate: 
    select
        user0_.id as id1_10_,
        user0_.created_at as created_2_10_,
        user0_.updated_at as updated_3_10_,
        user0_.age as age4_10_,
        user0_.background_image as backgrou5_10_,
        user0_.email as email6_10_,
        user0_.gender as gender7_10_,
        user0_.hobby as hobby8_10_,
        user0_.introduce as introduc9_10_,
        user0_.job as job10_10_,
        user0_.name as name11_10_,
        user0_.nick_name as nick_na12_10_,
        user0_.phone_num as phone_n13_10_,
        user0_.profile_image as profile14_10_,
        user0_.res_red_number as res_red15_10_,
        user0_.score as score16_10_ 
    from
        user user0_
Hibernate: 
    select
        roles0_.user_id as user_id1_11_0_,
        roles0_.roles as roles2_11_0_ 
    from
        user_roles roles0_ 
    where
        roles0_.user_id=?
Hibernate: 
    select
        roles0_.user_id as user_id1_11_0_,
        roles0_.roles as roles2_11_0_ 
    from
        user_roles roles0_ 
    where
        roles0_.user_id=?
Hibernate: 
    select
        roles0_.user_id as user_id1_11_0_,
        roles0_.roles as roles2_11_0_ 
    from
        user_roles roles0_ 
    where
        roles0_.user_id=?
Hibernate: 
    select
        roles0_.user_id as user_id1_11_0_,
        roles0_.roles as roles2_11_0_ 
    from
        user_roles roles0_ 
    where
        roles0_.user_id=?
Hibernate: 
    select
        roles0_.user_id as user_id1_11_0_,
        roles0_.roles as roles2_11_0_ 
    from
        user_roles roles0_ 
    where
        roles0_.user_id=?
Hibernate: 
    select
        user0_.id as id1_10_,
        user0_.created_at as created_2_10_,
        user0_.updated_at as updated_3_10_,
        user0_.age as age4_10_,
        user0_.background_image as backgrou5_10_,
        user0_.email as email6_10_,
        user0_.gender as gender7_10_,
        user0_.hobby as hobby8_10_,
        user0_.introduce as introduc9_10_,
        user0_.job as job10_10_,
        user0_.name as name11_10_,
        user0_.nick_name as nick_na12_10_,
        user0_.phone_num as phone_n13_10_,
        user0_.profile_image as profile14_10_,
        user0_.res_red_number as res_red15_10_,
        user0_.score as score16_10_ 
    from
        user user0_
Hibernate: 
    select
        roles0_.user_id as user_id1_11_0_,
        roles0_.roles as roles2_11_0_ 
    from
        user_roles roles0_ 
    where
        roles0_.user_id=?
Hibernate: 
    select
        roles0_.user_id as user_id1_11_0_,
        roles0_.roles as roles2_11_0_ 
    from
        user_roles roles0_ 
    where
        roles0_.user_id=?
Hibernate: 
    select
        roles0_.user_id as user_id1_11_0_,
        roles0_.roles as roles2_11_0_ 
    from
        user_roles roles0_ 
    where
        roles0_.user_id=?
Hibernate: 
    select
        roles0_.user_id as user_id1_11_0_,
        roles0_.roles as roles2_11_0_ 
    from
        user_roles roles0_ 
    where
        roles0_.user_id=?
Hibernate: 
    select
        roles0_.user_id as user_id1_11_0_,
        roles0_.roles as roles2_11_0_ 
    from
        user_roles roles0_ 
    where
        roles0_.user_id=?
Hibernate: 
    insert 
    into
        story_pin_like
        (created_at, updated_at, story_pin_id, user_id) 
    values
        (?, ?, ?, ?)
Hibernate: 
    insert 
    into
        story_pin_comment
        (created_at, updated_at, content, story_pin_id, user_id) 
    values
        (?, ?, ?, ?, ?)
Hibernate: 
    select
        user0_.id as id1_10_,
        user0_.created_at as created_2_10_,
        user0_.updated_at as updated_3_10_,
        user0_.age as age4_10_,
        user0_.background_image as backgrou5_10_,
        user0_.email as email6_10_,
        user0_.gender as gender7_10_,
        user0_.hobby as hobby8_10_,
        user0_.introduce as introduc9_10_,
        user0_.job as job10_10_,
        user0_.name as name11_10_,
        user0_.nick_name as nick_na12_10_,
        user0_.phone_num as phone_n13_10_,
        user0_.profile_image as profile14_10_,
        user0_.res_red_number as res_red15_10_,
        user0_.score as score16_10_ 
    from
        user user0_
Hibernate: 
    select
        roles0_.user_id as user_id1_11_0_,
        roles0_.roles as roles2_11_0_ 
    from
        user_roles roles0_ 
    where
        roles0_.user_id=?
Hibernate: 
    select
        roles0_.user_id as user_id1_11_0_,
        roles0_.roles as roles2_11_0_ 
    from
        user_roles roles0_ 
    where
        roles0_.user_id=?
Hibernate: 
    select
        roles0_.user_id as user_id1_11_0_,
        roles0_.roles as roles2_11_0_ 
    from
        user_roles roles0_ 
    where
        roles0_.user_id=?
Hibernate: 
    select
        roles0_.user_id as user_id1_11_0_,
        roles0_.roles as roles2_11_0_ 
    from
        user_roles roles0_ 
    where
        roles0_.user_id=?
Hibernate: 
    select
        roles0_.user_id as user_id1_11_0_,
        roles0_.roles as roles2_11_0_ 
    from
        user_roles roles0_ 
    where
        roles0_.user_id=?
Hibernate: 
    select
        user0_.id as id1_10_,
        user0_.created_at as created_2_10_,
        user0_.updated_at as updated_3_10_,
        user0_.age as age4_10_,
        user0_.background_image as backgrou5_10_,
        user0_.email as email6_10_,
        user0_.gender as gender7_10_,
        user0_.hobby as hobby8_10_,
        user0_.introduce as introduc9_10_,
        user0_.job as job10_10_,
        user0_.name as name11_10_,
        user0_.nick_name as nick_na12_10_,
        user0_.phone_num as phone_n13_10_,
        user0_.profile_image as profile14_10_,
        user0_.res_red_number as res_red15_10_,
        user0_.score as score16_10_ 
    from
        user user0_
Hibernate: 
    select
        roles0_.user_id as user_id1_11_0_,
        roles0_.roles as roles2_11_0_ 
    from
        user_roles roles0_ 
    where
        roles0_.user_id=?
Hibernate: 
    select
        roles0_.user_id as user_id1_11_0_,
        roles0_.roles as roles2_11_0_ 
    from
        user_roles roles0_ 
    where
        roles0_.user_id=?
Hibernate: 
    select
        roles0_.user_id as user_id1_11_0_,
        roles0_.roles as roles2_11_0_ 
    from
        user_roles roles0_ 
    where
        roles0_.user_id=?
Hibernate: 
    select
        roles0_.user_id as user_id1_11_0_,
        roles0_.roles as roles2_11_0_ 
    from
        user_roles roles0_ 
    where
        roles0_.user_id=?
Hibernate: 
    select
        roles0_.user_id as user_id1_11_0_,
        roles0_.roles as roles2_11_0_ 
    from
        user_roles roles0_ 
    where
        roles0_.user_id=?
Hibernate: 
    insert 
    into
        story_pin_like
        (created_at, updated_at, story_pin_id, user_id) 
    values
        (?, ?, ?, ?)
Hibernate: 
    insert 
    into
        story_pin_comment
        (created_at, updated_at, content, story_pin_id, user_id) 
    values
        (?, ?, ?, ?, ?)
Hibernate: 
    select
        user0_.id as id1_10_,
        user0_.created_at as created_2_10_,
        user0_.updated_at as updated_3_10_,
        user0_.age as age4_10_,
        user0_.background_image as backgrou5_10_,
        user0_.email as email6_10_,
        user0_.gender as gender7_10_,
        user0_.hobby as hobby8_10_,
        user0_.introduce as introduc9_10_,
        user0_.job as job10_10_,
        user0_.name as name11_10_,
        user0_.nick_name as nick_na12_10_,
        user0_.phone_num as phone_n13_10_,
        user0_.profile_image as profile14_10_,
        user0_.res_red_number as res_red15_10_,
        user0_.score as score16_10_ 
    from
        user user0_
Hibernate: 
    select
        roles0_.user_id as user_id1_11_0_,
        roles0_.roles as roles2_11_0_ 
    from
        user_roles roles0_ 
    where
        roles0_.user_id=?
Hibernate: 
    select
        roles0_.user_id as user_id1_11_0_,
        roles0_.roles as roles2_11_0_ 
    from
        user_roles roles0_ 
    where
        roles0_.user_id=?
Hibernate: 
    select
        roles0_.user_id as user_id1_11_0_,
        roles0_.roles as roles2_11_0_ 
    from
        user_roles roles0_ 
    where
        roles0_.user_id=?
Hibernate: 
    select
        roles0_.user_id as user_id1_11_0_,
        roles0_.roles as roles2_11_0_ 
    from
        user_roles roles0_ 
    where
        roles0_.user_id=?
Hibernate: 
    select
        roles0_.user_id as user_id1_11_0_,
        roles0_.roles as roles2_11_0_ 
    from
        user_roles roles0_ 
    where
        roles0_.user_id=?
Hibernate: 
    select
        user0_.id as id1_10_,
        user0_.created_at as created_2_10_,
        user0_.updated_at as updated_3_10_,
        user0_.age as age4_10_,
        user0_.background_image as backgrou5_10_,
        user0_.email as email6_10_,
        user0_.gender as gender7_10_,
        user0_.hobby as hobby8_10_,
        user0_.introduce as introduc9_10_,
        user0_.job as job10_10_,
        user0_.name as name11_10_,
        user0_.nick_name as nick_na12_10_,
        user0_.phone_num as phone_n13_10_,
        user0_.profile_image as profile14_10_,
        user0_.res_red_number as res_red15_10_,
        user0_.score as score16_10_ 
    from
        user user0_
Hibernate: 
    select
        roles0_.user_id as user_id1_11_0_,
        roles0_.roles as roles2_11_0_ 
    from
        user_roles roles0_ 
    where
        roles0_.user_id=?
Hibernate: 
    select
        roles0_.user_id as user_id1_11_0_,
        roles0_.roles as roles2_11_0_ 
    from
        user_roles roles0_ 
    where
        roles0_.user_id=?
Hibernate: 
    select
        roles0_.user_id as user_id1_11_0_,
        roles0_.roles as roles2_11_0_ 
    from
        user_roles roles0_ 
    where
        roles0_.user_id=?
Hibernate: 
    select
        roles0_.user_id as user_id1_11_0_,
        roles0_.roles as roles2_11_0_ 
    from
        user_roles roles0_ 
    where
        roles0_.user_id=?
Hibernate: 
    select
        roles0_.user_id as user_id1_11_0_,
        roles0_.roles as roles2_11_0_ 
    from
        user_roles roles0_ 
    where
        roles0_.user_id=?
Hibernate: 
    insert 
    into
        story_pin_like
        (created_at, updated_at, story_pin_id, user_id) 
    values
        (?, ?, ?, ?)
Hibernate: 
    insert 
    into
        story_pin_comment
        (created_at, updated_at, content, story_pin_id, user_id) 
    values
        (?, ?, ?, ?, ?)
Hibernate: 
    select
        user0_.id as id1_10_,
        user0_.created_at as created_2_10_,
        user0_.updated_at as updated_3_10_,
        user0_.age as age4_10_,
        user0_.background_image as backgrou5_10_,
        user0_.email as email6_10_,
        user0_.gender as gender7_10_,
        user0_.hobby as hobby8_10_,
        user0_.introduce as introduc9_10_,
        user0_.job as job10_10_,
        user0_.name as name11_10_,
        user0_.nick_name as nick_na12_10_,
        user0_.phone_num as phone_n13_10_,
        user0_.profile_image as profile14_10_,
        user0_.res_red_number as res_red15_10_,
        user0_.score as score16_10_ 
    from
        user user0_
Hibernate: 
    select
        roles0_.user_id as user_id1_11_0_,
        roles0_.roles as roles2_11_0_ 
    from
        user_roles roles0_ 
    where
        roles0_.user_id=?
Hibernate: 
    select
        roles0_.user_id as user_id1_11_0_,
        roles0_.roles as roles2_11_0_ 
    from
        user_roles roles0_ 
    where
        roles0_.user_id=?
Hibernate: 
    select
        roles0_.user_id as user_id1_11_0_,
        roles0_.roles as roles2_11_0_ 
    from
        user_roles roles0_ 
    where
        roles0_.user_id=?
Hibernate: 
    select
        roles0_.user_id as user_id1_11_0_,
        roles0_.roles as roles2_11_0_ 
    from
        user_roles roles0_ 
    where
        roles0_.user_id=?
Hibernate: 
    select
        roles0_.user_id as user_id1_11_0_,
        roles0_.roles as roles2_11_0_ 
    from
        user_roles roles0_ 
    where
        roles0_.user_id=?
Hibernate: 
    select
        user0_.id as id1_10_,
        user0_.created_at as created_2_10_,
        user0_.updated_at as updated_3_10_,
        user0_.age as age4_10_,
        user0_.background_image as backgrou5_10_,
        user0_.email as email6_10_,
        user0_.gender as gender7_10_,
        user0_.hobby as hobby8_10_,
        user0_.introduce as introduc9_10_,
        user0_.job as job10_10_,
        user0_.name as name11_10_,
        user0_.nick_name as nick_na12_10_,
        user0_.phone_num as phone_n13_10_,
        user0_.profile_image as profile14_10_,
        user0_.res_red_number as res_red15_10_,
        user0_.score as score16_10_ 
    from
        user user0_
Hibernate: 
    select
        roles0_.user_id as user_id1_11_0_,
        roles0_.roles as roles2_11_0_ 
    from
        user_roles roles0_ 
    where
        roles0_.user_id=?
Hibernate: 
    select
        roles0_.user_id as user_id1_11_0_,
        roles0_.roles as roles2_11_0_ 
    from
        user_roles roles0_ 
    where
        roles0_.user_id=?
Hibernate: 
    select
        roles0_.user_id as user_id1_11_0_,
        roles0_.roles as roles2_11_0_ 
    from
        user_roles roles0_ 
    where
        roles0_.user_id=?
Hibernate: 
    select
        roles0_.user_id as user_id1_11_0_,
        roles0_.roles as roles2_11_0_ 
    from
        user_roles roles0_ 
    where
        roles0_.user_id=?
Hibernate: 
    select
        roles0_.user_id as user_id1_11_0_,
        roles0_.roles as roles2_11_0_ 
    from
        user_roles roles0_ 
    where
        roles0_.user_id=?
Hibernate: 
    insert 
    into
        story_pin_like
        (created_at, updated_at, story_pin_id, user_id) 
    values
        (?, ?, ?, ?)
Hibernate: 
    insert 
    into
        story_pin_comment
        (created_at, updated_at, content, story_pin_id, user_id) 
    values
        (?, ?, ?, ?, ?)
Hibernate: 
    select
        user0_.id as id1_10_,
        user0_.created_at as created_2_10_,
        user0_.updated_at as updated_3_10_,
        user0_.age as age4_10_,
        user0_.background_image as backgrou5_10_,
        user0_.email as email6_10_,
        user0_.gender as gender7_10_,
        user0_.hobby as hobby8_10_,
        user0_.introduce as introduc9_10_,
        user0_.job as job10_10_,
        user0_.name as name11_10_,
        user0_.nick_name as nick_na12_10_,
        user0_.phone_num as phone_n13_10_,
        user0_.profile_image as profile14_10_,
        user0_.res_red_number as res_red15_10_,
        user0_.score as score16_10_ 
    from
        user user0_
Hibernate: 
    select
        roles0_.user_id as user_id1_11_0_,
        roles0_.roles as roles2_11_0_ 
    from
        user_roles roles0_ 
    where
        roles0_.user_id=?
Hibernate: 
    select
        roles0_.user_id as user_id1_11_0_,
        roles0_.roles as roles2_11_0_ 
    from
        user_roles roles0_ 
    where
        roles0_.user_id=?
Hibernate: 
    select
        roles0_.user_id as user_id1_11_0_,
        roles0_.roles as roles2_11_0_ 
    from
        user_roles roles0_ 
    where
        roles0_.user_id=?
Hibernate: 
    select
        roles0_.user_id as user_id1_11_0_,
        roles0_.roles as roles2_11_0_ 
    from
        user_roles roles0_ 
    where
        roles0_.user_id=?
Hibernate: 
    select
        roles0_.user_id as user_id1_11_0_,
        roles0_.roles as roles2_11_0_ 
    from
        user_roles roles0_ 
    where
        roles0_.user_id=?
Hibernate: 
    select
        user0_.id as id1_10_,
        user0_.created_at as created_2_10_,
        user0_.updated_at as updated_3_10_,
        user0_.age as age4_10_,
        user0_.background_image as backgrou5_10_,
        user0_.email as email6_10_,
        user0_.gender as gender7_10_,
        user0_.hobby as hobby8_10_,
        user0_.introduce as introduc9_10_,
        user0_.job as job10_10_,
        user0_.name as name11_10_,
        user0_.nick_name as nick_na12_10_,
        user0_.phone_num as phone_n13_10_,
        user0_.profile_image as profile14_10_,
        user0_.res_red_number as res_red15_10_,
        user0_.score as score16_10_ 
    from
        user user0_
Hibernate: 
    select
        roles0_.user_id as user_id1_11_0_,
        roles0_.roles as roles2_11_0_ 
    from
        user_roles roles0_ 
    where
        roles0_.user_id=?
Hibernate: 
    select
        roles0_.user_id as user_id1_11_0_,
        roles0_.roles as roles2_11_0_ 
    from
        user_roles roles0_ 
    where
        roles0_.user_id=?
Hibernate: 
    select
        roles0_.user_id as user_id1_11_0_,
        roles0_.roles as roles2_11_0_ 
    from
        user_roles roles0_ 
    where
        roles0_.user_id=?
Hibernate: 
    select
        roles0_.user_id as user_id1_11_0_,
        roles0_.roles as roles2_11_0_ 
    from
        user_roles roles0_ 
    where
        roles0_.user_id=?
Hibernate: 
    select
        roles0_.user_id as user_id1_11_0_,
        roles0_.roles as roles2_11_0_ 
    from
        user_roles roles0_ 
    where
        roles0_.user_id=?
Hibernate: 
    insert 
    into
        story_pin_like
        (created_at, updated_at, story_pin_id, user_id) 
    values
        (?, ?, ?, ?)
Hibernate: 
    insert 
    into
        story_pin_comment
        (created_at, updated_at, content, story_pin_id, user_id) 
    values
        (?, ?, ?, ?, ?)
Hibernate: 
    select
        user0_.id as id1_10_,
        user0_.created_at as created_2_10_,
        user0_.updated_at as updated_3_10_,
        user0_.age as age4_10_,
        user0_.background_image as backgrou5_10_,
        user0_.email as email6_10_,
        user0_.gender as gender7_10_,
        user0_.hobby as hobby8_10_,
        user0_.introduce as introduc9_10_,
        user0_.job as job10_10_,
        user0_.name as name11_10_,
        user0_.nick_name as nick_na12_10_,
        user0_.phone_num as phone_n13_10_,
        user0_.profile_image as profile14_10_,
        user0_.res_red_number as res_red15_10_,
        user0_.score as score16_10_ 
    from
        user user0_
Hibernate: 
    select
        roles0_.user_id as user_id1_11_0_,
        roles0_.roles as roles2_11_0_ 
    from
        user_roles roles0_ 
    where
        roles0_.user_id=?
Hibernate: 
    select
        roles0_.user_id as user_id1_11_0_,
        roles0_.roles as roles2_11_0_ 
    from
        user_roles roles0_ 
    where
        roles0_.user_id=?
Hibernate: 
    select
        roles0_.user_id as user_id1_11_0_,
        roles0_.roles as roles2_11_0_ 
    from
        user_roles roles0_ 
    where
        roles0_.user_id=?
Hibernate: 
    select
        roles0_.user_id as user_id1_11_0_,
        roles0_.roles as roles2_11_0_ 
    from
        user_roles roles0_ 
    where
        roles0_.user_id=?
Hibernate: 
    select
        roles0_.user_id as user_id1_11_0_,
        roles0_.roles as roles2_11_0_ 
    from
        user_roles roles0_ 
    where
        roles0_.user_id=?
Hibernate: 
    select
        user0_.id as id1_10_,
        user0_.created_at as created_2_10_,
        user0_.updated_at as updated_3_10_,
        user0_.age as age4_10_,
        user0_.background_image as backgrou5_10_,
        user0_.email as email6_10_,
        user0_.gender as gender7_10_,
        user0_.hobby as hobby8_10_,
        user0_.introduce as introduc9_10_,
        user0_.job as job10_10_,
        user0_.name as name11_10_,
        user0_.nick_name as nick_na12_10_,
        user0_.phone_num as phone_n13_10_,
        user0_.profile_image as profile14_10_,
        user0_.res_red_number as res_red15_10_,
        user0_.score as score16_10_ 
    from
        user user0_
Hibernate: 
    select
        roles0_.user_id as user_id1_11_0_,
        roles0_.roles as roles2_11_0_ 
    from
        user_roles roles0_ 
    where
        roles0_.user_id=?
Hibernate: 
    select
        roles0_.user_id as user_id1_11_0_,
        roles0_.roles as roles2_11_0_ 
    from
        user_roles roles0_ 
    where
        roles0_.user_id=?
Hibernate: 
    select
        roles0_.user_id as user_id1_11_0_,
        roles0_.roles as roles2_11_0_ 
    from
        user_roles roles0_ 
    where
        roles0_.user_id=?
Hibernate: 
    select
        roles0_.user_id as user_id1_11_0_,
        roles0_.roles as roles2_11_0_ 
    from
        user_roles roles0_ 
    where
        roles0_.user_id=?
Hibernate: 
    select
        roles0_.user_id as user_id1_11_0_,
        roles0_.roles as roles2_11_0_ 
    from
        user_roles roles0_ 
    where
        roles0_.user_id=?
Hibernate: 
    insert 
    into
        story_pin_like
        (created_at, updated_at, story_pin_id, user_id) 
    values
        (?, ?, ?, ?)
Hibernate: 
    insert 
    into
        story_pin_comment
        (created_at, updated_at, content, story_pin_id, user_id) 
    values
        (?, ?, ?, ?, ?)
Hibernate: 
    select
        user0_.id as id1_10_,
        user0_.created_at as created_2_10_,
        user0_.updated_at as updated_3_10_,
        user0_.age as age4_10_,
        user0_.background_image as backgrou5_10_,
        user0_.email as email6_10_,
        user0_.gender as gender7_10_,
        user0_.hobby as hobby8_10_,
        user0_.introduce as introduc9_10_,
        user0_.job as job10_10_,
        user0_.name as name11_10_,
        user0_.nick_name as nick_na12_10_,
        user0_.phone_num as phone_n13_10_,
        user0_.profile_image as profile14_10_,
        user0_.res_red_number as res_red15_10_,
        user0_.score as score16_10_ 
    from
        user user0_
Hibernate: 
    select
        roles0_.user_id as user_id1_11_0_,
        roles0_.roles as roles2_11_0_ 
    from
        user_roles roles0_ 
    where
        roles0_.user_id=?
Hibernate: 
    select
        roles0_.user_id as user_id1_11_0_,
        roles0_.roles as roles2_11_0_ 
    from
        user_roles roles0_ 
    where
        roles0_.user_id=?
Hibernate: 
    select
        roles0_.user_id as user_id1_11_0_,
        roles0_.roles as roles2_11_0_ 
    from
        user_roles roles0_ 
    where
        roles0_.user_id=?
Hibernate: 
    select
        roles0_.user_id as user_id1_11_0_,
        roles0_.roles as roles2_11_0_ 
    from
        user_roles roles0_ 
    where
        roles0_.user_id=?
Hibernate: 
    select
        roles0_.user_id as user_id1_11_0_,
        roles0_.roles as roles2_11_0_ 
    from
        user_roles roles0_ 
    where
        roles0_.user_id=?
Hibernate: 
    select
        user0_.id as id1_10_,
        user0_.created_at as created_2_10_,
        user0_.updated_at as updated_3_10_,
        user0_.age as age4_10_,
        user0_.background_image as backgrou5_10_,
        user0_.email as email6_10_,
        user0_.gender as gender7_10_,
        user0_.hobby as hobby8_10_,
        user0_.introduce as introduc9_10_,
        user0_.job as job10_10_,
        user0_.name as name11_10_,
        user0_.nick_name as nick_na12_10_,
        user0_.phone_num as phone_n13_10_,
        user0_.profile_image as profile14_10_,
        user0_.res_red_number as res_red15_10_,
        user0_.score as score16_10_ 
    from
        user user0_
Hibernate: 
    select
        roles0_.user_id as user_id1_11_0_,
        roles0_.roles as roles2_11_0_ 
    from
        user_roles roles0_ 
    where
        roles0_.user_id=?
Hibernate: 
    select
        roles0_.user_id as user_id1_11_0_,
        roles0_.roles as roles2_11_0_ 
    from
        user_roles roles0_ 
    where
        roles0_.user_id=?
Hibernate: 
    select
        roles0_.user_id as user_id1_11_0_,
        roles0_.roles as roles2_11_0_ 
    from
        user_roles roles0_ 
    where
        roles0_.user_id=?
Hibernate: 
    select
        roles0_.user_id as user_id1_11_0_,
        roles0_.roles as roles2_11_0_ 
    from
        user_roles roles0_ 
    where
        roles0_.user_id=?
Hibernate: 
    select
        roles0_.user_id as user_id1_11_0_,
        roles0_.roles as roles2_11_0_ 
    from
        user_roles roles0_ 
    where
        roles0_.user_id=?
Hibernate: 
    insert 
    into
        story_pin_like
        (created_at, updated_at, story_pin_id, user_id) 
    values
        (?, ?, ?, ?)
Hibernate: 
    insert 
    into
        story_pin_comment
        (created_at, updated_at, content, story_pin_id, user_id) 
    values
        (?, ?, ?, ?, ?)
Hibernate: 
    select
        user0_.id as id1_10_,
        user0_.created_at as created_2_10_,
        user0_.updated_at as updated_3_10_,
        user0_.age as age4_10_,
        user0_.background_image as backgrou5_10_,
        user0_.email as email6_10_,
        user0_.gender as gender7_10_,
        user0_.hobby as hobby8_10_,
        user0_.introduce as introduc9_10_,
        user0_.job as job10_10_,
        user0_.name as name11_10_,
        user0_.nick_name as nick_na12_10_,
        user0_.phone_num as phone_n13_10_,
        user0_.profile_image as profile14_10_,
        user0_.res_red_number as res_red15_10_,
        user0_.score as score16_10_ 
    from
        user user0_
Hibernate: 
    select
        roles0_.user_id as user_id1_11_0_,
        roles0_.roles as roles2_11_0_ 
    from
        user_roles roles0_ 
    where
        roles0_.user_id=?
Hibernate: 
    select
        roles0_.user_id as user_id1_11_0_,
        roles0_.roles as roles2_11_0_ 
    from
        user_roles roles0_ 
    where
        roles0_.user_id=?
Hibernate: 
    select
        roles0_.user_id as user_id1_11_0_,
        roles0_.roles as roles2_11_0_ 
    from
        user_roles roles0_ 
    where
        roles0_.user_id=?
Hibernate: 
    select
        roles0_.user_id as user_id1_11_0_,
        roles0_.roles as roles2_11_0_ 
    from
        user_roles roles0_ 
    where
        roles0_.user_id=?
Hibernate: 
    select
        roles0_.user_id as user_id1_11_0_,
        roles0_.roles as roles2_11_0_ 
    from
        user_roles roles0_ 
    where
        roles0_.user_id=?
Hibernate: 
    select
        user0_.id as id1_10_,
        user0_.created_at as created_2_10_,
        user0_.updated_at as updated_3_10_,
        user0_.age as age4_10_,
        user0_.background_image as backgrou5_10_,
        user0_.email as email6_10_,
        user0_.gender as gender7_10_,
        user0_.hobby as hobby8_10_,
        user0_.introduce as introduc9_10_,
        user0_.job as job10_10_,
        user0_.name as name11_10_,
        user0_.nick_name as nick_na12_10_,
        user0_.phone_num as phone_n13_10_,
        user0_.profile_image as profile14_10_,
        user0_.res_red_number as res_red15_10_,
        user0_.score as score16_10_ 
    from
        user user0_
Hibernate: 
    select
        roles0_.user_id as user_id1_11_0_,
        roles0_.roles as roles2_11_0_ 
    from
        user_roles roles0_ 
    where
        roles0_.user_id=?
Hibernate: 
    select
        roles0_.user_id as user_id1_11_0_,
        roles0_.roles as roles2_11_0_ 
    from
        user_roles roles0_ 
    where
        roles0_.user_id=?
Hibernate: 
    select
        roles0_.user_id as user_id1_11_0_,
        roles0_.roles as roles2_11_0_ 
    from
        user_roles roles0_ 
    where
        roles0_.user_id=?
Hibernate: 
    select
        roles0_.user_id as user_id1_11_0_,
        roles0_.roles as roles2_11_0_ 
    from
        user_roles roles0_ 
    where
        roles0_.user_id=?
Hibernate: 
    select
        roles0_.user_id as user_id1_11_0_,
        roles0_.roles as roles2_11_0_ 
    from
        user_roles roles0_ 
    where
        roles0_.user_id=?
Hibernate: 
    insert 
    into
        story_pin_like
        (created_at, updated_at, story_pin_id, user_id) 
    values
        (?, ?, ?, ?)
Hibernate: 
    insert 
    into
        story_pin_comment
        (created_at, updated_at, content, story_pin_id, user_id) 
    values
        (?, ?, ?, ?, ?)
Hibernate: 
    select
        user0_.id as id1_10_,
        user0_.created_at as created_2_10_,
        user0_.updated_at as updated_3_10_,
        user0_.age as age4_10_,
        user0_.background_image as backgrou5_10_,
        user0_.email as email6_10_,
        user0_.gender as gender7_10_,
        user0_.hobby as hobby8_10_,
        user0_.introduce as introduc9_10_,
        user0_.job as job10_10_,
        user0_.name as name11_10_,
        user0_.nick_name as nick_na12_10_,
        user0_.phone_num as phone_n13_10_,
        user0_.profile_image as profile14_10_,
        user0_.res_red_number as res_red15_10_,
        user0_.score as score16_10_ 
    from
        user user0_
Hibernate: 
    select
        roles0_.user_id as user_id1_11_0_,
        roles0_.roles as roles2_11_0_ 
    from
        user_roles roles0_ 
    where
        roles0_.user_id=?
Hibernate: 
    select
        roles0_.user_id as user_id1_11_0_,
        roles0_.roles as roles2_11_0_ 
    from
        user_roles roles0_ 
    where
        roles0_.user_id=?
Hibernate: 
    select
        roles0_.user_id as user_id1_11_0_,
        roles0_.roles as roles2_11_0_ 
    from
        user_roles roles0_ 
    where
        roles0_.user_id=?
Hibernate: 
    select
        roles0_.user_id as user_id1_11_0_,
        roles0_.roles as roles2_11_0_ 
    from
        user_roles roles0_ 
    where
        roles0_.user_id=?
Hibernate: 
    select
        roles0_.user_id as user_id1_11_0_,
        roles0_.roles as roles2_11_0_ 
    from
        user_roles roles0_ 
    where
        roles0_.user_id=?
Hibernate: 
    select
        user0_.id as id1_10_,
        user0_.created_at as created_2_10_,
        user0_.updated_at as updated_3_10_,
        user0_.age as age4_10_,
        user0_.background_image as backgrou5_10_,
        user0_.email as email6_10_,
        user0_.gender as gender7_10_,
        user0_.hobby as hobby8_10_,
        user0_.introduce as introduc9_10_,
        user0_.job as job10_10_,
        user0_.name as name11_10_,
        user0_.nick_name as nick_na12_10_,
        user0_.phone_num as phone_n13_10_,
        user0_.profile_image as profile14_10_,
        user0_.res_red_number as res_red15_10_,
        user0_.score as score16_10_ 
    from
        user user0_
Hibernate: 
    select
        roles0_.user_id as user_id1_11_0_,
        roles0_.roles as roles2_11_0_ 
    from
        user_roles roles0_ 
    where
        roles0_.user_id=?
Hibernate: 
    select
        roles0_.user_id as user_id1_11_0_,
        roles0_.roles as roles2_11_0_ 
    from
        user_roles roles0_ 
    where
        roles0_.user_id=?
Hibernate: 
    select
        roles0_.user_id as user_id1_11_0_,
        roles0_.roles as roles2_11_0_ 
    from
        user_roles roles0_ 
    where
        roles0_.user_id=?
Hibernate: 
    select
        roles0_.user_id as user_id1_11_0_,
        roles0_.roles as roles2_11_0_ 
    from
        user_roles roles0_ 
    where
        roles0_.user_id=?
Hibernate: 
    select
        roles0_.user_id as user_id1_11_0_,
        roles0_.roles as roles2_11_0_ 
    from
        user_roles roles0_ 
    where
        roles0_.user_id=?
Hibernate: 
    insert 
    into
        story_pin_like
        (created_at, updated_at, story_pin_id, user_id) 
    values
        (?, ?, ?, ?)
Hibernate: 
    insert 
    into
        story_pin_comment
        (created_at, updated_at, content, story_pin_id, user_id) 
    values
        (?, ?, ?, ?, ?)
Hibernate: 
    select
        user0_.id as id1_10_,
        user0_.created_at as created_2_10_,
        user0_.updated_at as updated_3_10_,
        user0_.age as age4_10_,
        user0_.background_image as backgrou5_10_,
        user0_.email as email6_10_,
        user0_.gender as gender7_10_,
        user0_.hobby as hobby8_10_,
        user0_.introduce as introduc9_10_,
        user0_.job as job10_10_,
        user0_.name as name11_10_,
        user0_.nick_name as nick_na12_10_,
        user0_.phone_num as phone_n13_10_,
        user0_.profile_image as profile14_10_,
        user0_.res_red_number as res_red15_10_,
        user0_.score as score16_10_ 
    from
        user user0_
Hibernate: 
    select
        roles0_.user_id as user_id1_11_0_,
        roles0_.roles as roles2_11_0_ 
    from
        user_roles roles0_ 
    where
        roles0_.user_id=?
Hibernate: 
    select
        roles0_.user_id as user_id1_11_0_,
        roles0_.roles as roles2_11_0_ 
    from
        user_roles roles0_ 
    where
        roles0_.user_id=?
Hibernate: 
    select
        roles0_.user_id as user_id1_11_0_,
        roles0_.roles as roles2_11_0_ 
    from
        user_roles roles0_ 
    where
        roles0_.user_id=?
Hibernate: 
    select
        roles0_.user_id as user_id1_11_0_,
        roles0_.roles as roles2_11_0_ 
    from
        user_roles roles0_ 
    where
        roles0_.user_id=?
Hibernate: 
    select
        roles0_.user_id as user_id1_11_0_,
        roles0_.roles as roles2_11_0_ 
    from
        user_roles roles0_ 
    where
        roles0_.user_id=?
Hibernate: 
    select
        user0_.id as id1_10_,
        user0_.created_at as created_2_10_,
        user0_.updated_at as updated_3_10_,
        user0_.age as age4_10_,
        user0_.background_image as backgrou5_10_,
        user0_.email as email6_10_,
        user0_.gender as gender7_10_,
        user0_.hobby as hobby8_10_,
        user0_.introduce as introduc9_10_,
        user0_.job as job10_10_,
        user0_.name as name11_10_,
        user0_.nick_name as nick_na12_10_,
        user0_.phone_num as phone_n13_10_,
        user0_.profile_image as profile14_10_,
        user0_.res_red_number as res_red15_10_,
        user0_.score as score16_10_ 
    from
        user user0_
Hibernate: 
    select
        roles0_.user_id as user_id1_11_0_,
        roles0_.roles as roles2_11_0_ 
    from
        user_roles roles0_ 
    where
        roles0_.user_id=?
Hibernate: 
    select
        roles0_.user_id as user_id1_11_0_,
        roles0_.roles as roles2_11_0_ 
    from
        user_roles roles0_ 
    where
        roles0_.user_id=?
Hibernate: 
    select
        roles0_.user_id as user_id1_11_0_,
        roles0_.roles as roles2_11_0_ 
    from
        user_roles roles0_ 
    where
        roles0_.user_id=?
Hibernate: 
    select
        roles0_.user_id as user_id1_11_0_,
        roles0_.roles as roles2_11_0_ 
    from
        user_roles roles0_ 
    where
        roles0_.user_id=?
Hibernate: 
    select
        roles0_.user_id as user_id1_11_0_,
        roles0_.roles as roles2_11_0_ 
    from
        user_roles roles0_ 
    where
        roles0_.user_id=?
Hibernate: 
    insert 
    into
        story_pin_like
        (created_at, updated_at, story_pin_id, user_id) 
    values
        (?, ?, ?, ?)
Hibernate: 
    insert 
    into
        story_pin_comment
        (created_at, updated_at, content, story_pin_id, user_id) 
    values
        (?, ?, ?, ?, ?)
Hibernate: 
    select
        user0_.id as id1_10_,
        user0_.created_at as created_2_10_,
        user0_.updated_at as updated_3_10_,
        user0_.age as age4_10_,
        user0_.background_image as backgrou5_10_,
        user0_.email as email6_10_,
        user0_.gender as gender7_10_,
        user0_.hobby as hobby8_10_,
        user0_.introduce as introduc9_10_,
        user0_.job as job10_10_,
        user0_.name as name11_10_,
        user0_.nick_name as nick_na12_10_,
        user0_.phone_num as phone_n13_10_,
        user0_.profile_image as profile14_10_,
        user0_.res_red_number as res_red15_10_,
        user0_.score as score16_10_ 
    from
        user user0_
Hibernate: 
    select
        roles0_.user_id as user_id1_11_0_,
        roles0_.roles as roles2_11_0_ 
    from
        user_roles roles0_ 
    where
        roles0_.user_id=?
Hibernate: 
    select
        roles0_.user_id as user_id1_11_0_,
        roles0_.roles as roles2_11_0_ 
    from
        user_roles roles0_ 
    where
        roles0_.user_id=?
Hibernate: 
    select
        roles0_.user_id as user_id1_11_0_,
        roles0_.roles as roles2_11_0_ 
    from
        user_roles roles0_ 
    where
        roles0_.user_id=?
Hibernate: 
    select
        roles0_.user_id as user_id1_11_0_,
        roles0_.roles as roles2_11_0_ 
    from
        user_roles roles0_ 
    where
        roles0_.user_id=?
Hibernate: 
    select
        roles0_.user_id as user_id1_11_0_,
        roles0_.roles as roles2_11_0_ 
    from
        user_roles roles0_ 
    where
        roles0_.user_id=?
Hibernate: 
    select
        user0_.id as id1_10_,
        user0_.created_at as created_2_10_,
        user0_.updated_at as updated_3_10_,
        user0_.age as age4_10_,
        user0_.background_image as backgrou5_10_,
        user0_.email as email6_10_,
        user0_.gender as gender7_10_,
        user0_.hobby as hobby8_10_,
        user0_.introduce as introduc9_10_,
        user0_.job as job10_10_,
        user0_.name as name11_10_,
        user0_.nick_name as nick_na12_10_,
        user0_.phone_num as phone_n13_10_,
        user0_.profile_image as profile14_10_,
        user0_.res_red_number as res_red15_10_,
        user0_.score as score16_10_ 
    from
        user user0_
Hibernate: 
    select
        roles0_.user_id as user_id1_11_0_,
        roles0_.roles as roles2_11_0_ 
    from
        user_roles roles0_ 
    where
        roles0_.user_id=?
Hibernate: 
    select
        roles0_.user_id as user_id1_11_0_,
        roles0_.roles as roles2_11_0_ 
    from
        user_roles roles0_ 
    where
        roles0_.user_id=?
Hibernate: 
    select
        roles0_.user_id as user_id1_11_0_,
        roles0_.roles as roles2_11_0_ 
    from
        user_roles roles0_ 
    where
        roles0_.user_id=?
Hibernate: 
    select
        roles0_.user_id as user_id1_11_0_,
        roles0_.roles as roles2_11_0_ 
    from
        user_roles roles0_ 
    where
        roles0_.user_id=?
Hibernate: 
    select
        roles0_.user_id as user_id1_11_0_,
        roles0_.roles as roles2_11_0_ 
    from
        user_roles roles0_ 
    where
        roles0_.user_id=?
Hibernate: 
    insert 
    into
        story_pin_like
        (created_at, updated_at, story_pin_id, user_id) 
    values
        (?, ?, ?, ?)
Hibernate: 
    insert 
    into
        story_pin_comment
        (created_at, updated_at, content, story_pin_id, user_id) 
    values
        (?, ?, ?, ?, ?)
Hibernate: 
    select
        user0_.id as id1_10_,
        user0_.created_at as created_2_10_,
        user0_.updated_at as updated_3_10_,
        user0_.age as age4_10_,
        user0_.background_image as backgrou5_10_,
        user0_.email as email6_10_,
        user0_.gender as gender7_10_,
        user0_.hobby as hobby8_10_,
        user0_.introduce as introduc9_10_,
        user0_.job as job10_10_,
        user0_.name as name11_10_,
        user0_.nick_name as nick_na12_10_,
        user0_.phone_num as phone_n13_10_,
        user0_.profile_image as profile14_10_,
        user0_.res_red_number as res_red15_10_,
        user0_.score as score16_10_ 
    from
        user user0_
Hibernate: 
    select
        roles0_.user_id as user_id1_11_0_,
        roles0_.roles as roles2_11_0_ 
    from
        user_roles roles0_ 
    where
        roles0_.user_id=?
Hibernate: 
    select
        roles0_.user_id as user_id1_11_0_,
        roles0_.roles as roles2_11_0_ 
    from
        user_roles roles0_ 
    where
        roles0_.user_id=?
Hibernate: 
    select
        roles0_.user_id as user_id1_11_0_,
        roles0_.roles as roles2_11_0_ 
    from
        user_roles roles0_ 
    where
        roles0_.user_id=?
Hibernate: 
    select
        roles0_.user_id as user_id1_11_0_,
        roles0_.roles as roles2_11_0_ 
    from
        user_roles roles0_ 
    where
        roles0_.user_id=?
Hibernate: 
    select
        roles0_.user_id as user_id1_11_0_,
        roles0_.roles as roles2_11_0_ 
    from
        user_roles roles0_ 
    where
        roles0_.user_id=?
Hibernate: 
    select
        user0_.id as id1_10_,
        user0_.created_at as created_2_10_,
        user0_.updated_at as updated_3_10_,
        user0_.age as age4_10_,
        user0_.background_image as backgrou5_10_,
        user0_.email as email6_10_,
        user0_.gender as gender7_10_,
        user0_.hobby as hobby8_10_,
        user0_.introduce as introduc9_10_,
        user0_.job as job10_10_,
        user0_.name as name11_10_,
        user0_.nick_name as nick_na12_10_,
        user0_.phone_num as phone_n13_10_,
        user0_.profile_image as profile14_10_,
        user0_.res_red_number as res_red15_10_,
        user0_.score as score16_10_ 
    from
        user user0_
Hibernate: 
    select
        roles0_.user_id as user_id1_11_0_,
        roles0_.roles as roles2_11_0_ 
    from
        user_roles roles0_ 
    where
        roles0_.user_id=?
Hibernate: 
    select
        roles0_.user_id as user_id1_11_0_,
        roles0_.roles as roles2_11_0_ 
    from
        user_roles roles0_ 
    where
        roles0_.user_id=?
Hibernate: 
    select
        roles0_.user_id as user_id1_11_0_,
        roles0_.roles as roles2_11_0_ 
    from
        user_roles roles0_ 
    where
        roles0_.user_id=?
Hibernate: 
    select
        roles0_.user_id as user_id1_11_0_,
        roles0_.roles as roles2_11_0_ 
    from
        user_roles roles0_ 
    where
        roles0_.user_id=?
Hibernate: 
    select
        roles0_.user_id as user_id1_11_0_,
        roles0_.roles as roles2_11_0_ 
    from
        user_roles roles0_ 
    where
        roles0_.user_id=?
Hibernate: 
    insert 
    into
        story_pin_like
        (created_at, updated_at, story_pin_id, user_id) 
    values
        (?, ?, ?, ?)
Hibernate: 
    insert 
    into
        story_pin_comment
        (created_at, updated_at, content, story_pin_id, user_id) 
    values
        (?, ?, ?, ?, ?)
Hibernate: 
    select
        user0_.id as id1_10_,
        user0_.created_at as created_2_10_,
        user0_.updated_at as updated_3_10_,
        user0_.age as age4_10_,
        user0_.background_image as backgrou5_10_,
        user0_.email as email6_10_,
        user0_.gender as gender7_10_,
        user0_.hobby as hobby8_10_,
        user0_.introduce as introduc9_10_,
        user0_.job as job10_10_,
        user0_.name as name11_10_,
        user0_.nick_name as nick_na12_10_,
        user0_.phone_num as phone_n13_10_,
        user0_.profile_image as profile14_10_,
        user0_.res_red_number as res_red15_10_,
        user0_.score as score16_10_ 
    from
        user user0_
Hibernate: 
    select
        roles0_.user_id as user_id1_11_0_,
        roles0_.roles as roles2_11_0_ 
    from
        user_roles roles0_ 
    where
        roles0_.user_id=?
Hibernate: 
    select
        roles0_.user_id as user_id1_11_0_,
        roles0_.roles as roles2_11_0_ 
    from
        user_roles roles0_ 
    where
        roles0_.user_id=?
Hibernate: 
    select
        roles0_.user_id as user_id1_11_0_,
        roles0_.roles as roles2_11_0_ 
    from
        user_roles roles0_ 
    where
        roles0_.user_id=?
Hibernate: 
    select
        roles0_.user_id as user_id1_11_0_,
        roles0_.roles as roles2_11_0_ 
    from
        user_roles roles0_ 
    where
        roles0_.user_id=?
Hibernate: 
    select
        roles0_.user_id as user_id1_11_0_,
        roles0_.roles as roles2_11_0_ 
    from
        user_roles roles0_ 
    where
        roles0_.user_id=?
Hibernate: 
    select
        user0_.id as id1_10_,
        user0_.created_at as created_2_10_,
        user0_.updated_at as updated_3_10_,
        user0_.age as age4_10_,
        user0_.background_image as backgrou5_10_,
        user0_.email as email6_10_,
        user0_.gender as gender7_10_,
        user0_.hobby as hobby8_10_,
        user0_.introduce as introduc9_10_,
        user0_.job as job10_10_,
        user0_.name as name11_10_,
        user0_.nick_name as nick_na12_10_,
        user0_.phone_num as phone_n13_10_,
        user0_.profile_image as profile14_10_,
        user0_.res_red_number as res_red15_10_,
        user0_.score as score16_10_ 
    from
        user user0_
Hibernate: 
    select
        roles0_.user_id as user_id1_11_0_,
        roles0_.roles as roles2_11_0_ 
    from
        user_roles roles0_ 
    where
        roles0_.user_id=?
Hibernate: 
    select
        roles0_.user_id as user_id1_11_0_,
        roles0_.roles as roles2_11_0_ 
    from
        user_roles roles0_ 
    where
        roles0_.user_id=?
Hibernate: 
    select
        roles0_.user_id as user_id1_11_0_,
        roles0_.roles as roles2_11_0_ 
    from
        user_roles roles0_ 
    where
        roles0_.user_id=?
Hibernate: 
    select
        roles0_.user_id as user_id1_11_0_,
        roles0_.roles as roles2_11_0_ 
    from
        user_roles roles0_ 
    where
        roles0_.user_id=?
Hibernate: 
    select
        roles0_.user_id as user_id1_11_0_,
        roles0_.roles as roles2_11_0_ 
    from
        user_roles roles0_ 
    where
        roles0_.user_id=?
Hibernate: 
    insert 
    into
        story_pin_like
        (created_at, updated_at, story_pin_id, user_id) 
    values
        (?, ?, ?, ?)
Hibernate: 
    insert 
    into
        story_pin_comment
        (created_at, updated_at, content, story_pin_id, user_id) 
    values
        (?, ?, ?, ?, ?)
Hibernate: 
    select
        user0_.id as id1_10_,
        user0_.created_at as created_2_10_,
        user0_.updated_at as updated_3_10_,
        user0_.age as age4_10_,
        user0_.background_image as backgrou5_10_,
        user0_.email as email6_10_,
        user0_.gender as gender7_10_,
        user0_.hobby as hobby8_10_,
        user0_.introduce as introduc9_10_,
        user0_.job as job10_10_,
        user0_.name as name11_10_,
        user0_.nick_name as nick_na12_10_,
        user0_.phone_num as phone_n13_10_,
        user0_.profile_image as profile14_10_,
        user0_.res_red_number as res_red15_10_,
        user0_.score as score16_10_ 
    from
        user user0_
Hibernate: 
    select
        roles0_.user_id as user_id1_11_0_,
        roles0_.roles as roles2_11_0_ 
    from
        user_roles roles0_ 
    where
        roles0_.user_id=?
Hibernate: 
    select
        roles0_.user_id as user_id1_11_0_,
        roles0_.roles as roles2_11_0_ 
    from
        user_roles roles0_ 
    where
        roles0_.user_id=?
Hibernate: 
    select
        roles0_.user_id as user_id1_11_0_,
        roles0_.roles as roles2_11_0_ 
    from
        user_roles roles0_ 
    where
        roles0_.user_id=?
Hibernate: 
    select
        roles0_.user_id as user_id1_11_0_,
        roles0_.roles as roles2_11_0_ 
    from
        user_roles roles0_ 
    where
        roles0_.user_id=?
Hibernate: 
    select
        roles0_.user_id as user_id1_11_0_,
        roles0_.roles as roles2_11_0_ 
    from
        user_roles roles0_ 
    where
        roles0_.user_id=?
Hibernate: 
    select
        user0_.id as id1_10_,
        user0_.created_at as created_2_10_,
        user0_.updated_at as updated_3_10_,
        user0_.age as age4_10_,
        user0_.background_image as backgrou5_10_,
        user0_.email as email6_10_,
        user0_.gender as gender7_10_,
        user0_.hobby as hobby8_10_,
        user0_.introduce as introduc9_10_,
        user0_.job as job10_10_,
        user0_.name as name11_10_,
        user0_.nick_name as nick_na12_10_,
        user0_.phone_num as phone_n13_10_,
        user0_.profile_image as profile14_10_,
        user0_.res_red_number as res_red15_10_,
        user0_.score as score16_10_ 
    from
        user user0_
Hibernate: 
    select
        roles0_.user_id as user_id1_11_0_,
        roles0_.roles as roles2_11_0_ 
    from
        user_roles roles0_ 
    where
        roles0_.user_id=?
Hibernate: 
    select
        roles0_.user_id as user_id1_11_0_,
        roles0_.roles as roles2_11_0_ 
    from
        user_roles roles0_ 
    where
        roles0_.user_id=?
Hibernate: 
    select
        roles0_.user_id as user_id1_11_0_,
        roles0_.roles as roles2_11_0_ 
    from
        user_roles roles0_ 
    where
        roles0_.user_id=?
Hibernate: 
    select
        roles0_.user_id as user_id1_11_0_,
        roles0_.roles as roles2_11_0_ 
    from
        user_roles roles0_ 
    where
        roles0_.user_id=?
Hibernate: 
    select
        roles0_.user_id as user_id1_11_0_,
        roles0_.roles as roles2_11_0_ 
    from
        user_roles roles0_ 
    where
        roles0_.user_id=?
Hibernate: 
    insert 
    into
        story_pin_like
        (created_at, updated_at, story_pin_id, user_id) 
    values
        (?, ?, ?, ?)
Hibernate: 
    insert 
    into
        story_pin_comment
        (created_at, updated_at, content, story_pin_id, user_id) 
    values
        (?, ?, ?, ?, ?)
Hibernate: 
    select
        user0_.id as id1_10_,
        user0_.created_at as created_2_10_,
        user0_.updated_at as updated_3_10_,
        user0_.age as age4_10_,
        user0_.background_image as backgrou5_10_,
        user0_.email as email6_10_,
        user0_.gender as gender7_10_,
        user0_.hobby as hobby8_10_,
        user0_.introduce as introduc9_10_,
        user0_.job as job10_10_,
        user0_.name as name11_10_,
        user0_.nick_name as nick_na12_10_,
        user0_.phone_num as phone_n13_10_,
        user0_.profile_image as profile14_10_,
        user0_.res_red_number as res_red15_10_,
        user0_.score as score16_10_ 
    from
        user user0_
Hibernate: 
    select
        roles0_.user_id as user_id1_11_0_,
        roles0_.roles as roles2_11_0_ 
    from
        user_roles roles0_ 
    where
        roles0_.user_id=?
Hibernate: 
    select
        roles0_.user_id as user_id1_11_0_,
        roles0_.roles as roles2_11_0_ 
    from
        user_roles roles0_ 
    where
        roles0_.user_id=?
Hibernate: 
    select
        roles0_.user_id as user_id1_11_0_,
        roles0_.roles as roles2_11_0_ 
    from
        user_roles roles0_ 
    where
        roles0_.user_id=?
Hibernate: 
    select
        roles0_.user_id as user_id1_11_0_,
        roles0_.roles as roles2_11_0_ 
    from
        user_roles roles0_ 
    where
        roles0_.user_id=?
Hibernate: 
    select
        roles0_.user_id as user_id1_11_0_,
        roles0_.roles as roles2_11_0_ 
    from
        user_roles roles0_ 
    where
        roles0_.user_id=?
Hibernate: 
    select
        user0_.id as id1_10_,
        user0_.created_at as created_2_10_,
        user0_.updated_at as updated_3_10_,
        user0_.age as age4_10_,
        user0_.background_image as backgrou5_10_,
        user0_.email as email6_10_,
        user0_.gender as gender7_10_,
        user0_.hobby as hobby8_10_,
        user0_.introduce as introduc9_10_,
        user0_.job as job10_10_,
        user0_.name as name11_10_,
        user0_.nick_name as nick_na12_10_,
        user0_.phone_num as phone_n13_10_,
        user0_.profile_image as profile14_10_,
        user0_.res_red_number as res_red15_10_,
        user0_.score as score16_10_ 
    from
        user user0_
Hibernate: 
    select
        roles0_.user_id as user_id1_11_0_,
        roles0_.roles as roles2_11_0_ 
    from
        user_roles roles0_ 
    where
        roles0_.user_id=?
Hibernate: 
    select
        roles0_.user_id as user_id1_11_0_,
        roles0_.roles as roles2_11_0_ 
    from
        user_roles roles0_ 
    where
        roles0_.user_id=?
Hibernate: 
    select
        roles0_.user_id as user_id1_11_0_,
        roles0_.roles as roles2_11_0_ 
    from
        user_roles roles0_ 
    where
        roles0_.user_id=?
Hibernate: 
    select
        roles0_.user_id as user_id1_11_0_,
        roles0_.roles as roles2_11_0_ 
    from
        user_roles roles0_ 
    where
        roles0_.user_id=?
Hibernate: 
    select
        roles0_.user_id as user_id1_11_0_,
        roles0_.roles as roles2_11_0_ 
    from
        user_roles roles0_ 
    where
        roles0_.user_id=?
Hibernate: 
    insert 
    into
        story_pin_like
        (created_at, updated_at, story_pin_id, user_id) 
    values
        (?, ?, ?, ?)
Hibernate: 
    insert 
    into
        story_pin_comment
        (created_at, updated_at, content, story_pin_id, user_id) 
    values
        (?, ?, ?, ?, ?)
Hibernate: 
    select
        user0_.id as id1_10_,
        user0_.created_at as created_2_10_,
        user0_.updated_at as updated_3_10_,
        user0_.age as age4_10_,
        user0_.background_image as backgrou5_10_,
        user0_.email as email6_10_,
        user0_.gender as gender7_10_,
        user0_.hobby as hobby8_10_,
        user0_.introduce as introduc9_10_,
        user0_.job as job10_10_,
        user0_.name as name11_10_,
        user0_.nick_name as nick_na12_10_,
        user0_.phone_num as phone_n13_10_,
        user0_.profile_image as profile14_10_,
        user0_.res_red_number as res_red15_10_,
        user0_.score as score16_10_ 
    from
        user user0_
Hibernate: 
    select
        roles0_.user_id as user_id1_11_0_,
        roles0_.roles as roles2_11_0_ 
    from
        user_roles roles0_ 
    where
        roles0_.user_id=?
Hibernate: 
    select
        roles0_.user_id as user_id1_11_0_,
        roles0_.roles as roles2_11_0_ 
    from
        user_roles roles0_ 
    where
        roles0_.user_id=?
Hibernate: 
    select
        roles0_.user_id as user_id1_11_0_,
        roles0_.roles as roles2_11_0_ 
    from
        user_roles roles0_ 
    where
        roles0_.user_id=?
Hibernate: 
    select
        roles0_.user_id as user_id1_11_0_,
        roles0_.roles as roles2_11_0_ 
    from
        user_roles roles0_ 
    where
        roles0_.user_id=?
Hibernate: 
    select
        roles0_.user_id as user_id1_11_0_,
        roles0_.roles as roles2_11_0_ 
    from
        user_roles roles0_ 
    where
        roles0_.user_id=?
Hibernate: 
    select
        user0_.id as id1_10_,
        user0_.created_at as created_2_10_,
        user0_.updated_at as updated_3_10_,
        user0_.age as age4_10_,
        user0_.background_image as backgrou5_10_,
        user0_.email as email6_10_,
        user0_.gender as gender7_10_,
        user0_.hobby as hobby8_10_,
        user0_.introduce as introduc9_10_,
        user0_.job as job10_10_,
        user0_.name as name11_10_,
        user0_.nick_name as nick_na12_10_,
        user0_.phone_num as phone_n13_10_,
        user0_.profile_image as profile14_10_,
        user0_.res_red_number as res_red15_10_,
        user0_.score as score16_10_ 
    from
        user user0_
Hibernate: 
    select
        roles0_.user_id as user_id1_11_0_,
        roles0_.roles as roles2_11_0_ 
    from
        user_roles roles0_ 
    where
        roles0_.user_id=?
Hibernate: 
    select
        roles0_.user_id as user_id1_11_0_,
        roles0_.roles as roles2_11_0_ 
    from
        user_roles roles0_ 
    where
        roles0_.user_id=?
Hibernate: 
    select
        roles0_.user_id as user_id1_11_0_,
        roles0_.roles as roles2_11_0_ 
    from
        user_roles roles0_ 
    where
        roles0_.user_id=?
Hibernate: 
    select
        roles0_.user_id as user_id1_11_0_,
        roles0_.roles as roles2_11_0_ 
    from
        user_roles roles0_ 
    where
        roles0_.user_id=?
Hibernate: 
    select
        roles0_.user_id as user_id1_11_0_,
        roles0_.roles as roles2_11_0_ 
    from
        user_roles roles0_ 
    where
        roles0_.user_id=?
Hibernate: 
    insert 
    into
        story_pin_like
        (created_at, updated_at, story_pin_id, user_id) 
    values
        (?, ?, ?, ?)
Hibernate: 
    insert 
    into
        story_pin_comment
        (created_at, updated_at, content, story_pin_id, user_id) 
    values
        (?, ?, ?, ?, ?)
Hibernate: 
    select
        user0_.id as id1_10_,
        user0_.created_at as created_2_10_,
        user0_.updated_at as updated_3_10_,
        user0_.age as age4_10_,
        user0_.background_image as backgrou5_10_,
        user0_.email as email6_10_,
        user0_.gender as gender7_10_,
        user0_.hobby as hobby8_10_,
        user0_.introduce as introduc9_10_,
        user0_.job as job10_10_,
        user0_.name as name11_10_,
        user0_.nick_name as nick_na12_10_,
        user0_.phone_num as phone_n13_10_,
        user0_.profile_image as profile14_10_,
        user0_.res_red_number as res_red15_10_,
        user0_.score as score16_10_ 
    from
        user user0_
Hibernate: 
    select
        roles0_.user_id as user_id1_11_0_,
        roles0_.roles as roles2_11_0_ 
    from
        user_roles roles0_ 
    where
        roles0_.user_id=?
Hibernate: 
    select
        roles0_.user_id as user_id1_11_0_,
        roles0_.roles as roles2_11_0_ 
    from
        user_roles roles0_ 
    where
        roles0_.user_id=?
Hibernate: 
    select
        roles0_.user_id as user_id1_11_0_,
        roles0_.roles as roles2_11_0_ 
    from
        user_roles roles0_ 
    where
        roles0_.user_id=?
Hibernate: 
    select
        roles0_.user_id as user_id1_11_0_,
        roles0_.roles as roles2_11_0_ 
    from
        user_roles roles0_ 
    where
        roles0_.user_id=?
Hibernate: 
    select
        roles0_.user_id as user_id1_11_0_,
        roles0_.roles as roles2_11_0_ 
    from
        user_roles roles0_ 
    where
        roles0_.user_id=?
Hibernate: 
    select
        user0_.id as id1_10_,
        user0_.created_at as created_2_10_,
        user0_.updated_at as updated_3_10_,
        user0_.age as age4_10_,
        user0_.background_image as backgrou5_10_,
        user0_.email as email6_10_,
        user0_.gender as gender7_10_,
        user0_.hobby as hobby8_10_,
        user0_.introduce as introduc9_10_,
        user0_.job as job10_10_,
        user0_.name as name11_10_,
        user0_.nick_name as nick_na12_10_,
        user0_.phone_num as phone_n13_10_,
        user0_.profile_image as profile14_10_,
        user0_.res_red_number as res_red15_10_,
        user0_.score as score16_10_ 
    from
        user user0_
Hibernate: 
    select
        roles0_.user_id as user_id1_11_0_,
        roles0_.roles as roles2_11_0_ 
    from
        user_roles roles0_ 
    where
        roles0_.user_id=?
Hibernate: 
    select
        roles0_.user_id as user_id1_11_0_,
        roles0_.roles as roles2_11_0_ 
    from
        user_roles roles0_ 
    where
        roles0_.user_id=?
Hibernate: 
    select
        roles0_.user_id as user_id1_11_0_,
        roles0_.roles as roles2_11_0_ 
    from
        user_roles roles0_ 
    where
        roles0_.user_id=?
Hibernate: 
    select
        roles0_.user_id as user_id1_11_0_,
        roles0_.roles as roles2_11_0_ 
    from
        user_roles roles0_ 
    where
        roles0_.user_id=?
Hibernate: 
    select
        roles0_.user_id as user_id1_11_0_,
        roles0_.roles as roles2_11_0_ 
    from
        user_roles roles0_ 
    where
        roles0_.user_id=?
Hibernate: 
    insert 
    into
        story_pin_like
        (created_at, updated_at, story_pin_id, user_id) 
    values
        (?, ?, ?, ?)
Hibernate: 
    insert 
    into
        story_pin_comment
        (created_at, updated_at, content, story_pin_id, user_id) 
    values
        (?, ?, ?, ?, ?)
Hibernate: 
    select
        user0_.id as id1_10_,
        user0_.created_at as created_2_10_,
        user0_.updated_at as updated_3_10_,
        user0_.age as age4_10_,
        user0_.background_image as backgrou5_10_,
        user0_.email as email6_10_,
        user0_.gender as gender7_10_,
        user0_.hobby as hobby8_10_,
        user0_.introduce as introduc9_10_,
        user0_.job as job10_10_,
        user0_.name as name11_10_,
        user0_.nick_name as nick_na12_10_,
        user0_.phone_num as phone_n13_10_,
        user0_.profile_image as profile14_10_,
        user0_.res_red_number as res_red15_10_,
        user0_.score as score16_10_ 
    from
        user user0_
Hibernate: 
    select
        roles0_.user_id as user_id1_11_0_,
        roles0_.roles as roles2_11_0_ 
    from
        user_roles roles0_ 
    where
        roles0_.user_id=?
Hibernate: 
    select
        roles0_.user_id as user_id1_11_0_,
        roles0_.roles as roles2_11_0_ 
    from
        user_roles roles0_ 
    where
        roles0_.user_id=?
Hibernate: 
    select
        roles0_.user_id as user_id1_11_0_,
        roles0_.roles as roles2_11_0_ 
    from
        user_roles roles0_ 
    where
        roles0_.user_id=?
Hibernate: 
    select
        roles0_.user_id as user_id1_11_0_,
        roles0_.roles as roles2_11_0_ 
    from
        user_roles roles0_ 
    where
        roles0_.user_id=?
Hibernate: 
    select
        roles0_.user_id as user_id1_11_0_,
        roles0_.roles as roles2_11_0_ 
    from
        user_roles roles0_ 
    where
        roles0_.user_id=?
Hibernate: 
    select
        user0_.id as id1_10_,
        user0_.created_at as created_2_10_,
        user0_.updated_at as updated_3_10_,
        user0_.age as age4_10_,
        user0_.background_image as backgrou5_10_,
        user0_.email as email6_10_,
        user0_.gender as gender7_10_,
        user0_.hobby as hobby8_10_,
        user0_.introduce as introduc9_10_,
        user0_.job as job10_10_,
        user0_.name as name11_10_,
        user0_.nick_name as nick_na12_10_,
        user0_.phone_num as phone_n13_10_,
        user0_.profile_image as profile14_10_,
        user0_.res_red_number as res_red15_10_,
        user0_.score as score16_10_ 
    from
        user user0_
Hibernate: 
    select
        roles0_.user_id as user_id1_11_0_,
        roles0_.roles as roles2_11_0_ 
    from
        user_roles roles0_ 
    where
        roles0_.user_id=?
Hibernate: 
    select
        roles0_.user_id as user_id1_11_0_,
        roles0_.roles as roles2_11_0_ 
    from
        user_roles roles0_ 
    where
        roles0_.user_id=?
Hibernate: 
    select
        roles0_.user_id as user_id1_11_0_,
        roles0_.roles as roles2_11_0_ 
    from
        user_roles roles0_ 
    where
        roles0_.user_id=?
Hibernate: 
    select
        roles0_.user_id as user_id1_11_0_,
        roles0_.roles as roles2_11_0_ 
    from
        user_roles roles0_ 
    where
        roles0_.user_id=?
Hibernate: 
    select
        roles0_.user_id as user_id1_11_0_,
        roles0_.roles as roles2_11_0_ 
    from
        user_roles roles0_ 
    where
        roles0_.user_id=?
Hibernate: 
    insert 
    into
        story_pin_like
        (created_at, updated_at, story_pin_id, user_id) 
    values
        (?, ?, ?, ?)
Hibernate: 
    insert 
    into
        story_pin_comment
        (created_at, updated_at, content, story_pin_id, user_id) 
    values
        (?, ?, ?, ?, ?)
Hibernate: 
    select
        user0_.id as id1_10_,
        user0_.created_at as created_2_10_,
        user0_.updated_at as updated_3_10_,
        user0_.age as age4_10_,
        user0_.background_image as backgrou5_10_,
        user0_.email as email6_10_,
        user0_.gender as gender7_10_,
        user0_.hobby as hobby8_10_,
        user0_.introduce as introduc9_10_,
        user0_.job as job10_10_,
        user0_.name as name11_10_,
        user0_.nick_name as nick_na12_10_,
        user0_.phone_num as phone_n13_10_,
        user0_.profile_image as profile14_10_,
        user0_.res_red_number as res_red15_10_,
        user0_.score as score16_10_ 
    from
        user user0_
Hibernate: 
    select
        roles0_.user_id as user_id1_11_0_,
        roles0_.roles as roles2_11_0_ 
    from
        user_roles roles0_ 
    where
        roles0_.user_id=?
Hibernate: 
    select
        roles0_.user_id as user_id1_11_0_,
        roles0_.roles as roles2_11_0_ 
    from
        user_roles roles0_ 
    where
        roles0_.user_id=?
Hibernate: 
    select
        roles0_.user_id as user_id1_11_0_,
        roles0_.roles as roles2_11_0_ 
    from
        user_roles roles0_ 
    where
        roles0_.user_id=?
Hibernate: 
    select
        roles0_.user_id as user_id1_11_0_,
        roles0_.roles as roles2_11_0_ 
    from
        user_roles roles0_ 
    where
        roles0_.user_id=?
Hibernate: 
    select
        roles0_.user_id as user_id1_11_0_,
        roles0_.roles as roles2_11_0_ 
    from
        user_roles roles0_ 
    where
        roles0_.user_id=?
Hibernate: 
    select
        user0_.id as id1_10_,
        user0_.created_at as created_2_10_,
        user0_.updated_at as updated_3_10_,
        user0_.age as age4_10_,
        user0_.background_image as backgrou5_10_,
        user0_.email as email6_10_,
        user0_.gender as gender7_10_,
        user0_.hobby as hobby8_10_,
        user0_.introduce as introduc9_10_,
        user0_.job as job10_10_,
        user0_.name as name11_10_,
        user0_.nick_name as nick_na12_10_,
        user0_.phone_num as phone_n13_10_,
        user0_.profile_image as profile14_10_,
        user0_.res_red_number as res_red15_10_,
        user0_.score as score16_10_ 
    from
        user user0_
Hibernate: 
    select
        roles0_.user_id as user_id1_11_0_,
        roles0_.roles as roles2_11_0_ 
    from
        user_roles roles0_ 
    where
        roles0_.user_id=?
Hibernate: 
    select
        roles0_.user_id as user_id1_11_0_,
        roles0_.roles as roles2_11_0_ 
    from
        user_roles roles0_ 
    where
        roles0_.user_id=?
Hibernate: 
    select
        roles0_.user_id as user_id1_11_0_,
        roles0_.roles as roles2_11_0_ 
    from
        user_roles roles0_ 
    where
        roles0_.user_id=?
Hibernate: 
    select
        roles0_.user_id as user_id1_11_0_,
        roles0_.roles as roles2_11_0_ 
    from
        user_roles roles0_ 
    where
        roles0_.user_id=?
Hibernate: 
    select
        roles0_.user_id as user_id1_11_0_,
        roles0_.roles as roles2_11_0_ 
    from
        user_roles roles0_ 
    where
        roles0_.user_id=?
Hibernate: 
    insert 
    into
        story_pin_like
        (created_at, updated_at, story_pin_id, user_id) 
    values
        (?, ?, ?, ?)
Hibernate: 
    insert 
    into
        story_pin_comment
        (created_at, updated_at, content, story_pin_id, user_id) 
    values
        (?, ?, ?, ?, ?)
Hibernate: 
    select
        user0_.id as id1_10_,
        user0_.created_at as created_2_10_,
        user0_.updated_at as updated_3_10_,
        user0_.age as age4_10_,
        user0_.background_image as backgrou5_10_,
        user0_.email as email6_10_,
        user0_.gender as gender7_10_,
        user0_.hobby as hobby8_10_,
        user0_.introduce as introduc9_10_,
        user0_.job as job10_10_,
        user0_.name as name11_10_,
        user0_.nick_name as nick_na12_10_,
        user0_.phone_num as phone_n13_10_,
        user0_.profile_image as profile14_10_,
        user0_.res_red_number as res_red15_10_,
        user0_.score as score16_10_ 
    from
        user user0_
Hibernate: 
    select
        roles0_.user_id as user_id1_11_0_,
        roles0_.roles as roles2_11_0_ 
    from
        user_roles roles0_ 
    where
        roles0_.user_id=?
Hibernate: 
    select
        roles0_.user_id as user_id1_11_0_,
        roles0_.roles as roles2_11_0_ 
    from
        user_roles roles0_ 
    where
        roles0_.user_id=?
Hibernate: 
    select
        roles0_.user_id as user_id1_11_0_,
        roles0_.roles as roles2_11_0_ 
    from
        user_roles roles0_ 
    where
        roles0_.user_id=?
Hibernate: 
    select
        roles0_.user_id as user_id1_11_0_,
        roles0_.roles as roles2_11_0_ 
    from
        user_roles roles0_ 
    where
        roles0_.user_id=?
Hibernate: 
    select
        roles0_.user_id as user_id1_11_0_,
        roles0_.roles as roles2_11_0_ 
    from
        user_roles roles0_ 
    where
        roles0_.user_id=?
Hibernate: 
    select
        user0_.id as id1_10_,
        user0_.created_at as created_2_10_,
        user0_.updated_at as updated_3_10_,
        user0_.age as age4_10_,
        user0_.background_image as backgrou5_10_,
        user0_.email as email6_10_,
        user0_.gender as gender7_10_,
        user0_.hobby as hobby8_10_,
        user0_.introduce as introduc9_10_,
        user0_.job as job10_10_,
        user0_.name as name11_10_,
        user0_.nick_name as nick_na12_10_,
        user0_.phone_num as phone_n13_10_,
        user0_.profile_image as profile14_10_,
        user0_.res_red_number as res_red15_10_,
        user0_.score as score16_10_ 
    from
        user user0_
Hibernate: 
    select
        roles0_.user_id as user_id1_11_0_,
        roles0_.roles as roles2_11_0_ 
    from
        user_roles roles0_ 
    where
        roles0_.user_id=?
Hibernate: 
    select
        roles0_.user_id as user_id1_11_0_,
        roles0_.roles as roles2_11_0_ 
    from
        user_roles roles0_ 
    where
        roles0_.user_id=?
Hibernate: 
    select
        roles0_.user_id as user_id1_11_0_,
        roles0_.roles as roles2_11_0_ 
    from
        user_roles roles0_ 
    where
        roles0_.user_id=?
Hibernate: 
    select
        roles0_.user_id as user_id1_11_0_,
        roles0_.roles as roles2_11_0_ 
    from
        user_roles roles0_ 
    where
        roles0_.user_id=?
Hibernate: 
    select
        roles0_.user_id as user_id1_11_0_,
        roles0_.roles as roles2_11_0_ 
    from
        user_roles roles0_ 
    where
        roles0_.user_id=?
Hibernate: 
    insert 
    into
        story_pin_like
        (created_at, updated_at, story_pin_id, user_id) 
    values
        (?, ?, ?, ?)
Hibernate: 
    insert 
    into
        story_pin_comment
        (created_at, updated_at, content, story_pin_id, user_id) 
    values
        (?, ?, ?, ?, ?)
Hibernate: 
    select
        user0_.id as id1_10_,
        user0_.created_at as created_2_10_,
        user0_.updated_at as updated_3_10_,
        user0_.age as age4_10_,
        user0_.background_image as backgrou5_10_,
        user0_.email as email6_10_,
        user0_.gender as gender7_10_,
        user0_.hobby as hobby8_10_,
        user0_.introduce as introduc9_10_,
        user0_.job as job10_10_,
        user0_.name as name11_10_,
        user0_.nick_name as nick_na12_10_,
        user0_.phone_num as phone_n13_10_,
        user0_.profile_image as profile14_10_,
        user0_.res_red_number as res_red15_10_,
        user0_.score as score16_10_ 
    from
        user user0_
Hibernate: 
    select
        roles0_.user_id as user_id1_11_0_,
        roles0_.roles as roles2_11_0_ 
    from
        user_roles roles0_ 
    where
        roles0_.user_id=?
Hibernate: 
    select
        roles0_.user_id as user_id1_11_0_,
        roles0_.roles as roles2_11_0_ 
    from
        user_roles roles0_ 
    where
        roles0_.user_id=?
Hibernate: 
    select
        roles0_.user_id as user_id1_11_0_,
        roles0_.roles as roles2_11_0_ 
    from
        user_roles roles0_ 
    where
        roles0_.user_id=?
Hibernate: 
    select
        roles0_.user_id as user_id1_11_0_,
        roles0_.roles as roles2_11_0_ 
    from
        user_roles roles0_ 
    where
        roles0_.user_id=?
Hibernate: 
    select
        roles0_.user_id as user_id1_11_0_,
        roles0_.roles as roles2_11_0_ 
    from
        user_roles roles0_ 
    where
        roles0_.user_id=?
Hibernate: 
    select
        user0_.id as id1_10_,
        user0_.created_at as created_2_10_,
        user0_.updated_at as updated_3_10_,
        user0_.age as age4_10_,
        user0_.background_image as backgrou5_10_,
        user0_.email as email6_10_,
        user0_.gender as gender7_10_,
        user0_.hobby as hobby8_10_,
        user0_.introduce as introduc9_10_,
        user0_.job as job10_10_,
        user0_.name as name11_10_,
        user0_.nick_name as nick_na12_10_,
        user0_.phone_num as phone_n13_10_,
        user0_.profile_image as profile14_10_,
        user0_.res_red_number as res_red15_10_,
        user0_.score as score16_10_ 
    from
        user user0_
Hibernate: 
    select
        roles0_.user_id as user_id1_11_0_,
        roles0_.roles as roles2_11_0_ 
    from
        user_roles roles0_ 
    where
        roles0_.user_id=?
Hibernate: 
    select
        roles0_.user_id as user_id1_11_0_,
        roles0_.roles as roles2_11_0_ 
    from
        user_roles roles0_ 
    where
        roles0_.user_id=?
Hibernate: 
    select
        roles0_.user_id as user_id1_11_0_,
        roles0_.roles as roles2_11_0_ 
    from
        user_roles roles0_ 
    where
        roles0_.user_id=?
Hibernate: 
    select
        roles0_.user_id as user_id1_11_0_,
        roles0_.roles as roles2_11_0_ 
    from
        user_roles roles0_ 
    where
        roles0_.user_id=?
Hibernate: 
    select
        roles0_.user_id as user_id1_11_0_,
        roles0_.roles as roles2_11_0_ 
    from
        user_roles roles0_ 
    where
        roles0_.user_id=?
Hibernate: 
    insert 
    into
        story_pin_like
        (created_at, updated_at, story_pin_id, user_id) 
    values
        (?, ?, ?, ?)
Hibernate: 
    insert 
    into
        story_pin_comment
        (created_at, updated_at, content, story_pin_id, user_id) 
    values
        (?, ?, ?, ?, ?)
Hibernate: 
    select
        user0_.id as id1_10_,
        user0_.created_at as created_2_10_,
        user0_.updated_at as updated_3_10_,
        user0_.age as age4_10_,
        user0_.background_image as backgrou5_10_,
        user0_.email as email6_10_,
        user0_.gender as gender7_10_,
        user0_.hobby as hobby8_10_,
        user0_.introduce as introduc9_10_,
        user0_.job as job10_10_,
        user0_.name as name11_10_,
        user0_.nick_name as nick_na12_10_,
        user0_.phone_num as phone_n13_10_,
        user0_.profile_image as profile14_10_,
        user0_.res_red_number as res_red15_10_,
        user0_.score as score16_10_ 
    from
        user user0_
Hibernate: 
    select
        roles0_.user_id as user_id1_11_0_,
        roles0_.roles as roles2_11_0_ 
    from
        user_roles roles0_ 
    where
        roles0_.user_id=?
Hibernate: 
    select
        roles0_.user_id as user_id1_11_0_,
        roles0_.roles as roles2_11_0_ 
    from
        user_roles roles0_ 
    where
        roles0_.user_id=?
Hibernate: 
    select
        roles0_.user_id as user_id1_11_0_,
        roles0_.roles as roles2_11_0_ 
    from
        user_roles roles0_ 
    where
        roles0_.user_id=?
Hibernate: 
    select
        roles0_.user_id as user_id1_11_0_,
        roles0_.roles as roles2_11_0_ 
    from
        user_roles roles0_ 
    where
        roles0_.user_id=?
Hibernate: 
    select
        roles0_.user_id as user_id1_11_0_,
        roles0_.roles as roles2_11_0_ 
    from
        user_roles roles0_ 
    where
        roles0_.user_id=?
Hibernate: 
    select
        user0_.id as id1_10_,
        user0_.created_at as created_2_10_,
        user0_.updated_at as updated_3_10_,
        user0_.age as age4_10_,
        user0_.background_image as backgrou5_10_,
        user0_.email as email6_10_,
        user0_.gender as gender7_10_,
        user0_.hobby as hobby8_10_,
        user0_.introduce as introduc9_10_,
        user0_.job as job10_10_,
        user0_.name as name11_10_,
        user0_.nick_name as nick_na12_10_,
        user0_.phone_num as phone_n13_10_,
        user0_.profile_image as profile14_10_,
        user0_.res_red_number as res_red15_10_,
        user0_.score as score16_10_ 
    from
        user user0_
Hibernate: 
    select
        roles0_.user_id as user_id1_11_0_,
        roles0_.roles as roles2_11_0_ 
    from
        user_roles roles0_ 
    where
        roles0_.user_id=?
Hibernate: 
    select
        roles0_.user_id as user_id1_11_0_,
        roles0_.roles as roles2_11_0_ 
    from
        user_roles roles0_ 
    where
        roles0_.user_id=?
Hibernate: 
    select
        roles0_.user_id as user_id1_11_0_,
        roles0_.roles as roles2_11_0_ 
    from
        user_roles roles0_ 
    where
        roles0_.user_id=?
Hibernate: 
    select
        roles0_.user_id as user_id1_11_0_,
        roles0_.roles as roles2_11_0_ 
    from
        user_roles roles0_ 
    where
        roles0_.user_id=?
Hibernate: 
    select
        roles0_.user_id as user_id1_11_0_,
        roles0_.roles as roles2_11_0_ 
    from
        user_roles roles0_ 
    where
        roles0_.user_id=?
Hibernate: 
    insert 
    into
        story_pin_like
        (created_at, updated_at, story_pin_id, user_id) 
    values
        (?, ?, ?, ?)
Hibernate: 
    insert 
    into
        story_pin_comment
        (created_at, updated_at, content, story_pin_id, user_id) 
    values
        (?, ?, ?, ?, ?)
Hibernate: 
    select
        user0_.id as id1_10_,
        user0_.created_at as created_2_10_,
        user0_.updated_at as updated_3_10_,
        user0_.age as age4_10_,
        user0_.background_image as backgrou5_10_,
        user0_.email as email6_10_,
        user0_.gender as gender7_10_,
        user0_.hobby as hobby8_10_,
        user0_.introduce as introduc9_10_,
        user0_.job as job10_10_,
        user0_.name as name11_10_,
        user0_.nick_name as nick_na12_10_,
        user0_.phone_num as phone_n13_10_,
        user0_.profile_image as profile14_10_,
        user0_.res_red_number as res_red15_10_,
        user0_.score as score16_10_ 
    from
        user user0_
Hibernate: 
    select
        roles0_.user_id as user_id1_11_0_,
        roles0_.roles as roles2_11_0_ 
    from
        user_roles roles0_ 
    where
        roles0_.user_id=?
Hibernate: 
    select
        roles0_.user_id as user_id1_11_0_,
        roles0_.roles as roles2_11_0_ 
    from
        user_roles roles0_ 
    where
        roles0_.user_id=?
Hibernate: 
    select
        roles0_.user_id as user_id1_11_0_,
        roles0_.roles as roles2_11_0_ 
    from
        user_roles roles0_ 
    where
        roles0_.user_id=?
Hibernate: 
    select
        roles0_.user_id as user_id1_11_0_,
        roles0_.roles as roles2_11_0_ 
    from
        user_roles roles0_ 
    where
        roles0_.user_id=?
Hibernate: 
    select
        roles0_.user_id as user_id1_11_0_,
        roles0_.roles as roles2_11_0_ 
    from
        user_roles roles0_ 
    where
        roles0_.user_id=?
Hibernate: 
    select
        user0_.id as id1_10_,
        user0_.created_at as created_2_10_,
        user0_.updated_at as updated_3_10_,
        user0_.age as age4_10_,
        user0_.background_image as backgrou5_10_,
        user0_.email as email6_10_,
        user0_.gender as gender7_10_,
        user0_.hobby as hobby8_10_,
        user0_.introduce as introduc9_10_,
        user0_.job as job10_10_,
        user0_.name as name11_10_,
        user0_.nick_name as nick_na12_10_,
        user0_.phone_num as phone_n13_10_,
        user0_.profile_image as profile14_10_,
        user0_.res_red_number as res_red15_10_,
        user0_.score as score16_10_ 
    from
        user user0_
Hibernate: 
    select
        roles0_.user_id as user_id1_11_0_,
        roles0_.roles as roles2_11_0_ 
    from
        user_roles roles0_ 
    where
        roles0_.user_id=?
Hibernate: 
    select
        roles0_.user_id as user_id1_11_0_,
        roles0_.roles as roles2_11_0_ 
    from
        user_roles roles0_ 
    where
        roles0_.user_id=?
Hibernate: 
    select
        roles0_.user_id as user_id1_11_0_,
        roles0_.roles as roles2_11_0_ 
    from
        user_roles roles0_ 
    where
        roles0_.user_id=?
Hibernate: 
    select
        roles0_.user_id as user_id1_11_0_,
        roles0_.roles as roles2_11_0_ 
    from
        user_roles roles0_ 
    where
        roles0_.user_id=?
Hibernate: 
    select
        roles0_.user_id as user_id1_11_0_,
        roles0_.roles as roles2_11_0_ 
    from
        user_roles roles0_ 
    where
        roles0_.user_id=?
Hibernate: 
    insert 
    into
        story_pin_like
        (created_at, updated_at, story_pin_id, user_id) 
    values
        (?, ?, ?, ?)
Hibernate: 
    insert 
    into
        story_pin_comment
        (created_at, updated_at, content, story_pin_id, user_id) 
    values
        (?, ?, ?, ?, ?)
Hibernate: 
    select
        user0_.id as id1_10_,
        user0_.created_at as created_2_10_,
        user0_.updated_at as updated_3_10_,
        user0_.age as age4_10_,
        user0_.background_image as backgrou5_10_,
        user0_.email as email6_10_,
        user0_.gender as gender7_10_,
        user0_.hobby as hobby8_10_,
        user0_.introduce as introduc9_10_,
        user0_.job as job10_10_,
        user0_.name as name11_10_,
        user0_.nick_name as nick_na12_10_,
        user0_.phone_num as phone_n13_10_,
        user0_.profile_image as profile14_10_,
        user0_.res_red_number as res_red15_10_,
        user0_.score as score16_10_ 
    from
        user user0_
Hibernate: 
    select
        roles0_.user_id as user_id1_11_0_,
        roles0_.roles as roles2_11_0_ 
    from
        user_roles roles0_ 
    where
        roles0_.user_id=?
Hibernate: 
    select
        roles0_.user_id as user_id1_11_0_,
        roles0_.roles as roles2_11_0_ 
    from
        user_roles roles0_ 
    where
        roles0_.user_id=?
Hibernate: 
    select
        roles0_.user_id as user_id1_11_0_,
        roles0_.roles as roles2_11_0_ 
    from
        user_roles roles0_ 
    where
        roles0_.user_id=?
Hibernate: 
    select
        roles0_.user_id as user_id1_11_0_,
        roles0_.roles as roles2_11_0_ 
    from
        user_roles roles0_ 
    where
        roles0_.user_id=?
Hibernate: 
    select
        roles0_.user_id as user_id1_11_0_,
        roles0_.roles as roles2_11_0_ 
    from
        user_roles roles0_ 
    where
        roles0_.user_id=?
Hibernate: 
    select
        user0_.id as id1_10_,
        user0_.created_at as created_2_10_,
        user0_.updated_at as updated_3_10_,
        user0_.age as age4_10_,
        user0_.background_image as backgrou5_10_,
        user0_.email as email6_10_,
        user0_.gender as gender7_10_,
        user0_.hobby as hobby8_10_,
        user0_.introduce as introduc9_10_,
        user0_.job as job10_10_,
        user0_.name as name11_10_,
        user0_.nick_name as nick_na12_10_,
        user0_.phone_num as phone_n13_10_,
        user0_.profile_image as profile14_10_,
        user0_.res_red_number as res_red15_10_,
        user0_.score as score16_10_ 
    from
        user user0_
Hibernate: 
    select
        roles0_.user_id as user_id1_11_0_,
        roles0_.roles as roles2_11_0_ 
    from
        user_roles roles0_ 
    where
        roles0_.user_id=?
Hibernate: 
    select
        roles0_.user_id as user_id1_11_0_,
        roles0_.roles as roles2_11_0_ 
    from
        user_roles roles0_ 
    where
        roles0_.user_id=?
Hibernate: 
    select
        roles0_.user_id as user_id1_11_0_,
        roles0_.roles as roles2_11_0_ 
    from
        user_roles roles0_ 
    where
        roles0_.user_id=?
Hibernate: 
    select
        roles0_.user_id as user_id1_11_0_,
        roles0_.roles as roles2_11_0_ 
    from
        user_roles roles0_ 
    where
        roles0_.user_id=?
Hibernate: 
    select
        roles0_.user_id as user_id1_11_0_,
        roles0_.roles as roles2_11_0_ 
    from
        user_roles roles0_ 
    where
        roles0_.user_id=?
Hibernate: 
    insert 
    into
        story_pin_like
        (created_at, updated_at, story_pin_id, user_id) 
    values
        (?, ?, ?, ?)
Hibernate: 
    insert 
    into
        story_pin_comment
        (created_at, updated_at, content, story_pin_id, user_id) 
    values
        (?, ?, ?, ?, ?)
Hibernate: 
    select
        user0_.id as id1_10_,
        user0_.created_at as created_2_10_,
        user0_.updated_at as updated_3_10_,
        user0_.age as age4_10_,
        user0_.background_image as backgrou5_10_,
        user0_.email as email6_10_,
        user0_.gender as gender7_10_,
        user0_.hobby as hobby8_10_,
        user0_.introduce as introduc9_10_,
        user0_.job as job10_10_,
        user0_.name as name11_10_,
        user0_.nick_name as nick_na12_10_,
        user0_.phone_num as phone_n13_10_,
        user0_.profile_image as profile14_10_,
        user0_.res_red_number as res_red15_10_,
        user0_.score as score16_10_ 
    from
        user user0_
Hibernate: 
    select
        roles0_.user_id as user_id1_11_0_,
        roles0_.roles as roles2_11_0_ 
    from
        user_roles roles0_ 
    where
        roles0_.user_id=?
Hibernate: 
    select
        roles0_.user_id as user_id1_11_0_,
        roles0_.roles as roles2_11_0_ 
    from
        user_roles roles0_ 
    where
        roles0_.user_id=?
Hibernate: 
    select
        roles0_.user_id as user_id1_11_0_,
        roles0_.roles as roles2_11_0_ 
    from
        user_roles roles0_ 
    where
        roles0_.user_id=?
Hibernate: 
    select
        roles0_.user_id as user_id1_11_0_,
        roles0_.roles as roles2_11_0_ 
    from
        user_roles roles0_ 
    where
        roles0_.user_id=?
Hibernate: 
    select
        roles0_.user_id as user_id1_11_0_,
        roles0_.roles as roles2_11_0_ 
    from
        user_roles roles0_ 
    where
        roles0_.user_id=?
Hibernate: 
    select
        user0_.id as id1_10_,
        user0_.created_at as created_2_10_,
        user0_.updated_at as updated_3_10_,
        user0_.age as age4_10_,
        user0_.background_image as backgrou5_10_,
        user0_.email as email6_10_,
        user0_.gender as gender7_10_,
        user0_.hobby as hobby8_10_,
        user0_.introduce as introduc9_10_,
        user0_.job as job10_10_,
        user0_.name as name11_10_,
        user0_.nick_name as nick_na12_10_,
        user0_.phone_num as phone_n13_10_,
        user0_.profile_image as profile14_10_,
        user0_.res_red_number as res_red15_10_,
        user0_.score as score16_10_ 
    from
        user user0_
Hibernate: 
    select
        roles0_.user_id as user_id1_11_0_,
        roles0_.roles as roles2_11_0_ 
    from
        user_roles roles0_ 
    where
        roles0_.user_id=?
Hibernate: 
    select
        roles0_.user_id as user_id1_11_0_,
        roles0_.roles as roles2_11_0_ 
    from
        user_roles roles0_ 
    where
        roles0_.user_id=?
Hibernate: 
    select
        roles0_.user_id as user_id1_11_0_,
        roles0_.roles as roles2_11_0_ 
    from
        user_roles roles0_ 
    where
        roles0_.user_id=?
Hibernate: 
    select
        roles0_.user_id as user_id1_11_0_,
        roles0_.roles as roles2_11_0_ 
    from
        user_roles roles0_ 
    where
        roles0_.user_id=?
Hibernate: 
    select
        roles0_.user_id as user_id1_11_0_,
        roles0_.roles as roles2_11_0_ 
    from
        user_roles roles0_ 
    where
        roles0_.user_id=?
Hibernate: 
    insert 
    into
        story_pin_like
        (created_at, updated_at, story_pin_id, user_id) 
    values
        (?, ?, ?, ?)
Hibernate: 
    insert 
    into
        story_pin_comment
        (created_at, updated_at, content, story_pin_id, user_id) 
    values
        (?, ?, ?, ?, ?)
Hibernate: 
    select
        user0_.id as id1_10_,
        user0_.created_at as created_2_10_,
        user0_.updated_at as updated_3_10_,
        user0_.age as age4_10_,
        user0_.background_image as backgrou5_10_,
        user0_.email as email6_10_,
        user0_.gender as gender7_10_,
        user0_.hobby as hobby8_10_,
        user0_.introduce as introduc9_10_,
        user0_.job as job10_10_,
        user0_.name as name11_10_,
        user0_.nick_name as nick_na12_10_,
        user0_.phone_num as phone_n13_10_,
        user0_.profile_image as profile14_10_,
        user0_.res_red_number as res_red15_10_,
        user0_.score as score16_10_ 
    from
        user user0_
Hibernate: 
    select
        roles0_.user_id as user_id1_11_0_,
        roles0_.roles as roles2_11_0_ 
    from
        user_roles roles0_ 
    where
        roles0_.user_id=?
Hibernate: 
    select
        roles0_.user_id as user_id1_11_0_,
        roles0_.roles as roles2_11_0_ 
    from
        user_roles roles0_ 
    where
        roles0_.user_id=?
Hibernate: 
    select
        roles0_.user_id as user_id1_11_0_,
        roles0_.roles as roles2_11_0_ 
    from
        user_roles roles0_ 
    where
        roles0_.user_id=?
Hibernate: 
    select
        roles0_.user_id as user_id1_11_0_,
        roles0_.roles as roles2_11_0_ 
    from
        user_roles roles0_ 
    where
        roles0_.user_id=?
Hibernate: 
    select
        roles0_.user_id as user_id1_11_0_,
        roles0_.roles as roles2_11_0_ 
    from
        user_roles roles0_ 
    where
        roles0_.user_id=?
Hibernate: 
    select
        user0_.id as id1_10_,
        user0_.created_at as created_2_10_,
        user0_.updated_at as updated_3_10_,
        user0_.age as age4_10_,
        user0_.background_image as backgrou5_10_,
        user0_.email as email6_10_,
        user0_.gender as gender7_10_,
        user0_.hobby as hobby8_10_,
        user0_.introduce as introduc9_10_,
        user0_.job as job10_10_,
        user0_.name as name11_10_,
        user0_.nick_name as nick_na12_10_,
        user0_.phone_num as phone_n13_10_,
        user0_.profile_image as profile14_10_,
        user0_.res_red_number as res_red15_10_,
        user0_.score as score16_10_ 
    from
        user user0_
Hibernate: 
    select
        roles0_.user_id as user_id1_11_0_,
        roles0_.roles as roles2_11_0_ 
    from
        user_roles roles0_ 
    where
        roles0_.user_id=?
Hibernate: 
    select
        roles0_.user_id as user_id1_11_0_,
        roles0_.roles as roles2_11_0_ 
    from
        user_roles roles0_ 
    where
        roles0_.user_id=?
Hibernate: 
    select
        roles0_.user_id as user_id1_11_0_,
        roles0_.roles as roles2_11_0_ 
    from
        user_roles roles0_ 
    where
        roles0_.user_id=?
Hibernate: 
    select
        roles0_.user_id as user_id1_11_0_,
        roles0_.roles as roles2_11_0_ 
    from
        user_roles roles0_ 
    where
        roles0_.user_id=?
Hibernate: 
    select
        roles0_.user_id as user_id1_11_0_,
        roles0_.roles as roles2_11_0_ 
    from
        user_roles roles0_ 
    where
        roles0_.user_id=?
Hibernate: 
    insert 
    into
        story_pin_like
        (created_at, updated_at, story_pin_id, user_id) 
    values
        (?, ?, ?, ?)
Hibernate: 
    insert 
    into
        story_pin_comment
        (created_at, updated_at, content, story_pin_id, user_id) 
    values
        (?, ?, ?, ?, ?)
Hibernate: 
    select
        user0_.id as id1_10_,
        user0_.created_at as created_2_10_,
        user0_.updated_at as updated_3_10_,
        user0_.age as age4_10_,
        user0_.background_image as backgrou5_10_,
        user0_.email as email6_10_,
        user0_.gender as gender7_10_,
        user0_.hobby as hobby8_10_,
        user0_.introduce as introduc9_10_,
        user0_.job as job10_10_,
        user0_.name as name11_10_,
        user0_.nick_name as nick_na12_10_,
        user0_.phone_num as phone_n13_10_,
        user0_.profile_image as profile14_10_,
        user0_.res_red_number as res_red15_10_,
        user0_.score as score16_10_ 
    from
        user user0_
Hibernate: 
    select
        roles0_.user_id as user_id1_11_0_,
        roles0_.roles as roles2_11_0_ 
    from
        user_roles roles0_ 
    where
        roles0_.user_id=?
Hibernate: 
    select
        roles0_.user_id as user_id1_11_0_,
        roles0_.roles as roles2_11_0_ 
    from
        user_roles roles0_ 
    where
        roles0_.user_id=?
Hibernate: 
    select
        roles0_.user_id as user_id1_11_0_,
        roles0_.roles as roles2_11_0_ 
    from
        user_roles roles0_ 
    where
        roles0_.user_id=?
Hibernate: 
    select
        roles0_.user_id as user_id1_11_0_,
        roles0_.roles as roles2_11_0_ 
    from
        user_roles roles0_ 
    where
        roles0_.user_id=?
Hibernate: 
    select
        roles0_.user_id as user_id1_11_0_,
        roles0_.roles as roles2_11_0_ 
    from
        user_roles roles0_ 
    where
        roles0_.user_id=?
Hibernate: 
    select
        user0_.id as id1_10_,
        user0_.created_at as created_2_10_,
        user0_.updated_at as updated_3_10_,
        user0_.age as age4_10_,
        user0_.background_image as backgrou5_10_,
        user0_.email as email6_10_,
        user0_.gender as gender7_10_,
        user0_.hobby as hobby8_10_,
        user0_.introduce as introduc9_10_,
        user0_.job as job10_10_,
        user0_.name as name11_10_,
        user0_.nick_name as nick_na12_10_,
        user0_.phone_num as phone_n13_10_,
        user0_.profile_image as profile14_10_,
        user0_.res_red_number as res_red15_10_,
        user0_.score as score16_10_ 
    from
        user user0_
Hibernate: 
    select
        roles0_.user_id as user_id1_11_0_,
        roles0_.roles as roles2_11_0_ 
    from
        user_roles roles0_ 
    where
        roles0_.user_id=?
Hibernate: 
    select
        roles0_.user_id as user_id1_11_0_,
        roles0_.roles as roles2_11_0_ 
    from
        user_roles roles0_ 
    where
        roles0_.user_id=?
Hibernate: 
    select
        roles0_.user_id as user_id1_11_0_,
        roles0_.roles as roles2_11_0_ 
    from
        user_roles roles0_ 
    where
        roles0_.user_id=?
Hibernate: 
    select
        roles0_.user_id as user_id1_11_0_,
        roles0_.roles as roles2_11_0_ 
    from
        user_roles roles0_ 
    where
        roles0_.user_id=?
Hibernate: 
    select
        roles0_.user_id as user_id1_11_0_,
        roles0_.roles as roles2_11_0_ 
    from
        user_roles roles0_ 
    where
        roles0_.user_id=?
Hibernate: 
    insert 
    into
        story_pin_like
        (created_at, updated_at, story_pin_id, user_id) 
    values
        (?, ?, ?, ?)
Hibernate: 
    insert 
    into
        story_pin_comment
        (created_at, updated_at, content, story_pin_id, user_id) 
    values
        (?, ?, ?, ?, ?)
Hibernate: 
    select
        user0_.id as id1_10_,
        user0_.created_at as created_2_10_,
        user0_.updated_at as updated_3_10_,
        user0_.age as age4_10_,
        user0_.background_image as backgrou5_10_,
        user0_.email as email6_10_,
        user0_.gender as gender7_10_,
        user0_.hobby as hobby8_10_,
        user0_.introduce as introduc9_10_,
        user0_.job as job10_10_,
        user0_.name as name11_10_,
        user0_.nick_name as nick_na12_10_,
        user0_.phone_num as phone_n13_10_,
        user0_.profile_image as profile14_10_,
        user0_.res_red_number as res_red15_10_,
        user0_.score as score16_10_ 
    from
        user user0_
Hibernate: 
    select
        roles0_.user_id as user_id1_11_0_,
        roles0_.roles as roles2_11_0_ 
    from
        user_roles roles0_ 
    where
        roles0_.user_id=?
Hibernate: 
    select
        roles0_.user_id as user_id1_11_0_,
        roles0_.roles as roles2_11_0_ 
    from
        user_roles roles0_ 
    where
        roles0_.user_id=?
Hibernate: 
    select
        roles0_.user_id as user_id1_11_0_,
        roles0_.roles as roles2_11_0_ 
    from
        user_roles roles0_ 
    where
        roles0_.user_id=?
Hibernate: 
    select
        roles0_.user_id as user_id1_11_0_,
        roles0_.roles as roles2_11_0_ 
    from
        user_roles roles0_ 
    where
        roles0_.user_id=?
Hibernate: 
    select
        roles0_.user_id as user_id1_11_0_,
        roles0_.roles as roles2_11_0_ 
    from
        user_roles roles0_ 
    where
        roles0_.user_id=?
Hibernate: 
    select
        user0_.id as id1_10_,
        user0_.created_at as created_2_10_,
        user0_.updated_at as updated_3_10_,
        user0_.age as age4_10_,
        user0_.background_image as backgrou5_10_,
        user0_.email as email6_10_,
        user0_.gender as gender7_10_,
        user0_.hobby as hobby8_10_,
        user0_.introduce as introduc9_10_,
        user0_.job as job10_10_,
        user0_.name as name11_10_,
        user0_.nick_name as nick_na12_10_,
        user0_.phone_num as phone_n13_10_,
        user0_.profile_image as profile14_10_,
        user0_.res_red_number as res_red15_10_,
        user0_.score as score16_10_ 
    from
        user user0_
Hibernate: 
    select
        roles0_.user_id as user_id1_11_0_,
        roles0_.roles as roles2_11_0_ 
    from
        user_roles roles0_ 
    where
        roles0_.user_id=?
Hibernate: 
    select
        roles0_.user_id as user_id1_11_0_,
        roles0_.roles as roles2_11_0_ 
    from
        user_roles roles0_ 
    where
        roles0_.user_id=?
Hibernate: 
    select
        roles0_.user_id as user_id1_11_0_,
        roles0_.roles as roles2_11_0_ 
    from
        user_roles roles0_ 
    where
        roles0_.user_id=?
Hibernate: 
    select
        roles0_.user_id as user_id1_11_0_,
        roles0_.roles as roles2_11_0_ 
    from
        user_roles roles0_ 
    where
        roles0_.user_id=?
Hibernate: 
    select
        roles0_.user_id as user_id1_11_0_,
        roles0_.roles as roles2_11_0_ 
    from
        user_roles roles0_ 
    where
        roles0_.user_id=?
Hibernate: 
    insert 
    into
        story_pin_like
        (created_at, updated_at, story_pin_id, user_id) 
    values
        (?, ?, ?, ?)
Hibernate: 
    insert 
    into
        story_pin_comment
        (created_at, updated_at, content, story_pin_id, user_id) 
    values
        (?, ?, ?, ?, ?)
Hibernate: 
    select
        user0_.id as id1_10_,
        user0_.created_at as created_2_10_,
        user0_.updated_at as updated_3_10_,
        user0_.age as age4_10_,
        user0_.background_image as backgrou5_10_,
        user0_.email as email6_10_,
        user0_.gender as gender7_10_,
        user0_.hobby as hobby8_10_,
        user0_.introduce as introduc9_10_,
        user0_.job as job10_10_,
        user0_.name as name11_10_,
        user0_.nick_name as nick_na12_10_,
        user0_.phone_num as phone_n13_10_,
        user0_.profile_image as profile14_10_,
        user0_.res_red_number as res_red15_10_,
        user0_.score as score16_10_ 
    from
        user user0_
Hibernate: 
    select
        roles0_.user_id as user_id1_11_0_,
        roles0_.roles as roles2_11_0_ 
    from
        user_roles roles0_ 
    where
        roles0_.user_id=?
Hibernate: 
    select
        roles0_.user_id as user_id1_11_0_,
        roles0_.roles as roles2_11_0_ 
    from
        user_roles roles0_ 
    where
        roles0_.user_id=?
Hibernate: 
    select
        roles0_.user_id as user_id1_11_0_,
        roles0_.roles as roles2_11_0_ 
    from
        user_roles roles0_ 
    where
        roles0_.user_id=?
Hibernate: 
    select
        roles0_.user_id as user_id1_11_0_,
        roles0_.roles as roles2_11_0_ 
    from
        user_roles roles0_ 
    where
        roles0_.user_id=?
Hibernate: 
    select
        roles0_.user_id as user_id1_11_0_,
        roles0_.roles as roles2_11_0_ 
    from
        user_roles roles0_ 
    where
        roles0_.user_id=?
Hibernate: 
    select
        user0_.id as id1_10_,
        user0_.created_at as created_2_10_,
        user0_.updated_at as updated_3_10_,
        user0_.age as age4_10_,
        user0_.background_image as backgrou5_10_,
        user0_.email as email6_10_,
        user0_.gender as gender7_10_,
        user0_.hobby as hobby8_10_,
        user0_.introduce as introduc9_10_,
        user0_.job as job10_10_,
        user0_.name as name11_10_,
        user0_.nick_name as nick_na12_10_,
        user0_.phone_num as phone_n13_10_,
        user0_.profile_image as profile14_10_,
        user0_.res_red_number as res_red15_10_,
        user0_.score as score16_10_ 
    from
        user user0_
Hibernate: 
    select
        roles0_.user_id as user_id1_11_0_,
        roles0_.roles as roles2_11_0_ 
    from
        user_roles roles0_ 
    where
        roles0_.user_id=?
Hibernate: 
    select
        roles0_.user_id as user_id1_11_0_,
        roles0_.roles as roles2_11_0_ 
    from
        user_roles roles0_ 
    where
        roles0_.user_id=?
Hibernate: 
    select
        roles0_.user_id as user_id1_11_0_,
        roles0_.roles as roles2_11_0_ 
    from
        user_roles roles0_ 
    where
        roles0_.user_id=?
Hibernate: 
    select
        roles0_.user_id as user_id1_11_0_,
        roles0_.roles as roles2_11_0_ 
    from
        user_roles roles0_ 
    where
        roles0_.user_id=?
Hibernate: 
    select
        roles0_.user_id as user_id1_11_0_,
        roles0_.roles as roles2_11_0_ 
    from
        user_roles roles0_ 
    where
        roles0_.user_id=?
Hibernate: 
    insert 
    into
        story_pin_like
        (created_at, updated_at, story_pin_id, user_id) 
    values
        (?, ?, ?, ?)
Hibernate: 
    insert 
    into
        story_pin_comment
        (created_at, updated_at, content, story_pin_id, user_id) 
    values
        (?, ?, ?, ?, ?)
Hibernate: 
    select
        user0_.id as id1_10_,
        user0_.created_at as created_2_10_,
        user0_.updated_at as updated_3_10_,
        user0_.age as age4_10_,
        user0_.background_image as backgrou5_10_,
        user0_.email as email6_10_,
        user0_.gender as gender7_10_,
        user0_.hobby as hobby8_10_,
        user0_.introduce as introduc9_10_,
        user0_.job as job10_10_,
        user0_.name as name11_10_,
        user0_.nick_name as nick_na12_10_,
        user0_.phone_num as phone_n13_10_,
        user0_.profile_image as profile14_10_,
        user0_.res_red_number as res_red15_10_,
        user0_.score as score16_10_ 
    from
        user user0_
Hibernate: 
    select
        roles0_.user_id as user_id1_11_0_,
        roles0_.roles as roles2_11_0_ 
    from
        user_roles roles0_ 
    where
        roles0_.user_id=?
Hibernate: 
    select
        roles0_.user_id as user_id1_11_0_,
        roles0_.roles as roles2_11_0_ 
    from
        user_roles roles0_ 
    where
        roles0_.user_id=?
Hibernate: 
    select
        roles0_.user_id as user_id1_11_0_,
        roles0_.roles as roles2_11_0_ 
    from
        user_roles roles0_ 
    where
        roles0_.user_id=?
Hibernate: 
    select
        roles0_.user_id as user_id1_11_0_,
        roles0_.roles as roles2_11_0_ 
    from
        user_roles roles0_ 
    where
        roles0_.user_id=?
Hibernate: 
    select
        roles0_.user_id as user_id1_11_0_,
        roles0_.roles as roles2_11_0_ 
    from
        user_roles roles0_ 
    where
        roles0_.user_id=?
Hibernate: 
    select
        user0_.id as id1_10_,
        user0_.created_at as created_2_10_,
        user0_.updated_at as updated_3_10_,
        user0_.age as age4_10_,
        user0_.background_image as backgrou5_10_,
        user0_.email as email6_10_,
        user0_.gender as gender7_10_,
        user0_.hobby as hobby8_10_,
        user0_.introduce as introduc9_10_,
        user0_.job as job10_10_,
        user0_.name as name11_10_,
        user0_.nick_name as nick_na12_10_,
        user0_.phone_num as phone_n13_10_,
        user0_.profile_image as profile14_10_,
        user0_.res_red_number as res_red15_10_,
        user0_.score as score16_10_ 
    from
        user user0_
Hibernate: 
    select
        roles0_.user_id as user_id1_11_0_,
        roles0_.roles as roles2_11_0_ 
    from
        user_roles roles0_ 
    where
        roles0_.user_id=?
Hibernate: 
    select
        roles0_.user_id as user_id1_11_0_,
        roles0_.roles as roles2_11_0_ 
    from
        user_roles roles0_ 
    where
        roles0_.user_id=?
Hibernate: 
    select
        roles0_.user_id as user_id1_11_0_,
        roles0_.roles as roles2_11_0_ 
    from
        user_roles roles0_ 
    where
        roles0_.user_id=?
Hibernate: 
    select
        roles0_.user_id as user_id1_11_0_,
        roles0_.roles as roles2_11_0_ 
    from
        user_roles roles0_ 
    where
        roles0_.user_id=?
Hibernate: 
    select
        roles0_.user_id as user_id1_11_0_,
        roles0_.roles as roles2_11_0_ 
    from
        user_roles roles0_ 
    where
        roles0_.user_id=?
Hibernate: 
    insert 
    into
        story_pin_like
        (created_at, updated_at, story_pin_id, user_id) 
    values
        (?, ?, ?, ?)
Hibernate: 
    insert 
    into
        story_pin_comment
        (created_at, updated_at, content, story_pin_id, user_id) 
    values
        (?, ?, ?, ?, ?)
Hibernate: 
    select
        user0_.id as id1_10_,
        user0_.created_at as created_2_10_,
        user0_.updated_at as updated_3_10_,
        user0_.age as age4_10_,
        user0_.background_image as backgrou5_10_,
        user0_.email as email6_10_,
        user0_.gender as gender7_10_,
        user0_.hobby as hobby8_10_,
        user0_.introduce as introduc9_10_,
        user0_.job as job10_10_,
        user0_.name as name11_10_,
        user0_.nick_name as nick_na12_10_,
        user0_.phone_num as phone_n13_10_,
        user0_.profile_image as profile14_10_,
        user0_.res_red_number as res_red15_10_,
        user0_.score as score16_10_ 
    from
        user user0_
Hibernate: 
    select
        roles0_.user_id as user_id1_11_0_,
        roles0_.roles as roles2_11_0_ 
    from
        user_roles roles0_ 
    where
        roles0_.user_id=?
Hibernate: 
    select
        roles0_.user_id as user_id1_11_0_,
        roles0_.roles as roles2_11_0_ 
    from
        user_roles roles0_ 
    where
        roles0_.user_id=?
Hibernate: 
    select
        roles0_.user_id as user_id1_11_0_,
        roles0_.roles as roles2_11_0_ 
    from
        user_roles roles0_ 
    where
        roles0_.user_id=?
Hibernate: 
    select
        roles0_.user_id as user_id1_11_0_,
        roles0_.roles as roles2_11_0_ 
    from
        user_roles roles0_ 
    where
        roles0_.user_id=?
Hibernate: 
    select
        roles0_.user_id as user_id1_11_0_,
        roles0_.roles as roles2_11_0_ 
    from
        user_roles roles0_ 
    where
        roles0_.user_id=?
Hibernate: 
    select
        user0_.id as id1_10_,
        user0_.created_at as created_2_10_,
        user0_.updated_at as updated_3_10_,
        user0_.age as age4_10_,
        user0_.background_image as backgrou5_10_,
        user0_.email as email6_10_,
        user0_.gender as gender7_10_,
        user0_.hobby as hobby8_10_,
        user0_.introduce as introduc9_10_,
        user0_.job as job10_10_,
        user0_.name as name11_10_,
        user0_.nick_name as nick_na12_10_,
        user0_.phone_num as phone_n13_10_,
        user0_.profile_image as profile14_10_,
        user0_.res_red_number as res_red15_10_,
        user0_.score as score16_10_ 
    from
        user user0_
Hibernate: 
    select
        roles0_.user_id as user_id1_11_0_,
        roles0_.roles as roles2_11_0_ 
    from
        user_roles roles0_ 
    where
        roles0_.user_id=?
Hibernate: 
    select
        roles0_.user_id as user_id1_11_0_,
        roles0_.roles as roles2_11_0_ 
    from
        user_roles roles0_ 
    where
        roles0_.user_id=?
Hibernate: 
    select
        roles0_.user_id as user_id1_11_0_,
        roles0_.roles as roles2_11_0_ 
    from
        user_roles roles0_ 
    where
        roles0_.user_id=?
Hibernate: 
    select
        roles0_.user_id as user_id1_11_0_,
        roles0_.roles as roles2_11_0_ 
    from
        user_roles roles0_ 
    where
        roles0_.user_id=?
Hibernate: 
    select
        roles0_.user_id as user_id1_11_0_,
        roles0_.roles as roles2_11_0_ 
    from
        user_roles roles0_ 
    where
        roles0_.user_id=?
Hibernate: 
    insert 
    into
        story_pin_like
        (created_at, updated_at, story_pin_id, user_id) 
    values
        (?, ?, ?, ?)
Hibernate: 
    insert 
    into
        story_pin_comment
        (created_at, updated_at, content, story_pin_id, user_id) 
    values
        (?, ?, ?, ?, ?)
]]></system-out>
  <system-err><![CDATA[]]></system-err>
</testsuite>
